[2021-06-15 03:25:25,463] {scheduler_job.py:182} INFO - Started process (PID=82) to work on /home/airflow/.local/lib/python3.6/site-packages/airflow/example_dags/example_latest_only_with_trigger.py
[2021-06-15 03:25:25,471] {scheduler_job.py:633} INFO - Processing file /home/airflow/.local/lib/python3.6/site-packages/airflow/example_dags/example_latest_only_with_trigger.py for tasks to queue
[2021-06-15 03:25:25,477] {logging_mixin.py:104} INFO - [2021-06-15 03:25:25,476] {dagbag.py:487} INFO - Filling up the DagBag from /home/airflow/.local/lib/python3.6/site-packages/airflow/example_dags/example_latest_only_with_trigger.py
[2021-06-15 03:25:25,532] {scheduler_job.py:643} INFO - DAG(s) dict_keys(['latest_only_with_trigger']) retrieved from /home/airflow/.local/lib/python3.6/site-packages/airflow/example_dags/example_latest_only_with_trigger.py
[2021-06-15 03:25:26,385] {logging_mixin.py:104} INFO - [2021-06-15 03:25:26,384] {dag.py:1832} INFO - Sync 1 DAGs
[2021-06-15 03:25:26,446] {logging_mixin.py:104} INFO - [2021-06-15 03:25:26,446] {dag.py:2305} INFO - Setting next_dagrun for latest_only_with_trigger to 2021-06-13 00:00:00+00:00
[2021-06-15 03:25:26,498] {scheduler_job.py:190} INFO - Processing /home/airflow/.local/lib/python3.6/site-packages/airflow/example_dags/example_latest_only_with_trigger.py took 1.049 seconds
[2021-06-15 03:25:58,401] {scheduler_job.py:182} INFO - Started process (PID=143) to work on /home/airflow/.local/lib/python3.6/site-packages/airflow/example_dags/example_latest_only_with_trigger.py
[2021-06-15 03:25:58,415] {scheduler_job.py:633} INFO - Processing file /home/airflow/.local/lib/python3.6/site-packages/airflow/example_dags/example_latest_only_with_trigger.py for tasks to queue
[2021-06-15 03:25:58,432] {logging_mixin.py:104} INFO - [2021-06-15 03:25:58,429] {dagbag.py:487} INFO - Filling up the DagBag from /home/airflow/.local/lib/python3.6/site-packages/airflow/example_dags/example_latest_only_with_trigger.py
[2021-06-15 03:25:58,625] {scheduler_job.py:643} INFO - DAG(s) dict_keys(['latest_only_with_trigger']) retrieved from /home/airflow/.local/lib/python3.6/site-packages/airflow/example_dags/example_latest_only_with_trigger.py
[2021-06-15 03:25:58,786] {logging_mixin.py:104} INFO - [2021-06-15 03:25:58,786] {dag.py:1832} INFO - Sync 1 DAGs
[2021-06-15 03:25:58,886] {logging_mixin.py:104} INFO - [2021-06-15 03:25:58,885] {dag.py:2305} INFO - Setting next_dagrun for latest_only_with_trigger to 2021-06-13 00:00:00+00:00
[2021-06-15 03:25:58,962] {scheduler_job.py:190} INFO - Processing /home/airflow/.local/lib/python3.6/site-packages/airflow/example_dags/example_latest_only_with_trigger.py took 0.602 seconds
[2021-06-15 03:26:29,396] {scheduler_job.py:182} INFO - Started process (PID=211) to work on /home/airflow/.local/lib/python3.6/site-packages/airflow/example_dags/example_latest_only_with_trigger.py
[2021-06-15 03:26:29,403] {scheduler_job.py:633} INFO - Processing file /home/airflow/.local/lib/python3.6/site-packages/airflow/example_dags/example_latest_only_with_trigger.py for tasks to queue
[2021-06-15 03:26:29,410] {logging_mixin.py:104} INFO - [2021-06-15 03:26:29,409] {dagbag.py:487} INFO - Filling up the DagBag from /home/airflow/.local/lib/python3.6/site-packages/airflow/example_dags/example_latest_only_with_trigger.py
[2021-06-15 03:26:29,490] {scheduler_job.py:643} INFO - DAG(s) dict_keys(['latest_only_with_trigger']) retrieved from /home/airflow/.local/lib/python3.6/site-packages/airflow/example_dags/example_latest_only_with_trigger.py
[2021-06-15 03:26:29,611] {logging_mixin.py:104} INFO - [2021-06-15 03:26:29,611] {dag.py:1832} INFO - Sync 1 DAGs
[2021-06-15 03:26:29,684] {logging_mixin.py:104} INFO - [2021-06-15 03:26:29,684] {dag.py:2305} INFO - Setting next_dagrun for latest_only_with_trigger to 2021-06-13 00:00:00+00:00
[2021-06-15 03:26:29,737] {scheduler_job.py:190} INFO - Processing /home/airflow/.local/lib/python3.6/site-packages/airflow/example_dags/example_latest_only_with_trigger.py took 0.359 seconds
[2021-06-15 03:26:59,956] {scheduler_job.py:182} INFO - Started process (PID=269) to work on /home/airflow/.local/lib/python3.6/site-packages/airflow/example_dags/example_latest_only_with_trigger.py
[2021-06-15 03:26:59,967] {scheduler_job.py:633} INFO - Processing file /home/airflow/.local/lib/python3.6/site-packages/airflow/example_dags/example_latest_only_with_trigger.py for tasks to queue
[2021-06-15 03:26:59,973] {logging_mixin.py:104} INFO - [2021-06-15 03:26:59,972] {dagbag.py:487} INFO - Filling up the DagBag from /home/airflow/.local/lib/python3.6/site-packages/airflow/example_dags/example_latest_only_with_trigger.py
[2021-06-15 03:27:00,033] {scheduler_job.py:643} INFO - DAG(s) dict_keys(['latest_only_with_trigger']) retrieved from /home/airflow/.local/lib/python3.6/site-packages/airflow/example_dags/example_latest_only_with_trigger.py
[2021-06-15 03:27:00,148] {logging_mixin.py:104} INFO - [2021-06-15 03:27:00,147] {dag.py:1832} INFO - Sync 1 DAGs
[2021-06-15 03:27:00,223] {logging_mixin.py:104} INFO - [2021-06-15 03:27:00,223] {dag.py:2305} INFO - Setting next_dagrun for latest_only_with_trigger to 2021-06-13 00:00:00+00:00
[2021-06-15 03:27:00,269] {scheduler_job.py:190} INFO - Processing /home/airflow/.local/lib/python3.6/site-packages/airflow/example_dags/example_latest_only_with_trigger.py took 0.334 seconds
[2021-06-15 03:27:30,542] {scheduler_job.py:182} INFO - Started process (PID=327) to work on /home/airflow/.local/lib/python3.6/site-packages/airflow/example_dags/example_latest_only_with_trigger.py
[2021-06-15 03:27:30,550] {scheduler_job.py:633} INFO - Processing file /home/airflow/.local/lib/python3.6/site-packages/airflow/example_dags/example_latest_only_with_trigger.py for tasks to queue
[2021-06-15 03:27:30,556] {logging_mixin.py:104} INFO - [2021-06-15 03:27:30,555] {dagbag.py:487} INFO - Filling up the DagBag from /home/airflow/.local/lib/python3.6/site-packages/airflow/example_dags/example_latest_only_with_trigger.py
[2021-06-15 03:27:30,618] {scheduler_job.py:643} INFO - DAG(s) dict_keys(['latest_only_with_trigger']) retrieved from /home/airflow/.local/lib/python3.6/site-packages/airflow/example_dags/example_latest_only_with_trigger.py
[2021-06-15 03:27:30,751] {logging_mixin.py:104} INFO - [2021-06-15 03:27:30,750] {dag.py:1832} INFO - Sync 1 DAGs
[2021-06-15 03:27:30,830] {logging_mixin.py:104} INFO - [2021-06-15 03:27:30,830] {dag.py:2305} INFO - Setting next_dagrun for latest_only_with_trigger to 2021-06-13 00:00:00+00:00
[2021-06-15 03:27:30,887] {scheduler_job.py:190} INFO - Processing /home/airflow/.local/lib/python3.6/site-packages/airflow/example_dags/example_latest_only_with_trigger.py took 0.360 seconds
[2021-06-15 03:28:01,900] {scheduler_job.py:182} INFO - Started process (PID=395) to work on /home/airflow/.local/lib/python3.6/site-packages/airflow/example_dags/example_latest_only_with_trigger.py
[2021-06-15 03:28:01,909] {scheduler_job.py:633} INFO - Processing file /home/airflow/.local/lib/python3.6/site-packages/airflow/example_dags/example_latest_only_with_trigger.py for tasks to queue
[2021-06-15 03:28:01,915] {logging_mixin.py:104} INFO - [2021-06-15 03:28:01,914] {dagbag.py:487} INFO - Filling up the DagBag from /home/airflow/.local/lib/python3.6/site-packages/airflow/example_dags/example_latest_only_with_trigger.py
[2021-06-15 03:28:01,971] {scheduler_job.py:643} INFO - DAG(s) dict_keys(['latest_only_with_trigger']) retrieved from /home/airflow/.local/lib/python3.6/site-packages/airflow/example_dags/example_latest_only_with_trigger.py
[2021-06-15 03:28:02,079] {logging_mixin.py:104} INFO - [2021-06-15 03:28:02,079] {dag.py:1832} INFO - Sync 1 DAGs
[2021-06-15 03:28:02,147] {logging_mixin.py:104} INFO - [2021-06-15 03:28:02,147] {dag.py:2305} INFO - Setting next_dagrun for latest_only_with_trigger to 2021-06-13 00:00:00+00:00
[2021-06-15 03:28:02,191] {scheduler_job.py:190} INFO - Processing /home/airflow/.local/lib/python3.6/site-packages/airflow/example_dags/example_latest_only_with_trigger.py took 0.309 seconds
[2021-06-15 03:28:33,185] {scheduler_job.py:182} INFO - Started process (PID=462) to work on /home/airflow/.local/lib/python3.6/site-packages/airflow/example_dags/example_latest_only_with_trigger.py
[2021-06-15 03:28:33,194] {scheduler_job.py:633} INFO - Processing file /home/airflow/.local/lib/python3.6/site-packages/airflow/example_dags/example_latest_only_with_trigger.py for tasks to queue
[2021-06-15 03:28:33,200] {logging_mixin.py:104} INFO - [2021-06-15 03:28:33,199] {dagbag.py:487} INFO - Filling up the DagBag from /home/airflow/.local/lib/python3.6/site-packages/airflow/example_dags/example_latest_only_with_trigger.py
[2021-06-15 03:28:33,263] {scheduler_job.py:643} INFO - DAG(s) dict_keys(['latest_only_with_trigger']) retrieved from /home/airflow/.local/lib/python3.6/site-packages/airflow/example_dags/example_latest_only_with_trigger.py
[2021-06-15 03:28:33,382] {logging_mixin.py:104} INFO - [2021-06-15 03:28:33,381] {dag.py:1832} INFO - Sync 1 DAGs
[2021-06-15 03:28:33,467] {logging_mixin.py:104} INFO - [2021-06-15 03:28:33,466] {dag.py:2305} INFO - Setting next_dagrun for latest_only_with_trigger to 2021-06-13 00:00:00+00:00
[2021-06-15 03:28:33,520] {scheduler_job.py:190} INFO - Processing /home/airflow/.local/lib/python3.6/site-packages/airflow/example_dags/example_latest_only_with_trigger.py took 0.349 seconds
[2021-06-15 03:29:04,285] {scheduler_job.py:182} INFO - Started process (PID=522) to work on /home/airflow/.local/lib/python3.6/site-packages/airflow/example_dags/example_latest_only_with_trigger.py
[2021-06-15 03:29:04,295] {scheduler_job.py:633} INFO - Processing file /home/airflow/.local/lib/python3.6/site-packages/airflow/example_dags/example_latest_only_with_trigger.py for tasks to queue
[2021-06-15 03:29:04,301] {logging_mixin.py:104} INFO - [2021-06-15 03:29:04,301] {dagbag.py:487} INFO - Filling up the DagBag from /home/airflow/.local/lib/python3.6/site-packages/airflow/example_dags/example_latest_only_with_trigger.py
[2021-06-15 03:29:04,369] {scheduler_job.py:643} INFO - DAG(s) dict_keys(['latest_only_with_trigger']) retrieved from /home/airflow/.local/lib/python3.6/site-packages/airflow/example_dags/example_latest_only_with_trigger.py
[2021-06-15 03:29:04,485] {logging_mixin.py:104} INFO - [2021-06-15 03:29:04,484] {dag.py:1832} INFO - Sync 1 DAGs
[2021-06-15 03:29:04,572] {logging_mixin.py:104} INFO - [2021-06-15 03:29:04,571] {dag.py:2305} INFO - Setting next_dagrun for latest_only_with_trigger to 2021-06-13 00:00:00+00:00
[2021-06-15 03:29:04,641] {scheduler_job.py:190} INFO - Processing /home/airflow/.local/lib/python3.6/site-packages/airflow/example_dags/example_latest_only_with_trigger.py took 0.376 seconds
[2021-06-15 03:29:35,001] {scheduler_job.py:182} INFO - Started process (PID=578) to work on /home/airflow/.local/lib/python3.6/site-packages/airflow/example_dags/example_latest_only_with_trigger.py
[2021-06-15 03:29:35,008] {scheduler_job.py:633} INFO - Processing file /home/airflow/.local/lib/python3.6/site-packages/airflow/example_dags/example_latest_only_with_trigger.py for tasks to queue
[2021-06-15 03:29:35,014] {logging_mixin.py:104} INFO - [2021-06-15 03:29:35,014] {dagbag.py:487} INFO - Filling up the DagBag from /home/airflow/.local/lib/python3.6/site-packages/airflow/example_dags/example_latest_only_with_trigger.py
[2021-06-15 03:29:35,080] {scheduler_job.py:643} INFO - DAG(s) dict_keys(['latest_only_with_trigger']) retrieved from /home/airflow/.local/lib/python3.6/site-packages/airflow/example_dags/example_latest_only_with_trigger.py
[2021-06-15 03:29:35,181] {logging_mixin.py:104} INFO - [2021-06-15 03:29:35,181] {dag.py:1832} INFO - Sync 1 DAGs
[2021-06-15 03:29:35,252] {logging_mixin.py:104} INFO - [2021-06-15 03:29:35,252] {dag.py:2305} INFO - Setting next_dagrun for latest_only_with_trigger to 2021-06-13 00:00:00+00:00
[2021-06-15 03:29:35,298] {scheduler_job.py:190} INFO - Processing /home/airflow/.local/lib/python3.6/site-packages/airflow/example_dags/example_latest_only_with_trigger.py took 0.315 seconds
[2021-06-15 03:30:05,631] {scheduler_job.py:182} INFO - Started process (PID=644) to work on /home/airflow/.local/lib/python3.6/site-packages/airflow/example_dags/example_latest_only_with_trigger.py
[2021-06-15 03:30:05,642] {scheduler_job.py:633} INFO - Processing file /home/airflow/.local/lib/python3.6/site-packages/airflow/example_dags/example_latest_only_with_trigger.py for tasks to queue
[2021-06-15 03:30:05,648] {logging_mixin.py:104} INFO - [2021-06-15 03:30:05,647] {dagbag.py:487} INFO - Filling up the DagBag from /home/airflow/.local/lib/python3.6/site-packages/airflow/example_dags/example_latest_only_with_trigger.py
[2021-06-15 03:30:05,698] {scheduler_job.py:643} INFO - DAG(s) dict_keys(['latest_only_with_trigger']) retrieved from /home/airflow/.local/lib/python3.6/site-packages/airflow/example_dags/example_latest_only_with_trigger.py
[2021-06-15 03:30:05,807] {logging_mixin.py:104} INFO - [2021-06-15 03:30:05,806] {dag.py:1832} INFO - Sync 1 DAGs
[2021-06-15 03:30:05,875] {logging_mixin.py:104} INFO - [2021-06-15 03:30:05,875] {dag.py:2305} INFO - Setting next_dagrun for latest_only_with_trigger to 2021-06-13 00:00:00+00:00
[2021-06-15 03:30:05,925] {scheduler_job.py:190} INFO - Processing /home/airflow/.local/lib/python3.6/site-packages/airflow/example_dags/example_latest_only_with_trigger.py took 0.314 seconds
[2021-06-15 03:30:36,519] {scheduler_job.py:182} INFO - Started process (PID=712) to work on /home/airflow/.local/lib/python3.6/site-packages/airflow/example_dags/example_latest_only_with_trigger.py
[2021-06-15 03:30:36,526] {scheduler_job.py:633} INFO - Processing file /home/airflow/.local/lib/python3.6/site-packages/airflow/example_dags/example_latest_only_with_trigger.py for tasks to queue
[2021-06-15 03:30:36,531] {logging_mixin.py:104} INFO - [2021-06-15 03:30:36,530] {dagbag.py:487} INFO - Filling up the DagBag from /home/airflow/.local/lib/python3.6/site-packages/airflow/example_dags/example_latest_only_with_trigger.py
[2021-06-15 03:30:36,582] {scheduler_job.py:643} INFO - DAG(s) dict_keys(['latest_only_with_trigger']) retrieved from /home/airflow/.local/lib/python3.6/site-packages/airflow/example_dags/example_latest_only_with_trigger.py
[2021-06-15 03:30:36,685] {logging_mixin.py:104} INFO - [2021-06-15 03:30:36,685] {dag.py:1832} INFO - Sync 1 DAGs
[2021-06-15 03:30:36,754] {logging_mixin.py:104} INFO - [2021-06-15 03:30:36,753] {dag.py:2305} INFO - Setting next_dagrun for latest_only_with_trigger to 2021-06-13 00:00:00+00:00
[2021-06-15 03:30:36,796] {scheduler_job.py:190} INFO - Processing /home/airflow/.local/lib/python3.6/site-packages/airflow/example_dags/example_latest_only_with_trigger.py took 0.291 seconds
[2021-06-15 03:31:07,043] {scheduler_job.py:182} INFO - Started process (PID=779) to work on /home/airflow/.local/lib/python3.6/site-packages/airflow/example_dags/example_latest_only_with_trigger.py
[2021-06-15 03:31:07,049] {scheduler_job.py:633} INFO - Processing file /home/airflow/.local/lib/python3.6/site-packages/airflow/example_dags/example_latest_only_with_trigger.py for tasks to queue
[2021-06-15 03:31:07,054] {logging_mixin.py:104} INFO - [2021-06-15 03:31:07,054] {dagbag.py:487} INFO - Filling up the DagBag from /home/airflow/.local/lib/python3.6/site-packages/airflow/example_dags/example_latest_only_with_trigger.py
[2021-06-15 03:31:07,104] {scheduler_job.py:643} INFO - DAG(s) dict_keys(['latest_only_with_trigger']) retrieved from /home/airflow/.local/lib/python3.6/site-packages/airflow/example_dags/example_latest_only_with_trigger.py
[2021-06-15 03:31:07,194] {logging_mixin.py:104} INFO - [2021-06-15 03:31:07,194] {dag.py:1832} INFO - Sync 1 DAGs
[2021-06-15 03:31:07,255] {logging_mixin.py:104} INFO - [2021-06-15 03:31:07,255] {dag.py:2305} INFO - Setting next_dagrun for latest_only_with_trigger to 2021-06-13 00:00:00+00:00
[2021-06-15 03:31:07,296] {scheduler_job.py:190} INFO - Processing /home/airflow/.local/lib/python3.6/site-packages/airflow/example_dags/example_latest_only_with_trigger.py took 0.268 seconds
[2021-06-15 03:31:37,765] {scheduler_job.py:182} INFO - Started process (PID=830) to work on /home/airflow/.local/lib/python3.6/site-packages/airflow/example_dags/example_latest_only_with_trigger.py
[2021-06-15 03:31:37,773] {scheduler_job.py:633} INFO - Processing file /home/airflow/.local/lib/python3.6/site-packages/airflow/example_dags/example_latest_only_with_trigger.py for tasks to queue
[2021-06-15 03:31:37,781] {logging_mixin.py:104} INFO - [2021-06-15 03:31:37,780] {dagbag.py:487} INFO - Filling up the DagBag from /home/airflow/.local/lib/python3.6/site-packages/airflow/example_dags/example_latest_only_with_trigger.py
[2021-06-15 03:31:37,844] {scheduler_job.py:643} INFO - DAG(s) dict_keys(['latest_only_with_trigger']) retrieved from /home/airflow/.local/lib/python3.6/site-packages/airflow/example_dags/example_latest_only_with_trigger.py
[2021-06-15 03:31:37,954] {logging_mixin.py:104} INFO - [2021-06-15 03:31:37,953] {dag.py:1832} INFO - Sync 1 DAGs
[2021-06-15 03:31:38,024] {logging_mixin.py:104} INFO - [2021-06-15 03:31:38,024] {dag.py:2305} INFO - Setting next_dagrun for latest_only_with_trigger to 2021-06-13 00:00:00+00:00
[2021-06-15 03:31:38,081] {scheduler_job.py:190} INFO - Processing /home/airflow/.local/lib/python3.6/site-packages/airflow/example_dags/example_latest_only_with_trigger.py took 0.350 seconds
[2021-06-15 03:32:08,312] {scheduler_job.py:182} INFO - Started process (PID=897) to work on /home/airflow/.local/lib/python3.6/site-packages/airflow/example_dags/example_latest_only_with_trigger.py
[2021-06-15 03:32:08,327] {scheduler_job.py:633} INFO - Processing file /home/airflow/.local/lib/python3.6/site-packages/airflow/example_dags/example_latest_only_with_trigger.py for tasks to queue
[2021-06-15 03:32:08,335] {logging_mixin.py:104} INFO - [2021-06-15 03:32:08,335] {dagbag.py:487} INFO - Filling up the DagBag from /home/airflow/.local/lib/python3.6/site-packages/airflow/example_dags/example_latest_only_with_trigger.py
[2021-06-15 03:32:08,407] {scheduler_job.py:643} INFO - DAG(s) dict_keys(['latest_only_with_trigger']) retrieved from /home/airflow/.local/lib/python3.6/site-packages/airflow/example_dags/example_latest_only_with_trigger.py
[2021-06-15 03:32:08,555] {logging_mixin.py:104} INFO - [2021-06-15 03:32:08,554] {dag.py:1832} INFO - Sync 1 DAGs
[2021-06-15 03:32:08,648] {logging_mixin.py:104} INFO - [2021-06-15 03:32:08,647] {dag.py:2305} INFO - Setting next_dagrun for latest_only_with_trigger to 2021-06-13 00:00:00+00:00
[2021-06-15 03:32:08,702] {scheduler_job.py:190} INFO - Processing /home/airflow/.local/lib/python3.6/site-packages/airflow/example_dags/example_latest_only_with_trigger.py took 0.416 seconds
[2021-06-15 03:32:39,168] {scheduler_job.py:182} INFO - Started process (PID=965) to work on /home/airflow/.local/lib/python3.6/site-packages/airflow/example_dags/example_latest_only_with_trigger.py
[2021-06-15 03:32:39,177] {scheduler_job.py:633} INFO - Processing file /home/airflow/.local/lib/python3.6/site-packages/airflow/example_dags/example_latest_only_with_trigger.py for tasks to queue
[2021-06-15 03:32:39,184] {logging_mixin.py:104} INFO - [2021-06-15 03:32:39,183] {dagbag.py:487} INFO - Filling up the DagBag from /home/airflow/.local/lib/python3.6/site-packages/airflow/example_dags/example_latest_only_with_trigger.py
[2021-06-15 03:32:39,213] {scheduler_job.py:643} INFO - DAG(s) dict_keys(['latest_only_with_trigger']) retrieved from /home/airflow/.local/lib/python3.6/site-packages/airflow/example_dags/example_latest_only_with_trigger.py
[2021-06-15 03:32:39,334] {logging_mixin.py:104} INFO - [2021-06-15 03:32:39,334] {dag.py:1832} INFO - Sync 1 DAGs
[2021-06-15 03:32:39,408] {logging_mixin.py:104} INFO - [2021-06-15 03:32:39,408] {dag.py:2305} INFO - Setting next_dagrun for latest_only_with_trigger to 2021-06-13 00:00:00+00:00
[2021-06-15 03:32:39,463] {scheduler_job.py:190} INFO - Processing /home/airflow/.local/lib/python3.6/site-packages/airflow/example_dags/example_latest_only_with_trigger.py took 0.348 seconds
[2021-06-15 03:33:10,048] {scheduler_job.py:182} INFO - Started process (PID=1026) to work on /home/airflow/.local/lib/python3.6/site-packages/airflow/example_dags/example_latest_only_with_trigger.py
[2021-06-15 03:33:10,054] {scheduler_job.py:633} INFO - Processing file /home/airflow/.local/lib/python3.6/site-packages/airflow/example_dags/example_latest_only_with_trigger.py for tasks to queue
[2021-06-15 03:33:10,059] {logging_mixin.py:104} INFO - [2021-06-15 03:33:10,058] {dagbag.py:487} INFO - Filling up the DagBag from /home/airflow/.local/lib/python3.6/site-packages/airflow/example_dags/example_latest_only_with_trigger.py
[2021-06-15 03:33:10,108] {scheduler_job.py:643} INFO - DAG(s) dict_keys(['latest_only_with_trigger']) retrieved from /home/airflow/.local/lib/python3.6/site-packages/airflow/example_dags/example_latest_only_with_trigger.py
[2021-06-15 03:33:10,219] {logging_mixin.py:104} INFO - [2021-06-15 03:33:10,218] {dag.py:1832} INFO - Sync 1 DAGs
[2021-06-15 03:33:10,337] {logging_mixin.py:104} INFO - [2021-06-15 03:33:10,336] {dag.py:2305} INFO - Setting next_dagrun for latest_only_with_trigger to 2021-06-13 00:00:00+00:00
[2021-06-15 03:33:10,409] {scheduler_job.py:190} INFO - Processing /home/airflow/.local/lib/python3.6/site-packages/airflow/example_dags/example_latest_only_with_trigger.py took 0.375 seconds
[2021-06-15 03:33:40,818] {scheduler_job.py:182} INFO - Started process (PID=1083) to work on /home/airflow/.local/lib/python3.6/site-packages/airflow/example_dags/example_latest_only_with_trigger.py
[2021-06-15 03:33:40,828] {scheduler_job.py:633} INFO - Processing file /home/airflow/.local/lib/python3.6/site-packages/airflow/example_dags/example_latest_only_with_trigger.py for tasks to queue
[2021-06-15 03:33:40,835] {logging_mixin.py:104} INFO - [2021-06-15 03:33:40,834] {dagbag.py:487} INFO - Filling up the DagBag from /home/airflow/.local/lib/python3.6/site-packages/airflow/example_dags/example_latest_only_with_trigger.py
[2021-06-15 03:33:40,914] {scheduler_job.py:643} INFO - DAG(s) dict_keys(['latest_only_with_trigger']) retrieved from /home/airflow/.local/lib/python3.6/site-packages/airflow/example_dags/example_latest_only_with_trigger.py
[2021-06-15 03:33:41,100] {logging_mixin.py:104} INFO - [2021-06-15 03:33:41,099] {dag.py:1832} INFO - Sync 1 DAGs
[2021-06-15 03:33:41,198] {logging_mixin.py:104} INFO - [2021-06-15 03:33:41,197] {dag.py:2305} INFO - Setting next_dagrun for latest_only_with_trigger to 2021-06-13 00:00:00+00:00
[2021-06-15 03:33:41,268] {scheduler_job.py:190} INFO - Processing /home/airflow/.local/lib/python3.6/site-packages/airflow/example_dags/example_latest_only_with_trigger.py took 0.482 seconds
[2021-06-15 03:34:11,689] {scheduler_job.py:182} INFO - Started process (PID=1151) to work on /home/airflow/.local/lib/python3.6/site-packages/airflow/example_dags/example_latest_only_with_trigger.py
[2021-06-15 03:34:11,698] {scheduler_job.py:633} INFO - Processing file /home/airflow/.local/lib/python3.6/site-packages/airflow/example_dags/example_latest_only_with_trigger.py for tasks to queue
[2021-06-15 03:34:11,705] {logging_mixin.py:104} INFO - [2021-06-15 03:34:11,705] {dagbag.py:487} INFO - Filling up the DagBag from /home/airflow/.local/lib/python3.6/site-packages/airflow/example_dags/example_latest_only_with_trigger.py
[2021-06-15 03:34:11,805] {scheduler_job.py:643} INFO - DAG(s) dict_keys(['latest_only_with_trigger']) retrieved from /home/airflow/.local/lib/python3.6/site-packages/airflow/example_dags/example_latest_only_with_trigger.py
[2021-06-15 03:34:11,954] {logging_mixin.py:104} INFO - [2021-06-15 03:34:11,954] {dag.py:1832} INFO - Sync 1 DAGs
[2021-06-15 03:34:12,086] {logging_mixin.py:104} INFO - [2021-06-15 03:34:12,085] {dag.py:2305} INFO - Setting next_dagrun for latest_only_with_trigger to 2021-06-13 00:00:00+00:00
[2021-06-15 03:34:12,144] {scheduler_job.py:190} INFO - Processing /home/airflow/.local/lib/python3.6/site-packages/airflow/example_dags/example_latest_only_with_trigger.py took 0.478 seconds
[2021-06-15 03:34:42,453] {scheduler_job.py:182} INFO - Started process (PID=1218) to work on /home/airflow/.local/lib/python3.6/site-packages/airflow/example_dags/example_latest_only_with_trigger.py
[2021-06-15 03:34:42,460] {scheduler_job.py:633} INFO - Processing file /home/airflow/.local/lib/python3.6/site-packages/airflow/example_dags/example_latest_only_with_trigger.py for tasks to queue
[2021-06-15 03:34:42,465] {logging_mixin.py:104} INFO - [2021-06-15 03:34:42,465] {dagbag.py:487} INFO - Filling up the DagBag from /home/airflow/.local/lib/python3.6/site-packages/airflow/example_dags/example_latest_only_with_trigger.py
[2021-06-15 03:34:42,524] {scheduler_job.py:643} INFO - DAG(s) dict_keys(['latest_only_with_trigger']) retrieved from /home/airflow/.local/lib/python3.6/site-packages/airflow/example_dags/example_latest_only_with_trigger.py
[2021-06-15 03:34:42,641] {logging_mixin.py:104} INFO - [2021-06-15 03:34:42,640] {dag.py:1832} INFO - Sync 1 DAGs
[2021-06-15 03:34:42,806] {logging_mixin.py:104} INFO - [2021-06-15 03:34:42,805] {dag.py:2305} INFO - Setting next_dagrun for latest_only_with_trigger to 2021-06-13 00:00:00+00:00
[2021-06-15 03:34:42,906] {scheduler_job.py:190} INFO - Processing /home/airflow/.local/lib/python3.6/site-packages/airflow/example_dags/example_latest_only_with_trigger.py took 0.468 seconds
[2021-06-15 03:35:13,470] {scheduler_job.py:182} INFO - Started process (PID=1285) to work on /home/airflow/.local/lib/python3.6/site-packages/airflow/example_dags/example_latest_only_with_trigger.py
[2021-06-15 03:35:13,479] {scheduler_job.py:633} INFO - Processing file /home/airflow/.local/lib/python3.6/site-packages/airflow/example_dags/example_latest_only_with_trigger.py for tasks to queue
[2021-06-15 03:35:13,485] {logging_mixin.py:104} INFO - [2021-06-15 03:35:13,484] {dagbag.py:487} INFO - Filling up the DagBag from /home/airflow/.local/lib/python3.6/site-packages/airflow/example_dags/example_latest_only_with_trigger.py
[2021-06-15 03:35:13,542] {scheduler_job.py:643} INFO - DAG(s) dict_keys(['latest_only_with_trigger']) retrieved from /home/airflow/.local/lib/python3.6/site-packages/airflow/example_dags/example_latest_only_with_trigger.py
[2021-06-15 03:35:13,653] {logging_mixin.py:104} INFO - [2021-06-15 03:35:13,653] {dag.py:1832} INFO - Sync 1 DAGs
[2021-06-15 03:35:13,748] {logging_mixin.py:104} INFO - [2021-06-15 03:35:13,747] {dag.py:2305} INFO - Setting next_dagrun for latest_only_with_trigger to 2021-06-13 00:00:00+00:00
[2021-06-15 03:35:13,790] {scheduler_job.py:190} INFO - Processing /home/airflow/.local/lib/python3.6/site-packages/airflow/example_dags/example_latest_only_with_trigger.py took 0.336 seconds
[2021-06-15 03:35:43,977] {scheduler_job.py:182} INFO - Started process (PID=1345) to work on /home/airflow/.local/lib/python3.6/site-packages/airflow/example_dags/example_latest_only_with_trigger.py
[2021-06-15 03:35:43,987] {scheduler_job.py:633} INFO - Processing file /home/airflow/.local/lib/python3.6/site-packages/airflow/example_dags/example_latest_only_with_trigger.py for tasks to queue
[2021-06-15 03:35:43,994] {logging_mixin.py:104} INFO - [2021-06-15 03:35:43,993] {dagbag.py:487} INFO - Filling up the DagBag from /home/airflow/.local/lib/python3.6/site-packages/airflow/example_dags/example_latest_only_with_trigger.py
[2021-06-15 03:35:44,060] {scheduler_job.py:643} INFO - DAG(s) dict_keys(['latest_only_with_trigger']) retrieved from /home/airflow/.local/lib/python3.6/site-packages/airflow/example_dags/example_latest_only_with_trigger.py
[2021-06-15 03:35:44,190] {logging_mixin.py:104} INFO - [2021-06-15 03:35:44,190] {dag.py:1832} INFO - Sync 1 DAGs
[2021-06-15 03:35:44,304] {logging_mixin.py:104} INFO - [2021-06-15 03:35:44,302] {dag.py:2305} INFO - Setting next_dagrun for latest_only_with_trigger to 2021-06-13 00:00:00+00:00
[2021-06-15 03:35:44,384] {scheduler_job.py:190} INFO - Processing /home/airflow/.local/lib/python3.6/site-packages/airflow/example_dags/example_latest_only_with_trigger.py took 0.425 seconds
[2021-06-15 03:36:15,267] {scheduler_job.py:182} INFO - Started process (PID=1402) to work on /home/airflow/.local/lib/python3.6/site-packages/airflow/example_dags/example_latest_only_with_trigger.py
[2021-06-15 03:36:15,274] {scheduler_job.py:633} INFO - Processing file /home/airflow/.local/lib/python3.6/site-packages/airflow/example_dags/example_latest_only_with_trigger.py for tasks to queue
[2021-06-15 03:36:15,280] {logging_mixin.py:104} INFO - [2021-06-15 03:36:15,279] {dagbag.py:487} INFO - Filling up the DagBag from /home/airflow/.local/lib/python3.6/site-packages/airflow/example_dags/example_latest_only_with_trigger.py
[2021-06-15 03:36:15,328] {scheduler_job.py:643} INFO - DAG(s) dict_keys(['latest_only_with_trigger']) retrieved from /home/airflow/.local/lib/python3.6/site-packages/airflow/example_dags/example_latest_only_with_trigger.py
[2021-06-15 03:36:15,453] {logging_mixin.py:104} INFO - [2021-06-15 03:36:15,452] {dag.py:1832} INFO - Sync 1 DAGs
[2021-06-15 03:36:15,573] {logging_mixin.py:104} INFO - [2021-06-15 03:36:15,572] {dag.py:2305} INFO - Setting next_dagrun for latest_only_with_trigger to 2021-06-13 00:00:00+00:00
[2021-06-15 03:36:15,647] {scheduler_job.py:190} INFO - Processing /home/airflow/.local/lib/python3.6/site-packages/airflow/example_dags/example_latest_only_with_trigger.py took 0.394 seconds
[2021-06-15 03:36:46,188] {scheduler_job.py:182} INFO - Started process (PID=1470) to work on /home/airflow/.local/lib/python3.6/site-packages/airflow/example_dags/example_latest_only_with_trigger.py
[2021-06-15 03:36:46,195] {scheduler_job.py:633} INFO - Processing file /home/airflow/.local/lib/python3.6/site-packages/airflow/example_dags/example_latest_only_with_trigger.py for tasks to queue
[2021-06-15 03:36:46,203] {logging_mixin.py:104} INFO - [2021-06-15 03:36:46,202] {dagbag.py:487} INFO - Filling up the DagBag from /home/airflow/.local/lib/python3.6/site-packages/airflow/example_dags/example_latest_only_with_trigger.py
[2021-06-15 03:36:46,257] {scheduler_job.py:643} INFO - DAG(s) dict_keys(['latest_only_with_trigger']) retrieved from /home/airflow/.local/lib/python3.6/site-packages/airflow/example_dags/example_latest_only_with_trigger.py
[2021-06-15 03:36:46,359] {logging_mixin.py:104} INFO - [2021-06-15 03:36:46,358] {dag.py:1832} INFO - Sync 1 DAGs
[2021-06-15 03:36:46,442] {logging_mixin.py:104} INFO - [2021-06-15 03:36:46,441] {dag.py:2305} INFO - Setting next_dagrun for latest_only_with_trigger to 2021-06-13 00:00:00+00:00
[2021-06-15 03:36:46,507] {scheduler_job.py:190} INFO - Processing /home/airflow/.local/lib/python3.6/site-packages/airflow/example_dags/example_latest_only_with_trigger.py took 0.335 seconds
[2021-06-15 03:37:16,685] {scheduler_job.py:182} INFO - Started process (PID=1538) to work on /home/airflow/.local/lib/python3.6/site-packages/airflow/example_dags/example_latest_only_with_trigger.py
[2021-06-15 03:37:16,693] {scheduler_job.py:633} INFO - Processing file /home/airflow/.local/lib/python3.6/site-packages/airflow/example_dags/example_latest_only_with_trigger.py for tasks to queue
[2021-06-15 03:37:16,698] {logging_mixin.py:104} INFO - [2021-06-15 03:37:16,697] {dagbag.py:487} INFO - Filling up the DagBag from /home/airflow/.local/lib/python3.6/site-packages/airflow/example_dags/example_latest_only_with_trigger.py
[2021-06-15 03:37:16,745] {scheduler_job.py:643} INFO - DAG(s) dict_keys(['latest_only_with_trigger']) retrieved from /home/airflow/.local/lib/python3.6/site-packages/airflow/example_dags/example_latest_only_with_trigger.py
[2021-06-15 03:37:16,837] {logging_mixin.py:104} INFO - [2021-06-15 03:37:16,836] {dag.py:1832} INFO - Sync 1 DAGs
[2021-06-15 03:37:16,899] {logging_mixin.py:104} INFO - [2021-06-15 03:37:16,898] {dag.py:2305} INFO - Setting next_dagrun for latest_only_with_trigger to 2021-06-13 00:00:00+00:00
[2021-06-15 03:37:16,937] {scheduler_job.py:190} INFO - Processing /home/airflow/.local/lib/python3.6/site-packages/airflow/example_dags/example_latest_only_with_trigger.py took 0.265 seconds
[2021-06-15 03:37:47,343] {scheduler_job.py:182} INFO - Started process (PID=1598) to work on /home/airflow/.local/lib/python3.6/site-packages/airflow/example_dags/example_latest_only_with_trigger.py
[2021-06-15 03:37:47,352] {scheduler_job.py:633} INFO - Processing file /home/airflow/.local/lib/python3.6/site-packages/airflow/example_dags/example_latest_only_with_trigger.py for tasks to queue
[2021-06-15 03:37:47,358] {logging_mixin.py:104} INFO - [2021-06-15 03:37:47,357] {dagbag.py:487} INFO - Filling up the DagBag from /home/airflow/.local/lib/python3.6/site-packages/airflow/example_dags/example_latest_only_with_trigger.py
[2021-06-15 03:37:47,414] {scheduler_job.py:643} INFO - DAG(s) dict_keys(['latest_only_with_trigger']) retrieved from /home/airflow/.local/lib/python3.6/site-packages/airflow/example_dags/example_latest_only_with_trigger.py
[2021-06-15 03:37:47,526] {logging_mixin.py:104} INFO - [2021-06-15 03:37:47,525] {dag.py:1832} INFO - Sync 1 DAGs
[2021-06-15 03:37:47,604] {logging_mixin.py:104} INFO - [2021-06-15 03:37:47,604] {dag.py:2305} INFO - Setting next_dagrun for latest_only_with_trigger to 2021-06-13 00:00:00+00:00
[2021-06-15 03:37:47,679] {scheduler_job.py:190} INFO - Processing /home/airflow/.local/lib/python3.6/site-packages/airflow/example_dags/example_latest_only_with_trigger.py took 0.354 seconds
[2021-06-15 03:38:17,875] {scheduler_job.py:182} INFO - Started process (PID=1654) to work on /home/airflow/.local/lib/python3.6/site-packages/airflow/example_dags/example_latest_only_with_trigger.py
[2021-06-15 03:38:17,883] {scheduler_job.py:633} INFO - Processing file /home/airflow/.local/lib/python3.6/site-packages/airflow/example_dags/example_latest_only_with_trigger.py for tasks to queue
[2021-06-15 03:38:17,888] {logging_mixin.py:104} INFO - [2021-06-15 03:38:17,887] {dagbag.py:487} INFO - Filling up the DagBag from /home/airflow/.local/lib/python3.6/site-packages/airflow/example_dags/example_latest_only_with_trigger.py
[2021-06-15 03:38:17,949] {scheduler_job.py:643} INFO - DAG(s) dict_keys(['latest_only_with_trigger']) retrieved from /home/airflow/.local/lib/python3.6/site-packages/airflow/example_dags/example_latest_only_with_trigger.py
[2021-06-15 03:38:18,087] {logging_mixin.py:104} INFO - [2021-06-15 03:38:18,086] {dag.py:1832} INFO - Sync 1 DAGs
[2021-06-15 03:38:18,218] {logging_mixin.py:104} INFO - [2021-06-15 03:38:18,217] {dag.py:2305} INFO - Setting next_dagrun for latest_only_with_trigger to 2021-06-13 00:00:00+00:00
[2021-06-15 03:38:18,271] {scheduler_job.py:190} INFO - Processing /home/airflow/.local/lib/python3.6/site-packages/airflow/example_dags/example_latest_only_with_trigger.py took 0.413 seconds
[2021-06-15 03:38:49,083] {scheduler_job.py:182} INFO - Started process (PID=1721) to work on /home/airflow/.local/lib/python3.6/site-packages/airflow/example_dags/example_latest_only_with_trigger.py
[2021-06-15 03:38:49,101] {scheduler_job.py:633} INFO - Processing file /home/airflow/.local/lib/python3.6/site-packages/airflow/example_dags/example_latest_only_with_trigger.py for tasks to queue
[2021-06-15 03:38:49,118] {logging_mixin.py:104} INFO - [2021-06-15 03:38:49,116] {dagbag.py:487} INFO - Filling up the DagBag from /home/airflow/.local/lib/python3.6/site-packages/airflow/example_dags/example_latest_only_with_trigger.py
[2021-06-15 03:38:49,232] {scheduler_job.py:643} INFO - DAG(s) dict_keys(['latest_only_with_trigger']) retrieved from /home/airflow/.local/lib/python3.6/site-packages/airflow/example_dags/example_latest_only_with_trigger.py
[2021-06-15 03:38:49,457] {logging_mixin.py:104} INFO - [2021-06-15 03:38:49,456] {dag.py:1832} INFO - Sync 1 DAGs
[2021-06-15 03:38:49,586] {logging_mixin.py:104} INFO - [2021-06-15 03:38:49,585] {dag.py:2305} INFO - Setting next_dagrun for latest_only_with_trigger to 2021-06-13 00:00:00+00:00
[2021-06-15 03:38:49,673] {scheduler_job.py:190} INFO - Processing /home/airflow/.local/lib/python3.6/site-packages/airflow/example_dags/example_latest_only_with_trigger.py took 0.621 seconds
[2021-06-15 03:39:19,896] {scheduler_job.py:182} INFO - Started process (PID=1788) to work on /home/airflow/.local/lib/python3.6/site-packages/airflow/example_dags/example_latest_only_with_trigger.py
[2021-06-15 03:39:19,902] {scheduler_job.py:633} INFO - Processing file /home/airflow/.local/lib/python3.6/site-packages/airflow/example_dags/example_latest_only_with_trigger.py for tasks to queue
[2021-06-15 03:39:19,908] {logging_mixin.py:104} INFO - [2021-06-15 03:39:19,907] {dagbag.py:487} INFO - Filling up the DagBag from /home/airflow/.local/lib/python3.6/site-packages/airflow/example_dags/example_latest_only_with_trigger.py
[2021-06-15 03:39:19,961] {scheduler_job.py:643} INFO - DAG(s) dict_keys(['latest_only_with_trigger']) retrieved from /home/airflow/.local/lib/python3.6/site-packages/airflow/example_dags/example_latest_only_with_trigger.py
[2021-06-15 03:39:20,081] {logging_mixin.py:104} INFO - [2021-06-15 03:39:20,080] {dag.py:1832} INFO - Sync 1 DAGs
[2021-06-15 03:39:20,146] {logging_mixin.py:104} INFO - [2021-06-15 03:39:20,146] {dag.py:2305} INFO - Setting next_dagrun for latest_only_with_trigger to 2021-06-13 00:00:00+00:00
[2021-06-15 03:39:20,189] {scheduler_job.py:190} INFO - Processing /home/airflow/.local/lib/python3.6/site-packages/airflow/example_dags/example_latest_only_with_trigger.py took 0.307 seconds
[2021-06-15 03:39:50,604] {scheduler_job.py:182} INFO - Started process (PID=1849) to work on /home/airflow/.local/lib/python3.6/site-packages/airflow/example_dags/example_latest_only_with_trigger.py
[2021-06-15 03:39:50,613] {scheduler_job.py:633} INFO - Processing file /home/airflow/.local/lib/python3.6/site-packages/airflow/example_dags/example_latest_only_with_trigger.py for tasks to queue
[2021-06-15 03:39:50,622] {logging_mixin.py:104} INFO - [2021-06-15 03:39:50,621] {dagbag.py:487} INFO - Filling up the DagBag from /home/airflow/.local/lib/python3.6/site-packages/airflow/example_dags/example_latest_only_with_trigger.py
[2021-06-15 03:39:50,695] {scheduler_job.py:643} INFO - DAG(s) dict_keys(['latest_only_with_trigger']) retrieved from /home/airflow/.local/lib/python3.6/site-packages/airflow/example_dags/example_latest_only_with_trigger.py
[2021-06-15 03:39:50,828] {logging_mixin.py:104} INFO - [2021-06-15 03:39:50,828] {dag.py:1832} INFO - Sync 1 DAGs
[2021-06-15 03:39:50,918] {logging_mixin.py:104} INFO - [2021-06-15 03:39:50,917] {dag.py:2305} INFO - Setting next_dagrun for latest_only_with_trigger to 2021-06-13 00:00:00+00:00
[2021-06-15 03:39:50,973] {scheduler_job.py:190} INFO - Processing /home/airflow/.local/lib/python3.6/site-packages/airflow/example_dags/example_latest_only_with_trigger.py took 0.386 seconds
[2021-06-15 03:40:21,097] {scheduler_job.py:182} INFO - Started process (PID=1905) to work on /home/airflow/.local/lib/python3.6/site-packages/airflow/example_dags/example_latest_only_with_trigger.py
[2021-06-15 03:40:21,107] {scheduler_job.py:633} INFO - Processing file /home/airflow/.local/lib/python3.6/site-packages/airflow/example_dags/example_latest_only_with_trigger.py for tasks to queue
[2021-06-15 03:40:21,113] {logging_mixin.py:104} INFO - [2021-06-15 03:40:21,113] {dagbag.py:487} INFO - Filling up the DagBag from /home/airflow/.local/lib/python3.6/site-packages/airflow/example_dags/example_latest_only_with_trigger.py
[2021-06-15 03:40:21,179] {scheduler_job.py:643} INFO - DAG(s) dict_keys(['latest_only_with_trigger']) retrieved from /home/airflow/.local/lib/python3.6/site-packages/airflow/example_dags/example_latest_only_with_trigger.py
[2021-06-15 03:40:21,309] {logging_mixin.py:104} INFO - [2021-06-15 03:40:21,309] {dag.py:1832} INFO - Sync 1 DAGs
[2021-06-15 03:40:21,389] {logging_mixin.py:104} INFO - [2021-06-15 03:40:21,388] {dag.py:2305} INFO - Setting next_dagrun for latest_only_with_trigger to 2021-06-13 00:00:00+00:00
[2021-06-15 03:40:21,443] {scheduler_job.py:190} INFO - Processing /home/airflow/.local/lib/python3.6/site-packages/airflow/example_dags/example_latest_only_with_trigger.py took 0.360 seconds
[2021-06-15 03:40:51,787] {scheduler_job.py:182} INFO - Started process (PID=1973) to work on /home/airflow/.local/lib/python3.6/site-packages/airflow/example_dags/example_latest_only_with_trigger.py
[2021-06-15 03:40:51,798] {scheduler_job.py:633} INFO - Processing file /home/airflow/.local/lib/python3.6/site-packages/airflow/example_dags/example_latest_only_with_trigger.py for tasks to queue
[2021-06-15 03:40:51,806] {logging_mixin.py:104} INFO - [2021-06-15 03:40:51,805] {dagbag.py:487} INFO - Filling up the DagBag from /home/airflow/.local/lib/python3.6/site-packages/airflow/example_dags/example_latest_only_with_trigger.py
[2021-06-15 03:40:51,872] {scheduler_job.py:643} INFO - DAG(s) dict_keys(['latest_only_with_trigger']) retrieved from /home/airflow/.local/lib/python3.6/site-packages/airflow/example_dags/example_latest_only_with_trigger.py
[2021-06-15 03:40:52,010] {logging_mixin.py:104} INFO - [2021-06-15 03:40:52,009] {dag.py:1832} INFO - Sync 1 DAGs
[2021-06-15 03:40:52,095] {logging_mixin.py:104} INFO - [2021-06-15 03:40:52,095] {dag.py:2305} INFO - Setting next_dagrun for latest_only_with_trigger to 2021-06-13 00:00:00+00:00
[2021-06-15 03:40:52,155] {scheduler_job.py:190} INFO - Processing /home/airflow/.local/lib/python3.6/site-packages/airflow/example_dags/example_latest_only_with_trigger.py took 0.389 seconds
[2021-06-15 03:41:22,759] {scheduler_job.py:182} INFO - Started process (PID=2034) to work on /home/airflow/.local/lib/python3.6/site-packages/airflow/example_dags/example_latest_only_with_trigger.py
[2021-06-15 03:41:22,767] {scheduler_job.py:633} INFO - Processing file /home/airflow/.local/lib/python3.6/site-packages/airflow/example_dags/example_latest_only_with_trigger.py for tasks to queue
[2021-06-15 03:41:22,774] {logging_mixin.py:104} INFO - [2021-06-15 03:41:22,773] {dagbag.py:487} INFO - Filling up the DagBag from /home/airflow/.local/lib/python3.6/site-packages/airflow/example_dags/example_latest_only_with_trigger.py
[2021-06-15 03:41:22,849] {scheduler_job.py:643} INFO - DAG(s) dict_keys(['latest_only_with_trigger']) retrieved from /home/airflow/.local/lib/python3.6/site-packages/airflow/example_dags/example_latest_only_with_trigger.py
[2021-06-15 03:41:22,992] {logging_mixin.py:104} INFO - [2021-06-15 03:41:22,991] {dag.py:1832} INFO - Sync 1 DAGs
[2021-06-15 03:41:23,081] {logging_mixin.py:104} INFO - [2021-06-15 03:41:23,080] {dag.py:2305} INFO - Setting next_dagrun for latest_only_with_trigger to 2021-06-13 00:00:00+00:00
[2021-06-15 03:41:23,133] {scheduler_job.py:190} INFO - Processing /home/airflow/.local/lib/python3.6/site-packages/airflow/example_dags/example_latest_only_with_trigger.py took 0.396 seconds
[2021-06-15 03:41:53,482] {scheduler_job.py:182} INFO - Started process (PID=2091) to work on /home/airflow/.local/lib/python3.6/site-packages/airflow/example_dags/example_latest_only_with_trigger.py
[2021-06-15 03:41:53,490] {scheduler_job.py:633} INFO - Processing file /home/airflow/.local/lib/python3.6/site-packages/airflow/example_dags/example_latest_only_with_trigger.py for tasks to queue
[2021-06-15 03:41:53,494] {logging_mixin.py:104} INFO - [2021-06-15 03:41:53,494] {dagbag.py:487} INFO - Filling up the DagBag from /home/airflow/.local/lib/python3.6/site-packages/airflow/example_dags/example_latest_only_with_trigger.py
[2021-06-15 03:41:53,560] {scheduler_job.py:643} INFO - DAG(s) dict_keys(['latest_only_with_trigger']) retrieved from /home/airflow/.local/lib/python3.6/site-packages/airflow/example_dags/example_latest_only_with_trigger.py
[2021-06-15 03:41:53,671] {logging_mixin.py:104} INFO - [2021-06-15 03:41:53,670] {dag.py:1832} INFO - Sync 1 DAGs
[2021-06-15 03:41:53,756] {logging_mixin.py:104} INFO - [2021-06-15 03:41:53,755] {dag.py:2305} INFO - Setting next_dagrun for latest_only_with_trigger to 2021-06-13 00:00:00+00:00
[2021-06-15 03:41:53,815] {scheduler_job.py:190} INFO - Processing /home/airflow/.local/lib/python3.6/site-packages/airflow/example_dags/example_latest_only_with_trigger.py took 0.353 seconds
[2021-06-15 03:42:24,374] {scheduler_job.py:182} INFO - Started process (PID=2157) to work on /home/airflow/.local/lib/python3.6/site-packages/airflow/example_dags/example_latest_only_with_trigger.py
[2021-06-15 03:42:24,385] {scheduler_job.py:633} INFO - Processing file /home/airflow/.local/lib/python3.6/site-packages/airflow/example_dags/example_latest_only_with_trigger.py for tasks to queue
[2021-06-15 03:42:24,390] {logging_mixin.py:104} INFO - [2021-06-15 03:42:24,390] {dagbag.py:487} INFO - Filling up the DagBag from /home/airflow/.local/lib/python3.6/site-packages/airflow/example_dags/example_latest_only_with_trigger.py
[2021-06-15 03:42:24,445] {scheduler_job.py:643} INFO - DAG(s) dict_keys(['latest_only_with_trigger']) retrieved from /home/airflow/.local/lib/python3.6/site-packages/airflow/example_dags/example_latest_only_with_trigger.py
[2021-06-15 03:42:24,557] {logging_mixin.py:104} INFO - [2021-06-15 03:42:24,556] {dag.py:1832} INFO - Sync 1 DAGs
[2021-06-15 03:42:24,640] {logging_mixin.py:104} INFO - [2021-06-15 03:42:24,640] {dag.py:2305} INFO - Setting next_dagrun for latest_only_with_trigger to 2021-06-13 00:00:00+00:00
[2021-06-15 03:42:24,711] {scheduler_job.py:190} INFO - Processing /home/airflow/.local/lib/python3.6/site-packages/airflow/example_dags/example_latest_only_with_trigger.py took 0.353 seconds
[2021-06-15 03:42:54,882] {scheduler_job.py:182} INFO - Started process (PID=2216) to work on /home/airflow/.local/lib/python3.6/site-packages/airflow/example_dags/example_latest_only_with_trigger.py
[2021-06-15 03:42:54,890] {scheduler_job.py:633} INFO - Processing file /home/airflow/.local/lib/python3.6/site-packages/airflow/example_dags/example_latest_only_with_trigger.py for tasks to queue
[2021-06-15 03:42:54,895] {logging_mixin.py:104} INFO - [2021-06-15 03:42:54,895] {dagbag.py:487} INFO - Filling up the DagBag from /home/airflow/.local/lib/python3.6/site-packages/airflow/example_dags/example_latest_only_with_trigger.py
[2021-06-15 03:42:54,958] {scheduler_job.py:643} INFO - DAG(s) dict_keys(['latest_only_with_trigger']) retrieved from /home/airflow/.local/lib/python3.6/site-packages/airflow/example_dags/example_latest_only_with_trigger.py
[2021-06-15 03:42:55,073] {logging_mixin.py:104} INFO - [2021-06-15 03:42:55,072] {dag.py:1832} INFO - Sync 1 DAGs
[2021-06-15 03:42:55,146] {logging_mixin.py:104} INFO - [2021-06-15 03:42:55,145] {dag.py:2305} INFO - Setting next_dagrun for latest_only_with_trigger to 2021-06-13 00:00:00+00:00
[2021-06-15 03:42:55,196] {scheduler_job.py:190} INFO - Processing /home/airflow/.local/lib/python3.6/site-packages/airflow/example_dags/example_latest_only_with_trigger.py took 0.333 seconds
[2021-06-15 03:43:25,501] {scheduler_job.py:182} INFO - Started process (PID=2273) to work on /home/airflow/.local/lib/python3.6/site-packages/airflow/example_dags/example_latest_only_with_trigger.py
[2021-06-15 03:43:25,510] {scheduler_job.py:633} INFO - Processing file /home/airflow/.local/lib/python3.6/site-packages/airflow/example_dags/example_latest_only_with_trigger.py for tasks to queue
[2021-06-15 03:43:25,517] {logging_mixin.py:104} INFO - [2021-06-15 03:43:25,516] {dagbag.py:487} INFO - Filling up the DagBag from /home/airflow/.local/lib/python3.6/site-packages/airflow/example_dags/example_latest_only_with_trigger.py
[2021-06-15 03:43:25,583] {scheduler_job.py:643} INFO - DAG(s) dict_keys(['latest_only_with_trigger']) retrieved from /home/airflow/.local/lib/python3.6/site-packages/airflow/example_dags/example_latest_only_with_trigger.py
[2021-06-15 03:43:25,737] {logging_mixin.py:104} INFO - [2021-06-15 03:43:25,737] {dag.py:1832} INFO - Sync 1 DAGs
[2021-06-15 03:43:25,845] {logging_mixin.py:104} INFO - [2021-06-15 03:43:25,844] {dag.py:2305} INFO - Setting next_dagrun for latest_only_with_trigger to 2021-06-13 00:00:00+00:00
[2021-06-15 03:43:25,917] {scheduler_job.py:190} INFO - Processing /home/airflow/.local/lib/python3.6/site-packages/airflow/example_dags/example_latest_only_with_trigger.py took 0.436 seconds
[2021-06-15 03:43:56,997] {scheduler_job.py:182} INFO - Started process (PID=2340) to work on /home/airflow/.local/lib/python3.6/site-packages/airflow/example_dags/example_latest_only_with_trigger.py
[2021-06-15 03:43:57,007] {scheduler_job.py:633} INFO - Processing file /home/airflow/.local/lib/python3.6/site-packages/airflow/example_dags/example_latest_only_with_trigger.py for tasks to queue
[2021-06-15 03:43:57,016] {logging_mixin.py:104} INFO - [2021-06-15 03:43:57,014] {dagbag.py:487} INFO - Filling up the DagBag from /home/airflow/.local/lib/python3.6/site-packages/airflow/example_dags/example_latest_only_with_trigger.py
[2021-06-15 03:43:57,103] {scheduler_job.py:643} INFO - DAG(s) dict_keys(['latest_only_with_trigger']) retrieved from /home/airflow/.local/lib/python3.6/site-packages/airflow/example_dags/example_latest_only_with_trigger.py
[2021-06-15 03:43:57,288] {logging_mixin.py:104} INFO - [2021-06-15 03:43:57,287] {dag.py:1832} INFO - Sync 1 DAGs
[2021-06-15 03:43:57,409] {logging_mixin.py:104} INFO - [2021-06-15 03:43:57,408] {dag.py:2305} INFO - Setting next_dagrun for latest_only_with_trigger to 2021-06-13 00:00:00+00:00
[2021-06-15 03:43:57,468] {scheduler_job.py:190} INFO - Processing /home/airflow/.local/lib/python3.6/site-packages/airflow/example_dags/example_latest_only_with_trigger.py took 0.495 seconds
[2021-06-15 03:44:27,977] {scheduler_job.py:182} INFO - Started process (PID=2408) to work on /home/airflow/.local/lib/python3.6/site-packages/airflow/example_dags/example_latest_only_with_trigger.py
[2021-06-15 03:44:27,987] {scheduler_job.py:633} INFO - Processing file /home/airflow/.local/lib/python3.6/site-packages/airflow/example_dags/example_latest_only_with_trigger.py for tasks to queue
[2021-06-15 03:44:27,993] {logging_mixin.py:104} INFO - [2021-06-15 03:44:27,992] {dagbag.py:487} INFO - Filling up the DagBag from /home/airflow/.local/lib/python3.6/site-packages/airflow/example_dags/example_latest_only_with_trigger.py
[2021-06-15 03:44:28,057] {scheduler_job.py:643} INFO - DAG(s) dict_keys(['latest_only_with_trigger']) retrieved from /home/airflow/.local/lib/python3.6/site-packages/airflow/example_dags/example_latest_only_with_trigger.py
[2021-06-15 03:44:28,186] {logging_mixin.py:104} INFO - [2021-06-15 03:44:28,185] {dag.py:1832} INFO - Sync 1 DAGs
[2021-06-15 03:44:28,307] {logging_mixin.py:104} INFO - [2021-06-15 03:44:28,306] {dag.py:2305} INFO - Setting next_dagrun for latest_only_with_trigger to 2021-06-13 00:00:00+00:00
[2021-06-15 03:44:28,361] {scheduler_job.py:190} INFO - Processing /home/airflow/.local/lib/python3.6/site-packages/airflow/example_dags/example_latest_only_with_trigger.py took 0.407 seconds
[2021-06-15 03:44:58,823] {scheduler_job.py:182} INFO - Started process (PID=2467) to work on /home/airflow/.local/lib/python3.6/site-packages/airflow/example_dags/example_latest_only_with_trigger.py
[2021-06-15 03:44:58,830] {scheduler_job.py:633} INFO - Processing file /home/airflow/.local/lib/python3.6/site-packages/airflow/example_dags/example_latest_only_with_trigger.py for tasks to queue
[2021-06-15 03:44:58,836] {logging_mixin.py:104} INFO - [2021-06-15 03:44:58,835] {dagbag.py:487} INFO - Filling up the DagBag from /home/airflow/.local/lib/python3.6/site-packages/airflow/example_dags/example_latest_only_with_trigger.py
[2021-06-15 03:44:58,897] {scheduler_job.py:643} INFO - DAG(s) dict_keys(['latest_only_with_trigger']) retrieved from /home/airflow/.local/lib/python3.6/site-packages/airflow/example_dags/example_latest_only_with_trigger.py
[2021-06-15 03:44:59,008] {logging_mixin.py:104} INFO - [2021-06-15 03:44:59,007] {dag.py:1832} INFO - Sync 1 DAGs
[2021-06-15 03:44:59,098] {logging_mixin.py:104} INFO - [2021-06-15 03:44:59,097] {dag.py:2305} INFO - Setting next_dagrun for latest_only_with_trigger to 2021-06-13 00:00:00+00:00
[2021-06-15 03:44:59,162] {scheduler_job.py:190} INFO - Processing /home/airflow/.local/lib/python3.6/site-packages/airflow/example_dags/example_latest_only_with_trigger.py took 0.355 seconds
[2021-06-15 03:45:29,808] {scheduler_job.py:182} INFO - Started process (PID=2524) to work on /home/airflow/.local/lib/python3.6/site-packages/airflow/example_dags/example_latest_only_with_trigger.py
[2021-06-15 03:45:29,815] {scheduler_job.py:633} INFO - Processing file /home/airflow/.local/lib/python3.6/site-packages/airflow/example_dags/example_latest_only_with_trigger.py for tasks to queue
[2021-06-15 03:45:29,821] {logging_mixin.py:104} INFO - [2021-06-15 03:45:29,820] {dagbag.py:487} INFO - Filling up the DagBag from /home/airflow/.local/lib/python3.6/site-packages/airflow/example_dags/example_latest_only_with_trigger.py
[2021-06-15 03:45:29,888] {scheduler_job.py:643} INFO - DAG(s) dict_keys(['latest_only_with_trigger']) retrieved from /home/airflow/.local/lib/python3.6/site-packages/airflow/example_dags/example_latest_only_with_trigger.py
[2021-06-15 03:45:29,998] {logging_mixin.py:104} INFO - [2021-06-15 03:45:29,997] {dag.py:1832} INFO - Sync 1 DAGs
[2021-06-15 03:45:30,073] {logging_mixin.py:104} INFO - [2021-06-15 03:45:30,072] {dag.py:2305} INFO - Setting next_dagrun for latest_only_with_trigger to 2021-06-13 00:00:00+00:00
[2021-06-15 03:45:30,119] {scheduler_job.py:190} INFO - Processing /home/airflow/.local/lib/python3.6/site-packages/airflow/example_dags/example_latest_only_with_trigger.py took 0.325 seconds
[2021-06-15 03:46:01,090] {scheduler_job.py:182} INFO - Started process (PID=2591) to work on /home/airflow/.local/lib/python3.6/site-packages/airflow/example_dags/example_latest_only_with_trigger.py
[2021-06-15 03:46:01,104] {scheduler_job.py:633} INFO - Processing file /home/airflow/.local/lib/python3.6/site-packages/airflow/example_dags/example_latest_only_with_trigger.py for tasks to queue
[2021-06-15 03:46:01,112] {logging_mixin.py:104} INFO - [2021-06-15 03:46:01,111] {dagbag.py:487} INFO - Filling up the DagBag from /home/airflow/.local/lib/python3.6/site-packages/airflow/example_dags/example_latest_only_with_trigger.py
[2021-06-15 03:46:01,204] {scheduler_job.py:643} INFO - DAG(s) dict_keys(['latest_only_with_trigger']) retrieved from /home/airflow/.local/lib/python3.6/site-packages/airflow/example_dags/example_latest_only_with_trigger.py
[2021-06-15 03:46:01,449] {logging_mixin.py:104} INFO - [2021-06-15 03:46:01,447] {dag.py:1832} INFO - Sync 1 DAGs
[2021-06-15 03:46:01,610] {logging_mixin.py:104} INFO - [2021-06-15 03:46:01,609] {dag.py:2305} INFO - Setting next_dagrun for latest_only_with_trigger to 2021-06-13 00:00:00+00:00
[2021-06-15 03:46:01,726] {scheduler_job.py:190} INFO - Processing /home/airflow/.local/lib/python3.6/site-packages/airflow/example_dags/example_latest_only_with_trigger.py took 0.660 seconds
[2021-06-15 03:46:32,383] {scheduler_job.py:182} INFO - Started process (PID=2652) to work on /home/airflow/.local/lib/python3.6/site-packages/airflow/example_dags/example_latest_only_with_trigger.py
[2021-06-15 03:46:32,391] {scheduler_job.py:633} INFO - Processing file /home/airflow/.local/lib/python3.6/site-packages/airflow/example_dags/example_latest_only_with_trigger.py for tasks to queue
[2021-06-15 03:46:32,396] {logging_mixin.py:104} INFO - [2021-06-15 03:46:32,396] {dagbag.py:487} INFO - Filling up the DagBag from /home/airflow/.local/lib/python3.6/site-packages/airflow/example_dags/example_latest_only_with_trigger.py
[2021-06-15 03:46:32,454] {scheduler_job.py:643} INFO - DAG(s) dict_keys(['latest_only_with_trigger']) retrieved from /home/airflow/.local/lib/python3.6/site-packages/airflow/example_dags/example_latest_only_with_trigger.py
[2021-06-15 03:46:32,559] {logging_mixin.py:104} INFO - [2021-06-15 03:46:32,558] {dag.py:1832} INFO - Sync 1 DAGs
[2021-06-15 03:46:32,638] {logging_mixin.py:104} INFO - [2021-06-15 03:46:32,637] {dag.py:2305} INFO - Setting next_dagrun for latest_only_with_trigger to 2021-06-13 00:00:00+00:00
[2021-06-15 03:46:32,684] {scheduler_job.py:190} INFO - Processing /home/airflow/.local/lib/python3.6/site-packages/airflow/example_dags/example_latest_only_with_trigger.py took 0.318 seconds
[2021-06-15 03:47:03,327] {scheduler_job.py:182} INFO - Started process (PID=2718) to work on /home/airflow/.local/lib/python3.6/site-packages/airflow/example_dags/example_latest_only_with_trigger.py
[2021-06-15 03:47:03,334] {scheduler_job.py:633} INFO - Processing file /home/airflow/.local/lib/python3.6/site-packages/airflow/example_dags/example_latest_only_with_trigger.py for tasks to queue
[2021-06-15 03:47:03,340] {logging_mixin.py:104} INFO - [2021-06-15 03:47:03,339] {dagbag.py:487} INFO - Filling up the DagBag from /home/airflow/.local/lib/python3.6/site-packages/airflow/example_dags/example_latest_only_with_trigger.py
[2021-06-15 03:47:03,392] {scheduler_job.py:643} INFO - DAG(s) dict_keys(['latest_only_with_trigger']) retrieved from /home/airflow/.local/lib/python3.6/site-packages/airflow/example_dags/example_latest_only_with_trigger.py
[2021-06-15 03:47:03,500] {logging_mixin.py:104} INFO - [2021-06-15 03:47:03,499] {dag.py:1832} INFO - Sync 1 DAGs
[2021-06-15 03:47:03,575] {logging_mixin.py:104} INFO - [2021-06-15 03:47:03,574] {dag.py:2305} INFO - Setting next_dagrun for latest_only_with_trigger to 2021-06-13 00:00:00+00:00
[2021-06-15 03:47:03,617] {scheduler_job.py:190} INFO - Processing /home/airflow/.local/lib/python3.6/site-packages/airflow/example_dags/example_latest_only_with_trigger.py took 0.307 seconds
[2021-06-15 03:47:33,976] {scheduler_job.py:182} INFO - Started process (PID=2776) to work on /home/airflow/.local/lib/python3.6/site-packages/airflow/example_dags/example_latest_only_with_trigger.py
[2021-06-15 03:47:33,987] {scheduler_job.py:633} INFO - Processing file /home/airflow/.local/lib/python3.6/site-packages/airflow/example_dags/example_latest_only_with_trigger.py for tasks to queue
[2021-06-15 03:47:33,993] {logging_mixin.py:104} INFO - [2021-06-15 03:47:33,992] {dagbag.py:487} INFO - Filling up the DagBag from /home/airflow/.local/lib/python3.6/site-packages/airflow/example_dags/example_latest_only_with_trigger.py
[2021-06-15 03:47:34,041] {scheduler_job.py:643} INFO - DAG(s) dict_keys(['latest_only_with_trigger']) retrieved from /home/airflow/.local/lib/python3.6/site-packages/airflow/example_dags/example_latest_only_with_trigger.py
[2021-06-15 03:47:34,138] {logging_mixin.py:104} INFO - [2021-06-15 03:47:34,138] {dag.py:1832} INFO - Sync 1 DAGs
[2021-06-15 03:47:34,206] {logging_mixin.py:104} INFO - [2021-06-15 03:47:34,205] {dag.py:2305} INFO - Setting next_dagrun for latest_only_with_trigger to 2021-06-13 00:00:00+00:00
[2021-06-15 03:47:34,246] {scheduler_job.py:190} INFO - Processing /home/airflow/.local/lib/python3.6/site-packages/airflow/example_dags/example_latest_only_with_trigger.py took 0.285 seconds
[2021-06-15 03:48:04,538] {scheduler_job.py:182} INFO - Started process (PID=2844) to work on /home/airflow/.local/lib/python3.6/site-packages/airflow/example_dags/example_latest_only_with_trigger.py
[2021-06-15 03:48:04,547] {scheduler_job.py:633} INFO - Processing file /home/airflow/.local/lib/python3.6/site-packages/airflow/example_dags/example_latest_only_with_trigger.py for tasks to queue
[2021-06-15 03:48:04,554] {logging_mixin.py:104} INFO - [2021-06-15 03:48:04,553] {dagbag.py:487} INFO - Filling up the DagBag from /home/airflow/.local/lib/python3.6/site-packages/airflow/example_dags/example_latest_only_with_trigger.py
[2021-06-15 03:48:04,627] {scheduler_job.py:643} INFO - DAG(s) dict_keys(['latest_only_with_trigger']) retrieved from /home/airflow/.local/lib/python3.6/site-packages/airflow/example_dags/example_latest_only_with_trigger.py
[2021-06-15 03:48:04,724] {logging_mixin.py:104} INFO - [2021-06-15 03:48:04,723] {dag.py:1832} INFO - Sync 1 DAGs
[2021-06-15 03:48:04,790] {logging_mixin.py:104} INFO - [2021-06-15 03:48:04,790] {dag.py:2305} INFO - Setting next_dagrun for latest_only_with_trigger to 2021-06-13 00:00:00+00:00
[2021-06-15 03:48:04,830] {scheduler_job.py:190} INFO - Processing /home/airflow/.local/lib/python3.6/site-packages/airflow/example_dags/example_latest_only_with_trigger.py took 0.311 seconds
[2021-06-15 03:48:35,148] {scheduler_job.py:182} INFO - Started process (PID=2912) to work on /home/airflow/.local/lib/python3.6/site-packages/airflow/example_dags/example_latest_only_with_trigger.py
[2021-06-15 03:48:35,156] {scheduler_job.py:633} INFO - Processing file /home/airflow/.local/lib/python3.6/site-packages/airflow/example_dags/example_latest_only_with_trigger.py for tasks to queue
[2021-06-15 03:48:35,161] {logging_mixin.py:104} INFO - [2021-06-15 03:48:35,161] {dagbag.py:487} INFO - Filling up the DagBag from /home/airflow/.local/lib/python3.6/site-packages/airflow/example_dags/example_latest_only_with_trigger.py
[2021-06-15 03:48:35,216] {scheduler_job.py:643} INFO - DAG(s) dict_keys(['latest_only_with_trigger']) retrieved from /home/airflow/.local/lib/python3.6/site-packages/airflow/example_dags/example_latest_only_with_trigger.py
[2021-06-15 03:48:35,332] {logging_mixin.py:104} INFO - [2021-06-15 03:48:35,332] {dag.py:1832} INFO - Sync 1 DAGs
[2021-06-15 03:48:35,400] {logging_mixin.py:104} INFO - [2021-06-15 03:48:35,399] {dag.py:2305} INFO - Setting next_dagrun for latest_only_with_trigger to 2021-06-13 00:00:00+00:00
[2021-06-15 03:48:35,442] {scheduler_job.py:190} INFO - Processing /home/airflow/.local/lib/python3.6/site-packages/airflow/example_dags/example_latest_only_with_trigger.py took 0.315 seconds
[2021-06-15 03:49:05,735] {scheduler_job.py:182} INFO - Started process (PID=2972) to work on /home/airflow/.local/lib/python3.6/site-packages/airflow/example_dags/example_latest_only_with_trigger.py
[2021-06-15 03:49:05,742] {scheduler_job.py:633} INFO - Processing file /home/airflow/.local/lib/python3.6/site-packages/airflow/example_dags/example_latest_only_with_trigger.py for tasks to queue
[2021-06-15 03:49:05,747] {logging_mixin.py:104} INFO - [2021-06-15 03:49:05,746] {dagbag.py:487} INFO - Filling up the DagBag from /home/airflow/.local/lib/python3.6/site-packages/airflow/example_dags/example_latest_only_with_trigger.py
[2021-06-15 03:49:05,806] {scheduler_job.py:643} INFO - DAG(s) dict_keys(['latest_only_with_trigger']) retrieved from /home/airflow/.local/lib/python3.6/site-packages/airflow/example_dags/example_latest_only_with_trigger.py
[2021-06-15 03:49:05,909] {logging_mixin.py:104} INFO - [2021-06-15 03:49:05,908] {dag.py:1832} INFO - Sync 1 DAGs
[2021-06-15 03:49:05,977] {logging_mixin.py:104} INFO - [2021-06-15 03:49:05,977] {dag.py:2305} INFO - Setting next_dagrun for latest_only_with_trigger to 2021-06-13 00:00:00+00:00
[2021-06-15 03:49:06,026] {scheduler_job.py:190} INFO - Processing /home/airflow/.local/lib/python3.6/site-packages/airflow/example_dags/example_latest_only_with_trigger.py took 0.306 seconds
