[2021-06-15 03:25:19,630] {scheduler_job.py:182} INFO - Started process (PID=66) to work on /home/airflow/.local/lib/python3.6/site-packages/airflow/example_dags/example_branch_labels.py
[2021-06-15 03:25:19,645] {scheduler_job.py:633} INFO - Processing file /home/airflow/.local/lib/python3.6/site-packages/airflow/example_dags/example_branch_labels.py for tasks to queue
[2021-06-15 03:25:19,681] {logging_mixin.py:104} INFO - [2021-06-15 03:25:19,680] {dagbag.py:487} INFO - Filling up the DagBag from /home/airflow/.local/lib/python3.6/site-packages/airflow/example_dags/example_branch_labels.py
[2021-06-15 03:25:19,752] {scheduler_job.py:643} INFO - DAG(s) dict_keys(['example_branch_labels']) retrieved from /home/airflow/.local/lib/python3.6/site-packages/airflow/example_dags/example_branch_labels.py
[2021-06-15 03:25:21,043] {logging_mixin.py:104} INFO - [2021-06-15 03:25:21,043] {dag.py:1832} INFO - Sync 1 DAGs
[2021-06-15 03:25:21,163] {logging_mixin.py:104} INFO - [2021-06-15 03:25:21,163] {dag.py:2305} INFO - Setting next_dagrun for example_branch_labels to 2021-06-13 00:00:00+00:00
[2021-06-15 03:25:21,223] {scheduler_job.py:190} INFO - Processing /home/airflow/.local/lib/python3.6/site-packages/airflow/example_dags/example_branch_labels.py took 1.622 seconds
[2021-06-15 03:25:52,291] {scheduler_job.py:182} INFO - Started process (PID=135) to work on /home/airflow/.local/lib/python3.6/site-packages/airflow/example_dags/example_branch_labels.py
[2021-06-15 03:25:52,304] {scheduler_job.py:633} INFO - Processing file /home/airflow/.local/lib/python3.6/site-packages/airflow/example_dags/example_branch_labels.py for tasks to queue
[2021-06-15 03:25:52,314] {logging_mixin.py:104} INFO - [2021-06-15 03:25:52,313] {dagbag.py:487} INFO - Filling up the DagBag from /home/airflow/.local/lib/python3.6/site-packages/airflow/example_dags/example_branch_labels.py
[2021-06-15 03:25:52,446] {scheduler_job.py:643} INFO - DAG(s) dict_keys(['example_branch_labels']) retrieved from /home/airflow/.local/lib/python3.6/site-packages/airflow/example_dags/example_branch_labels.py
[2021-06-15 03:25:52,629] {logging_mixin.py:104} INFO - [2021-06-15 03:25:52,628] {dag.py:1832} INFO - Sync 1 DAGs
[2021-06-15 03:25:52,772] {logging_mixin.py:104} INFO - [2021-06-15 03:25:52,771] {dag.py:2305} INFO - Setting next_dagrun for example_branch_labels to 2021-06-13 00:00:00+00:00
[2021-06-15 03:25:52,820] {scheduler_job.py:190} INFO - Processing /home/airflow/.local/lib/python3.6/site-packages/airflow/example_dags/example_branch_labels.py took 0.572 seconds
[2021-06-15 03:26:23,049] {scheduler_job.py:182} INFO - Started process (PID=193) to work on /home/airflow/.local/lib/python3.6/site-packages/airflow/example_dags/example_branch_labels.py
[2021-06-15 03:26:23,065] {scheduler_job.py:633} INFO - Processing file /home/airflow/.local/lib/python3.6/site-packages/airflow/example_dags/example_branch_labels.py for tasks to queue
[2021-06-15 03:26:23,074] {logging_mixin.py:104} INFO - [2021-06-15 03:26:23,073] {dagbag.py:487} INFO - Filling up the DagBag from /home/airflow/.local/lib/python3.6/site-packages/airflow/example_dags/example_branch_labels.py
[2021-06-15 03:26:23,156] {scheduler_job.py:643} INFO - DAG(s) dict_keys(['example_branch_labels']) retrieved from /home/airflow/.local/lib/python3.6/site-packages/airflow/example_dags/example_branch_labels.py
[2021-06-15 03:26:23,316] {logging_mixin.py:104} INFO - [2021-06-15 03:26:23,315] {dag.py:1832} INFO - Sync 1 DAGs
[2021-06-15 03:26:23,491] {logging_mixin.py:104} INFO - [2021-06-15 03:26:23,490] {dag.py:2305} INFO - Setting next_dagrun for example_branch_labels to 2021-06-13 00:00:00+00:00
[2021-06-15 03:26:23,576] {scheduler_job.py:190} INFO - Processing /home/airflow/.local/lib/python3.6/site-packages/airflow/example_dags/example_branch_labels.py took 0.561 seconds
[2021-06-15 03:26:54,197] {scheduler_job.py:182} INFO - Started process (PID=253) to work on /home/airflow/.local/lib/python3.6/site-packages/airflow/example_dags/example_branch_labels.py
[2021-06-15 03:26:54,213] {scheduler_job.py:633} INFO - Processing file /home/airflow/.local/lib/python3.6/site-packages/airflow/example_dags/example_branch_labels.py for tasks to queue
[2021-06-15 03:26:54,222] {logging_mixin.py:104} INFO - [2021-06-15 03:26:54,221] {dagbag.py:487} INFO - Filling up the DagBag from /home/airflow/.local/lib/python3.6/site-packages/airflow/example_dags/example_branch_labels.py
[2021-06-15 03:26:54,301] {scheduler_job.py:643} INFO - DAG(s) dict_keys(['example_branch_labels']) retrieved from /home/airflow/.local/lib/python3.6/site-packages/airflow/example_dags/example_branch_labels.py
[2021-06-15 03:26:54,420] {logging_mixin.py:104} INFO - [2021-06-15 03:26:54,420] {dag.py:1832} INFO - Sync 1 DAGs
[2021-06-15 03:26:54,512] {logging_mixin.py:104} INFO - [2021-06-15 03:26:54,512] {dag.py:2305} INFO - Setting next_dagrun for example_branch_labels to 2021-06-13 00:00:00+00:00
[2021-06-15 03:26:54,555] {scheduler_job.py:190} INFO - Processing /home/airflow/.local/lib/python3.6/site-packages/airflow/example_dags/example_branch_labels.py took 0.396 seconds
[2021-06-15 03:27:25,088] {scheduler_job.py:182} INFO - Started process (PID=320) to work on /home/airflow/.local/lib/python3.6/site-packages/airflow/example_dags/example_branch_labels.py
[2021-06-15 03:27:25,098] {scheduler_job.py:633} INFO - Processing file /home/airflow/.local/lib/python3.6/site-packages/airflow/example_dags/example_branch_labels.py for tasks to queue
[2021-06-15 03:27:25,109] {logging_mixin.py:104} INFO - [2021-06-15 03:27:25,107] {dagbag.py:487} INFO - Filling up the DagBag from /home/airflow/.local/lib/python3.6/site-packages/airflow/example_dags/example_branch_labels.py
[2021-06-15 03:27:25,187] {scheduler_job.py:643} INFO - DAG(s) dict_keys(['example_branch_labels']) retrieved from /home/airflow/.local/lib/python3.6/site-packages/airflow/example_dags/example_branch_labels.py
[2021-06-15 03:27:25,312] {logging_mixin.py:104} INFO - [2021-06-15 03:27:25,311] {dag.py:1832} INFO - Sync 1 DAGs
[2021-06-15 03:27:25,409] {logging_mixin.py:104} INFO - [2021-06-15 03:27:25,409] {dag.py:2305} INFO - Setting next_dagrun for example_branch_labels to 2021-06-13 00:00:00+00:00
[2021-06-15 03:27:25,483] {scheduler_job.py:190} INFO - Processing /home/airflow/.local/lib/python3.6/site-packages/airflow/example_dags/example_branch_labels.py took 0.440 seconds
[2021-06-15 03:27:55,953] {scheduler_job.py:182} INFO - Started process (PID=381) to work on /home/airflow/.local/lib/python3.6/site-packages/airflow/example_dags/example_branch_labels.py
[2021-06-15 03:27:55,964] {scheduler_job.py:633} INFO - Processing file /home/airflow/.local/lib/python3.6/site-packages/airflow/example_dags/example_branch_labels.py for tasks to queue
[2021-06-15 03:27:55,971] {logging_mixin.py:104} INFO - [2021-06-15 03:27:55,970] {dagbag.py:487} INFO - Filling up the DagBag from /home/airflow/.local/lib/python3.6/site-packages/airflow/example_dags/example_branch_labels.py
[2021-06-15 03:27:56,061] {scheduler_job.py:643} INFO - DAG(s) dict_keys(['example_branch_labels']) retrieved from /home/airflow/.local/lib/python3.6/site-packages/airflow/example_dags/example_branch_labels.py
[2021-06-15 03:27:56,206] {logging_mixin.py:104} INFO - [2021-06-15 03:27:56,206] {dag.py:1832} INFO - Sync 1 DAGs
[2021-06-15 03:27:56,329] {logging_mixin.py:104} INFO - [2021-06-15 03:27:56,328] {dag.py:2305} INFO - Setting next_dagrun for example_branch_labels to 2021-06-13 00:00:00+00:00
[2021-06-15 03:27:56,391] {scheduler_job.py:190} INFO - Processing /home/airflow/.local/lib/python3.6/site-packages/airflow/example_dags/example_branch_labels.py took 0.457 seconds
[2021-06-15 03:28:26,592] {scheduler_job.py:182} INFO - Started process (PID=445) to work on /home/airflow/.local/lib/python3.6/site-packages/airflow/example_dags/example_branch_labels.py
[2021-06-15 03:28:26,602] {scheduler_job.py:633} INFO - Processing file /home/airflow/.local/lib/python3.6/site-packages/airflow/example_dags/example_branch_labels.py for tasks to queue
[2021-06-15 03:28:26,612] {logging_mixin.py:104} INFO - [2021-06-15 03:28:26,610] {dagbag.py:487} INFO - Filling up the DagBag from /home/airflow/.local/lib/python3.6/site-packages/airflow/example_dags/example_branch_labels.py
[2021-06-15 03:28:26,714] {scheduler_job.py:643} INFO - DAG(s) dict_keys(['example_branch_labels']) retrieved from /home/airflow/.local/lib/python3.6/site-packages/airflow/example_dags/example_branch_labels.py
[2021-06-15 03:28:26,896] {logging_mixin.py:104} INFO - [2021-06-15 03:28:26,895] {dag.py:1832} INFO - Sync 1 DAGs
[2021-06-15 03:28:27,053] {logging_mixin.py:104} INFO - [2021-06-15 03:28:27,051] {dag.py:2305} INFO - Setting next_dagrun for example_branch_labels to 2021-06-13 00:00:00+00:00
[2021-06-15 03:28:27,111] {scheduler_job.py:190} INFO - Processing /home/airflow/.local/lib/python3.6/site-packages/airflow/example_dags/example_branch_labels.py took 0.545 seconds
[2021-06-15 03:28:57,465] {scheduler_job.py:182} INFO - Started process (PID=504) to work on /home/airflow/.local/lib/python3.6/site-packages/airflow/example_dags/example_branch_labels.py
[2021-06-15 03:28:57,474] {scheduler_job.py:633} INFO - Processing file /home/airflow/.local/lib/python3.6/site-packages/airflow/example_dags/example_branch_labels.py for tasks to queue
[2021-06-15 03:28:57,481] {logging_mixin.py:104} INFO - [2021-06-15 03:28:57,480] {dagbag.py:487} INFO - Filling up the DagBag from /home/airflow/.local/lib/python3.6/site-packages/airflow/example_dags/example_branch_labels.py
[2021-06-15 03:28:57,554] {scheduler_job.py:643} INFO - DAG(s) dict_keys(['example_branch_labels']) retrieved from /home/airflow/.local/lib/python3.6/site-packages/airflow/example_dags/example_branch_labels.py
[2021-06-15 03:28:57,679] {logging_mixin.py:104} INFO - [2021-06-15 03:28:57,678] {dag.py:1832} INFO - Sync 1 DAGs
[2021-06-15 03:28:57,771] {logging_mixin.py:104} INFO - [2021-06-15 03:28:57,771] {dag.py:2305} INFO - Setting next_dagrun for example_branch_labels to 2021-06-13 00:00:00+00:00
[2021-06-15 03:28:57,815] {scheduler_job.py:190} INFO - Processing /home/airflow/.local/lib/python3.6/site-packages/airflow/example_dags/example_branch_labels.py took 0.369 seconds
[2021-06-15 03:29:28,207] {scheduler_job.py:182} INFO - Started process (PID=572) to work on /home/airflow/.local/lib/python3.6/site-packages/airflow/example_dags/example_branch_labels.py
[2021-06-15 03:29:28,217] {scheduler_job.py:633} INFO - Processing file /home/airflow/.local/lib/python3.6/site-packages/airflow/example_dags/example_branch_labels.py for tasks to queue
[2021-06-15 03:29:28,224] {logging_mixin.py:104} INFO - [2021-06-15 03:29:28,223] {dagbag.py:487} INFO - Filling up the DagBag from /home/airflow/.local/lib/python3.6/site-packages/airflow/example_dags/example_branch_labels.py
[2021-06-15 03:29:28,296] {scheduler_job.py:643} INFO - DAG(s) dict_keys(['example_branch_labels']) retrieved from /home/airflow/.local/lib/python3.6/site-packages/airflow/example_dags/example_branch_labels.py
[2021-06-15 03:29:28,436] {logging_mixin.py:104} INFO - [2021-06-15 03:29:28,436] {dag.py:1832} INFO - Sync 1 DAGs
[2021-06-15 03:29:28,541] {logging_mixin.py:104} INFO - [2021-06-15 03:29:28,541] {dag.py:2305} INFO - Setting next_dagrun for example_branch_labels to 2021-06-13 00:00:00+00:00
[2021-06-15 03:29:28,587] {scheduler_job.py:190} INFO - Processing /home/airflow/.local/lib/python3.6/site-packages/airflow/example_dags/example_branch_labels.py took 0.396 seconds
[2021-06-15 03:29:59,118] {scheduler_job.py:182} INFO - Started process (PID=630) to work on /home/airflow/.local/lib/python3.6/site-packages/airflow/example_dags/example_branch_labels.py
[2021-06-15 03:29:59,152] {scheduler_job.py:633} INFO - Processing file /home/airflow/.local/lib/python3.6/site-packages/airflow/example_dags/example_branch_labels.py for tasks to queue
[2021-06-15 03:29:59,160] {logging_mixin.py:104} INFO - [2021-06-15 03:29:59,158] {dagbag.py:487} INFO - Filling up the DagBag from /home/airflow/.local/lib/python3.6/site-packages/airflow/example_dags/example_branch_labels.py
[2021-06-15 03:29:59,266] {scheduler_job.py:643} INFO - DAG(s) dict_keys(['example_branch_labels']) retrieved from /home/airflow/.local/lib/python3.6/site-packages/airflow/example_dags/example_branch_labels.py
[2021-06-15 03:29:59,435] {logging_mixin.py:104} INFO - [2021-06-15 03:29:59,435] {dag.py:1832} INFO - Sync 1 DAGs
[2021-06-15 03:29:59,570] {logging_mixin.py:104} INFO - [2021-06-15 03:29:59,569] {dag.py:2305} INFO - Setting next_dagrun for example_branch_labels to 2021-06-13 00:00:00+00:00
[2021-06-15 03:29:59,626] {scheduler_job.py:190} INFO - Processing /home/airflow/.local/lib/python3.6/site-packages/airflow/example_dags/example_branch_labels.py took 0.527 seconds
[2021-06-15 03:30:30,013] {scheduler_job.py:182} INFO - Started process (PID=687) to work on /home/airflow/.local/lib/python3.6/site-packages/airflow/example_dags/example_branch_labels.py
[2021-06-15 03:30:30,019] {scheduler_job.py:633} INFO - Processing file /home/airflow/.local/lib/python3.6/site-packages/airflow/example_dags/example_branch_labels.py for tasks to queue
[2021-06-15 03:30:30,023] {logging_mixin.py:104} INFO - [2021-06-15 03:30:30,023] {dagbag.py:487} INFO - Filling up the DagBag from /home/airflow/.local/lib/python3.6/site-packages/airflow/example_dags/example_branch_labels.py
[2021-06-15 03:30:30,074] {scheduler_job.py:643} INFO - DAG(s) dict_keys(['example_branch_labels']) retrieved from /home/airflow/.local/lib/python3.6/site-packages/airflow/example_dags/example_branch_labels.py
[2021-06-15 03:30:30,184] {logging_mixin.py:104} INFO - [2021-06-15 03:30:30,183] {dag.py:1832} INFO - Sync 1 DAGs
[2021-06-15 03:30:30,263] {logging_mixin.py:104} INFO - [2021-06-15 03:30:30,262] {dag.py:2305} INFO - Setting next_dagrun for example_branch_labels to 2021-06-13 00:00:00+00:00
[2021-06-15 03:30:30,299] {scheduler_job.py:190} INFO - Processing /home/airflow/.local/lib/python3.6/site-packages/airflow/example_dags/example_branch_labels.py took 0.299 seconds
[2021-06-15 03:31:00,379] {scheduler_job.py:182} INFO - Started process (PID=754) to work on /home/airflow/.local/lib/python3.6/site-packages/airflow/example_dags/example_branch_labels.py
[2021-06-15 03:31:00,386] {scheduler_job.py:633} INFO - Processing file /home/airflow/.local/lib/python3.6/site-packages/airflow/example_dags/example_branch_labels.py for tasks to queue
[2021-06-15 03:31:00,392] {logging_mixin.py:104} INFO - [2021-06-15 03:31:00,392] {dagbag.py:487} INFO - Filling up the DagBag from /home/airflow/.local/lib/python3.6/site-packages/airflow/example_dags/example_branch_labels.py
[2021-06-15 03:31:00,457] {scheduler_job.py:643} INFO - DAG(s) dict_keys(['example_branch_labels']) retrieved from /home/airflow/.local/lib/python3.6/site-packages/airflow/example_dags/example_branch_labels.py
[2021-06-15 03:31:00,550] {logging_mixin.py:104} INFO - [2021-06-15 03:31:00,550] {dag.py:1832} INFO - Sync 1 DAGs
[2021-06-15 03:31:00,626] {logging_mixin.py:104} INFO - [2021-06-15 03:31:00,626] {dag.py:2305} INFO - Setting next_dagrun for example_branch_labels to 2021-06-13 00:00:00+00:00
[2021-06-15 03:31:00,673] {scheduler_job.py:190} INFO - Processing /home/airflow/.local/lib/python3.6/site-packages/airflow/example_dags/example_branch_labels.py took 0.308 seconds
[2021-06-15 03:31:31,049] {scheduler_job.py:182} INFO - Started process (PID=823) to work on /home/airflow/.local/lib/python3.6/site-packages/airflow/example_dags/example_branch_labels.py
[2021-06-15 03:31:31,056] {scheduler_job.py:633} INFO - Processing file /home/airflow/.local/lib/python3.6/site-packages/airflow/example_dags/example_branch_labels.py for tasks to queue
[2021-06-15 03:31:31,062] {logging_mixin.py:104} INFO - [2021-06-15 03:31:31,061] {dagbag.py:487} INFO - Filling up the DagBag from /home/airflow/.local/lib/python3.6/site-packages/airflow/example_dags/example_branch_labels.py
[2021-06-15 03:31:31,122] {scheduler_job.py:643} INFO - DAG(s) dict_keys(['example_branch_labels']) retrieved from /home/airflow/.local/lib/python3.6/site-packages/airflow/example_dags/example_branch_labels.py
[2021-06-15 03:31:31,226] {logging_mixin.py:104} INFO - [2021-06-15 03:31:31,226] {dag.py:1832} INFO - Sync 1 DAGs
[2021-06-15 03:31:31,310] {logging_mixin.py:104} INFO - [2021-06-15 03:31:31,309] {dag.py:2305} INFO - Setting next_dagrun for example_branch_labels to 2021-06-13 00:00:00+00:00
[2021-06-15 03:31:31,345] {scheduler_job.py:190} INFO - Processing /home/airflow/.local/lib/python3.6/site-packages/airflow/example_dags/example_branch_labels.py took 0.312 seconds
[2021-06-15 03:32:01,974] {scheduler_job.py:182} INFO - Started process (PID=890) to work on /home/airflow/.local/lib/python3.6/site-packages/airflow/example_dags/example_branch_labels.py
[2021-06-15 03:32:01,983] {scheduler_job.py:633} INFO - Processing file /home/airflow/.local/lib/python3.6/site-packages/airflow/example_dags/example_branch_labels.py for tasks to queue
[2021-06-15 03:32:01,988] {logging_mixin.py:104} INFO - [2021-06-15 03:32:01,988] {dagbag.py:487} INFO - Filling up the DagBag from /home/airflow/.local/lib/python3.6/site-packages/airflow/example_dags/example_branch_labels.py
[2021-06-15 03:32:02,037] {scheduler_job.py:643} INFO - DAG(s) dict_keys(['example_branch_labels']) retrieved from /home/airflow/.local/lib/python3.6/site-packages/airflow/example_dags/example_branch_labels.py
[2021-06-15 03:32:02,153] {logging_mixin.py:104} INFO - [2021-06-15 03:32:02,151] {dag.py:1832} INFO - Sync 1 DAGs
[2021-06-15 03:32:02,253] {logging_mixin.py:104} INFO - [2021-06-15 03:32:02,252] {dag.py:2305} INFO - Setting next_dagrun for example_branch_labels to 2021-06-13 00:00:00+00:00
[2021-06-15 03:32:02,294] {scheduler_job.py:190} INFO - Processing /home/airflow/.local/lib/python3.6/site-packages/airflow/example_dags/example_branch_labels.py took 0.333 seconds
[2021-06-15 03:32:32,609] {scheduler_job.py:182} INFO - Started process (PID=951) to work on /home/airflow/.local/lib/python3.6/site-packages/airflow/example_dags/example_branch_labels.py
[2021-06-15 03:32:32,618] {scheduler_job.py:633} INFO - Processing file /home/airflow/.local/lib/python3.6/site-packages/airflow/example_dags/example_branch_labels.py for tasks to queue
[2021-06-15 03:32:32,625] {logging_mixin.py:104} INFO - [2021-06-15 03:32:32,625] {dagbag.py:487} INFO - Filling up the DagBag from /home/airflow/.local/lib/python3.6/site-packages/airflow/example_dags/example_branch_labels.py
[2021-06-15 03:32:32,719] {scheduler_job.py:643} INFO - DAG(s) dict_keys(['example_branch_labels']) retrieved from /home/airflow/.local/lib/python3.6/site-packages/airflow/example_dags/example_branch_labels.py
[2021-06-15 03:32:32,854] {logging_mixin.py:104} INFO - [2021-06-15 03:32:32,853] {dag.py:1832} INFO - Sync 1 DAGs
[2021-06-15 03:32:32,986] {logging_mixin.py:104} INFO - [2021-06-15 03:32:32,985] {dag.py:2305} INFO - Setting next_dagrun for example_branch_labels to 2021-06-13 00:00:00+00:00
[2021-06-15 03:32:33,041] {scheduler_job.py:190} INFO - Processing /home/airflow/.local/lib/python3.6/site-packages/airflow/example_dags/example_branch_labels.py took 0.454 seconds
[2021-06-15 03:33:03,527] {scheduler_job.py:182} INFO - Started process (PID=1008) to work on /home/airflow/.local/lib/python3.6/site-packages/airflow/example_dags/example_branch_labels.py
[2021-06-15 03:33:03,535] {scheduler_job.py:633} INFO - Processing file /home/airflow/.local/lib/python3.6/site-packages/airflow/example_dags/example_branch_labels.py for tasks to queue
[2021-06-15 03:33:03,541] {logging_mixin.py:104} INFO - [2021-06-15 03:33:03,541] {dagbag.py:487} INFO - Filling up the DagBag from /home/airflow/.local/lib/python3.6/site-packages/airflow/example_dags/example_branch_labels.py
[2021-06-15 03:33:03,602] {scheduler_job.py:643} INFO - DAG(s) dict_keys(['example_branch_labels']) retrieved from /home/airflow/.local/lib/python3.6/site-packages/airflow/example_dags/example_branch_labels.py
[2021-06-15 03:33:03,705] {logging_mixin.py:104} INFO - [2021-06-15 03:33:03,705] {dag.py:1832} INFO - Sync 1 DAGs
[2021-06-15 03:33:03,807] {logging_mixin.py:104} INFO - [2021-06-15 03:33:03,807] {dag.py:2305} INFO - Setting next_dagrun for example_branch_labels to 2021-06-13 00:00:00+00:00
[2021-06-15 03:33:03,849] {scheduler_job.py:190} INFO - Processing /home/airflow/.local/lib/python3.6/site-packages/airflow/example_dags/example_branch_labels.py took 0.341 seconds
[2021-06-15 03:33:34,224] {scheduler_job.py:182} INFO - Started process (PID=1076) to work on /home/airflow/.local/lib/python3.6/site-packages/airflow/example_dags/example_branch_labels.py
[2021-06-15 03:33:34,233] {scheduler_job.py:633} INFO - Processing file /home/airflow/.local/lib/python3.6/site-packages/airflow/example_dags/example_branch_labels.py for tasks to queue
[2021-06-15 03:33:34,242] {logging_mixin.py:104} INFO - [2021-06-15 03:33:34,241] {dagbag.py:487} INFO - Filling up the DagBag from /home/airflow/.local/lib/python3.6/site-packages/airflow/example_dags/example_branch_labels.py
[2021-06-15 03:33:34,298] {scheduler_job.py:643} INFO - DAG(s) dict_keys(['example_branch_labels']) retrieved from /home/airflow/.local/lib/python3.6/site-packages/airflow/example_dags/example_branch_labels.py
[2021-06-15 03:33:34,409] {logging_mixin.py:104} INFO - [2021-06-15 03:33:34,409] {dag.py:1832} INFO - Sync 1 DAGs
[2021-06-15 03:33:34,497] {logging_mixin.py:104} INFO - [2021-06-15 03:33:34,497] {dag.py:2305} INFO - Setting next_dagrun for example_branch_labels to 2021-06-13 00:00:00+00:00
[2021-06-15 03:33:34,535] {scheduler_job.py:190} INFO - Processing /home/airflow/.local/lib/python3.6/site-packages/airflow/example_dags/example_branch_labels.py took 0.325 seconds
[2021-06-15 03:34:04,948] {scheduler_job.py:182} INFO - Started process (PID=1144) to work on /home/airflow/.local/lib/python3.6/site-packages/airflow/example_dags/example_branch_labels.py
[2021-06-15 03:34:04,959] {scheduler_job.py:633} INFO - Processing file /home/airflow/.local/lib/python3.6/site-packages/airflow/example_dags/example_branch_labels.py for tasks to queue
[2021-06-15 03:34:04,965] {logging_mixin.py:104} INFO - [2021-06-15 03:34:04,964] {dagbag.py:487} INFO - Filling up the DagBag from /home/airflow/.local/lib/python3.6/site-packages/airflow/example_dags/example_branch_labels.py
[2021-06-15 03:34:05,051] {scheduler_job.py:643} INFO - DAG(s) dict_keys(['example_branch_labels']) retrieved from /home/airflow/.local/lib/python3.6/site-packages/airflow/example_dags/example_branch_labels.py
[2021-06-15 03:34:05,194] {logging_mixin.py:104} INFO - [2021-06-15 03:34:05,194] {dag.py:1832} INFO - Sync 1 DAGs
[2021-06-15 03:34:05,315] {logging_mixin.py:104} INFO - [2021-06-15 03:34:05,315] {dag.py:2305} INFO - Setting next_dagrun for example_branch_labels to 2021-06-13 00:00:00+00:00
[2021-06-15 03:34:05,358] {scheduler_job.py:190} INFO - Processing /home/airflow/.local/lib/python3.6/site-packages/airflow/example_dags/example_branch_labels.py took 0.435 seconds
[2021-06-15 03:34:35,463] {scheduler_job.py:182} INFO - Started process (PID=1204) to work on /home/airflow/.local/lib/python3.6/site-packages/airflow/example_dags/example_branch_labels.py
[2021-06-15 03:34:35,470] {scheduler_job.py:633} INFO - Processing file /home/airflow/.local/lib/python3.6/site-packages/airflow/example_dags/example_branch_labels.py for tasks to queue
[2021-06-15 03:34:35,475] {logging_mixin.py:104} INFO - [2021-06-15 03:34:35,474] {dagbag.py:487} INFO - Filling up the DagBag from /home/airflow/.local/lib/python3.6/site-packages/airflow/example_dags/example_branch_labels.py
[2021-06-15 03:34:35,526] {scheduler_job.py:643} INFO - DAG(s) dict_keys(['example_branch_labels']) retrieved from /home/airflow/.local/lib/python3.6/site-packages/airflow/example_dags/example_branch_labels.py
[2021-06-15 03:34:35,618] {logging_mixin.py:104} INFO - [2021-06-15 03:34:35,618] {dag.py:1832} INFO - Sync 1 DAGs
[2021-06-15 03:34:35,688] {logging_mixin.py:104} INFO - [2021-06-15 03:34:35,688] {dag.py:2305} INFO - Setting next_dagrun for example_branch_labels to 2021-06-13 00:00:00+00:00
[2021-06-15 03:34:35,722] {scheduler_job.py:190} INFO - Processing /home/airflow/.local/lib/python3.6/site-packages/airflow/example_dags/example_branch_labels.py took 0.273 seconds
[2021-06-15 03:35:06,232] {scheduler_job.py:182} INFO - Started process (PID=1260) to work on /home/airflow/.local/lib/python3.6/site-packages/airflow/example_dags/example_branch_labels.py
[2021-06-15 03:35:06,239] {scheduler_job.py:633} INFO - Processing file /home/airflow/.local/lib/python3.6/site-packages/airflow/example_dags/example_branch_labels.py for tasks to queue
[2021-06-15 03:35:06,244] {logging_mixin.py:104} INFO - [2021-06-15 03:35:06,243] {dagbag.py:487} INFO - Filling up the DagBag from /home/airflow/.local/lib/python3.6/site-packages/airflow/example_dags/example_branch_labels.py
[2021-06-15 03:35:06,310] {scheduler_job.py:643} INFO - DAG(s) dict_keys(['example_branch_labels']) retrieved from /home/airflow/.local/lib/python3.6/site-packages/airflow/example_dags/example_branch_labels.py
[2021-06-15 03:35:06,433] {logging_mixin.py:104} INFO - [2021-06-15 03:35:06,433] {dag.py:1832} INFO - Sync 1 DAGs
[2021-06-15 03:35:06,531] {logging_mixin.py:104} INFO - [2021-06-15 03:35:06,530] {dag.py:2305} INFO - Setting next_dagrun for example_branch_labels to 2021-06-13 00:00:00+00:00
[2021-06-15 03:35:06,577] {scheduler_job.py:190} INFO - Processing /home/airflow/.local/lib/python3.6/site-packages/airflow/example_dags/example_branch_labels.py took 0.359 seconds
[2021-06-15 03:35:37,067] {scheduler_job.py:182} INFO - Started process (PID=1328) to work on /home/airflow/.local/lib/python3.6/site-packages/airflow/example_dags/example_branch_labels.py
[2021-06-15 03:35:37,076] {scheduler_job.py:633} INFO - Processing file /home/airflow/.local/lib/python3.6/site-packages/airflow/example_dags/example_branch_labels.py for tasks to queue
[2021-06-15 03:35:37,081] {logging_mixin.py:104} INFO - [2021-06-15 03:35:37,081] {dagbag.py:487} INFO - Filling up the DagBag from /home/airflow/.local/lib/python3.6/site-packages/airflow/example_dags/example_branch_labels.py
[2021-06-15 03:35:37,139] {scheduler_job.py:643} INFO - DAG(s) dict_keys(['example_branch_labels']) retrieved from /home/airflow/.local/lib/python3.6/site-packages/airflow/example_dags/example_branch_labels.py
[2021-06-15 03:35:37,289] {logging_mixin.py:104} INFO - [2021-06-15 03:35:37,289] {dag.py:1832} INFO - Sync 1 DAGs
[2021-06-15 03:35:37,373] {logging_mixin.py:104} INFO - [2021-06-15 03:35:37,373] {dag.py:2305} INFO - Setting next_dagrun for example_branch_labels to 2021-06-13 00:00:00+00:00
[2021-06-15 03:35:37,409] {scheduler_job.py:190} INFO - Processing /home/airflow/.local/lib/python3.6/site-packages/airflow/example_dags/example_branch_labels.py took 0.357 seconds
[2021-06-15 03:36:08,070] {scheduler_job.py:182} INFO - Started process (PID=1395) to work on /home/airflow/.local/lib/python3.6/site-packages/airflow/example_dags/example_branch_labels.py
[2021-06-15 03:36:08,075] {scheduler_job.py:633} INFO - Processing file /home/airflow/.local/lib/python3.6/site-packages/airflow/example_dags/example_branch_labels.py for tasks to queue
[2021-06-15 03:36:08,080] {logging_mixin.py:104} INFO - [2021-06-15 03:36:08,079] {dagbag.py:487} INFO - Filling up the DagBag from /home/airflow/.local/lib/python3.6/site-packages/airflow/example_dags/example_branch_labels.py
[2021-06-15 03:36:08,129] {scheduler_job.py:643} INFO - DAG(s) dict_keys(['example_branch_labels']) retrieved from /home/airflow/.local/lib/python3.6/site-packages/airflow/example_dags/example_branch_labels.py
[2021-06-15 03:36:08,226] {logging_mixin.py:104} INFO - [2021-06-15 03:36:08,225] {dag.py:1832} INFO - Sync 1 DAGs
[2021-06-15 03:36:08,306] {logging_mixin.py:104} INFO - [2021-06-15 03:36:08,306] {dag.py:2305} INFO - Setting next_dagrun for example_branch_labels to 2021-06-13 00:00:00+00:00
[2021-06-15 03:36:08,342] {scheduler_job.py:190} INFO - Processing /home/airflow/.local/lib/python3.6/site-packages/airflow/example_dags/example_branch_labels.py took 0.287 seconds
[2021-06-15 03:36:38,983] {scheduler_job.py:182} INFO - Started process (PID=1456) to work on /home/airflow/.local/lib/python3.6/site-packages/airflow/example_dags/example_branch_labels.py
[2021-06-15 03:36:39,008] {scheduler_job.py:633} INFO - Processing file /home/airflow/.local/lib/python3.6/site-packages/airflow/example_dags/example_branch_labels.py for tasks to queue
[2021-06-15 03:36:39,016] {logging_mixin.py:104} INFO - [2021-06-15 03:36:39,015] {dagbag.py:487} INFO - Filling up the DagBag from /home/airflow/.local/lib/python3.6/site-packages/airflow/example_dags/example_branch_labels.py
[2021-06-15 03:36:39,111] {scheduler_job.py:643} INFO - DAG(s) dict_keys(['example_branch_labels']) retrieved from /home/airflow/.local/lib/python3.6/site-packages/airflow/example_dags/example_branch_labels.py
[2021-06-15 03:36:39,217] {logging_mixin.py:104} INFO - [2021-06-15 03:36:39,216] {dag.py:1832} INFO - Sync 1 DAGs
[2021-06-15 03:36:39,309] {logging_mixin.py:104} INFO - [2021-06-15 03:36:39,308] {dag.py:2305} INFO - Setting next_dagrun for example_branch_labels to 2021-06-13 00:00:00+00:00
[2021-06-15 03:36:39,351] {scheduler_job.py:190} INFO - Processing /home/airflow/.local/lib/python3.6/site-packages/airflow/example_dags/example_branch_labels.py took 0.400 seconds
[2021-06-15 03:37:09,769] {scheduler_job.py:182} INFO - Started process (PID=1513) to work on /home/airflow/.local/lib/python3.6/site-packages/airflow/example_dags/example_branch_labels.py
[2021-06-15 03:37:09,784] {scheduler_job.py:633} INFO - Processing file /home/airflow/.local/lib/python3.6/site-packages/airflow/example_dags/example_branch_labels.py for tasks to queue
[2021-06-15 03:37:09,790] {logging_mixin.py:104} INFO - [2021-06-15 03:37:09,789] {dagbag.py:487} INFO - Filling up the DagBag from /home/airflow/.local/lib/python3.6/site-packages/airflow/example_dags/example_branch_labels.py
[2021-06-15 03:37:09,863] {scheduler_job.py:643} INFO - DAG(s) dict_keys(['example_branch_labels']) retrieved from /home/airflow/.local/lib/python3.6/site-packages/airflow/example_dags/example_branch_labels.py
[2021-06-15 03:37:09,993] {logging_mixin.py:104} INFO - [2021-06-15 03:37:09,992] {dag.py:1832} INFO - Sync 1 DAGs
[2021-06-15 03:37:10,072] {logging_mixin.py:104} INFO - [2021-06-15 03:37:10,072] {dag.py:2305} INFO - Setting next_dagrun for example_branch_labels to 2021-06-13 00:00:00+00:00
[2021-06-15 03:37:10,109] {scheduler_job.py:190} INFO - Processing /home/airflow/.local/lib/python3.6/site-packages/airflow/example_dags/example_branch_labels.py took 0.360 seconds
[2021-06-15 03:37:40,508] {scheduler_job.py:182} INFO - Started process (PID=1580) to work on /home/airflow/.local/lib/python3.6/site-packages/airflow/example_dags/example_branch_labels.py
[2021-06-15 03:37:40,516] {scheduler_job.py:633} INFO - Processing file /home/airflow/.local/lib/python3.6/site-packages/airflow/example_dags/example_branch_labels.py for tasks to queue
[2021-06-15 03:37:40,521] {logging_mixin.py:104} INFO - [2021-06-15 03:37:40,521] {dagbag.py:487} INFO - Filling up the DagBag from /home/airflow/.local/lib/python3.6/site-packages/airflow/example_dags/example_branch_labels.py
[2021-06-15 03:37:40,574] {scheduler_job.py:643} INFO - DAG(s) dict_keys(['example_branch_labels']) retrieved from /home/airflow/.local/lib/python3.6/site-packages/airflow/example_dags/example_branch_labels.py
[2021-06-15 03:37:40,666] {logging_mixin.py:104} INFO - [2021-06-15 03:37:40,666] {dag.py:1832} INFO - Sync 1 DAGs
[2021-06-15 03:37:40,740] {logging_mixin.py:104} INFO - [2021-06-15 03:37:40,740] {dag.py:2305} INFO - Setting next_dagrun for example_branch_labels to 2021-06-13 00:00:00+00:00
[2021-06-15 03:37:40,776] {scheduler_job.py:190} INFO - Processing /home/airflow/.local/lib/python3.6/site-packages/airflow/example_dags/example_branch_labels.py took 0.291 seconds
[2021-06-15 03:38:10,997] {scheduler_job.py:182} INFO - Started process (PID=1648) to work on /home/airflow/.local/lib/python3.6/site-packages/airflow/example_dags/example_branch_labels.py
[2021-06-15 03:38:11,004] {scheduler_job.py:633} INFO - Processing file /home/airflow/.local/lib/python3.6/site-packages/airflow/example_dags/example_branch_labels.py for tasks to queue
[2021-06-15 03:38:11,008] {logging_mixin.py:104} INFO - [2021-06-15 03:38:11,008] {dagbag.py:487} INFO - Filling up the DagBag from /home/airflow/.local/lib/python3.6/site-packages/airflow/example_dags/example_branch_labels.py
[2021-06-15 03:38:11,093] {scheduler_job.py:643} INFO - DAG(s) dict_keys(['example_branch_labels']) retrieved from /home/airflow/.local/lib/python3.6/site-packages/airflow/example_dags/example_branch_labels.py
[2021-06-15 03:38:11,207] {logging_mixin.py:104} INFO - [2021-06-15 03:38:11,207] {dag.py:1832} INFO - Sync 1 DAGs
[2021-06-15 03:38:11,290] {logging_mixin.py:104} INFO - [2021-06-15 03:38:11,289] {dag.py:2305} INFO - Setting next_dagrun for example_branch_labels to 2021-06-13 00:00:00+00:00
[2021-06-15 03:38:11,349] {scheduler_job.py:190} INFO - Processing /home/airflow/.local/lib/python3.6/site-packages/airflow/example_dags/example_branch_labels.py took 0.367 seconds
[2021-06-15 03:38:41,905] {scheduler_job.py:182} INFO - Started process (PID=1715) to work on /home/airflow/.local/lib/python3.6/site-packages/airflow/example_dags/example_branch_labels.py
[2021-06-15 03:38:41,912] {scheduler_job.py:633} INFO - Processing file /home/airflow/.local/lib/python3.6/site-packages/airflow/example_dags/example_branch_labels.py for tasks to queue
[2021-06-15 03:38:41,918] {logging_mixin.py:104} INFO - [2021-06-15 03:38:41,917] {dagbag.py:487} INFO - Filling up the DagBag from /home/airflow/.local/lib/python3.6/site-packages/airflow/example_dags/example_branch_labels.py
[2021-06-15 03:38:41,983] {scheduler_job.py:643} INFO - DAG(s) dict_keys(['example_branch_labels']) retrieved from /home/airflow/.local/lib/python3.6/site-packages/airflow/example_dags/example_branch_labels.py
[2021-06-15 03:38:42,076] {logging_mixin.py:104} INFO - [2021-06-15 03:38:42,076] {dag.py:1832} INFO - Sync 1 DAGs
[2021-06-15 03:38:42,161] {logging_mixin.py:104} INFO - [2021-06-15 03:38:42,161] {dag.py:2305} INFO - Setting next_dagrun for example_branch_labels to 2021-06-13 00:00:00+00:00
[2021-06-15 03:38:42,197] {scheduler_job.py:190} INFO - Processing /home/airflow/.local/lib/python3.6/site-packages/airflow/example_dags/example_branch_labels.py took 0.315 seconds
[2021-06-15 03:39:12,438] {scheduler_job.py:182} INFO - Started process (PID=1764) to work on /home/airflow/.local/lib/python3.6/site-packages/airflow/example_dags/example_branch_labels.py
[2021-06-15 03:39:12,444] {scheduler_job.py:633} INFO - Processing file /home/airflow/.local/lib/python3.6/site-packages/airflow/example_dags/example_branch_labels.py for tasks to queue
[2021-06-15 03:39:12,450] {logging_mixin.py:104} INFO - [2021-06-15 03:39:12,449] {dagbag.py:487} INFO - Filling up the DagBag from /home/airflow/.local/lib/python3.6/site-packages/airflow/example_dags/example_branch_labels.py
[2021-06-15 03:39:12,511] {scheduler_job.py:643} INFO - DAG(s) dict_keys(['example_branch_labels']) retrieved from /home/airflow/.local/lib/python3.6/site-packages/airflow/example_dags/example_branch_labels.py
[2021-06-15 03:39:12,618] {logging_mixin.py:104} INFO - [2021-06-15 03:39:12,617] {dag.py:1832} INFO - Sync 1 DAGs
[2021-06-15 03:39:12,694] {logging_mixin.py:104} INFO - [2021-06-15 03:39:12,694] {dag.py:2305} INFO - Setting next_dagrun for example_branch_labels to 2021-06-13 00:00:00+00:00
[2021-06-15 03:39:12,730] {scheduler_job.py:190} INFO - Processing /home/airflow/.local/lib/python3.6/site-packages/airflow/example_dags/example_branch_labels.py took 0.307 seconds
[2021-06-15 03:39:43,412] {scheduler_job.py:182} INFO - Started process (PID=1830) to work on /home/airflow/.local/lib/python3.6/site-packages/airflow/example_dags/example_branch_labels.py
[2021-06-15 03:39:43,423] {scheduler_job.py:633} INFO - Processing file /home/airflow/.local/lib/python3.6/site-packages/airflow/example_dags/example_branch_labels.py for tasks to queue
[2021-06-15 03:39:43,432] {logging_mixin.py:104} INFO - [2021-06-15 03:39:43,432] {dagbag.py:487} INFO - Filling up the DagBag from /home/airflow/.local/lib/python3.6/site-packages/airflow/example_dags/example_branch_labels.py
[2021-06-15 03:39:43,527] {scheduler_job.py:643} INFO - DAG(s) dict_keys(['example_branch_labels']) retrieved from /home/airflow/.local/lib/python3.6/site-packages/airflow/example_dags/example_branch_labels.py
[2021-06-15 03:39:43,657] {logging_mixin.py:104} INFO - [2021-06-15 03:39:43,657] {dag.py:1832} INFO - Sync 1 DAGs
[2021-06-15 03:39:43,769] {logging_mixin.py:104} INFO - [2021-06-15 03:39:43,769] {dag.py:2305} INFO - Setting next_dagrun for example_branch_labels to 2021-06-13 00:00:00+00:00
[2021-06-15 03:39:43,813] {scheduler_job.py:190} INFO - Processing /home/airflow/.local/lib/python3.6/site-packages/airflow/example_dags/example_branch_labels.py took 0.429 seconds
[2021-06-15 03:40:14,852] {scheduler_job.py:182} INFO - Started process (PID=1897) to work on /home/airflow/.local/lib/python3.6/site-packages/airflow/example_dags/example_branch_labels.py
[2021-06-15 03:40:14,862] {scheduler_job.py:633} INFO - Processing file /home/airflow/.local/lib/python3.6/site-packages/airflow/example_dags/example_branch_labels.py for tasks to queue
[2021-06-15 03:40:14,869] {logging_mixin.py:104} INFO - [2021-06-15 03:40:14,868] {dagbag.py:487} INFO - Filling up the DagBag from /home/airflow/.local/lib/python3.6/site-packages/airflow/example_dags/example_branch_labels.py
[2021-06-15 03:40:14,930] {scheduler_job.py:643} INFO - DAG(s) dict_keys(['example_branch_labels']) retrieved from /home/airflow/.local/lib/python3.6/site-packages/airflow/example_dags/example_branch_labels.py
[2021-06-15 03:40:15,057] {logging_mixin.py:104} INFO - [2021-06-15 03:40:15,056] {dag.py:1832} INFO - Sync 1 DAGs
[2021-06-15 03:40:15,165] {logging_mixin.py:104} INFO - [2021-06-15 03:40:15,164] {dag.py:2305} INFO - Setting next_dagrun for example_branch_labels to 2021-06-13 00:00:00+00:00
[2021-06-15 03:40:15,203] {scheduler_job.py:190} INFO - Processing /home/airflow/.local/lib/python3.6/site-packages/airflow/example_dags/example_branch_labels.py took 0.370 seconds
[2021-06-15 03:40:45,850] {scheduler_job.py:182} INFO - Started process (PID=1958) to work on /home/airflow/.local/lib/python3.6/site-packages/airflow/example_dags/example_branch_labels.py
[2021-06-15 03:40:45,860] {scheduler_job.py:633} INFO - Processing file /home/airflow/.local/lib/python3.6/site-packages/airflow/example_dags/example_branch_labels.py for tasks to queue
[2021-06-15 03:40:45,867] {logging_mixin.py:104} INFO - [2021-06-15 03:40:45,867] {dagbag.py:487} INFO - Filling up the DagBag from /home/airflow/.local/lib/python3.6/site-packages/airflow/example_dags/example_branch_labels.py
[2021-06-15 03:40:45,947] {scheduler_job.py:643} INFO - DAG(s) dict_keys(['example_branch_labels']) retrieved from /home/airflow/.local/lib/python3.6/site-packages/airflow/example_dags/example_branch_labels.py
[2021-06-15 03:40:46,083] {logging_mixin.py:104} INFO - [2021-06-15 03:40:46,082] {dag.py:1832} INFO - Sync 1 DAGs
[2021-06-15 03:40:46,214] {logging_mixin.py:104} INFO - [2021-06-15 03:40:46,213] {dag.py:2305} INFO - Setting next_dagrun for example_branch_labels to 2021-06-13 00:00:00+00:00
[2021-06-15 03:40:46,275] {scheduler_job.py:190} INFO - Processing /home/airflow/.local/lib/python3.6/site-packages/airflow/example_dags/example_branch_labels.py took 0.444 seconds
[2021-06-15 03:41:17,172] {scheduler_job.py:182} INFO - Started process (PID=2015) to work on /home/airflow/.local/lib/python3.6/site-packages/airflow/example_dags/example_branch_labels.py
[2021-06-15 03:41:17,180] {scheduler_job.py:633} INFO - Processing file /home/airflow/.local/lib/python3.6/site-packages/airflow/example_dags/example_branch_labels.py for tasks to queue
[2021-06-15 03:41:17,185] {logging_mixin.py:104} INFO - [2021-06-15 03:41:17,185] {dagbag.py:487} INFO - Filling up the DagBag from /home/airflow/.local/lib/python3.6/site-packages/airflow/example_dags/example_branch_labels.py
[2021-06-15 03:41:17,253] {scheduler_job.py:643} INFO - DAG(s) dict_keys(['example_branch_labels']) retrieved from /home/airflow/.local/lib/python3.6/site-packages/airflow/example_dags/example_branch_labels.py
[2021-06-15 03:41:17,367] {logging_mixin.py:104} INFO - [2021-06-15 03:41:17,367] {dag.py:1832} INFO - Sync 1 DAGs
[2021-06-15 03:41:17,454] {logging_mixin.py:104} INFO - [2021-06-15 03:41:17,454] {dag.py:2305} INFO - Setting next_dagrun for example_branch_labels to 2021-06-13 00:00:00+00:00
[2021-06-15 03:41:17,494] {scheduler_job.py:190} INFO - Processing /home/airflow/.local/lib/python3.6/site-packages/airflow/example_dags/example_branch_labels.py took 0.342 seconds
[2021-06-15 03:41:47,666] {scheduler_job.py:182} INFO - Started process (PID=2082) to work on /home/airflow/.local/lib/python3.6/site-packages/airflow/example_dags/example_branch_labels.py
[2021-06-15 03:41:47,681] {scheduler_job.py:633} INFO - Processing file /home/airflow/.local/lib/python3.6/site-packages/airflow/example_dags/example_branch_labels.py for tasks to queue
[2021-06-15 03:41:47,691] {logging_mixin.py:104} INFO - [2021-06-15 03:41:47,690] {dagbag.py:487} INFO - Filling up the DagBag from /home/airflow/.local/lib/python3.6/site-packages/airflow/example_dags/example_branch_labels.py
[2021-06-15 03:41:47,769] {scheduler_job.py:643} INFO - DAG(s) dict_keys(['example_branch_labels']) retrieved from /home/airflow/.local/lib/python3.6/site-packages/airflow/example_dags/example_branch_labels.py
[2021-06-15 03:41:47,900] {logging_mixin.py:104} INFO - [2021-06-15 03:41:47,900] {dag.py:1832} INFO - Sync 1 DAGs
[2021-06-15 03:41:48,000] {logging_mixin.py:104} INFO - [2021-06-15 03:41:47,999] {dag.py:2305} INFO - Setting next_dagrun for example_branch_labels to 2021-06-13 00:00:00+00:00
[2021-06-15 03:41:48,049] {scheduler_job.py:190} INFO - Processing /home/airflow/.local/lib/python3.6/site-packages/airflow/example_dags/example_branch_labels.py took 0.404 seconds
[2021-06-15 03:42:19,018] {scheduler_job.py:182} INFO - Started process (PID=2142) to work on /home/airflow/.local/lib/python3.6/site-packages/airflow/example_dags/example_branch_labels.py
[2021-06-15 03:42:19,036] {scheduler_job.py:633} INFO - Processing file /home/airflow/.local/lib/python3.6/site-packages/airflow/example_dags/example_branch_labels.py for tasks to queue
[2021-06-15 03:42:19,049] {logging_mixin.py:104} INFO - [2021-06-15 03:42:19,048] {dagbag.py:487} INFO - Filling up the DagBag from /home/airflow/.local/lib/python3.6/site-packages/airflow/example_dags/example_branch_labels.py
[2021-06-15 03:42:19,134] {scheduler_job.py:643} INFO - DAG(s) dict_keys(['example_branch_labels']) retrieved from /home/airflow/.local/lib/python3.6/site-packages/airflow/example_dags/example_branch_labels.py
[2021-06-15 03:42:19,389] {logging_mixin.py:104} INFO - [2021-06-15 03:42:19,388] {dag.py:1832} INFO - Sync 1 DAGs
[2021-06-15 03:42:19,520] {logging_mixin.py:104} INFO - [2021-06-15 03:42:19,518] {dag.py:2305} INFO - Setting next_dagrun for example_branch_labels to 2021-06-13 00:00:00+00:00
[2021-06-15 03:42:19,578] {scheduler_job.py:190} INFO - Processing /home/airflow/.local/lib/python3.6/site-packages/airflow/example_dags/example_branch_labels.py took 0.591 seconds
[2021-06-15 03:42:49,751] {scheduler_job.py:182} INFO - Started process (PID=2198) to work on /home/airflow/.local/lib/python3.6/site-packages/airflow/example_dags/example_branch_labels.py
[2021-06-15 03:42:49,758] {scheduler_job.py:633} INFO - Processing file /home/airflow/.local/lib/python3.6/site-packages/airflow/example_dags/example_branch_labels.py for tasks to queue
[2021-06-15 03:42:49,763] {logging_mixin.py:104} INFO - [2021-06-15 03:42:49,762] {dagbag.py:487} INFO - Filling up the DagBag from /home/airflow/.local/lib/python3.6/site-packages/airflow/example_dags/example_branch_labels.py
[2021-06-15 03:42:49,834] {scheduler_job.py:643} INFO - DAG(s) dict_keys(['example_branch_labels']) retrieved from /home/airflow/.local/lib/python3.6/site-packages/airflow/example_dags/example_branch_labels.py
[2021-06-15 03:42:49,959] {logging_mixin.py:104} INFO - [2021-06-15 03:42:49,959] {dag.py:1832} INFO - Sync 1 DAGs
[2021-06-15 03:42:50,036] {logging_mixin.py:104} INFO - [2021-06-15 03:42:50,035] {dag.py:2305} INFO - Setting next_dagrun for example_branch_labels to 2021-06-13 00:00:00+00:00
[2021-06-15 03:42:50,104] {scheduler_job.py:190} INFO - Processing /home/airflow/.local/lib/python3.6/site-packages/airflow/example_dags/example_branch_labels.py took 0.370 seconds
[2021-06-15 03:43:20,688] {scheduler_job.py:182} INFO - Started process (PID=2266) to work on /home/airflow/.local/lib/python3.6/site-packages/airflow/example_dags/example_branch_labels.py
[2021-06-15 03:43:20,697] {scheduler_job.py:633} INFO - Processing file /home/airflow/.local/lib/python3.6/site-packages/airflow/example_dags/example_branch_labels.py for tasks to queue
[2021-06-15 03:43:20,704] {logging_mixin.py:104} INFO - [2021-06-15 03:43:20,703] {dagbag.py:487} INFO - Filling up the DagBag from /home/airflow/.local/lib/python3.6/site-packages/airflow/example_dags/example_branch_labels.py
[2021-06-15 03:43:20,770] {scheduler_job.py:643} INFO - DAG(s) dict_keys(['example_branch_labels']) retrieved from /home/airflow/.local/lib/python3.6/site-packages/airflow/example_dags/example_branch_labels.py
[2021-06-15 03:43:20,907] {logging_mixin.py:104} INFO - [2021-06-15 03:43:20,906] {dag.py:1832} INFO - Sync 1 DAGs
[2021-06-15 03:43:21,002] {logging_mixin.py:104} INFO - [2021-06-15 03:43:21,001] {dag.py:2305} INFO - Setting next_dagrun for example_branch_labels to 2021-06-13 00:00:00+00:00
[2021-06-15 03:43:21,066] {scheduler_job.py:190} INFO - Processing /home/airflow/.local/lib/python3.6/site-packages/airflow/example_dags/example_branch_labels.py took 0.398 seconds
[2021-06-15 03:43:52,095] {scheduler_job.py:182} INFO - Started process (PID=2333) to work on /home/airflow/.local/lib/python3.6/site-packages/airflow/example_dags/example_branch_labels.py
[2021-06-15 03:43:52,108] {scheduler_job.py:633} INFO - Processing file /home/airflow/.local/lib/python3.6/site-packages/airflow/example_dags/example_branch_labels.py for tasks to queue
[2021-06-15 03:43:52,116] {logging_mixin.py:104} INFO - [2021-06-15 03:43:52,115] {dagbag.py:487} INFO - Filling up the DagBag from /home/airflow/.local/lib/python3.6/site-packages/airflow/example_dags/example_branch_labels.py
[2021-06-15 03:43:52,220] {scheduler_job.py:643} INFO - DAG(s) dict_keys(['example_branch_labels']) retrieved from /home/airflow/.local/lib/python3.6/site-packages/airflow/example_dags/example_branch_labels.py
[2021-06-15 03:43:52,427] {logging_mixin.py:104} INFO - [2021-06-15 03:43:52,426] {dag.py:1832} INFO - Sync 1 DAGs
[2021-06-15 03:43:52,586] {logging_mixin.py:104} INFO - [2021-06-15 03:43:52,585] {dag.py:2305} INFO - Setting next_dagrun for example_branch_labels to 2021-06-13 00:00:00+00:00
[2021-06-15 03:43:52,637] {scheduler_job.py:190} INFO - Processing /home/airflow/.local/lib/python3.6/site-packages/airflow/example_dags/example_branch_labels.py took 0.566 seconds
[2021-06-15 03:44:23,201] {scheduler_job.py:182} INFO - Started process (PID=2394) to work on /home/airflow/.local/lib/python3.6/site-packages/airflow/example_dags/example_branch_labels.py
[2021-06-15 03:44:23,209] {scheduler_job.py:633} INFO - Processing file /home/airflow/.local/lib/python3.6/site-packages/airflow/example_dags/example_branch_labels.py for tasks to queue
[2021-06-15 03:44:23,215] {logging_mixin.py:104} INFO - [2021-06-15 03:44:23,215] {dagbag.py:487} INFO - Filling up the DagBag from /home/airflow/.local/lib/python3.6/site-packages/airflow/example_dags/example_branch_labels.py
[2021-06-15 03:44:23,279] {scheduler_job.py:643} INFO - DAG(s) dict_keys(['example_branch_labels']) retrieved from /home/airflow/.local/lib/python3.6/site-packages/airflow/example_dags/example_branch_labels.py
[2021-06-15 03:44:23,407] {logging_mixin.py:104} INFO - [2021-06-15 03:44:23,407] {dag.py:1832} INFO - Sync 1 DAGs
[2021-06-15 03:44:23,522] {logging_mixin.py:104} INFO - [2021-06-15 03:44:23,522] {dag.py:2305} INFO - Setting next_dagrun for example_branch_labels to 2021-06-13 00:00:00+00:00
[2021-06-15 03:44:23,586] {scheduler_job.py:190} INFO - Processing /home/airflow/.local/lib/python3.6/site-packages/airflow/example_dags/example_branch_labels.py took 0.399 seconds
[2021-06-15 03:44:53,767] {scheduler_job.py:182} INFO - Started process (PID=2450) to work on /home/airflow/.local/lib/python3.6/site-packages/airflow/example_dags/example_branch_labels.py
[2021-06-15 03:44:53,777] {scheduler_job.py:633} INFO - Processing file /home/airflow/.local/lib/python3.6/site-packages/airflow/example_dags/example_branch_labels.py for tasks to queue
[2021-06-15 03:44:53,782] {logging_mixin.py:104} INFO - [2021-06-15 03:44:53,782] {dagbag.py:487} INFO - Filling up the DagBag from /home/airflow/.local/lib/python3.6/site-packages/airflow/example_dags/example_branch_labels.py
[2021-06-15 03:44:53,836] {scheduler_job.py:643} INFO - DAG(s) dict_keys(['example_branch_labels']) retrieved from /home/airflow/.local/lib/python3.6/site-packages/airflow/example_dags/example_branch_labels.py
[2021-06-15 03:44:53,942] {logging_mixin.py:104} INFO - [2021-06-15 03:44:53,941] {dag.py:1832} INFO - Sync 1 DAGs
[2021-06-15 03:44:54,024] {logging_mixin.py:104} INFO - [2021-06-15 03:44:54,023] {dag.py:2305} INFO - Setting next_dagrun for example_branch_labels to 2021-06-13 00:00:00+00:00
[2021-06-15 03:44:54,064] {scheduler_job.py:190} INFO - Processing /home/airflow/.local/lib/python3.6/site-packages/airflow/example_dags/example_branch_labels.py took 0.314 seconds
[2021-06-15 03:45:24,935] {scheduler_job.py:182} INFO - Started process (PID=2517) to work on /home/airflow/.local/lib/python3.6/site-packages/airflow/example_dags/example_branch_labels.py
[2021-06-15 03:45:24,944] {scheduler_job.py:633} INFO - Processing file /home/airflow/.local/lib/python3.6/site-packages/airflow/example_dags/example_branch_labels.py for tasks to queue
[2021-06-15 03:45:24,952] {logging_mixin.py:104} INFO - [2021-06-15 03:45:24,951] {dagbag.py:487} INFO - Filling up the DagBag from /home/airflow/.local/lib/python3.6/site-packages/airflow/example_dags/example_branch_labels.py
[2021-06-15 03:45:25,048] {scheduler_job.py:643} INFO - DAG(s) dict_keys(['example_branch_labels']) retrieved from /home/airflow/.local/lib/python3.6/site-packages/airflow/example_dags/example_branch_labels.py
[2021-06-15 03:45:25,177] {logging_mixin.py:104} INFO - [2021-06-15 03:45:25,176] {dag.py:1832} INFO - Sync 1 DAGs
[2021-06-15 03:45:25,283] {logging_mixin.py:104} INFO - [2021-06-15 03:45:25,282] {dag.py:2305} INFO - Setting next_dagrun for example_branch_labels to 2021-06-13 00:00:00+00:00
[2021-06-15 03:45:25,335] {scheduler_job.py:190} INFO - Processing /home/airflow/.local/lib/python3.6/site-packages/airflow/example_dags/example_branch_labels.py took 0.422 seconds
[2021-06-15 03:45:55,555] {scheduler_job.py:182} INFO - Started process (PID=2577) to work on /home/airflow/.local/lib/python3.6/site-packages/airflow/example_dags/example_branch_labels.py
[2021-06-15 03:45:55,564] {scheduler_job.py:633} INFO - Processing file /home/airflow/.local/lib/python3.6/site-packages/airflow/example_dags/example_branch_labels.py for tasks to queue
[2021-06-15 03:45:55,574] {logging_mixin.py:104} INFO - [2021-06-15 03:45:55,573] {dagbag.py:487} INFO - Filling up the DagBag from /home/airflow/.local/lib/python3.6/site-packages/airflow/example_dags/example_branch_labels.py
[2021-06-15 03:45:55,651] {scheduler_job.py:643} INFO - DAG(s) dict_keys(['example_branch_labels']) retrieved from /home/airflow/.local/lib/python3.6/site-packages/airflow/example_dags/example_branch_labels.py
[2021-06-15 03:45:55,812] {logging_mixin.py:104} INFO - [2021-06-15 03:45:55,812] {dag.py:1832} INFO - Sync 1 DAGs
[2021-06-15 03:45:55,938] {logging_mixin.py:104} INFO - [2021-06-15 03:45:55,938] {dag.py:2305} INFO - Setting next_dagrun for example_branch_labels to 2021-06-13 00:00:00+00:00
[2021-06-15 03:45:55,986] {scheduler_job.py:190} INFO - Processing /home/airflow/.local/lib/python3.6/site-packages/airflow/example_dags/example_branch_labels.py took 0.461 seconds
[2021-06-15 03:46:26,234] {scheduler_job.py:182} INFO - Started process (PID=2634) to work on /home/airflow/.local/lib/python3.6/site-packages/airflow/example_dags/example_branch_labels.py
[2021-06-15 03:46:26,241] {scheduler_job.py:633} INFO - Processing file /home/airflow/.local/lib/python3.6/site-packages/airflow/example_dags/example_branch_labels.py for tasks to queue
[2021-06-15 03:46:26,246] {logging_mixin.py:104} INFO - [2021-06-15 03:46:26,245] {dagbag.py:487} INFO - Filling up the DagBag from /home/airflow/.local/lib/python3.6/site-packages/airflow/example_dags/example_branch_labels.py
[2021-06-15 03:46:26,298] {scheduler_job.py:643} INFO - DAG(s) dict_keys(['example_branch_labels']) retrieved from /home/airflow/.local/lib/python3.6/site-packages/airflow/example_dags/example_branch_labels.py
[2021-06-15 03:46:26,392] {logging_mixin.py:104} INFO - [2021-06-15 03:46:26,391] {dag.py:1832} INFO - Sync 1 DAGs
[2021-06-15 03:46:26,465] {logging_mixin.py:104} INFO - [2021-06-15 03:46:26,464] {dag.py:2305} INFO - Setting next_dagrun for example_branch_labels to 2021-06-13 00:00:00+00:00
[2021-06-15 03:46:26,500] {scheduler_job.py:190} INFO - Processing /home/airflow/.local/lib/python3.6/site-packages/airflow/example_dags/example_branch_labels.py took 0.280 seconds
[2021-06-15 03:46:57,264] {scheduler_job.py:182} INFO - Started process (PID=2701) to work on /home/airflow/.local/lib/python3.6/site-packages/airflow/example_dags/example_branch_labels.py
[2021-06-15 03:46:57,271] {scheduler_job.py:633} INFO - Processing file /home/airflow/.local/lib/python3.6/site-packages/airflow/example_dags/example_branch_labels.py for tasks to queue
[2021-06-15 03:46:57,276] {logging_mixin.py:104} INFO - [2021-06-15 03:46:57,276] {dagbag.py:487} INFO - Filling up the DagBag from /home/airflow/.local/lib/python3.6/site-packages/airflow/example_dags/example_branch_labels.py
[2021-06-15 03:46:57,329] {scheduler_job.py:643} INFO - DAG(s) dict_keys(['example_branch_labels']) retrieved from /home/airflow/.local/lib/python3.6/site-packages/airflow/example_dags/example_branch_labels.py
[2021-06-15 03:46:57,436] {logging_mixin.py:104} INFO - [2021-06-15 03:46:57,436] {dag.py:1832} INFO - Sync 1 DAGs
[2021-06-15 03:46:57,508] {logging_mixin.py:104} INFO - [2021-06-15 03:46:57,508] {dag.py:2305} INFO - Setting next_dagrun for example_branch_labels to 2021-06-13 00:00:00+00:00
[2021-06-15 03:46:57,553] {scheduler_job.py:190} INFO - Processing /home/airflow/.local/lib/python3.6/site-packages/airflow/example_dags/example_branch_labels.py took 0.303 seconds
[2021-06-15 03:47:27,746] {scheduler_job.py:182} INFO - Started process (PID=2768) to work on /home/airflow/.local/lib/python3.6/site-packages/airflow/example_dags/example_branch_labels.py
[2021-06-15 03:47:27,757] {scheduler_job.py:633} INFO - Processing file /home/airflow/.local/lib/python3.6/site-packages/airflow/example_dags/example_branch_labels.py for tasks to queue
[2021-06-15 03:47:27,762] {logging_mixin.py:104} INFO - [2021-06-15 03:47:27,761] {dagbag.py:487} INFO - Filling up the DagBag from /home/airflow/.local/lib/python3.6/site-packages/airflow/example_dags/example_branch_labels.py
[2021-06-15 03:47:27,811] {scheduler_job.py:643} INFO - DAG(s) dict_keys(['example_branch_labels']) retrieved from /home/airflow/.local/lib/python3.6/site-packages/airflow/example_dags/example_branch_labels.py
[2021-06-15 03:47:27,900] {logging_mixin.py:104} INFO - [2021-06-15 03:47:27,900] {dag.py:1832} INFO - Sync 1 DAGs
[2021-06-15 03:47:27,972] {logging_mixin.py:104} INFO - [2021-06-15 03:47:27,972] {dag.py:2305} INFO - Setting next_dagrun for example_branch_labels to 2021-06-13 00:00:00+00:00
[2021-06-15 03:47:28,007] {scheduler_job.py:190} INFO - Processing /home/airflow/.local/lib/python3.6/site-packages/airflow/example_dags/example_branch_labels.py took 0.275 seconds
[2021-06-15 03:47:58,232] {scheduler_job.py:182} INFO - Started process (PID=2837) to work on /home/airflow/.local/lib/python3.6/site-packages/airflow/example_dags/example_branch_labels.py
[2021-06-15 03:47:58,240] {scheduler_job.py:633} INFO - Processing file /home/airflow/.local/lib/python3.6/site-packages/airflow/example_dags/example_branch_labels.py for tasks to queue
[2021-06-15 03:47:58,246] {logging_mixin.py:104} INFO - [2021-06-15 03:47:58,245] {dagbag.py:487} INFO - Filling up the DagBag from /home/airflow/.local/lib/python3.6/site-packages/airflow/example_dags/example_branch_labels.py
[2021-06-15 03:47:58,329] {scheduler_job.py:643} INFO - DAG(s) dict_keys(['example_branch_labels']) retrieved from /home/airflow/.local/lib/python3.6/site-packages/airflow/example_dags/example_branch_labels.py
[2021-06-15 03:47:58,485] {logging_mixin.py:104} INFO - [2021-06-15 03:47:58,485] {dag.py:1832} INFO - Sync 1 DAGs
[2021-06-15 03:47:58,604] {logging_mixin.py:104} INFO - [2021-06-15 03:47:58,603] {dag.py:2305} INFO - Setting next_dagrun for example_branch_labels to 2021-06-13 00:00:00+00:00
[2021-06-15 03:47:58,640] {scheduler_job.py:190} INFO - Processing /home/airflow/.local/lib/python3.6/site-packages/airflow/example_dags/example_branch_labels.py took 0.428 seconds
[2021-06-15 03:48:29,030] {scheduler_job.py:182} INFO - Started process (PID=2897) to work on /home/airflow/.local/lib/python3.6/site-packages/airflow/example_dags/example_branch_labels.py
[2021-06-15 03:48:29,039] {scheduler_job.py:633} INFO - Processing file /home/airflow/.local/lib/python3.6/site-packages/airflow/example_dags/example_branch_labels.py for tasks to queue
[2021-06-15 03:48:29,047] {logging_mixin.py:104} INFO - [2021-06-15 03:48:29,045] {dagbag.py:487} INFO - Filling up the DagBag from /home/airflow/.local/lib/python3.6/site-packages/airflow/example_dags/example_branch_labels.py
[2021-06-15 03:48:29,114] {scheduler_job.py:643} INFO - DAG(s) dict_keys(['example_branch_labels']) retrieved from /home/airflow/.local/lib/python3.6/site-packages/airflow/example_dags/example_branch_labels.py
[2021-06-15 03:48:29,215] {logging_mixin.py:104} INFO - [2021-06-15 03:48:29,214] {dag.py:1832} INFO - Sync 1 DAGs
[2021-06-15 03:48:29,295] {logging_mixin.py:104} INFO - [2021-06-15 03:48:29,295] {dag.py:2305} INFO - Setting next_dagrun for example_branch_labels to 2021-06-13 00:00:00+00:00
[2021-06-15 03:48:29,335] {scheduler_job.py:190} INFO - Processing /home/airflow/.local/lib/python3.6/site-packages/airflow/example_dags/example_branch_labels.py took 0.331 seconds
[2021-06-15 03:48:59,625] {scheduler_job.py:182} INFO - Started process (PID=2954) to work on /home/airflow/.local/lib/python3.6/site-packages/airflow/example_dags/example_branch_labels.py
[2021-06-15 03:48:59,634] {scheduler_job.py:633} INFO - Processing file /home/airflow/.local/lib/python3.6/site-packages/airflow/example_dags/example_branch_labels.py for tasks to queue
[2021-06-15 03:48:59,642] {logging_mixin.py:104} INFO - [2021-06-15 03:48:59,642] {dagbag.py:487} INFO - Filling up the DagBag from /home/airflow/.local/lib/python3.6/site-packages/airflow/example_dags/example_branch_labels.py
[2021-06-15 03:48:59,703] {scheduler_job.py:643} INFO - DAG(s) dict_keys(['example_branch_labels']) retrieved from /home/airflow/.local/lib/python3.6/site-packages/airflow/example_dags/example_branch_labels.py
[2021-06-15 03:48:59,803] {logging_mixin.py:104} INFO - [2021-06-15 03:48:59,802] {dag.py:1832} INFO - Sync 1 DAGs
[2021-06-15 03:48:59,877] {logging_mixin.py:104} INFO - [2021-06-15 03:48:59,876] {dag.py:2305} INFO - Setting next_dagrun for example_branch_labels to 2021-06-13 00:00:00+00:00
[2021-06-15 03:48:59,916] {scheduler_job.py:190} INFO - Processing /home/airflow/.local/lib/python3.6/site-packages/airflow/example_dags/example_branch_labels.py took 0.309 seconds
[2021-06-15 03:49:30,426] {scheduler_job.py:182} INFO - Started process (PID=3022) to work on /home/airflow/.local/lib/python3.6/site-packages/airflow/example_dags/example_branch_labels.py
[2021-06-15 03:49:30,433] {scheduler_job.py:633} INFO - Processing file /home/airflow/.local/lib/python3.6/site-packages/airflow/example_dags/example_branch_labels.py for tasks to queue
[2021-06-15 03:49:30,445] {logging_mixin.py:104} INFO - [2021-06-15 03:49:30,444] {dagbag.py:487} INFO - Filling up the DagBag from /home/airflow/.local/lib/python3.6/site-packages/airflow/example_dags/example_branch_labels.py
[2021-06-15 03:49:30,509] {scheduler_job.py:643} INFO - DAG(s) dict_keys(['example_branch_labels']) retrieved from /home/airflow/.local/lib/python3.6/site-packages/airflow/example_dags/example_branch_labels.py
[2021-06-15 03:49:30,600] {logging_mixin.py:104} INFO - [2021-06-15 03:49:30,600] {dag.py:1832} INFO - Sync 1 DAGs
[2021-06-15 03:49:30,687] {logging_mixin.py:104} INFO - [2021-06-15 03:49:30,687] {dag.py:2305} INFO - Setting next_dagrun for example_branch_labels to 2021-06-13 00:00:00+00:00
[2021-06-15 03:49:30,721] {scheduler_job.py:190} INFO - Processing /home/airflow/.local/lib/python3.6/site-packages/airflow/example_dags/example_branch_labels.py took 0.310 seconds
