[2021-06-15 03:25:22,929] {scheduler_job.py:182} INFO - Started process (PID=70) to work on /home/airflow/.local/lib/python3.6/site-packages/airflow/example_dags/example_branch_python_dop_operator_3.py
[2021-06-15 03:25:22,940] {scheduler_job.py:633} INFO - Processing file /home/airflow/.local/lib/python3.6/site-packages/airflow/example_dags/example_branch_python_dop_operator_3.py for tasks to queue
[2021-06-15 03:25:22,946] {logging_mixin.py:104} INFO - [2021-06-15 03:25:22,946] {dagbag.py:487} INFO - Filling up the DagBag from /home/airflow/.local/lib/python3.6/site-packages/airflow/example_dags/example_branch_python_dop_operator_3.py
[2021-06-15 03:25:23,008] {scheduler_job.py:643} INFO - DAG(s) dict_keys(['example_branch_dop_operator_v3']) retrieved from /home/airflow/.local/lib/python3.6/site-packages/airflow/example_dags/example_branch_python_dop_operator_3.py
[2021-06-15 03:25:23,965] {logging_mixin.py:104} INFO - [2021-06-15 03:25:23,965] {dag.py:1832} INFO - Sync 1 DAGs
[2021-06-15 03:25:24,065] {logging_mixin.py:104} INFO - [2021-06-15 03:25:24,065] {dag.py:2305} INFO - Setting next_dagrun for example_branch_dop_operator_v3 to 2021-06-13 00:00:00+00:00
[2021-06-15 03:25:24,113] {scheduler_job.py:190} INFO - Processing /home/airflow/.local/lib/python3.6/site-packages/airflow/example_dags/example_branch_python_dop_operator_3.py took 1.208 seconds
[2021-06-15 03:25:54,630] {scheduler_job.py:182} INFO - Started process (PID=139) to work on /home/airflow/.local/lib/python3.6/site-packages/airflow/example_dags/example_branch_python_dop_operator_3.py
[2021-06-15 03:25:54,650] {scheduler_job.py:633} INFO - Processing file /home/airflow/.local/lib/python3.6/site-packages/airflow/example_dags/example_branch_python_dop_operator_3.py for tasks to queue
[2021-06-15 03:25:54,657] {logging_mixin.py:104} INFO - [2021-06-15 03:25:54,656] {dagbag.py:487} INFO - Filling up the DagBag from /home/airflow/.local/lib/python3.6/site-packages/airflow/example_dags/example_branch_python_dop_operator_3.py
[2021-06-15 03:25:54,773] {scheduler_job.py:643} INFO - DAG(s) dict_keys(['example_branch_dop_operator_v3']) retrieved from /home/airflow/.local/lib/python3.6/site-packages/airflow/example_dags/example_branch_python_dop_operator_3.py
[2021-06-15 03:25:54,956] {logging_mixin.py:104} INFO - [2021-06-15 03:25:54,955] {dag.py:1832} INFO - Sync 1 DAGs
[2021-06-15 03:25:55,260] {logging_mixin.py:104} INFO - [2021-06-15 03:25:55,256] {dag.py:2305} INFO - Setting next_dagrun for example_branch_dop_operator_v3 to 2021-06-13 00:00:00+00:00
[2021-06-15 03:25:55,360] {scheduler_job.py:190} INFO - Processing /home/airflow/.local/lib/python3.6/site-packages/airflow/example_dags/example_branch_python_dop_operator_3.py took 0.758 seconds
[2021-06-15 03:26:25,727] {scheduler_job.py:182} INFO - Started process (PID=198) to work on /home/airflow/.local/lib/python3.6/site-packages/airflow/example_dags/example_branch_python_dop_operator_3.py
[2021-06-15 03:26:25,737] {scheduler_job.py:633} INFO - Processing file /home/airflow/.local/lib/python3.6/site-packages/airflow/example_dags/example_branch_python_dop_operator_3.py for tasks to queue
[2021-06-15 03:26:25,743] {logging_mixin.py:104} INFO - [2021-06-15 03:26:25,743] {dagbag.py:487} INFO - Filling up the DagBag from /home/airflow/.local/lib/python3.6/site-packages/airflow/example_dags/example_branch_python_dop_operator_3.py
[2021-06-15 03:26:25,817] {scheduler_job.py:643} INFO - DAG(s) dict_keys(['example_branch_dop_operator_v3']) retrieved from /home/airflow/.local/lib/python3.6/site-packages/airflow/example_dags/example_branch_python_dop_operator_3.py
[2021-06-15 03:26:25,962] {logging_mixin.py:104} INFO - [2021-06-15 03:26:25,962] {dag.py:1832} INFO - Sync 1 DAGs
[2021-06-15 03:26:26,113] {logging_mixin.py:104} INFO - [2021-06-15 03:26:26,112] {dag.py:2305} INFO - Setting next_dagrun for example_branch_dop_operator_v3 to 2021-06-13 00:00:00+00:00
[2021-06-15 03:26:26,169] {scheduler_job.py:190} INFO - Processing /home/airflow/.local/lib/python3.6/site-packages/airflow/example_dags/example_branch_python_dop_operator_3.py took 0.461 seconds
[2021-06-15 03:26:56,658] {scheduler_job.py:182} INFO - Started process (PID=256) to work on /home/airflow/.local/lib/python3.6/site-packages/airflow/example_dags/example_branch_python_dop_operator_3.py
[2021-06-15 03:26:56,668] {scheduler_job.py:633} INFO - Processing file /home/airflow/.local/lib/python3.6/site-packages/airflow/example_dags/example_branch_python_dop_operator_3.py for tasks to queue
[2021-06-15 03:26:56,674] {logging_mixin.py:104} INFO - [2021-06-15 03:26:56,674] {dagbag.py:487} INFO - Filling up the DagBag from /home/airflow/.local/lib/python3.6/site-packages/airflow/example_dags/example_branch_python_dop_operator_3.py
[2021-06-15 03:26:56,743] {scheduler_job.py:643} INFO - DAG(s) dict_keys(['example_branch_dop_operator_v3']) retrieved from /home/airflow/.local/lib/python3.6/site-packages/airflow/example_dags/example_branch_python_dop_operator_3.py
[2021-06-15 03:26:56,847] {logging_mixin.py:104} INFO - [2021-06-15 03:26:56,846] {dag.py:1832} INFO - Sync 1 DAGs
[2021-06-15 03:26:56,949] {logging_mixin.py:104} INFO - [2021-06-15 03:26:56,949] {dag.py:2305} INFO - Setting next_dagrun for example_branch_dop_operator_v3 to 2021-06-13 00:00:00+00:00
[2021-06-15 03:26:56,998] {scheduler_job.py:190} INFO - Processing /home/airflow/.local/lib/python3.6/site-packages/airflow/example_dags/example_branch_python_dop_operator_3.py took 0.355 seconds
[2021-06-15 03:27:27,659] {scheduler_job.py:182} INFO - Started process (PID=323) to work on /home/airflow/.local/lib/python3.6/site-packages/airflow/example_dags/example_branch_python_dop_operator_3.py
[2021-06-15 03:27:27,666] {scheduler_job.py:633} INFO - Processing file /home/airflow/.local/lib/python3.6/site-packages/airflow/example_dags/example_branch_python_dop_operator_3.py for tasks to queue
[2021-06-15 03:27:27,672] {logging_mixin.py:104} INFO - [2021-06-15 03:27:27,671] {dagbag.py:487} INFO - Filling up the DagBag from /home/airflow/.local/lib/python3.6/site-packages/airflow/example_dags/example_branch_python_dop_operator_3.py
[2021-06-15 03:27:27,736] {scheduler_job.py:643} INFO - DAG(s) dict_keys(['example_branch_dop_operator_v3']) retrieved from /home/airflow/.local/lib/python3.6/site-packages/airflow/example_dags/example_branch_python_dop_operator_3.py
[2021-06-15 03:27:27,861] {logging_mixin.py:104} INFO - [2021-06-15 03:27:27,861] {dag.py:1832} INFO - Sync 1 DAGs
[2021-06-15 03:27:27,981] {logging_mixin.py:104} INFO - [2021-06-15 03:27:27,981] {dag.py:2305} INFO - Setting next_dagrun for example_branch_dop_operator_v3 to 2021-06-13 00:00:00+00:00
[2021-06-15 03:27:28,033] {scheduler_job.py:190} INFO - Processing /home/airflow/.local/lib/python3.6/site-packages/airflow/example_dags/example_branch_python_dop_operator_3.py took 0.388 seconds
[2021-06-15 03:27:58,628] {scheduler_job.py:182} INFO - Started process (PID=391) to work on /home/airflow/.local/lib/python3.6/site-packages/airflow/example_dags/example_branch_python_dop_operator_3.py
[2021-06-15 03:27:58,637] {scheduler_job.py:633} INFO - Processing file /home/airflow/.local/lib/python3.6/site-packages/airflow/example_dags/example_branch_python_dop_operator_3.py for tasks to queue
[2021-06-15 03:27:58,643] {logging_mixin.py:104} INFO - [2021-06-15 03:27:58,642] {dagbag.py:487} INFO - Filling up the DagBag from /home/airflow/.local/lib/python3.6/site-packages/airflow/example_dags/example_branch_python_dop_operator_3.py
[2021-06-15 03:27:58,711] {scheduler_job.py:643} INFO - DAG(s) dict_keys(['example_branch_dop_operator_v3']) retrieved from /home/airflow/.local/lib/python3.6/site-packages/airflow/example_dags/example_branch_python_dop_operator_3.py
[2021-06-15 03:27:58,831] {logging_mixin.py:104} INFO - [2021-06-15 03:27:58,831] {dag.py:1832} INFO - Sync 1 DAGs
[2021-06-15 03:27:58,946] {logging_mixin.py:104} INFO - [2021-06-15 03:27:58,945] {dag.py:2305} INFO - Setting next_dagrun for example_branch_dop_operator_v3 to 2021-06-13 00:00:00+00:00
[2021-06-15 03:27:58,997] {scheduler_job.py:190} INFO - Processing /home/airflow/.local/lib/python3.6/site-packages/airflow/example_dags/example_branch_python_dop_operator_3.py took 0.385 seconds
[2021-06-15 03:28:29,768] {scheduler_job.py:182} INFO - Started process (PID=451) to work on /home/airflow/.local/lib/python3.6/site-packages/airflow/example_dags/example_branch_python_dop_operator_3.py
[2021-06-15 03:28:29,776] {scheduler_job.py:633} INFO - Processing file /home/airflow/.local/lib/python3.6/site-packages/airflow/example_dags/example_branch_python_dop_operator_3.py for tasks to queue
[2021-06-15 03:28:29,785] {logging_mixin.py:104} INFO - [2021-06-15 03:28:29,784] {dagbag.py:487} INFO - Filling up the DagBag from /home/airflow/.local/lib/python3.6/site-packages/airflow/example_dags/example_branch_python_dop_operator_3.py
[2021-06-15 03:28:29,858] {scheduler_job.py:643} INFO - DAG(s) dict_keys(['example_branch_dop_operator_v3']) retrieved from /home/airflow/.local/lib/python3.6/site-packages/airflow/example_dags/example_branch_python_dop_operator_3.py
[2021-06-15 03:28:29,987] {logging_mixin.py:104} INFO - [2021-06-15 03:28:29,986] {dag.py:1832} INFO - Sync 1 DAGs
[2021-06-15 03:28:30,118] {logging_mixin.py:104} INFO - [2021-06-15 03:28:30,117] {dag.py:2305} INFO - Setting next_dagrun for example_branch_dop_operator_v3 to 2021-06-13 00:00:00+00:00
[2021-06-15 03:28:30,187] {scheduler_job.py:190} INFO - Processing /home/airflow/.local/lib/python3.6/site-packages/airflow/example_dags/example_branch_python_dop_operator_3.py took 0.438 seconds
[2021-06-15 03:29:00,414] {scheduler_job.py:182} INFO - Started process (PID=507) to work on /home/airflow/.local/lib/python3.6/site-packages/airflow/example_dags/example_branch_python_dop_operator_3.py
[2021-06-15 03:29:00,421] {scheduler_job.py:633} INFO - Processing file /home/airflow/.local/lib/python3.6/site-packages/airflow/example_dags/example_branch_python_dop_operator_3.py for tasks to queue
[2021-06-15 03:29:00,428] {logging_mixin.py:104} INFO - [2021-06-15 03:29:00,426] {dagbag.py:487} INFO - Filling up the DagBag from /home/airflow/.local/lib/python3.6/site-packages/airflow/example_dags/example_branch_python_dop_operator_3.py
[2021-06-15 03:29:00,488] {scheduler_job.py:643} INFO - DAG(s) dict_keys(['example_branch_dop_operator_v3']) retrieved from /home/airflow/.local/lib/python3.6/site-packages/airflow/example_dags/example_branch_python_dop_operator_3.py
[2021-06-15 03:29:00,587] {logging_mixin.py:104} INFO - [2021-06-15 03:29:00,586] {dag.py:1832} INFO - Sync 1 DAGs
[2021-06-15 03:29:00,698] {logging_mixin.py:104} INFO - [2021-06-15 03:29:00,697] {dag.py:2305} INFO - Setting next_dagrun for example_branch_dop_operator_v3 to 2021-06-13 00:00:00+00:00
[2021-06-15 03:29:00,745] {scheduler_job.py:190} INFO - Processing /home/airflow/.local/lib/python3.6/site-packages/airflow/example_dags/example_branch_python_dop_operator_3.py took 0.346 seconds
[2021-06-15 03:29:31,541] {scheduler_job.py:182} INFO - Started process (PID=575) to work on /home/airflow/.local/lib/python3.6/site-packages/airflow/example_dags/example_branch_python_dop_operator_3.py
[2021-06-15 03:29:31,549] {scheduler_job.py:633} INFO - Processing file /home/airflow/.local/lib/python3.6/site-packages/airflow/example_dags/example_branch_python_dop_operator_3.py for tasks to queue
[2021-06-15 03:29:31,555] {logging_mixin.py:104} INFO - [2021-06-15 03:29:31,554] {dagbag.py:487} INFO - Filling up the DagBag from /home/airflow/.local/lib/python3.6/site-packages/airflow/example_dags/example_branch_python_dop_operator_3.py
[2021-06-15 03:29:31,627] {scheduler_job.py:643} INFO - DAG(s) dict_keys(['example_branch_dop_operator_v3']) retrieved from /home/airflow/.local/lib/python3.6/site-packages/airflow/example_dags/example_branch_python_dop_operator_3.py
[2021-06-15 03:29:31,736] {logging_mixin.py:104} INFO - [2021-06-15 03:29:31,735] {dag.py:1832} INFO - Sync 1 DAGs
[2021-06-15 03:29:31,868] {logging_mixin.py:104} INFO - [2021-06-15 03:29:31,868] {dag.py:2305} INFO - Setting next_dagrun for example_branch_dop_operator_v3 to 2021-06-13 00:00:00+00:00
[2021-06-15 03:29:31,911] {scheduler_job.py:190} INFO - Processing /home/airflow/.local/lib/python3.6/site-packages/airflow/example_dags/example_branch_python_dop_operator_3.py took 0.385 seconds
[2021-06-15 03:30:02,206] {scheduler_job.py:182} INFO - Started process (PID=634) to work on /home/airflow/.local/lib/python3.6/site-packages/airflow/example_dags/example_branch_python_dop_operator_3.py
[2021-06-15 03:30:02,216] {scheduler_job.py:633} INFO - Processing file /home/airflow/.local/lib/python3.6/site-packages/airflow/example_dags/example_branch_python_dop_operator_3.py for tasks to queue
[2021-06-15 03:30:02,221] {logging_mixin.py:104} INFO - [2021-06-15 03:30:02,221] {dagbag.py:487} INFO - Filling up the DagBag from /home/airflow/.local/lib/python3.6/site-packages/airflow/example_dags/example_branch_python_dop_operator_3.py
[2021-06-15 03:30:02,291] {scheduler_job.py:643} INFO - DAG(s) dict_keys(['example_branch_dop_operator_v3']) retrieved from /home/airflow/.local/lib/python3.6/site-packages/airflow/example_dags/example_branch_python_dop_operator_3.py
[2021-06-15 03:30:02,391] {logging_mixin.py:104} INFO - [2021-06-15 03:30:02,390] {dag.py:1832} INFO - Sync 1 DAGs
[2021-06-15 03:30:02,483] {logging_mixin.py:104} INFO - [2021-06-15 03:30:02,482] {dag.py:2305} INFO - Setting next_dagrun for example_branch_dop_operator_v3 to 2021-06-13 00:00:00+00:00
[2021-06-15 03:30:02,524] {scheduler_job.py:190} INFO - Processing /home/airflow/.local/lib/python3.6/site-packages/airflow/example_dags/example_branch_python_dop_operator_3.py took 0.335 seconds
[2021-06-15 03:30:33,450] {scheduler_job.py:182} INFO - Started process (PID=702) to work on /home/airflow/.local/lib/python3.6/site-packages/airflow/example_dags/example_branch_python_dop_operator_3.py
[2021-06-15 03:30:33,457] {scheduler_job.py:633} INFO - Processing file /home/airflow/.local/lib/python3.6/site-packages/airflow/example_dags/example_branch_python_dop_operator_3.py for tasks to queue
[2021-06-15 03:30:33,462] {logging_mixin.py:104} INFO - [2021-06-15 03:30:33,461] {dagbag.py:487} INFO - Filling up the DagBag from /home/airflow/.local/lib/python3.6/site-packages/airflow/example_dags/example_branch_python_dop_operator_3.py
[2021-06-15 03:30:33,522] {scheduler_job.py:643} INFO - DAG(s) dict_keys(['example_branch_dop_operator_v3']) retrieved from /home/airflow/.local/lib/python3.6/site-packages/airflow/example_dags/example_branch_python_dop_operator_3.py
[2021-06-15 03:30:33,610] {logging_mixin.py:104} INFO - [2021-06-15 03:30:33,610] {dag.py:1832} INFO - Sync 1 DAGs
[2021-06-15 03:30:33,705] {logging_mixin.py:104} INFO - [2021-06-15 03:30:33,704] {dag.py:2305} INFO - Setting next_dagrun for example_branch_dop_operator_v3 to 2021-06-13 00:00:00+00:00
[2021-06-15 03:30:33,744] {scheduler_job.py:190} INFO - Processing /home/airflow/.local/lib/python3.6/site-packages/airflow/example_dags/example_branch_python_dop_operator_3.py took 0.307 seconds
[2021-06-15 03:31:03,841] {scheduler_job.py:182} INFO - Started process (PID=768) to work on /home/airflow/.local/lib/python3.6/site-packages/airflow/example_dags/example_branch_python_dop_operator_3.py
[2021-06-15 03:31:03,850] {scheduler_job.py:633} INFO - Processing file /home/airflow/.local/lib/python3.6/site-packages/airflow/example_dags/example_branch_python_dop_operator_3.py for tasks to queue
[2021-06-15 03:31:03,856] {logging_mixin.py:104} INFO - [2021-06-15 03:31:03,855] {dagbag.py:487} INFO - Filling up the DagBag from /home/airflow/.local/lib/python3.6/site-packages/airflow/example_dags/example_branch_python_dop_operator_3.py
[2021-06-15 03:31:03,920] {scheduler_job.py:643} INFO - DAG(s) dict_keys(['example_branch_dop_operator_v3']) retrieved from /home/airflow/.local/lib/python3.6/site-packages/airflow/example_dags/example_branch_python_dop_operator_3.py
[2021-06-15 03:31:04,017] {logging_mixin.py:104} INFO - [2021-06-15 03:31:04,017] {dag.py:1832} INFO - Sync 1 DAGs
[2021-06-15 03:31:04,136] {logging_mixin.py:104} INFO - [2021-06-15 03:31:04,135] {dag.py:2305} INFO - Setting next_dagrun for example_branch_dop_operator_v3 to 2021-06-13 00:00:00+00:00
[2021-06-15 03:31:04,175] {scheduler_job.py:190} INFO - Processing /home/airflow/.local/lib/python3.6/site-packages/airflow/example_dags/example_branch_python_dop_operator_3.py took 0.350 seconds
[2021-06-15 03:31:34,494] {scheduler_job.py:182} INFO - Started process (PID=827) to work on /home/airflow/.local/lib/python3.6/site-packages/airflow/example_dags/example_branch_python_dop_operator_3.py
[2021-06-15 03:31:34,502] {scheduler_job.py:633} INFO - Processing file /home/airflow/.local/lib/python3.6/site-packages/airflow/example_dags/example_branch_python_dop_operator_3.py for tasks to queue
[2021-06-15 03:31:34,510] {logging_mixin.py:104} INFO - [2021-06-15 03:31:34,509] {dagbag.py:487} INFO - Filling up the DagBag from /home/airflow/.local/lib/python3.6/site-packages/airflow/example_dags/example_branch_python_dop_operator_3.py
[2021-06-15 03:31:34,583] {scheduler_job.py:643} INFO - DAG(s) dict_keys(['example_branch_dop_operator_v3']) retrieved from /home/airflow/.local/lib/python3.6/site-packages/airflow/example_dags/example_branch_python_dop_operator_3.py
[2021-06-15 03:31:34,709] {logging_mixin.py:104} INFO - [2021-06-15 03:31:34,709] {dag.py:1832} INFO - Sync 1 DAGs
[2021-06-15 03:31:34,838] {logging_mixin.py:104} INFO - [2021-06-15 03:31:34,838] {dag.py:2305} INFO - Setting next_dagrun for example_branch_dop_operator_v3 to 2021-06-13 00:00:00+00:00
[2021-06-15 03:31:34,880] {scheduler_job.py:190} INFO - Processing /home/airflow/.local/lib/python3.6/site-packages/airflow/example_dags/example_branch_python_dop_operator_3.py took 0.401 seconds
[2021-06-15 03:32:05,429] {scheduler_job.py:182} INFO - Started process (PID=894) to work on /home/airflow/.local/lib/python3.6/site-packages/airflow/example_dags/example_branch_python_dop_operator_3.py
[2021-06-15 03:32:05,439] {scheduler_job.py:633} INFO - Processing file /home/airflow/.local/lib/python3.6/site-packages/airflow/example_dags/example_branch_python_dop_operator_3.py for tasks to queue
[2021-06-15 03:32:05,446] {logging_mixin.py:104} INFO - [2021-06-15 03:32:05,446] {dagbag.py:487} INFO - Filling up the DagBag from /home/airflow/.local/lib/python3.6/site-packages/airflow/example_dags/example_branch_python_dop_operator_3.py
[2021-06-15 03:32:05,501] {scheduler_job.py:643} INFO - DAG(s) dict_keys(['example_branch_dop_operator_v3']) retrieved from /home/airflow/.local/lib/python3.6/site-packages/airflow/example_dags/example_branch_python_dop_operator_3.py
[2021-06-15 03:32:05,607] {logging_mixin.py:104} INFO - [2021-06-15 03:32:05,606] {dag.py:1832} INFO - Sync 1 DAGs
[2021-06-15 03:32:05,708] {logging_mixin.py:104} INFO - [2021-06-15 03:32:05,708] {dag.py:2305} INFO - Setting next_dagrun for example_branch_dop_operator_v3 to 2021-06-13 00:00:00+00:00
[2021-06-15 03:32:05,751] {scheduler_job.py:190} INFO - Processing /home/airflow/.local/lib/python3.6/site-packages/airflow/example_dags/example_branch_python_dop_operator_3.py took 0.336 seconds
[2021-06-15 03:32:36,188] {scheduler_job.py:182} INFO - Started process (PID=962) to work on /home/airflow/.local/lib/python3.6/site-packages/airflow/example_dags/example_branch_python_dop_operator_3.py
[2021-06-15 03:32:36,200] {scheduler_job.py:633} INFO - Processing file /home/airflow/.local/lib/python3.6/site-packages/airflow/example_dags/example_branch_python_dop_operator_3.py for tasks to queue
[2021-06-15 03:32:36,205] {logging_mixin.py:104} INFO - [2021-06-15 03:32:36,205] {dagbag.py:487} INFO - Filling up the DagBag from /home/airflow/.local/lib/python3.6/site-packages/airflow/example_dags/example_branch_python_dop_operator_3.py
[2021-06-15 03:32:36,264] {scheduler_job.py:643} INFO - DAG(s) dict_keys(['example_branch_dop_operator_v3']) retrieved from /home/airflow/.local/lib/python3.6/site-packages/airflow/example_dags/example_branch_python_dop_operator_3.py
[2021-06-15 03:32:36,364] {logging_mixin.py:104} INFO - [2021-06-15 03:32:36,363] {dag.py:1832} INFO - Sync 1 DAGs
[2021-06-15 03:32:36,460] {logging_mixin.py:104} INFO - [2021-06-15 03:32:36,460] {dag.py:2305} INFO - Setting next_dagrun for example_branch_dop_operator_v3 to 2021-06-13 00:00:00+00:00
[2021-06-15 03:32:36,502] {scheduler_job.py:190} INFO - Processing /home/airflow/.local/lib/python3.6/site-packages/airflow/example_dags/example_branch_python_dop_operator_3.py took 0.339 seconds
[2021-06-15 03:33:06,991] {scheduler_job.py:182} INFO - Started process (PID=1021) to work on /home/airflow/.local/lib/python3.6/site-packages/airflow/example_dags/example_branch_python_dop_operator_3.py
[2021-06-15 03:33:06,999] {scheduler_job.py:633} INFO - Processing file /home/airflow/.local/lib/python3.6/site-packages/airflow/example_dags/example_branch_python_dop_operator_3.py for tasks to queue
[2021-06-15 03:33:07,004] {logging_mixin.py:104} INFO - [2021-06-15 03:33:07,003] {dagbag.py:487} INFO - Filling up the DagBag from /home/airflow/.local/lib/python3.6/site-packages/airflow/example_dags/example_branch_python_dop_operator_3.py
[2021-06-15 03:33:07,066] {scheduler_job.py:643} INFO - DAG(s) dict_keys(['example_branch_dop_operator_v3']) retrieved from /home/airflow/.local/lib/python3.6/site-packages/airflow/example_dags/example_branch_python_dop_operator_3.py
[2021-06-15 03:33:07,165] {logging_mixin.py:104} INFO - [2021-06-15 03:33:07,164] {dag.py:1832} INFO - Sync 1 DAGs
[2021-06-15 03:33:07,290] {logging_mixin.py:104} INFO - [2021-06-15 03:33:07,289] {dag.py:2305} INFO - Setting next_dagrun for example_branch_dop_operator_v3 to 2021-06-13 00:00:00+00:00
[2021-06-15 03:33:07,337] {scheduler_job.py:190} INFO - Processing /home/airflow/.local/lib/python3.6/site-packages/airflow/example_dags/example_branch_python_dop_operator_3.py took 0.360 seconds
[2021-06-15 03:33:37,722] {scheduler_job.py:182} INFO - Started process (PID=1079) to work on /home/airflow/.local/lib/python3.6/site-packages/airflow/example_dags/example_branch_python_dop_operator_3.py
[2021-06-15 03:33:37,733] {scheduler_job.py:633} INFO - Processing file /home/airflow/.local/lib/python3.6/site-packages/airflow/example_dags/example_branch_python_dop_operator_3.py for tasks to queue
[2021-06-15 03:33:37,744] {logging_mixin.py:104} INFO - [2021-06-15 03:33:37,743] {dagbag.py:487} INFO - Filling up the DagBag from /home/airflow/.local/lib/python3.6/site-packages/airflow/example_dags/example_branch_python_dop_operator_3.py
[2021-06-15 03:33:37,849] {scheduler_job.py:643} INFO - DAG(s) dict_keys(['example_branch_dop_operator_v3']) retrieved from /home/airflow/.local/lib/python3.6/site-packages/airflow/example_dags/example_branch_python_dop_operator_3.py
[2021-06-15 03:33:38,007] {logging_mixin.py:104} INFO - [2021-06-15 03:33:38,007] {dag.py:1832} INFO - Sync 1 DAGs
[2021-06-15 03:33:38,143] {logging_mixin.py:104} INFO - [2021-06-15 03:33:38,142] {dag.py:2305} INFO - Setting next_dagrun for example_branch_dop_operator_v3 to 2021-06-13 00:00:00+00:00
[2021-06-15 03:33:38,186] {scheduler_job.py:190} INFO - Processing /home/airflow/.local/lib/python3.6/site-packages/airflow/example_dags/example_branch_python_dop_operator_3.py took 0.508 seconds
[2021-06-15 03:34:08,489] {scheduler_job.py:182} INFO - Started process (PID=1147) to work on /home/airflow/.local/lib/python3.6/site-packages/airflow/example_dags/example_branch_python_dop_operator_3.py
[2021-06-15 03:34:08,496] {scheduler_job.py:633} INFO - Processing file /home/airflow/.local/lib/python3.6/site-packages/airflow/example_dags/example_branch_python_dop_operator_3.py for tasks to queue
[2021-06-15 03:34:08,503] {logging_mixin.py:104} INFO - [2021-06-15 03:34:08,503] {dagbag.py:487} INFO - Filling up the DagBag from /home/airflow/.local/lib/python3.6/site-packages/airflow/example_dags/example_branch_python_dop_operator_3.py
[2021-06-15 03:34:08,570] {scheduler_job.py:643} INFO - DAG(s) dict_keys(['example_branch_dop_operator_v3']) retrieved from /home/airflow/.local/lib/python3.6/site-packages/airflow/example_dags/example_branch_python_dop_operator_3.py
[2021-06-15 03:34:08,670] {logging_mixin.py:104} INFO - [2021-06-15 03:34:08,669] {dag.py:1832} INFO - Sync 1 DAGs
[2021-06-15 03:34:08,769] {logging_mixin.py:104} INFO - [2021-06-15 03:34:08,768] {dag.py:2305} INFO - Setting next_dagrun for example_branch_dop_operator_v3 to 2021-06-13 00:00:00+00:00
[2021-06-15 03:34:08,807] {scheduler_job.py:190} INFO - Processing /home/airflow/.local/lib/python3.6/site-packages/airflow/example_dags/example_branch_python_dop_operator_3.py took 0.332 seconds
[2021-06-15 03:34:39,122] {scheduler_job.py:182} INFO - Started process (PID=1214) to work on /home/airflow/.local/lib/python3.6/site-packages/airflow/example_dags/example_branch_python_dop_operator_3.py
[2021-06-15 03:34:39,128] {scheduler_job.py:633} INFO - Processing file /home/airflow/.local/lib/python3.6/site-packages/airflow/example_dags/example_branch_python_dop_operator_3.py for tasks to queue
[2021-06-15 03:34:39,133] {logging_mixin.py:104} INFO - [2021-06-15 03:34:39,133] {dagbag.py:487} INFO - Filling up the DagBag from /home/airflow/.local/lib/python3.6/site-packages/airflow/example_dags/example_branch_python_dop_operator_3.py
[2021-06-15 03:34:39,188] {scheduler_job.py:643} INFO - DAG(s) dict_keys(['example_branch_dop_operator_v3']) retrieved from /home/airflow/.local/lib/python3.6/site-packages/airflow/example_dags/example_branch_python_dop_operator_3.py
[2021-06-15 03:34:39,291] {logging_mixin.py:104} INFO - [2021-06-15 03:34:39,291] {dag.py:1832} INFO - Sync 1 DAGs
[2021-06-15 03:34:39,401] {logging_mixin.py:104} INFO - [2021-06-15 03:34:39,400] {dag.py:2305} INFO - Setting next_dagrun for example_branch_dop_operator_v3 to 2021-06-13 00:00:00+00:00
[2021-06-15 03:34:39,444] {scheduler_job.py:190} INFO - Processing /home/airflow/.local/lib/python3.6/site-packages/airflow/example_dags/example_branch_python_dop_operator_3.py took 0.335 seconds
[2021-06-15 03:35:09,672] {scheduler_job.py:182} INFO - Started process (PID=1274) to work on /home/airflow/.local/lib/python3.6/site-packages/airflow/example_dags/example_branch_python_dop_operator_3.py
[2021-06-15 03:35:09,680] {scheduler_job.py:633} INFO - Processing file /home/airflow/.local/lib/python3.6/site-packages/airflow/example_dags/example_branch_python_dop_operator_3.py for tasks to queue
[2021-06-15 03:35:09,685] {logging_mixin.py:104} INFO - [2021-06-15 03:35:09,684] {dagbag.py:487} INFO - Filling up the DagBag from /home/airflow/.local/lib/python3.6/site-packages/airflow/example_dags/example_branch_python_dop_operator_3.py
[2021-06-15 03:35:09,743] {scheduler_job.py:643} INFO - DAG(s) dict_keys(['example_branch_dop_operator_v3']) retrieved from /home/airflow/.local/lib/python3.6/site-packages/airflow/example_dags/example_branch_python_dop_operator_3.py
[2021-06-15 03:35:09,836] {logging_mixin.py:104} INFO - [2021-06-15 03:35:09,836] {dag.py:1832} INFO - Sync 1 DAGs
[2021-06-15 03:35:09,938] {logging_mixin.py:104} INFO - [2021-06-15 03:35:09,937] {dag.py:2305} INFO - Setting next_dagrun for example_branch_dop_operator_v3 to 2021-06-13 00:00:00+00:00
[2021-06-15 03:35:09,977] {scheduler_job.py:190} INFO - Processing /home/airflow/.local/lib/python3.6/site-packages/airflow/example_dags/example_branch_python_dop_operator_3.py took 0.320 seconds
[2021-06-15 03:35:40,543] {scheduler_job.py:182} INFO - Started process (PID=1331) to work on /home/airflow/.local/lib/python3.6/site-packages/airflow/example_dags/example_branch_python_dop_operator_3.py
[2021-06-15 03:35:40,553] {scheduler_job.py:633} INFO - Processing file /home/airflow/.local/lib/python3.6/site-packages/airflow/example_dags/example_branch_python_dop_operator_3.py for tasks to queue
[2021-06-15 03:35:40,560] {logging_mixin.py:104} INFO - [2021-06-15 03:35:40,559] {dagbag.py:487} INFO - Filling up the DagBag from /home/airflow/.local/lib/python3.6/site-packages/airflow/example_dags/example_branch_python_dop_operator_3.py
[2021-06-15 03:35:40,630] {scheduler_job.py:643} INFO - DAG(s) dict_keys(['example_branch_dop_operator_v3']) retrieved from /home/airflow/.local/lib/python3.6/site-packages/airflow/example_dags/example_branch_python_dop_operator_3.py
[2021-06-15 03:35:40,764] {logging_mixin.py:104} INFO - [2021-06-15 03:35:40,764] {dag.py:1832} INFO - Sync 1 DAGs
[2021-06-15 03:35:40,911] {logging_mixin.py:104} INFO - [2021-06-15 03:35:40,910] {dag.py:2305} INFO - Setting next_dagrun for example_branch_dop_operator_v3 to 2021-06-13 00:00:00+00:00
[2021-06-15 03:35:40,965] {scheduler_job.py:190} INFO - Processing /home/airflow/.local/lib/python3.6/site-packages/airflow/example_dags/example_branch_python_dop_operator_3.py took 0.442 seconds
[2021-06-15 03:36:11,421] {scheduler_job.py:182} INFO - Started process (PID=1398) to work on /home/airflow/.local/lib/python3.6/site-packages/airflow/example_dags/example_branch_python_dop_operator_3.py
[2021-06-15 03:36:11,429] {scheduler_job.py:633} INFO - Processing file /home/airflow/.local/lib/python3.6/site-packages/airflow/example_dags/example_branch_python_dop_operator_3.py for tasks to queue
[2021-06-15 03:36:11,435] {logging_mixin.py:104} INFO - [2021-06-15 03:36:11,434] {dagbag.py:487} INFO - Filling up the DagBag from /home/airflow/.local/lib/python3.6/site-packages/airflow/example_dags/example_branch_python_dop_operator_3.py
[2021-06-15 03:36:11,499] {scheduler_job.py:643} INFO - DAG(s) dict_keys(['example_branch_dop_operator_v3']) retrieved from /home/airflow/.local/lib/python3.6/site-packages/airflow/example_dags/example_branch_python_dop_operator_3.py
[2021-06-15 03:36:11,602] {logging_mixin.py:104} INFO - [2021-06-15 03:36:11,602] {dag.py:1832} INFO - Sync 1 DAGs
[2021-06-15 03:36:11,701] {logging_mixin.py:104} INFO - [2021-06-15 03:36:11,700] {dag.py:2305} INFO - Setting next_dagrun for example_branch_dop_operator_v3 to 2021-06-13 00:00:00+00:00
[2021-06-15 03:36:11,748] {scheduler_job.py:190} INFO - Processing /home/airflow/.local/lib/python3.6/site-packages/airflow/example_dags/example_branch_python_dop_operator_3.py took 0.342 seconds
[2021-06-15 03:36:42,754] {scheduler_job.py:182} INFO - Started process (PID=1466) to work on /home/airflow/.local/lib/python3.6/site-packages/airflow/example_dags/example_branch_python_dop_operator_3.py
[2021-06-15 03:36:42,762] {scheduler_job.py:633} INFO - Processing file /home/airflow/.local/lib/python3.6/site-packages/airflow/example_dags/example_branch_python_dop_operator_3.py for tasks to queue
[2021-06-15 03:36:42,770] {logging_mixin.py:104} INFO - [2021-06-15 03:36:42,769] {dagbag.py:487} INFO - Filling up the DagBag from /home/airflow/.local/lib/python3.6/site-packages/airflow/example_dags/example_branch_python_dop_operator_3.py
[2021-06-15 03:36:42,851] {scheduler_job.py:643} INFO - DAG(s) dict_keys(['example_branch_dop_operator_v3']) retrieved from /home/airflow/.local/lib/python3.6/site-packages/airflow/example_dags/example_branch_python_dop_operator_3.py
[2021-06-15 03:36:42,944] {logging_mixin.py:104} INFO - [2021-06-15 03:36:42,943] {dag.py:1832} INFO - Sync 1 DAGs
[2021-06-15 03:36:43,033] {logging_mixin.py:104} INFO - [2021-06-15 03:36:43,032] {dag.py:2305} INFO - Setting next_dagrun for example_branch_dop_operator_v3 to 2021-06-13 00:00:00+00:00
[2021-06-15 03:36:43,072] {scheduler_job.py:190} INFO - Processing /home/airflow/.local/lib/python3.6/site-packages/airflow/example_dags/example_branch_python_dop_operator_3.py took 0.333 seconds
[2021-06-15 03:37:13,268] {scheduler_job.py:182} INFO - Started process (PID=1526) to work on /home/airflow/.local/lib/python3.6/site-packages/airflow/example_dags/example_branch_python_dop_operator_3.py
[2021-06-15 03:37:13,278] {scheduler_job.py:633} INFO - Processing file /home/airflow/.local/lib/python3.6/site-packages/airflow/example_dags/example_branch_python_dop_operator_3.py for tasks to queue
[2021-06-15 03:37:13,283] {logging_mixin.py:104} INFO - [2021-06-15 03:37:13,282] {dagbag.py:487} INFO - Filling up the DagBag from /home/airflow/.local/lib/python3.6/site-packages/airflow/example_dags/example_branch_python_dop_operator_3.py
[2021-06-15 03:37:13,338] {scheduler_job.py:643} INFO - DAG(s) dict_keys(['example_branch_dop_operator_v3']) retrieved from /home/airflow/.local/lib/python3.6/site-packages/airflow/example_dags/example_branch_python_dop_operator_3.py
[2021-06-15 03:37:13,433] {logging_mixin.py:104} INFO - [2021-06-15 03:37:13,431] {dag.py:1832} INFO - Sync 1 DAGs
[2021-06-15 03:37:13,525] {logging_mixin.py:104} INFO - [2021-06-15 03:37:13,525] {dag.py:2305} INFO - Setting next_dagrun for example_branch_dop_operator_v3 to 2021-06-13 00:00:00+00:00
[2021-06-15 03:37:13,569] {scheduler_job.py:190} INFO - Processing /home/airflow/.local/lib/python3.6/site-packages/airflow/example_dags/example_branch_python_dop_operator_3.py took 0.314 seconds
[2021-06-15 03:37:43,761] {scheduler_job.py:182} INFO - Started process (PID=1583) to work on /home/airflow/.local/lib/python3.6/site-packages/airflow/example_dags/example_branch_python_dop_operator_3.py
[2021-06-15 03:37:43,771] {scheduler_job.py:633} INFO - Processing file /home/airflow/.local/lib/python3.6/site-packages/airflow/example_dags/example_branch_python_dop_operator_3.py for tasks to queue
[2021-06-15 03:37:43,776] {logging_mixin.py:104} INFO - [2021-06-15 03:37:43,776] {dagbag.py:487} INFO - Filling up the DagBag from /home/airflow/.local/lib/python3.6/site-packages/airflow/example_dags/example_branch_python_dop_operator_3.py
[2021-06-15 03:37:43,844] {scheduler_job.py:643} INFO - DAG(s) dict_keys(['example_branch_dop_operator_v3']) retrieved from /home/airflow/.local/lib/python3.6/site-packages/airflow/example_dags/example_branch_python_dop_operator_3.py
[2021-06-15 03:37:43,949] {logging_mixin.py:104} INFO - [2021-06-15 03:37:43,948] {dag.py:1832} INFO - Sync 1 DAGs
[2021-06-15 03:37:44,051] {logging_mixin.py:104} INFO - [2021-06-15 03:37:44,050] {dag.py:2305} INFO - Setting next_dagrun for example_branch_dop_operator_v3 to 2021-06-13 00:00:00+00:00
[2021-06-15 03:37:44,099] {scheduler_job.py:190} INFO - Processing /home/airflow/.local/lib/python3.6/site-packages/airflow/example_dags/example_branch_python_dop_operator_3.py took 0.355 seconds
[2021-06-15 03:38:14,834] {scheduler_job.py:182} INFO - Started process (PID=1651) to work on /home/airflow/.local/lib/python3.6/site-packages/airflow/example_dags/example_branch_python_dop_operator_3.py
[2021-06-15 03:38:14,842] {scheduler_job.py:633} INFO - Processing file /home/airflow/.local/lib/python3.6/site-packages/airflow/example_dags/example_branch_python_dop_operator_3.py for tasks to queue
[2021-06-15 03:38:14,847] {logging_mixin.py:104} INFO - [2021-06-15 03:38:14,846] {dagbag.py:487} INFO - Filling up the DagBag from /home/airflow/.local/lib/python3.6/site-packages/airflow/example_dags/example_branch_python_dop_operator_3.py
[2021-06-15 03:38:14,905] {scheduler_job.py:643} INFO - DAG(s) dict_keys(['example_branch_dop_operator_v3']) retrieved from /home/airflow/.local/lib/python3.6/site-packages/airflow/example_dags/example_branch_python_dop_operator_3.py
[2021-06-15 03:38:15,004] {logging_mixin.py:104} INFO - [2021-06-15 03:38:15,004] {dag.py:1832} INFO - Sync 1 DAGs
[2021-06-15 03:38:15,135] {logging_mixin.py:104} INFO - [2021-06-15 03:38:15,134] {dag.py:2305} INFO - Setting next_dagrun for example_branch_dop_operator_v3 to 2021-06-13 00:00:00+00:00
[2021-06-15 03:38:15,210] {scheduler_job.py:190} INFO - Processing /home/airflow/.local/lib/python3.6/site-packages/airflow/example_dags/example_branch_python_dop_operator_3.py took 0.392 seconds
[2021-06-15 03:38:45,366] {scheduler_job.py:182} INFO - Started process (PID=1718) to work on /home/airflow/.local/lib/python3.6/site-packages/airflow/example_dags/example_branch_python_dop_operator_3.py
[2021-06-15 03:38:45,373] {scheduler_job.py:633} INFO - Processing file /home/airflow/.local/lib/python3.6/site-packages/airflow/example_dags/example_branch_python_dop_operator_3.py for tasks to queue
[2021-06-15 03:38:45,387] {logging_mixin.py:104} INFO - [2021-06-15 03:38:45,385] {dagbag.py:487} INFO - Filling up the DagBag from /home/airflow/.local/lib/python3.6/site-packages/airflow/example_dags/example_branch_python_dop_operator_3.py
[2021-06-15 03:38:45,444] {scheduler_job.py:643} INFO - DAG(s) dict_keys(['example_branch_dop_operator_v3']) retrieved from /home/airflow/.local/lib/python3.6/site-packages/airflow/example_dags/example_branch_python_dop_operator_3.py
[2021-06-15 03:38:45,536] {logging_mixin.py:104} INFO - [2021-06-15 03:38:45,536] {dag.py:1832} INFO - Sync 1 DAGs
[2021-06-15 03:38:45,630] {logging_mixin.py:104} INFO - [2021-06-15 03:38:45,629] {dag.py:2305} INFO - Setting next_dagrun for example_branch_dop_operator_v3 to 2021-06-13 00:00:00+00:00
[2021-06-15 03:38:45,670] {scheduler_job.py:190} INFO - Processing /home/airflow/.local/lib/python3.6/site-packages/airflow/example_dags/example_branch_python_dop_operator_3.py took 0.321 seconds
[2021-06-15 03:39:15,766] {scheduler_job.py:182} INFO - Started process (PID=1778) to work on /home/airflow/.local/lib/python3.6/site-packages/airflow/example_dags/example_branch_python_dop_operator_3.py
[2021-06-15 03:39:15,776] {scheduler_job.py:633} INFO - Processing file /home/airflow/.local/lib/python3.6/site-packages/airflow/example_dags/example_branch_python_dop_operator_3.py for tasks to queue
[2021-06-15 03:39:15,783] {logging_mixin.py:104} INFO - [2021-06-15 03:39:15,782] {dagbag.py:487} INFO - Filling up the DagBag from /home/airflow/.local/lib/python3.6/site-packages/airflow/example_dags/example_branch_python_dop_operator_3.py
[2021-06-15 03:39:15,904] {scheduler_job.py:643} INFO - DAG(s) dict_keys(['example_branch_dop_operator_v3']) retrieved from /home/airflow/.local/lib/python3.6/site-packages/airflow/example_dags/example_branch_python_dop_operator_3.py
[2021-06-15 03:39:16,016] {logging_mixin.py:104} INFO - [2021-06-15 03:39:16,015] {dag.py:1832} INFO - Sync 1 DAGs
[2021-06-15 03:39:16,199] {logging_mixin.py:104} INFO - [2021-06-15 03:39:16,199] {dag.py:2305} INFO - Setting next_dagrun for example_branch_dop_operator_v3 to 2021-06-13 00:00:00+00:00
[2021-06-15 03:39:16,274] {scheduler_job.py:190} INFO - Processing /home/airflow/.local/lib/python3.6/site-packages/airflow/example_dags/example_branch_python_dop_operator_3.py took 0.527 seconds
[2021-06-15 03:39:47,405] {scheduler_job.py:182} INFO - Started process (PID=1843) to work on /home/airflow/.local/lib/python3.6/site-packages/airflow/example_dags/example_branch_python_dop_operator_3.py
[2021-06-15 03:39:47,415] {scheduler_job.py:633} INFO - Processing file /home/airflow/.local/lib/python3.6/site-packages/airflow/example_dags/example_branch_python_dop_operator_3.py for tasks to queue
[2021-06-15 03:39:47,425] {logging_mixin.py:104} INFO - [2021-06-15 03:39:47,423] {dagbag.py:487} INFO - Filling up the DagBag from /home/airflow/.local/lib/python3.6/site-packages/airflow/example_dags/example_branch_python_dop_operator_3.py
[2021-06-15 03:39:47,535] {scheduler_job.py:643} INFO - DAG(s) dict_keys(['example_branch_dop_operator_v3']) retrieved from /home/airflow/.local/lib/python3.6/site-packages/airflow/example_dags/example_branch_python_dop_operator_3.py
[2021-06-15 03:39:47,689] {logging_mixin.py:104} INFO - [2021-06-15 03:39:47,688] {dag.py:1832} INFO - Sync 1 DAGs
[2021-06-15 03:39:47,853] {logging_mixin.py:104} INFO - [2021-06-15 03:39:47,852] {dag.py:2305} INFO - Setting next_dagrun for example_branch_dop_operator_v3 to 2021-06-13 00:00:00+00:00
[2021-06-15 03:39:47,904] {scheduler_job.py:190} INFO - Processing /home/airflow/.local/lib/python3.6/site-packages/airflow/example_dags/example_branch_python_dop_operator_3.py took 0.526 seconds
[2021-06-15 03:40:18,582] {scheduler_job.py:182} INFO - Started process (PID=1902) to work on /home/airflow/.local/lib/python3.6/site-packages/airflow/example_dags/example_branch_python_dop_operator_3.py
[2021-06-15 03:40:18,590] {scheduler_job.py:633} INFO - Processing file /home/airflow/.local/lib/python3.6/site-packages/airflow/example_dags/example_branch_python_dop_operator_3.py for tasks to queue
[2021-06-15 03:40:18,610] {logging_mixin.py:104} INFO - [2021-06-15 03:40:18,605] {dagbag.py:487} INFO - Filling up the DagBag from /home/airflow/.local/lib/python3.6/site-packages/airflow/example_dags/example_branch_python_dop_operator_3.py
[2021-06-15 03:40:18,696] {scheduler_job.py:643} INFO - DAG(s) dict_keys(['example_branch_dop_operator_v3']) retrieved from /home/airflow/.local/lib/python3.6/site-packages/airflow/example_dags/example_branch_python_dop_operator_3.py
[2021-06-15 03:40:18,800] {logging_mixin.py:104} INFO - [2021-06-15 03:40:18,800] {dag.py:1832} INFO - Sync 1 DAGs
[2021-06-15 03:40:18,907] {logging_mixin.py:104} INFO - [2021-06-15 03:40:18,906] {dag.py:2305} INFO - Setting next_dagrun for example_branch_dop_operator_v3 to 2021-06-13 00:00:00+00:00
[2021-06-15 03:40:18,957] {scheduler_job.py:190} INFO - Processing /home/airflow/.local/lib/python3.6/site-packages/airflow/example_dags/example_branch_python_dop_operator_3.py took 0.392 seconds
[2021-06-15 03:40:49,534] {scheduler_job.py:182} INFO - Started process (PID=1970) to work on /home/airflow/.local/lib/python3.6/site-packages/airflow/example_dags/example_branch_python_dop_operator_3.py
[2021-06-15 03:40:49,543] {scheduler_job.py:633} INFO - Processing file /home/airflow/.local/lib/python3.6/site-packages/airflow/example_dags/example_branch_python_dop_operator_3.py for tasks to queue
[2021-06-15 03:40:49,551] {logging_mixin.py:104} INFO - [2021-06-15 03:40:49,550] {dagbag.py:487} INFO - Filling up the DagBag from /home/airflow/.local/lib/python3.6/site-packages/airflow/example_dags/example_branch_python_dop_operator_3.py
[2021-06-15 03:40:49,636] {scheduler_job.py:643} INFO - DAG(s) dict_keys(['example_branch_dop_operator_v3']) retrieved from /home/airflow/.local/lib/python3.6/site-packages/airflow/example_dags/example_branch_python_dop_operator_3.py
[2021-06-15 03:40:49,819] {logging_mixin.py:104} INFO - [2021-06-15 03:40:49,819] {dag.py:1832} INFO - Sync 1 DAGs
[2021-06-15 03:40:49,987] {logging_mixin.py:104} INFO - [2021-06-15 03:40:49,986] {dag.py:2305} INFO - Setting next_dagrun for example_branch_dop_operator_v3 to 2021-06-13 00:00:00+00:00
[2021-06-15 03:40:50,048] {scheduler_job.py:190} INFO - Processing /home/airflow/.local/lib/python3.6/site-packages/airflow/example_dags/example_branch_python_dop_operator_3.py took 0.532 seconds
[2021-06-15 03:41:20,196] {scheduler_job.py:182} INFO - Started process (PID=2027) to work on /home/airflow/.local/lib/python3.6/site-packages/airflow/example_dags/example_branch_python_dop_operator_3.py
[2021-06-15 03:41:20,207] {scheduler_job.py:633} INFO - Processing file /home/airflow/.local/lib/python3.6/site-packages/airflow/example_dags/example_branch_python_dop_operator_3.py for tasks to queue
[2021-06-15 03:41:20,214] {logging_mixin.py:104} INFO - [2021-06-15 03:41:20,213] {dagbag.py:487} INFO - Filling up the DagBag from /home/airflow/.local/lib/python3.6/site-packages/airflow/example_dags/example_branch_python_dop_operator_3.py
[2021-06-15 03:41:20,307] {scheduler_job.py:643} INFO - DAG(s) dict_keys(['example_branch_dop_operator_v3']) retrieved from /home/airflow/.local/lib/python3.6/site-packages/airflow/example_dags/example_branch_python_dop_operator_3.py
[2021-06-15 03:41:20,507] {logging_mixin.py:104} INFO - [2021-06-15 03:41:20,506] {dag.py:1832} INFO - Sync 1 DAGs
[2021-06-15 03:41:20,670] {logging_mixin.py:104} INFO - [2021-06-15 03:41:20,669] {dag.py:2305} INFO - Setting next_dagrun for example_branch_dop_operator_v3 to 2021-06-13 00:00:00+00:00
[2021-06-15 03:41:20,721] {scheduler_job.py:190} INFO - Processing /home/airflow/.local/lib/python3.6/site-packages/airflow/example_dags/example_branch_python_dop_operator_3.py took 0.546 seconds
[2021-06-15 03:41:50,871] {scheduler_job.py:182} INFO - Started process (PID=2086) to work on /home/airflow/.local/lib/python3.6/site-packages/airflow/example_dags/example_branch_python_dop_operator_3.py
[2021-06-15 03:41:50,882] {scheduler_job.py:633} INFO - Processing file /home/airflow/.local/lib/python3.6/site-packages/airflow/example_dags/example_branch_python_dop_operator_3.py for tasks to queue
[2021-06-15 03:41:50,889] {logging_mixin.py:104} INFO - [2021-06-15 03:41:50,888] {dagbag.py:487} INFO - Filling up the DagBag from /home/airflow/.local/lib/python3.6/site-packages/airflow/example_dags/example_branch_python_dop_operator_3.py
[2021-06-15 03:41:50,991] {scheduler_job.py:643} INFO - DAG(s) dict_keys(['example_branch_dop_operator_v3']) retrieved from /home/airflow/.local/lib/python3.6/site-packages/airflow/example_dags/example_branch_python_dop_operator_3.py
[2021-06-15 03:41:51,182] {logging_mixin.py:104} INFO - [2021-06-15 03:41:51,181] {dag.py:1832} INFO - Sync 1 DAGs
[2021-06-15 03:41:51,335] {logging_mixin.py:104} INFO - [2021-06-15 03:41:51,335] {dag.py:2305} INFO - Setting next_dagrun for example_branch_dop_operator_v3 to 2021-06-13 00:00:00+00:00
[2021-06-15 03:41:51,390] {scheduler_job.py:190} INFO - Processing /home/airflow/.local/lib/python3.6/site-packages/airflow/example_dags/example_branch_python_dop_operator_3.py took 0.547 seconds
[2021-06-15 03:42:22,209] {scheduler_job.py:182} INFO - Started process (PID=2153) to work on /home/airflow/.local/lib/python3.6/site-packages/airflow/example_dags/example_branch_python_dop_operator_3.py
[2021-06-15 03:42:22,219] {scheduler_job.py:633} INFO - Processing file /home/airflow/.local/lib/python3.6/site-packages/airflow/example_dags/example_branch_python_dop_operator_3.py for tasks to queue
[2021-06-15 03:42:22,224] {logging_mixin.py:104} INFO - [2021-06-15 03:42:22,224] {dagbag.py:487} INFO - Filling up the DagBag from /home/airflow/.local/lib/python3.6/site-packages/airflow/example_dags/example_branch_python_dop_operator_3.py
[2021-06-15 03:42:22,314] {scheduler_job.py:643} INFO - DAG(s) dict_keys(['example_branch_dop_operator_v3']) retrieved from /home/airflow/.local/lib/python3.6/site-packages/airflow/example_dags/example_branch_python_dop_operator_3.py
[2021-06-15 03:42:22,425] {logging_mixin.py:104} INFO - [2021-06-15 03:42:22,424] {dag.py:1832} INFO - Sync 1 DAGs
[2021-06-15 03:42:22,544] {logging_mixin.py:104} INFO - [2021-06-15 03:42:22,543] {dag.py:2305} INFO - Setting next_dagrun for example_branch_dop_operator_v3 to 2021-06-13 00:00:00+00:00
[2021-06-15 03:42:22,604] {scheduler_job.py:190} INFO - Processing /home/airflow/.local/lib/python3.6/site-packages/airflow/example_dags/example_branch_python_dop_operator_3.py took 0.412 seconds
[2021-06-15 03:42:52,976] {scheduler_job.py:182} INFO - Started process (PID=2212) to work on /home/airflow/.local/lib/python3.6/site-packages/airflow/example_dags/example_branch_python_dop_operator_3.py
[2021-06-15 03:42:52,986] {scheduler_job.py:633} INFO - Processing file /home/airflow/.local/lib/python3.6/site-packages/airflow/example_dags/example_branch_python_dop_operator_3.py for tasks to queue
[2021-06-15 03:42:52,992] {logging_mixin.py:104} INFO - [2021-06-15 03:42:52,992] {dagbag.py:487} INFO - Filling up the DagBag from /home/airflow/.local/lib/python3.6/site-packages/airflow/example_dags/example_branch_python_dop_operator_3.py
[2021-06-15 03:42:53,062] {scheduler_job.py:643} INFO - DAG(s) dict_keys(['example_branch_dop_operator_v3']) retrieved from /home/airflow/.local/lib/python3.6/site-packages/airflow/example_dags/example_branch_python_dop_operator_3.py
[2021-06-15 03:42:53,196] {logging_mixin.py:104} INFO - [2021-06-15 03:42:53,195] {dag.py:1832} INFO - Sync 1 DAGs
[2021-06-15 03:42:53,309] {logging_mixin.py:104} INFO - [2021-06-15 03:42:53,308] {dag.py:2305} INFO - Setting next_dagrun for example_branch_dop_operator_v3 to 2021-06-13 00:00:00+00:00
[2021-06-15 03:42:53,361] {scheduler_job.py:190} INFO - Processing /home/airflow/.local/lib/python3.6/site-packages/airflow/example_dags/example_branch_python_dop_operator_3.py took 0.402 seconds
[2021-06-15 03:43:23,515] {scheduler_job.py:182} INFO - Started process (PID=2270) to work on /home/airflow/.local/lib/python3.6/site-packages/airflow/example_dags/example_branch_python_dop_operator_3.py
[2021-06-15 03:43:23,524] {scheduler_job.py:633} INFO - Processing file /home/airflow/.local/lib/python3.6/site-packages/airflow/example_dags/example_branch_python_dop_operator_3.py for tasks to queue
[2021-06-15 03:43:23,529] {logging_mixin.py:104} INFO - [2021-06-15 03:43:23,528] {dagbag.py:487} INFO - Filling up the DagBag from /home/airflow/.local/lib/python3.6/site-packages/airflow/example_dags/example_branch_python_dop_operator_3.py
[2021-06-15 03:43:23,591] {scheduler_job.py:643} INFO - DAG(s) dict_keys(['example_branch_dop_operator_v3']) retrieved from /home/airflow/.local/lib/python3.6/site-packages/airflow/example_dags/example_branch_python_dop_operator_3.py
[2021-06-15 03:43:23,704] {logging_mixin.py:104} INFO - [2021-06-15 03:43:23,703] {dag.py:1832} INFO - Sync 1 DAGs
[2021-06-15 03:43:23,810] {logging_mixin.py:104} INFO - [2021-06-15 03:43:23,810] {dag.py:2305} INFO - Setting next_dagrun for example_branch_dop_operator_v3 to 2021-06-13 00:00:00+00:00
[2021-06-15 03:43:23,858] {scheduler_job.py:190} INFO - Processing /home/airflow/.local/lib/python3.6/site-packages/airflow/example_dags/example_branch_python_dop_operator_3.py took 0.360 seconds
[2021-06-15 03:43:54,411] {scheduler_job.py:182} INFO - Started process (PID=2336) to work on /home/airflow/.local/lib/python3.6/site-packages/airflow/example_dags/example_branch_python_dop_operator_3.py
[2021-06-15 03:43:54,420] {scheduler_job.py:633} INFO - Processing file /home/airflow/.local/lib/python3.6/site-packages/airflow/example_dags/example_branch_python_dop_operator_3.py for tasks to queue
[2021-06-15 03:43:54,427] {logging_mixin.py:104} INFO - [2021-06-15 03:43:54,427] {dagbag.py:487} INFO - Filling up the DagBag from /home/airflow/.local/lib/python3.6/site-packages/airflow/example_dags/example_branch_python_dop_operator_3.py
[2021-06-15 03:43:54,495] {scheduler_job.py:643} INFO - DAG(s) dict_keys(['example_branch_dop_operator_v3']) retrieved from /home/airflow/.local/lib/python3.6/site-packages/airflow/example_dags/example_branch_python_dop_operator_3.py
[2021-06-15 03:43:54,632] {logging_mixin.py:104} INFO - [2021-06-15 03:43:54,631] {dag.py:1832} INFO - Sync 1 DAGs
[2021-06-15 03:43:54,768] {logging_mixin.py:104} INFO - [2021-06-15 03:43:54,767] {dag.py:2305} INFO - Setting next_dagrun for example_branch_dop_operator_v3 to 2021-06-13 00:00:00+00:00
[2021-06-15 03:43:54,825] {scheduler_job.py:190} INFO - Processing /home/airflow/.local/lib/python3.6/site-packages/airflow/example_dags/example_branch_python_dop_operator_3.py took 0.430 seconds
[2021-06-15 03:44:25,864] {scheduler_job.py:182} INFO - Started process (PID=2404) to work on /home/airflow/.local/lib/python3.6/site-packages/airflow/example_dags/example_branch_python_dop_operator_3.py
[2021-06-15 03:44:25,874] {scheduler_job.py:633} INFO - Processing file /home/airflow/.local/lib/python3.6/site-packages/airflow/example_dags/example_branch_python_dop_operator_3.py for tasks to queue
[2021-06-15 03:44:25,881] {logging_mixin.py:104} INFO - [2021-06-15 03:44:25,880] {dagbag.py:487} INFO - Filling up the DagBag from /home/airflow/.local/lib/python3.6/site-packages/airflow/example_dags/example_branch_python_dop_operator_3.py
[2021-06-15 03:44:25,985] {scheduler_job.py:643} INFO - DAG(s) dict_keys(['example_branch_dop_operator_v3']) retrieved from /home/airflow/.local/lib/python3.6/site-packages/airflow/example_dags/example_branch_python_dop_operator_3.py
[2021-06-15 03:44:26,164] {logging_mixin.py:104} INFO - [2021-06-15 03:44:26,164] {dag.py:1832} INFO - Sync 1 DAGs
[2021-06-15 03:44:26,287] {logging_mixin.py:104} INFO - [2021-06-15 03:44:26,287] {dag.py:2305} INFO - Setting next_dagrun for example_branch_dop_operator_v3 to 2021-06-13 00:00:00+00:00
[2021-06-15 03:44:26,361] {scheduler_job.py:190} INFO - Processing /home/airflow/.local/lib/python3.6/site-packages/airflow/example_dags/example_branch_python_dop_operator_3.py took 0.526 seconds
[2021-06-15 03:44:57,224] {scheduler_job.py:182} INFO - Started process (PID=2463) to work on /home/airflow/.local/lib/python3.6/site-packages/airflow/example_dags/example_branch_python_dop_operator_3.py
[2021-06-15 03:44:57,231] {scheduler_job.py:633} INFO - Processing file /home/airflow/.local/lib/python3.6/site-packages/airflow/example_dags/example_branch_python_dop_operator_3.py for tasks to queue
[2021-06-15 03:44:57,237] {logging_mixin.py:104} INFO - [2021-06-15 03:44:57,237] {dagbag.py:487} INFO - Filling up the DagBag from /home/airflow/.local/lib/python3.6/site-packages/airflow/example_dags/example_branch_python_dop_operator_3.py
[2021-06-15 03:44:57,305] {scheduler_job.py:643} INFO - DAG(s) dict_keys(['example_branch_dop_operator_v3']) retrieved from /home/airflow/.local/lib/python3.6/site-packages/airflow/example_dags/example_branch_python_dop_operator_3.py
[2021-06-15 03:44:57,458] {logging_mixin.py:104} INFO - [2021-06-15 03:44:57,457] {dag.py:1832} INFO - Sync 1 DAGs
[2021-06-15 03:44:57,632] {logging_mixin.py:104} INFO - [2021-06-15 03:44:57,631] {dag.py:2305} INFO - Setting next_dagrun for example_branch_dop_operator_v3 to 2021-06-13 00:00:00+00:00
[2021-06-15 03:44:57,709] {scheduler_job.py:190} INFO - Processing /home/airflow/.local/lib/python3.6/site-packages/airflow/example_dags/example_branch_python_dop_operator_3.py took 0.504 seconds
[2021-06-15 03:45:28,179] {scheduler_job.py:182} INFO - Started process (PID=2521) to work on /home/airflow/.local/lib/python3.6/site-packages/airflow/example_dags/example_branch_python_dop_operator_3.py
[2021-06-15 03:45:28,186] {scheduler_job.py:633} INFO - Processing file /home/airflow/.local/lib/python3.6/site-packages/airflow/example_dags/example_branch_python_dop_operator_3.py for tasks to queue
[2021-06-15 03:45:28,192] {logging_mixin.py:104} INFO - [2021-06-15 03:45:28,192] {dagbag.py:487} INFO - Filling up the DagBag from /home/airflow/.local/lib/python3.6/site-packages/airflow/example_dags/example_branch_python_dop_operator_3.py
[2021-06-15 03:45:28,294] {scheduler_job.py:643} INFO - DAG(s) dict_keys(['example_branch_dop_operator_v3']) retrieved from /home/airflow/.local/lib/python3.6/site-packages/airflow/example_dags/example_branch_python_dop_operator_3.py
[2021-06-15 03:45:28,486] {logging_mixin.py:104} INFO - [2021-06-15 03:45:28,485] {dag.py:1832} INFO - Sync 1 DAGs
[2021-06-15 03:45:28,617] {logging_mixin.py:104} INFO - [2021-06-15 03:45:28,616] {dag.py:2305} INFO - Setting next_dagrun for example_branch_dop_operator_v3 to 2021-06-13 00:00:00+00:00
[2021-06-15 03:45:28,682] {scheduler_job.py:190} INFO - Processing /home/airflow/.local/lib/python3.6/site-packages/airflow/example_dags/example_branch_python_dop_operator_3.py took 0.523 seconds
[2021-06-15 03:45:58,883] {scheduler_job.py:182} INFO - Started process (PID=2581) to work on /home/airflow/.local/lib/python3.6/site-packages/airflow/example_dags/example_branch_python_dop_operator_3.py
[2021-06-15 03:45:58,899] {scheduler_job.py:633} INFO - Processing file /home/airflow/.local/lib/python3.6/site-packages/airflow/example_dags/example_branch_python_dop_operator_3.py for tasks to queue
[2021-06-15 03:45:58,908] {logging_mixin.py:104} INFO - [2021-06-15 03:45:58,907] {dagbag.py:487} INFO - Filling up the DagBag from /home/airflow/.local/lib/python3.6/site-packages/airflow/example_dags/example_branch_python_dop_operator_3.py
[2021-06-15 03:45:59,031] {scheduler_job.py:643} INFO - DAG(s) dict_keys(['example_branch_dop_operator_v3']) retrieved from /home/airflow/.local/lib/python3.6/site-packages/airflow/example_dags/example_branch_python_dop_operator_3.py
[2021-06-15 03:45:59,172] {logging_mixin.py:104} INFO - [2021-06-15 03:45:59,172] {dag.py:1832} INFO - Sync 1 DAGs
[2021-06-15 03:45:59,284] {logging_mixin.py:104} INFO - [2021-06-15 03:45:59,283] {dag.py:2305} INFO - Setting next_dagrun for example_branch_dop_operator_v3 to 2021-06-13 00:00:00+00:00
[2021-06-15 03:45:59,342] {scheduler_job.py:190} INFO - Processing /home/airflow/.local/lib/python3.6/site-packages/airflow/example_dags/example_branch_python_dop_operator_3.py took 0.498 seconds
[2021-06-15 03:46:29,969] {scheduler_job.py:182} INFO - Started process (PID=2642) to work on /home/airflow/.local/lib/python3.6/site-packages/airflow/example_dags/example_branch_python_dop_operator_3.py
[2021-06-15 03:46:29,975] {scheduler_job.py:633} INFO - Processing file /home/airflow/.local/lib/python3.6/site-packages/airflow/example_dags/example_branch_python_dop_operator_3.py for tasks to queue
[2021-06-15 03:46:29,979] {logging_mixin.py:104} INFO - [2021-06-15 03:46:29,979] {dagbag.py:487} INFO - Filling up the DagBag from /home/airflow/.local/lib/python3.6/site-packages/airflow/example_dags/example_branch_python_dop_operator_3.py
[2021-06-15 03:46:30,042] {scheduler_job.py:643} INFO - DAG(s) dict_keys(['example_branch_dop_operator_v3']) retrieved from /home/airflow/.local/lib/python3.6/site-packages/airflow/example_dags/example_branch_python_dop_operator_3.py
[2021-06-15 03:46:30,132] {logging_mixin.py:104} INFO - [2021-06-15 03:46:30,131] {dag.py:1832} INFO - Sync 1 DAGs
[2021-06-15 03:46:30,224] {logging_mixin.py:104} INFO - [2021-06-15 03:46:30,224] {dag.py:2305} INFO - Setting next_dagrun for example_branch_dop_operator_v3 to 2021-06-13 00:00:00+00:00
[2021-06-15 03:46:30,266] {scheduler_job.py:190} INFO - Processing /home/airflow/.local/lib/python3.6/site-packages/airflow/example_dags/example_branch_python_dop_operator_3.py took 0.313 seconds
[2021-06-15 03:47:00,764] {scheduler_job.py:182} INFO - Started process (PID=2704) to work on /home/airflow/.local/lib/python3.6/site-packages/airflow/example_dags/example_branch_python_dop_operator_3.py
[2021-06-15 03:47:00,771] {scheduler_job.py:633} INFO - Processing file /home/airflow/.local/lib/python3.6/site-packages/airflow/example_dags/example_branch_python_dop_operator_3.py for tasks to queue
[2021-06-15 03:47:00,777] {logging_mixin.py:104} INFO - [2021-06-15 03:47:00,776] {dagbag.py:487} INFO - Filling up the DagBag from /home/airflow/.local/lib/python3.6/site-packages/airflow/example_dags/example_branch_python_dop_operator_3.py
[2021-06-15 03:47:00,862] {scheduler_job.py:643} INFO - DAG(s) dict_keys(['example_branch_dop_operator_v3']) retrieved from /home/airflow/.local/lib/python3.6/site-packages/airflow/example_dags/example_branch_python_dop_operator_3.py
[2021-06-15 03:47:00,971] {logging_mixin.py:104} INFO - [2021-06-15 03:47:00,970] {dag.py:1832} INFO - Sync 1 DAGs
[2021-06-15 03:47:01,102] {logging_mixin.py:104} INFO - [2021-06-15 03:47:01,102] {dag.py:2305} INFO - Setting next_dagrun for example_branch_dop_operator_v3 to 2021-06-13 00:00:00+00:00
[2021-06-15 03:47:01,163] {scheduler_job.py:190} INFO - Processing /home/airflow/.local/lib/python3.6/site-packages/airflow/example_dags/example_branch_python_dop_operator_3.py took 0.417 seconds
[2021-06-15 03:47:32,190] {scheduler_job.py:182} INFO - Started process (PID=2772) to work on /home/airflow/.local/lib/python3.6/site-packages/airflow/example_dags/example_branch_python_dop_operator_3.py
[2021-06-15 03:47:32,202] {scheduler_job.py:633} INFO - Processing file /home/airflow/.local/lib/python3.6/site-packages/airflow/example_dags/example_branch_python_dop_operator_3.py for tasks to queue
[2021-06-15 03:47:32,208] {logging_mixin.py:104} INFO - [2021-06-15 03:47:32,207] {dagbag.py:487} INFO - Filling up the DagBag from /home/airflow/.local/lib/python3.6/site-packages/airflow/example_dags/example_branch_python_dop_operator_3.py
[2021-06-15 03:47:32,277] {scheduler_job.py:643} INFO - DAG(s) dict_keys(['example_branch_dop_operator_v3']) retrieved from /home/airflow/.local/lib/python3.6/site-packages/airflow/example_dags/example_branch_python_dop_operator_3.py
[2021-06-15 03:47:32,386] {logging_mixin.py:104} INFO - [2021-06-15 03:47:32,386] {dag.py:1832} INFO - Sync 1 DAGs
[2021-06-15 03:47:32,486] {logging_mixin.py:104} INFO - [2021-06-15 03:47:32,486] {dag.py:2305} INFO - Setting next_dagrun for example_branch_dop_operator_v3 to 2021-06-13 00:00:00+00:00
[2021-06-15 03:47:32,533] {scheduler_job.py:190} INFO - Processing /home/airflow/.local/lib/python3.6/site-packages/airflow/example_dags/example_branch_python_dop_operator_3.py took 0.359 seconds
[2021-06-15 03:48:03,056] {scheduler_job.py:182} INFO - Started process (PID=2841) to work on /home/airflow/.local/lib/python3.6/site-packages/airflow/example_dags/example_branch_python_dop_operator_3.py
[2021-06-15 03:48:03,063] {scheduler_job.py:633} INFO - Processing file /home/airflow/.local/lib/python3.6/site-packages/airflow/example_dags/example_branch_python_dop_operator_3.py for tasks to queue
[2021-06-15 03:48:03,070] {logging_mixin.py:104} INFO - [2021-06-15 03:48:03,069] {dagbag.py:487} INFO - Filling up the DagBag from /home/airflow/.local/lib/python3.6/site-packages/airflow/example_dags/example_branch_python_dop_operator_3.py
[2021-06-15 03:48:03,137] {scheduler_job.py:643} INFO - DAG(s) dict_keys(['example_branch_dop_operator_v3']) retrieved from /home/airflow/.local/lib/python3.6/site-packages/airflow/example_dags/example_branch_python_dop_operator_3.py
[2021-06-15 03:48:03,235] {logging_mixin.py:104} INFO - [2021-06-15 03:48:03,235] {dag.py:1832} INFO - Sync 1 DAGs
[2021-06-15 03:48:03,352] {logging_mixin.py:104} INFO - [2021-06-15 03:48:03,352] {dag.py:2305} INFO - Setting next_dagrun for example_branch_dop_operator_v3 to 2021-06-13 00:00:00+00:00
[2021-06-15 03:48:03,397] {scheduler_job.py:190} INFO - Processing /home/airflow/.local/lib/python3.6/site-packages/airflow/example_dags/example_branch_python_dop_operator_3.py took 0.362 seconds
[2021-06-15 03:48:33,675] {scheduler_job.py:182} INFO - Started process (PID=2909) to work on /home/airflow/.local/lib/python3.6/site-packages/airflow/example_dags/example_branch_python_dop_operator_3.py
[2021-06-15 03:48:33,683] {scheduler_job.py:633} INFO - Processing file /home/airflow/.local/lib/python3.6/site-packages/airflow/example_dags/example_branch_python_dop_operator_3.py for tasks to queue
[2021-06-15 03:48:33,689] {logging_mixin.py:104} INFO - [2021-06-15 03:48:33,689] {dagbag.py:487} INFO - Filling up the DagBag from /home/airflow/.local/lib/python3.6/site-packages/airflow/example_dags/example_branch_python_dop_operator_3.py
[2021-06-15 03:48:33,753] {scheduler_job.py:643} INFO - DAG(s) dict_keys(['example_branch_dop_operator_v3']) retrieved from /home/airflow/.local/lib/python3.6/site-packages/airflow/example_dags/example_branch_python_dop_operator_3.py
[2021-06-15 03:48:33,855] {logging_mixin.py:104} INFO - [2021-06-15 03:48:33,855] {dag.py:1832} INFO - Sync 1 DAGs
[2021-06-15 03:48:33,949] {logging_mixin.py:104} INFO - [2021-06-15 03:48:33,949] {dag.py:2305} INFO - Setting next_dagrun for example_branch_dop_operator_v3 to 2021-06-13 00:00:00+00:00
[2021-06-15 03:48:33,993] {scheduler_job.py:190} INFO - Processing /home/airflow/.local/lib/python3.6/site-packages/airflow/example_dags/example_branch_python_dop_operator_3.py took 0.332 seconds
[2021-06-15 03:49:04,124] {scheduler_job.py:182} INFO - Started process (PID=2969) to work on /home/airflow/.local/lib/python3.6/site-packages/airflow/example_dags/example_branch_python_dop_operator_3.py
[2021-06-15 03:49:04,134] {scheduler_job.py:633} INFO - Processing file /home/airflow/.local/lib/python3.6/site-packages/airflow/example_dags/example_branch_python_dop_operator_3.py for tasks to queue
[2021-06-15 03:49:04,141] {logging_mixin.py:104} INFO - [2021-06-15 03:49:04,140] {dagbag.py:487} INFO - Filling up the DagBag from /home/airflow/.local/lib/python3.6/site-packages/airflow/example_dags/example_branch_python_dop_operator_3.py
[2021-06-15 03:49:04,225] {scheduler_job.py:643} INFO - DAG(s) dict_keys(['example_branch_dop_operator_v3']) retrieved from /home/airflow/.local/lib/python3.6/site-packages/airflow/example_dags/example_branch_python_dop_operator_3.py
[2021-06-15 03:49:04,381] {logging_mixin.py:104} INFO - [2021-06-15 03:49:04,380] {dag.py:1832} INFO - Sync 1 DAGs
[2021-06-15 03:49:04,535] {logging_mixin.py:104} INFO - [2021-06-15 03:49:04,534] {dag.py:2305} INFO - Setting next_dagrun for example_branch_dop_operator_v3 to 2021-06-13 00:00:00+00:00
[2021-06-15 03:49:04,609] {scheduler_job.py:190} INFO - Processing /home/airflow/.local/lib/python3.6/site-packages/airflow/example_dags/example_branch_python_dop_operator_3.py took 0.508 seconds
