[2021-06-15 03:25:26,626] {scheduler_job.py:182} INFO - Started process (PID=86) to work on /home/airflow/.local/lib/python3.6/site-packages/airflow/example_dags/example_task_group_decorator.py
[2021-06-15 03:25:26,635] {scheduler_job.py:633} INFO - Processing file /home/airflow/.local/lib/python3.6/site-packages/airflow/example_dags/example_task_group_decorator.py for tasks to queue
[2021-06-15 03:25:26,640] {logging_mixin.py:104} INFO - [2021-06-15 03:25:26,640] {dagbag.py:487} INFO - Filling up the DagBag from /home/airflow/.local/lib/python3.6/site-packages/airflow/example_dags/example_task_group_decorator.py
[2021-06-15 03:25:26,755] {scheduler_job.py:643} INFO - DAG(s) dict_keys(['example_task_group_decorator']) retrieved from /home/airflow/.local/lib/python3.6/site-packages/airflow/example_dags/example_task_group_decorator.py
[2021-06-15 03:25:27,770] {logging_mixin.py:104} INFO - [2021-06-15 03:25:27,770] {dag.py:1832} INFO - Sync 1 DAGs
[2021-06-15 03:25:27,840] {logging_mixin.py:104} INFO - [2021-06-15 03:25:27,840] {dag.py:2305} INFO - Setting next_dagrun for example_task_group_decorator to 2021-06-13 00:00:00+00:00
[2021-06-15 03:25:27,889] {scheduler_job.py:190} INFO - Processing /home/airflow/.local/lib/python3.6/site-packages/airflow/example_dags/example_task_group_decorator.py took 1.278 seconds
[2021-06-15 03:25:59,103] {scheduler_job.py:182} INFO - Started process (PID=145) to work on /home/airflow/.local/lib/python3.6/site-packages/airflow/example_dags/example_task_group_decorator.py
[2021-06-15 03:25:59,113] {scheduler_job.py:633} INFO - Processing file /home/airflow/.local/lib/python3.6/site-packages/airflow/example_dags/example_task_group_decorator.py for tasks to queue
[2021-06-15 03:25:59,137] {logging_mixin.py:104} INFO - [2021-06-15 03:25:59,136] {dagbag.py:487} INFO - Filling up the DagBag from /home/airflow/.local/lib/python3.6/site-packages/airflow/example_dags/example_task_group_decorator.py
[2021-06-15 03:25:59,384] {scheduler_job.py:643} INFO - DAG(s) dict_keys(['example_task_group_decorator']) retrieved from /home/airflow/.local/lib/python3.6/site-packages/airflow/example_dags/example_task_group_decorator.py
[2021-06-15 03:26:01,764] {logging_mixin.py:104} INFO - [2021-06-15 03:26:01,764] {dag.py:1832} INFO - Sync 1 DAGs
[2021-06-15 03:26:01,894] {logging_mixin.py:104} INFO - [2021-06-15 03:26:01,893] {dag.py:2305} INFO - Setting next_dagrun for example_task_group_decorator to 2021-06-13 00:00:00+00:00
[2021-06-15 03:26:01,983] {scheduler_job.py:190} INFO - Processing /home/airflow/.local/lib/python3.6/site-packages/airflow/example_dags/example_task_group_decorator.py took 2.902 seconds
[2021-06-15 03:26:32,167] {scheduler_job.py:182} INFO - Started process (PID=214) to work on /home/airflow/.local/lib/python3.6/site-packages/airflow/example_dags/example_task_group_decorator.py
[2021-06-15 03:26:32,175] {scheduler_job.py:633} INFO - Processing file /home/airflow/.local/lib/python3.6/site-packages/airflow/example_dags/example_task_group_decorator.py for tasks to queue
[2021-06-15 03:26:32,180] {logging_mixin.py:104} INFO - [2021-06-15 03:26:32,180] {dagbag.py:487} INFO - Filling up the DagBag from /home/airflow/.local/lib/python3.6/site-packages/airflow/example_dags/example_task_group_decorator.py
[2021-06-15 03:26:32,299] {scheduler_job.py:643} INFO - DAG(s) dict_keys(['example_task_group_decorator']) retrieved from /home/airflow/.local/lib/python3.6/site-packages/airflow/example_dags/example_task_group_decorator.py
[2021-06-15 03:26:33,244] {logging_mixin.py:104} INFO - [2021-06-15 03:26:33,243] {dag.py:1832} INFO - Sync 1 DAGs
[2021-06-15 03:26:33,325] {logging_mixin.py:104} INFO - [2021-06-15 03:26:33,324] {dag.py:2305} INFO - Setting next_dagrun for example_task_group_decorator to 2021-06-13 00:00:00+00:00
[2021-06-15 03:26:33,390] {scheduler_job.py:190} INFO - Processing /home/airflow/.local/lib/python3.6/site-packages/airflow/example_dags/example_task_group_decorator.py took 1.242 seconds
[2021-06-15 03:27:03,943] {scheduler_job.py:182} INFO - Started process (PID=276) to work on /home/airflow/.local/lib/python3.6/site-packages/airflow/example_dags/example_task_group_decorator.py
[2021-06-15 03:27:03,957] {scheduler_job.py:633} INFO - Processing file /home/airflow/.local/lib/python3.6/site-packages/airflow/example_dags/example_task_group_decorator.py for tasks to queue
[2021-06-15 03:27:03,968] {logging_mixin.py:104} INFO - [2021-06-15 03:27:03,968] {dagbag.py:487} INFO - Filling up the DagBag from /home/airflow/.local/lib/python3.6/site-packages/airflow/example_dags/example_task_group_decorator.py
[2021-06-15 03:27:04,136] {scheduler_job.py:643} INFO - DAG(s) dict_keys(['example_task_group_decorator']) retrieved from /home/airflow/.local/lib/python3.6/site-packages/airflow/example_dags/example_task_group_decorator.py
[2021-06-15 03:27:05,109] {logging_mixin.py:104} INFO - [2021-06-15 03:27:05,108] {dag.py:1832} INFO - Sync 1 DAGs
[2021-06-15 03:27:05,170] {logging_mixin.py:104} INFO - [2021-06-15 03:27:05,170] {dag.py:2305} INFO - Setting next_dagrun for example_task_group_decorator to 2021-06-13 00:00:00+00:00
[2021-06-15 03:27:05,219] {scheduler_job.py:190} INFO - Processing /home/airflow/.local/lib/python3.6/site-packages/airflow/example_dags/example_task_group_decorator.py took 1.295 seconds
[2021-06-15 03:27:35,446] {scheduler_job.py:182} INFO - Started process (PID=345) to work on /home/airflow/.local/lib/python3.6/site-packages/airflow/example_dags/example_task_group_decorator.py
[2021-06-15 03:27:35,457] {scheduler_job.py:633} INFO - Processing file /home/airflow/.local/lib/python3.6/site-packages/airflow/example_dags/example_task_group_decorator.py for tasks to queue
[2021-06-15 03:27:35,464] {logging_mixin.py:104} INFO - [2021-06-15 03:27:35,464] {dagbag.py:487} INFO - Filling up the DagBag from /home/airflow/.local/lib/python3.6/site-packages/airflow/example_dags/example_task_group_decorator.py
[2021-06-15 03:27:35,649] {scheduler_job.py:643} INFO - DAG(s) dict_keys(['example_task_group_decorator']) retrieved from /home/airflow/.local/lib/python3.6/site-packages/airflow/example_dags/example_task_group_decorator.py
[2021-06-15 03:27:36,732] {logging_mixin.py:104} INFO - [2021-06-15 03:27:36,731] {dag.py:1832} INFO - Sync 1 DAGs
[2021-06-15 03:27:36,822] {logging_mixin.py:104} INFO - [2021-06-15 03:27:36,821] {dag.py:2305} INFO - Setting next_dagrun for example_task_group_decorator to 2021-06-13 00:00:00+00:00
[2021-06-15 03:27:36,876] {scheduler_job.py:190} INFO - Processing /home/airflow/.local/lib/python3.6/site-packages/airflow/example_dags/example_task_group_decorator.py took 1.445 seconds
[2021-06-15 03:28:07,128] {scheduler_job.py:182} INFO - Started process (PID=403) to work on /home/airflow/.local/lib/python3.6/site-packages/airflow/example_dags/example_task_group_decorator.py
[2021-06-15 03:28:07,140] {scheduler_job.py:633} INFO - Processing file /home/airflow/.local/lib/python3.6/site-packages/airflow/example_dags/example_task_group_decorator.py for tasks to queue
[2021-06-15 03:28:07,148] {logging_mixin.py:104} INFO - [2021-06-15 03:28:07,147] {dagbag.py:487} INFO - Filling up the DagBag from /home/airflow/.local/lib/python3.6/site-packages/airflow/example_dags/example_task_group_decorator.py
[2021-06-15 03:28:07,278] {scheduler_job.py:643} INFO - DAG(s) dict_keys(['example_task_group_decorator']) retrieved from /home/airflow/.local/lib/python3.6/site-packages/airflow/example_dags/example_task_group_decorator.py
[2021-06-15 03:28:08,335] {logging_mixin.py:104} INFO - [2021-06-15 03:28:08,335] {dag.py:1832} INFO - Sync 1 DAGs
[2021-06-15 03:28:08,407] {logging_mixin.py:104} INFO - [2021-06-15 03:28:08,406] {dag.py:2305} INFO - Setting next_dagrun for example_task_group_decorator to 2021-06-13 00:00:00+00:00
[2021-06-15 03:28:08,474] {scheduler_job.py:190} INFO - Processing /home/airflow/.local/lib/python3.6/site-packages/airflow/example_dags/example_task_group_decorator.py took 1.369 seconds
[2021-06-15 03:28:38,931] {scheduler_job.py:182} INFO - Started process (PID=470) to work on /home/airflow/.local/lib/python3.6/site-packages/airflow/example_dags/example_task_group_decorator.py
[2021-06-15 03:28:38,939] {scheduler_job.py:633} INFO - Processing file /home/airflow/.local/lib/python3.6/site-packages/airflow/example_dags/example_task_group_decorator.py for tasks to queue
[2021-06-15 03:28:38,944] {logging_mixin.py:104} INFO - [2021-06-15 03:28:38,944] {dagbag.py:487} INFO - Filling up the DagBag from /home/airflow/.local/lib/python3.6/site-packages/airflow/example_dags/example_task_group_decorator.py
[2021-06-15 03:28:39,053] {scheduler_job.py:643} INFO - DAG(s) dict_keys(['example_task_group_decorator']) retrieved from /home/airflow/.local/lib/python3.6/site-packages/airflow/example_dags/example_task_group_decorator.py
[2021-06-15 03:28:39,889] {logging_mixin.py:104} INFO - [2021-06-15 03:28:39,888] {dag.py:1832} INFO - Sync 1 DAGs
[2021-06-15 03:28:39,962] {logging_mixin.py:104} INFO - [2021-06-15 03:28:39,961] {dag.py:2305} INFO - Setting next_dagrun for example_task_group_decorator to 2021-06-13 00:00:00+00:00
[2021-06-15 03:28:40,018] {scheduler_job.py:190} INFO - Processing /home/airflow/.local/lib/python3.6/site-packages/airflow/example_dags/example_task_group_decorator.py took 1.101 seconds
[2021-06-15 03:29:10,438] {scheduler_job.py:182} INFO - Started process (PID=537) to work on /home/airflow/.local/lib/python3.6/site-packages/airflow/example_dags/example_task_group_decorator.py
[2021-06-15 03:29:10,446] {scheduler_job.py:633} INFO - Processing file /home/airflow/.local/lib/python3.6/site-packages/airflow/example_dags/example_task_group_decorator.py for tasks to queue
[2021-06-15 03:29:10,453] {logging_mixin.py:104} INFO - [2021-06-15 03:29:10,452] {dagbag.py:487} INFO - Filling up the DagBag from /home/airflow/.local/lib/python3.6/site-packages/airflow/example_dags/example_task_group_decorator.py
[2021-06-15 03:29:10,577] {scheduler_job.py:643} INFO - DAG(s) dict_keys(['example_task_group_decorator']) retrieved from /home/airflow/.local/lib/python3.6/site-packages/airflow/example_dags/example_task_group_decorator.py
[2021-06-15 03:29:11,505] {logging_mixin.py:104} INFO - [2021-06-15 03:29:11,504] {dag.py:1832} INFO - Sync 1 DAGs
[2021-06-15 03:29:11,572] {logging_mixin.py:104} INFO - [2021-06-15 03:29:11,572] {dag.py:2305} INFO - Setting next_dagrun for example_task_group_decorator to 2021-06-13 00:00:00+00:00
[2021-06-15 03:29:11,634] {scheduler_job.py:190} INFO - Processing /home/airflow/.local/lib/python3.6/site-packages/airflow/example_dags/example_task_group_decorator.py took 1.235 seconds
[2021-06-15 03:29:42,105] {scheduler_job.py:182} INFO - Started process (PID=597) to work on /home/airflow/.local/lib/python3.6/site-packages/airflow/example_dags/example_task_group_decorator.py
[2021-06-15 03:29:42,115] {scheduler_job.py:633} INFO - Processing file /home/airflow/.local/lib/python3.6/site-packages/airflow/example_dags/example_task_group_decorator.py for tasks to queue
[2021-06-15 03:29:42,128] {logging_mixin.py:104} INFO - [2021-06-15 03:29:42,127] {dagbag.py:487} INFO - Filling up the DagBag from /home/airflow/.local/lib/python3.6/site-packages/airflow/example_dags/example_task_group_decorator.py
[2021-06-15 03:29:42,345] {scheduler_job.py:643} INFO - DAG(s) dict_keys(['example_task_group_decorator']) retrieved from /home/airflow/.local/lib/python3.6/site-packages/airflow/example_dags/example_task_group_decorator.py
[2021-06-15 03:29:43,435] {logging_mixin.py:104} INFO - [2021-06-15 03:29:43,435] {dag.py:1832} INFO - Sync 1 DAGs
[2021-06-15 03:29:43,514] {logging_mixin.py:104} INFO - [2021-06-15 03:29:43,513] {dag.py:2305} INFO - Setting next_dagrun for example_task_group_decorator to 2021-06-13 00:00:00+00:00
[2021-06-15 03:29:43,587] {scheduler_job.py:190} INFO - Processing /home/airflow/.local/lib/python3.6/site-packages/airflow/example_dags/example_task_group_decorator.py took 1.499 seconds
[2021-06-15 03:30:14,027] {scheduler_job.py:182} INFO - Started process (PID=654) to work on /home/airflow/.local/lib/python3.6/site-packages/airflow/example_dags/example_task_group_decorator.py
[2021-06-15 03:30:14,034] {scheduler_job.py:633} INFO - Processing file /home/airflow/.local/lib/python3.6/site-packages/airflow/example_dags/example_task_group_decorator.py for tasks to queue
[2021-06-15 03:30:14,039] {logging_mixin.py:104} INFO - [2021-06-15 03:30:14,038] {dagbag.py:487} INFO - Filling up the DagBag from /home/airflow/.local/lib/python3.6/site-packages/airflow/example_dags/example_task_group_decorator.py
[2021-06-15 03:30:14,156] {scheduler_job.py:643} INFO - DAG(s) dict_keys(['example_task_group_decorator']) retrieved from /home/airflow/.local/lib/python3.6/site-packages/airflow/example_dags/example_task_group_decorator.py
[2021-06-15 03:30:15,018] {logging_mixin.py:104} INFO - [2021-06-15 03:30:15,018] {dag.py:1832} INFO - Sync 1 DAGs
[2021-06-15 03:30:15,072] {logging_mixin.py:104} INFO - [2021-06-15 03:30:15,071] {dag.py:2305} INFO - Setting next_dagrun for example_task_group_decorator to 2021-06-13 00:00:00+00:00
[2021-06-15 03:30:15,118] {scheduler_job.py:190} INFO - Processing /home/airflow/.local/lib/python3.6/site-packages/airflow/example_dags/example_task_group_decorator.py took 1.105 seconds
[2021-06-15 03:30:45,279] {scheduler_job.py:182} INFO - Started process (PID=722) to work on /home/airflow/.local/lib/python3.6/site-packages/airflow/example_dags/example_task_group_decorator.py
[2021-06-15 03:30:45,286] {scheduler_job.py:633} INFO - Processing file /home/airflow/.local/lib/python3.6/site-packages/airflow/example_dags/example_task_group_decorator.py for tasks to queue
[2021-06-15 03:30:45,290] {logging_mixin.py:104} INFO - [2021-06-15 03:30:45,290] {dagbag.py:487} INFO - Filling up the DagBag from /home/airflow/.local/lib/python3.6/site-packages/airflow/example_dags/example_task_group_decorator.py
[2021-06-15 03:30:45,389] {scheduler_job.py:643} INFO - DAG(s) dict_keys(['example_task_group_decorator']) retrieved from /home/airflow/.local/lib/python3.6/site-packages/airflow/example_dags/example_task_group_decorator.py
[2021-06-15 03:30:46,145] {logging_mixin.py:104} INFO - [2021-06-15 03:30:46,145] {dag.py:1832} INFO - Sync 1 DAGs
[2021-06-15 03:30:46,197] {logging_mixin.py:104} INFO - [2021-06-15 03:30:46,197] {dag.py:2305} INFO - Setting next_dagrun for example_task_group_decorator to 2021-06-13 00:00:00+00:00
[2021-06-15 03:30:46,242] {scheduler_job.py:190} INFO - Processing /home/airflow/.local/lib/python3.6/site-packages/airflow/example_dags/example_task_group_decorator.py took 0.977 seconds
[2021-06-15 03:31:16,961] {scheduler_job.py:182} INFO - Started process (PID=789) to work on /home/airflow/.local/lib/python3.6/site-packages/airflow/example_dags/example_task_group_decorator.py
[2021-06-15 03:31:16,970] {scheduler_job.py:633} INFO - Processing file /home/airflow/.local/lib/python3.6/site-packages/airflow/example_dags/example_task_group_decorator.py for tasks to queue
[2021-06-15 03:31:16,978] {logging_mixin.py:104} INFO - [2021-06-15 03:31:16,977] {dagbag.py:487} INFO - Filling up the DagBag from /home/airflow/.local/lib/python3.6/site-packages/airflow/example_dags/example_task_group_decorator.py
[2021-06-15 03:31:17,083] {scheduler_job.py:643} INFO - DAG(s) dict_keys(['example_task_group_decorator']) retrieved from /home/airflow/.local/lib/python3.6/site-packages/airflow/example_dags/example_task_group_decorator.py
[2021-06-15 03:31:17,865] {logging_mixin.py:104} INFO - [2021-06-15 03:31:17,864] {dag.py:1832} INFO - Sync 1 DAGs
[2021-06-15 03:31:17,919] {logging_mixin.py:104} INFO - [2021-06-15 03:31:17,918] {dag.py:2305} INFO - Setting next_dagrun for example_task_group_decorator to 2021-06-13 00:00:00+00:00
[2021-06-15 03:31:17,965] {scheduler_job.py:190} INFO - Processing /home/airflow/.local/lib/python3.6/site-packages/airflow/example_dags/example_task_group_decorator.py took 1.019 seconds
[2021-06-15 03:31:48,288] {scheduler_job.py:182} INFO - Started process (PID=858) to work on /home/airflow/.local/lib/python3.6/site-packages/airflow/example_dags/example_task_group_decorator.py
[2021-06-15 03:31:48,295] {scheduler_job.py:633} INFO - Processing file /home/airflow/.local/lib/python3.6/site-packages/airflow/example_dags/example_task_group_decorator.py for tasks to queue
[2021-06-15 03:31:48,300] {logging_mixin.py:104} INFO - [2021-06-15 03:31:48,299] {dagbag.py:487} INFO - Filling up the DagBag from /home/airflow/.local/lib/python3.6/site-packages/airflow/example_dags/example_task_group_decorator.py
[2021-06-15 03:31:48,406] {scheduler_job.py:643} INFO - DAG(s) dict_keys(['example_task_group_decorator']) retrieved from /home/airflow/.local/lib/python3.6/site-packages/airflow/example_dags/example_task_group_decorator.py
[2021-06-15 03:31:49,219] {logging_mixin.py:104} INFO - [2021-06-15 03:31:49,218] {dag.py:1832} INFO - Sync 1 DAGs
[2021-06-15 03:31:49,278] {logging_mixin.py:104} INFO - [2021-06-15 03:31:49,278] {dag.py:2305} INFO - Setting next_dagrun for example_task_group_decorator to 2021-06-13 00:00:00+00:00
[2021-06-15 03:31:49,325] {scheduler_job.py:190} INFO - Processing /home/airflow/.local/lib/python3.6/site-packages/airflow/example_dags/example_task_group_decorator.py took 1.051 seconds
[2021-06-15 03:32:19,677] {scheduler_job.py:182} INFO - Started process (PID=925) to work on /home/airflow/.local/lib/python3.6/site-packages/airflow/example_dags/example_task_group_decorator.py
[2021-06-15 03:32:19,686] {scheduler_job.py:633} INFO - Processing file /home/airflow/.local/lib/python3.6/site-packages/airflow/example_dags/example_task_group_decorator.py for tasks to queue
[2021-06-15 03:32:19,691] {logging_mixin.py:104} INFO - [2021-06-15 03:32:19,690] {dagbag.py:487} INFO - Filling up the DagBag from /home/airflow/.local/lib/python3.6/site-packages/airflow/example_dags/example_task_group_decorator.py
[2021-06-15 03:32:19,788] {scheduler_job.py:643} INFO - DAG(s) dict_keys(['example_task_group_decorator']) retrieved from /home/airflow/.local/lib/python3.6/site-packages/airflow/example_dags/example_task_group_decorator.py
[2021-06-15 03:32:20,680] {logging_mixin.py:104} INFO - [2021-06-15 03:32:20,680] {dag.py:1832} INFO - Sync 1 DAGs
[2021-06-15 03:32:20,744] {logging_mixin.py:104} INFO - [2021-06-15 03:32:20,743] {dag.py:2305} INFO - Setting next_dagrun for example_task_group_decorator to 2021-06-13 00:00:00+00:00
[2021-06-15 03:32:20,805] {scheduler_job.py:190} INFO - Processing /home/airflow/.local/lib/python3.6/site-packages/airflow/example_dags/example_task_group_decorator.py took 1.143 seconds
[2021-06-15 03:32:51,104] {scheduler_job.py:182} INFO - Started process (PID=988) to work on /home/airflow/.local/lib/python3.6/site-packages/airflow/example_dags/example_task_group_decorator.py
[2021-06-15 03:32:51,114] {scheduler_job.py:633} INFO - Processing file /home/airflow/.local/lib/python3.6/site-packages/airflow/example_dags/example_task_group_decorator.py for tasks to queue
[2021-06-15 03:32:51,121] {logging_mixin.py:104} INFO - [2021-06-15 03:32:51,120] {dagbag.py:487} INFO - Filling up the DagBag from /home/airflow/.local/lib/python3.6/site-packages/airflow/example_dags/example_task_group_decorator.py
[2021-06-15 03:32:51,251] {scheduler_job.py:643} INFO - DAG(s) dict_keys(['example_task_group_decorator']) retrieved from /home/airflow/.local/lib/python3.6/site-packages/airflow/example_dags/example_task_group_decorator.py
[2021-06-15 03:32:52,225] {logging_mixin.py:104} INFO - [2021-06-15 03:32:52,224] {dag.py:1832} INFO - Sync 1 DAGs
[2021-06-15 03:32:52,289] {logging_mixin.py:104} INFO - [2021-06-15 03:32:52,289] {dag.py:2305} INFO - Setting next_dagrun for example_task_group_decorator to 2021-06-13 00:00:00+00:00
[2021-06-15 03:32:52,337] {scheduler_job.py:190} INFO - Processing /home/airflow/.local/lib/python3.6/site-packages/airflow/example_dags/example_task_group_decorator.py took 1.256 seconds
[2021-06-15 03:33:22,573] {scheduler_job.py:182} INFO - Started process (PID=1045) to work on /home/airflow/.local/lib/python3.6/site-packages/airflow/example_dags/example_task_group_decorator.py
[2021-06-15 03:33:22,580] {scheduler_job.py:633} INFO - Processing file /home/airflow/.local/lib/python3.6/site-packages/airflow/example_dags/example_task_group_decorator.py for tasks to queue
[2021-06-15 03:33:22,586] {logging_mixin.py:104} INFO - [2021-06-15 03:33:22,585] {dagbag.py:487} INFO - Filling up the DagBag from /home/airflow/.local/lib/python3.6/site-packages/airflow/example_dags/example_task_group_decorator.py
[2021-06-15 03:33:22,693] {scheduler_job.py:643} INFO - DAG(s) dict_keys(['example_task_group_decorator']) retrieved from /home/airflow/.local/lib/python3.6/site-packages/airflow/example_dags/example_task_group_decorator.py
[2021-06-15 03:33:23,777] {logging_mixin.py:104} INFO - [2021-06-15 03:33:23,776] {dag.py:1832} INFO - Sync 1 DAGs
[2021-06-15 03:33:23,884] {logging_mixin.py:104} INFO - [2021-06-15 03:33:23,883] {dag.py:2305} INFO - Setting next_dagrun for example_task_group_decorator to 2021-06-13 00:00:00+00:00
[2021-06-15 03:33:23,947] {scheduler_job.py:190} INFO - Processing /home/airflow/.local/lib/python3.6/site-packages/airflow/example_dags/example_task_group_decorator.py took 1.388 seconds
[2021-06-15 03:33:54,285] {scheduler_job.py:182} INFO - Started process (PID=1114) to work on /home/airflow/.local/lib/python3.6/site-packages/airflow/example_dags/example_task_group_decorator.py
[2021-06-15 03:33:54,291] {scheduler_job.py:633} INFO - Processing file /home/airflow/.local/lib/python3.6/site-packages/airflow/example_dags/example_task_group_decorator.py for tasks to queue
[2021-06-15 03:33:54,295] {logging_mixin.py:104} INFO - [2021-06-15 03:33:54,295] {dagbag.py:487} INFO - Filling up the DagBag from /home/airflow/.local/lib/python3.6/site-packages/airflow/example_dags/example_task_group_decorator.py
[2021-06-15 03:33:54,398] {scheduler_job.py:643} INFO - DAG(s) dict_keys(['example_task_group_decorator']) retrieved from /home/airflow/.local/lib/python3.6/site-packages/airflow/example_dags/example_task_group_decorator.py
[2021-06-15 03:33:55,203] {logging_mixin.py:104} INFO - [2021-06-15 03:33:55,202] {dag.py:1832} INFO - Sync 1 DAGs
[2021-06-15 03:33:55,287] {logging_mixin.py:104} INFO - [2021-06-15 03:33:55,286] {dag.py:2305} INFO - Setting next_dagrun for example_task_group_decorator to 2021-06-13 00:00:00+00:00
[2021-06-15 03:33:55,359] {scheduler_job.py:190} INFO - Processing /home/airflow/.local/lib/python3.6/site-packages/airflow/example_dags/example_task_group_decorator.py took 1.089 seconds
[2021-06-15 03:34:25,721] {scheduler_job.py:182} INFO - Started process (PID=1183) to work on /home/airflow/.local/lib/python3.6/site-packages/airflow/example_dags/example_task_group_decorator.py
[2021-06-15 03:34:25,728] {scheduler_job.py:633} INFO - Processing file /home/airflow/.local/lib/python3.6/site-packages/airflow/example_dags/example_task_group_decorator.py for tasks to queue
[2021-06-15 03:34:25,733] {logging_mixin.py:104} INFO - [2021-06-15 03:34:25,732] {dagbag.py:487} INFO - Filling up the DagBag from /home/airflow/.local/lib/python3.6/site-packages/airflow/example_dags/example_task_group_decorator.py
[2021-06-15 03:34:25,859] {scheduler_job.py:643} INFO - DAG(s) dict_keys(['example_task_group_decorator']) retrieved from /home/airflow/.local/lib/python3.6/site-packages/airflow/example_dags/example_task_group_decorator.py
[2021-06-15 03:34:26,683] {logging_mixin.py:104} INFO - [2021-06-15 03:34:26,683] {dag.py:1832} INFO - Sync 1 DAGs
[2021-06-15 03:34:26,738] {logging_mixin.py:104} INFO - [2021-06-15 03:34:26,738] {dag.py:2305} INFO - Setting next_dagrun for example_task_group_decorator to 2021-06-13 00:00:00+00:00
[2021-06-15 03:34:26,782] {scheduler_job.py:190} INFO - Processing /home/airflow/.local/lib/python3.6/site-packages/airflow/example_dags/example_task_group_decorator.py took 1.075 seconds
[2021-06-15 03:34:57,209] {scheduler_job.py:182} INFO - Started process (PID=1249) to work on /home/airflow/.local/lib/python3.6/site-packages/airflow/example_dags/example_task_group_decorator.py
[2021-06-15 03:34:57,215] {scheduler_job.py:633} INFO - Processing file /home/airflow/.local/lib/python3.6/site-packages/airflow/example_dags/example_task_group_decorator.py for tasks to queue
[2021-06-15 03:34:57,220] {logging_mixin.py:104} INFO - [2021-06-15 03:34:57,220] {dagbag.py:487} INFO - Filling up the DagBag from /home/airflow/.local/lib/python3.6/site-packages/airflow/example_dags/example_task_group_decorator.py
[2021-06-15 03:34:57,319] {scheduler_job.py:643} INFO - DAG(s) dict_keys(['example_task_group_decorator']) retrieved from /home/airflow/.local/lib/python3.6/site-packages/airflow/example_dags/example_task_group_decorator.py
[2021-06-15 03:34:58,112] {logging_mixin.py:104} INFO - [2021-06-15 03:34:58,111] {dag.py:1832} INFO - Sync 1 DAGs
[2021-06-15 03:34:58,198] {logging_mixin.py:104} INFO - [2021-06-15 03:34:58,197] {dag.py:2305} INFO - Setting next_dagrun for example_task_group_decorator to 2021-06-13 00:00:00+00:00
[2021-06-15 03:34:58,284] {scheduler_job.py:190} INFO - Processing /home/airflow/.local/lib/python3.6/site-packages/airflow/example_dags/example_task_group_decorator.py took 1.089 seconds
[2021-06-15 03:35:28,885] {scheduler_job.py:182} INFO - Started process (PID=1311) to work on /home/airflow/.local/lib/python3.6/site-packages/airflow/example_dags/example_task_group_decorator.py
[2021-06-15 03:35:28,893] {scheduler_job.py:633} INFO - Processing file /home/airflow/.local/lib/python3.6/site-packages/airflow/example_dags/example_task_group_decorator.py for tasks to queue
[2021-06-15 03:35:28,901] {logging_mixin.py:104} INFO - [2021-06-15 03:35:28,900] {dagbag.py:487} INFO - Filling up the DagBag from /home/airflow/.local/lib/python3.6/site-packages/airflow/example_dags/example_task_group_decorator.py
[2021-06-15 03:35:29,070] {scheduler_job.py:643} INFO - DAG(s) dict_keys(['example_task_group_decorator']) retrieved from /home/airflow/.local/lib/python3.6/site-packages/airflow/example_dags/example_task_group_decorator.py
[2021-06-15 03:35:30,324] {logging_mixin.py:104} INFO - [2021-06-15 03:35:30,324] {dag.py:1832} INFO - Sync 1 DAGs
[2021-06-15 03:35:30,396] {logging_mixin.py:104} INFO - [2021-06-15 03:35:30,395] {dag.py:2305} INFO - Setting next_dagrun for example_task_group_decorator to 2021-06-13 00:00:00+00:00
[2021-06-15 03:35:30,487] {scheduler_job.py:190} INFO - Processing /home/airflow/.local/lib/python3.6/site-packages/airflow/example_dags/example_task_group_decorator.py took 1.625 seconds
[2021-06-15 03:36:00,622] {scheduler_job.py:182} INFO - Started process (PID=1368) to work on /home/airflow/.local/lib/python3.6/site-packages/airflow/example_dags/example_task_group_decorator.py
[2021-06-15 03:36:00,631] {scheduler_job.py:633} INFO - Processing file /home/airflow/.local/lib/python3.6/site-packages/airflow/example_dags/example_task_group_decorator.py for tasks to queue
[2021-06-15 03:36:00,639] {logging_mixin.py:104} INFO - [2021-06-15 03:36:00,639] {dagbag.py:487} INFO - Filling up the DagBag from /home/airflow/.local/lib/python3.6/site-packages/airflow/example_dags/example_task_group_decorator.py
[2021-06-15 03:36:00,780] {scheduler_job.py:643} INFO - DAG(s) dict_keys(['example_task_group_decorator']) retrieved from /home/airflow/.local/lib/python3.6/site-packages/airflow/example_dags/example_task_group_decorator.py
[2021-06-15 03:36:01,690] {logging_mixin.py:104} INFO - [2021-06-15 03:36:01,689] {dag.py:1832} INFO - Sync 1 DAGs
[2021-06-15 03:36:01,800] {logging_mixin.py:104} INFO - [2021-06-15 03:36:01,799] {dag.py:2305} INFO - Setting next_dagrun for example_task_group_decorator to 2021-06-13 00:00:00+00:00
[2021-06-15 03:36:01,885] {scheduler_job.py:190} INFO - Processing /home/airflow/.local/lib/python3.6/site-packages/airflow/example_dags/example_task_group_decorator.py took 1.285 seconds
[2021-06-15 03:36:32,949] {scheduler_job.py:182} INFO - Started process (PID=1437) to work on /home/airflow/.local/lib/python3.6/site-packages/airflow/example_dags/example_task_group_decorator.py
[2021-06-15 03:36:32,957] {scheduler_job.py:633} INFO - Processing file /home/airflow/.local/lib/python3.6/site-packages/airflow/example_dags/example_task_group_decorator.py for tasks to queue
[2021-06-15 03:36:32,963] {logging_mixin.py:104} INFO - [2021-06-15 03:36:32,962] {dagbag.py:487} INFO - Filling up the DagBag from /home/airflow/.local/lib/python3.6/site-packages/airflow/example_dags/example_task_group_decorator.py
[2021-06-15 03:36:33,139] {scheduler_job.py:643} INFO - DAG(s) dict_keys(['example_task_group_decorator']) retrieved from /home/airflow/.local/lib/python3.6/site-packages/airflow/example_dags/example_task_group_decorator.py
[2021-06-15 03:36:34,238] {logging_mixin.py:104} INFO - [2021-06-15 03:36:34,237] {dag.py:1832} INFO - Sync 1 DAGs
[2021-06-15 03:36:34,349] {logging_mixin.py:104} INFO - [2021-06-15 03:36:34,348] {dag.py:2305} INFO - Setting next_dagrun for example_task_group_decorator to 2021-06-13 00:00:00+00:00
[2021-06-15 03:36:34,407] {scheduler_job.py:190} INFO - Processing /home/airflow/.local/lib/python3.6/site-packages/airflow/example_dags/example_task_group_decorator.py took 1.476 seconds
[2021-06-15 03:37:04,734] {scheduler_job.py:182} INFO - Started process (PID=1506) to work on /home/airflow/.local/lib/python3.6/site-packages/airflow/example_dags/example_task_group_decorator.py
[2021-06-15 03:37:04,742] {scheduler_job.py:633} INFO - Processing file /home/airflow/.local/lib/python3.6/site-packages/airflow/example_dags/example_task_group_decorator.py for tasks to queue
[2021-06-15 03:37:04,747] {logging_mixin.py:104} INFO - [2021-06-15 03:37:04,746] {dagbag.py:487} INFO - Filling up the DagBag from /home/airflow/.local/lib/python3.6/site-packages/airflow/example_dags/example_task_group_decorator.py
[2021-06-15 03:37:04,869] {scheduler_job.py:643} INFO - DAG(s) dict_keys(['example_task_group_decorator']) retrieved from /home/airflow/.local/lib/python3.6/site-packages/airflow/example_dags/example_task_group_decorator.py
[2021-06-15 03:37:06,146] {logging_mixin.py:104} INFO - [2021-06-15 03:37:06,146] {dag.py:1832} INFO - Sync 1 DAGs
[2021-06-15 03:37:06,260] {logging_mixin.py:104} INFO - [2021-06-15 03:37:06,260] {dag.py:2305} INFO - Setting next_dagrun for example_task_group_decorator to 2021-06-13 00:00:00+00:00
[2021-06-15 03:37:06,326] {scheduler_job.py:190} INFO - Processing /home/airflow/.local/lib/python3.6/site-packages/airflow/example_dags/example_task_group_decorator.py took 1.610 seconds
[2021-06-15 03:37:36,444] {scheduler_job.py:182} INFO - Started process (PID=1573) to work on /home/airflow/.local/lib/python3.6/site-packages/airflow/example_dags/example_task_group_decorator.py
[2021-06-15 03:37:36,460] {scheduler_job.py:633} INFO - Processing file /home/airflow/.local/lib/python3.6/site-packages/airflow/example_dags/example_task_group_decorator.py for tasks to queue
[2021-06-15 03:37:36,467] {logging_mixin.py:104} INFO - [2021-06-15 03:37:36,466] {dagbag.py:487} INFO - Filling up the DagBag from /home/airflow/.local/lib/python3.6/site-packages/airflow/example_dags/example_task_group_decorator.py
[2021-06-15 03:37:36,584] {scheduler_job.py:643} INFO - DAG(s) dict_keys(['example_task_group_decorator']) retrieved from /home/airflow/.local/lib/python3.6/site-packages/airflow/example_dags/example_task_group_decorator.py
[2021-06-15 03:37:37,632] {logging_mixin.py:104} INFO - [2021-06-15 03:37:37,631] {dag.py:1832} INFO - Sync 1 DAGs
[2021-06-15 03:37:37,697] {logging_mixin.py:104} INFO - [2021-06-15 03:37:37,696] {dag.py:2305} INFO - Setting next_dagrun for example_task_group_decorator to 2021-06-13 00:00:00+00:00
[2021-06-15 03:37:37,744] {scheduler_job.py:190} INFO - Processing /home/airflow/.local/lib/python3.6/site-packages/airflow/example_dags/example_task_group_decorator.py took 1.322 seconds
[2021-06-15 03:38:08,209] {scheduler_job.py:182} INFO - Started process (PID=1643) to work on /home/airflow/.local/lib/python3.6/site-packages/airflow/example_dags/example_task_group_decorator.py
[2021-06-15 03:38:08,217] {scheduler_job.py:633} INFO - Processing file /home/airflow/.local/lib/python3.6/site-packages/airflow/example_dags/example_task_group_decorator.py for tasks to queue
[2021-06-15 03:38:08,224] {logging_mixin.py:104} INFO - [2021-06-15 03:38:08,223] {dagbag.py:487} INFO - Filling up the DagBag from /home/airflow/.local/lib/python3.6/site-packages/airflow/example_dags/example_task_group_decorator.py
[2021-06-15 03:38:08,396] {scheduler_job.py:643} INFO - DAG(s) dict_keys(['example_task_group_decorator']) retrieved from /home/airflow/.local/lib/python3.6/site-packages/airflow/example_dags/example_task_group_decorator.py
[2021-06-15 03:38:09,466] {logging_mixin.py:104} INFO - [2021-06-15 03:38:09,466] {dag.py:1832} INFO - Sync 1 DAGs
[2021-06-15 03:38:09,539] {logging_mixin.py:104} INFO - [2021-06-15 03:38:09,538] {dag.py:2305} INFO - Setting next_dagrun for example_task_group_decorator to 2021-06-13 00:00:00+00:00
[2021-06-15 03:38:09,586] {scheduler_job.py:190} INFO - Processing /home/airflow/.local/lib/python3.6/site-packages/airflow/example_dags/example_task_group_decorator.py took 1.430 seconds
[2021-06-15 03:38:39,923] {scheduler_job.py:182} INFO - Started process (PID=1704) to work on /home/airflow/.local/lib/python3.6/site-packages/airflow/example_dags/example_task_group_decorator.py
[2021-06-15 03:38:39,929] {scheduler_job.py:633} INFO - Processing file /home/airflow/.local/lib/python3.6/site-packages/airflow/example_dags/example_task_group_decorator.py for tasks to queue
[2021-06-15 03:38:39,935] {logging_mixin.py:104} INFO - [2021-06-15 03:38:39,934] {dagbag.py:487} INFO - Filling up the DagBag from /home/airflow/.local/lib/python3.6/site-packages/airflow/example_dags/example_task_group_decorator.py
[2021-06-15 03:38:40,054] {scheduler_job.py:643} INFO - DAG(s) dict_keys(['example_task_group_decorator']) retrieved from /home/airflow/.local/lib/python3.6/site-packages/airflow/example_dags/example_task_group_decorator.py
[2021-06-15 03:38:40,879] {logging_mixin.py:104} INFO - [2021-06-15 03:38:40,878] {dag.py:1832} INFO - Sync 1 DAGs
[2021-06-15 03:38:40,933] {logging_mixin.py:104} INFO - [2021-06-15 03:38:40,933] {dag.py:2305} INFO - Setting next_dagrun for example_task_group_decorator to 2021-06-13 00:00:00+00:00
[2021-06-15 03:38:40,977] {scheduler_job.py:190} INFO - Processing /home/airflow/.local/lib/python3.6/site-packages/airflow/example_dags/example_task_group_decorator.py took 1.070 seconds
[2021-06-15 03:39:11,320] {scheduler_job.py:182} INFO - Started process (PID=1761) to work on /home/airflow/.local/lib/python3.6/site-packages/airflow/example_dags/example_task_group_decorator.py
[2021-06-15 03:39:11,327] {scheduler_job.py:633} INFO - Processing file /home/airflow/.local/lib/python3.6/site-packages/airflow/example_dags/example_task_group_decorator.py for tasks to queue
[2021-06-15 03:39:11,333] {logging_mixin.py:104} INFO - [2021-06-15 03:39:11,332] {dagbag.py:487} INFO - Filling up the DagBag from /home/airflow/.local/lib/python3.6/site-packages/airflow/example_dags/example_task_group_decorator.py
[2021-06-15 03:39:11,446] {scheduler_job.py:643} INFO - DAG(s) dict_keys(['example_task_group_decorator']) retrieved from /home/airflow/.local/lib/python3.6/site-packages/airflow/example_dags/example_task_group_decorator.py
[2021-06-15 03:39:12,235] {logging_mixin.py:104} INFO - [2021-06-15 03:39:12,235] {dag.py:1832} INFO - Sync 1 DAGs
[2021-06-15 03:39:12,287] {logging_mixin.py:104} INFO - [2021-06-15 03:39:12,287] {dag.py:2305} INFO - Setting next_dagrun for example_task_group_decorator to 2021-06-13 00:00:00+00:00
[2021-06-15 03:39:12,334] {scheduler_job.py:190} INFO - Processing /home/airflow/.local/lib/python3.6/site-packages/airflow/example_dags/example_task_group_decorator.py took 1.027 seconds
[2021-06-15 03:39:43,925] {scheduler_job.py:182} INFO - Started process (PID=1832) to work on /home/airflow/.local/lib/python3.6/site-packages/airflow/example_dags/example_task_group_decorator.py
[2021-06-15 03:39:43,934] {scheduler_job.py:633} INFO - Processing file /home/airflow/.local/lib/python3.6/site-packages/airflow/example_dags/example_task_group_decorator.py for tasks to queue
[2021-06-15 03:39:43,940] {logging_mixin.py:104} INFO - [2021-06-15 03:39:43,939] {dagbag.py:487} INFO - Filling up the DagBag from /home/airflow/.local/lib/python3.6/site-packages/airflow/example_dags/example_task_group_decorator.py
[2021-06-15 03:39:44,054] {scheduler_job.py:643} INFO - DAG(s) dict_keys(['example_task_group_decorator']) retrieved from /home/airflow/.local/lib/python3.6/site-packages/airflow/example_dags/example_task_group_decorator.py
[2021-06-15 03:39:45,118] {logging_mixin.py:104} INFO - [2021-06-15 03:39:45,117] {dag.py:1832} INFO - Sync 1 DAGs
[2021-06-15 03:39:45,185] {logging_mixin.py:104} INFO - [2021-06-15 03:39:45,184] {dag.py:2305} INFO - Setting next_dagrun for example_task_group_decorator to 2021-06-13 00:00:00+00:00
[2021-06-15 03:39:45,248] {scheduler_job.py:190} INFO - Processing /home/airflow/.local/lib/python3.6/site-packages/airflow/example_dags/example_task_group_decorator.py took 1.339 seconds
[2021-06-15 03:40:16,109] {scheduler_job.py:182} INFO - Started process (PID=1900) to work on /home/airflow/.local/lib/python3.6/site-packages/airflow/example_dags/example_task_group_decorator.py
[2021-06-15 03:40:16,117] {scheduler_job.py:633} INFO - Processing file /home/airflow/.local/lib/python3.6/site-packages/airflow/example_dags/example_task_group_decorator.py for tasks to queue
[2021-06-15 03:40:16,123] {logging_mixin.py:104} INFO - [2021-06-15 03:40:16,122] {dagbag.py:487} INFO - Filling up the DagBag from /home/airflow/.local/lib/python3.6/site-packages/airflow/example_dags/example_task_group_decorator.py
[2021-06-15 03:40:16,277] {scheduler_job.py:643} INFO - DAG(s) dict_keys(['example_task_group_decorator']) retrieved from /home/airflow/.local/lib/python3.6/site-packages/airflow/example_dags/example_task_group_decorator.py
[2021-06-15 03:40:17,343] {logging_mixin.py:104} INFO - [2021-06-15 03:40:17,343] {dag.py:1832} INFO - Sync 1 DAGs
[2021-06-15 03:40:17,407] {logging_mixin.py:104} INFO - [2021-06-15 03:40:17,407] {dag.py:2305} INFO - Setting next_dagrun for example_task_group_decorator to 2021-06-13 00:00:00+00:00
[2021-06-15 03:40:17,460] {scheduler_job.py:190} INFO - Processing /home/airflow/.local/lib/python3.6/site-packages/airflow/example_dags/example_task_group_decorator.py took 1.366 seconds
[2021-06-15 03:40:47,910] {scheduler_job.py:182} INFO - Started process (PID=1961) to work on /home/airflow/.local/lib/python3.6/site-packages/airflow/example_dags/example_task_group_decorator.py
[2021-06-15 03:40:47,921] {scheduler_job.py:633} INFO - Processing file /home/airflow/.local/lib/python3.6/site-packages/airflow/example_dags/example_task_group_decorator.py for tasks to queue
[2021-06-15 03:40:47,927] {logging_mixin.py:104} INFO - [2021-06-15 03:40:47,926] {dagbag.py:487} INFO - Filling up the DagBag from /home/airflow/.local/lib/python3.6/site-packages/airflow/example_dags/example_task_group_decorator.py
[2021-06-15 03:40:48,094] {scheduler_job.py:643} INFO - DAG(s) dict_keys(['example_task_group_decorator']) retrieved from /home/airflow/.local/lib/python3.6/site-packages/airflow/example_dags/example_task_group_decorator.py
[2021-06-15 03:40:49,217] {logging_mixin.py:104} INFO - [2021-06-15 03:40:49,216] {dag.py:1832} INFO - Sync 1 DAGs
[2021-06-15 03:40:49,326] {logging_mixin.py:104} INFO - [2021-06-15 03:40:49,325] {dag.py:2305} INFO - Setting next_dagrun for example_task_group_decorator to 2021-06-13 00:00:00+00:00
[2021-06-15 03:40:49,415] {scheduler_job.py:190} INFO - Processing /home/airflow/.local/lib/python3.6/site-packages/airflow/example_dags/example_task_group_decorator.py took 1.522 seconds
[2021-06-15 03:41:20,156] {scheduler_job.py:182} INFO - Started process (PID=2026) to work on /home/airflow/.local/lib/python3.6/site-packages/airflow/example_dags/example_task_group_decorator.py
[2021-06-15 03:41:20,167] {scheduler_job.py:633} INFO - Processing file /home/airflow/.local/lib/python3.6/site-packages/airflow/example_dags/example_task_group_decorator.py for tasks to queue
[2021-06-15 03:41:20,175] {logging_mixin.py:104} INFO - [2021-06-15 03:41:20,174] {dagbag.py:487} INFO - Filling up the DagBag from /home/airflow/.local/lib/python3.6/site-packages/airflow/example_dags/example_task_group_decorator.py
[2021-06-15 03:41:20,339] {scheduler_job.py:643} INFO - DAG(s) dict_keys(['example_task_group_decorator']) retrieved from /home/airflow/.local/lib/python3.6/site-packages/airflow/example_dags/example_task_group_decorator.py
[2021-06-15 03:41:21,440] {logging_mixin.py:104} INFO - [2021-06-15 03:41:21,439] {dag.py:1832} INFO - Sync 1 DAGs
[2021-06-15 03:41:21,517] {logging_mixin.py:104} INFO - [2021-06-15 03:41:21,516] {dag.py:2305} INFO - Setting next_dagrun for example_task_group_decorator to 2021-06-13 00:00:00+00:00
[2021-06-15 03:41:21,600] {scheduler_job.py:190} INFO - Processing /home/airflow/.local/lib/python3.6/site-packages/airflow/example_dags/example_task_group_decorator.py took 1.466 seconds
[2021-06-15 03:41:51,888] {scheduler_job.py:182} INFO - Started process (PID=2088) to work on /home/airflow/.local/lib/python3.6/site-packages/airflow/example_dags/example_task_group_decorator.py
[2021-06-15 03:41:51,897] {scheduler_job.py:633} INFO - Processing file /home/airflow/.local/lib/python3.6/site-packages/airflow/example_dags/example_task_group_decorator.py for tasks to queue
[2021-06-15 03:41:51,904] {logging_mixin.py:104} INFO - [2021-06-15 03:41:51,903] {dagbag.py:487} INFO - Filling up the DagBag from /home/airflow/.local/lib/python3.6/site-packages/airflow/example_dags/example_task_group_decorator.py
[2021-06-15 03:41:52,045] {scheduler_job.py:643} INFO - DAG(s) dict_keys(['example_task_group_decorator']) retrieved from /home/airflow/.local/lib/python3.6/site-packages/airflow/example_dags/example_task_group_decorator.py
[2021-06-15 03:41:53,225] {logging_mixin.py:104} INFO - [2021-06-15 03:41:53,224] {dag.py:1832} INFO - Sync 1 DAGs
[2021-06-15 03:41:53,294] {logging_mixin.py:104} INFO - [2021-06-15 03:41:53,294] {dag.py:2305} INFO - Setting next_dagrun for example_task_group_decorator to 2021-06-13 00:00:00+00:00
[2021-06-15 03:41:53,357] {scheduler_job.py:190} INFO - Processing /home/airflow/.local/lib/python3.6/site-packages/airflow/example_dags/example_task_group_decorator.py took 1.486 seconds
[2021-06-15 03:42:23,689] {scheduler_job.py:182} INFO - Started process (PID=2156) to work on /home/airflow/.local/lib/python3.6/site-packages/airflow/example_dags/example_task_group_decorator.py
[2021-06-15 03:42:23,698] {scheduler_job.py:633} INFO - Processing file /home/airflow/.local/lib/python3.6/site-packages/airflow/example_dags/example_task_group_decorator.py for tasks to queue
[2021-06-15 03:42:23,702] {logging_mixin.py:104} INFO - [2021-06-15 03:42:23,702] {dagbag.py:487} INFO - Filling up the DagBag from /home/airflow/.local/lib/python3.6/site-packages/airflow/example_dags/example_task_group_decorator.py
[2021-06-15 03:42:23,886] {scheduler_job.py:643} INFO - DAG(s) dict_keys(['example_task_group_decorator']) retrieved from /home/airflow/.local/lib/python3.6/site-packages/airflow/example_dags/example_task_group_decorator.py
[2021-06-15 03:42:24,897] {logging_mixin.py:104} INFO - [2021-06-15 03:42:24,896] {dag.py:1832} INFO - Sync 1 DAGs
[2021-06-15 03:42:24,998] {logging_mixin.py:104} INFO - [2021-06-15 03:42:24,997] {dag.py:2305} INFO - Setting next_dagrun for example_task_group_decorator to 2021-06-13 00:00:00+00:00
[2021-06-15 03:42:25,079] {scheduler_job.py:190} INFO - Processing /home/airflow/.local/lib/python3.6/site-packages/airflow/example_dags/example_task_group_decorator.py took 1.405 seconds
[2021-06-15 03:42:55,304] {scheduler_job.py:182} INFO - Started process (PID=2217) to work on /home/airflow/.local/lib/python3.6/site-packages/airflow/example_dags/example_task_group_decorator.py
[2021-06-15 03:42:55,311] {scheduler_job.py:633} INFO - Processing file /home/airflow/.local/lib/python3.6/site-packages/airflow/example_dags/example_task_group_decorator.py for tasks to queue
[2021-06-15 03:42:55,317] {logging_mixin.py:104} INFO - [2021-06-15 03:42:55,317] {dagbag.py:487} INFO - Filling up the DagBag from /home/airflow/.local/lib/python3.6/site-packages/airflow/example_dags/example_task_group_decorator.py
[2021-06-15 03:42:55,446] {scheduler_job.py:643} INFO - DAG(s) dict_keys(['example_task_group_decorator']) retrieved from /home/airflow/.local/lib/python3.6/site-packages/airflow/example_dags/example_task_group_decorator.py
[2021-06-15 03:42:56,345] {logging_mixin.py:104} INFO - [2021-06-15 03:42:56,345] {dag.py:1832} INFO - Sync 1 DAGs
[2021-06-15 03:42:56,407] {logging_mixin.py:104} INFO - [2021-06-15 03:42:56,407] {dag.py:2305} INFO - Setting next_dagrun for example_task_group_decorator to 2021-06-13 00:00:00+00:00
[2021-06-15 03:42:56,456] {scheduler_job.py:190} INFO - Processing /home/airflow/.local/lib/python3.6/site-packages/airflow/example_dags/example_task_group_decorator.py took 1.170 seconds
[2021-06-15 03:43:26,980] {scheduler_job.py:182} INFO - Started process (PID=2285) to work on /home/airflow/.local/lib/python3.6/site-packages/airflow/example_dags/example_task_group_decorator.py
[2021-06-15 03:43:26,990] {scheduler_job.py:633} INFO - Processing file /home/airflow/.local/lib/python3.6/site-packages/airflow/example_dags/example_task_group_decorator.py for tasks to queue
[2021-06-15 03:43:26,997] {logging_mixin.py:104} INFO - [2021-06-15 03:43:26,996] {dagbag.py:487} INFO - Filling up the DagBag from /home/airflow/.local/lib/python3.6/site-packages/airflow/example_dags/example_task_group_decorator.py
[2021-06-15 03:43:27,132] {scheduler_job.py:643} INFO - DAG(s) dict_keys(['example_task_group_decorator']) retrieved from /home/airflow/.local/lib/python3.6/site-packages/airflow/example_dags/example_task_group_decorator.py
[2021-06-15 03:43:28,064] {logging_mixin.py:104} INFO - [2021-06-15 03:43:28,063] {dag.py:1832} INFO - Sync 1 DAGs
[2021-06-15 03:43:28,125] {logging_mixin.py:104} INFO - [2021-06-15 03:43:28,124] {dag.py:2305} INFO - Setting next_dagrun for example_task_group_decorator to 2021-06-13 00:00:00+00:00
[2021-06-15 03:43:28,176] {scheduler_job.py:190} INFO - Processing /home/airflow/.local/lib/python3.6/site-packages/airflow/example_dags/example_task_group_decorator.py took 1.210 seconds
[2021-06-15 03:43:58,607] {scheduler_job.py:182} INFO - Started process (PID=2342) to work on /home/airflow/.local/lib/python3.6/site-packages/airflow/example_dags/example_task_group_decorator.py
[2021-06-15 03:43:58,619] {scheduler_job.py:633} INFO - Processing file /home/airflow/.local/lib/python3.6/site-packages/airflow/example_dags/example_task_group_decorator.py for tasks to queue
[2021-06-15 03:43:58,628] {logging_mixin.py:104} INFO - [2021-06-15 03:43:58,627] {dagbag.py:487} INFO - Filling up the DagBag from /home/airflow/.local/lib/python3.6/site-packages/airflow/example_dags/example_task_group_decorator.py
[2021-06-15 03:43:58,757] {scheduler_job.py:643} INFO - DAG(s) dict_keys(['example_task_group_decorator']) retrieved from /home/airflow/.local/lib/python3.6/site-packages/airflow/example_dags/example_task_group_decorator.py
[2021-06-15 03:43:59,847] {logging_mixin.py:104} INFO - [2021-06-15 03:43:59,846] {dag.py:1832} INFO - Sync 1 DAGs
[2021-06-15 03:43:59,918] {logging_mixin.py:104} INFO - [2021-06-15 03:43:59,917] {dag.py:2305} INFO - Setting next_dagrun for example_task_group_decorator to 2021-06-13 00:00:00+00:00
[2021-06-15 03:43:59,985] {scheduler_job.py:190} INFO - Processing /home/airflow/.local/lib/python3.6/site-packages/airflow/example_dags/example_task_group_decorator.py took 1.402 seconds
[2021-06-15 03:44:30,490] {scheduler_job.py:182} INFO - Started process (PID=2410) to work on /home/airflow/.local/lib/python3.6/site-packages/airflow/example_dags/example_task_group_decorator.py
[2021-06-15 03:44:30,499] {scheduler_job.py:633} INFO - Processing file /home/airflow/.local/lib/python3.6/site-packages/airflow/example_dags/example_task_group_decorator.py for tasks to queue
[2021-06-15 03:44:30,507] {logging_mixin.py:104} INFO - [2021-06-15 03:44:30,506] {dagbag.py:487} INFO - Filling up the DagBag from /home/airflow/.local/lib/python3.6/site-packages/airflow/example_dags/example_task_group_decorator.py
[2021-06-15 03:44:30,628] {scheduler_job.py:643} INFO - DAG(s) dict_keys(['example_task_group_decorator']) retrieved from /home/airflow/.local/lib/python3.6/site-packages/airflow/example_dags/example_task_group_decorator.py
[2021-06-15 03:44:31,542] {logging_mixin.py:104} INFO - [2021-06-15 03:44:31,542] {dag.py:1832} INFO - Sync 1 DAGs
[2021-06-15 03:44:31,602] {logging_mixin.py:104} INFO - [2021-06-15 03:44:31,602] {dag.py:2305} INFO - Setting next_dagrun for example_task_group_decorator to 2021-06-13 00:00:00+00:00
[2021-06-15 03:44:31,656] {scheduler_job.py:190} INFO - Processing /home/airflow/.local/lib/python3.6/site-packages/airflow/example_dags/example_task_group_decorator.py took 1.184 seconds
[2021-06-15 03:45:02,186] {scheduler_job.py:182} INFO - Started process (PID=2470) to work on /home/airflow/.local/lib/python3.6/site-packages/airflow/example_dags/example_task_group_decorator.py
[2021-06-15 03:45:02,200] {scheduler_job.py:633} INFO - Processing file /home/airflow/.local/lib/python3.6/site-packages/airflow/example_dags/example_task_group_decorator.py for tasks to queue
[2021-06-15 03:45:02,210] {logging_mixin.py:104} INFO - [2021-06-15 03:45:02,209] {dagbag.py:487} INFO - Filling up the DagBag from /home/airflow/.local/lib/python3.6/site-packages/airflow/example_dags/example_task_group_decorator.py
[2021-06-15 03:45:02,367] {scheduler_job.py:643} INFO - DAG(s) dict_keys(['example_task_group_decorator']) retrieved from /home/airflow/.local/lib/python3.6/site-packages/airflow/example_dags/example_task_group_decorator.py
[2021-06-15 03:45:03,735] {logging_mixin.py:104} INFO - [2021-06-15 03:45:03,734] {dag.py:1832} INFO - Sync 1 DAGs
[2021-06-15 03:45:03,818] {logging_mixin.py:104} INFO - [2021-06-15 03:45:03,818] {dag.py:2305} INFO - Setting next_dagrun for example_task_group_decorator to 2021-06-13 00:00:00+00:00
[2021-06-15 03:45:03,886] {scheduler_job.py:190} INFO - Processing /home/airflow/.local/lib/python3.6/site-packages/airflow/example_dags/example_task_group_decorator.py took 1.729 seconds
[2021-06-15 03:45:34,044] {scheduler_job.py:182} INFO - Started process (PID=2529) to work on /home/airflow/.local/lib/python3.6/site-packages/airflow/example_dags/example_task_group_decorator.py
[2021-06-15 03:45:34,052] {scheduler_job.py:633} INFO - Processing file /home/airflow/.local/lib/python3.6/site-packages/airflow/example_dags/example_task_group_decorator.py for tasks to queue
[2021-06-15 03:45:34,057] {logging_mixin.py:104} INFO - [2021-06-15 03:45:34,056] {dagbag.py:487} INFO - Filling up the DagBag from /home/airflow/.local/lib/python3.6/site-packages/airflow/example_dags/example_task_group_decorator.py
[2021-06-15 03:45:34,183] {scheduler_job.py:643} INFO - DAG(s) dict_keys(['example_task_group_decorator']) retrieved from /home/airflow/.local/lib/python3.6/site-packages/airflow/example_dags/example_task_group_decorator.py
[2021-06-15 03:45:35,032] {logging_mixin.py:104} INFO - [2021-06-15 03:45:35,031] {dag.py:1832} INFO - Sync 1 DAGs
[2021-06-15 03:45:35,097] {logging_mixin.py:104} INFO - [2021-06-15 03:45:35,097] {dag.py:2305} INFO - Setting next_dagrun for example_task_group_decorator to 2021-06-13 00:00:00+00:00
[2021-06-15 03:45:35,146] {scheduler_job.py:190} INFO - Processing /home/airflow/.local/lib/python3.6/site-packages/airflow/example_dags/example_task_group_decorator.py took 1.118 seconds
[2021-06-15 03:46:06,018] {scheduler_job.py:182} INFO - Started process (PID=2598) to work on /home/airflow/.local/lib/python3.6/site-packages/airflow/example_dags/example_task_group_decorator.py
[2021-06-15 03:46:06,030] {scheduler_job.py:633} INFO - Processing file /home/airflow/.local/lib/python3.6/site-packages/airflow/example_dags/example_task_group_decorator.py for tasks to queue
[2021-06-15 03:46:06,039] {logging_mixin.py:104} INFO - [2021-06-15 03:46:06,038] {dagbag.py:487} INFO - Filling up the DagBag from /home/airflow/.local/lib/python3.6/site-packages/airflow/example_dags/example_task_group_decorator.py
[2021-06-15 03:46:06,238] {scheduler_job.py:643} INFO - DAG(s) dict_keys(['example_task_group_decorator']) retrieved from /home/airflow/.local/lib/python3.6/site-packages/airflow/example_dags/example_task_group_decorator.py
[2021-06-15 03:46:07,642] {logging_mixin.py:104} INFO - [2021-06-15 03:46:07,642] {dag.py:1832} INFO - Sync 1 DAGs
[2021-06-15 03:46:07,713] {logging_mixin.py:104} INFO - [2021-06-15 03:46:07,712] {dag.py:2305} INFO - Setting next_dagrun for example_task_group_decorator to 2021-06-13 00:00:00+00:00
[2021-06-15 03:46:07,793] {scheduler_job.py:190} INFO - Processing /home/airflow/.local/lib/python3.6/site-packages/airflow/example_dags/example_task_group_decorator.py took 1.797 seconds
[2021-06-15 03:46:37,996] {scheduler_job.py:182} INFO - Started process (PID=2666) to work on /home/airflow/.local/lib/python3.6/site-packages/airflow/example_dags/example_task_group_decorator.py
[2021-06-15 03:46:38,004] {scheduler_job.py:633} INFO - Processing file /home/airflow/.local/lib/python3.6/site-packages/airflow/example_dags/example_task_group_decorator.py for tasks to queue
[2021-06-15 03:46:38,009] {logging_mixin.py:104} INFO - [2021-06-15 03:46:38,009] {dagbag.py:487} INFO - Filling up the DagBag from /home/airflow/.local/lib/python3.6/site-packages/airflow/example_dags/example_task_group_decorator.py
[2021-06-15 03:46:38,121] {scheduler_job.py:643} INFO - DAG(s) dict_keys(['example_task_group_decorator']) retrieved from /home/airflow/.local/lib/python3.6/site-packages/airflow/example_dags/example_task_group_decorator.py
[2021-06-15 03:46:38,902] {logging_mixin.py:104} INFO - [2021-06-15 03:46:38,902] {dag.py:1832} INFO - Sync 1 DAGs
[2021-06-15 03:46:38,961] {logging_mixin.py:104} INFO - [2021-06-15 03:46:38,961] {dag.py:2305} INFO - Setting next_dagrun for example_task_group_decorator to 2021-06-13 00:00:00+00:00
[2021-06-15 03:46:39,023] {scheduler_job.py:190} INFO - Processing /home/airflow/.local/lib/python3.6/site-packages/airflow/example_dags/example_task_group_decorator.py took 1.078 seconds
[2021-06-15 03:47:09,509] {scheduler_job.py:182} INFO - Started process (PID=2734) to work on /home/airflow/.local/lib/python3.6/site-packages/airflow/example_dags/example_task_group_decorator.py
[2021-06-15 03:47:09,515] {scheduler_job.py:633} INFO - Processing file /home/airflow/.local/lib/python3.6/site-packages/airflow/example_dags/example_task_group_decorator.py for tasks to queue
[2021-06-15 03:47:09,519] {logging_mixin.py:104} INFO - [2021-06-15 03:47:09,519] {dagbag.py:487} INFO - Filling up the DagBag from /home/airflow/.local/lib/python3.6/site-packages/airflow/example_dags/example_task_group_decorator.py
[2021-06-15 03:47:09,622] {scheduler_job.py:643} INFO - DAG(s) dict_keys(['example_task_group_decorator']) retrieved from /home/airflow/.local/lib/python3.6/site-packages/airflow/example_dags/example_task_group_decorator.py
[2021-06-15 03:47:10,398] {logging_mixin.py:104} INFO - [2021-06-15 03:47:10,398] {dag.py:1832} INFO - Sync 1 DAGs
[2021-06-15 03:47:10,451] {logging_mixin.py:104} INFO - [2021-06-15 03:47:10,450] {dag.py:2305} INFO - Setting next_dagrun for example_task_group_decorator to 2021-06-13 00:00:00+00:00
[2021-06-15 03:47:10,494] {scheduler_job.py:190} INFO - Processing /home/airflow/.local/lib/python3.6/site-packages/airflow/example_dags/example_task_group_decorator.py took 0.999 seconds
[2021-06-15 03:47:40,901] {scheduler_job.py:182} INFO - Started process (PID=2795) to work on /home/airflow/.local/lib/python3.6/site-packages/airflow/example_dags/example_task_group_decorator.py
[2021-06-15 03:47:40,919] {scheduler_job.py:633} INFO - Processing file /home/airflow/.local/lib/python3.6/site-packages/airflow/example_dags/example_task_group_decorator.py for tasks to queue
[2021-06-15 03:47:40,925] {logging_mixin.py:104} INFO - [2021-06-15 03:47:40,924] {dagbag.py:487} INFO - Filling up the DagBag from /home/airflow/.local/lib/python3.6/site-packages/airflow/example_dags/example_task_group_decorator.py
[2021-06-15 03:47:41,043] {scheduler_job.py:643} INFO - DAG(s) dict_keys(['example_task_group_decorator']) retrieved from /home/airflow/.local/lib/python3.6/site-packages/airflow/example_dags/example_task_group_decorator.py
[2021-06-15 03:47:41,848] {logging_mixin.py:104} INFO - [2021-06-15 03:47:41,848] {dag.py:1832} INFO - Sync 1 DAGs
[2021-06-15 03:47:41,920] {logging_mixin.py:104} INFO - [2021-06-15 03:47:41,920] {dag.py:2305} INFO - Setting next_dagrun for example_task_group_decorator to 2021-06-13 00:00:00+00:00
[2021-06-15 03:47:41,969] {scheduler_job.py:190} INFO - Processing /home/airflow/.local/lib/python3.6/site-packages/airflow/example_dags/example_task_group_decorator.py took 1.093 seconds
[2021-06-15 03:48:12,177] {scheduler_job.py:182} INFO - Started process (PID=2865) to work on /home/airflow/.local/lib/python3.6/site-packages/airflow/example_dags/example_task_group_decorator.py
[2021-06-15 03:48:12,184] {scheduler_job.py:633} INFO - Processing file /home/airflow/.local/lib/python3.6/site-packages/airflow/example_dags/example_task_group_decorator.py for tasks to queue
[2021-06-15 03:48:12,188] {logging_mixin.py:104} INFO - [2021-06-15 03:48:12,188] {dagbag.py:487} INFO - Filling up the DagBag from /home/airflow/.local/lib/python3.6/site-packages/airflow/example_dags/example_task_group_decorator.py
[2021-06-15 03:48:12,287] {scheduler_job.py:643} INFO - DAG(s) dict_keys(['example_task_group_decorator']) retrieved from /home/airflow/.local/lib/python3.6/site-packages/airflow/example_dags/example_task_group_decorator.py
[2021-06-15 03:48:13,230] {logging_mixin.py:104} INFO - [2021-06-15 03:48:13,230] {dag.py:1832} INFO - Sync 1 DAGs
[2021-06-15 03:48:13,339] {logging_mixin.py:104} INFO - [2021-06-15 03:48:13,338] {dag.py:2305} INFO - Setting next_dagrun for example_task_group_decorator to 2021-06-13 00:00:00+00:00
[2021-06-15 03:48:13,439] {scheduler_job.py:190} INFO - Processing /home/airflow/.local/lib/python3.6/site-packages/airflow/example_dags/example_task_group_decorator.py took 1.276 seconds
[2021-06-15 03:48:43,774] {scheduler_job.py:182} INFO - Started process (PID=2921) to work on /home/airflow/.local/lib/python3.6/site-packages/airflow/example_dags/example_task_group_decorator.py
[2021-06-15 03:48:43,783] {scheduler_job.py:633} INFO - Processing file /home/airflow/.local/lib/python3.6/site-packages/airflow/example_dags/example_task_group_decorator.py for tasks to queue
[2021-06-15 03:48:43,790] {logging_mixin.py:104} INFO - [2021-06-15 03:48:43,789] {dagbag.py:487} INFO - Filling up the DagBag from /home/airflow/.local/lib/python3.6/site-packages/airflow/example_dags/example_task_group_decorator.py
[2021-06-15 03:48:43,940] {scheduler_job.py:643} INFO - DAG(s) dict_keys(['example_task_group_decorator']) retrieved from /home/airflow/.local/lib/python3.6/site-packages/airflow/example_dags/example_task_group_decorator.py
[2021-06-15 03:48:44,862] {logging_mixin.py:104} INFO - [2021-06-15 03:48:44,861] {dag.py:1832} INFO - Sync 1 DAGs
[2021-06-15 03:48:44,922] {logging_mixin.py:104} INFO - [2021-06-15 03:48:44,921] {dag.py:2305} INFO - Setting next_dagrun for example_task_group_decorator to 2021-06-13 00:00:00+00:00
[2021-06-15 03:48:44,972] {scheduler_job.py:190} INFO - Processing /home/airflow/.local/lib/python3.6/site-packages/airflow/example_dags/example_task_group_decorator.py took 1.215 seconds
[2021-06-15 03:49:15,216] {scheduler_job.py:182} INFO - Started process (PID=2989) to work on /home/airflow/.local/lib/python3.6/site-packages/airflow/example_dags/example_task_group_decorator.py
[2021-06-15 03:49:15,222] {scheduler_job.py:633} INFO - Processing file /home/airflow/.local/lib/python3.6/site-packages/airflow/example_dags/example_task_group_decorator.py for tasks to queue
[2021-06-15 03:49:15,227] {logging_mixin.py:104} INFO - [2021-06-15 03:49:15,227] {dagbag.py:487} INFO - Filling up the DagBag from /home/airflow/.local/lib/python3.6/site-packages/airflow/example_dags/example_task_group_decorator.py
[2021-06-15 03:49:15,329] {scheduler_job.py:643} INFO - DAG(s) dict_keys(['example_task_group_decorator']) retrieved from /home/airflow/.local/lib/python3.6/site-packages/airflow/example_dags/example_task_group_decorator.py
[2021-06-15 03:49:16,259] {logging_mixin.py:104} INFO - [2021-06-15 03:49:16,258] {dag.py:1832} INFO - Sync 1 DAGs
[2021-06-15 03:49:16,362] {logging_mixin.py:104} INFO - [2021-06-15 03:49:16,362] {dag.py:2305} INFO - Setting next_dagrun for example_task_group_decorator to 2021-06-13 00:00:00+00:00
[2021-06-15 03:49:16,412] {scheduler_job.py:190} INFO - Processing /home/airflow/.local/lib/python3.6/site-packages/airflow/example_dags/example_task_group_decorator.py took 1.210 seconds
[2021-06-15 03:49:46,689] {scheduler_job.py:182} INFO - Started process (PID=3057) to work on /home/airflow/.local/lib/python3.6/site-packages/airflow/example_dags/example_task_group_decorator.py
[2021-06-15 03:49:46,696] {scheduler_job.py:633} INFO - Processing file /home/airflow/.local/lib/python3.6/site-packages/airflow/example_dags/example_task_group_decorator.py for tasks to queue
[2021-06-15 03:49:46,702] {logging_mixin.py:104} INFO - [2021-06-15 03:49:46,702] {dagbag.py:487} INFO - Filling up the DagBag from /home/airflow/.local/lib/python3.6/site-packages/airflow/example_dags/example_task_group_decorator.py
[2021-06-15 03:49:46,808] {scheduler_job.py:643} INFO - DAG(s) dict_keys(['example_task_group_decorator']) retrieved from /home/airflow/.local/lib/python3.6/site-packages/airflow/example_dags/example_task_group_decorator.py
[2021-06-15 03:49:47,620] {logging_mixin.py:104} INFO - [2021-06-15 03:49:47,619] {dag.py:1832} INFO - Sync 1 DAGs
[2021-06-15 03:49:47,677] {logging_mixin.py:104} INFO - [2021-06-15 03:49:47,676] {dag.py:2305} INFO - Setting next_dagrun for example_task_group_decorator to 2021-06-13 00:00:00+00:00
[2021-06-15 03:49:47,722] {scheduler_job.py:190} INFO - Processing /home/airflow/.local/lib/python3.6/site-packages/airflow/example_dags/example_task_group_decorator.py took 1.049 seconds
[2021-06-15 03:50:18,500] {scheduler_job.py:182} INFO - Started process (PID=3123) to work on /home/airflow/.local/lib/python3.6/site-packages/airflow/example_dags/example_task_group_decorator.py
[2021-06-15 03:50:18,507] {scheduler_job.py:633} INFO - Processing file /home/airflow/.local/lib/python3.6/site-packages/airflow/example_dags/example_task_group_decorator.py for tasks to queue
[2021-06-15 03:50:18,512] {logging_mixin.py:104} INFO - [2021-06-15 03:50:18,511] {dagbag.py:487} INFO - Filling up the DagBag from /home/airflow/.local/lib/python3.6/site-packages/airflow/example_dags/example_task_group_decorator.py
[2021-06-15 03:50:18,615] {scheduler_job.py:643} INFO - DAG(s) dict_keys(['example_task_group_decorator']) retrieved from /home/airflow/.local/lib/python3.6/site-packages/airflow/example_dags/example_task_group_decorator.py
[2021-06-15 03:50:19,408] {logging_mixin.py:104} INFO - [2021-06-15 03:50:19,408] {dag.py:1832} INFO - Sync 1 DAGs
[2021-06-15 03:50:19,468] {logging_mixin.py:104} INFO - [2021-06-15 03:50:19,467] {dag.py:2305} INFO - Setting next_dagrun for example_task_group_decorator to 2021-06-13 00:00:00+00:00
[2021-06-15 03:50:19,720] {scheduler_job.py:190} INFO - Processing /home/airflow/.local/lib/python3.6/site-packages/airflow/example_dags/example_task_group_decorator.py took 1.236 seconds
[2021-06-15 03:50:50,125] {scheduler_job.py:182} INFO - Started process (PID=3191) to work on /home/airflow/.local/lib/python3.6/site-packages/airflow/example_dags/example_task_group_decorator.py
[2021-06-15 03:50:50,135] {scheduler_job.py:633} INFO - Processing file /home/airflow/.local/lib/python3.6/site-packages/airflow/example_dags/example_task_group_decorator.py for tasks to queue
[2021-06-15 03:50:50,142] {logging_mixin.py:104} INFO - [2021-06-15 03:50:50,141] {dagbag.py:487} INFO - Filling up the DagBag from /home/airflow/.local/lib/python3.6/site-packages/airflow/example_dags/example_task_group_decorator.py
[2021-06-15 03:50:50,310] {scheduler_job.py:643} INFO - DAG(s) dict_keys(['example_task_group_decorator']) retrieved from /home/airflow/.local/lib/python3.6/site-packages/airflow/example_dags/example_task_group_decorator.py
[2021-06-15 03:50:51,469] {logging_mixin.py:104} INFO - [2021-06-15 03:50:51,469] {dag.py:1832} INFO - Sync 1 DAGs
[2021-06-15 03:50:51,833] {logging_mixin.py:104} INFO - [2021-06-15 03:50:51,833] {dag.py:2305} INFO - Setting next_dagrun for example_task_group_decorator to 2021-06-13 00:00:00+00:00
[2021-06-15 03:50:51,920] {scheduler_job.py:190} INFO - Processing /home/airflow/.local/lib/python3.6/site-packages/airflow/example_dags/example_task_group_decorator.py took 1.831 seconds
[2021-06-15 03:51:22,462] {scheduler_job.py:182} INFO - Started process (PID=3259) to work on /home/airflow/.local/lib/python3.6/site-packages/airflow/example_dags/example_task_group_decorator.py
[2021-06-15 03:51:22,469] {scheduler_job.py:633} INFO - Processing file /home/airflow/.local/lib/python3.6/site-packages/airflow/example_dags/example_task_group_decorator.py for tasks to queue
[2021-06-15 03:51:22,474] {logging_mixin.py:104} INFO - [2021-06-15 03:51:22,474] {dagbag.py:487} INFO - Filling up the DagBag from /home/airflow/.local/lib/python3.6/site-packages/airflow/example_dags/example_task_group_decorator.py
[2021-06-15 03:51:22,576] {scheduler_job.py:643} INFO - DAG(s) dict_keys(['example_task_group_decorator']) retrieved from /home/airflow/.local/lib/python3.6/site-packages/airflow/example_dags/example_task_group_decorator.py
[2021-06-15 03:51:23,480] {logging_mixin.py:104} INFO - [2021-06-15 03:51:23,479] {dag.py:1832} INFO - Sync 1 DAGs
[2021-06-15 03:51:23,754] {logging_mixin.py:104} INFO - [2021-06-15 03:51:23,754] {dag.py:2305} INFO - Setting next_dagrun for example_task_group_decorator to 2021-06-13 00:00:00+00:00
[2021-06-15 03:51:23,797] {scheduler_job.py:190} INFO - Processing /home/airflow/.local/lib/python3.6/site-packages/airflow/example_dags/example_task_group_decorator.py took 1.350 seconds
[2021-06-15 03:51:54,278] {scheduler_job.py:182} INFO - Started process (PID=3321) to work on /home/airflow/.local/lib/python3.6/site-packages/airflow/example_dags/example_task_group_decorator.py
[2021-06-15 03:51:54,284] {scheduler_job.py:633} INFO - Processing file /home/airflow/.local/lib/python3.6/site-packages/airflow/example_dags/example_task_group_decorator.py for tasks to queue
[2021-06-15 03:51:54,289] {logging_mixin.py:104} INFO - [2021-06-15 03:51:54,288] {dagbag.py:487} INFO - Filling up the DagBag from /home/airflow/.local/lib/python3.6/site-packages/airflow/example_dags/example_task_group_decorator.py
[2021-06-15 03:51:54,390] {scheduler_job.py:643} INFO - DAG(s) dict_keys(['example_task_group_decorator']) retrieved from /home/airflow/.local/lib/python3.6/site-packages/airflow/example_dags/example_task_group_decorator.py
[2021-06-15 03:51:55,153] {logging_mixin.py:104} INFO - [2021-06-15 03:51:55,153] {dag.py:1832} INFO - Sync 1 DAGs
[2021-06-15 03:51:55,468] {logging_mixin.py:104} INFO - [2021-06-15 03:51:55,467] {dag.py:2305} INFO - Setting next_dagrun for example_task_group_decorator to 2021-06-13 00:00:00+00:00
[2021-06-15 03:51:55,512] {scheduler_job.py:190} INFO - Processing /home/airflow/.local/lib/python3.6/site-packages/airflow/example_dags/example_task_group_decorator.py took 1.249 seconds
[2021-06-15 03:52:25,720] {scheduler_job.py:182} INFO - Started process (PID=3388) to work on /home/airflow/.local/lib/python3.6/site-packages/airflow/example_dags/example_task_group_decorator.py
[2021-06-15 03:52:25,738] {scheduler_job.py:633} INFO - Processing file /home/airflow/.local/lib/python3.6/site-packages/airflow/example_dags/example_task_group_decorator.py for tasks to queue
[2021-06-15 03:52:25,755] {logging_mixin.py:104} INFO - [2021-06-15 03:52:25,754] {dagbag.py:487} INFO - Filling up the DagBag from /home/airflow/.local/lib/python3.6/site-packages/airflow/example_dags/example_task_group_decorator.py
[2021-06-15 03:52:25,873] {scheduler_job.py:643} INFO - DAG(s) dict_keys(['example_task_group_decorator']) retrieved from /home/airflow/.local/lib/python3.6/site-packages/airflow/example_dags/example_task_group_decorator.py
[2021-06-15 03:52:26,859] {logging_mixin.py:104} INFO - [2021-06-15 03:52:26,858] {dag.py:1832} INFO - Sync 1 DAGs
[2021-06-15 03:52:27,147] {logging_mixin.py:104} INFO - [2021-06-15 03:52:27,146] {dag.py:2305} INFO - Setting next_dagrun for example_task_group_decorator to 2021-06-13 00:00:00+00:00
[2021-06-15 03:52:27,209] {scheduler_job.py:190} INFO - Processing /home/airflow/.local/lib/python3.6/site-packages/airflow/example_dags/example_task_group_decorator.py took 1.539 seconds
[2021-06-15 03:52:57,504] {scheduler_job.py:182} INFO - Started process (PID=3446) to work on /home/airflow/.local/lib/python3.6/site-packages/airflow/example_dags/example_task_group_decorator.py
[2021-06-15 03:52:57,511] {scheduler_job.py:633} INFO - Processing file /home/airflow/.local/lib/python3.6/site-packages/airflow/example_dags/example_task_group_decorator.py for tasks to queue
[2021-06-15 03:52:57,516] {logging_mixin.py:104} INFO - [2021-06-15 03:52:57,515] {dagbag.py:487} INFO - Filling up the DagBag from /home/airflow/.local/lib/python3.6/site-packages/airflow/example_dags/example_task_group_decorator.py
[2021-06-15 03:52:57,627] {scheduler_job.py:643} INFO - DAG(s) dict_keys(['example_task_group_decorator']) retrieved from /home/airflow/.local/lib/python3.6/site-packages/airflow/example_dags/example_task_group_decorator.py
[2021-06-15 03:52:58,435] {logging_mixin.py:104} INFO - [2021-06-15 03:52:58,434] {dag.py:1832} INFO - Sync 1 DAGs
[2021-06-15 03:52:58,741] {logging_mixin.py:104} INFO - [2021-06-15 03:52:58,740] {dag.py:2305} INFO - Setting next_dagrun for example_task_group_decorator to 2021-06-13 00:00:00+00:00
[2021-06-15 03:52:58,791] {scheduler_job.py:190} INFO - Processing /home/airflow/.local/lib/python3.6/site-packages/airflow/example_dags/example_task_group_decorator.py took 1.301 seconds
[2021-06-15 03:53:29,335] {scheduler_job.py:182} INFO - Started process (PID=3516) to work on /home/airflow/.local/lib/python3.6/site-packages/airflow/example_dags/example_task_group_decorator.py
[2021-06-15 03:53:29,343] {scheduler_job.py:633} INFO - Processing file /home/airflow/.local/lib/python3.6/site-packages/airflow/example_dags/example_task_group_decorator.py for tasks to queue
[2021-06-15 03:53:29,348] {logging_mixin.py:104} INFO - [2021-06-15 03:53:29,347] {dagbag.py:487} INFO - Filling up the DagBag from /home/airflow/.local/lib/python3.6/site-packages/airflow/example_dags/example_task_group_decorator.py
[2021-06-15 03:53:29,463] {scheduler_job.py:643} INFO - DAG(s) dict_keys(['example_task_group_decorator']) retrieved from /home/airflow/.local/lib/python3.6/site-packages/airflow/example_dags/example_task_group_decorator.py
[2021-06-15 03:53:30,406] {logging_mixin.py:104} INFO - [2021-06-15 03:53:30,406] {dag.py:1832} INFO - Sync 1 DAGs
[2021-06-15 03:53:30,681] {logging_mixin.py:104} INFO - [2021-06-15 03:53:30,680] {dag.py:2305} INFO - Setting next_dagrun for example_task_group_decorator to 2021-06-13 00:00:00+00:00
[2021-06-15 03:53:30,726] {scheduler_job.py:190} INFO - Processing /home/airflow/.local/lib/python3.6/site-packages/airflow/example_dags/example_task_group_decorator.py took 1.405 seconds
[2021-06-15 03:54:01,298] {scheduler_job.py:182} INFO - Started process (PID=3586) to work on /home/airflow/.local/lib/python3.6/site-packages/airflow/example_dags/example_task_group_decorator.py
[2021-06-15 03:54:01,309] {scheduler_job.py:633} INFO - Processing file /home/airflow/.local/lib/python3.6/site-packages/airflow/example_dags/example_task_group_decorator.py for tasks to queue
[2021-06-15 03:54:01,315] {logging_mixin.py:104} INFO - [2021-06-15 03:54:01,314] {dagbag.py:487} INFO - Filling up the DagBag from /home/airflow/.local/lib/python3.6/site-packages/airflow/example_dags/example_task_group_decorator.py
[2021-06-15 03:54:01,432] {scheduler_job.py:643} INFO - DAG(s) dict_keys(['example_task_group_decorator']) retrieved from /home/airflow/.local/lib/python3.6/site-packages/airflow/example_dags/example_task_group_decorator.py
[2021-06-15 03:54:01,554] {logging_mixin.py:104} INFO - [2021-06-15 03:54:01,554] {dag.py:1832} INFO - Sync 1 DAGs
[2021-06-15 03:54:01,621] {logging_mixin.py:104} INFO - [2021-06-15 03:54:01,620] {dag.py:2305} INFO - Setting next_dagrun for example_task_group_decorator to 2021-06-13 00:00:00+00:00
[2021-06-15 03:54:01,668] {scheduler_job.py:190} INFO - Processing /home/airflow/.local/lib/python3.6/site-packages/airflow/example_dags/example_task_group_decorator.py took 0.395 seconds
[2021-06-15 03:54:32,337] {scheduler_job.py:182} INFO - Started process (PID=3653) to work on /home/airflow/.local/lib/python3.6/site-packages/airflow/example_dags/example_task_group_decorator.py
[2021-06-15 03:54:32,346] {scheduler_job.py:633} INFO - Processing file /home/airflow/.local/lib/python3.6/site-packages/airflow/example_dags/example_task_group_decorator.py for tasks to queue
[2021-06-15 03:54:32,354] {logging_mixin.py:104} INFO - [2021-06-15 03:54:32,352] {dagbag.py:487} INFO - Filling up the DagBag from /home/airflow/.local/lib/python3.6/site-packages/airflow/example_dags/example_task_group_decorator.py
[2021-06-15 03:54:32,558] {scheduler_job.py:643} INFO - DAG(s) dict_keys(['example_task_group_decorator']) retrieved from /home/airflow/.local/lib/python3.6/site-packages/airflow/example_dags/example_task_group_decorator.py
[2021-06-15 03:54:33,925] {logging_mixin.py:104} INFO - [2021-06-15 03:54:33,924] {dag.py:1832} INFO - Sync 1 DAGs
[2021-06-15 03:54:34,351] {logging_mixin.py:104} INFO - [2021-06-15 03:54:34,351] {dag.py:2305} INFO - Setting next_dagrun for example_task_group_decorator to 2021-06-13 00:00:00+00:00
[2021-06-15 03:54:34,428] {scheduler_job.py:190} INFO - Processing /home/airflow/.local/lib/python3.6/site-packages/airflow/example_dags/example_task_group_decorator.py took 2.105 seconds
[2021-06-15 03:55:05,316] {scheduler_job.py:182} INFO - Started process (PID=3719) to work on /home/airflow/.local/lib/python3.6/site-packages/airflow/example_dags/example_task_group_decorator.py
[2021-06-15 03:55:05,324] {scheduler_job.py:633} INFO - Processing file /home/airflow/.local/lib/python3.6/site-packages/airflow/example_dags/example_task_group_decorator.py for tasks to queue
[2021-06-15 03:55:05,330] {logging_mixin.py:104} INFO - [2021-06-15 03:55:05,329] {dagbag.py:487} INFO - Filling up the DagBag from /home/airflow/.local/lib/python3.6/site-packages/airflow/example_dags/example_task_group_decorator.py
[2021-06-15 03:55:05,462] {scheduler_job.py:643} INFO - DAG(s) dict_keys(['example_task_group_decorator']) retrieved from /home/airflow/.local/lib/python3.6/site-packages/airflow/example_dags/example_task_group_decorator.py
[2021-06-15 03:55:06,419] {logging_mixin.py:104} INFO - [2021-06-15 03:55:06,418] {dag.py:1832} INFO - Sync 1 DAGs
[2021-06-15 03:55:06,748] {logging_mixin.py:104} INFO - [2021-06-15 03:55:06,747] {dag.py:2305} INFO - Setting next_dagrun for example_task_group_decorator to 2021-06-13 00:00:00+00:00
[2021-06-15 03:55:06,812] {scheduler_job.py:190} INFO - Processing /home/airflow/.local/lib/python3.6/site-packages/airflow/example_dags/example_task_group_decorator.py took 1.515 seconds
[2021-06-15 03:55:37,564] {scheduler_job.py:182} INFO - Started process (PID=3789) to work on /home/airflow/.local/lib/python3.6/site-packages/airflow/example_dags/example_task_group_decorator.py
[2021-06-15 03:55:37,572] {scheduler_job.py:633} INFO - Processing file /home/airflow/.local/lib/python3.6/site-packages/airflow/example_dags/example_task_group_decorator.py for tasks to queue
[2021-06-15 03:55:37,579] {logging_mixin.py:104} INFO - [2021-06-15 03:55:37,578] {dagbag.py:487} INFO - Filling up the DagBag from /home/airflow/.local/lib/python3.6/site-packages/airflow/example_dags/example_task_group_decorator.py
[2021-06-15 03:55:37,698] {scheduler_job.py:643} INFO - DAG(s) dict_keys(['example_task_group_decorator']) retrieved from /home/airflow/.local/lib/python3.6/site-packages/airflow/example_dags/example_task_group_decorator.py
[2021-06-15 03:55:38,899] {logging_mixin.py:104} INFO - [2021-06-15 03:55:38,899] {dag.py:1832} INFO - Sync 1 DAGs
[2021-06-15 03:55:38,974] {logging_mixin.py:104} INFO - [2021-06-15 03:55:38,974] {dag.py:2305} INFO - Setting next_dagrun for example_task_group_decorator to 2021-06-13 00:00:00+00:00
[2021-06-15 03:55:39,069] {scheduler_job.py:190} INFO - Processing /home/airflow/.local/lib/python3.6/site-packages/airflow/example_dags/example_task_group_decorator.py took 1.555 seconds
[2021-06-15 03:56:09,841] {scheduler_job.py:182} INFO - Started process (PID=3859) to work on /home/airflow/.local/lib/python3.6/site-packages/airflow/example_dags/example_task_group_decorator.py
[2021-06-15 03:56:09,850] {scheduler_job.py:633} INFO - Processing file /home/airflow/.local/lib/python3.6/site-packages/airflow/example_dags/example_task_group_decorator.py for tasks to queue
[2021-06-15 03:56:09,856] {logging_mixin.py:104} INFO - [2021-06-15 03:56:09,856] {dagbag.py:487} INFO - Filling up the DagBag from /home/airflow/.local/lib/python3.6/site-packages/airflow/example_dags/example_task_group_decorator.py
[2021-06-15 03:56:09,989] {scheduler_job.py:643} INFO - DAG(s) dict_keys(['example_task_group_decorator']) retrieved from /home/airflow/.local/lib/python3.6/site-packages/airflow/example_dags/example_task_group_decorator.py
[2021-06-15 03:56:11,535] {logging_mixin.py:104} INFO - [2021-06-15 03:56:11,534] {dag.py:1832} INFO - Sync 1 DAGs
[2021-06-15 03:56:11,586] {logging_mixin.py:104} INFO - [2021-06-15 03:56:11,586] {dag.py:2305} INFO - Setting next_dagrun for example_task_group_decorator to 2021-06-13 00:00:00+00:00
[2021-06-15 03:56:11,630] {scheduler_job.py:190} INFO - Processing /home/airflow/.local/lib/python3.6/site-packages/airflow/example_dags/example_task_group_decorator.py took 1.816 seconds
[2021-06-15 03:56:42,486] {scheduler_job.py:182} INFO - Started process (PID=3922) to work on /home/airflow/.local/lib/python3.6/site-packages/airflow/example_dags/example_task_group_decorator.py
[2021-06-15 03:56:42,501] {scheduler_job.py:633} INFO - Processing file /home/airflow/.local/lib/python3.6/site-packages/airflow/example_dags/example_task_group_decorator.py for tasks to queue
[2021-06-15 03:56:42,510] {logging_mixin.py:104} INFO - [2021-06-15 03:56:42,509] {dagbag.py:487} INFO - Filling up the DagBag from /home/airflow/.local/lib/python3.6/site-packages/airflow/example_dags/example_task_group_decorator.py
[2021-06-15 03:56:42,726] {scheduler_job.py:643} INFO - DAG(s) dict_keys(['example_task_group_decorator']) retrieved from /home/airflow/.local/lib/python3.6/site-packages/airflow/example_dags/example_task_group_decorator.py
[2021-06-15 03:56:44,154] {logging_mixin.py:104} INFO - [2021-06-15 03:56:44,154] {dag.py:1832} INFO - Sync 1 DAGs
[2021-06-15 03:56:44,203] {logging_mixin.py:104} INFO - [2021-06-15 03:56:44,202] {dag.py:2305} INFO - Setting next_dagrun for example_task_group_decorator to 2021-06-13 00:00:00+00:00
[2021-06-15 03:56:44,246] {scheduler_job.py:190} INFO - Processing /home/airflow/.local/lib/python3.6/site-packages/airflow/example_dags/example_task_group_decorator.py took 1.789 seconds
[2021-06-15 03:57:14,783] {scheduler_job.py:182} INFO - Started process (PID=3991) to work on /home/airflow/.local/lib/python3.6/site-packages/airflow/example_dags/example_task_group_decorator.py
[2021-06-15 03:57:14,793] {scheduler_job.py:633} INFO - Processing file /home/airflow/.local/lib/python3.6/site-packages/airflow/example_dags/example_task_group_decorator.py for tasks to queue
[2021-06-15 03:57:14,801] {logging_mixin.py:104} INFO - [2021-06-15 03:57:14,800] {dagbag.py:487} INFO - Filling up the DagBag from /home/airflow/.local/lib/python3.6/site-packages/airflow/example_dags/example_task_group_decorator.py
[2021-06-15 03:57:14,910] {scheduler_job.py:643} INFO - DAG(s) dict_keys(['example_task_group_decorator']) retrieved from /home/airflow/.local/lib/python3.6/site-packages/airflow/example_dags/example_task_group_decorator.py
[2021-06-15 03:57:15,959] {logging_mixin.py:104} INFO - [2021-06-15 03:57:15,958] {dag.py:1832} INFO - Sync 1 DAGs
[2021-06-15 03:57:16,002] {logging_mixin.py:104} INFO - [2021-06-15 03:57:16,002] {dag.py:2305} INFO - Setting next_dagrun for example_task_group_decorator to 2021-06-13 00:00:00+00:00
[2021-06-15 03:57:16,045] {scheduler_job.py:190} INFO - Processing /home/airflow/.local/lib/python3.6/site-packages/airflow/example_dags/example_task_group_decorator.py took 1.277 seconds
[2021-06-15 03:57:46,158] {scheduler_job.py:182} INFO - Started process (PID=4049) to work on /home/airflow/.local/lib/python3.6/site-packages/airflow/example_dags/example_task_group_decorator.py
[2021-06-15 03:57:46,166] {scheduler_job.py:633} INFO - Processing file /home/airflow/.local/lib/python3.6/site-packages/airflow/example_dags/example_task_group_decorator.py for tasks to queue
[2021-06-15 03:57:46,171] {logging_mixin.py:104} INFO - [2021-06-15 03:57:46,171] {dagbag.py:487} INFO - Filling up the DagBag from /home/airflow/.local/lib/python3.6/site-packages/airflow/example_dags/example_task_group_decorator.py
[2021-06-15 03:57:46,281] {scheduler_job.py:643} INFO - DAG(s) dict_keys(['example_task_group_decorator']) retrieved from /home/airflow/.local/lib/python3.6/site-packages/airflow/example_dags/example_task_group_decorator.py
[2021-06-15 03:57:47,351] {logging_mixin.py:104} INFO - [2021-06-15 03:57:47,351] {dag.py:1832} INFO - Sync 1 DAGs
[2021-06-15 03:57:47,395] {logging_mixin.py:104} INFO - [2021-06-15 03:57:47,395] {dag.py:2305} INFO - Setting next_dagrun for example_task_group_decorator to 2021-06-13 00:00:00+00:00
[2021-06-15 03:57:47,438] {scheduler_job.py:190} INFO - Processing /home/airflow/.local/lib/python3.6/site-packages/airflow/example_dags/example_task_group_decorator.py took 1.300 seconds
[2021-06-15 04:03:27,058] {scheduler_job.py:182} INFO - Started process (PID=219) to work on /home/airflow/.local/lib/python3.6/site-packages/airflow/example_dags/example_task_group_decorator.py
[2021-06-15 04:03:27,072] {scheduler_job.py:633} INFO - Processing file /home/airflow/.local/lib/python3.6/site-packages/airflow/example_dags/example_task_group_decorator.py for tasks to queue
[2021-06-15 04:03:27,083] {logging_mixin.py:104} INFO - [2021-06-15 04:03:27,081] {dagbag.py:487} INFO - Filling up the DagBag from /home/airflow/.local/lib/python3.6/site-packages/airflow/example_dags/example_task_group_decorator.py
[2021-06-15 04:03:27,248] {scheduler_job.py:643} INFO - DAG(s) dict_keys(['example_task_group_decorator']) retrieved from /home/airflow/.local/lib/python3.6/site-packages/airflow/example_dags/example_task_group_decorator.py
[2021-06-15 04:03:36,556] {logging_mixin.py:104} INFO - [2021-06-15 04:03:36,556] {dag.py:1832} INFO - Sync 1 DAGs
[2021-06-15 04:03:36,601] {logging_mixin.py:104} INFO - [2021-06-15 04:03:36,598] {dag.py:1851} INFO - Creating ORM DAG for example_task_group_decorator
[2021-06-15 04:03:36,630] {logging_mixin.py:104} INFO - [2021-06-15 04:03:36,629] {dag.py:2305} INFO - Setting next_dagrun for example_task_group_decorator to 2021-06-13 00:00:00+00:00
[2021-06-15 04:03:36,702] {scheduler_job.py:190} INFO - Processing /home/airflow/.local/lib/python3.6/site-packages/airflow/example_dags/example_task_group_decorator.py took 9.701 seconds
[2021-06-15 04:04:08,244] {scheduler_job.py:182} INFO - Started process (PID=299) to work on /home/airflow/.local/lib/python3.6/site-packages/airflow/example_dags/example_task_group_decorator.py
[2021-06-15 04:04:08,252] {scheduler_job.py:633} INFO - Processing file /home/airflow/.local/lib/python3.6/site-packages/airflow/example_dags/example_task_group_decorator.py for tasks to queue
[2021-06-15 04:04:08,258] {logging_mixin.py:104} INFO - [2021-06-15 04:04:08,258] {dagbag.py:487} INFO - Filling up the DagBag from /home/airflow/.local/lib/python3.6/site-packages/airflow/example_dags/example_task_group_decorator.py
[2021-06-15 04:04:08,369] {scheduler_job.py:643} INFO - DAG(s) dict_keys(['example_task_group_decorator']) retrieved from /home/airflow/.local/lib/python3.6/site-packages/airflow/example_dags/example_task_group_decorator.py
[2021-06-15 04:04:09,345] {logging_mixin.py:104} INFO - [2021-06-15 04:04:09,345] {dag.py:1832} INFO - Sync 1 DAGs
[2021-06-15 04:04:09,419] {logging_mixin.py:104} INFO - [2021-06-15 04:04:09,419] {dag.py:2305} INFO - Setting next_dagrun for example_task_group_decorator to 2021-06-13 00:00:00+00:00
[2021-06-15 04:04:09,502] {scheduler_job.py:190} INFO - Processing /home/airflow/.local/lib/python3.6/site-packages/airflow/example_dags/example_task_group_decorator.py took 1.276 seconds
[2021-06-15 04:04:40,034] {scheduler_job.py:182} INFO - Started process (PID=360) to work on /home/airflow/.local/lib/python3.6/site-packages/airflow/example_dags/example_task_group_decorator.py
[2021-06-15 04:04:40,041] {scheduler_job.py:633} INFO - Processing file /home/airflow/.local/lib/python3.6/site-packages/airflow/example_dags/example_task_group_decorator.py for tasks to queue
[2021-06-15 04:04:40,047] {logging_mixin.py:104} INFO - [2021-06-15 04:04:40,046] {dagbag.py:487} INFO - Filling up the DagBag from /home/airflow/.local/lib/python3.6/site-packages/airflow/example_dags/example_task_group_decorator.py
[2021-06-15 04:04:40,179] {scheduler_job.py:643} INFO - DAG(s) dict_keys(['example_task_group_decorator']) retrieved from /home/airflow/.local/lib/python3.6/site-packages/airflow/example_dags/example_task_group_decorator.py
[2021-06-15 04:04:41,175] {logging_mixin.py:104} INFO - [2021-06-15 04:04:41,174] {dag.py:1832} INFO - Sync 1 DAGs
[2021-06-15 04:04:41,251] {logging_mixin.py:104} INFO - [2021-06-15 04:04:41,250] {dag.py:2305} INFO - Setting next_dagrun for example_task_group_decorator to 2021-06-13 00:00:00+00:00
[2021-06-15 04:04:41,314] {scheduler_job.py:190} INFO - Processing /home/airflow/.local/lib/python3.6/site-packages/airflow/example_dags/example_task_group_decorator.py took 1.297 seconds
