[2021-06-15 03:25:26,239] {scheduler_job.py:182} INFO - Started process (PID=85) to work on /home/airflow/.local/lib/python3.6/site-packages/airflow/example_dags/example_skip_dag.py
[2021-06-15 03:25:26,246] {scheduler_job.py:633} INFO - Processing file /home/airflow/.local/lib/python3.6/site-packages/airflow/example_dags/example_skip_dag.py for tasks to queue
[2021-06-15 03:25:26,252] {logging_mixin.py:104} INFO - [2021-06-15 03:25:26,252] {dagbag.py:487} INFO - Filling up the DagBag from /home/airflow/.local/lib/python3.6/site-packages/airflow/example_dags/example_skip_dag.py
[2021-06-15 03:25:26,305] {scheduler_job.py:643} INFO - DAG(s) dict_keys(['example_skip_dag']) retrieved from /home/airflow/.local/lib/python3.6/site-packages/airflow/example_dags/example_skip_dag.py
[2021-06-15 03:25:27,303] {logging_mixin.py:104} INFO - [2021-06-15 03:25:27,303] {dag.py:1832} INFO - Sync 1 DAGs
[2021-06-15 03:25:27,370] {logging_mixin.py:104} INFO - [2021-06-15 03:25:27,369] {dag.py:2305} INFO - Setting next_dagrun for example_skip_dag to 2021-06-13 00:00:00+00:00
[2021-06-15 03:25:27,472] {scheduler_job.py:190} INFO - Processing /home/airflow/.local/lib/python3.6/site-packages/airflow/example_dags/example_skip_dag.py took 1.248 seconds
[2021-06-15 03:25:58,857] {scheduler_job.py:182} INFO - Started process (PID=144) to work on /home/airflow/.local/lib/python3.6/site-packages/airflow/example_dags/example_skip_dag.py
[2021-06-15 03:25:58,880] {scheduler_job.py:633} INFO - Processing file /home/airflow/.local/lib/python3.6/site-packages/airflow/example_dags/example_skip_dag.py for tasks to queue
[2021-06-15 03:25:58,904] {logging_mixin.py:104} INFO - [2021-06-15 03:25:58,903] {dagbag.py:487} INFO - Filling up the DagBag from /home/airflow/.local/lib/python3.6/site-packages/airflow/example_dags/example_skip_dag.py
[2021-06-15 03:25:59,017] {scheduler_job.py:643} INFO - DAG(s) dict_keys(['example_skip_dag']) retrieved from /home/airflow/.local/lib/python3.6/site-packages/airflow/example_dags/example_skip_dag.py
[2021-06-15 03:25:59,204] {logging_mixin.py:104} INFO - [2021-06-15 03:25:59,203] {dag.py:1832} INFO - Sync 1 DAGs
[2021-06-15 03:25:59,411] {logging_mixin.py:104} INFO - [2021-06-15 03:25:59,410] {dag.py:2305} INFO - Setting next_dagrun for example_skip_dag to 2021-06-13 00:00:00+00:00
[2021-06-15 03:25:59,499] {scheduler_job.py:190} INFO - Processing /home/airflow/.local/lib/python3.6/site-packages/airflow/example_dags/example_skip_dag.py took 0.669 seconds
[2021-06-15 03:26:29,835] {scheduler_job.py:182} INFO - Started process (PID=212) to work on /home/airflow/.local/lib/python3.6/site-packages/airflow/example_dags/example_skip_dag.py
[2021-06-15 03:26:29,844] {scheduler_job.py:633} INFO - Processing file /home/airflow/.local/lib/python3.6/site-packages/airflow/example_dags/example_skip_dag.py for tasks to queue
[2021-06-15 03:26:29,850] {logging_mixin.py:104} INFO - [2021-06-15 03:26:29,849] {dagbag.py:487} INFO - Filling up the DagBag from /home/airflow/.local/lib/python3.6/site-packages/airflow/example_dags/example_skip_dag.py
[2021-06-15 03:26:29,906] {scheduler_job.py:643} INFO - DAG(s) dict_keys(['example_skip_dag']) retrieved from /home/airflow/.local/lib/python3.6/site-packages/airflow/example_dags/example_skip_dag.py
[2021-06-15 03:26:30,057] {logging_mixin.py:104} INFO - [2021-06-15 03:26:30,057] {dag.py:1832} INFO - Sync 1 DAGs
[2021-06-15 03:26:30,136] {logging_mixin.py:104} INFO - [2021-06-15 03:26:30,135] {dag.py:2305} INFO - Setting next_dagrun for example_skip_dag to 2021-06-13 00:00:00+00:00
[2021-06-15 03:26:30,183] {scheduler_job.py:190} INFO - Processing /home/airflow/.local/lib/python3.6/site-packages/airflow/example_dags/example_skip_dag.py took 0.363 seconds
[2021-06-15 03:27:00,424] {scheduler_job.py:182} INFO - Started process (PID=271) to work on /home/airflow/.local/lib/python3.6/site-packages/airflow/example_dags/example_skip_dag.py
[2021-06-15 03:27:00,434] {scheduler_job.py:633} INFO - Processing file /home/airflow/.local/lib/python3.6/site-packages/airflow/example_dags/example_skip_dag.py for tasks to queue
[2021-06-15 03:27:00,440] {logging_mixin.py:104} INFO - [2021-06-15 03:27:00,440] {dagbag.py:487} INFO - Filling up the DagBag from /home/airflow/.local/lib/python3.6/site-packages/airflow/example_dags/example_skip_dag.py
[2021-06-15 03:27:00,504] {scheduler_job.py:643} INFO - DAG(s) dict_keys(['example_skip_dag']) retrieved from /home/airflow/.local/lib/python3.6/site-packages/airflow/example_dags/example_skip_dag.py
[2021-06-15 03:27:00,630] {logging_mixin.py:104} INFO - [2021-06-15 03:27:00,629] {dag.py:1832} INFO - Sync 1 DAGs
[2021-06-15 03:27:00,713] {logging_mixin.py:104} INFO - [2021-06-15 03:27:00,712] {dag.py:2305} INFO - Setting next_dagrun for example_skip_dag to 2021-06-13 00:00:00+00:00
[2021-06-15 03:27:00,760] {scheduler_job.py:190} INFO - Processing /home/airflow/.local/lib/python3.6/site-packages/airflow/example_dags/example_skip_dag.py took 0.354 seconds
[2021-06-15 03:27:30,990] {scheduler_job.py:182} INFO - Started process (PID=328) to work on /home/airflow/.local/lib/python3.6/site-packages/airflow/example_dags/example_skip_dag.py
[2021-06-15 03:27:30,998] {scheduler_job.py:633} INFO - Processing file /home/airflow/.local/lib/python3.6/site-packages/airflow/example_dags/example_skip_dag.py for tasks to queue
[2021-06-15 03:27:31,004] {logging_mixin.py:104} INFO - [2021-06-15 03:27:31,003] {dagbag.py:487} INFO - Filling up the DagBag from /home/airflow/.local/lib/python3.6/site-packages/airflow/example_dags/example_skip_dag.py
[2021-06-15 03:27:31,065] {scheduler_job.py:643} INFO - DAG(s) dict_keys(['example_skip_dag']) retrieved from /home/airflow/.local/lib/python3.6/site-packages/airflow/example_dags/example_skip_dag.py
[2021-06-15 03:27:31,185] {logging_mixin.py:104} INFO - [2021-06-15 03:27:31,185] {dag.py:1832} INFO - Sync 1 DAGs
[2021-06-15 03:27:31,281] {logging_mixin.py:104} INFO - [2021-06-15 03:27:31,280] {dag.py:2305} INFO - Setting next_dagrun for example_skip_dag to 2021-06-13 00:00:00+00:00
[2021-06-15 03:27:31,330] {scheduler_job.py:190} INFO - Processing /home/airflow/.local/lib/python3.6/site-packages/airflow/example_dags/example_skip_dag.py took 0.360 seconds
[2021-06-15 03:28:02,318] {scheduler_job.py:182} INFO - Started process (PID=396) to work on /home/airflow/.local/lib/python3.6/site-packages/airflow/example_dags/example_skip_dag.py
[2021-06-15 03:28:02,325] {scheduler_job.py:633} INFO - Processing file /home/airflow/.local/lib/python3.6/site-packages/airflow/example_dags/example_skip_dag.py for tasks to queue
[2021-06-15 03:28:02,330] {logging_mixin.py:104} INFO - [2021-06-15 03:28:02,329] {dagbag.py:487} INFO - Filling up the DagBag from /home/airflow/.local/lib/python3.6/site-packages/airflow/example_dags/example_skip_dag.py
[2021-06-15 03:28:02,380] {scheduler_job.py:643} INFO - DAG(s) dict_keys(['example_skip_dag']) retrieved from /home/airflow/.local/lib/python3.6/site-packages/airflow/example_dags/example_skip_dag.py
[2021-06-15 03:28:02,487] {logging_mixin.py:104} INFO - [2021-06-15 03:28:02,487] {dag.py:1832} INFO - Sync 1 DAGs
[2021-06-15 03:28:02,564] {logging_mixin.py:104} INFO - [2021-06-15 03:28:02,563] {dag.py:2305} INFO - Setting next_dagrun for example_skip_dag to 2021-06-13 00:00:00+00:00
[2021-06-15 03:28:02,608] {scheduler_job.py:190} INFO - Processing /home/airflow/.local/lib/python3.6/site-packages/airflow/example_dags/example_skip_dag.py took 0.307 seconds
[2021-06-15 03:28:33,656] {scheduler_job.py:182} INFO - Started process (PID=463) to work on /home/airflow/.local/lib/python3.6/site-packages/airflow/example_dags/example_skip_dag.py
[2021-06-15 03:28:33,667] {scheduler_job.py:633} INFO - Processing file /home/airflow/.local/lib/python3.6/site-packages/airflow/example_dags/example_skip_dag.py for tasks to queue
[2021-06-15 03:28:33,675] {logging_mixin.py:104} INFO - [2021-06-15 03:28:33,674] {dagbag.py:487} INFO - Filling up the DagBag from /home/airflow/.local/lib/python3.6/site-packages/airflow/example_dags/example_skip_dag.py
[2021-06-15 03:28:33,733] {scheduler_job.py:643} INFO - DAG(s) dict_keys(['example_skip_dag']) retrieved from /home/airflow/.local/lib/python3.6/site-packages/airflow/example_dags/example_skip_dag.py
[2021-06-15 03:28:33,849] {logging_mixin.py:104} INFO - [2021-06-15 03:28:33,848] {dag.py:1832} INFO - Sync 1 DAGs
[2021-06-15 03:28:33,922] {logging_mixin.py:104} INFO - [2021-06-15 03:28:33,921] {dag.py:2305} INFO - Setting next_dagrun for example_skip_dag to 2021-06-13 00:00:00+00:00
[2021-06-15 03:28:33,969] {scheduler_job.py:190} INFO - Processing /home/airflow/.local/lib/python3.6/site-packages/airflow/example_dags/example_skip_dag.py took 0.331 seconds
[2021-06-15 03:29:04,776] {scheduler_job.py:182} INFO - Started process (PID=523) to work on /home/airflow/.local/lib/python3.6/site-packages/airflow/example_dags/example_skip_dag.py
[2021-06-15 03:29:04,787] {scheduler_job.py:633} INFO - Processing file /home/airflow/.local/lib/python3.6/site-packages/airflow/example_dags/example_skip_dag.py for tasks to queue
[2021-06-15 03:29:04,794] {logging_mixin.py:104} INFO - [2021-06-15 03:29:04,793] {dagbag.py:487} INFO - Filling up the DagBag from /home/airflow/.local/lib/python3.6/site-packages/airflow/example_dags/example_skip_dag.py
[2021-06-15 03:29:04,868] {scheduler_job.py:643} INFO - DAG(s) dict_keys(['example_skip_dag']) retrieved from /home/airflow/.local/lib/python3.6/site-packages/airflow/example_dags/example_skip_dag.py
[2021-06-15 03:29:05,021] {logging_mixin.py:104} INFO - [2021-06-15 03:29:05,020] {dag.py:1832} INFO - Sync 1 DAGs
[2021-06-15 03:29:05,150] {logging_mixin.py:104} INFO - [2021-06-15 03:29:05,150] {dag.py:2305} INFO - Setting next_dagrun for example_skip_dag to 2021-06-13 00:00:00+00:00
[2021-06-15 03:29:05,211] {scheduler_job.py:190} INFO - Processing /home/airflow/.local/lib/python3.6/site-packages/airflow/example_dags/example_skip_dag.py took 0.457 seconds
[2021-06-15 03:29:35,416] {scheduler_job.py:182} INFO - Started process (PID=579) to work on /home/airflow/.local/lib/python3.6/site-packages/airflow/example_dags/example_skip_dag.py
[2021-06-15 03:29:35,424] {scheduler_job.py:633} INFO - Processing file /home/airflow/.local/lib/python3.6/site-packages/airflow/example_dags/example_skip_dag.py for tasks to queue
[2021-06-15 03:29:35,429] {logging_mixin.py:104} INFO - [2021-06-15 03:29:35,428] {dagbag.py:487} INFO - Filling up the DagBag from /home/airflow/.local/lib/python3.6/site-packages/airflow/example_dags/example_skip_dag.py
[2021-06-15 03:29:35,489] {scheduler_job.py:643} INFO - DAG(s) dict_keys(['example_skip_dag']) retrieved from /home/airflow/.local/lib/python3.6/site-packages/airflow/example_dags/example_skip_dag.py
[2021-06-15 03:29:35,588] {logging_mixin.py:104} INFO - [2021-06-15 03:29:35,588] {dag.py:1832} INFO - Sync 1 DAGs
[2021-06-15 03:29:35,657] {logging_mixin.py:104} INFO - [2021-06-15 03:29:35,656] {dag.py:2305} INFO - Setting next_dagrun for example_skip_dag to 2021-06-13 00:00:00+00:00
[2021-06-15 03:29:35,700] {scheduler_job.py:190} INFO - Processing /home/airflow/.local/lib/python3.6/site-packages/airflow/example_dags/example_skip_dag.py took 0.298 seconds
[2021-06-15 03:30:06,184] {scheduler_job.py:182} INFO - Started process (PID=645) to work on /home/airflow/.local/lib/python3.6/site-packages/airflow/example_dags/example_skip_dag.py
[2021-06-15 03:30:06,192] {scheduler_job.py:633} INFO - Processing file /home/airflow/.local/lib/python3.6/site-packages/airflow/example_dags/example_skip_dag.py for tasks to queue
[2021-06-15 03:30:06,197] {logging_mixin.py:104} INFO - [2021-06-15 03:30:06,196] {dagbag.py:487} INFO - Filling up the DagBag from /home/airflow/.local/lib/python3.6/site-packages/airflow/example_dags/example_skip_dag.py
[2021-06-15 03:30:06,243] {scheduler_job.py:643} INFO - DAG(s) dict_keys(['example_skip_dag']) retrieved from /home/airflow/.local/lib/python3.6/site-packages/airflow/example_dags/example_skip_dag.py
[2021-06-15 03:30:06,337] {logging_mixin.py:104} INFO - [2021-06-15 03:30:06,337] {dag.py:1832} INFO - Sync 1 DAGs
[2021-06-15 03:30:06,409] {logging_mixin.py:104} INFO - [2021-06-15 03:30:06,408] {dag.py:2305} INFO - Setting next_dagrun for example_skip_dag to 2021-06-13 00:00:00+00:00
[2021-06-15 03:30:06,449] {scheduler_job.py:190} INFO - Processing /home/airflow/.local/lib/python3.6/site-packages/airflow/example_dags/example_skip_dag.py took 0.280 seconds
[2021-06-15 03:30:36,879] {scheduler_job.py:182} INFO - Started process (PID=713) to work on /home/airflow/.local/lib/python3.6/site-packages/airflow/example_dags/example_skip_dag.py
[2021-06-15 03:30:36,885] {scheduler_job.py:633} INFO - Processing file /home/airflow/.local/lib/python3.6/site-packages/airflow/example_dags/example_skip_dag.py for tasks to queue
[2021-06-15 03:30:36,892] {logging_mixin.py:104} INFO - [2021-06-15 03:30:36,889] {dagbag.py:487} INFO - Filling up the DagBag from /home/airflow/.local/lib/python3.6/site-packages/airflow/example_dags/example_skip_dag.py
[2021-06-15 03:30:36,939] {scheduler_job.py:643} INFO - DAG(s) dict_keys(['example_skip_dag']) retrieved from /home/airflow/.local/lib/python3.6/site-packages/airflow/example_dags/example_skip_dag.py
[2021-06-15 03:30:37,046] {logging_mixin.py:104} INFO - [2021-06-15 03:30:37,045] {dag.py:1832} INFO - Sync 1 DAGs
[2021-06-15 03:30:37,108] {logging_mixin.py:104} INFO - [2021-06-15 03:30:37,107] {dag.py:2305} INFO - Setting next_dagrun for example_skip_dag to 2021-06-13 00:00:00+00:00
[2021-06-15 03:30:37,146] {scheduler_job.py:190} INFO - Processing /home/airflow/.local/lib/python3.6/site-packages/airflow/example_dags/example_skip_dag.py took 0.282 seconds
[2021-06-15 03:31:07,374] {scheduler_job.py:182} INFO - Started process (PID=780) to work on /home/airflow/.local/lib/python3.6/site-packages/airflow/example_dags/example_skip_dag.py
[2021-06-15 03:31:07,382] {scheduler_job.py:633} INFO - Processing file /home/airflow/.local/lib/python3.6/site-packages/airflow/example_dags/example_skip_dag.py for tasks to queue
[2021-06-15 03:31:07,387] {logging_mixin.py:104} INFO - [2021-06-15 03:31:07,387] {dagbag.py:487} INFO - Filling up the DagBag from /home/airflow/.local/lib/python3.6/site-packages/airflow/example_dags/example_skip_dag.py
[2021-06-15 03:31:07,439] {scheduler_job.py:643} INFO - DAG(s) dict_keys(['example_skip_dag']) retrieved from /home/airflow/.local/lib/python3.6/site-packages/airflow/example_dags/example_skip_dag.py
[2021-06-15 03:31:07,544] {logging_mixin.py:104} INFO - [2021-06-15 03:31:07,544] {dag.py:1832} INFO - Sync 1 DAGs
[2021-06-15 03:31:07,611] {logging_mixin.py:104} INFO - [2021-06-15 03:31:07,611] {dag.py:2305} INFO - Setting next_dagrun for example_skip_dag to 2021-06-13 00:00:00+00:00
[2021-06-15 03:31:07,650] {scheduler_job.py:190} INFO - Processing /home/airflow/.local/lib/python3.6/site-packages/airflow/example_dags/example_skip_dag.py took 0.290 seconds
[2021-06-15 03:31:37,775] {scheduler_job.py:182} INFO - Started process (PID=831) to work on /home/airflow/.local/lib/python3.6/site-packages/airflow/example_dags/example_skip_dag.py
[2021-06-15 03:31:37,784] {scheduler_job.py:633} INFO - Processing file /home/airflow/.local/lib/python3.6/site-packages/airflow/example_dags/example_skip_dag.py for tasks to queue
[2021-06-15 03:31:37,791] {logging_mixin.py:104} INFO - [2021-06-15 03:31:37,790] {dagbag.py:487} INFO - Filling up the DagBag from /home/airflow/.local/lib/python3.6/site-packages/airflow/example_dags/example_skip_dag.py
[2021-06-15 03:31:37,849] {scheduler_job.py:643} INFO - DAG(s) dict_keys(['example_skip_dag']) retrieved from /home/airflow/.local/lib/python3.6/site-packages/airflow/example_dags/example_skip_dag.py
[2021-06-15 03:31:37,960] {logging_mixin.py:104} INFO - [2021-06-15 03:31:37,960] {dag.py:1832} INFO - Sync 1 DAGs
[2021-06-15 03:31:38,032] {logging_mixin.py:104} INFO - [2021-06-15 03:31:38,031] {dag.py:2305} INFO - Setting next_dagrun for example_skip_dag to 2021-06-13 00:00:00+00:00
[2021-06-15 03:31:38,090] {scheduler_job.py:190} INFO - Processing /home/airflow/.local/lib/python3.6/site-packages/airflow/example_dags/example_skip_dag.py took 0.335 seconds
[2021-06-15 03:32:08,333] {scheduler_job.py:182} INFO - Started process (PID=898) to work on /home/airflow/.local/lib/python3.6/site-packages/airflow/example_dags/example_skip_dag.py
[2021-06-15 03:32:08,345] {scheduler_job.py:633} INFO - Processing file /home/airflow/.local/lib/python3.6/site-packages/airflow/example_dags/example_skip_dag.py for tasks to queue
[2021-06-15 03:32:08,354] {logging_mixin.py:104} INFO - [2021-06-15 03:32:08,353] {dagbag.py:487} INFO - Filling up the DagBag from /home/airflow/.local/lib/python3.6/site-packages/airflow/example_dags/example_skip_dag.py
[2021-06-15 03:32:08,432] {scheduler_job.py:643} INFO - DAG(s) dict_keys(['example_skip_dag']) retrieved from /home/airflow/.local/lib/python3.6/site-packages/airflow/example_dags/example_skip_dag.py
[2021-06-15 03:32:08,573] {logging_mixin.py:104} INFO - [2021-06-15 03:32:08,572] {dag.py:1832} INFO - Sync 1 DAGs
[2021-06-15 03:32:08,663] {logging_mixin.py:104} INFO - [2021-06-15 03:32:08,662] {dag.py:2305} INFO - Setting next_dagrun for example_skip_dag to 2021-06-13 00:00:00+00:00
[2021-06-15 03:32:08,711] {scheduler_job.py:190} INFO - Processing /home/airflow/.local/lib/python3.6/site-packages/airflow/example_dags/example_skip_dag.py took 0.401 seconds
[2021-06-15 03:32:39,177] {scheduler_job.py:182} INFO - Started process (PID=966) to work on /home/airflow/.local/lib/python3.6/site-packages/airflow/example_dags/example_skip_dag.py
[2021-06-15 03:32:39,186] {scheduler_job.py:633} INFO - Processing file /home/airflow/.local/lib/python3.6/site-packages/airflow/example_dags/example_skip_dag.py for tasks to queue
[2021-06-15 03:32:39,158] {logging_mixin.py:104} INFO - [2021-06-15 03:32:39,157] {dagbag.py:487} INFO - Filling up the DagBag from /home/airflow/.local/lib/python3.6/site-packages/airflow/example_dags/example_skip_dag.py
[2021-06-15 03:32:39,218] {scheduler_job.py:643} INFO - DAG(s) dict_keys(['example_skip_dag']) retrieved from /home/airflow/.local/lib/python3.6/site-packages/airflow/example_dags/example_skip_dag.py
[2021-06-15 03:32:39,362] {logging_mixin.py:104} INFO - [2021-06-15 03:32:39,361] {dag.py:1832} INFO - Sync 1 DAGs
[2021-06-15 03:32:39,457] {logging_mixin.py:104} INFO - [2021-06-15 03:32:39,457] {dag.py:2305} INFO - Setting next_dagrun for example_skip_dag to 2021-06-13 00:00:00+00:00
[2021-06-15 03:32:39,509] {scheduler_job.py:190} INFO - Processing /home/airflow/.local/lib/python3.6/site-packages/airflow/example_dags/example_skip_dag.py took 0.385 seconds
[2021-06-15 03:33:10,073] {scheduler_job.py:182} INFO - Started process (PID=1027) to work on /home/airflow/.local/lib/python3.6/site-packages/airflow/example_dags/example_skip_dag.py
[2021-06-15 03:33:10,080] {scheduler_job.py:633} INFO - Processing file /home/airflow/.local/lib/python3.6/site-packages/airflow/example_dags/example_skip_dag.py for tasks to queue
[2021-06-15 03:33:10,085] {logging_mixin.py:104} INFO - [2021-06-15 03:33:10,084] {dagbag.py:487} INFO - Filling up the DagBag from /home/airflow/.local/lib/python3.6/site-packages/airflow/example_dags/example_skip_dag.py
[2021-06-15 03:33:10,148] {scheduler_job.py:643} INFO - DAG(s) dict_keys(['example_skip_dag']) retrieved from /home/airflow/.local/lib/python3.6/site-packages/airflow/example_dags/example_skip_dag.py
[2021-06-15 03:33:10,288] {logging_mixin.py:104} INFO - [2021-06-15 03:33:10,287] {dag.py:1832} INFO - Sync 1 DAGs
[2021-06-15 03:33:10,410] {logging_mixin.py:104} INFO - [2021-06-15 03:33:10,410] {dag.py:2305} INFO - Setting next_dagrun for example_skip_dag to 2021-06-13 00:00:00+00:00
[2021-06-15 03:33:10,475] {scheduler_job.py:190} INFO - Processing /home/airflow/.local/lib/python3.6/site-packages/airflow/example_dags/example_skip_dag.py took 0.416 seconds
[2021-06-15 03:33:40,842] {scheduler_job.py:182} INFO - Started process (PID=1084) to work on /home/airflow/.local/lib/python3.6/site-packages/airflow/example_dags/example_skip_dag.py
[2021-06-15 03:33:40,854] {scheduler_job.py:633} INFO - Processing file /home/airflow/.local/lib/python3.6/site-packages/airflow/example_dags/example_skip_dag.py for tasks to queue
[2021-06-15 03:33:40,862] {logging_mixin.py:104} INFO - [2021-06-15 03:33:40,861] {dagbag.py:487} INFO - Filling up the DagBag from /home/airflow/.local/lib/python3.6/site-packages/airflow/example_dags/example_skip_dag.py
[2021-06-15 03:33:40,932] {scheduler_job.py:643} INFO - DAG(s) dict_keys(['example_skip_dag']) retrieved from /home/airflow/.local/lib/python3.6/site-packages/airflow/example_dags/example_skip_dag.py
[2021-06-15 03:33:41,137] {logging_mixin.py:104} INFO - [2021-06-15 03:33:41,136] {dag.py:1832} INFO - Sync 1 DAGs
[2021-06-15 03:33:41,233] {logging_mixin.py:104} INFO - [2021-06-15 03:33:41,233] {dag.py:2305} INFO - Setting next_dagrun for example_skip_dag to 2021-06-13 00:00:00+00:00
[2021-06-15 03:33:41,287] {scheduler_job.py:190} INFO - Processing /home/airflow/.local/lib/python3.6/site-packages/airflow/example_dags/example_skip_dag.py took 0.471 seconds
[2021-06-15 03:34:11,713] {scheduler_job.py:182} INFO - Started process (PID=1152) to work on /home/airflow/.local/lib/python3.6/site-packages/airflow/example_dags/example_skip_dag.py
[2021-06-15 03:34:11,725] {scheduler_job.py:633} INFO - Processing file /home/airflow/.local/lib/python3.6/site-packages/airflow/example_dags/example_skip_dag.py for tasks to queue
[2021-06-15 03:34:11,736] {logging_mixin.py:104} INFO - [2021-06-15 03:34:11,735] {dagbag.py:487} INFO - Filling up the DagBag from /home/airflow/.local/lib/python3.6/site-packages/airflow/example_dags/example_skip_dag.py
[2021-06-15 03:34:11,839] {scheduler_job.py:643} INFO - DAG(s) dict_keys(['example_skip_dag']) retrieved from /home/airflow/.local/lib/python3.6/site-packages/airflow/example_dags/example_skip_dag.py
[2021-06-15 03:34:12,003] {logging_mixin.py:104} INFO - [2021-06-15 03:34:12,003] {dag.py:1832} INFO - Sync 1 DAGs
[2021-06-15 03:34:12,125] {logging_mixin.py:104} INFO - [2021-06-15 03:34:12,124] {dag.py:2305} INFO - Setting next_dagrun for example_skip_dag to 2021-06-13 00:00:00+00:00
[2021-06-15 03:34:12,186] {scheduler_job.py:190} INFO - Processing /home/airflow/.local/lib/python3.6/site-packages/airflow/example_dags/example_skip_dag.py took 0.495 seconds
[2021-06-15 03:34:42,465] {scheduler_job.py:182} INFO - Started process (PID=1219) to work on /home/airflow/.local/lib/python3.6/site-packages/airflow/example_dags/example_skip_dag.py
[2021-06-15 03:34:42,472] {scheduler_job.py:633} INFO - Processing file /home/airflow/.local/lib/python3.6/site-packages/airflow/example_dags/example_skip_dag.py for tasks to queue
[2021-06-15 03:34:42,478] {logging_mixin.py:104} INFO - [2021-06-15 03:34:42,477] {dagbag.py:487} INFO - Filling up the DagBag from /home/airflow/.local/lib/python3.6/site-packages/airflow/example_dags/example_skip_dag.py
[2021-06-15 03:34:42,531] {scheduler_job.py:643} INFO - DAG(s) dict_keys(['example_skip_dag']) retrieved from /home/airflow/.local/lib/python3.6/site-packages/airflow/example_dags/example_skip_dag.py
[2021-06-15 03:34:42,652] {logging_mixin.py:104} INFO - [2021-06-15 03:34:42,652] {dag.py:1832} INFO - Sync 1 DAGs
[2021-06-15 03:34:42,820] {logging_mixin.py:104} INFO - [2021-06-15 03:34:42,819] {dag.py:2305} INFO - Setting next_dagrun for example_skip_dag to 2021-06-13 00:00:00+00:00
[2021-06-15 03:34:42,925] {scheduler_job.py:190} INFO - Processing /home/airflow/.local/lib/python3.6/site-packages/airflow/example_dags/example_skip_dag.py took 0.474 seconds
[2021-06-15 03:35:13,491] {scheduler_job.py:182} INFO - Started process (PID=1286) to work on /home/airflow/.local/lib/python3.6/site-packages/airflow/example_dags/example_skip_dag.py
[2021-06-15 03:35:13,499] {scheduler_job.py:633} INFO - Processing file /home/airflow/.local/lib/python3.6/site-packages/airflow/example_dags/example_skip_dag.py for tasks to queue
[2021-06-15 03:35:13,506] {logging_mixin.py:104} INFO - [2021-06-15 03:35:13,505] {dagbag.py:487} INFO - Filling up the DagBag from /home/airflow/.local/lib/python3.6/site-packages/airflow/example_dags/example_skip_dag.py
[2021-06-15 03:35:13,566] {scheduler_job.py:643} INFO - DAG(s) dict_keys(['example_skip_dag']) retrieved from /home/airflow/.local/lib/python3.6/site-packages/airflow/example_dags/example_skip_dag.py
[2021-06-15 03:35:13,686] {logging_mixin.py:104} INFO - [2021-06-15 03:35:13,685] {dag.py:1832} INFO - Sync 1 DAGs
[2021-06-15 03:35:13,771] {logging_mixin.py:104} INFO - [2021-06-15 03:35:13,770] {dag.py:2305} INFO - Setting next_dagrun for example_skip_dag to 2021-06-13 00:00:00+00:00
[2021-06-15 03:35:13,813] {scheduler_job.py:190} INFO - Processing /home/airflow/.local/lib/python3.6/site-packages/airflow/example_dags/example_skip_dag.py took 0.337 seconds
[2021-06-15 03:35:43,997] {scheduler_job.py:182} INFO - Started process (PID=1346) to work on /home/airflow/.local/lib/python3.6/site-packages/airflow/example_dags/example_skip_dag.py
[2021-06-15 03:35:44,009] {scheduler_job.py:633} INFO - Processing file /home/airflow/.local/lib/python3.6/site-packages/airflow/example_dags/example_skip_dag.py for tasks to queue
[2021-06-15 03:35:44,026] {logging_mixin.py:104} INFO - [2021-06-15 03:35:44,025] {dagbag.py:487} INFO - Filling up the DagBag from /home/airflow/.local/lib/python3.6/site-packages/airflow/example_dags/example_skip_dag.py
[2021-06-15 03:35:44,110] {scheduler_job.py:643} INFO - DAG(s) dict_keys(['example_skip_dag']) retrieved from /home/airflow/.local/lib/python3.6/site-packages/airflow/example_dags/example_skip_dag.py
[2021-06-15 03:35:44,244] {logging_mixin.py:104} INFO - [2021-06-15 03:35:44,244] {dag.py:1832} INFO - Sync 1 DAGs
[2021-06-15 03:35:44,367] {logging_mixin.py:104} INFO - [2021-06-15 03:35:44,367] {dag.py:2305} INFO - Setting next_dagrun for example_skip_dag to 2021-06-13 00:00:00+00:00
[2021-06-15 03:35:44,470] {scheduler_job.py:190} INFO - Processing /home/airflow/.local/lib/python3.6/site-packages/airflow/example_dags/example_skip_dag.py took 0.492 seconds
[2021-06-15 03:36:15,549] {scheduler_job.py:182} INFO - Started process (PID=1403) to work on /home/airflow/.local/lib/python3.6/site-packages/airflow/example_dags/example_skip_dag.py
[2021-06-15 03:36:15,563] {scheduler_job.py:633} INFO - Processing file /home/airflow/.local/lib/python3.6/site-packages/airflow/example_dags/example_skip_dag.py for tasks to queue
[2021-06-15 03:36:15,571] {logging_mixin.py:104} INFO - [2021-06-15 03:36:15,571] {dagbag.py:487} INFO - Filling up the DagBag from /home/airflow/.local/lib/python3.6/site-packages/airflow/example_dags/example_skip_dag.py
[2021-06-15 03:36:15,663] {scheduler_job.py:643} INFO - DAG(s) dict_keys(['example_skip_dag']) retrieved from /home/airflow/.local/lib/python3.6/site-packages/airflow/example_dags/example_skip_dag.py
[2021-06-15 03:36:15,839] {logging_mixin.py:104} INFO - [2021-06-15 03:36:15,838] {dag.py:1832} INFO - Sync 1 DAGs
[2021-06-15 03:36:15,983] {logging_mixin.py:104} INFO - [2021-06-15 03:36:15,982] {dag.py:2305} INFO - Setting next_dagrun for example_skip_dag to 2021-06-13 00:00:00+00:00
[2021-06-15 03:36:16,059] {scheduler_job.py:190} INFO - Processing /home/airflow/.local/lib/python3.6/site-packages/airflow/example_dags/example_skip_dag.py took 0.537 seconds
[2021-06-15 03:36:46,613] {scheduler_job.py:182} INFO - Started process (PID=1471) to work on /home/airflow/.local/lib/python3.6/site-packages/airflow/example_dags/example_skip_dag.py
[2021-06-15 03:36:46,620] {scheduler_job.py:633} INFO - Processing file /home/airflow/.local/lib/python3.6/site-packages/airflow/example_dags/example_skip_dag.py for tasks to queue
[2021-06-15 03:36:46,625] {logging_mixin.py:104} INFO - [2021-06-15 03:36:46,624] {dagbag.py:487} INFO - Filling up the DagBag from /home/airflow/.local/lib/python3.6/site-packages/airflow/example_dags/example_skip_dag.py
[2021-06-15 03:36:46,675] {scheduler_job.py:643} INFO - DAG(s) dict_keys(['example_skip_dag']) retrieved from /home/airflow/.local/lib/python3.6/site-packages/airflow/example_dags/example_skip_dag.py
[2021-06-15 03:36:46,784] {logging_mixin.py:104} INFO - [2021-06-15 03:36:46,783] {dag.py:1832} INFO - Sync 1 DAGs
[2021-06-15 03:36:46,856] {logging_mixin.py:104} INFO - [2021-06-15 03:36:46,855] {dag.py:2305} INFO - Setting next_dagrun for example_skip_dag to 2021-06-13 00:00:00+00:00
[2021-06-15 03:36:46,896] {scheduler_job.py:190} INFO - Processing /home/airflow/.local/lib/python3.6/site-packages/airflow/example_dags/example_skip_dag.py took 0.299 seconds
[2021-06-15 03:37:17,043] {scheduler_job.py:182} INFO - Started process (PID=1539) to work on /home/airflow/.local/lib/python3.6/site-packages/airflow/example_dags/example_skip_dag.py
[2021-06-15 03:37:17,052] {scheduler_job.py:633} INFO - Processing file /home/airflow/.local/lib/python3.6/site-packages/airflow/example_dags/example_skip_dag.py for tasks to queue
[2021-06-15 03:37:17,057] {logging_mixin.py:104} INFO - [2021-06-15 03:37:17,057] {dagbag.py:487} INFO - Filling up the DagBag from /home/airflow/.local/lib/python3.6/site-packages/airflow/example_dags/example_skip_dag.py
[2021-06-15 03:37:17,112] {scheduler_job.py:643} INFO - DAG(s) dict_keys(['example_skip_dag']) retrieved from /home/airflow/.local/lib/python3.6/site-packages/airflow/example_dags/example_skip_dag.py
[2021-06-15 03:37:17,217] {logging_mixin.py:104} INFO - [2021-06-15 03:37:17,216] {dag.py:1832} INFO - Sync 1 DAGs
[2021-06-15 03:37:17,293] {logging_mixin.py:104} INFO - [2021-06-15 03:37:17,292] {dag.py:2305} INFO - Setting next_dagrun for example_skip_dag to 2021-06-13 00:00:00+00:00
[2021-06-15 03:37:17,346] {scheduler_job.py:190} INFO - Processing /home/airflow/.local/lib/python3.6/site-packages/airflow/example_dags/example_skip_dag.py took 0.316 seconds
[2021-06-15 03:37:47,763] {scheduler_job.py:182} INFO - Started process (PID=1599) to work on /home/airflow/.local/lib/python3.6/site-packages/airflow/example_dags/example_skip_dag.py
[2021-06-15 03:37:47,770] {scheduler_job.py:633} INFO - Processing file /home/airflow/.local/lib/python3.6/site-packages/airflow/example_dags/example_skip_dag.py for tasks to queue
[2021-06-15 03:37:47,775] {logging_mixin.py:104} INFO - [2021-06-15 03:37:47,775] {dagbag.py:487} INFO - Filling up the DagBag from /home/airflow/.local/lib/python3.6/site-packages/airflow/example_dags/example_skip_dag.py
[2021-06-15 03:37:47,824] {scheduler_job.py:643} INFO - DAG(s) dict_keys(['example_skip_dag']) retrieved from /home/airflow/.local/lib/python3.6/site-packages/airflow/example_dags/example_skip_dag.py
[2021-06-15 03:37:47,922] {logging_mixin.py:104} INFO - [2021-06-15 03:37:47,921] {dag.py:1832} INFO - Sync 1 DAGs
[2021-06-15 03:37:47,988] {logging_mixin.py:104} INFO - [2021-06-15 03:37:47,987] {dag.py:2305} INFO - Setting next_dagrun for example_skip_dag to 2021-06-13 00:00:00+00:00
[2021-06-15 03:37:48,030] {scheduler_job.py:190} INFO - Processing /home/airflow/.local/lib/python3.6/site-packages/airflow/example_dags/example_skip_dag.py took 0.281 seconds
[2021-06-15 03:38:18,234] {scheduler_job.py:182} INFO - Started process (PID=1655) to work on /home/airflow/.local/lib/python3.6/site-packages/airflow/example_dags/example_skip_dag.py
[2021-06-15 03:38:18,242] {scheduler_job.py:633} INFO - Processing file /home/airflow/.local/lib/python3.6/site-packages/airflow/example_dags/example_skip_dag.py for tasks to queue
[2021-06-15 03:38:18,250] {logging_mixin.py:104} INFO - [2021-06-15 03:38:18,249] {dagbag.py:487} INFO - Filling up the DagBag from /home/airflow/.local/lib/python3.6/site-packages/airflow/example_dags/example_skip_dag.py
[2021-06-15 03:38:18,343] {scheduler_job.py:643} INFO - DAG(s) dict_keys(['example_skip_dag']) retrieved from /home/airflow/.local/lib/python3.6/site-packages/airflow/example_dags/example_skip_dag.py
[2021-06-15 03:38:18,484] {logging_mixin.py:104} INFO - [2021-06-15 03:38:18,484] {dag.py:1832} INFO - Sync 1 DAGs
[2021-06-15 03:38:18,583] {logging_mixin.py:104} INFO - [2021-06-15 03:38:18,582] {dag.py:2305} INFO - Setting next_dagrun for example_skip_dag to 2021-06-13 00:00:00+00:00
[2021-06-15 03:38:18,639] {scheduler_job.py:190} INFO - Processing /home/airflow/.local/lib/python3.6/site-packages/airflow/example_dags/example_skip_dag.py took 0.423 seconds
[2021-06-15 03:38:49,128] {scheduler_job.py:182} INFO - Started process (PID=1722) to work on /home/airflow/.local/lib/python3.6/site-packages/airflow/example_dags/example_skip_dag.py
[2021-06-15 03:38:49,141] {scheduler_job.py:633} INFO - Processing file /home/airflow/.local/lib/python3.6/site-packages/airflow/example_dags/example_skip_dag.py for tasks to queue
[2021-06-15 03:38:49,156] {logging_mixin.py:104} INFO - [2021-06-15 03:38:49,155] {dagbag.py:487} INFO - Filling up the DagBag from /home/airflow/.local/lib/python3.6/site-packages/airflow/example_dags/example_skip_dag.py
[2021-06-15 03:38:49,277] {scheduler_job.py:643} INFO - DAG(s) dict_keys(['example_skip_dag']) retrieved from /home/airflow/.local/lib/python3.6/site-packages/airflow/example_dags/example_skip_dag.py
[2021-06-15 03:38:49,474] {logging_mixin.py:104} INFO - [2021-06-15 03:38:49,473] {dag.py:1832} INFO - Sync 1 DAGs
[2021-06-15 03:38:49,601] {logging_mixin.py:104} INFO - [2021-06-15 03:38:49,600] {dag.py:2305} INFO - Setting next_dagrun for example_skip_dag to 2021-06-13 00:00:00+00:00
[2021-06-15 03:38:49,677] {scheduler_job.py:190} INFO - Processing /home/airflow/.local/lib/python3.6/site-packages/airflow/example_dags/example_skip_dag.py took 0.586 seconds
[2021-06-15 03:39:19,922] {scheduler_job.py:182} INFO - Started process (PID=1789) to work on /home/airflow/.local/lib/python3.6/site-packages/airflow/example_dags/example_skip_dag.py
[2021-06-15 03:39:19,929] {scheduler_job.py:633} INFO - Processing file /home/airflow/.local/lib/python3.6/site-packages/airflow/example_dags/example_skip_dag.py for tasks to queue
[2021-06-15 03:39:19,933] {logging_mixin.py:104} INFO - [2021-06-15 03:39:19,933] {dagbag.py:487} INFO - Filling up the DagBag from /home/airflow/.local/lib/python3.6/site-packages/airflow/example_dags/example_skip_dag.py
[2021-06-15 03:39:19,985] {scheduler_job.py:643} INFO - DAG(s) dict_keys(['example_skip_dag']) retrieved from /home/airflow/.local/lib/python3.6/site-packages/airflow/example_dags/example_skip_dag.py
[2021-06-15 03:39:20,100] {logging_mixin.py:104} INFO - [2021-06-15 03:39:20,100] {dag.py:1832} INFO - Sync 1 DAGs
[2021-06-15 03:39:20,164] {logging_mixin.py:104} INFO - [2021-06-15 03:39:20,164] {dag.py:2305} INFO - Setting next_dagrun for example_skip_dag to 2021-06-13 00:00:00+00:00
[2021-06-15 03:39:20,206] {scheduler_job.py:190} INFO - Processing /home/airflow/.local/lib/python3.6/site-packages/airflow/example_dags/example_skip_dag.py took 0.297 seconds
[2021-06-15 03:39:50,635] {scheduler_job.py:182} INFO - Started process (PID=1850) to work on /home/airflow/.local/lib/python3.6/site-packages/airflow/example_dags/example_skip_dag.py
[2021-06-15 03:39:50,643] {scheduler_job.py:633} INFO - Processing file /home/airflow/.local/lib/python3.6/site-packages/airflow/example_dags/example_skip_dag.py for tasks to queue
[2021-06-15 03:39:50,650] {logging_mixin.py:104} INFO - [2021-06-15 03:39:50,649] {dagbag.py:487} INFO - Filling up the DagBag from /home/airflow/.local/lib/python3.6/site-packages/airflow/example_dags/example_skip_dag.py
[2021-06-15 03:39:50,710] {scheduler_job.py:643} INFO - DAG(s) dict_keys(['example_skip_dag']) retrieved from /home/airflow/.local/lib/python3.6/site-packages/airflow/example_dags/example_skip_dag.py
[2021-06-15 03:39:50,847] {logging_mixin.py:104} INFO - [2021-06-15 03:39:50,846] {dag.py:1832} INFO - Sync 1 DAGs
[2021-06-15 03:39:50,939] {logging_mixin.py:104} INFO - [2021-06-15 03:39:50,938] {dag.py:2305} INFO - Setting next_dagrun for example_skip_dag to 2021-06-13 00:00:00+00:00
[2021-06-15 03:39:50,996] {scheduler_job.py:190} INFO - Processing /home/airflow/.local/lib/python3.6/site-packages/airflow/example_dags/example_skip_dag.py took 0.381 seconds
[2021-06-15 03:40:21,123] {scheduler_job.py:182} INFO - Started process (PID=1906) to work on /home/airflow/.local/lib/python3.6/site-packages/airflow/example_dags/example_skip_dag.py
[2021-06-15 03:40:21,131] {scheduler_job.py:633} INFO - Processing file /home/airflow/.local/lib/python3.6/site-packages/airflow/example_dags/example_skip_dag.py for tasks to queue
[2021-06-15 03:40:21,138] {logging_mixin.py:104} INFO - [2021-06-15 03:40:21,137] {dagbag.py:487} INFO - Filling up the DagBag from /home/airflow/.local/lib/python3.6/site-packages/airflow/example_dags/example_skip_dag.py
[2021-06-15 03:40:21,203] {scheduler_job.py:643} INFO - DAG(s) dict_keys(['example_skip_dag']) retrieved from /home/airflow/.local/lib/python3.6/site-packages/airflow/example_dags/example_skip_dag.py
[2021-06-15 03:40:21,327] {logging_mixin.py:104} INFO - [2021-06-15 03:40:21,326] {dag.py:1832} INFO - Sync 1 DAGs
[2021-06-15 03:40:21,417] {logging_mixin.py:104} INFO - [2021-06-15 03:40:21,417] {dag.py:2305} INFO - Setting next_dagrun for example_skip_dag to 2021-06-13 00:00:00+00:00
[2021-06-15 03:40:21,465] {scheduler_job.py:190} INFO - Processing /home/airflow/.local/lib/python3.6/site-packages/airflow/example_dags/example_skip_dag.py took 0.360 seconds
[2021-06-15 03:40:51,808] {scheduler_job.py:182} INFO - Started process (PID=1974) to work on /home/airflow/.local/lib/python3.6/site-packages/airflow/example_dags/example_skip_dag.py
[2021-06-15 03:40:51,818] {scheduler_job.py:633} INFO - Processing file /home/airflow/.local/lib/python3.6/site-packages/airflow/example_dags/example_skip_dag.py for tasks to queue
[2021-06-15 03:40:51,827] {logging_mixin.py:104} INFO - [2021-06-15 03:40:51,826] {dagbag.py:487} INFO - Filling up the DagBag from /home/airflow/.local/lib/python3.6/site-packages/airflow/example_dags/example_skip_dag.py
[2021-06-15 03:40:51,898] {scheduler_job.py:643} INFO - DAG(s) dict_keys(['example_skip_dag']) retrieved from /home/airflow/.local/lib/python3.6/site-packages/airflow/example_dags/example_skip_dag.py
[2021-06-15 03:40:52,042] {logging_mixin.py:104} INFO - [2021-06-15 03:40:52,042] {dag.py:1832} INFO - Sync 1 DAGs
[2021-06-15 03:40:52,131] {logging_mixin.py:104} INFO - [2021-06-15 03:40:52,131] {dag.py:2305} INFO - Setting next_dagrun for example_skip_dag to 2021-06-13 00:00:00+00:00
[2021-06-15 03:40:52,187] {scheduler_job.py:190} INFO - Processing /home/airflow/.local/lib/python3.6/site-packages/airflow/example_dags/example_skip_dag.py took 0.401 seconds
[2021-06-15 03:41:22,849] {scheduler_job.py:182} INFO - Started process (PID=2035) to work on /home/airflow/.local/lib/python3.6/site-packages/airflow/example_dags/example_skip_dag.py
[2021-06-15 03:41:22,856] {scheduler_job.py:633} INFO - Processing file /home/airflow/.local/lib/python3.6/site-packages/airflow/example_dags/example_skip_dag.py for tasks to queue
[2021-06-15 03:41:22,863] {logging_mixin.py:104} INFO - [2021-06-15 03:41:22,862] {dagbag.py:487} INFO - Filling up the DagBag from /home/airflow/.local/lib/python3.6/site-packages/airflow/example_dags/example_skip_dag.py
[2021-06-15 03:41:22,940] {scheduler_job.py:643} INFO - DAG(s) dict_keys(['example_skip_dag']) retrieved from /home/airflow/.local/lib/python3.6/site-packages/airflow/example_dags/example_skip_dag.py
[2021-06-15 03:41:23,069] {logging_mixin.py:104} INFO - [2021-06-15 03:41:23,068] {dag.py:1832} INFO - Sync 1 DAGs
[2021-06-15 03:41:23,172] {logging_mixin.py:104} INFO - [2021-06-15 03:41:23,170] {dag.py:2305} INFO - Setting next_dagrun for example_skip_dag to 2021-06-13 00:00:00+00:00
[2021-06-15 03:41:23,246] {scheduler_job.py:190} INFO - Processing /home/airflow/.local/lib/python3.6/site-packages/airflow/example_dags/example_skip_dag.py took 0.415 seconds
[2021-06-15 03:41:53,910] {scheduler_job.py:182} INFO - Started process (PID=2092) to work on /home/airflow/.local/lib/python3.6/site-packages/airflow/example_dags/example_skip_dag.py
[2021-06-15 03:41:53,918] {scheduler_job.py:633} INFO - Processing file /home/airflow/.local/lib/python3.6/site-packages/airflow/example_dags/example_skip_dag.py for tasks to queue
[2021-06-15 03:41:53,924] {logging_mixin.py:104} INFO - [2021-06-15 03:41:53,924] {dagbag.py:487} INFO - Filling up the DagBag from /home/airflow/.local/lib/python3.6/site-packages/airflow/example_dags/example_skip_dag.py
[2021-06-15 03:41:53,979] {scheduler_job.py:643} INFO - DAG(s) dict_keys(['example_skip_dag']) retrieved from /home/airflow/.local/lib/python3.6/site-packages/airflow/example_dags/example_skip_dag.py
[2021-06-15 03:41:54,094] {logging_mixin.py:104} INFO - [2021-06-15 03:41:54,093] {dag.py:1832} INFO - Sync 1 DAGs
[2021-06-15 03:41:54,180] {logging_mixin.py:104} INFO - [2021-06-15 03:41:54,179] {dag.py:2305} INFO - Setting next_dagrun for example_skip_dag to 2021-06-13 00:00:00+00:00
[2021-06-15 03:41:54,230] {scheduler_job.py:190} INFO - Processing /home/airflow/.local/lib/python3.6/site-packages/airflow/example_dags/example_skip_dag.py took 0.338 seconds
[2021-06-15 03:42:24,817] {scheduler_job.py:182} INFO - Started process (PID=2158) to work on /home/airflow/.local/lib/python3.6/site-packages/airflow/example_dags/example_skip_dag.py
[2021-06-15 03:42:24,830] {scheduler_job.py:633} INFO - Processing file /home/airflow/.local/lib/python3.6/site-packages/airflow/example_dags/example_skip_dag.py for tasks to queue
[2021-06-15 03:42:24,836] {logging_mixin.py:104} INFO - [2021-06-15 03:42:24,835] {dagbag.py:487} INFO - Filling up the DagBag from /home/airflow/.local/lib/python3.6/site-packages/airflow/example_dags/example_skip_dag.py
[2021-06-15 03:42:24,890] {scheduler_job.py:643} INFO - DAG(s) dict_keys(['example_skip_dag']) retrieved from /home/airflow/.local/lib/python3.6/site-packages/airflow/example_dags/example_skip_dag.py
[2021-06-15 03:42:25,068] {logging_mixin.py:104} INFO - [2021-06-15 03:42:25,067] {dag.py:1832} INFO - Sync 1 DAGs
[2021-06-15 03:42:25,178] {logging_mixin.py:104} INFO - [2021-06-15 03:42:25,177] {dag.py:2305} INFO - Setting next_dagrun for example_skip_dag to 2021-06-13 00:00:00+00:00
[2021-06-15 03:42:25,255] {scheduler_job.py:190} INFO - Processing /home/airflow/.local/lib/python3.6/site-packages/airflow/example_dags/example_skip_dag.py took 0.456 seconds
[2021-06-15 03:42:55,899] {scheduler_job.py:182} INFO - Started process (PID=2218) to work on /home/airflow/.local/lib/python3.6/site-packages/airflow/example_dags/example_skip_dag.py
[2021-06-15 03:42:55,907] {scheduler_job.py:633} INFO - Processing file /home/airflow/.local/lib/python3.6/site-packages/airflow/example_dags/example_skip_dag.py for tasks to queue
[2021-06-15 03:42:55,913] {logging_mixin.py:104} INFO - [2021-06-15 03:42:55,912] {dagbag.py:487} INFO - Filling up the DagBag from /home/airflow/.local/lib/python3.6/site-packages/airflow/example_dags/example_skip_dag.py
[2021-06-15 03:42:55,963] {scheduler_job.py:643} INFO - DAG(s) dict_keys(['example_skip_dag']) retrieved from /home/airflow/.local/lib/python3.6/site-packages/airflow/example_dags/example_skip_dag.py
[2021-06-15 03:42:56,078] {logging_mixin.py:104} INFO - [2021-06-15 03:42:56,077] {dag.py:1832} INFO - Sync 1 DAGs
[2021-06-15 03:42:56,144] {logging_mixin.py:104} INFO - [2021-06-15 03:42:56,144] {dag.py:2305} INFO - Setting next_dagrun for example_skip_dag to 2021-06-13 00:00:00+00:00
[2021-06-15 03:42:56,191] {scheduler_job.py:190} INFO - Processing /home/airflow/.local/lib/python3.6/site-packages/airflow/example_dags/example_skip_dag.py took 0.310 seconds
[2021-06-15 03:43:26,980] {scheduler_job.py:182} INFO - Started process (PID=2283) to work on /home/airflow/.local/lib/python3.6/site-packages/airflow/example_dags/example_skip_dag.py
[2021-06-15 03:43:27,007] {scheduler_job.py:633} INFO - Processing file /home/airflow/.local/lib/python3.6/site-packages/airflow/example_dags/example_skip_dag.py for tasks to queue
[2021-06-15 03:43:27,016] {logging_mixin.py:104} INFO - [2021-06-15 03:43:27,016] {dagbag.py:487} INFO - Filling up the DagBag from /home/airflow/.local/lib/python3.6/site-packages/airflow/example_dags/example_skip_dag.py
[2021-06-15 03:43:27,076] {scheduler_job.py:643} INFO - DAG(s) dict_keys(['example_skip_dag']) retrieved from /home/airflow/.local/lib/python3.6/site-packages/airflow/example_dags/example_skip_dag.py
[2021-06-15 03:43:27,194] {logging_mixin.py:104} INFO - [2021-06-15 03:43:27,193] {dag.py:1832} INFO - Sync 1 DAGs
[2021-06-15 03:43:27,276] {logging_mixin.py:104} INFO - [2021-06-15 03:43:27,275] {dag.py:2305} INFO - Setting next_dagrun for example_skip_dag to 2021-06-13 00:00:00+00:00
[2021-06-15 03:43:27,324] {scheduler_job.py:190} INFO - Processing /home/airflow/.local/lib/python3.6/site-packages/airflow/example_dags/example_skip_dag.py took 0.360 seconds
[2021-06-15 03:43:57,570] {scheduler_job.py:182} INFO - Started process (PID=2341) to work on /home/airflow/.local/lib/python3.6/site-packages/airflow/example_dags/example_skip_dag.py
[2021-06-15 03:43:57,579] {scheduler_job.py:633} INFO - Processing file /home/airflow/.local/lib/python3.6/site-packages/airflow/example_dags/example_skip_dag.py for tasks to queue
[2021-06-15 03:43:57,585] {logging_mixin.py:104} INFO - [2021-06-15 03:43:57,585] {dagbag.py:487} INFO - Filling up the DagBag from /home/airflow/.local/lib/python3.6/site-packages/airflow/example_dags/example_skip_dag.py
[2021-06-15 03:43:57,651] {scheduler_job.py:643} INFO - DAG(s) dict_keys(['example_skip_dag']) retrieved from /home/airflow/.local/lib/python3.6/site-packages/airflow/example_dags/example_skip_dag.py
[2021-06-15 03:43:57,817] {logging_mixin.py:104} INFO - [2021-06-15 03:43:57,817] {dag.py:1832} INFO - Sync 1 DAGs
[2021-06-15 03:43:57,917] {logging_mixin.py:104} INFO - [2021-06-15 03:43:57,916] {dag.py:2305} INFO - Setting next_dagrun for example_skip_dag to 2021-06-13 00:00:00+00:00
[2021-06-15 03:43:57,984] {scheduler_job.py:190} INFO - Processing /home/airflow/.local/lib/python3.6/site-packages/airflow/example_dags/example_skip_dag.py took 0.432 seconds
[2021-06-15 03:44:28,466] {scheduler_job.py:182} INFO - Started process (PID=2409) to work on /home/airflow/.local/lib/python3.6/site-packages/airflow/example_dags/example_skip_dag.py
[2021-06-15 03:44:28,474] {scheduler_job.py:633} INFO - Processing file /home/airflow/.local/lib/python3.6/site-packages/airflow/example_dags/example_skip_dag.py for tasks to queue
[2021-06-15 03:44:28,479] {logging_mixin.py:104} INFO - [2021-06-15 03:44:28,479] {dagbag.py:487} INFO - Filling up the DagBag from /home/airflow/.local/lib/python3.6/site-packages/airflow/example_dags/example_skip_dag.py
[2021-06-15 03:44:28,536] {scheduler_job.py:643} INFO - DAG(s) dict_keys(['example_skip_dag']) retrieved from /home/airflow/.local/lib/python3.6/site-packages/airflow/example_dags/example_skip_dag.py
[2021-06-15 03:44:28,659] {logging_mixin.py:104} INFO - [2021-06-15 03:44:28,658] {dag.py:1832} INFO - Sync 1 DAGs
[2021-06-15 03:44:28,753] {logging_mixin.py:104} INFO - [2021-06-15 03:44:28,753] {dag.py:2305} INFO - Setting next_dagrun for example_skip_dag to 2021-06-13 00:00:00+00:00
[2021-06-15 03:44:28,815] {scheduler_job.py:190} INFO - Processing /home/airflow/.local/lib/python3.6/site-packages/airflow/example_dags/example_skip_dag.py took 0.368 seconds
[2021-06-15 03:44:59,903] {scheduler_job.py:182} INFO - Started process (PID=2469) to work on /home/airflow/.local/lib/python3.6/site-packages/airflow/example_dags/example_skip_dag.py
[2021-06-15 03:44:59,912] {scheduler_job.py:633} INFO - Processing file /home/airflow/.local/lib/python3.6/site-packages/airflow/example_dags/example_skip_dag.py for tasks to queue
[2021-06-15 03:44:59,931] {logging_mixin.py:104} INFO - [2021-06-15 03:44:59,930] {dagbag.py:487} INFO - Filling up the DagBag from /home/airflow/.local/lib/python3.6/site-packages/airflow/example_dags/example_skip_dag.py
[2021-06-15 03:45:00,016] {scheduler_job.py:643} INFO - DAG(s) dict_keys(['example_skip_dag']) retrieved from /home/airflow/.local/lib/python3.6/site-packages/airflow/example_dags/example_skip_dag.py
[2021-06-15 03:45:00,164] {logging_mixin.py:104} INFO - [2021-06-15 03:45:00,163] {dag.py:1832} INFO - Sync 1 DAGs
[2021-06-15 03:45:00,288] {logging_mixin.py:104} INFO - [2021-06-15 03:45:00,288] {dag.py:2305} INFO - Setting next_dagrun for example_skip_dag to 2021-06-13 00:00:00+00:00
[2021-06-15 03:45:00,347] {scheduler_job.py:190} INFO - Processing /home/airflow/.local/lib/python3.6/site-packages/airflow/example_dags/example_skip_dag.py took 0.468 seconds
[2021-06-15 03:45:31,247] {scheduler_job.py:182} INFO - Started process (PID=2526) to work on /home/airflow/.local/lib/python3.6/site-packages/airflow/example_dags/example_skip_dag.py
[2021-06-15 03:45:31,255] {scheduler_job.py:633} INFO - Processing file /home/airflow/.local/lib/python3.6/site-packages/airflow/example_dags/example_skip_dag.py for tasks to queue
[2021-06-15 03:45:31,261] {logging_mixin.py:104} INFO - [2021-06-15 03:45:31,260] {dagbag.py:487} INFO - Filling up the DagBag from /home/airflow/.local/lib/python3.6/site-packages/airflow/example_dags/example_skip_dag.py
[2021-06-15 03:45:31,310] {scheduler_job.py:643} INFO - DAG(s) dict_keys(['example_skip_dag']) retrieved from /home/airflow/.local/lib/python3.6/site-packages/airflow/example_dags/example_skip_dag.py
[2021-06-15 03:45:31,405] {logging_mixin.py:104} INFO - [2021-06-15 03:45:31,404] {dag.py:1832} INFO - Sync 1 DAGs
[2021-06-15 03:45:31,467] {logging_mixin.py:104} INFO - [2021-06-15 03:45:31,467] {dag.py:2305} INFO - Setting next_dagrun for example_skip_dag to 2021-06-13 00:00:00+00:00
[2021-06-15 03:45:31,510] {scheduler_job.py:190} INFO - Processing /home/airflow/.local/lib/python3.6/site-packages/airflow/example_dags/example_skip_dag.py took 0.278 seconds
[2021-06-15 03:46:01,788] {scheduler_job.py:182} INFO - Started process (PID=2592) to work on /home/airflow/.local/lib/python3.6/site-packages/airflow/example_dags/example_skip_dag.py
[2021-06-15 03:46:01,801] {scheduler_job.py:633} INFO - Processing file /home/airflow/.local/lib/python3.6/site-packages/airflow/example_dags/example_skip_dag.py for tasks to queue
[2021-06-15 03:46:01,810] {logging_mixin.py:104} INFO - [2021-06-15 03:46:01,809] {dagbag.py:487} INFO - Filling up the DagBag from /home/airflow/.local/lib/python3.6/site-packages/airflow/example_dags/example_skip_dag.py
[2021-06-15 03:46:01,892] {scheduler_job.py:643} INFO - DAG(s) dict_keys(['example_skip_dag']) retrieved from /home/airflow/.local/lib/python3.6/site-packages/airflow/example_dags/example_skip_dag.py
[2021-06-15 03:46:01,999] {logging_mixin.py:104} INFO - [2021-06-15 03:46:01,998] {dag.py:1832} INFO - Sync 1 DAGs
[2021-06-15 03:46:02,065] {logging_mixin.py:104} INFO - [2021-06-15 03:46:02,065] {dag.py:2305} INFO - Setting next_dagrun for example_skip_dag to 2021-06-13 00:00:00+00:00
[2021-06-15 03:46:02,109] {scheduler_job.py:190} INFO - Processing /home/airflow/.local/lib/python3.6/site-packages/airflow/example_dags/example_skip_dag.py took 0.348 seconds
[2021-06-15 03:46:32,763] {scheduler_job.py:182} INFO - Started process (PID=2653) to work on /home/airflow/.local/lib/python3.6/site-packages/airflow/example_dags/example_skip_dag.py
[2021-06-15 03:46:32,772] {scheduler_job.py:633} INFO - Processing file /home/airflow/.local/lib/python3.6/site-packages/airflow/example_dags/example_skip_dag.py for tasks to queue
[2021-06-15 03:46:32,778] {logging_mixin.py:104} INFO - [2021-06-15 03:46:32,777] {dagbag.py:487} INFO - Filling up the DagBag from /home/airflow/.local/lib/python3.6/site-packages/airflow/example_dags/example_skip_dag.py
[2021-06-15 03:46:32,832] {scheduler_job.py:643} INFO - DAG(s) dict_keys(['example_skip_dag']) retrieved from /home/airflow/.local/lib/python3.6/site-packages/airflow/example_dags/example_skip_dag.py
[2021-06-15 03:46:32,933] {logging_mixin.py:104} INFO - [2021-06-15 03:46:32,932] {dag.py:1832} INFO - Sync 1 DAGs
[2021-06-15 03:46:32,998] {logging_mixin.py:104} INFO - [2021-06-15 03:46:32,998] {dag.py:2305} INFO - Setting next_dagrun for example_skip_dag to 2021-06-13 00:00:00+00:00
[2021-06-15 03:46:33,040] {scheduler_job.py:190} INFO - Processing /home/airflow/.local/lib/python3.6/site-packages/airflow/example_dags/example_skip_dag.py took 0.292 seconds
[2021-06-15 03:47:03,571] {scheduler_job.py:182} INFO - Started process (PID=2719) to work on /home/airflow/.local/lib/python3.6/site-packages/airflow/example_dags/example_skip_dag.py
[2021-06-15 03:47:03,578] {scheduler_job.py:633} INFO - Processing file /home/airflow/.local/lib/python3.6/site-packages/airflow/example_dags/example_skip_dag.py for tasks to queue
[2021-06-15 03:47:03,583] {logging_mixin.py:104} INFO - [2021-06-15 03:47:03,583] {dagbag.py:487} INFO - Filling up the DagBag from /home/airflow/.local/lib/python3.6/site-packages/airflow/example_dags/example_skip_dag.py
[2021-06-15 03:47:03,636] {scheduler_job.py:643} INFO - DAG(s) dict_keys(['example_skip_dag']) retrieved from /home/airflow/.local/lib/python3.6/site-packages/airflow/example_dags/example_skip_dag.py
[2021-06-15 03:47:03,729] {logging_mixin.py:104} INFO - [2021-06-15 03:47:03,728] {dag.py:1832} INFO - Sync 1 DAGs
[2021-06-15 03:47:03,793] {logging_mixin.py:104} INFO - [2021-06-15 03:47:03,792] {dag.py:2305} INFO - Setting next_dagrun for example_skip_dag to 2021-06-13 00:00:00+00:00
[2021-06-15 03:47:03,834] {scheduler_job.py:190} INFO - Processing /home/airflow/.local/lib/python3.6/site-packages/airflow/example_dags/example_skip_dag.py took 0.277 seconds
[2021-06-15 03:47:34,325] {scheduler_job.py:182} INFO - Started process (PID=2777) to work on /home/airflow/.local/lib/python3.6/site-packages/airflow/example_dags/example_skip_dag.py
[2021-06-15 03:47:34,335] {scheduler_job.py:633} INFO - Processing file /home/airflow/.local/lib/python3.6/site-packages/airflow/example_dags/example_skip_dag.py for tasks to queue
[2021-06-15 03:47:34,339] {logging_mixin.py:104} INFO - [2021-06-15 03:47:34,339] {dagbag.py:487} INFO - Filling up the DagBag from /home/airflow/.local/lib/python3.6/site-packages/airflow/example_dags/example_skip_dag.py
[2021-06-15 03:47:34,383] {scheduler_job.py:643} INFO - DAG(s) dict_keys(['example_skip_dag']) retrieved from /home/airflow/.local/lib/python3.6/site-packages/airflow/example_dags/example_skip_dag.py
[2021-06-15 03:47:34,476] {logging_mixin.py:104} INFO - [2021-06-15 03:47:34,476] {dag.py:1832} INFO - Sync 1 DAGs
[2021-06-15 03:47:34,541] {logging_mixin.py:104} INFO - [2021-06-15 03:47:34,541] {dag.py:2305} INFO - Setting next_dagrun for example_skip_dag to 2021-06-13 00:00:00+00:00
[2021-06-15 03:47:34,581] {scheduler_job.py:190} INFO - Processing /home/airflow/.local/lib/python3.6/site-packages/airflow/example_dags/example_skip_dag.py took 0.269 seconds
[2021-06-15 03:48:05,577] {scheduler_job.py:182} INFO - Started process (PID=2846) to work on /home/airflow/.local/lib/python3.6/site-packages/airflow/example_dags/example_skip_dag.py
[2021-06-15 03:48:05,589] {scheduler_job.py:633} INFO - Processing file /home/airflow/.local/lib/python3.6/site-packages/airflow/example_dags/example_skip_dag.py for tasks to queue
[2021-06-15 03:48:05,595] {logging_mixin.py:104} INFO - [2021-06-15 03:48:05,595] {dagbag.py:487} INFO - Filling up the DagBag from /home/airflow/.local/lib/python3.6/site-packages/airflow/example_dags/example_skip_dag.py
[2021-06-15 03:48:05,650] {scheduler_job.py:643} INFO - DAG(s) dict_keys(['example_skip_dag']) retrieved from /home/airflow/.local/lib/python3.6/site-packages/airflow/example_dags/example_skip_dag.py
[2021-06-15 03:48:05,774] {logging_mixin.py:104} INFO - [2021-06-15 03:48:05,773] {dag.py:1832} INFO - Sync 1 DAGs
[2021-06-15 03:48:05,840] {logging_mixin.py:104} INFO - [2021-06-15 03:48:05,839] {dag.py:2305} INFO - Setting next_dagrun for example_skip_dag to 2021-06-13 00:00:00+00:00
[2021-06-15 03:48:05,881] {scheduler_job.py:190} INFO - Processing /home/airflow/.local/lib/python3.6/site-packages/airflow/example_dags/example_skip_dag.py took 0.324 seconds
[2021-06-15 03:48:36,169] {scheduler_job.py:182} INFO - Started process (PID=2913) to work on /home/airflow/.local/lib/python3.6/site-packages/airflow/example_dags/example_skip_dag.py
[2021-06-15 03:48:36,176] {scheduler_job.py:633} INFO - Processing file /home/airflow/.local/lib/python3.6/site-packages/airflow/example_dags/example_skip_dag.py for tasks to queue
[2021-06-15 03:48:36,181] {logging_mixin.py:104} INFO - [2021-06-15 03:48:36,180] {dagbag.py:487} INFO - Filling up the DagBag from /home/airflow/.local/lib/python3.6/site-packages/airflow/example_dags/example_skip_dag.py
[2021-06-15 03:48:36,230] {scheduler_job.py:643} INFO - DAG(s) dict_keys(['example_skip_dag']) retrieved from /home/airflow/.local/lib/python3.6/site-packages/airflow/example_dags/example_skip_dag.py
[2021-06-15 03:48:36,343] {logging_mixin.py:104} INFO - [2021-06-15 03:48:36,343] {dag.py:1832} INFO - Sync 1 DAGs
[2021-06-15 03:48:36,412] {logging_mixin.py:104} INFO - [2021-06-15 03:48:36,412] {dag.py:2305} INFO - Setting next_dagrun for example_skip_dag to 2021-06-13 00:00:00+00:00
[2021-06-15 03:48:36,453] {scheduler_job.py:190} INFO - Processing /home/airflow/.local/lib/python3.6/site-packages/airflow/example_dags/example_skip_dag.py took 0.300 seconds
[2021-06-15 03:49:07,095] {scheduler_job.py:182} INFO - Started process (PID=2980) to work on /home/airflow/.local/lib/python3.6/site-packages/airflow/example_dags/example_skip_dag.py
[2021-06-15 03:49:07,102] {scheduler_job.py:633} INFO - Processing file /home/airflow/.local/lib/python3.6/site-packages/airflow/example_dags/example_skip_dag.py for tasks to queue
[2021-06-15 03:49:07,106] {logging_mixin.py:104} INFO - [2021-06-15 03:49:07,106] {dagbag.py:487} INFO - Filling up the DagBag from /home/airflow/.local/lib/python3.6/site-packages/airflow/example_dags/example_skip_dag.py
[2021-06-15 03:49:07,153] {scheduler_job.py:643} INFO - DAG(s) dict_keys(['example_skip_dag']) retrieved from /home/airflow/.local/lib/python3.6/site-packages/airflow/example_dags/example_skip_dag.py
[2021-06-15 03:49:07,244] {logging_mixin.py:104} INFO - [2021-06-15 03:49:07,243] {dag.py:1832} INFO - Sync 1 DAGs
[2021-06-15 03:49:07,305] {logging_mixin.py:104} INFO - [2021-06-15 03:49:07,305] {dag.py:2305} INFO - Setting next_dagrun for example_skip_dag to 2021-06-13 00:00:00+00:00
[2021-06-15 03:49:07,348] {scheduler_job.py:190} INFO - Processing /home/airflow/.local/lib/python3.6/site-packages/airflow/example_dags/example_skip_dag.py took 0.266 seconds
[2021-06-15 03:49:37,771] {scheduler_job.py:182} INFO - Started process (PID=3039) to work on /home/airflow/.local/lib/python3.6/site-packages/airflow/example_dags/example_skip_dag.py
[2021-06-15 03:49:37,779] {scheduler_job.py:633} INFO - Processing file /home/airflow/.local/lib/python3.6/site-packages/airflow/example_dags/example_skip_dag.py for tasks to queue
[2021-06-15 03:49:37,785] {logging_mixin.py:104} INFO - [2021-06-15 03:49:37,784] {dagbag.py:487} INFO - Filling up the DagBag from /home/airflow/.local/lib/python3.6/site-packages/airflow/example_dags/example_skip_dag.py
[2021-06-15 03:49:37,833] {scheduler_job.py:643} INFO - DAG(s) dict_keys(['example_skip_dag']) retrieved from /home/airflow/.local/lib/python3.6/site-packages/airflow/example_dags/example_skip_dag.py
[2021-06-15 03:49:37,956] {logging_mixin.py:104} INFO - [2021-06-15 03:49:37,956] {dag.py:1832} INFO - Sync 1 DAGs
[2021-06-15 03:49:38,026] {logging_mixin.py:104} INFO - [2021-06-15 03:49:38,025] {dag.py:2305} INFO - Setting next_dagrun for example_skip_dag to 2021-06-13 00:00:00+00:00
[2021-06-15 03:49:38,071] {scheduler_job.py:190} INFO - Processing /home/airflow/.local/lib/python3.6/site-packages/airflow/example_dags/example_skip_dag.py took 0.315 seconds
[2021-06-15 03:50:08,747] {scheduler_job.py:182} INFO - Started process (PID=3096) to work on /home/airflow/.local/lib/python3.6/site-packages/airflow/example_dags/example_skip_dag.py
[2021-06-15 03:50:08,760] {scheduler_job.py:633} INFO - Processing file /home/airflow/.local/lib/python3.6/site-packages/airflow/example_dags/example_skip_dag.py for tasks to queue
[2021-06-15 03:50:08,768] {logging_mixin.py:104} INFO - [2021-06-15 03:50:08,767] {dagbag.py:487} INFO - Filling up the DagBag from /home/airflow/.local/lib/python3.6/site-packages/airflow/example_dags/example_skip_dag.py
[2021-06-15 03:50:08,832] {scheduler_job.py:643} INFO - DAG(s) dict_keys(['example_skip_dag']) retrieved from /home/airflow/.local/lib/python3.6/site-packages/airflow/example_dags/example_skip_dag.py
[2021-06-15 03:50:08,996] {logging_mixin.py:104} INFO - [2021-06-15 03:50:08,995] {dag.py:1832} INFO - Sync 1 DAGs
[2021-06-15 03:50:09,148] {logging_mixin.py:104} INFO - [2021-06-15 03:50:09,147] {dag.py:2305} INFO - Setting next_dagrun for example_skip_dag to 2021-06-13 00:00:00+00:00
[2021-06-15 03:50:09,211] {scheduler_job.py:190} INFO - Processing /home/airflow/.local/lib/python3.6/site-packages/airflow/example_dags/example_skip_dag.py took 0.486 seconds
[2021-06-15 03:50:40,140] {scheduler_job.py:182} INFO - Started process (PID=3163) to work on /home/airflow/.local/lib/python3.6/site-packages/airflow/example_dags/example_skip_dag.py
[2021-06-15 03:50:40,147] {scheduler_job.py:633} INFO - Processing file /home/airflow/.local/lib/python3.6/site-packages/airflow/example_dags/example_skip_dag.py for tasks to queue
[2021-06-15 03:50:40,153] {logging_mixin.py:104} INFO - [2021-06-15 03:50:40,152] {dagbag.py:487} INFO - Filling up the DagBag from /home/airflow/.local/lib/python3.6/site-packages/airflow/example_dags/example_skip_dag.py
[2021-06-15 03:50:40,203] {scheduler_job.py:643} INFO - DAG(s) dict_keys(['example_skip_dag']) retrieved from /home/airflow/.local/lib/python3.6/site-packages/airflow/example_dags/example_skip_dag.py
[2021-06-15 03:50:40,303] {logging_mixin.py:104} INFO - [2021-06-15 03:50:40,302] {dag.py:1832} INFO - Sync 1 DAGs
[2021-06-15 03:50:40,376] {logging_mixin.py:104} INFO - [2021-06-15 03:50:40,375] {dag.py:2305} INFO - Setting next_dagrun for example_skip_dag to 2021-06-13 00:00:00+00:00
[2021-06-15 03:50:40,444] {scheduler_job.py:190} INFO - Processing /home/airflow/.local/lib/python3.6/site-packages/airflow/example_dags/example_skip_dag.py took 0.320 seconds
[2021-06-15 03:51:10,945] {scheduler_job.py:182} INFO - Started process (PID=3231) to work on /home/airflow/.local/lib/python3.6/site-packages/airflow/example_dags/example_skip_dag.py
[2021-06-15 03:51:10,953] {scheduler_job.py:633} INFO - Processing file /home/airflow/.local/lib/python3.6/site-packages/airflow/example_dags/example_skip_dag.py for tasks to queue
[2021-06-15 03:51:10,958] {logging_mixin.py:104} INFO - [2021-06-15 03:51:10,958] {dagbag.py:487} INFO - Filling up the DagBag from /home/airflow/.local/lib/python3.6/site-packages/airflow/example_dags/example_skip_dag.py
[2021-06-15 03:51:11,013] {scheduler_job.py:643} INFO - DAG(s) dict_keys(['example_skip_dag']) retrieved from /home/airflow/.local/lib/python3.6/site-packages/airflow/example_dags/example_skip_dag.py
[2021-06-15 03:51:11,135] {logging_mixin.py:104} INFO - [2021-06-15 03:51:11,135] {dag.py:1832} INFO - Sync 1 DAGs
[2021-06-15 03:51:11,254] {logging_mixin.py:104} INFO - [2021-06-15 03:51:11,253] {dag.py:2305} INFO - Setting next_dagrun for example_skip_dag to 2021-06-13 00:00:00+00:00
[2021-06-15 03:51:11,308] {scheduler_job.py:190} INFO - Processing /home/airflow/.local/lib/python3.6/site-packages/airflow/example_dags/example_skip_dag.py took 0.377 seconds
[2021-06-15 03:51:41,600] {scheduler_job.py:182} INFO - Started process (PID=3297) to work on /home/airflow/.local/lib/python3.6/site-packages/airflow/example_dags/example_skip_dag.py
[2021-06-15 03:51:41,614] {scheduler_job.py:633} INFO - Processing file /home/airflow/.local/lib/python3.6/site-packages/airflow/example_dags/example_skip_dag.py for tasks to queue
[2021-06-15 03:51:41,624] {logging_mixin.py:104} INFO - [2021-06-15 03:51:41,623] {dagbag.py:487} INFO - Filling up the DagBag from /home/airflow/.local/lib/python3.6/site-packages/airflow/example_dags/example_skip_dag.py
[2021-06-15 03:51:41,684] {scheduler_job.py:643} INFO - DAG(s) dict_keys(['example_skip_dag']) retrieved from /home/airflow/.local/lib/python3.6/site-packages/airflow/example_dags/example_skip_dag.py
[2021-06-15 03:51:41,800] {logging_mixin.py:104} INFO - [2021-06-15 03:51:41,800] {dag.py:1832} INFO - Sync 1 DAGs
[2021-06-15 03:51:41,882] {logging_mixin.py:104} INFO - [2021-06-15 03:51:41,882] {dag.py:2305} INFO - Setting next_dagrun for example_skip_dag to 2021-06-13 00:00:00+00:00
[2021-06-15 03:51:41,927] {scheduler_job.py:190} INFO - Processing /home/airflow/.local/lib/python3.6/site-packages/airflow/example_dags/example_skip_dag.py took 0.353 seconds
[2021-06-15 03:52:12,338] {scheduler_job.py:182} INFO - Started process (PID=3365) to work on /home/airflow/.local/lib/python3.6/site-packages/airflow/example_dags/example_skip_dag.py
[2021-06-15 03:52:12,344] {scheduler_job.py:633} INFO - Processing file /home/airflow/.local/lib/python3.6/site-packages/airflow/example_dags/example_skip_dag.py for tasks to queue
[2021-06-15 03:52:12,349] {logging_mixin.py:104} INFO - [2021-06-15 03:52:12,348] {dagbag.py:487} INFO - Filling up the DagBag from /home/airflow/.local/lib/python3.6/site-packages/airflow/example_dags/example_skip_dag.py
[2021-06-15 03:52:12,395] {scheduler_job.py:643} INFO - DAG(s) dict_keys(['example_skip_dag']) retrieved from /home/airflow/.local/lib/python3.6/site-packages/airflow/example_dags/example_skip_dag.py
[2021-06-15 03:52:12,489] {logging_mixin.py:104} INFO - [2021-06-15 03:52:12,489] {dag.py:1832} INFO - Sync 1 DAGs
[2021-06-15 03:52:12,559] {logging_mixin.py:104} INFO - [2021-06-15 03:52:12,558] {dag.py:2305} INFO - Setting next_dagrun for example_skip_dag to 2021-06-13 00:00:00+00:00
[2021-06-15 03:52:12,603] {scheduler_job.py:190} INFO - Processing /home/airflow/.local/lib/python3.6/site-packages/airflow/example_dags/example_skip_dag.py took 0.279 seconds
[2021-06-15 03:52:43,174] {scheduler_job.py:182} INFO - Started process (PID=3426) to work on /home/airflow/.local/lib/python3.6/site-packages/airflow/example_dags/example_skip_dag.py
[2021-06-15 03:52:43,184] {scheduler_job.py:633} INFO - Processing file /home/airflow/.local/lib/python3.6/site-packages/airflow/example_dags/example_skip_dag.py for tasks to queue
[2021-06-15 03:52:43,194] {logging_mixin.py:104} INFO - [2021-06-15 03:52:43,193] {dagbag.py:487} INFO - Filling up the DagBag from /home/airflow/.local/lib/python3.6/site-packages/airflow/example_dags/example_skip_dag.py
[2021-06-15 03:52:43,282] {scheduler_job.py:643} INFO - DAG(s) dict_keys(['example_skip_dag']) retrieved from /home/airflow/.local/lib/python3.6/site-packages/airflow/example_dags/example_skip_dag.py
[2021-06-15 03:52:43,441] {logging_mixin.py:104} INFO - [2021-06-15 03:52:43,440] {dag.py:1832} INFO - Sync 1 DAGs
[2021-06-15 03:52:43,519] {logging_mixin.py:104} INFO - [2021-06-15 03:52:43,519] {dag.py:2305} INFO - Setting next_dagrun for example_skip_dag to 2021-06-13 00:00:00+00:00
[2021-06-15 03:52:43,593] {scheduler_job.py:190} INFO - Processing /home/airflow/.local/lib/python3.6/site-packages/airflow/example_dags/example_skip_dag.py took 0.445 seconds
[2021-06-15 03:53:14,493] {scheduler_job.py:182} INFO - Started process (PID=3484) to work on /home/airflow/.local/lib/python3.6/site-packages/airflow/example_dags/example_skip_dag.py
[2021-06-15 03:53:14,500] {scheduler_job.py:633} INFO - Processing file /home/airflow/.local/lib/python3.6/site-packages/airflow/example_dags/example_skip_dag.py for tasks to queue
[2021-06-15 03:53:14,505] {logging_mixin.py:104} INFO - [2021-06-15 03:53:14,504] {dagbag.py:487} INFO - Filling up the DagBag from /home/airflow/.local/lib/python3.6/site-packages/airflow/example_dags/example_skip_dag.py
[2021-06-15 03:53:14,553] {scheduler_job.py:643} INFO - DAG(s) dict_keys(['example_skip_dag']) retrieved from /home/airflow/.local/lib/python3.6/site-packages/airflow/example_dags/example_skip_dag.py
[2021-06-15 03:53:14,653] {logging_mixin.py:104} INFO - [2021-06-15 03:53:14,652] {dag.py:1832} INFO - Sync 1 DAGs
[2021-06-15 03:53:14,724] {logging_mixin.py:104} INFO - [2021-06-15 03:53:14,724] {dag.py:2305} INFO - Setting next_dagrun for example_skip_dag to 2021-06-13 00:00:00+00:00
[2021-06-15 03:53:14,763] {scheduler_job.py:190} INFO - Processing /home/airflow/.local/lib/python3.6/site-packages/airflow/example_dags/example_skip_dag.py took 0.285 seconds
[2021-06-15 03:53:45,492] {scheduler_job.py:182} INFO - Started process (PID=3552) to work on /home/airflow/.local/lib/python3.6/site-packages/airflow/example_dags/example_skip_dag.py
[2021-06-15 03:53:45,498] {scheduler_job.py:633} INFO - Processing file /home/airflow/.local/lib/python3.6/site-packages/airflow/example_dags/example_skip_dag.py for tasks to queue
[2021-06-15 03:53:45,504] {logging_mixin.py:104} INFO - [2021-06-15 03:53:45,503] {dagbag.py:487} INFO - Filling up the DagBag from /home/airflow/.local/lib/python3.6/site-packages/airflow/example_dags/example_skip_dag.py
[2021-06-15 03:53:45,556] {scheduler_job.py:643} INFO - DAG(s) dict_keys(['example_skip_dag']) retrieved from /home/airflow/.local/lib/python3.6/site-packages/airflow/example_dags/example_skip_dag.py
[2021-06-15 03:53:45,673] {logging_mixin.py:104} INFO - [2021-06-15 03:53:45,672] {dag.py:1832} INFO - Sync 1 DAGs
[2021-06-15 03:53:45,751] {logging_mixin.py:104} INFO - [2021-06-15 03:53:45,751] {dag.py:2305} INFO - Setting next_dagrun for example_skip_dag to 2021-06-13 00:00:00+00:00
[2021-06-15 03:53:45,809] {scheduler_job.py:190} INFO - Processing /home/airflow/.local/lib/python3.6/site-packages/airflow/example_dags/example_skip_dag.py took 0.344 seconds
[2021-06-15 03:54:16,040] {scheduler_job.py:182} INFO - Started process (PID=3620) to work on /home/airflow/.local/lib/python3.6/site-packages/airflow/example_dags/example_skip_dag.py
[2021-06-15 03:54:16,048] {scheduler_job.py:633} INFO - Processing file /home/airflow/.local/lib/python3.6/site-packages/airflow/example_dags/example_skip_dag.py for tasks to queue
[2021-06-15 03:54:16,053] {logging_mixin.py:104} INFO - [2021-06-15 03:54:16,053] {dagbag.py:487} INFO - Filling up the DagBag from /home/airflow/.local/lib/python3.6/site-packages/airflow/example_dags/example_skip_dag.py
[2021-06-15 03:54:16,108] {scheduler_job.py:643} INFO - DAG(s) dict_keys(['example_skip_dag']) retrieved from /home/airflow/.local/lib/python3.6/site-packages/airflow/example_dags/example_skip_dag.py
[2021-06-15 03:54:16,208] {logging_mixin.py:104} INFO - [2021-06-15 03:54:16,207] {dag.py:1832} INFO - Sync 1 DAGs
[2021-06-15 03:54:16,285] {logging_mixin.py:104} INFO - [2021-06-15 03:54:16,284] {dag.py:2305} INFO - Setting next_dagrun for example_skip_dag to 2021-06-13 00:00:00+00:00
[2021-06-15 03:54:16,348] {scheduler_job.py:190} INFO - Processing /home/airflow/.local/lib/python3.6/site-packages/airflow/example_dags/example_skip_dag.py took 0.346 seconds
[2021-06-15 03:54:46,963] {scheduler_job.py:182} INFO - Started process (PID=3687) to work on /home/airflow/.local/lib/python3.6/site-packages/airflow/example_dags/example_skip_dag.py
[2021-06-15 03:54:46,974] {scheduler_job.py:633} INFO - Processing file /home/airflow/.local/lib/python3.6/site-packages/airflow/example_dags/example_skip_dag.py for tasks to queue
[2021-06-15 03:54:46,982] {logging_mixin.py:104} INFO - [2021-06-15 03:54:46,981] {dagbag.py:487} INFO - Filling up the DagBag from /home/airflow/.local/lib/python3.6/site-packages/airflow/example_dags/example_skip_dag.py
[2021-06-15 03:54:47,060] {scheduler_job.py:643} INFO - DAG(s) dict_keys(['example_skip_dag']) retrieved from /home/airflow/.local/lib/python3.6/site-packages/airflow/example_dags/example_skip_dag.py
[2021-06-15 03:54:47,165] {logging_mixin.py:104} INFO - [2021-06-15 03:54:47,164] {dag.py:1832} INFO - Sync 1 DAGs
[2021-06-15 03:54:47,255] {logging_mixin.py:104} INFO - [2021-06-15 03:54:47,255] {dag.py:2305} INFO - Setting next_dagrun for example_skip_dag to 2021-06-13 00:00:00+00:00
[2021-06-15 03:54:47,314] {scheduler_job.py:190} INFO - Processing /home/airflow/.local/lib/python3.6/site-packages/airflow/example_dags/example_skip_dag.py took 0.375 seconds
[2021-06-15 03:55:17,637] {scheduler_job.py:182} INFO - Started process (PID=3747) to work on /home/airflow/.local/lib/python3.6/site-packages/airflow/example_dags/example_skip_dag.py
[2021-06-15 03:55:17,646] {scheduler_job.py:633} INFO - Processing file /home/airflow/.local/lib/python3.6/site-packages/airflow/example_dags/example_skip_dag.py for tasks to queue
[2021-06-15 03:55:17,653] {logging_mixin.py:104} INFO - [2021-06-15 03:55:17,652] {dagbag.py:487} INFO - Filling up the DagBag from /home/airflow/.local/lib/python3.6/site-packages/airflow/example_dags/example_skip_dag.py
[2021-06-15 03:55:17,713] {scheduler_job.py:643} INFO - DAG(s) dict_keys(['example_skip_dag']) retrieved from /home/airflow/.local/lib/python3.6/site-packages/airflow/example_dags/example_skip_dag.py
[2021-06-15 03:55:17,829] {logging_mixin.py:104} INFO - [2021-06-15 03:55:17,829] {dag.py:1832} INFO - Sync 1 DAGs
[2021-06-15 03:55:17,910] {logging_mixin.py:104} INFO - [2021-06-15 03:55:17,910] {dag.py:2305} INFO - Setting next_dagrun for example_skip_dag to 2021-06-13 00:00:00+00:00
[2021-06-15 03:55:17,971] {scheduler_job.py:190} INFO - Processing /home/airflow/.local/lib/python3.6/site-packages/airflow/example_dags/example_skip_dag.py took 0.351 seconds
[2021-06-15 03:55:48,097] {scheduler_job.py:182} INFO - Started process (PID=3803) to work on /home/airflow/.local/lib/python3.6/site-packages/airflow/example_dags/example_skip_dag.py
[2021-06-15 03:55:48,104] {scheduler_job.py:633} INFO - Processing file /home/airflow/.local/lib/python3.6/site-packages/airflow/example_dags/example_skip_dag.py for tasks to queue
[2021-06-15 03:55:48,109] {logging_mixin.py:104} INFO - [2021-06-15 03:55:48,108] {dagbag.py:487} INFO - Filling up the DagBag from /home/airflow/.local/lib/python3.6/site-packages/airflow/example_dags/example_skip_dag.py
[2021-06-15 03:55:48,159] {scheduler_job.py:643} INFO - DAG(s) dict_keys(['example_skip_dag']) retrieved from /home/airflow/.local/lib/python3.6/site-packages/airflow/example_dags/example_skip_dag.py
[2021-06-15 03:55:48,414] {logging_mixin.py:104} INFO - [2021-06-15 03:55:48,413] {dag.py:1832} INFO - Sync 1 DAGs
[2021-06-15 03:55:48,484] {logging_mixin.py:104} INFO - [2021-06-15 03:55:48,484] {dag.py:2305} INFO - Setting next_dagrun for example_skip_dag to 2021-06-13 00:00:00+00:00
[2021-06-15 03:55:48,526] {scheduler_job.py:190} INFO - Processing /home/airflow/.local/lib/python3.6/site-packages/airflow/example_dags/example_skip_dag.py took 0.445 seconds
[2021-06-15 03:56:18,934] {scheduler_job.py:182} INFO - Started process (PID=3870) to work on /home/airflow/.local/lib/python3.6/site-packages/airflow/example_dags/example_skip_dag.py
[2021-06-15 03:56:18,940] {scheduler_job.py:633} INFO - Processing file /home/airflow/.local/lib/python3.6/site-packages/airflow/example_dags/example_skip_dag.py for tasks to queue
[2021-06-15 03:56:18,945] {logging_mixin.py:104} INFO - [2021-06-15 03:56:18,945] {dagbag.py:487} INFO - Filling up the DagBag from /home/airflow/.local/lib/python3.6/site-packages/airflow/example_dags/example_skip_dag.py
[2021-06-15 03:56:18,992] {scheduler_job.py:643} INFO - DAG(s) dict_keys(['example_skip_dag']) retrieved from /home/airflow/.local/lib/python3.6/site-packages/airflow/example_dags/example_skip_dag.py
[2021-06-15 03:56:19,087] {logging_mixin.py:104} INFO - [2021-06-15 03:56:19,086] {dag.py:1832} INFO - Sync 1 DAGs
[2021-06-15 03:56:19,148] {logging_mixin.py:104} INFO - [2021-06-15 03:56:19,147] {dag.py:2305} INFO - Setting next_dagrun for example_skip_dag to 2021-06-13 00:00:00+00:00
[2021-06-15 03:56:19,187] {scheduler_job.py:190} INFO - Processing /home/airflow/.local/lib/python3.6/site-packages/airflow/example_dags/example_skip_dag.py took 0.266 seconds
[2021-06-15 03:56:49,416] {scheduler_job.py:182} INFO - Started process (PID=3937) to work on /home/airflow/.local/lib/python3.6/site-packages/airflow/example_dags/example_skip_dag.py
[2021-06-15 03:56:49,424] {scheduler_job.py:633} INFO - Processing file /home/airflow/.local/lib/python3.6/site-packages/airflow/example_dags/example_skip_dag.py for tasks to queue
[2021-06-15 03:56:49,437] {logging_mixin.py:104} INFO - [2021-06-15 03:56:49,435] {dagbag.py:487} INFO - Filling up the DagBag from /home/airflow/.local/lib/python3.6/site-packages/airflow/example_dags/example_skip_dag.py
[2021-06-15 03:56:49,532] {scheduler_job.py:643} INFO - DAG(s) dict_keys(['example_skip_dag']) retrieved from /home/airflow/.local/lib/python3.6/site-packages/airflow/example_dags/example_skip_dag.py
[2021-06-15 03:56:49,700] {logging_mixin.py:104} INFO - [2021-06-15 03:56:49,698] {dag.py:1832} INFO - Sync 1 DAGs
[2021-06-15 03:56:49,827] {logging_mixin.py:104} INFO - [2021-06-15 03:56:49,827] {dag.py:2305} INFO - Setting next_dagrun for example_skip_dag to 2021-06-13 00:00:00+00:00
[2021-06-15 03:56:49,887] {scheduler_job.py:190} INFO - Processing /home/airflow/.local/lib/python3.6/site-packages/airflow/example_dags/example_skip_dag.py took 0.490 seconds
[2021-06-15 03:57:20,365] {scheduler_job.py:182} INFO - Started process (PID=4005) to work on /home/airflow/.local/lib/python3.6/site-packages/airflow/example_dags/example_skip_dag.py
[2021-06-15 03:57:20,374] {scheduler_job.py:633} INFO - Processing file /home/airflow/.local/lib/python3.6/site-packages/airflow/example_dags/example_skip_dag.py for tasks to queue
[2021-06-15 03:57:20,380] {logging_mixin.py:104} INFO - [2021-06-15 03:57:20,379] {dagbag.py:487} INFO - Filling up the DagBag from /home/airflow/.local/lib/python3.6/site-packages/airflow/example_dags/example_skip_dag.py
[2021-06-15 03:57:20,441] {scheduler_job.py:643} INFO - DAG(s) dict_keys(['example_skip_dag']) retrieved from /home/airflow/.local/lib/python3.6/site-packages/airflow/example_dags/example_skip_dag.py
[2021-06-15 03:57:20,557] {logging_mixin.py:104} INFO - [2021-06-15 03:57:20,557] {dag.py:1832} INFO - Sync 1 DAGs
[2021-06-15 03:57:20,625] {logging_mixin.py:104} INFO - [2021-06-15 03:57:20,625] {dag.py:2305} INFO - Setting next_dagrun for example_skip_dag to 2021-06-13 00:00:00+00:00
[2021-06-15 03:57:20,665] {scheduler_job.py:190} INFO - Processing /home/airflow/.local/lib/python3.6/site-packages/airflow/example_dags/example_skip_dag.py took 0.314 seconds
[2021-06-15 03:57:50,956] {scheduler_job.py:182} INFO - Started process (PID=4073) to work on /home/airflow/.local/lib/python3.6/site-packages/airflow/example_dags/example_skip_dag.py
[2021-06-15 03:57:50,966] {scheduler_job.py:633} INFO - Processing file /home/airflow/.local/lib/python3.6/site-packages/airflow/example_dags/example_skip_dag.py for tasks to queue
[2021-06-15 03:57:50,971] {logging_mixin.py:104} INFO - [2021-06-15 03:57:50,970] {dagbag.py:487} INFO - Filling up the DagBag from /home/airflow/.local/lib/python3.6/site-packages/airflow/example_dags/example_skip_dag.py
[2021-06-15 03:57:51,027] {scheduler_job.py:643} INFO - DAG(s) dict_keys(['example_skip_dag']) retrieved from /home/airflow/.local/lib/python3.6/site-packages/airflow/example_dags/example_skip_dag.py
[2021-06-15 03:57:51,147] {logging_mixin.py:104} INFO - [2021-06-15 03:57:51,147] {dag.py:1832} INFO - Sync 1 DAGs
[2021-06-15 03:57:51,214] {logging_mixin.py:104} INFO - [2021-06-15 03:57:51,214] {dag.py:2305} INFO - Setting next_dagrun for example_skip_dag to 2021-06-13 00:00:00+00:00
[2021-06-15 03:57:51,259] {scheduler_job.py:190} INFO - Processing /home/airflow/.local/lib/python3.6/site-packages/airflow/example_dags/example_skip_dag.py took 0.326 seconds
[2021-06-15 04:03:25,964] {scheduler_job.py:182} INFO - Started process (PID=218) to work on /home/airflow/.local/lib/python3.6/site-packages/airflow/example_dags/example_skip_dag.py
[2021-06-15 04:03:25,974] {scheduler_job.py:633} INFO - Processing file /home/airflow/.local/lib/python3.6/site-packages/airflow/example_dags/example_skip_dag.py for tasks to queue
[2021-06-15 04:03:25,982] {logging_mixin.py:104} INFO - [2021-06-15 04:03:25,981] {dagbag.py:487} INFO - Filling up the DagBag from /home/airflow/.local/lib/python3.6/site-packages/airflow/example_dags/example_skip_dag.py
[2021-06-15 04:03:26,057] {scheduler_job.py:643} INFO - DAG(s) dict_keys(['example_skip_dag']) retrieved from /home/airflow/.local/lib/python3.6/site-packages/airflow/example_dags/example_skip_dag.py
[2021-06-15 04:03:35,766] {logging_mixin.py:104} INFO - [2021-06-15 04:03:35,766] {dag.py:1832} INFO - Sync 1 DAGs
[2021-06-15 04:03:35,805] {logging_mixin.py:104} INFO - [2021-06-15 04:03:35,802] {dag.py:1851} INFO - Creating ORM DAG for example_skip_dag
[2021-06-15 04:03:35,825] {logging_mixin.py:104} INFO - [2021-06-15 04:03:35,824] {dag.py:2305} INFO - Setting next_dagrun for example_skip_dag to 2021-06-13 00:00:00+00:00
[2021-06-15 04:03:35,868] {scheduler_job.py:190} INFO - Processing /home/airflow/.local/lib/python3.6/site-packages/airflow/example_dags/example_skip_dag.py took 9.920 seconds
[2021-06-15 04:04:08,072] {scheduler_job.py:182} INFO - Started process (PID=298) to work on /home/airflow/.local/lib/python3.6/site-packages/airflow/example_dags/example_skip_dag.py
[2021-06-15 04:04:08,080] {scheduler_job.py:633} INFO - Processing file /home/airflow/.local/lib/python3.6/site-packages/airflow/example_dags/example_skip_dag.py for tasks to queue
[2021-06-15 04:04:08,085] {logging_mixin.py:104} INFO - [2021-06-15 04:04:08,085] {dagbag.py:487} INFO - Filling up the DagBag from /home/airflow/.local/lib/python3.6/site-packages/airflow/example_dags/example_skip_dag.py
[2021-06-15 04:04:08,141] {scheduler_job.py:643} INFO - DAG(s) dict_keys(['example_skip_dag']) retrieved from /home/airflow/.local/lib/python3.6/site-packages/airflow/example_dags/example_skip_dag.py
[2021-06-15 04:04:08,258] {logging_mixin.py:104} INFO - [2021-06-15 04:04:08,258] {dag.py:1832} INFO - Sync 1 DAGs
[2021-06-15 04:04:08,326] {logging_mixin.py:104} INFO - [2021-06-15 04:04:08,326] {dag.py:2305} INFO - Setting next_dagrun for example_skip_dag to 2021-06-13 00:00:00+00:00
[2021-06-15 04:04:08,369] {scheduler_job.py:190} INFO - Processing /home/airflow/.local/lib/python3.6/site-packages/airflow/example_dags/example_skip_dag.py took 0.313 seconds
[2021-06-15 04:04:39,695] {scheduler_job.py:182} INFO - Started process (PID=359) to work on /home/airflow/.local/lib/python3.6/site-packages/airflow/example_dags/example_skip_dag.py
[2021-06-15 04:04:39,703] {scheduler_job.py:633} INFO - Processing file /home/airflow/.local/lib/python3.6/site-packages/airflow/example_dags/example_skip_dag.py for tasks to queue
[2021-06-15 04:04:39,709] {logging_mixin.py:104} INFO - [2021-06-15 04:04:39,708] {dagbag.py:487} INFO - Filling up the DagBag from /home/airflow/.local/lib/python3.6/site-packages/airflow/example_dags/example_skip_dag.py
[2021-06-15 04:04:39,761] {scheduler_job.py:643} INFO - DAG(s) dict_keys(['example_skip_dag']) retrieved from /home/airflow/.local/lib/python3.6/site-packages/airflow/example_dags/example_skip_dag.py
[2021-06-15 04:04:39,874] {logging_mixin.py:104} INFO - [2021-06-15 04:04:39,873] {dag.py:1832} INFO - Sync 1 DAGs
[2021-06-15 04:04:39,954] {logging_mixin.py:104} INFO - [2021-06-15 04:04:39,953] {dag.py:2305} INFO - Setting next_dagrun for example_skip_dag to 2021-06-13 00:00:00+00:00
[2021-06-15 04:04:40,005] {scheduler_job.py:190} INFO - Processing /home/airflow/.local/lib/python3.6/site-packages/airflow/example_dags/example_skip_dag.py took 0.325 seconds
[2021-06-15 04:06:13,615] {scheduler_job.py:182} INFO - Started process (PID=550) to work on /home/airflow/.local/lib/python3.6/site-packages/airflow/example_dags/example_skip_dag.py
[2021-06-15 04:06:13,625] {scheduler_job.py:633} INFO - Processing file /home/airflow/.local/lib/python3.6/site-packages/airflow/example_dags/example_skip_dag.py for tasks to queue
[2021-06-15 04:06:13,630] {logging_mixin.py:104} INFO - [2021-06-15 04:06:13,630] {dagbag.py:487} INFO - Filling up the DagBag from /home/airflow/.local/lib/python3.6/site-packages/airflow/example_dags/example_skip_dag.py
[2021-06-15 04:06:13,680] {scheduler_job.py:643} INFO - DAG(s) dict_keys(['example_skip_dag']) retrieved from /home/airflow/.local/lib/python3.6/site-packages/airflow/example_dags/example_skip_dag.py
[2021-06-15 04:06:13,807] {logging_mixin.py:104} INFO - [2021-06-15 04:06:13,807] {dag.py:1832} INFO - Sync 1 DAGs
[2021-06-15 04:06:13,890] {logging_mixin.py:104} INFO - [2021-06-15 04:06:13,890] {dag.py:2305} INFO - Setting next_dagrun for example_skip_dag to 2021-06-13 00:00:00+00:00
[2021-06-15 04:06:13,947] {scheduler_job.py:190} INFO - Processing /home/airflow/.local/lib/python3.6/site-packages/airflow/example_dags/example_skip_dag.py took 0.359 seconds
[2021-06-15 04:06:44,502] {scheduler_job.py:182} INFO - Started process (PID=610) to work on /home/airflow/.local/lib/python3.6/site-packages/airflow/example_dags/example_skip_dag.py
[2021-06-15 04:06:44,514] {scheduler_job.py:633} INFO - Processing file /home/airflow/.local/lib/python3.6/site-packages/airflow/example_dags/example_skip_dag.py for tasks to queue
[2021-06-15 04:06:44,522] {logging_mixin.py:104} INFO - [2021-06-15 04:06:44,521] {dagbag.py:487} INFO - Filling up the DagBag from /home/airflow/.local/lib/python3.6/site-packages/airflow/example_dags/example_skip_dag.py
[2021-06-15 04:06:44,615] {scheduler_job.py:643} INFO - DAG(s) dict_keys(['example_skip_dag']) retrieved from /home/airflow/.local/lib/python3.6/site-packages/airflow/example_dags/example_skip_dag.py
[2021-06-15 04:06:44,746] {logging_mixin.py:104} INFO - [2021-06-15 04:06:44,745] {dag.py:1832} INFO - Sync 1 DAGs
[2021-06-15 04:06:44,848] {logging_mixin.py:104} INFO - [2021-06-15 04:06:44,847] {dag.py:2305} INFO - Setting next_dagrun for example_skip_dag to 2021-06-13 00:00:00+00:00
[2021-06-15 04:06:44,915] {scheduler_job.py:190} INFO - Processing /home/airflow/.local/lib/python3.6/site-packages/airflow/example_dags/example_skip_dag.py took 0.442 seconds
[2021-06-15 04:07:15,655] {scheduler_job.py:182} INFO - Started process (PID=667) to work on /home/airflow/.local/lib/python3.6/site-packages/airflow/example_dags/example_skip_dag.py
[2021-06-15 04:07:15,665] {scheduler_job.py:633} INFO - Processing file /home/airflow/.local/lib/python3.6/site-packages/airflow/example_dags/example_skip_dag.py for tasks to queue
[2021-06-15 04:07:15,671] {logging_mixin.py:104} INFO - [2021-06-15 04:07:15,670] {dagbag.py:487} INFO - Filling up the DagBag from /home/airflow/.local/lib/python3.6/site-packages/airflow/example_dags/example_skip_dag.py
[2021-06-15 04:07:15,770] {scheduler_job.py:643} INFO - DAG(s) dict_keys(['example_skip_dag']) retrieved from /home/airflow/.local/lib/python3.6/site-packages/airflow/example_dags/example_skip_dag.py
[2021-06-15 04:07:15,904] {logging_mixin.py:104} INFO - [2021-06-15 04:07:15,904] {dag.py:1832} INFO - Sync 1 DAGs
[2021-06-15 04:07:16,010] {logging_mixin.py:104} INFO - [2021-06-15 04:07:16,009] {dag.py:2305} INFO - Setting next_dagrun for example_skip_dag to 2021-06-13 00:00:00+00:00
[2021-06-15 04:07:16,064] {scheduler_job.py:190} INFO - Processing /home/airflow/.local/lib/python3.6/site-packages/airflow/example_dags/example_skip_dag.py took 0.435 seconds
[2021-06-15 04:07:46,262] {scheduler_job.py:182} INFO - Started process (PID=735) to work on /home/airflow/.local/lib/python3.6/site-packages/airflow/example_dags/example_skip_dag.py
[2021-06-15 04:07:46,273] {scheduler_job.py:633} INFO - Processing file /home/airflow/.local/lib/python3.6/site-packages/airflow/example_dags/example_skip_dag.py for tasks to queue
[2021-06-15 04:07:46,279] {logging_mixin.py:104} INFO - [2021-06-15 04:07:46,279] {dagbag.py:487} INFO - Filling up the DagBag from /home/airflow/.local/lib/python3.6/site-packages/airflow/example_dags/example_skip_dag.py
[2021-06-15 04:07:46,351] {scheduler_job.py:643} INFO - DAG(s) dict_keys(['example_skip_dag']) retrieved from /home/airflow/.local/lib/python3.6/site-packages/airflow/example_dags/example_skip_dag.py
[2021-06-15 04:07:46,513] {logging_mixin.py:104} INFO - [2021-06-15 04:07:46,512] {dag.py:1832} INFO - Sync 1 DAGs
[2021-06-15 04:07:46,588] {logging_mixin.py:104} INFO - [2021-06-15 04:07:46,588] {dag.py:2305} INFO - Setting next_dagrun for example_skip_dag to 2021-06-13 00:00:00+00:00
[2021-06-15 04:07:46,634] {scheduler_job.py:190} INFO - Processing /home/airflow/.local/lib/python3.6/site-packages/airflow/example_dags/example_skip_dag.py took 0.427 seconds
[2021-06-15 04:08:16,735] {scheduler_job.py:182} INFO - Started process (PID=793) to work on /home/airflow/.local/lib/python3.6/site-packages/airflow/example_dags/example_skip_dag.py
[2021-06-15 04:08:16,768] {scheduler_job.py:633} INFO - Processing file /home/airflow/.local/lib/python3.6/site-packages/airflow/example_dags/example_skip_dag.py for tasks to queue
[2021-06-15 04:08:16,778] {logging_mixin.py:104} INFO - [2021-06-15 04:08:16,777] {dagbag.py:487} INFO - Filling up the DagBag from /home/airflow/.local/lib/python3.6/site-packages/airflow/example_dags/example_skip_dag.py
[2021-06-15 04:08:16,842] {scheduler_job.py:643} INFO - DAG(s) dict_keys(['example_skip_dag']) retrieved from /home/airflow/.local/lib/python3.6/site-packages/airflow/example_dags/example_skip_dag.py
[2021-06-15 04:08:16,964] {logging_mixin.py:104} INFO - [2021-06-15 04:08:16,963] {dag.py:1832} INFO - Sync 1 DAGs
[2021-06-15 04:08:17,051] {logging_mixin.py:104} INFO - [2021-06-15 04:08:17,050] {dag.py:2305} INFO - Setting next_dagrun for example_skip_dag to 2021-06-13 00:00:00+00:00
[2021-06-15 04:08:17,118] {scheduler_job.py:190} INFO - Processing /home/airflow/.local/lib/python3.6/site-packages/airflow/example_dags/example_skip_dag.py took 0.402 seconds
[2021-06-15 04:08:47,534] {scheduler_job.py:182} INFO - Started process (PID=850) to work on /home/airflow/.local/lib/python3.6/site-packages/airflow/example_dags/example_skip_dag.py
[2021-06-15 04:08:47,543] {scheduler_job.py:633} INFO - Processing file /home/airflow/.local/lib/python3.6/site-packages/airflow/example_dags/example_skip_dag.py for tasks to queue
[2021-06-15 04:08:47,550] {logging_mixin.py:104} INFO - [2021-06-15 04:08:47,550] {dagbag.py:487} INFO - Filling up the DagBag from /home/airflow/.local/lib/python3.6/site-packages/airflow/example_dags/example_skip_dag.py
[2021-06-15 04:08:47,607] {scheduler_job.py:643} INFO - DAG(s) dict_keys(['example_skip_dag']) retrieved from /home/airflow/.local/lib/python3.6/site-packages/airflow/example_dags/example_skip_dag.py
[2021-06-15 04:08:47,720] {logging_mixin.py:104} INFO - [2021-06-15 04:08:47,720] {dag.py:1832} INFO - Sync 1 DAGs
[2021-06-15 04:08:47,789] {logging_mixin.py:104} INFO - [2021-06-15 04:08:47,788] {dag.py:2305} INFO - Setting next_dagrun for example_skip_dag to 2021-06-13 00:00:00+00:00
[2021-06-15 04:08:47,829] {scheduler_job.py:190} INFO - Processing /home/airflow/.local/lib/python3.6/site-packages/airflow/example_dags/example_skip_dag.py took 0.311 seconds
[2021-06-15 04:09:18,364] {scheduler_job.py:182} INFO - Started process (PID=917) to work on /home/airflow/.local/lib/python3.6/site-packages/airflow/example_dags/example_skip_dag.py
[2021-06-15 04:09:18,372] {scheduler_job.py:633} INFO - Processing file /home/airflow/.local/lib/python3.6/site-packages/airflow/example_dags/example_skip_dag.py for tasks to queue
[2021-06-15 04:09:18,380] {logging_mixin.py:104} INFO - [2021-06-15 04:09:18,379] {dagbag.py:487} INFO - Filling up the DagBag from /home/airflow/.local/lib/python3.6/site-packages/airflow/example_dags/example_skip_dag.py
[2021-06-15 04:09:18,443] {scheduler_job.py:643} INFO - DAG(s) dict_keys(['example_skip_dag']) retrieved from /home/airflow/.local/lib/python3.6/site-packages/airflow/example_dags/example_skip_dag.py
[2021-06-15 04:09:18,581] {logging_mixin.py:104} INFO - [2021-06-15 04:09:18,575] {dag.py:1832} INFO - Sync 1 DAGs
[2021-06-15 04:09:18,664] {logging_mixin.py:104} INFO - [2021-06-15 04:09:18,663] {dag.py:2305} INFO - Setting next_dagrun for example_skip_dag to 2021-06-13 00:00:00+00:00
[2021-06-15 04:09:18,737] {scheduler_job.py:190} INFO - Processing /home/airflow/.local/lib/python3.6/site-packages/airflow/example_dags/example_skip_dag.py took 0.396 seconds
[2021-06-15 04:09:50,032] {scheduler_job.py:182} INFO - Started process (PID=984) to work on /home/airflow/.local/lib/python3.6/site-packages/airflow/example_dags/example_skip_dag.py
[2021-06-15 04:09:50,047] {scheduler_job.py:633} INFO - Processing file /home/airflow/.local/lib/python3.6/site-packages/airflow/example_dags/example_skip_dag.py for tasks to queue
[2021-06-15 04:09:50,059] {logging_mixin.py:104} INFO - [2021-06-15 04:09:50,058] {dagbag.py:487} INFO - Filling up the DagBag from /home/airflow/.local/lib/python3.6/site-packages/airflow/example_dags/example_skip_dag.py
[2021-06-15 04:09:50,149] {scheduler_job.py:643} INFO - DAG(s) dict_keys(['example_skip_dag']) retrieved from /home/airflow/.local/lib/python3.6/site-packages/airflow/example_dags/example_skip_dag.py
[2021-06-15 04:09:50,304] {logging_mixin.py:104} INFO - [2021-06-15 04:09:50,303] {dag.py:1832} INFO - Sync 1 DAGs
[2021-06-15 04:09:50,436] {logging_mixin.py:104} INFO - [2021-06-15 04:09:50,435] {dag.py:2305} INFO - Setting next_dagrun for example_skip_dag to 2021-06-13 00:00:00+00:00
[2021-06-15 04:09:50,515] {scheduler_job.py:190} INFO - Processing /home/airflow/.local/lib/python3.6/site-packages/airflow/example_dags/example_skip_dag.py took 0.512 seconds
[2021-06-15 04:10:21,158] {scheduler_job.py:182} INFO - Started process (PID=1041) to work on /home/airflow/.local/lib/python3.6/site-packages/airflow/example_dags/example_skip_dag.py
[2021-06-15 04:10:21,168] {scheduler_job.py:633} INFO - Processing file /home/airflow/.local/lib/python3.6/site-packages/airflow/example_dags/example_skip_dag.py for tasks to queue
[2021-06-15 04:10:21,175] {logging_mixin.py:104} INFO - [2021-06-15 04:10:21,174] {dagbag.py:487} INFO - Filling up the DagBag from /home/airflow/.local/lib/python3.6/site-packages/airflow/example_dags/example_skip_dag.py
[2021-06-15 04:10:21,264] {scheduler_job.py:643} INFO - DAG(s) dict_keys(['example_skip_dag']) retrieved from /home/airflow/.local/lib/python3.6/site-packages/airflow/example_dags/example_skip_dag.py
[2021-06-15 04:10:21,458] {logging_mixin.py:104} INFO - [2021-06-15 04:10:21,458] {dag.py:1832} INFO - Sync 1 DAGs
[2021-06-15 04:10:21,591] {logging_mixin.py:104} INFO - [2021-06-15 04:10:21,590] {dag.py:2305} INFO - Setting next_dagrun for example_skip_dag to 2021-06-13 00:00:00+00:00
[2021-06-15 04:10:21,651] {scheduler_job.py:190} INFO - Processing /home/airflow/.local/lib/python3.6/site-packages/airflow/example_dags/example_skip_dag.py took 0.512 seconds
[2021-06-15 04:10:51,818] {scheduler_job.py:182} INFO - Started process (PID=1101) to work on /home/airflow/.local/lib/python3.6/site-packages/airflow/example_dags/example_skip_dag.py
[2021-06-15 04:10:51,826] {scheduler_job.py:633} INFO - Processing file /home/airflow/.local/lib/python3.6/site-packages/airflow/example_dags/example_skip_dag.py for tasks to queue
[2021-06-15 04:10:51,831] {logging_mixin.py:104} INFO - [2021-06-15 04:10:51,830] {dagbag.py:487} INFO - Filling up the DagBag from /home/airflow/.local/lib/python3.6/site-packages/airflow/example_dags/example_skip_dag.py
[2021-06-15 04:10:51,882] {scheduler_job.py:643} INFO - DAG(s) dict_keys(['example_skip_dag']) retrieved from /home/airflow/.local/lib/python3.6/site-packages/airflow/example_dags/example_skip_dag.py
[2021-06-15 04:10:51,996] {logging_mixin.py:104} INFO - [2021-06-15 04:10:51,995] {dag.py:1832} INFO - Sync 1 DAGs
[2021-06-15 04:10:52,065] {logging_mixin.py:104} INFO - [2021-06-15 04:10:52,064] {dag.py:2305} INFO - Setting next_dagrun for example_skip_dag to 2021-06-13 00:00:00+00:00
[2021-06-15 04:10:52,111] {scheduler_job.py:190} INFO - Processing /home/airflow/.local/lib/python3.6/site-packages/airflow/example_dags/example_skip_dag.py took 0.308 seconds
[2021-06-15 04:11:23,237] {scheduler_job.py:182} INFO - Started process (PID=1170) to work on /home/airflow/.local/lib/python3.6/site-packages/airflow/example_dags/example_skip_dag.py
[2021-06-15 04:11:23,248] {scheduler_job.py:633} INFO - Processing file /home/airflow/.local/lib/python3.6/site-packages/airflow/example_dags/example_skip_dag.py for tasks to queue
[2021-06-15 04:11:23,256] {logging_mixin.py:104} INFO - [2021-06-15 04:11:23,255] {dagbag.py:487} INFO - Filling up the DagBag from /home/airflow/.local/lib/python3.6/site-packages/airflow/example_dags/example_skip_dag.py
[2021-06-15 04:11:23,338] {scheduler_job.py:643} INFO - DAG(s) dict_keys(['example_skip_dag']) retrieved from /home/airflow/.local/lib/python3.6/site-packages/airflow/example_dags/example_skip_dag.py
[2021-06-15 04:11:23,522] {logging_mixin.py:104} INFO - [2021-06-15 04:11:23,521] {dag.py:1832} INFO - Sync 1 DAGs
[2021-06-15 04:11:23,633] {logging_mixin.py:104} INFO - [2021-06-15 04:11:23,632] {dag.py:2305} INFO - Setting next_dagrun for example_skip_dag to 2021-06-13 00:00:00+00:00
[2021-06-15 04:11:23,686] {scheduler_job.py:190} INFO - Processing /home/airflow/.local/lib/python3.6/site-packages/airflow/example_dags/example_skip_dag.py took 0.474 seconds
[2021-06-15 04:11:54,614] {scheduler_job.py:182} INFO - Started process (PID=1231) to work on /home/airflow/.local/lib/python3.6/site-packages/airflow/example_dags/example_skip_dag.py
[2021-06-15 04:11:54,630] {scheduler_job.py:633} INFO - Processing file /home/airflow/.local/lib/python3.6/site-packages/airflow/example_dags/example_skip_dag.py for tasks to queue
[2021-06-15 04:11:54,637] {logging_mixin.py:104} INFO - [2021-06-15 04:11:54,636] {dagbag.py:487} INFO - Filling up the DagBag from /home/airflow/.local/lib/python3.6/site-packages/airflow/example_dags/example_skip_dag.py
[2021-06-15 04:11:54,704] {scheduler_job.py:643} INFO - DAG(s) dict_keys(['example_skip_dag']) retrieved from /home/airflow/.local/lib/python3.6/site-packages/airflow/example_dags/example_skip_dag.py
[2021-06-15 04:11:54,848] {logging_mixin.py:104} INFO - [2021-06-15 04:11:54,847] {dag.py:1832} INFO - Sync 1 DAGs
[2021-06-15 04:11:54,950] {logging_mixin.py:104} INFO - [2021-06-15 04:11:54,948] {dag.py:2305} INFO - Setting next_dagrun for example_skip_dag to 2021-06-13 00:00:00+00:00
[2021-06-15 04:11:55,006] {scheduler_job.py:190} INFO - Processing /home/airflow/.local/lib/python3.6/site-packages/airflow/example_dags/example_skip_dag.py took 0.414 seconds
