[2021-06-15 03:25:27,632] {scheduler_job.py:182} INFO - Started process (PID=88) to work on /home/airflow/.local/lib/python3.6/site-packages/airflow/example_dags/example_external_task_marker_dag.py
[2021-06-15 03:25:27,656] {scheduler_job.py:633} INFO - Processing file /home/airflow/.local/lib/python3.6/site-packages/airflow/example_dags/example_external_task_marker_dag.py for tasks to queue
[2021-06-15 03:25:27,680] {logging_mixin.py:104} INFO - [2021-06-15 03:25:27,679] {dagbag.py:487} INFO - Filling up the DagBag from /home/airflow/.local/lib/python3.6/site-packages/airflow/example_dags/example_external_task_marker_dag.py
[2021-06-15 03:25:27,793] {scheduler_job.py:643} INFO - DAG(s) dict_keys(['example_external_task_marker_parent', 'example_external_task_marker_child']) retrieved from /home/airflow/.local/lib/python3.6/site-packages/airflow/example_dags/example_external_task_marker_dag.py
[2021-06-15 03:25:28,675] {logging_mixin.py:104} INFO - [2021-06-15 03:25:28,674] {dag.py:1832} INFO - Sync 2 DAGs
[2021-06-15 03:25:28,759] {logging_mixin.py:104} INFO - [2021-06-15 03:25:28,758] {dag.py:2305} INFO - Setting next_dagrun for example_external_task_marker_child to None
[2021-06-15 03:25:28,765] {logging_mixin.py:104} INFO - [2021-06-15 03:25:28,764] {dag.py:2305} INFO - Setting next_dagrun for example_external_task_marker_parent to None
[2021-06-15 03:25:28,834] {scheduler_job.py:190} INFO - Processing /home/airflow/.local/lib/python3.6/site-packages/airflow/example_dags/example_external_task_marker_dag.py took 1.222 seconds
[2021-06-15 03:25:59,713] {scheduler_job.py:182} INFO - Started process (PID=146) to work on /home/airflow/.local/lib/python3.6/site-packages/airflow/example_dags/example_external_task_marker_dag.py
[2021-06-15 03:25:59,735] {scheduler_job.py:633} INFO - Processing file /home/airflow/.local/lib/python3.6/site-packages/airflow/example_dags/example_external_task_marker_dag.py for tasks to queue
[2021-06-15 03:25:59,756] {logging_mixin.py:104} INFO - [2021-06-15 03:25:59,754] {dagbag.py:487} INFO - Filling up the DagBag from /home/airflow/.local/lib/python3.6/site-packages/airflow/example_dags/example_external_task_marker_dag.py
[2021-06-15 03:25:59,875] {scheduler_job.py:643} INFO - DAG(s) dict_keys(['example_external_task_marker_parent', 'example_external_task_marker_child']) retrieved from /home/airflow/.local/lib/python3.6/site-packages/airflow/example_dags/example_external_task_marker_dag.py
[2021-06-15 03:26:00,082] {logging_mixin.py:104} INFO - [2021-06-15 03:26:00,082] {dag.py:1832} INFO - Sync 2 DAGs
[2021-06-15 03:26:00,211] {logging_mixin.py:104} INFO - [2021-06-15 03:26:00,210] {dag.py:2305} INFO - Setting next_dagrun for example_external_task_marker_child to None
[2021-06-15 03:26:00,229] {logging_mixin.py:104} INFO - [2021-06-15 03:26:00,228] {dag.py:2305} INFO - Setting next_dagrun for example_external_task_marker_parent to None
[2021-06-15 03:26:00,327] {scheduler_job.py:190} INFO - Processing /home/airflow/.local/lib/python3.6/site-packages/airflow/example_dags/example_external_task_marker_dag.py took 0.641 seconds
[2021-06-15 03:26:31,159] {scheduler_job.py:182} INFO - Started process (PID=213) to work on /home/airflow/.local/lib/python3.6/site-packages/airflow/example_dags/example_external_task_marker_dag.py
[2021-06-15 03:26:31,167] {scheduler_job.py:633} INFO - Processing file /home/airflow/.local/lib/python3.6/site-packages/airflow/example_dags/example_external_task_marker_dag.py for tasks to queue
[2021-06-15 03:26:31,172] {logging_mixin.py:104} INFO - [2021-06-15 03:26:31,171] {dagbag.py:487} INFO - Filling up the DagBag from /home/airflow/.local/lib/python3.6/site-packages/airflow/example_dags/example_external_task_marker_dag.py
[2021-06-15 03:26:31,238] {scheduler_job.py:643} INFO - DAG(s) dict_keys(['example_external_task_marker_parent', 'example_external_task_marker_child']) retrieved from /home/airflow/.local/lib/python3.6/site-packages/airflow/example_dags/example_external_task_marker_dag.py
[2021-06-15 03:26:32,150] {logging_mixin.py:104} INFO - [2021-06-15 03:26:32,150] {dag.py:1832} INFO - Sync 2 DAGs
[2021-06-15 03:26:32,222] {logging_mixin.py:104} INFO - [2021-06-15 03:26:32,221] {dag.py:2305} INFO - Setting next_dagrun for example_external_task_marker_child to None
[2021-06-15 03:26:32,228] {logging_mixin.py:104} INFO - [2021-06-15 03:26:32,228] {dag.py:2305} INFO - Setting next_dagrun for example_external_task_marker_parent to None
[2021-06-15 03:26:32,281] {scheduler_job.py:190} INFO - Processing /home/airflow/.local/lib/python3.6/site-packages/airflow/example_dags/example_external_task_marker_dag.py took 1.144 seconds
[2021-06-15 03:27:02,444] {scheduler_job.py:182} INFO - Started process (PID=273) to work on /home/airflow/.local/lib/python3.6/site-packages/airflow/example_dags/example_external_task_marker_dag.py
[2021-06-15 03:27:02,454] {scheduler_job.py:633} INFO - Processing file /home/airflow/.local/lib/python3.6/site-packages/airflow/example_dags/example_external_task_marker_dag.py for tasks to queue
[2021-06-15 03:27:02,460] {logging_mixin.py:104} INFO - [2021-06-15 03:27:02,460] {dagbag.py:487} INFO - Filling up the DagBag from /home/airflow/.local/lib/python3.6/site-packages/airflow/example_dags/example_external_task_marker_dag.py
[2021-06-15 03:27:02,514] {scheduler_job.py:643} INFO - DAG(s) dict_keys(['example_external_task_marker_parent', 'example_external_task_marker_child']) retrieved from /home/airflow/.local/lib/python3.6/site-packages/airflow/example_dags/example_external_task_marker_dag.py
[2021-06-15 03:27:03,407] {logging_mixin.py:104} INFO - [2021-06-15 03:27:03,407] {dag.py:1832} INFO - Sync 2 DAGs
[2021-06-15 03:27:03,485] {logging_mixin.py:104} INFO - [2021-06-15 03:27:03,485] {dag.py:2305} INFO - Setting next_dagrun for example_external_task_marker_child to None
[2021-06-15 03:27:03,494] {logging_mixin.py:104} INFO - [2021-06-15 03:27:03,493] {dag.py:2305} INFO - Setting next_dagrun for example_external_task_marker_parent to None
[2021-06-15 03:27:03,554] {scheduler_job.py:190} INFO - Processing /home/airflow/.local/lib/python3.6/site-packages/airflow/example_dags/example_external_task_marker_dag.py took 1.124 seconds
[2021-06-15 03:27:34,035] {scheduler_job.py:182} INFO - Started process (PID=338) to work on /home/airflow/.local/lib/python3.6/site-packages/airflow/example_dags/example_external_task_marker_dag.py
[2021-06-15 03:27:34,044] {scheduler_job.py:633} INFO - Processing file /home/airflow/.local/lib/python3.6/site-packages/airflow/example_dags/example_external_task_marker_dag.py for tasks to queue
[2021-06-15 03:27:34,053] {logging_mixin.py:104} INFO - [2021-06-15 03:27:34,051] {dagbag.py:487} INFO - Filling up the DagBag from /home/airflow/.local/lib/python3.6/site-packages/airflow/example_dags/example_external_task_marker_dag.py
[2021-06-15 03:27:34,121] {scheduler_job.py:643} INFO - DAG(s) dict_keys(['example_external_task_marker_parent', 'example_external_task_marker_child']) retrieved from /home/airflow/.local/lib/python3.6/site-packages/airflow/example_dags/example_external_task_marker_dag.py
[2021-06-15 03:27:35,132] {logging_mixin.py:104} INFO - [2021-06-15 03:27:35,132] {dag.py:1832} INFO - Sync 2 DAGs
[2021-06-15 03:27:35,230] {logging_mixin.py:104} INFO - [2021-06-15 03:27:35,229] {dag.py:2305} INFO - Setting next_dagrun for example_external_task_marker_child to None
[2021-06-15 03:27:35,236] {logging_mixin.py:104} INFO - [2021-06-15 03:27:35,236] {dag.py:2305} INFO - Setting next_dagrun for example_external_task_marker_parent to None
[2021-06-15 03:27:35,326] {scheduler_job.py:190} INFO - Processing /home/airflow/.local/lib/python3.6/site-packages/airflow/example_dags/example_external_task_marker_dag.py took 1.315 seconds
[2021-06-15 03:28:05,623] {scheduler_job.py:182} INFO - Started process (PID=400) to work on /home/airflow/.local/lib/python3.6/site-packages/airflow/example_dags/example_external_task_marker_dag.py
[2021-06-15 03:28:05,631] {scheduler_job.py:633} INFO - Processing file /home/airflow/.local/lib/python3.6/site-packages/airflow/example_dags/example_external_task_marker_dag.py for tasks to queue
[2021-06-15 03:28:05,637] {logging_mixin.py:104} INFO - [2021-06-15 03:28:05,637] {dagbag.py:487} INFO - Filling up the DagBag from /home/airflow/.local/lib/python3.6/site-packages/airflow/example_dags/example_external_task_marker_dag.py
[2021-06-15 03:28:05,703] {scheduler_job.py:643} INFO - DAG(s) dict_keys(['example_external_task_marker_parent', 'example_external_task_marker_child']) retrieved from /home/airflow/.local/lib/python3.6/site-packages/airflow/example_dags/example_external_task_marker_dag.py
[2021-06-15 03:28:05,866] {logging_mixin.py:104} INFO - [2021-06-15 03:28:05,865] {dag.py:1832} INFO - Sync 2 DAGs
[2021-06-15 03:28:05,941] {logging_mixin.py:104} INFO - [2021-06-15 03:28:05,940] {dag.py:2305} INFO - Setting next_dagrun for example_external_task_marker_child to None
[2021-06-15 03:28:05,949] {logging_mixin.py:104} INFO - [2021-06-15 03:28:05,949] {dag.py:2305} INFO - Setting next_dagrun for example_external_task_marker_parent to None
[2021-06-15 03:28:05,998] {scheduler_job.py:190} INFO - Processing /home/airflow/.local/lib/python3.6/site-packages/airflow/example_dags/example_external_task_marker_dag.py took 0.393 seconds
[2021-06-15 03:28:36,155] {scheduler_job.py:182} INFO - Started process (PID=467) to work on /home/airflow/.local/lib/python3.6/site-packages/airflow/example_dags/example_external_task_marker_dag.py
[2021-06-15 03:28:36,162] {scheduler_job.py:633} INFO - Processing file /home/airflow/.local/lib/python3.6/site-packages/airflow/example_dags/example_external_task_marker_dag.py for tasks to queue
[2021-06-15 03:28:36,168] {logging_mixin.py:104} INFO - [2021-06-15 03:28:36,167] {dagbag.py:487} INFO - Filling up the DagBag from /home/airflow/.local/lib/python3.6/site-packages/airflow/example_dags/example_external_task_marker_dag.py
[2021-06-15 03:28:36,234] {scheduler_job.py:643} INFO - DAG(s) dict_keys(['example_external_task_marker_parent', 'example_external_task_marker_child']) retrieved from /home/airflow/.local/lib/python3.6/site-packages/airflow/example_dags/example_external_task_marker_dag.py
[2021-06-15 03:28:37,156] {logging_mixin.py:104} INFO - [2021-06-15 03:28:37,155] {dag.py:1832} INFO - Sync 2 DAGs
[2021-06-15 03:28:37,218] {logging_mixin.py:104} INFO - [2021-06-15 03:28:37,217] {dag.py:2305} INFO - Setting next_dagrun for example_external_task_marker_child to None
[2021-06-15 03:28:37,223] {logging_mixin.py:104} INFO - [2021-06-15 03:28:37,223] {dag.py:2305} INFO - Setting next_dagrun for example_external_task_marker_parent to None
[2021-06-15 03:28:37,272] {scheduler_job.py:190} INFO - Processing /home/airflow/.local/lib/python3.6/site-packages/airflow/example_dags/example_external_task_marker_dag.py took 1.135 seconds
[2021-06-15 03:29:08,300] {scheduler_job.py:182} INFO - Started process (PID=535) to work on /home/airflow/.local/lib/python3.6/site-packages/airflow/example_dags/example_external_task_marker_dag.py
[2021-06-15 03:29:08,311] {scheduler_job.py:633} INFO - Processing file /home/airflow/.local/lib/python3.6/site-packages/airflow/example_dags/example_external_task_marker_dag.py for tasks to queue
[2021-06-15 03:29:08,318] {logging_mixin.py:104} INFO - [2021-06-15 03:29:08,317] {dagbag.py:487} INFO - Filling up the DagBag from /home/airflow/.local/lib/python3.6/site-packages/airflow/example_dags/example_external_task_marker_dag.py
[2021-06-15 03:29:08,392] {scheduler_job.py:643} INFO - DAG(s) dict_keys(['example_external_task_marker_parent', 'example_external_task_marker_child']) retrieved from /home/airflow/.local/lib/python3.6/site-packages/airflow/example_dags/example_external_task_marker_dag.py
[2021-06-15 03:29:09,326] {logging_mixin.py:104} INFO - [2021-06-15 03:29:09,326] {dag.py:1832} INFO - Sync 2 DAGs
[2021-06-15 03:29:09,411] {logging_mixin.py:104} INFO - [2021-06-15 03:29:09,410] {dag.py:2305} INFO - Setting next_dagrun for example_external_task_marker_child to None
[2021-06-15 03:29:09,419] {logging_mixin.py:104} INFO - [2021-06-15 03:29:09,419] {dag.py:2305} INFO - Setting next_dagrun for example_external_task_marker_parent to None
[2021-06-15 03:29:09,485] {scheduler_job.py:190} INFO - Processing /home/airflow/.local/lib/python3.6/site-packages/airflow/example_dags/example_external_task_marker_dag.py took 1.242 seconds
[2021-06-15 03:29:39,842] {scheduler_job.py:182} INFO - Started process (PID=596) to work on /home/airflow/.local/lib/python3.6/site-packages/airflow/example_dags/example_external_task_marker_dag.py
[2021-06-15 03:29:39,852] {scheduler_job.py:633} INFO - Processing file /home/airflow/.local/lib/python3.6/site-packages/airflow/example_dags/example_external_task_marker_dag.py for tasks to queue
[2021-06-15 03:29:39,866] {logging_mixin.py:104} INFO - [2021-06-15 03:29:39,865] {dagbag.py:487} INFO - Filling up the DagBag from /home/airflow/.local/lib/python3.6/site-packages/airflow/example_dags/example_external_task_marker_dag.py
[2021-06-15 03:29:39,938] {scheduler_job.py:643} INFO - DAG(s) dict_keys(['example_external_task_marker_parent', 'example_external_task_marker_child']) retrieved from /home/airflow/.local/lib/python3.6/site-packages/airflow/example_dags/example_external_task_marker_dag.py
[2021-06-15 03:29:41,148] {logging_mixin.py:104} INFO - [2021-06-15 03:29:41,147] {dag.py:1832} INFO - Sync 2 DAGs
[2021-06-15 03:29:41,241] {logging_mixin.py:104} INFO - [2021-06-15 03:29:41,240] {dag.py:2305} INFO - Setting next_dagrun for example_external_task_marker_child to None
[2021-06-15 03:29:41,249] {logging_mixin.py:104} INFO - [2021-06-15 03:29:41,248] {dag.py:2305} INFO - Setting next_dagrun for example_external_task_marker_parent to None
[2021-06-15 03:29:41,320] {scheduler_job.py:190} INFO - Processing /home/airflow/.local/lib/python3.6/site-packages/airflow/example_dags/example_external_task_marker_dag.py took 1.496 seconds
[2021-06-15 03:30:11,606] {scheduler_job.py:182} INFO - Started process (PID=652) to work on /home/airflow/.local/lib/python3.6/site-packages/airflow/example_dags/example_external_task_marker_dag.py
[2021-06-15 03:30:11,615] {scheduler_job.py:633} INFO - Processing file /home/airflow/.local/lib/python3.6/site-packages/airflow/example_dags/example_external_task_marker_dag.py for tasks to queue
[2021-06-15 03:30:11,621] {logging_mixin.py:104} INFO - [2021-06-15 03:30:11,620] {dagbag.py:487} INFO - Filling up the DagBag from /home/airflow/.local/lib/python3.6/site-packages/airflow/example_dags/example_external_task_marker_dag.py
[2021-06-15 03:30:11,676] {scheduler_job.py:643} INFO - DAG(s) dict_keys(['example_external_task_marker_parent', 'example_external_task_marker_child']) retrieved from /home/airflow/.local/lib/python3.6/site-packages/airflow/example_dags/example_external_task_marker_dag.py
[2021-06-15 03:30:12,487] {logging_mixin.py:104} INFO - [2021-06-15 03:30:12,486] {dag.py:1832} INFO - Sync 2 DAGs
[2021-06-15 03:30:12,541] {logging_mixin.py:104} INFO - [2021-06-15 03:30:12,541] {dag.py:2305} INFO - Setting next_dagrun for example_external_task_marker_child to None
[2021-06-15 03:30:12,548] {logging_mixin.py:104} INFO - [2021-06-15 03:30:12,547] {dag.py:2305} INFO - Setting next_dagrun for example_external_task_marker_parent to None
[2021-06-15 03:30:12,592] {scheduler_job.py:190} INFO - Processing /home/airflow/.local/lib/python3.6/site-packages/airflow/example_dags/example_external_task_marker_dag.py took 1.012 seconds
[2021-06-15 03:30:42,899] {scheduler_job.py:182} INFO - Started process (PID=720) to work on /home/airflow/.local/lib/python3.6/site-packages/airflow/example_dags/example_external_task_marker_dag.py
[2021-06-15 03:30:42,905] {scheduler_job.py:633} INFO - Processing file /home/airflow/.local/lib/python3.6/site-packages/airflow/example_dags/example_external_task_marker_dag.py for tasks to queue
[2021-06-15 03:30:42,909] {logging_mixin.py:104} INFO - [2021-06-15 03:30:42,909] {dagbag.py:487} INFO - Filling up the DagBag from /home/airflow/.local/lib/python3.6/site-packages/airflow/example_dags/example_external_task_marker_dag.py
[2021-06-15 03:30:42,960] {scheduler_job.py:643} INFO - DAG(s) dict_keys(['example_external_task_marker_parent', 'example_external_task_marker_child']) retrieved from /home/airflow/.local/lib/python3.6/site-packages/airflow/example_dags/example_external_task_marker_dag.py
[2021-06-15 03:30:43,754] {logging_mixin.py:104} INFO - [2021-06-15 03:30:43,754] {dag.py:1832} INFO - Sync 2 DAGs
[2021-06-15 03:30:43,812] {logging_mixin.py:104} INFO - [2021-06-15 03:30:43,812] {dag.py:2305} INFO - Setting next_dagrun for example_external_task_marker_child to None
[2021-06-15 03:30:43,818] {logging_mixin.py:104} INFO - [2021-06-15 03:30:43,817] {dag.py:2305} INFO - Setting next_dagrun for example_external_task_marker_parent to None
[2021-06-15 03:30:43,869] {scheduler_job.py:190} INFO - Processing /home/airflow/.local/lib/python3.6/site-packages/airflow/example_dags/example_external_task_marker_dag.py took 0.985 seconds
[2021-06-15 03:31:14,575] {scheduler_job.py:182} INFO - Started process (PID=787) to work on /home/airflow/.local/lib/python3.6/site-packages/airflow/example_dags/example_external_task_marker_dag.py
[2021-06-15 03:31:14,584] {scheduler_job.py:633} INFO - Processing file /home/airflow/.local/lib/python3.6/site-packages/airflow/example_dags/example_external_task_marker_dag.py for tasks to queue
[2021-06-15 03:31:14,590] {logging_mixin.py:104} INFO - [2021-06-15 03:31:14,589] {dagbag.py:487} INFO - Filling up the DagBag from /home/airflow/.local/lib/python3.6/site-packages/airflow/example_dags/example_external_task_marker_dag.py
[2021-06-15 03:31:14,641] {scheduler_job.py:643} INFO - DAG(s) dict_keys(['example_external_task_marker_parent', 'example_external_task_marker_child']) retrieved from /home/airflow/.local/lib/python3.6/site-packages/airflow/example_dags/example_external_task_marker_dag.py
[2021-06-15 03:31:14,748] {logging_mixin.py:104} INFO - [2021-06-15 03:31:14,748] {dag.py:1832} INFO - Sync 2 DAGs
[2021-06-15 03:31:14,816] {logging_mixin.py:104} INFO - [2021-06-15 03:31:14,815] {dag.py:2305} INFO - Setting next_dagrun for example_external_task_marker_child to None
[2021-06-15 03:31:14,822] {logging_mixin.py:104} INFO - [2021-06-15 03:31:14,822] {dag.py:2305} INFO - Setting next_dagrun for example_external_task_marker_parent to None
[2021-06-15 03:31:14,861] {scheduler_job.py:190} INFO - Processing /home/airflow/.local/lib/python3.6/site-packages/airflow/example_dags/example_external_task_marker_dag.py took 0.301 seconds
[2021-06-15 03:31:45,034] {scheduler_job.py:182} INFO - Started process (PID=856) to work on /home/airflow/.local/lib/python3.6/site-packages/airflow/example_dags/example_external_task_marker_dag.py
[2021-06-15 03:31:45,052] {scheduler_job.py:633} INFO - Processing file /home/airflow/.local/lib/python3.6/site-packages/airflow/example_dags/example_external_task_marker_dag.py for tasks to queue
[2021-06-15 03:31:45,059] {logging_mixin.py:104} INFO - [2021-06-15 03:31:45,058] {dagbag.py:487} INFO - Filling up the DagBag from /home/airflow/.local/lib/python3.6/site-packages/airflow/example_dags/example_external_task_marker_dag.py
[2021-06-15 03:31:45,181] {scheduler_job.py:643} INFO - DAG(s) dict_keys(['example_external_task_marker_parent', 'example_external_task_marker_child']) retrieved from /home/airflow/.local/lib/python3.6/site-packages/airflow/example_dags/example_external_task_marker_dag.py
[2021-06-15 03:31:46,079] {logging_mixin.py:104} INFO - [2021-06-15 03:31:46,078] {dag.py:1832} INFO - Sync 2 DAGs
[2021-06-15 03:31:46,138] {logging_mixin.py:104} INFO - [2021-06-15 03:31:46,138] {dag.py:2305} INFO - Setting next_dagrun for example_external_task_marker_child to None
[2021-06-15 03:31:46,144] {logging_mixin.py:104} INFO - [2021-06-15 03:31:46,144] {dag.py:2305} INFO - Setting next_dagrun for example_external_task_marker_parent to None
[2021-06-15 03:31:46,188] {scheduler_job.py:190} INFO - Processing /home/airflow/.local/lib/python3.6/site-packages/airflow/example_dags/example_external_task_marker_dag.py took 1.179 seconds
[2021-06-15 03:32:17,119] {scheduler_job.py:182} INFO - Started process (PID=917) to work on /home/airflow/.local/lib/python3.6/site-packages/airflow/example_dags/example_external_task_marker_dag.py
[2021-06-15 03:32:17,133] {scheduler_job.py:633} INFO - Processing file /home/airflow/.local/lib/python3.6/site-packages/airflow/example_dags/example_external_task_marker_dag.py for tasks to queue
[2021-06-15 03:32:17,140] {logging_mixin.py:104} INFO - [2021-06-15 03:32:17,139] {dagbag.py:487} INFO - Filling up the DagBag from /home/airflow/.local/lib/python3.6/site-packages/airflow/example_dags/example_external_task_marker_dag.py
[2021-06-15 03:32:17,215] {scheduler_job.py:643} INFO - DAG(s) dict_keys(['example_external_task_marker_parent', 'example_external_task_marker_child']) retrieved from /home/airflow/.local/lib/python3.6/site-packages/airflow/example_dags/example_external_task_marker_dag.py
[2021-06-15 03:32:17,365] {logging_mixin.py:104} INFO - [2021-06-15 03:32:17,365] {dag.py:1832} INFO - Sync 2 DAGs
[2021-06-15 03:32:17,512] {logging_mixin.py:104} INFO - [2021-06-15 03:32:17,512] {dag.py:2305} INFO - Setting next_dagrun for example_external_task_marker_child to None
[2021-06-15 03:32:17,519] {logging_mixin.py:104} INFO - [2021-06-15 03:32:17,519] {dag.py:2305} INFO - Setting next_dagrun for example_external_task_marker_parent to None
[2021-06-15 03:32:17,564] {scheduler_job.py:190} INFO - Processing /home/airflow/.local/lib/python3.6/site-packages/airflow/example_dags/example_external_task_marker_dag.py took 0.469 seconds
[2021-06-15 03:32:47,794] {scheduler_job.py:182} INFO - Started process (PID=973) to work on /home/airflow/.local/lib/python3.6/site-packages/airflow/example_dags/example_external_task_marker_dag.py
[2021-06-15 03:32:47,801] {scheduler_job.py:633} INFO - Processing file /home/airflow/.local/lib/python3.6/site-packages/airflow/example_dags/example_external_task_marker_dag.py for tasks to queue
[2021-06-15 03:32:47,806] {logging_mixin.py:104} INFO - [2021-06-15 03:32:47,805] {dagbag.py:487} INFO - Filling up the DagBag from /home/airflow/.local/lib/python3.6/site-packages/airflow/example_dags/example_external_task_marker_dag.py
[2021-06-15 03:32:47,859] {scheduler_job.py:643} INFO - DAG(s) dict_keys(['example_external_task_marker_parent', 'example_external_task_marker_child']) retrieved from /home/airflow/.local/lib/python3.6/site-packages/airflow/example_dags/example_external_task_marker_dag.py
[2021-06-15 03:32:47,986] {logging_mixin.py:104} INFO - [2021-06-15 03:32:47,985] {dag.py:1832} INFO - Sync 2 DAGs
[2021-06-15 03:32:48,072] {logging_mixin.py:104} INFO - [2021-06-15 03:32:48,071] {dag.py:2305} INFO - Setting next_dagrun for example_external_task_marker_child to None
[2021-06-15 03:32:48,078] {logging_mixin.py:104} INFO - [2021-06-15 03:32:48,078] {dag.py:2305} INFO - Setting next_dagrun for example_external_task_marker_parent to None
[2021-06-15 03:32:48,125] {scheduler_job.py:190} INFO - Processing /home/airflow/.local/lib/python3.6/site-packages/airflow/example_dags/example_external_task_marker_dag.py took 0.347 seconds
[2021-06-15 03:33:18,595] {scheduler_job.py:182} INFO - Started process (PID=1041) to work on /home/airflow/.local/lib/python3.6/site-packages/airflow/example_dags/example_external_task_marker_dag.py
[2021-06-15 03:33:18,602] {scheduler_job.py:633} INFO - Processing file /home/airflow/.local/lib/python3.6/site-packages/airflow/example_dags/example_external_task_marker_dag.py for tasks to queue
[2021-06-15 03:33:18,607] {logging_mixin.py:104} INFO - [2021-06-15 03:33:18,606] {dagbag.py:487} INFO - Filling up the DagBag from /home/airflow/.local/lib/python3.6/site-packages/airflow/example_dags/example_external_task_marker_dag.py
[2021-06-15 03:33:18,663] {scheduler_job.py:643} INFO - DAG(s) dict_keys(['example_external_task_marker_parent', 'example_external_task_marker_child']) retrieved from /home/airflow/.local/lib/python3.6/site-packages/airflow/example_dags/example_external_task_marker_dag.py
[2021-06-15 03:33:19,516] {logging_mixin.py:104} INFO - [2021-06-15 03:33:19,515] {dag.py:1832} INFO - Sync 2 DAGs
[2021-06-15 03:33:19,574] {logging_mixin.py:104} INFO - [2021-06-15 03:33:19,573] {dag.py:2305} INFO - Setting next_dagrun for example_external_task_marker_child to None
[2021-06-15 03:33:19,579] {logging_mixin.py:104} INFO - [2021-06-15 03:33:19,579] {dag.py:2305} INFO - Setting next_dagrun for example_external_task_marker_parent to None
[2021-06-15 03:33:19,629] {scheduler_job.py:190} INFO - Processing /home/airflow/.local/lib/python3.6/site-packages/airflow/example_dags/example_external_task_marker_dag.py took 1.049 seconds
[2021-06-15 03:33:50,564] {scheduler_job.py:182} INFO - Started process (PID=1109) to work on /home/airflow/.local/lib/python3.6/site-packages/airflow/example_dags/example_external_task_marker_dag.py
[2021-06-15 03:33:50,571] {scheduler_job.py:633} INFO - Processing file /home/airflow/.local/lib/python3.6/site-packages/airflow/example_dags/example_external_task_marker_dag.py for tasks to queue
[2021-06-15 03:33:50,576] {logging_mixin.py:104} INFO - [2021-06-15 03:33:50,576] {dagbag.py:487} INFO - Filling up the DagBag from /home/airflow/.local/lib/python3.6/site-packages/airflow/example_dags/example_external_task_marker_dag.py
[2021-06-15 03:33:50,632] {scheduler_job.py:643} INFO - DAG(s) dict_keys(['example_external_task_marker_parent', 'example_external_task_marker_child']) retrieved from /home/airflow/.local/lib/python3.6/site-packages/airflow/example_dags/example_external_task_marker_dag.py
[2021-06-15 03:33:51,467] {logging_mixin.py:104} INFO - [2021-06-15 03:33:51,467] {dag.py:1832} INFO - Sync 2 DAGs
[2021-06-15 03:33:51,522] {logging_mixin.py:104} INFO - [2021-06-15 03:33:51,521] {dag.py:2305} INFO - Setting next_dagrun for example_external_task_marker_child to None
[2021-06-15 03:33:51,527] {logging_mixin.py:104} INFO - [2021-06-15 03:33:51,527] {dag.py:2305} INFO - Setting next_dagrun for example_external_task_marker_parent to None
[2021-06-15 03:33:51,571] {scheduler_job.py:190} INFO - Processing /home/airflow/.local/lib/python3.6/site-packages/airflow/example_dags/example_external_task_marker_dag.py took 1.022 seconds
[2021-06-15 03:34:22,227] {scheduler_job.py:182} INFO - Started process (PID=1178) to work on /home/airflow/.local/lib/python3.6/site-packages/airflow/example_dags/example_external_task_marker_dag.py
[2021-06-15 03:34:22,234] {scheduler_job.py:633} INFO - Processing file /home/airflow/.local/lib/python3.6/site-packages/airflow/example_dags/example_external_task_marker_dag.py for tasks to queue
[2021-06-15 03:34:22,241] {logging_mixin.py:104} INFO - [2021-06-15 03:34:22,240] {dagbag.py:487} INFO - Filling up the DagBag from /home/airflow/.local/lib/python3.6/site-packages/airflow/example_dags/example_external_task_marker_dag.py
[2021-06-15 03:34:22,295] {scheduler_job.py:643} INFO - DAG(s) dict_keys(['example_external_task_marker_parent', 'example_external_task_marker_child']) retrieved from /home/airflow/.local/lib/python3.6/site-packages/airflow/example_dags/example_external_task_marker_dag.py
[2021-06-15 03:34:23,103] {logging_mixin.py:104} INFO - [2021-06-15 03:34:23,102] {dag.py:1832} INFO - Sync 2 DAGs
[2021-06-15 03:34:23,158] {logging_mixin.py:104} INFO - [2021-06-15 03:34:23,158] {dag.py:2305} INFO - Setting next_dagrun for example_external_task_marker_child to None
[2021-06-15 03:34:23,164] {logging_mixin.py:104} INFO - [2021-06-15 03:34:23,163] {dag.py:2305} INFO - Setting next_dagrun for example_external_task_marker_parent to None
[2021-06-15 03:34:23,209] {scheduler_job.py:190} INFO - Processing /home/airflow/.local/lib/python3.6/site-packages/airflow/example_dags/example_external_task_marker_dag.py took 0.997 seconds
[2021-06-15 03:34:53,433] {scheduler_job.py:182} INFO - Started process (PID=1237) to work on /home/airflow/.local/lib/python3.6/site-packages/airflow/example_dags/example_external_task_marker_dag.py
[2021-06-15 03:34:53,441] {scheduler_job.py:633} INFO - Processing file /home/airflow/.local/lib/python3.6/site-packages/airflow/example_dags/example_external_task_marker_dag.py for tasks to queue
[2021-06-15 03:34:53,447] {logging_mixin.py:104} INFO - [2021-06-15 03:34:53,446] {dagbag.py:487} INFO - Filling up the DagBag from /home/airflow/.local/lib/python3.6/site-packages/airflow/example_dags/example_external_task_marker_dag.py
[2021-06-15 03:34:53,522] {scheduler_job.py:643} INFO - DAG(s) dict_keys(['example_external_task_marker_parent', 'example_external_task_marker_child']) retrieved from /home/airflow/.local/lib/python3.6/site-packages/airflow/example_dags/example_external_task_marker_dag.py
[2021-06-15 03:34:54,641] {logging_mixin.py:104} INFO - [2021-06-15 03:34:54,641] {dag.py:1832} INFO - Sync 2 DAGs
[2021-06-15 03:34:54,713] {logging_mixin.py:104} INFO - [2021-06-15 03:34:54,712] {dag.py:2305} INFO - Setting next_dagrun for example_external_task_marker_child to None
[2021-06-15 03:34:54,720] {logging_mixin.py:104} INFO - [2021-06-15 03:34:54,719] {dag.py:2305} INFO - Setting next_dagrun for example_external_task_marker_parent to None
[2021-06-15 03:34:54,781] {scheduler_job.py:190} INFO - Processing /home/airflow/.local/lib/python3.6/site-packages/airflow/example_dags/example_external_task_marker_dag.py took 1.368 seconds
[2021-06-15 03:35:25,188] {scheduler_job.py:182} INFO - Started process (PID=1305) to work on /home/airflow/.local/lib/python3.6/site-packages/airflow/example_dags/example_external_task_marker_dag.py
[2021-06-15 03:35:25,195] {scheduler_job.py:633} INFO - Processing file /home/airflow/.local/lib/python3.6/site-packages/airflow/example_dags/example_external_task_marker_dag.py for tasks to queue
[2021-06-15 03:35:25,201] {logging_mixin.py:104} INFO - [2021-06-15 03:35:25,201] {dagbag.py:487} INFO - Filling up the DagBag from /home/airflow/.local/lib/python3.6/site-packages/airflow/example_dags/example_external_task_marker_dag.py
[2021-06-15 03:35:25,257] {scheduler_job.py:643} INFO - DAG(s) dict_keys(['example_external_task_marker_parent', 'example_external_task_marker_child']) retrieved from /home/airflow/.local/lib/python3.6/site-packages/airflow/example_dags/example_external_task_marker_dag.py
[2021-06-15 03:35:25,371] {logging_mixin.py:104} INFO - [2021-06-15 03:35:25,370] {dag.py:1832} INFO - Sync 2 DAGs
[2021-06-15 03:35:25,442] {logging_mixin.py:104} INFO - [2021-06-15 03:35:25,442] {dag.py:2305} INFO - Setting next_dagrun for example_external_task_marker_child to None
[2021-06-15 03:35:25,448] {logging_mixin.py:104} INFO - [2021-06-15 03:35:25,448] {dag.py:2305} INFO - Setting next_dagrun for example_external_task_marker_parent to None
[2021-06-15 03:35:25,495] {scheduler_job.py:190} INFO - Processing /home/airflow/.local/lib/python3.6/site-packages/airflow/example_dags/example_external_task_marker_dag.py took 0.322 seconds
[2021-06-15 03:35:55,593] {scheduler_job.py:182} INFO - Started process (PID=1363) to work on /home/airflow/.local/lib/python3.6/site-packages/airflow/example_dags/example_external_task_marker_dag.py
[2021-06-15 03:35:55,600] {scheduler_job.py:633} INFO - Processing file /home/airflow/.local/lib/python3.6/site-packages/airflow/example_dags/example_external_task_marker_dag.py for tasks to queue
[2021-06-15 03:35:55,605] {logging_mixin.py:104} INFO - [2021-06-15 03:35:55,604] {dagbag.py:487} INFO - Filling up the DagBag from /home/airflow/.local/lib/python3.6/site-packages/airflow/example_dags/example_external_task_marker_dag.py
[2021-06-15 03:35:55,657] {scheduler_job.py:643} INFO - DAG(s) dict_keys(['example_external_task_marker_parent', 'example_external_task_marker_child']) retrieved from /home/airflow/.local/lib/python3.6/site-packages/airflow/example_dags/example_external_task_marker_dag.py
[2021-06-15 03:35:56,446] {logging_mixin.py:104} INFO - [2021-06-15 03:35:56,446] {dag.py:1832} INFO - Sync 2 DAGs
[2021-06-15 03:35:56,502] {logging_mixin.py:104} INFO - [2021-06-15 03:35:56,502] {dag.py:2305} INFO - Setting next_dagrun for example_external_task_marker_child to None
[2021-06-15 03:35:56,507] {logging_mixin.py:104} INFO - [2021-06-15 03:35:56,507] {dag.py:2305} INFO - Setting next_dagrun for example_external_task_marker_parent to None
[2021-06-15 03:35:56,559] {scheduler_job.py:190} INFO - Processing /home/airflow/.local/lib/python3.6/site-packages/airflow/example_dags/example_external_task_marker_dag.py took 0.980 seconds
[2021-06-15 03:36:26,779] {scheduler_job.py:182} INFO - Started process (PID=1430) to work on /home/airflow/.local/lib/python3.6/site-packages/airflow/example_dags/example_external_task_marker_dag.py
[2021-06-15 03:36:26,788] {scheduler_job.py:633} INFO - Processing file /home/airflow/.local/lib/python3.6/site-packages/airflow/example_dags/example_external_task_marker_dag.py for tasks to queue
[2021-06-15 03:36:26,794] {logging_mixin.py:104} INFO - [2021-06-15 03:36:26,793] {dagbag.py:487} INFO - Filling up the DagBag from /home/airflow/.local/lib/python3.6/site-packages/airflow/example_dags/example_external_task_marker_dag.py
[2021-06-15 03:36:26,847] {scheduler_job.py:643} INFO - DAG(s) dict_keys(['example_external_task_marker_parent', 'example_external_task_marker_child']) retrieved from /home/airflow/.local/lib/python3.6/site-packages/airflow/example_dags/example_external_task_marker_dag.py
[2021-06-15 03:36:27,676] {logging_mixin.py:104} INFO - [2021-06-15 03:36:27,676] {dag.py:1832} INFO - Sync 2 DAGs
[2021-06-15 03:36:27,732] {logging_mixin.py:104} INFO - [2021-06-15 03:36:27,732] {dag.py:2305} INFO - Setting next_dagrun for example_external_task_marker_child to None
[2021-06-15 03:36:27,739] {logging_mixin.py:104} INFO - [2021-06-15 03:36:27,739] {dag.py:2305} INFO - Setting next_dagrun for example_external_task_marker_parent to None
[2021-06-15 03:36:27,784] {scheduler_job.py:190} INFO - Processing /home/airflow/.local/lib/python3.6/site-packages/airflow/example_dags/example_external_task_marker_dag.py took 1.028 seconds
[2021-06-15 03:36:58,265] {scheduler_job.py:182} INFO - Started process (PID=1491) to work on /home/airflow/.local/lib/python3.6/site-packages/airflow/example_dags/example_external_task_marker_dag.py
[2021-06-15 03:36:58,273] {scheduler_job.py:633} INFO - Processing file /home/airflow/.local/lib/python3.6/site-packages/airflow/example_dags/example_external_task_marker_dag.py for tasks to queue
[2021-06-15 03:36:58,278] {logging_mixin.py:104} INFO - [2021-06-15 03:36:58,278] {dagbag.py:487} INFO - Filling up the DagBag from /home/airflow/.local/lib/python3.6/site-packages/airflow/example_dags/example_external_task_marker_dag.py
[2021-06-15 03:36:58,338] {scheduler_job.py:643} INFO - DAG(s) dict_keys(['example_external_task_marker_parent', 'example_external_task_marker_child']) retrieved from /home/airflow/.local/lib/python3.6/site-packages/airflow/example_dags/example_external_task_marker_dag.py
[2021-06-15 03:36:59,188] {logging_mixin.py:104} INFO - [2021-06-15 03:36:59,187] {dag.py:1832} INFO - Sync 2 DAGs
[2021-06-15 03:36:59,243] {logging_mixin.py:104} INFO - [2021-06-15 03:36:59,243] {dag.py:2305} INFO - Setting next_dagrun for example_external_task_marker_child to None
[2021-06-15 03:36:59,248] {logging_mixin.py:104} INFO - [2021-06-15 03:36:59,247] {dag.py:2305} INFO - Setting next_dagrun for example_external_task_marker_parent to None
[2021-06-15 03:36:59,291] {scheduler_job.py:190} INFO - Processing /home/airflow/.local/lib/python3.6/site-packages/airflow/example_dags/example_external_task_marker_dag.py took 1.040 seconds
[2021-06-15 03:37:29,919] {scheduler_job.py:182} INFO - Started process (PID=1557) to work on /home/airflow/.local/lib/python3.6/site-packages/airflow/example_dags/example_external_task_marker_dag.py
[2021-06-15 03:37:29,929] {scheduler_job.py:633} INFO - Processing file /home/airflow/.local/lib/python3.6/site-packages/airflow/example_dags/example_external_task_marker_dag.py for tasks to queue
[2021-06-15 03:37:29,935] {logging_mixin.py:104} INFO - [2021-06-15 03:37:29,934] {dagbag.py:487} INFO - Filling up the DagBag from /home/airflow/.local/lib/python3.6/site-packages/airflow/example_dags/example_external_task_marker_dag.py
[2021-06-15 03:37:29,986] {scheduler_job.py:643} INFO - DAG(s) dict_keys(['example_external_task_marker_parent', 'example_external_task_marker_child']) retrieved from /home/airflow/.local/lib/python3.6/site-packages/airflow/example_dags/example_external_task_marker_dag.py
[2021-06-15 03:37:30,914] {logging_mixin.py:104} INFO - [2021-06-15 03:37:30,914] {dag.py:1832} INFO - Sync 2 DAGs
[2021-06-15 03:37:30,970] {logging_mixin.py:104} INFO - [2021-06-15 03:37:30,970] {dag.py:2305} INFO - Setting next_dagrun for example_external_task_marker_child to None
[2021-06-15 03:37:30,977] {logging_mixin.py:104} INFO - [2021-06-15 03:37:30,977] {dag.py:2305} INFO - Setting next_dagrun for example_external_task_marker_parent to None
[2021-06-15 03:37:31,026] {scheduler_job.py:190} INFO - Processing /home/airflow/.local/lib/python3.6/site-packages/airflow/example_dags/example_external_task_marker_dag.py took 1.121 seconds
[2021-06-15 03:38:01,256] {scheduler_job.py:182} INFO - Started process (PID=1617) to work on /home/airflow/.local/lib/python3.6/site-packages/airflow/example_dags/example_external_task_marker_dag.py
[2021-06-15 03:38:01,263] {scheduler_job.py:633} INFO - Processing file /home/airflow/.local/lib/python3.6/site-packages/airflow/example_dags/example_external_task_marker_dag.py for tasks to queue
[2021-06-15 03:38:01,271] {logging_mixin.py:104} INFO - [2021-06-15 03:38:01,270] {dagbag.py:487} INFO - Filling up the DagBag from /home/airflow/.local/lib/python3.6/site-packages/airflow/example_dags/example_external_task_marker_dag.py
[2021-06-15 03:38:01,325] {scheduler_job.py:643} INFO - DAG(s) dict_keys(['example_external_task_marker_parent', 'example_external_task_marker_child']) retrieved from /home/airflow/.local/lib/python3.6/site-packages/airflow/example_dags/example_external_task_marker_dag.py
[2021-06-15 03:38:02,147] {logging_mixin.py:104} INFO - [2021-06-15 03:38:02,147] {dag.py:1832} INFO - Sync 2 DAGs
[2021-06-15 03:38:02,203] {logging_mixin.py:104} INFO - [2021-06-15 03:38:02,202] {dag.py:2305} INFO - Setting next_dagrun for example_external_task_marker_child to None
[2021-06-15 03:38:02,208] {logging_mixin.py:104} INFO - [2021-06-15 03:38:02,208] {dag.py:2305} INFO - Setting next_dagrun for example_external_task_marker_parent to None
[2021-06-15 03:38:02,255] {scheduler_job.py:190} INFO - Processing /home/airflow/.local/lib/python3.6/site-packages/airflow/example_dags/example_external_task_marker_dag.py took 1.024 seconds
[2021-06-15 03:38:33,170] {scheduler_job.py:182} INFO - Started process (PID=1684) to work on /home/airflow/.local/lib/python3.6/site-packages/airflow/example_dags/example_external_task_marker_dag.py
[2021-06-15 03:38:33,177] {scheduler_job.py:633} INFO - Processing file /home/airflow/.local/lib/python3.6/site-packages/airflow/example_dags/example_external_task_marker_dag.py for tasks to queue
[2021-06-15 03:38:33,182] {logging_mixin.py:104} INFO - [2021-06-15 03:38:33,181] {dagbag.py:487} INFO - Filling up the DagBag from /home/airflow/.local/lib/python3.6/site-packages/airflow/example_dags/example_external_task_marker_dag.py
[2021-06-15 03:38:33,230] {scheduler_job.py:643} INFO - DAG(s) dict_keys(['example_external_task_marker_parent', 'example_external_task_marker_child']) retrieved from /home/airflow/.local/lib/python3.6/site-packages/airflow/example_dags/example_external_task_marker_dag.py
[2021-06-15 03:38:34,137] {logging_mixin.py:104} INFO - [2021-06-15 03:38:34,137] {dag.py:1832} INFO - Sync 2 DAGs
[2021-06-15 03:38:34,201] {logging_mixin.py:104} INFO - [2021-06-15 03:38:34,201] {dag.py:2305} INFO - Setting next_dagrun for example_external_task_marker_child to None
[2021-06-15 03:38:34,207] {logging_mixin.py:104} INFO - [2021-06-15 03:38:34,207] {dag.py:2305} INFO - Setting next_dagrun for example_external_task_marker_parent to None
[2021-06-15 03:38:34,252] {scheduler_job.py:190} INFO - Processing /home/airflow/.local/lib/python3.6/site-packages/airflow/example_dags/example_external_task_marker_dag.py took 1.096 seconds
[2021-06-15 03:39:05,041] {scheduler_job.py:182} INFO - Started process (PID=1752) to work on /home/airflow/.local/lib/python3.6/site-packages/airflow/example_dags/example_external_task_marker_dag.py
[2021-06-15 03:39:05,047] {scheduler_job.py:633} INFO - Processing file /home/airflow/.local/lib/python3.6/site-packages/airflow/example_dags/example_external_task_marker_dag.py for tasks to queue
[2021-06-15 03:39:05,053] {logging_mixin.py:104} INFO - [2021-06-15 03:39:05,052] {dagbag.py:487} INFO - Filling up the DagBag from /home/airflow/.local/lib/python3.6/site-packages/airflow/example_dags/example_external_task_marker_dag.py
[2021-06-15 03:39:05,110] {scheduler_job.py:643} INFO - DAG(s) dict_keys(['example_external_task_marker_parent', 'example_external_task_marker_child']) retrieved from /home/airflow/.local/lib/python3.6/site-packages/airflow/example_dags/example_external_task_marker_dag.py
[2021-06-15 03:39:06,215] {logging_mixin.py:104} INFO - [2021-06-15 03:39:06,214] {dag.py:1832} INFO - Sync 2 DAGs
[2021-06-15 03:39:06,280] {logging_mixin.py:104} INFO - [2021-06-15 03:39:06,279] {dag.py:2305} INFO - Setting next_dagrun for example_external_task_marker_child to None
[2021-06-15 03:39:06,287] {logging_mixin.py:104} INFO - [2021-06-15 03:39:06,287] {dag.py:2305} INFO - Setting next_dagrun for example_external_task_marker_parent to None
[2021-06-15 03:39:06,353] {scheduler_job.py:190} INFO - Processing /home/airflow/.local/lib/python3.6/site-packages/airflow/example_dags/example_external_task_marker_dag.py took 1.328 seconds
[2021-06-15 03:39:36,990] {scheduler_job.py:182} INFO - Started process (PID=1821) to work on /home/airflow/.local/lib/python3.6/site-packages/airflow/example_dags/example_external_task_marker_dag.py
[2021-06-15 03:39:37,002] {scheduler_job.py:633} INFO - Processing file /home/airflow/.local/lib/python3.6/site-packages/airflow/example_dags/example_external_task_marker_dag.py for tasks to queue
[2021-06-15 03:39:37,012] {logging_mixin.py:104} INFO - [2021-06-15 03:39:37,011] {dagbag.py:487} INFO - Filling up the DagBag from /home/airflow/.local/lib/python3.6/site-packages/airflow/example_dags/example_external_task_marker_dag.py
[2021-06-15 03:39:37,114] {scheduler_job.py:643} INFO - DAG(s) dict_keys(['example_external_task_marker_parent', 'example_external_task_marker_child']) retrieved from /home/airflow/.local/lib/python3.6/site-packages/airflow/example_dags/example_external_task_marker_dag.py
[2021-06-15 03:39:38,501] {logging_mixin.py:104} INFO - [2021-06-15 03:39:38,501] {dag.py:1832} INFO - Sync 2 DAGs
[2021-06-15 03:39:38,571] {logging_mixin.py:104} INFO - [2021-06-15 03:39:38,570] {dag.py:2305} INFO - Setting next_dagrun for example_external_task_marker_child to None
[2021-06-15 03:39:38,577] {logging_mixin.py:104} INFO - [2021-06-15 03:39:38,577] {dag.py:2305} INFO - Setting next_dagrun for example_external_task_marker_parent to None
[2021-06-15 03:39:38,637] {scheduler_job.py:190} INFO - Processing /home/airflow/.local/lib/python3.6/site-packages/airflow/example_dags/example_external_task_marker_dag.py took 1.691 seconds
[2021-06-15 03:40:08,831] {scheduler_job.py:182} INFO - Started process (PID=1882) to work on /home/airflow/.local/lib/python3.6/site-packages/airflow/example_dags/example_external_task_marker_dag.py
[2021-06-15 03:40:08,841] {scheduler_job.py:633} INFO - Processing file /home/airflow/.local/lib/python3.6/site-packages/airflow/example_dags/example_external_task_marker_dag.py for tasks to queue
[2021-06-15 03:40:08,847] {logging_mixin.py:104} INFO - [2021-06-15 03:40:08,846] {dagbag.py:487} INFO - Filling up the DagBag from /home/airflow/.local/lib/python3.6/site-packages/airflow/example_dags/example_external_task_marker_dag.py
[2021-06-15 03:40:08,917] {scheduler_job.py:643} INFO - DAG(s) dict_keys(['example_external_task_marker_parent', 'example_external_task_marker_child']) retrieved from /home/airflow/.local/lib/python3.6/site-packages/airflow/example_dags/example_external_task_marker_dag.py
[2021-06-15 03:40:09,055] {logging_mixin.py:104} INFO - [2021-06-15 03:40:09,054] {dag.py:1832} INFO - Sync 2 DAGs
[2021-06-15 03:40:09,142] {logging_mixin.py:104} INFO - [2021-06-15 03:40:09,141] {dag.py:2305} INFO - Setting next_dagrun for example_external_task_marker_child to None
[2021-06-15 03:40:09,149] {logging_mixin.py:104} INFO - [2021-06-15 03:40:09,148] {dag.py:2305} INFO - Setting next_dagrun for example_external_task_marker_parent to None
[2021-06-15 03:40:09,202] {scheduler_job.py:190} INFO - Processing /home/airflow/.local/lib/python3.6/site-packages/airflow/example_dags/example_external_task_marker_dag.py took 0.393 seconds
[2021-06-15 03:40:41,352] {scheduler_job.py:182} INFO - Started process (PID=1947) to work on /home/airflow/.local/lib/python3.6/site-packages/airflow/example_dags/example_external_task_marker_dag.py
[2021-06-15 03:40:41,365] {scheduler_job.py:633} INFO - Processing file /home/airflow/.local/lib/python3.6/site-packages/airflow/example_dags/example_external_task_marker_dag.py for tasks to queue
[2021-06-15 03:40:41,373] {logging_mixin.py:104} INFO - [2021-06-15 03:40:41,373] {dagbag.py:487} INFO - Filling up the DagBag from /home/airflow/.local/lib/python3.6/site-packages/airflow/example_dags/example_external_task_marker_dag.py
[2021-06-15 03:40:41,486] {scheduler_job.py:643} INFO - DAG(s) dict_keys(['example_external_task_marker_parent', 'example_external_task_marker_child']) retrieved from /home/airflow/.local/lib/python3.6/site-packages/airflow/example_dags/example_external_task_marker_dag.py
[2021-06-15 03:40:41,732] {logging_mixin.py:104} INFO - [2021-06-15 03:40:41,731] {dag.py:1832} INFO - Sync 2 DAGs
[2021-06-15 03:40:41,897] {logging_mixin.py:104} INFO - [2021-06-15 03:40:41,896] {dag.py:2305} INFO - Setting next_dagrun for example_external_task_marker_child to None
[2021-06-15 03:40:41,935] {logging_mixin.py:104} INFO - [2021-06-15 03:40:41,935] {dag.py:2305} INFO - Setting next_dagrun for example_external_task_marker_parent to None
[2021-06-15 03:40:42,087] {scheduler_job.py:190} INFO - Processing /home/airflow/.local/lib/python3.6/site-packages/airflow/example_dags/example_external_task_marker_dag.py took 0.761 seconds
[2021-06-15 03:41:13,048] {scheduler_job.py:182} INFO - Started process (PID=2009) to work on /home/airflow/.local/lib/python3.6/site-packages/airflow/example_dags/example_external_task_marker_dag.py
[2021-06-15 03:41:13,061] {scheduler_job.py:633} INFO - Processing file /home/airflow/.local/lib/python3.6/site-packages/airflow/example_dags/example_external_task_marker_dag.py for tasks to queue
[2021-06-15 03:41:13,072] {logging_mixin.py:104} INFO - [2021-06-15 03:41:13,071] {dagbag.py:487} INFO - Filling up the DagBag from /home/airflow/.local/lib/python3.6/site-packages/airflow/example_dags/example_external_task_marker_dag.py
[2021-06-15 03:41:13,144] {scheduler_job.py:643} INFO - DAG(s) dict_keys(['example_external_task_marker_parent', 'example_external_task_marker_child']) retrieved from /home/airflow/.local/lib/python3.6/site-packages/airflow/example_dags/example_external_task_marker_dag.py
[2021-06-15 03:41:14,262] {logging_mixin.py:104} INFO - [2021-06-15 03:41:14,261] {dag.py:1832} INFO - Sync 2 DAGs
[2021-06-15 03:41:14,355] {logging_mixin.py:104} INFO - [2021-06-15 03:41:14,354] {dag.py:2305} INFO - Setting next_dagrun for example_external_task_marker_child to None
[2021-06-15 03:41:14,362] {logging_mixin.py:104} INFO - [2021-06-15 03:41:14,362] {dag.py:2305} INFO - Setting next_dagrun for example_external_task_marker_parent to None
[2021-06-15 03:41:14,434] {scheduler_job.py:190} INFO - Processing /home/airflow/.local/lib/python3.6/site-packages/airflow/example_dags/example_external_task_marker_dag.py took 1.406 seconds
[2021-06-15 03:41:44,953] {scheduler_job.py:182} INFO - Started process (PID=2079) to work on /home/airflow/.local/lib/python3.6/site-packages/airflow/example_dags/example_external_task_marker_dag.py
[2021-06-15 03:41:44,963] {scheduler_job.py:633} INFO - Processing file /home/airflow/.local/lib/python3.6/site-packages/airflow/example_dags/example_external_task_marker_dag.py for tasks to queue
[2021-06-15 03:41:44,972] {logging_mixin.py:104} INFO - [2021-06-15 03:41:44,971] {dagbag.py:487} INFO - Filling up the DagBag from /home/airflow/.local/lib/python3.6/site-packages/airflow/example_dags/example_external_task_marker_dag.py
[2021-06-15 03:41:45,040] {scheduler_job.py:643} INFO - DAG(s) dict_keys(['example_external_task_marker_parent', 'example_external_task_marker_child']) retrieved from /home/airflow/.local/lib/python3.6/site-packages/airflow/example_dags/example_external_task_marker_dag.py
[2021-06-15 03:41:46,275] {logging_mixin.py:104} INFO - [2021-06-15 03:41:46,274] {dag.py:1832} INFO - Sync 2 DAGs
[2021-06-15 03:41:46,345] {logging_mixin.py:104} INFO - [2021-06-15 03:41:46,345] {dag.py:2305} INFO - Setting next_dagrun for example_external_task_marker_child to None
[2021-06-15 03:41:46,355] {logging_mixin.py:104} INFO - [2021-06-15 03:41:46,354] {dag.py:2305} INFO - Setting next_dagrun for example_external_task_marker_parent to None
[2021-06-15 03:41:46,429] {scheduler_job.py:190} INFO - Processing /home/airflow/.local/lib/python3.6/site-packages/airflow/example_dags/example_external_task_marker_dag.py took 1.498 seconds
[2021-06-15 03:42:16,860] {scheduler_job.py:182} INFO - Started process (PID=2138) to work on /home/airflow/.local/lib/python3.6/site-packages/airflow/example_dags/example_external_task_marker_dag.py
[2021-06-15 03:42:16,872] {scheduler_job.py:633} INFO - Processing file /home/airflow/.local/lib/python3.6/site-packages/airflow/example_dags/example_external_task_marker_dag.py for tasks to queue
[2021-06-15 03:42:16,880] {logging_mixin.py:104} INFO - [2021-06-15 03:42:16,879] {dagbag.py:487} INFO - Filling up the DagBag from /home/airflow/.local/lib/python3.6/site-packages/airflow/example_dags/example_external_task_marker_dag.py
[2021-06-15 03:42:16,963] {scheduler_job.py:643} INFO - DAG(s) dict_keys(['example_external_task_marker_parent', 'example_external_task_marker_child']) retrieved from /home/airflow/.local/lib/python3.6/site-packages/airflow/example_dags/example_external_task_marker_dag.py
[2021-06-15 03:42:17,135] {logging_mixin.py:104} INFO - [2021-06-15 03:42:17,134] {dag.py:1832} INFO - Sync 2 DAGs
[2021-06-15 03:42:17,243] {logging_mixin.py:104} INFO - [2021-06-15 03:42:17,242] {dag.py:2305} INFO - Setting next_dagrun for example_external_task_marker_child to None
[2021-06-15 03:42:17,252] {logging_mixin.py:104} INFO - [2021-06-15 03:42:17,251] {dag.py:2305} INFO - Setting next_dagrun for example_external_task_marker_parent to None
[2021-06-15 03:42:17,304] {scheduler_job.py:190} INFO - Processing /home/airflow/.local/lib/python3.6/site-packages/airflow/example_dags/example_external_task_marker_dag.py took 0.465 seconds
[2021-06-15 03:42:48,577] {scheduler_job.py:182} INFO - Started process (PID=2196) to work on /home/airflow/.local/lib/python3.6/site-packages/airflow/example_dags/example_external_task_marker_dag.py
[2021-06-15 03:42:48,592] {scheduler_job.py:633} INFO - Processing file /home/airflow/.local/lib/python3.6/site-packages/airflow/example_dags/example_external_task_marker_dag.py for tasks to queue
[2021-06-15 03:42:48,602] {logging_mixin.py:104} INFO - [2021-06-15 03:42:48,601] {dagbag.py:487} INFO - Filling up the DagBag from /home/airflow/.local/lib/python3.6/site-packages/airflow/example_dags/example_external_task_marker_dag.py
[2021-06-15 03:42:48,702] {scheduler_job.py:643} INFO - DAG(s) dict_keys(['example_external_task_marker_parent', 'example_external_task_marker_child']) retrieved from /home/airflow/.local/lib/python3.6/site-packages/airflow/example_dags/example_external_task_marker_dag.py
[2021-06-15 03:42:48,867] {logging_mixin.py:104} INFO - [2021-06-15 03:42:48,867] {dag.py:1832} INFO - Sync 2 DAGs
[2021-06-15 03:42:48,944] {logging_mixin.py:104} INFO - [2021-06-15 03:42:48,943] {dag.py:2305} INFO - Setting next_dagrun for example_external_task_marker_child to None
[2021-06-15 03:42:48,953] {logging_mixin.py:104} INFO - [2021-06-15 03:42:48,953] {dag.py:2305} INFO - Setting next_dagrun for example_external_task_marker_parent to None
[2021-06-15 03:42:49,012] {scheduler_job.py:190} INFO - Processing /home/airflow/.local/lib/python3.6/site-packages/airflow/example_dags/example_external_task_marker_dag.py took 0.465 seconds
[2021-06-15 03:43:19,181] {scheduler_job.py:182} INFO - Started process (PID=2264) to work on /home/airflow/.local/lib/python3.6/site-packages/airflow/example_dags/example_external_task_marker_dag.py
[2021-06-15 03:43:19,189] {scheduler_job.py:633} INFO - Processing file /home/airflow/.local/lib/python3.6/site-packages/airflow/example_dags/example_external_task_marker_dag.py for tasks to queue
[2021-06-15 03:43:19,195] {logging_mixin.py:104} INFO - [2021-06-15 03:43:19,195] {dagbag.py:487} INFO - Filling up the DagBag from /home/airflow/.local/lib/python3.6/site-packages/airflow/example_dags/example_external_task_marker_dag.py
[2021-06-15 03:43:19,256] {scheduler_job.py:643} INFO - DAG(s) dict_keys(['example_external_task_marker_parent', 'example_external_task_marker_child']) retrieved from /home/airflow/.local/lib/python3.6/site-packages/airflow/example_dags/example_external_task_marker_dag.py
[2021-06-15 03:43:19,396] {logging_mixin.py:104} INFO - [2021-06-15 03:43:19,396] {dag.py:1832} INFO - Sync 2 DAGs
[2021-06-15 03:43:19,482] {logging_mixin.py:104} INFO - [2021-06-15 03:43:19,482] {dag.py:2305} INFO - Setting next_dagrun for example_external_task_marker_child to None
[2021-06-15 03:43:19,489] {logging_mixin.py:104} INFO - [2021-06-15 03:43:19,489] {dag.py:2305} INFO - Setting next_dagrun for example_external_task_marker_parent to None
[2021-06-15 03:43:19,539] {scheduler_job.py:190} INFO - Processing /home/airflow/.local/lib/python3.6/site-packages/airflow/example_dags/example_external_task_marker_dag.py took 0.375 seconds
[2021-06-15 03:43:50,000] {scheduler_job.py:182} INFO - Started process (PID=2330) to work on /home/airflow/.local/lib/python3.6/site-packages/airflow/example_dags/example_external_task_marker_dag.py
[2021-06-15 03:43:50,009] {scheduler_job.py:633} INFO - Processing file /home/airflow/.local/lib/python3.6/site-packages/airflow/example_dags/example_external_task_marker_dag.py for tasks to queue
[2021-06-15 03:43:50,015] {logging_mixin.py:104} INFO - [2021-06-15 03:43:50,015] {dagbag.py:487} INFO - Filling up the DagBag from /home/airflow/.local/lib/python3.6/site-packages/airflow/example_dags/example_external_task_marker_dag.py
[2021-06-15 03:43:50,074] {scheduler_job.py:643} INFO - DAG(s) dict_keys(['example_external_task_marker_parent', 'example_external_task_marker_child']) retrieved from /home/airflow/.local/lib/python3.6/site-packages/airflow/example_dags/example_external_task_marker_dag.py
[2021-06-15 03:43:50,194] {logging_mixin.py:104} INFO - [2021-06-15 03:43:50,193] {dag.py:1832} INFO - Sync 2 DAGs
[2021-06-15 03:43:50,264] {logging_mixin.py:104} INFO - [2021-06-15 03:43:50,263] {dag.py:2305} INFO - Setting next_dagrun for example_external_task_marker_child to None
[2021-06-15 03:43:50,270] {logging_mixin.py:104} INFO - [2021-06-15 03:43:50,269] {dag.py:2305} INFO - Setting next_dagrun for example_external_task_marker_parent to None
[2021-06-15 03:43:50,314] {scheduler_job.py:190} INFO - Processing /home/airflow/.local/lib/python3.6/site-packages/airflow/example_dags/example_external_task_marker_dag.py took 0.329 seconds
[2021-06-15 03:44:20,564] {scheduler_job.py:182} INFO - Started process (PID=2390) to work on /home/airflow/.local/lib/python3.6/site-packages/airflow/example_dags/example_external_task_marker_dag.py
[2021-06-15 03:44:20,574] {scheduler_job.py:633} INFO - Processing file /home/airflow/.local/lib/python3.6/site-packages/airflow/example_dags/example_external_task_marker_dag.py for tasks to queue
[2021-06-15 03:44:20,583] {logging_mixin.py:104} INFO - [2021-06-15 03:44:20,581] {dagbag.py:487} INFO - Filling up the DagBag from /home/airflow/.local/lib/python3.6/site-packages/airflow/example_dags/example_external_task_marker_dag.py
[2021-06-15 03:44:20,673] {scheduler_job.py:643} INFO - DAG(s) dict_keys(['example_external_task_marker_parent', 'example_external_task_marker_child']) retrieved from /home/airflow/.local/lib/python3.6/site-packages/airflow/example_dags/example_external_task_marker_dag.py
[2021-06-15 03:44:21,902] {logging_mixin.py:104} INFO - [2021-06-15 03:44:21,901] {dag.py:1832} INFO - Sync 2 DAGs
[2021-06-15 03:44:21,996] {logging_mixin.py:104} INFO - [2021-06-15 03:44:21,996] {dag.py:2305} INFO - Setting next_dagrun for example_external_task_marker_child to None
[2021-06-15 03:44:22,006] {logging_mixin.py:104} INFO - [2021-06-15 03:44:22,006] {dag.py:2305} INFO - Setting next_dagrun for example_external_task_marker_parent to None
[2021-06-15 03:44:22,065] {scheduler_job.py:190} INFO - Processing /home/airflow/.local/lib/python3.6/site-packages/airflow/example_dags/example_external_task_marker_dag.py took 1.523 seconds
[2021-06-15 03:44:52,341] {scheduler_job.py:182} INFO - Started process (PID=2448) to work on /home/airflow/.local/lib/python3.6/site-packages/airflow/example_dags/example_external_task_marker_dag.py
[2021-06-15 03:44:52,348] {scheduler_job.py:633} INFO - Processing file /home/airflow/.local/lib/python3.6/site-packages/airflow/example_dags/example_external_task_marker_dag.py for tasks to queue
[2021-06-15 03:44:52,353] {logging_mixin.py:104} INFO - [2021-06-15 03:44:52,353] {dagbag.py:487} INFO - Filling up the DagBag from /home/airflow/.local/lib/python3.6/site-packages/airflow/example_dags/example_external_task_marker_dag.py
[2021-06-15 03:44:52,413] {scheduler_job.py:643} INFO - DAG(s) dict_keys(['example_external_task_marker_parent', 'example_external_task_marker_child']) retrieved from /home/airflow/.local/lib/python3.6/site-packages/airflow/example_dags/example_external_task_marker_dag.py
[2021-06-15 03:44:52,531] {logging_mixin.py:104} INFO - [2021-06-15 03:44:52,531] {dag.py:1832} INFO - Sync 2 DAGs
[2021-06-15 03:44:52,604] {logging_mixin.py:104} INFO - [2021-06-15 03:44:52,603] {dag.py:2305} INFO - Setting next_dagrun for example_external_task_marker_child to None
[2021-06-15 03:44:52,610] {logging_mixin.py:104} INFO - [2021-06-15 03:44:52,610] {dag.py:2305} INFO - Setting next_dagrun for example_external_task_marker_parent to None
[2021-06-15 03:44:52,657] {scheduler_job.py:190} INFO - Processing /home/airflow/.local/lib/python3.6/site-packages/airflow/example_dags/example_external_task_marker_dag.py took 0.332 seconds
[2021-06-15 03:45:23,351] {scheduler_job.py:182} INFO - Started process (PID=2516) to work on /home/airflow/.local/lib/python3.6/site-packages/airflow/example_dags/example_external_task_marker_dag.py
[2021-06-15 03:45:23,364] {scheduler_job.py:633} INFO - Processing file /home/airflow/.local/lib/python3.6/site-packages/airflow/example_dags/example_external_task_marker_dag.py for tasks to queue
[2021-06-15 03:45:23,373] {logging_mixin.py:104} INFO - [2021-06-15 03:45:23,372] {dagbag.py:487} INFO - Filling up the DagBag from /home/airflow/.local/lib/python3.6/site-packages/airflow/example_dags/example_external_task_marker_dag.py
[2021-06-15 03:45:23,465] {scheduler_job.py:643} INFO - DAG(s) dict_keys(['example_external_task_marker_parent', 'example_external_task_marker_child']) retrieved from /home/airflow/.local/lib/python3.6/site-packages/airflow/example_dags/example_external_task_marker_dag.py
[2021-06-15 03:45:23,650] {logging_mixin.py:104} INFO - [2021-06-15 03:45:23,649] {dag.py:1832} INFO - Sync 2 DAGs
[2021-06-15 03:45:23,760] {logging_mixin.py:104} INFO - [2021-06-15 03:45:23,759] {dag.py:2305} INFO - Setting next_dagrun for example_external_task_marker_child to None
[2021-06-15 03:45:23,770] {logging_mixin.py:104} INFO - [2021-06-15 03:45:23,769] {dag.py:2305} INFO - Setting next_dagrun for example_external_task_marker_parent to None
[2021-06-15 03:45:23,829] {scheduler_job.py:190} INFO - Processing /home/airflow/.local/lib/python3.6/site-packages/airflow/example_dags/example_external_task_marker_dag.py took 0.518 seconds
[2021-06-15 03:45:54,016] {scheduler_job.py:182} INFO - Started process (PID=2575) to work on /home/airflow/.local/lib/python3.6/site-packages/airflow/example_dags/example_external_task_marker_dag.py
[2021-06-15 03:45:54,030] {scheduler_job.py:633} INFO - Processing file /home/airflow/.local/lib/python3.6/site-packages/airflow/example_dags/example_external_task_marker_dag.py for tasks to queue
[2021-06-15 03:45:54,038] {logging_mixin.py:104} INFO - [2021-06-15 03:45:54,037] {dagbag.py:487} INFO - Filling up the DagBag from /home/airflow/.local/lib/python3.6/site-packages/airflow/example_dags/example_external_task_marker_dag.py
[2021-06-15 03:45:54,112] {scheduler_job.py:643} INFO - DAG(s) dict_keys(['example_external_task_marker_parent', 'example_external_task_marker_child']) retrieved from /home/airflow/.local/lib/python3.6/site-packages/airflow/example_dags/example_external_task_marker_dag.py
[2021-06-15 03:45:54,259] {logging_mixin.py:104} INFO - [2021-06-15 03:45:54,259] {dag.py:1832} INFO - Sync 2 DAGs
[2021-06-15 03:45:54,416] {logging_mixin.py:104} INFO - [2021-06-15 03:45:54,415] {dag.py:2305} INFO - Setting next_dagrun for example_external_task_marker_child to None
[2021-06-15 03:45:54,425] {logging_mixin.py:104} INFO - [2021-06-15 03:45:54,424] {dag.py:2305} INFO - Setting next_dagrun for example_external_task_marker_parent to None
[2021-06-15 03:45:54,489] {scheduler_job.py:190} INFO - Processing /home/airflow/.local/lib/python3.6/site-packages/airflow/example_dags/example_external_task_marker_dag.py took 0.491 seconds
[2021-06-15 03:46:24,947] {scheduler_job.py:182} INFO - Started process (PID=2633) to work on /home/airflow/.local/lib/python3.6/site-packages/airflow/example_dags/example_external_task_marker_dag.py
[2021-06-15 03:46:24,957] {scheduler_job.py:633} INFO - Processing file /home/airflow/.local/lib/python3.6/site-packages/airflow/example_dags/example_external_task_marker_dag.py for tasks to queue
[2021-06-15 03:46:24,966] {logging_mixin.py:104} INFO - [2021-06-15 03:46:24,965] {dagbag.py:487} INFO - Filling up the DagBag from /home/airflow/.local/lib/python3.6/site-packages/airflow/example_dags/example_external_task_marker_dag.py
[2021-06-15 03:46:25,058] {scheduler_job.py:643} INFO - DAG(s) dict_keys(['example_external_task_marker_parent', 'example_external_task_marker_child']) retrieved from /home/airflow/.local/lib/python3.6/site-packages/airflow/example_dags/example_external_task_marker_dag.py
[2021-06-15 03:46:26,039] {logging_mixin.py:104} INFO - [2021-06-15 03:46:26,038] {dag.py:1832} INFO - Sync 2 DAGs
[2021-06-15 03:46:26,095] {logging_mixin.py:104} INFO - [2021-06-15 03:46:26,095] {dag.py:2305} INFO - Setting next_dagrun for example_external_task_marker_child to None
[2021-06-15 03:46:26,101] {logging_mixin.py:104} INFO - [2021-06-15 03:46:26,101] {dag.py:2305} INFO - Setting next_dagrun for example_external_task_marker_parent to None
[2021-06-15 03:46:26,148] {scheduler_job.py:190} INFO - Processing /home/airflow/.local/lib/python3.6/site-packages/airflow/example_dags/example_external_task_marker_dag.py took 1.220 seconds
[2021-06-15 03:46:56,246] {scheduler_job.py:182} INFO - Started process (PID=2700) to work on /home/airflow/.local/lib/python3.6/site-packages/airflow/example_dags/example_external_task_marker_dag.py
[2021-06-15 03:46:56,253] {scheduler_job.py:633} INFO - Processing file /home/airflow/.local/lib/python3.6/site-packages/airflow/example_dags/example_external_task_marker_dag.py for tasks to queue
[2021-06-15 03:46:56,258] {logging_mixin.py:104} INFO - [2021-06-15 03:46:56,257] {dagbag.py:487} INFO - Filling up the DagBag from /home/airflow/.local/lib/python3.6/site-packages/airflow/example_dags/example_external_task_marker_dag.py
[2021-06-15 03:46:56,316] {scheduler_job.py:643} INFO - DAG(s) dict_keys(['example_external_task_marker_parent', 'example_external_task_marker_child']) retrieved from /home/airflow/.local/lib/python3.6/site-packages/airflow/example_dags/example_external_task_marker_dag.py
[2021-06-15 03:46:57,142] {logging_mixin.py:104} INFO - [2021-06-15 03:46:57,141] {dag.py:1832} INFO - Sync 2 DAGs
[2021-06-15 03:46:57,197] {logging_mixin.py:104} INFO - [2021-06-15 03:46:57,197] {dag.py:2305} INFO - Setting next_dagrun for example_external_task_marker_child to None
[2021-06-15 03:46:57,202] {logging_mixin.py:104} INFO - [2021-06-15 03:46:57,202] {dag.py:2305} INFO - Setting next_dagrun for example_external_task_marker_parent to None
[2021-06-15 03:46:57,249] {scheduler_job.py:190} INFO - Processing /home/airflow/.local/lib/python3.6/site-packages/airflow/example_dags/example_external_task_marker_dag.py took 1.018 seconds
[2021-06-15 03:47:27,763] {scheduler_job.py:182} INFO - Started process (PID=2769) to work on /home/airflow/.local/lib/python3.6/site-packages/airflow/example_dags/example_external_task_marker_dag.py
[2021-06-15 03:47:27,774] {scheduler_job.py:633} INFO - Processing file /home/airflow/.local/lib/python3.6/site-packages/airflow/example_dags/example_external_task_marker_dag.py for tasks to queue
[2021-06-15 03:47:27,779] {logging_mixin.py:104} INFO - [2021-06-15 03:47:27,778] {dagbag.py:487} INFO - Filling up the DagBag from /home/airflow/.local/lib/python3.6/site-packages/airflow/example_dags/example_external_task_marker_dag.py
[2021-06-15 03:47:27,827] {scheduler_job.py:643} INFO - DAG(s) dict_keys(['example_external_task_marker_parent', 'example_external_task_marker_child']) retrieved from /home/airflow/.local/lib/python3.6/site-packages/airflow/example_dags/example_external_task_marker_dag.py
[2021-06-15 03:47:28,606] {logging_mixin.py:104} INFO - [2021-06-15 03:47:28,605] {dag.py:1832} INFO - Sync 2 DAGs
[2021-06-15 03:47:28,665] {logging_mixin.py:104} INFO - [2021-06-15 03:47:28,665] {dag.py:2305} INFO - Setting next_dagrun for example_external_task_marker_child to None
[2021-06-15 03:47:28,671] {logging_mixin.py:104} INFO - [2021-06-15 03:47:28,670] {dag.py:2305} INFO - Setting next_dagrun for example_external_task_marker_parent to None
[2021-06-15 03:47:28,713] {scheduler_job.py:190} INFO - Processing /home/airflow/.local/lib/python3.6/site-packages/airflow/example_dags/example_external_task_marker_dag.py took 0.965 seconds
[2021-06-15 03:47:59,951] {scheduler_job.py:182} INFO - Started process (PID=2840) to work on /home/airflow/.local/lib/python3.6/site-packages/airflow/example_dags/example_external_task_marker_dag.py
[2021-06-15 03:47:59,957] {scheduler_job.py:633} INFO - Processing file /home/airflow/.local/lib/python3.6/site-packages/airflow/example_dags/example_external_task_marker_dag.py for tasks to queue
[2021-06-15 03:47:59,964] {logging_mixin.py:104} INFO - [2021-06-15 03:47:59,963] {dagbag.py:487} INFO - Filling up the DagBag from /home/airflow/.local/lib/python3.6/site-packages/airflow/example_dags/example_external_task_marker_dag.py
[2021-06-15 03:48:00,018] {scheduler_job.py:643} INFO - DAG(s) dict_keys(['example_external_task_marker_parent', 'example_external_task_marker_child']) retrieved from /home/airflow/.local/lib/python3.6/site-packages/airflow/example_dags/example_external_task_marker_dag.py
[2021-06-15 03:48:00,126] {logging_mixin.py:104} INFO - [2021-06-15 03:48:00,125] {dag.py:1832} INFO - Sync 2 DAGs
[2021-06-15 03:48:00,189] {logging_mixin.py:104} INFO - [2021-06-15 03:48:00,189] {dag.py:2305} INFO - Setting next_dagrun for example_external_task_marker_child to None
[2021-06-15 03:48:00,195] {logging_mixin.py:104} INFO - [2021-06-15 03:48:00,195] {dag.py:2305} INFO - Setting next_dagrun for example_external_task_marker_parent to None
[2021-06-15 03:48:00,234] {scheduler_job.py:190} INFO - Processing /home/airflow/.local/lib/python3.6/site-packages/airflow/example_dags/example_external_task_marker_dag.py took 0.304 seconds
[2021-06-15 03:48:30,573] {scheduler_job.py:182} INFO - Started process (PID=2901) to work on /home/airflow/.local/lib/python3.6/site-packages/airflow/example_dags/example_external_task_marker_dag.py
[2021-06-15 03:48:30,580] {scheduler_job.py:633} INFO - Processing file /home/airflow/.local/lib/python3.6/site-packages/airflow/example_dags/example_external_task_marker_dag.py for tasks to queue
[2021-06-15 03:48:30,585] {logging_mixin.py:104} INFO - [2021-06-15 03:48:30,585] {dagbag.py:487} INFO - Filling up the DagBag from /home/airflow/.local/lib/python3.6/site-packages/airflow/example_dags/example_external_task_marker_dag.py
[2021-06-15 03:48:30,655] {scheduler_job.py:643} INFO - DAG(s) dict_keys(['example_external_task_marker_parent', 'example_external_task_marker_child']) retrieved from /home/airflow/.local/lib/python3.6/site-packages/airflow/example_dags/example_external_task_marker_dag.py
[2021-06-15 03:48:31,922] {logging_mixin.py:104} INFO - [2021-06-15 03:48:31,922] {dag.py:1832} INFO - Sync 2 DAGs
[2021-06-15 03:48:31,990] {logging_mixin.py:104} INFO - [2021-06-15 03:48:31,989] {dag.py:2305} INFO - Setting next_dagrun for example_external_task_marker_child to None
[2021-06-15 03:48:31,997] {logging_mixin.py:104} INFO - [2021-06-15 03:48:31,997] {dag.py:2305} INFO - Setting next_dagrun for example_external_task_marker_parent to None
[2021-06-15 03:48:32,043] {scheduler_job.py:190} INFO - Processing /home/airflow/.local/lib/python3.6/site-packages/airflow/example_dags/example_external_task_marker_dag.py took 1.486 seconds
[2021-06-15 03:49:03,095] {scheduler_job.py:182} INFO - Started process (PID=2967) to work on /home/airflow/.local/lib/python3.6/site-packages/airflow/example_dags/example_external_task_marker_dag.py
[2021-06-15 03:49:03,103] {scheduler_job.py:633} INFO - Processing file /home/airflow/.local/lib/python3.6/site-packages/airflow/example_dags/example_external_task_marker_dag.py for tasks to queue
[2021-06-15 03:49:03,109] {logging_mixin.py:104} INFO - [2021-06-15 03:49:03,108] {dagbag.py:487} INFO - Filling up the DagBag from /home/airflow/.local/lib/python3.6/site-packages/airflow/example_dags/example_external_task_marker_dag.py
[2021-06-15 03:49:03,182] {scheduler_job.py:643} INFO - DAG(s) dict_keys(['example_external_task_marker_parent', 'example_external_task_marker_child']) retrieved from /home/airflow/.local/lib/python3.6/site-packages/airflow/example_dags/example_external_task_marker_dag.py
[2021-06-15 03:49:04,241] {logging_mixin.py:104} INFO - [2021-06-15 03:49:04,241] {dag.py:1832} INFO - Sync 2 DAGs
[2021-06-15 03:49:04,343] {logging_mixin.py:104} INFO - [2021-06-15 03:49:04,343] {dag.py:2305} INFO - Setting next_dagrun for example_external_task_marker_child to None
[2021-06-15 03:49:04,353] {logging_mixin.py:104} INFO - [2021-06-15 03:49:04,352] {dag.py:2305} INFO - Setting next_dagrun for example_external_task_marker_parent to None
[2021-06-15 03:49:04,436] {scheduler_job.py:190} INFO - Processing /home/airflow/.local/lib/python3.6/site-packages/airflow/example_dags/example_external_task_marker_dag.py took 1.359 seconds
