[2021-06-15 03:25:29,313] {scheduler_job.py:182} INFO - Started process (PID=91) to work on /home/airflow/.local/lib/python3.6/site-packages/airflow/example_dags/example_kubernetes_executor.py
[2021-06-15 03:25:29,322] {scheduler_job.py:633} INFO - Processing file /home/airflow/.local/lib/python3.6/site-packages/airflow/example_dags/example_kubernetes_executor.py for tasks to queue
[2021-06-15 03:25:29,329] {logging_mixin.py:104} INFO - [2021-06-15 03:25:29,328] {dagbag.py:487} INFO - Filling up the DagBag from /home/airflow/.local/lib/python3.6/site-packages/airflow/example_dags/example_kubernetes_executor.py
[2021-06-15 03:25:29,399] {scheduler_job.py:643} INFO - DAG(s) dict_keys(['example_kubernetes_executor']) retrieved from /home/airflow/.local/lib/python3.6/site-packages/airflow/example_dags/example_kubernetes_executor.py
[2021-06-15 03:25:30,468] {logging_mixin.py:104} INFO - [2021-06-15 03:25:30,468] {dag.py:1832} INFO - Sync 1 DAGs
[2021-06-15 03:25:30,546] {logging_mixin.py:104} INFO - [2021-06-15 03:25:30,546] {dag.py:2305} INFO - Setting next_dagrun for example_kubernetes_executor to None
[2021-06-15 03:25:30,601] {scheduler_job.py:190} INFO - Processing /home/airflow/.local/lib/python3.6/site-packages/airflow/example_dags/example_kubernetes_executor.py took 1.308 seconds
[2021-06-15 03:26:02,200] {scheduler_job.py:182} INFO - Started process (PID=149) to work on /home/airflow/.local/lib/python3.6/site-packages/airflow/example_dags/example_kubernetes_executor.py
[2021-06-15 03:26:02,212] {scheduler_job.py:633} INFO - Processing file /home/airflow/.local/lib/python3.6/site-packages/airflow/example_dags/example_kubernetes_executor.py for tasks to queue
[2021-06-15 03:26:02,222] {logging_mixin.py:104} INFO - [2021-06-15 03:26:02,221] {dagbag.py:487} INFO - Filling up the DagBag from /home/airflow/.local/lib/python3.6/site-packages/airflow/example_dags/example_kubernetes_executor.py
[2021-06-15 03:26:02,344] {scheduler_job.py:643} INFO - DAG(s) dict_keys(['example_kubernetes_executor']) retrieved from /home/airflow/.local/lib/python3.6/site-packages/airflow/example_dags/example_kubernetes_executor.py
[2021-06-15 03:26:02,582] {logging_mixin.py:104} INFO - [2021-06-15 03:26:02,581] {dag.py:1832} INFO - Sync 1 DAGs
[2021-06-15 03:26:02,720] {logging_mixin.py:104} INFO - [2021-06-15 03:26:02,720] {dag.py:2305} INFO - Setting next_dagrun for example_kubernetes_executor to None
[2021-06-15 03:26:02,797] {scheduler_job.py:190} INFO - Processing /home/airflow/.local/lib/python3.6/site-packages/airflow/example_dags/example_kubernetes_executor.py took 0.625 seconds
[2021-06-15 03:26:33,488] {scheduler_job.py:182} INFO - Started process (PID=218) to work on /home/airflow/.local/lib/python3.6/site-packages/airflow/example_dags/example_kubernetes_executor.py
[2021-06-15 03:26:33,498] {scheduler_job.py:633} INFO - Processing file /home/airflow/.local/lib/python3.6/site-packages/airflow/example_dags/example_kubernetes_executor.py for tasks to queue
[2021-06-15 03:26:33,505] {logging_mixin.py:104} INFO - [2021-06-15 03:26:33,504] {dagbag.py:487} INFO - Filling up the DagBag from /home/airflow/.local/lib/python3.6/site-packages/airflow/example_dags/example_kubernetes_executor.py
[2021-06-15 03:26:33,572] {scheduler_job.py:643} INFO - DAG(s) dict_keys(['example_kubernetes_executor']) retrieved from /home/airflow/.local/lib/python3.6/site-packages/airflow/example_dags/example_kubernetes_executor.py
[2021-06-15 03:26:33,675] {logging_mixin.py:104} INFO - [2021-06-15 03:26:33,674] {dag.py:1832} INFO - Sync 1 DAGs
[2021-06-15 03:26:33,743] {logging_mixin.py:104} INFO - [2021-06-15 03:26:33,742] {dag.py:2305} INFO - Setting next_dagrun for example_kubernetes_executor to None
[2021-06-15 03:26:33,789] {scheduler_job.py:190} INFO - Processing /home/airflow/.local/lib/python3.6/site-packages/airflow/example_dags/example_kubernetes_executor.py took 0.317 seconds
[2021-06-15 03:27:04,109] {scheduler_job.py:182} INFO - Started process (PID=284) to work on /home/airflow/.local/lib/python3.6/site-packages/airflow/example_dags/example_kubernetes_executor.py
[2021-06-15 03:27:04,119] {scheduler_job.py:633} INFO - Processing file /home/airflow/.local/lib/python3.6/site-packages/airflow/example_dags/example_kubernetes_executor.py for tasks to queue
[2021-06-15 03:27:04,125] {logging_mixin.py:104} INFO - [2021-06-15 03:27:04,124] {dagbag.py:487} INFO - Filling up the DagBag from /home/airflow/.local/lib/python3.6/site-packages/airflow/example_dags/example_kubernetes_executor.py
[2021-06-15 03:27:04,189] {scheduler_job.py:643} INFO - DAG(s) dict_keys(['example_kubernetes_executor']) retrieved from /home/airflow/.local/lib/python3.6/site-packages/airflow/example_dags/example_kubernetes_executor.py
[2021-06-15 03:27:04,298] {logging_mixin.py:104} INFO - [2021-06-15 03:27:04,297] {dag.py:1832} INFO - Sync 1 DAGs
[2021-06-15 03:27:04,391] {logging_mixin.py:104} INFO - [2021-06-15 03:27:04,391] {dag.py:2305} INFO - Setting next_dagrun for example_kubernetes_executor to None
[2021-06-15 03:27:04,451] {scheduler_job.py:190} INFO - Processing /home/airflow/.local/lib/python3.6/site-packages/airflow/example_dags/example_kubernetes_executor.py took 0.356 seconds
[2021-06-15 03:27:34,905] {scheduler_job.py:182} INFO - Started process (PID=343) to work on /home/airflow/.local/lib/python3.6/site-packages/airflow/example_dags/example_kubernetes_executor.py
[2021-06-15 03:27:34,912] {scheduler_job.py:633} INFO - Processing file /home/airflow/.local/lib/python3.6/site-packages/airflow/example_dags/example_kubernetes_executor.py for tasks to queue
[2021-06-15 03:27:34,919] {logging_mixin.py:104} INFO - [2021-06-15 03:27:34,919] {dagbag.py:487} INFO - Filling up the DagBag from /home/airflow/.local/lib/python3.6/site-packages/airflow/example_dags/example_kubernetes_executor.py
[2021-06-15 03:27:34,976] {scheduler_job.py:643} INFO - DAG(s) dict_keys(['example_kubernetes_executor']) retrieved from /home/airflow/.local/lib/python3.6/site-packages/airflow/example_dags/example_kubernetes_executor.py
[2021-06-15 03:27:35,123] {logging_mixin.py:104} INFO - [2021-06-15 03:27:35,123] {dag.py:1832} INFO - Sync 1 DAGs
[2021-06-15 03:27:35,225] {logging_mixin.py:104} INFO - [2021-06-15 03:27:35,225] {dag.py:2305} INFO - Setting next_dagrun for example_kubernetes_executor to None
[2021-06-15 03:27:35,282] {scheduler_job.py:190} INFO - Processing /home/airflow/.local/lib/python3.6/site-packages/airflow/example_dags/example_kubernetes_executor.py took 0.394 seconds
[2021-06-15 03:28:05,637] {scheduler_job.py:182} INFO - Started process (PID=401) to work on /home/airflow/.local/lib/python3.6/site-packages/airflow/example_dags/example_kubernetes_executor.py
[2021-06-15 03:28:05,649] {scheduler_job.py:633} INFO - Processing file /home/airflow/.local/lib/python3.6/site-packages/airflow/example_dags/example_kubernetes_executor.py for tasks to queue
[2021-06-15 03:28:05,657] {logging_mixin.py:104} INFO - [2021-06-15 03:28:05,656] {dagbag.py:487} INFO - Filling up the DagBag from /home/airflow/.local/lib/python3.6/site-packages/airflow/example_dags/example_kubernetes_executor.py
[2021-06-15 03:28:05,721] {scheduler_job.py:643} INFO - DAG(s) dict_keys(['example_kubernetes_executor']) retrieved from /home/airflow/.local/lib/python3.6/site-packages/airflow/example_dags/example_kubernetes_executor.py
[2021-06-15 03:28:05,875] {logging_mixin.py:104} INFO - [2021-06-15 03:28:05,875] {dag.py:1832} INFO - Sync 1 DAGs
[2021-06-15 03:28:05,949] {logging_mixin.py:104} INFO - [2021-06-15 03:28:05,949] {dag.py:2305} INFO - Setting next_dagrun for example_kubernetes_executor to None
[2021-06-15 03:28:06,000] {scheduler_job.py:190} INFO - Processing /home/airflow/.local/lib/python3.6/site-packages/airflow/example_dags/example_kubernetes_executor.py took 0.381 seconds
[2021-06-15 03:28:36,327] {scheduler_job.py:182} INFO - Started process (PID=468) to work on /home/airflow/.local/lib/python3.6/site-packages/airflow/example_dags/example_kubernetes_executor.py
[2021-06-15 03:28:36,336] {scheduler_job.py:633} INFO - Processing file /home/airflow/.local/lib/python3.6/site-packages/airflow/example_dags/example_kubernetes_executor.py for tasks to queue
[2021-06-15 03:28:36,346] {logging_mixin.py:104} INFO - [2021-06-15 03:28:36,345] {dagbag.py:487} INFO - Filling up the DagBag from /home/airflow/.local/lib/python3.6/site-packages/airflow/example_dags/example_kubernetes_executor.py
[2021-06-15 03:28:36,420] {scheduler_job.py:643} INFO - DAG(s) dict_keys(['example_kubernetes_executor']) retrieved from /home/airflow/.local/lib/python3.6/site-packages/airflow/example_dags/example_kubernetes_executor.py
[2021-06-15 03:28:36,544] {logging_mixin.py:104} INFO - [2021-06-15 03:28:36,543] {dag.py:1832} INFO - Sync 1 DAGs
[2021-06-15 03:28:36,620] {logging_mixin.py:104} INFO - [2021-06-15 03:28:36,619] {dag.py:2305} INFO - Setting next_dagrun for example_kubernetes_executor to None
[2021-06-15 03:28:36,667] {scheduler_job.py:190} INFO - Processing /home/airflow/.local/lib/python3.6/site-packages/airflow/example_dags/example_kubernetes_executor.py took 0.356 seconds
[2021-06-15 03:29:07,800] {scheduler_job.py:182} INFO - Started process (PID=534) to work on /home/airflow/.local/lib/python3.6/site-packages/airflow/example_dags/example_kubernetes_executor.py
[2021-06-15 03:29:07,809] {scheduler_job.py:633} INFO - Processing file /home/airflow/.local/lib/python3.6/site-packages/airflow/example_dags/example_kubernetes_executor.py for tasks to queue
[2021-06-15 03:29:07,820] {logging_mixin.py:104} INFO - [2021-06-15 03:29:07,819] {dagbag.py:487} INFO - Filling up the DagBag from /home/airflow/.local/lib/python3.6/site-packages/airflow/example_dags/example_kubernetes_executor.py
[2021-06-15 03:29:07,896] {scheduler_job.py:643} INFO - DAG(s) dict_keys(['example_kubernetes_executor']) retrieved from /home/airflow/.local/lib/python3.6/site-packages/airflow/example_dags/example_kubernetes_executor.py
[2021-06-15 03:29:08,037] {logging_mixin.py:104} INFO - [2021-06-15 03:29:08,036] {dag.py:1832} INFO - Sync 1 DAGs
[2021-06-15 03:29:08,133] {logging_mixin.py:104} INFO - [2021-06-15 03:29:08,133] {dag.py:2305} INFO - Setting next_dagrun for example_kubernetes_executor to None
[2021-06-15 03:29:08,191] {scheduler_job.py:190} INFO - Processing /home/airflow/.local/lib/python3.6/site-packages/airflow/example_dags/example_kubernetes_executor.py took 0.416 seconds
[2021-06-15 03:29:38,350] {scheduler_job.py:182} INFO - Started process (PID=592) to work on /home/airflow/.local/lib/python3.6/site-packages/airflow/example_dags/example_kubernetes_executor.py
[2021-06-15 03:29:38,361] {scheduler_job.py:633} INFO - Processing file /home/airflow/.local/lib/python3.6/site-packages/airflow/example_dags/example_kubernetes_executor.py for tasks to queue
[2021-06-15 03:29:38,373] {logging_mixin.py:104} INFO - [2021-06-15 03:29:38,369] {dagbag.py:487} INFO - Filling up the DagBag from /home/airflow/.local/lib/python3.6/site-packages/airflow/example_dags/example_kubernetes_executor.py
[2021-06-15 03:29:38,424] {scheduler_job.py:643} INFO - DAG(s) dict_keys(['example_kubernetes_executor']) retrieved from /home/airflow/.local/lib/python3.6/site-packages/airflow/example_dags/example_kubernetes_executor.py
[2021-06-15 03:29:38,570] {logging_mixin.py:104} INFO - [2021-06-15 03:29:38,569] {dag.py:1832} INFO - Sync 1 DAGs
[2021-06-15 03:29:38,652] {logging_mixin.py:104} INFO - [2021-06-15 03:29:38,652] {dag.py:2305} INFO - Setting next_dagrun for example_kubernetes_executor to None
[2021-06-15 03:29:38,723] {scheduler_job.py:190} INFO - Processing /home/airflow/.local/lib/python3.6/site-packages/airflow/example_dags/example_kubernetes_executor.py took 0.440 seconds
[2021-06-15 03:30:08,932] {scheduler_job.py:182} INFO - Started process (PID=649) to work on /home/airflow/.local/lib/python3.6/site-packages/airflow/example_dags/example_kubernetes_executor.py
[2021-06-15 03:30:08,938] {scheduler_job.py:633} INFO - Processing file /home/airflow/.local/lib/python3.6/site-packages/airflow/example_dags/example_kubernetes_executor.py for tasks to queue
[2021-06-15 03:30:08,943] {logging_mixin.py:104} INFO - [2021-06-15 03:30:08,943] {dagbag.py:487} INFO - Filling up the DagBag from /home/airflow/.local/lib/python3.6/site-packages/airflow/example_dags/example_kubernetes_executor.py
[2021-06-15 03:30:09,002] {scheduler_job.py:643} INFO - DAG(s) dict_keys(['example_kubernetes_executor']) retrieved from /home/airflow/.local/lib/python3.6/site-packages/airflow/example_dags/example_kubernetes_executor.py
[2021-06-15 03:30:09,118] {logging_mixin.py:104} INFO - [2021-06-15 03:30:09,118] {dag.py:1832} INFO - Sync 1 DAGs
[2021-06-15 03:30:09,189] {logging_mixin.py:104} INFO - [2021-06-15 03:30:09,189] {dag.py:2305} INFO - Setting next_dagrun for example_kubernetes_executor to None
[2021-06-15 03:30:09,256] {scheduler_job.py:190} INFO - Processing /home/airflow/.local/lib/python3.6/site-packages/airflow/example_dags/example_kubernetes_executor.py took 0.338 seconds
[2021-06-15 03:30:39,679] {scheduler_job.py:182} INFO - Started process (PID=717) to work on /home/airflow/.local/lib/python3.6/site-packages/airflow/example_dags/example_kubernetes_executor.py
[2021-06-15 03:30:39,685] {scheduler_job.py:633} INFO - Processing file /home/airflow/.local/lib/python3.6/site-packages/airflow/example_dags/example_kubernetes_executor.py for tasks to queue
[2021-06-15 03:30:39,691] {logging_mixin.py:104} INFO - [2021-06-15 03:30:39,691] {dagbag.py:487} INFO - Filling up the DagBag from /home/airflow/.local/lib/python3.6/site-packages/airflow/example_dags/example_kubernetes_executor.py
[2021-06-15 03:30:39,752] {scheduler_job.py:643} INFO - DAG(s) dict_keys(['example_kubernetes_executor']) retrieved from /home/airflow/.local/lib/python3.6/site-packages/airflow/example_dags/example_kubernetes_executor.py
[2021-06-15 03:30:39,845] {logging_mixin.py:104} INFO - [2021-06-15 03:30:39,844] {dag.py:1832} INFO - Sync 1 DAGs
[2021-06-15 03:30:39,911] {logging_mixin.py:104} INFO - [2021-06-15 03:30:39,911] {dag.py:2305} INFO - Setting next_dagrun for example_kubernetes_executor to None
[2021-06-15 03:30:39,953] {scheduler_job.py:190} INFO - Processing /home/airflow/.local/lib/python3.6/site-packages/airflow/example_dags/example_kubernetes_executor.py took 0.288 seconds
[2021-06-15 03:31:10,078] {scheduler_job.py:182} INFO - Started process (PID=784) to work on /home/airflow/.local/lib/python3.6/site-packages/airflow/example_dags/example_kubernetes_executor.py
[2021-06-15 03:31:10,084] {scheduler_job.py:633} INFO - Processing file /home/airflow/.local/lib/python3.6/site-packages/airflow/example_dags/example_kubernetes_executor.py for tasks to queue
[2021-06-15 03:31:10,088] {logging_mixin.py:104} INFO - [2021-06-15 03:31:10,088] {dagbag.py:487} INFO - Filling up the DagBag from /home/airflow/.local/lib/python3.6/site-packages/airflow/example_dags/example_kubernetes_executor.py
[2021-06-15 03:31:10,143] {scheduler_job.py:643} INFO - DAG(s) dict_keys(['example_kubernetes_executor']) retrieved from /home/airflow/.local/lib/python3.6/site-packages/airflow/example_dags/example_kubernetes_executor.py
[2021-06-15 03:31:10,258] {logging_mixin.py:104} INFO - [2021-06-15 03:31:10,258] {dag.py:1832} INFO - Sync 1 DAGs
[2021-06-15 03:31:10,325] {logging_mixin.py:104} INFO - [2021-06-15 03:31:10,325] {dag.py:2305} INFO - Setting next_dagrun for example_kubernetes_executor to None
[2021-06-15 03:31:10,369] {scheduler_job.py:190} INFO - Processing /home/airflow/.local/lib/python3.6/site-packages/airflow/example_dags/example_kubernetes_executor.py took 0.305 seconds
[2021-06-15 03:31:40,502] {scheduler_job.py:182} INFO - Started process (PID=844) to work on /home/airflow/.local/lib/python3.6/site-packages/airflow/example_dags/example_kubernetes_executor.py
[2021-06-15 03:31:40,509] {scheduler_job.py:633} INFO - Processing file /home/airflow/.local/lib/python3.6/site-packages/airflow/example_dags/example_kubernetes_executor.py for tasks to queue
[2021-06-15 03:31:40,514] {logging_mixin.py:104} INFO - [2021-06-15 03:31:40,514] {dagbag.py:487} INFO - Filling up the DagBag from /home/airflow/.local/lib/python3.6/site-packages/airflow/example_dags/example_kubernetes_executor.py
[2021-06-15 03:31:40,568] {scheduler_job.py:643} INFO - DAG(s) dict_keys(['example_kubernetes_executor']) retrieved from /home/airflow/.local/lib/python3.6/site-packages/airflow/example_dags/example_kubernetes_executor.py
[2021-06-15 03:31:40,675] {logging_mixin.py:104} INFO - [2021-06-15 03:31:40,674] {dag.py:1832} INFO - Sync 1 DAGs
[2021-06-15 03:31:40,736] {logging_mixin.py:104} INFO - [2021-06-15 03:31:40,736] {dag.py:2305} INFO - Setting next_dagrun for example_kubernetes_executor to None
[2021-06-15 03:31:40,785] {scheduler_job.py:190} INFO - Processing /home/airflow/.local/lib/python3.6/site-packages/airflow/example_dags/example_kubernetes_executor.py took 0.297 seconds
[2021-06-15 03:32:11,233] {scheduler_job.py:182} INFO - Started process (PID=901) to work on /home/airflow/.local/lib/python3.6/site-packages/airflow/example_dags/example_kubernetes_executor.py
[2021-06-15 03:32:11,246] {scheduler_job.py:633} INFO - Processing file /home/airflow/.local/lib/python3.6/site-packages/airflow/example_dags/example_kubernetes_executor.py for tasks to queue
[2021-06-15 03:32:11,252] {logging_mixin.py:104} INFO - [2021-06-15 03:32:11,251] {dagbag.py:487} INFO - Filling up the DagBag from /home/airflow/.local/lib/python3.6/site-packages/airflow/example_dags/example_kubernetes_executor.py
[2021-06-15 03:32:11,313] {scheduler_job.py:643} INFO - DAG(s) dict_keys(['example_kubernetes_executor']) retrieved from /home/airflow/.local/lib/python3.6/site-packages/airflow/example_dags/example_kubernetes_executor.py
[2021-06-15 03:32:11,436] {logging_mixin.py:104} INFO - [2021-06-15 03:32:11,436] {dag.py:1832} INFO - Sync 1 DAGs
[2021-06-15 03:32:11,526] {logging_mixin.py:104} INFO - [2021-06-15 03:32:11,526] {dag.py:2305} INFO - Setting next_dagrun for example_kubernetes_executor to None
[2021-06-15 03:32:11,579] {scheduler_job.py:190} INFO - Processing /home/airflow/.local/lib/python3.6/site-packages/airflow/example_dags/example_kubernetes_executor.py took 0.367 seconds
[2021-06-15 03:32:42,010] {scheduler_job.py:182} INFO - Started process (PID=970) to work on /home/airflow/.local/lib/python3.6/site-packages/airflow/example_dags/example_kubernetes_executor.py
[2021-06-15 03:32:42,024] {scheduler_job.py:633} INFO - Processing file /home/airflow/.local/lib/python3.6/site-packages/airflow/example_dags/example_kubernetes_executor.py for tasks to queue
[2021-06-15 03:32:42,032] {logging_mixin.py:104} INFO - [2021-06-15 03:32:42,031] {dagbag.py:487} INFO - Filling up the DagBag from /home/airflow/.local/lib/python3.6/site-packages/airflow/example_dags/example_kubernetes_executor.py
[2021-06-15 03:32:42,108] {scheduler_job.py:643} INFO - DAG(s) dict_keys(['example_kubernetes_executor']) retrieved from /home/airflow/.local/lib/python3.6/site-packages/airflow/example_dags/example_kubernetes_executor.py
[2021-06-15 03:32:42,207] {logging_mixin.py:104} INFO - [2021-06-15 03:32:42,206] {dag.py:1832} INFO - Sync 1 DAGs
[2021-06-15 03:32:42,271] {logging_mixin.py:104} INFO - [2021-06-15 03:32:42,270] {dag.py:2305} INFO - Setting next_dagrun for example_kubernetes_executor to None
[2021-06-15 03:32:42,311] {scheduler_job.py:190} INFO - Processing /home/airflow/.local/lib/python3.6/site-packages/airflow/example_dags/example_kubernetes_executor.py took 0.316 seconds
[2021-06-15 03:33:13,066] {scheduler_job.py:182} INFO - Started process (PID=1037) to work on /home/airflow/.local/lib/python3.6/site-packages/airflow/example_dags/example_kubernetes_executor.py
[2021-06-15 03:33:13,073] {scheduler_job.py:633} INFO - Processing file /home/airflow/.local/lib/python3.6/site-packages/airflow/example_dags/example_kubernetes_executor.py for tasks to queue
[2021-06-15 03:33:13,079] {logging_mixin.py:104} INFO - [2021-06-15 03:33:13,078] {dagbag.py:487} INFO - Filling up the DagBag from /home/airflow/.local/lib/python3.6/site-packages/airflow/example_dags/example_kubernetes_executor.py
[2021-06-15 03:33:13,141] {scheduler_job.py:643} INFO - DAG(s) dict_keys(['example_kubernetes_executor']) retrieved from /home/airflow/.local/lib/python3.6/site-packages/airflow/example_dags/example_kubernetes_executor.py
[2021-06-15 03:33:13,264] {logging_mixin.py:104} INFO - [2021-06-15 03:33:13,263] {dag.py:1832} INFO - Sync 1 DAGs
[2021-06-15 03:33:13,362] {logging_mixin.py:104} INFO - [2021-06-15 03:33:13,361] {dag.py:2305} INFO - Setting next_dagrun for example_kubernetes_executor to None
[2021-06-15 03:33:13,428] {scheduler_job.py:190} INFO - Processing /home/airflow/.local/lib/python3.6/site-packages/airflow/example_dags/example_kubernetes_executor.py took 0.384 seconds
[2021-06-15 03:33:43,788] {scheduler_job.py:182} INFO - Started process (PID=1098) to work on /home/airflow/.local/lib/python3.6/site-packages/airflow/example_dags/example_kubernetes_executor.py
[2021-06-15 03:33:43,795] {scheduler_job.py:633} INFO - Processing file /home/airflow/.local/lib/python3.6/site-packages/airflow/example_dags/example_kubernetes_executor.py for tasks to queue
[2021-06-15 03:33:43,800] {logging_mixin.py:104} INFO - [2021-06-15 03:33:43,799] {dagbag.py:487} INFO - Filling up the DagBag from /home/airflow/.local/lib/python3.6/site-packages/airflow/example_dags/example_kubernetes_executor.py
[2021-06-15 03:33:43,853] {scheduler_job.py:643} INFO - DAG(s) dict_keys(['example_kubernetes_executor']) retrieved from /home/airflow/.local/lib/python3.6/site-packages/airflow/example_dags/example_kubernetes_executor.py
[2021-06-15 03:33:43,962] {logging_mixin.py:104} INFO - [2021-06-15 03:33:43,961] {dag.py:1832} INFO - Sync 1 DAGs
[2021-06-15 03:33:44,023] {logging_mixin.py:104} INFO - [2021-06-15 03:33:44,023] {dag.py:2305} INFO - Setting next_dagrun for example_kubernetes_executor to None
[2021-06-15 03:33:44,062] {scheduler_job.py:190} INFO - Processing /home/airflow/.local/lib/python3.6/site-packages/airflow/example_dags/example_kubernetes_executor.py took 0.288 seconds
[2021-06-15 03:34:14,782] {scheduler_job.py:182} INFO - Started process (PID=1155) to work on /home/airflow/.local/lib/python3.6/site-packages/airflow/example_dags/example_kubernetes_executor.py
[2021-06-15 03:34:14,793] {scheduler_job.py:633} INFO - Processing file /home/airflow/.local/lib/python3.6/site-packages/airflow/example_dags/example_kubernetes_executor.py for tasks to queue
[2021-06-15 03:34:14,799] {logging_mixin.py:104} INFO - [2021-06-15 03:34:14,798] {dagbag.py:487} INFO - Filling up the DagBag from /home/airflow/.local/lib/python3.6/site-packages/airflow/example_dags/example_kubernetes_executor.py
[2021-06-15 03:34:14,877] {scheduler_job.py:643} INFO - DAG(s) dict_keys(['example_kubernetes_executor']) retrieved from /home/airflow/.local/lib/python3.6/site-packages/airflow/example_dags/example_kubernetes_executor.py
[2021-06-15 03:34:15,066] {logging_mixin.py:104} INFO - [2021-06-15 03:34:15,065] {dag.py:1832} INFO - Sync 1 DAGs
[2021-06-15 03:34:15,192] {logging_mixin.py:104} INFO - [2021-06-15 03:34:15,192] {dag.py:2305} INFO - Setting next_dagrun for example_kubernetes_executor to None
[2021-06-15 03:34:15,273] {scheduler_job.py:190} INFO - Processing /home/airflow/.local/lib/python3.6/site-packages/airflow/example_dags/example_kubernetes_executor.py took 0.514 seconds
[2021-06-15 03:34:45,471] {scheduler_job.py:182} INFO - Started process (PID=1222) to work on /home/airflow/.local/lib/python3.6/site-packages/airflow/example_dags/example_kubernetes_executor.py
[2021-06-15 03:34:45,480] {scheduler_job.py:633} INFO - Processing file /home/airflow/.local/lib/python3.6/site-packages/airflow/example_dags/example_kubernetes_executor.py for tasks to queue
[2021-06-15 03:34:45,486] {logging_mixin.py:104} INFO - [2021-06-15 03:34:45,485] {dagbag.py:487} INFO - Filling up the DagBag from /home/airflow/.local/lib/python3.6/site-packages/airflow/example_dags/example_kubernetes_executor.py
[2021-06-15 03:34:45,604] {scheduler_job.py:643} INFO - DAG(s) dict_keys(['example_kubernetes_executor']) retrieved from /home/airflow/.local/lib/python3.6/site-packages/airflow/example_dags/example_kubernetes_executor.py
[2021-06-15 03:34:45,781] {logging_mixin.py:104} INFO - [2021-06-15 03:34:45,780] {dag.py:1832} INFO - Sync 1 DAGs
[2021-06-15 03:34:45,906] {logging_mixin.py:104} INFO - [2021-06-15 03:34:45,906] {dag.py:2305} INFO - Setting next_dagrun for example_kubernetes_executor to None
[2021-06-15 03:34:45,958] {scheduler_job.py:190} INFO - Processing /home/airflow/.local/lib/python3.6/site-packages/airflow/example_dags/example_kubernetes_executor.py took 0.503 seconds
[2021-06-15 03:35:16,385] {scheduler_job.py:182} INFO - Started process (PID=1289) to work on /home/airflow/.local/lib/python3.6/site-packages/airflow/example_dags/example_kubernetes_executor.py
[2021-06-15 03:35:16,391] {scheduler_job.py:633} INFO - Processing file /home/airflow/.local/lib/python3.6/site-packages/airflow/example_dags/example_kubernetes_executor.py for tasks to queue
[2021-06-15 03:35:16,397] {logging_mixin.py:104} INFO - [2021-06-15 03:35:16,396] {dagbag.py:487} INFO - Filling up the DagBag from /home/airflow/.local/lib/python3.6/site-packages/airflow/example_dags/example_kubernetes_executor.py
[2021-06-15 03:35:16,450] {scheduler_job.py:643} INFO - DAG(s) dict_keys(['example_kubernetes_executor']) retrieved from /home/airflow/.local/lib/python3.6/site-packages/airflow/example_dags/example_kubernetes_executor.py
[2021-06-15 03:35:16,552] {logging_mixin.py:104} INFO - [2021-06-15 03:35:16,551] {dag.py:1832} INFO - Sync 1 DAGs
[2021-06-15 03:35:16,622] {logging_mixin.py:104} INFO - [2021-06-15 03:35:16,621] {dag.py:2305} INFO - Setting next_dagrun for example_kubernetes_executor to None
[2021-06-15 03:35:16,668] {scheduler_job.py:190} INFO - Processing /home/airflow/.local/lib/python3.6/site-packages/airflow/example_dags/example_kubernetes_executor.py took 0.298 seconds
[2021-06-15 03:35:47,175] {scheduler_job.py:182} INFO - Started process (PID=1350) to work on /home/airflow/.local/lib/python3.6/site-packages/airflow/example_dags/example_kubernetes_executor.py
[2021-06-15 03:35:47,185] {scheduler_job.py:633} INFO - Processing file /home/airflow/.local/lib/python3.6/site-packages/airflow/example_dags/example_kubernetes_executor.py for tasks to queue
[2021-06-15 03:35:47,193] {logging_mixin.py:104} INFO - [2021-06-15 03:35:47,192] {dagbag.py:487} INFO - Filling up the DagBag from /home/airflow/.local/lib/python3.6/site-packages/airflow/example_dags/example_kubernetes_executor.py
[2021-06-15 03:35:47,309] {scheduler_job.py:643} INFO - DAG(s) dict_keys(['example_kubernetes_executor']) retrieved from /home/airflow/.local/lib/python3.6/site-packages/airflow/example_dags/example_kubernetes_executor.py
[2021-06-15 03:35:47,436] {logging_mixin.py:104} INFO - [2021-06-15 03:35:47,435] {dag.py:1832} INFO - Sync 1 DAGs
[2021-06-15 03:35:47,549] {logging_mixin.py:104} INFO - [2021-06-15 03:35:47,549] {dag.py:2305} INFO - Setting next_dagrun for example_kubernetes_executor to None
[2021-06-15 03:35:47,599] {scheduler_job.py:190} INFO - Processing /home/airflow/.local/lib/python3.6/site-packages/airflow/example_dags/example_kubernetes_executor.py took 0.439 seconds
[2021-06-15 03:36:18,858] {scheduler_job.py:182} INFO - Started process (PID=1406) to work on /home/airflow/.local/lib/python3.6/site-packages/airflow/example_dags/example_kubernetes_executor.py
[2021-06-15 03:36:18,877] {scheduler_job.py:633} INFO - Processing file /home/airflow/.local/lib/python3.6/site-packages/airflow/example_dags/example_kubernetes_executor.py for tasks to queue
[2021-06-15 03:36:18,884] {logging_mixin.py:104} INFO - [2021-06-15 03:36:18,883] {dagbag.py:487} INFO - Filling up the DagBag from /home/airflow/.local/lib/python3.6/site-packages/airflow/example_dags/example_kubernetes_executor.py
[2021-06-15 03:36:18,944] {scheduler_job.py:643} INFO - DAG(s) dict_keys(['example_kubernetes_executor']) retrieved from /home/airflow/.local/lib/python3.6/site-packages/airflow/example_dags/example_kubernetes_executor.py
[2021-06-15 03:36:19,089] {logging_mixin.py:104} INFO - [2021-06-15 03:36:19,088] {dag.py:1832} INFO - Sync 1 DAGs
[2021-06-15 03:36:19,256] {logging_mixin.py:104} INFO - [2021-06-15 03:36:19,256] {dag.py:2305} INFO - Setting next_dagrun for example_kubernetes_executor to None
[2021-06-15 03:36:19,345] {scheduler_job.py:190} INFO - Processing /home/airflow/.local/lib/python3.6/site-packages/airflow/example_dags/example_kubernetes_executor.py took 0.506 seconds
[2021-06-15 03:36:50,163] {scheduler_job.py:182} INFO - Started process (PID=1474) to work on /home/airflow/.local/lib/python3.6/site-packages/airflow/example_dags/example_kubernetes_executor.py
[2021-06-15 03:36:50,171] {scheduler_job.py:633} INFO - Processing file /home/airflow/.local/lib/python3.6/site-packages/airflow/example_dags/example_kubernetes_executor.py for tasks to queue
[2021-06-15 03:36:50,177] {logging_mixin.py:104} INFO - [2021-06-15 03:36:50,176] {dagbag.py:487} INFO - Filling up the DagBag from /home/airflow/.local/lib/python3.6/site-packages/airflow/example_dags/example_kubernetes_executor.py
[2021-06-15 03:36:50,256] {scheduler_job.py:643} INFO - DAG(s) dict_keys(['example_kubernetes_executor']) retrieved from /home/airflow/.local/lib/python3.6/site-packages/airflow/example_dags/example_kubernetes_executor.py
[2021-06-15 03:36:50,409] {logging_mixin.py:104} INFO - [2021-06-15 03:36:50,408] {dag.py:1832} INFO - Sync 1 DAGs
[2021-06-15 03:36:50,499] {logging_mixin.py:104} INFO - [2021-06-15 03:36:50,499] {dag.py:2305} INFO - Setting next_dagrun for example_kubernetes_executor to None
[2021-06-15 03:36:50,544] {scheduler_job.py:190} INFO - Processing /home/airflow/.local/lib/python3.6/site-packages/airflow/example_dags/example_kubernetes_executor.py took 0.405 seconds
[2021-06-15 03:37:20,710] {scheduler_job.py:182} INFO - Started process (PID=1543) to work on /home/airflow/.local/lib/python3.6/site-packages/airflow/example_dags/example_kubernetes_executor.py
[2021-06-15 03:37:20,719] {scheduler_job.py:633} INFO - Processing file /home/airflow/.local/lib/python3.6/site-packages/airflow/example_dags/example_kubernetes_executor.py for tasks to queue
[2021-06-15 03:37:20,723] {logging_mixin.py:104} INFO - [2021-06-15 03:37:20,723] {dagbag.py:487} INFO - Filling up the DagBag from /home/airflow/.local/lib/python3.6/site-packages/airflow/example_dags/example_kubernetes_executor.py
[2021-06-15 03:37:20,777] {scheduler_job.py:643} INFO - DAG(s) dict_keys(['example_kubernetes_executor']) retrieved from /home/airflow/.local/lib/python3.6/site-packages/airflow/example_dags/example_kubernetes_executor.py
[2021-06-15 03:37:20,872] {logging_mixin.py:104} INFO - [2021-06-15 03:37:20,872] {dag.py:1832} INFO - Sync 1 DAGs
[2021-06-15 03:37:20,935] {logging_mixin.py:104} INFO - [2021-06-15 03:37:20,934] {dag.py:2305} INFO - Setting next_dagrun for example_kubernetes_executor to None
[2021-06-15 03:37:20,974] {scheduler_job.py:190} INFO - Processing /home/airflow/.local/lib/python3.6/site-packages/airflow/example_dags/example_kubernetes_executor.py took 0.279 seconds
[2021-06-15 03:37:51,790] {scheduler_job.py:182} INFO - Started process (PID=1610) to work on /home/airflow/.local/lib/python3.6/site-packages/airflow/example_dags/example_kubernetes_executor.py
[2021-06-15 03:37:51,806] {scheduler_job.py:633} INFO - Processing file /home/airflow/.local/lib/python3.6/site-packages/airflow/example_dags/example_kubernetes_executor.py for tasks to queue
[2021-06-15 03:37:51,812] {logging_mixin.py:104} INFO - [2021-06-15 03:37:51,810] {dagbag.py:487} INFO - Filling up the DagBag from /home/airflow/.local/lib/python3.6/site-packages/airflow/example_dags/example_kubernetes_executor.py
[2021-06-15 03:37:51,863] {scheduler_job.py:643} INFO - DAG(s) dict_keys(['example_kubernetes_executor']) retrieved from /home/airflow/.local/lib/python3.6/site-packages/airflow/example_dags/example_kubernetes_executor.py
[2021-06-15 03:37:51,960] {logging_mixin.py:104} INFO - [2021-06-15 03:37:51,960] {dag.py:1832} INFO - Sync 1 DAGs
[2021-06-15 03:37:52,034] {logging_mixin.py:104} INFO - [2021-06-15 03:37:52,034] {dag.py:2305} INFO - Setting next_dagrun for example_kubernetes_executor to None
[2021-06-15 03:37:52,086] {scheduler_job.py:190} INFO - Processing /home/airflow/.local/lib/python3.6/site-packages/airflow/example_dags/example_kubernetes_executor.py took 0.319 seconds
[2021-06-15 03:38:22,487] {scheduler_job.py:182} INFO - Started process (PID=1670) to work on /home/airflow/.local/lib/python3.6/site-packages/airflow/example_dags/example_kubernetes_executor.py
[2021-06-15 03:38:22,498] {scheduler_job.py:633} INFO - Processing file /home/airflow/.local/lib/python3.6/site-packages/airflow/example_dags/example_kubernetes_executor.py for tasks to queue
[2021-06-15 03:38:22,507] {logging_mixin.py:104} INFO - [2021-06-15 03:38:22,506] {dagbag.py:487} INFO - Filling up the DagBag from /home/airflow/.local/lib/python3.6/site-packages/airflow/example_dags/example_kubernetes_executor.py
[2021-06-15 03:38:22,588] {scheduler_job.py:643} INFO - DAG(s) dict_keys(['example_kubernetes_executor']) retrieved from /home/airflow/.local/lib/python3.6/site-packages/airflow/example_dags/example_kubernetes_executor.py
[2021-06-15 03:38:22,693] {logging_mixin.py:104} INFO - [2021-06-15 03:38:22,693] {dag.py:1832} INFO - Sync 1 DAGs
[2021-06-15 03:38:22,755] {logging_mixin.py:104} INFO - [2021-06-15 03:38:22,755] {dag.py:2305} INFO - Setting next_dagrun for example_kubernetes_executor to None
[2021-06-15 03:38:22,814] {scheduler_job.py:190} INFO - Processing /home/airflow/.local/lib/python3.6/site-packages/airflow/example_dags/example_kubernetes_executor.py took 0.357 seconds
[2021-06-15 03:38:53,215] {scheduler_job.py:182} INFO - Started process (PID=1727) to work on /home/airflow/.local/lib/python3.6/site-packages/airflow/example_dags/example_kubernetes_executor.py
[2021-06-15 03:38:53,247] {scheduler_job.py:633} INFO - Processing file /home/airflow/.local/lib/python3.6/site-packages/airflow/example_dags/example_kubernetes_executor.py for tasks to queue
[2021-06-15 03:38:53,257] {logging_mixin.py:104} INFO - [2021-06-15 03:38:53,256] {dagbag.py:487} INFO - Filling up the DagBag from /home/airflow/.local/lib/python3.6/site-packages/airflow/example_dags/example_kubernetes_executor.py
[2021-06-15 03:38:53,393] {scheduler_job.py:643} INFO - DAG(s) dict_keys(['example_kubernetes_executor']) retrieved from /home/airflow/.local/lib/python3.6/site-packages/airflow/example_dags/example_kubernetes_executor.py
[2021-06-15 03:38:53,576] {logging_mixin.py:104} INFO - [2021-06-15 03:38:53,575] {dag.py:1832} INFO - Sync 1 DAGs
[2021-06-15 03:38:53,716] {logging_mixin.py:104} INFO - [2021-06-15 03:38:53,715] {dag.py:2305} INFO - Setting next_dagrun for example_kubernetes_executor to None
[2021-06-15 03:38:53,792] {scheduler_job.py:190} INFO - Processing /home/airflow/.local/lib/python3.6/site-packages/airflow/example_dags/example_kubernetes_executor.py took 0.632 seconds
[2021-06-15 03:39:24,331] {scheduler_job.py:182} INFO - Started process (PID=1794) to work on /home/airflow/.local/lib/python3.6/site-packages/airflow/example_dags/example_kubernetes_executor.py
[2021-06-15 03:39:24,340] {scheduler_job.py:633} INFO - Processing file /home/airflow/.local/lib/python3.6/site-packages/airflow/example_dags/example_kubernetes_executor.py for tasks to queue
[2021-06-15 03:39:24,345] {logging_mixin.py:104} INFO - [2021-06-15 03:39:24,344] {dagbag.py:487} INFO - Filling up the DagBag from /home/airflow/.local/lib/python3.6/site-packages/airflow/example_dags/example_kubernetes_executor.py
[2021-06-15 03:39:24,425] {scheduler_job.py:643} INFO - DAG(s) dict_keys(['example_kubernetes_executor']) retrieved from /home/airflow/.local/lib/python3.6/site-packages/airflow/example_dags/example_kubernetes_executor.py
[2021-06-15 03:39:24,564] {logging_mixin.py:104} INFO - [2021-06-15 03:39:24,563] {dag.py:1832} INFO - Sync 1 DAGs
[2021-06-15 03:39:24,642] {logging_mixin.py:104} INFO - [2021-06-15 03:39:24,642] {dag.py:2305} INFO - Setting next_dagrun for example_kubernetes_executor to None
[2021-06-15 03:39:24,686] {scheduler_job.py:190} INFO - Processing /home/airflow/.local/lib/python3.6/site-packages/airflow/example_dags/example_kubernetes_executor.py took 0.371 seconds
[2021-06-15 03:39:54,806] {scheduler_job.py:182} INFO - Started process (PID=1862) to work on /home/airflow/.local/lib/python3.6/site-packages/airflow/example_dags/example_kubernetes_executor.py
[2021-06-15 03:39:54,814] {scheduler_job.py:633} INFO - Processing file /home/airflow/.local/lib/python3.6/site-packages/airflow/example_dags/example_kubernetes_executor.py for tasks to queue
[2021-06-15 03:39:54,823] {logging_mixin.py:104} INFO - [2021-06-15 03:39:54,820] {dagbag.py:487} INFO - Filling up the DagBag from /home/airflow/.local/lib/python3.6/site-packages/airflow/example_dags/example_kubernetes_executor.py
[2021-06-15 03:39:54,882] {scheduler_job.py:643} INFO - DAG(s) dict_keys(['example_kubernetes_executor']) retrieved from /home/airflow/.local/lib/python3.6/site-packages/airflow/example_dags/example_kubernetes_executor.py
[2021-06-15 03:39:54,985] {logging_mixin.py:104} INFO - [2021-06-15 03:39:54,984] {dag.py:1832} INFO - Sync 1 DAGs
[2021-06-15 03:39:55,059] {logging_mixin.py:104} INFO - [2021-06-15 03:39:55,059] {dag.py:2305} INFO - Setting next_dagrun for example_kubernetes_executor to None
[2021-06-15 03:39:55,106] {scheduler_job.py:190} INFO - Processing /home/airflow/.local/lib/python3.6/site-packages/airflow/example_dags/example_kubernetes_executor.py took 0.315 seconds
[2021-06-15 03:40:25,328] {scheduler_job.py:182} INFO - Started process (PID=1920) to work on /home/airflow/.local/lib/python3.6/site-packages/airflow/example_dags/example_kubernetes_executor.py
[2021-06-15 03:40:25,336] {scheduler_job.py:633} INFO - Processing file /home/airflow/.local/lib/python3.6/site-packages/airflow/example_dags/example_kubernetes_executor.py for tasks to queue
[2021-06-15 03:40:25,340] {logging_mixin.py:104} INFO - [2021-06-15 03:40:25,340] {dagbag.py:487} INFO - Filling up the DagBag from /home/airflow/.local/lib/python3.6/site-packages/airflow/example_dags/example_kubernetes_executor.py
[2021-06-15 03:40:25,407] {scheduler_job.py:643} INFO - DAG(s) dict_keys(['example_kubernetes_executor']) retrieved from /home/airflow/.local/lib/python3.6/site-packages/airflow/example_dags/example_kubernetes_executor.py
[2021-06-15 03:40:25,525] {logging_mixin.py:104} INFO - [2021-06-15 03:40:25,525] {dag.py:1832} INFO - Sync 1 DAGs
[2021-06-15 03:40:25,640] {logging_mixin.py:104} INFO - [2021-06-15 03:40:25,639] {dag.py:2305} INFO - Setting next_dagrun for example_kubernetes_executor to None
[2021-06-15 03:40:25,689] {scheduler_job.py:190} INFO - Processing /home/airflow/.local/lib/python3.6/site-packages/airflow/example_dags/example_kubernetes_executor.py took 0.380 seconds
[2021-06-15 03:40:55,914] {scheduler_job.py:182} INFO - Started process (PID=1978) to work on /home/airflow/.local/lib/python3.6/site-packages/airflow/example_dags/example_kubernetes_executor.py
[2021-06-15 03:40:55,923] {scheduler_job.py:633} INFO - Processing file /home/airflow/.local/lib/python3.6/site-packages/airflow/example_dags/example_kubernetes_executor.py for tasks to queue
[2021-06-15 03:40:55,932] {logging_mixin.py:104} INFO - [2021-06-15 03:40:55,931] {dagbag.py:487} INFO - Filling up the DagBag from /home/airflow/.local/lib/python3.6/site-packages/airflow/example_dags/example_kubernetes_executor.py
[2021-06-15 03:40:56,023] {scheduler_job.py:643} INFO - DAG(s) dict_keys(['example_kubernetes_executor']) retrieved from /home/airflow/.local/lib/python3.6/site-packages/airflow/example_dags/example_kubernetes_executor.py
[2021-06-15 03:40:56,198] {logging_mixin.py:104} INFO - [2021-06-15 03:40:56,197] {dag.py:1832} INFO - Sync 1 DAGs
[2021-06-15 03:40:56,290] {logging_mixin.py:104} INFO - [2021-06-15 03:40:56,290] {dag.py:2305} INFO - Setting next_dagrun for example_kubernetes_executor to None
[2021-06-15 03:40:56,345] {scheduler_job.py:190} INFO - Processing /home/airflow/.local/lib/python3.6/site-packages/airflow/example_dags/example_kubernetes_executor.py took 0.454 seconds
[2021-06-15 03:41:27,153] {scheduler_job.py:182} INFO - Started process (PID=2046) to work on /home/airflow/.local/lib/python3.6/site-packages/airflow/example_dags/example_kubernetes_executor.py
[2021-06-15 03:41:27,161] {scheduler_job.py:633} INFO - Processing file /home/airflow/.local/lib/python3.6/site-packages/airflow/example_dags/example_kubernetes_executor.py for tasks to queue
[2021-06-15 03:41:27,168] {logging_mixin.py:104} INFO - [2021-06-15 03:41:27,167] {dagbag.py:487} INFO - Filling up the DagBag from /home/airflow/.local/lib/python3.6/site-packages/airflow/example_dags/example_kubernetes_executor.py
[2021-06-15 03:41:27,241] {scheduler_job.py:643} INFO - DAG(s) dict_keys(['example_kubernetes_executor']) retrieved from /home/airflow/.local/lib/python3.6/site-packages/airflow/example_dags/example_kubernetes_executor.py
[2021-06-15 03:41:27,402] {logging_mixin.py:104} INFO - [2021-06-15 03:41:27,402] {dag.py:1832} INFO - Sync 1 DAGs
[2021-06-15 03:41:27,489] {logging_mixin.py:104} INFO - [2021-06-15 03:41:27,488] {dag.py:2305} INFO - Setting next_dagrun for example_kubernetes_executor to None
[2021-06-15 03:41:27,542] {scheduler_job.py:190} INFO - Processing /home/airflow/.local/lib/python3.6/site-packages/airflow/example_dags/example_kubernetes_executor.py took 0.406 seconds
[2021-06-15 03:41:57,940] {scheduler_job.py:182} INFO - Started process (PID=2105) to work on /home/airflow/.local/lib/python3.6/site-packages/airflow/example_dags/example_kubernetes_executor.py
[2021-06-15 03:41:57,954] {scheduler_job.py:633} INFO - Processing file /home/airflow/.local/lib/python3.6/site-packages/airflow/example_dags/example_kubernetes_executor.py for tasks to queue
[2021-06-15 03:41:57,970] {logging_mixin.py:104} INFO - [2021-06-15 03:41:57,969] {dagbag.py:487} INFO - Filling up the DagBag from /home/airflow/.local/lib/python3.6/site-packages/airflow/example_dags/example_kubernetes_executor.py
[2021-06-15 03:41:58,071] {scheduler_job.py:643} INFO - DAG(s) dict_keys(['example_kubernetes_executor']) retrieved from /home/airflow/.local/lib/python3.6/site-packages/airflow/example_dags/example_kubernetes_executor.py
[2021-06-15 03:41:58,240] {logging_mixin.py:104} INFO - [2021-06-15 03:41:58,240] {dag.py:1832} INFO - Sync 1 DAGs
[2021-06-15 03:41:58,352] {logging_mixin.py:104} INFO - [2021-06-15 03:41:58,351] {dag.py:2305} INFO - Setting next_dagrun for example_kubernetes_executor to None
[2021-06-15 03:41:58,408] {scheduler_job.py:190} INFO - Processing /home/airflow/.local/lib/python3.6/site-packages/airflow/example_dags/example_kubernetes_executor.py took 0.493 seconds
[2021-06-15 03:42:28,993] {scheduler_job.py:182} INFO - Started process (PID=2163) to work on /home/airflow/.local/lib/python3.6/site-packages/airflow/example_dags/example_kubernetes_executor.py
[2021-06-15 03:42:29,002] {scheduler_job.py:633} INFO - Processing file /home/airflow/.local/lib/python3.6/site-packages/airflow/example_dags/example_kubernetes_executor.py for tasks to queue
[2021-06-15 03:42:29,007] {logging_mixin.py:104} INFO - [2021-06-15 03:42:29,006] {dagbag.py:487} INFO - Filling up the DagBag from /home/airflow/.local/lib/python3.6/site-packages/airflow/example_dags/example_kubernetes_executor.py
[2021-06-15 03:42:29,061] {scheduler_job.py:643} INFO - DAG(s) dict_keys(['example_kubernetes_executor']) retrieved from /home/airflow/.local/lib/python3.6/site-packages/airflow/example_dags/example_kubernetes_executor.py
[2021-06-15 03:42:29,170] {logging_mixin.py:104} INFO - [2021-06-15 03:42:29,170] {dag.py:1832} INFO - Sync 1 DAGs
[2021-06-15 03:42:29,238] {logging_mixin.py:104} INFO - [2021-06-15 03:42:29,238] {dag.py:2305} INFO - Setting next_dagrun for example_kubernetes_executor to None
[2021-06-15 03:42:29,282] {scheduler_job.py:190} INFO - Processing /home/airflow/.local/lib/python3.6/site-packages/airflow/example_dags/example_kubernetes_executor.py took 0.306 seconds
[2021-06-15 03:43:00,031] {scheduler_job.py:182} INFO - Started process (PID=2229) to work on /home/airflow/.local/lib/python3.6/site-packages/airflow/example_dags/example_kubernetes_executor.py
[2021-06-15 03:43:00,040] {scheduler_job.py:633} INFO - Processing file /home/airflow/.local/lib/python3.6/site-packages/airflow/example_dags/example_kubernetes_executor.py for tasks to queue
[2021-06-15 03:43:00,047] {logging_mixin.py:104} INFO - [2021-06-15 03:43:00,047] {dagbag.py:487} INFO - Filling up the DagBag from /home/airflow/.local/lib/python3.6/site-packages/airflow/example_dags/example_kubernetes_executor.py
[2021-06-15 03:43:00,106] {scheduler_job.py:643} INFO - DAG(s) dict_keys(['example_kubernetes_executor']) retrieved from /home/airflow/.local/lib/python3.6/site-packages/airflow/example_dags/example_kubernetes_executor.py
[2021-06-15 03:43:00,206] {logging_mixin.py:104} INFO - [2021-06-15 03:43:00,206] {dag.py:1832} INFO - Sync 1 DAGs
[2021-06-15 03:43:00,275] {logging_mixin.py:104} INFO - [2021-06-15 03:43:00,274] {dag.py:2305} INFO - Setting next_dagrun for example_kubernetes_executor to None
[2021-06-15 03:43:00,320] {scheduler_job.py:190} INFO - Processing /home/airflow/.local/lib/python3.6/site-packages/airflow/example_dags/example_kubernetes_executor.py took 0.304 seconds
[2021-06-15 03:43:30,518] {scheduler_job.py:182} INFO - Started process (PID=2290) to work on /home/airflow/.local/lib/python3.6/site-packages/airflow/example_dags/example_kubernetes_executor.py
[2021-06-15 03:43:30,527] {scheduler_job.py:633} INFO - Processing file /home/airflow/.local/lib/python3.6/site-packages/airflow/example_dags/example_kubernetes_executor.py for tasks to queue
[2021-06-15 03:43:30,534] {logging_mixin.py:104} INFO - [2021-06-15 03:43:30,533] {dagbag.py:487} INFO - Filling up the DagBag from /home/airflow/.local/lib/python3.6/site-packages/airflow/example_dags/example_kubernetes_executor.py
[2021-06-15 03:43:30,593] {scheduler_job.py:643} INFO - DAG(s) dict_keys(['example_kubernetes_executor']) retrieved from /home/airflow/.local/lib/python3.6/site-packages/airflow/example_dags/example_kubernetes_executor.py
[2021-06-15 03:43:30,721] {logging_mixin.py:104} INFO - [2021-06-15 03:43:30,721] {dag.py:1832} INFO - Sync 1 DAGs
[2021-06-15 03:43:30,802] {logging_mixin.py:104} INFO - [2021-06-15 03:43:30,801] {dag.py:2305} INFO - Setting next_dagrun for example_kubernetes_executor to None
[2021-06-15 03:43:30,856] {scheduler_job.py:190} INFO - Processing /home/airflow/.local/lib/python3.6/site-packages/airflow/example_dags/example_kubernetes_executor.py took 0.354 seconds
[2021-06-15 03:44:01,582] {scheduler_job.py:182} INFO - Started process (PID=2354) to work on /home/airflow/.local/lib/python3.6/site-packages/airflow/example_dags/example_kubernetes_executor.py
[2021-06-15 03:44:01,590] {scheduler_job.py:633} INFO - Processing file /home/airflow/.local/lib/python3.6/site-packages/airflow/example_dags/example_kubernetes_executor.py for tasks to queue
[2021-06-15 03:44:01,596] {logging_mixin.py:104} INFO - [2021-06-15 03:44:01,595] {dagbag.py:487} INFO - Filling up the DagBag from /home/airflow/.local/lib/python3.6/site-packages/airflow/example_dags/example_kubernetes_executor.py
[2021-06-15 03:44:01,670] {scheduler_job.py:643} INFO - DAG(s) dict_keys(['example_kubernetes_executor']) retrieved from /home/airflow/.local/lib/python3.6/site-packages/airflow/example_dags/example_kubernetes_executor.py
[2021-06-15 03:44:01,795] {logging_mixin.py:104} INFO - [2021-06-15 03:44:01,794] {dag.py:1832} INFO - Sync 1 DAGs
[2021-06-15 03:44:01,881] {logging_mixin.py:104} INFO - [2021-06-15 03:44:01,880] {dag.py:2305} INFO - Setting next_dagrun for example_kubernetes_executor to None
[2021-06-15 03:44:01,933] {scheduler_job.py:190} INFO - Processing /home/airflow/.local/lib/python3.6/site-packages/airflow/example_dags/example_kubernetes_executor.py took 0.371 seconds
[2021-06-15 03:44:32,196] {scheduler_job.py:182} INFO - Started process (PID=2413) to work on /home/airflow/.local/lib/python3.6/site-packages/airflow/example_dags/example_kubernetes_executor.py
[2021-06-15 03:44:32,206] {scheduler_job.py:633} INFO - Processing file /home/airflow/.local/lib/python3.6/site-packages/airflow/example_dags/example_kubernetes_executor.py for tasks to queue
[2021-06-15 03:44:32,213] {logging_mixin.py:104} INFO - [2021-06-15 03:44:32,212] {dagbag.py:487} INFO - Filling up the DagBag from /home/airflow/.local/lib/python3.6/site-packages/airflow/example_dags/example_kubernetes_executor.py
[2021-06-15 03:44:32,291] {scheduler_job.py:643} INFO - DAG(s) dict_keys(['example_kubernetes_executor']) retrieved from /home/airflow/.local/lib/python3.6/site-packages/airflow/example_dags/example_kubernetes_executor.py
[2021-06-15 03:44:32,415] {logging_mixin.py:104} INFO - [2021-06-15 03:44:32,414] {dag.py:1832} INFO - Sync 1 DAGs
[2021-06-15 03:44:32,500] {logging_mixin.py:104} INFO - [2021-06-15 03:44:32,499] {dag.py:2305} INFO - Setting next_dagrun for example_kubernetes_executor to None
[2021-06-15 03:44:32,549] {scheduler_job.py:190} INFO - Processing /home/airflow/.local/lib/python3.6/site-packages/airflow/example_dags/example_kubernetes_executor.py took 0.379 seconds
[2021-06-15 03:45:03,348] {scheduler_job.py:182} INFO - Started process (PID=2480) to work on /home/airflow/.local/lib/python3.6/site-packages/airflow/example_dags/example_kubernetes_executor.py
[2021-06-15 03:45:03,357] {scheduler_job.py:633} INFO - Processing file /home/airflow/.local/lib/python3.6/site-packages/airflow/example_dags/example_kubernetes_executor.py for tasks to queue
[2021-06-15 03:45:03,365] {logging_mixin.py:104} INFO - [2021-06-15 03:45:03,364] {dagbag.py:487} INFO - Filling up the DagBag from /home/airflow/.local/lib/python3.6/site-packages/airflow/example_dags/example_kubernetes_executor.py
[2021-06-15 03:45:03,452] {scheduler_job.py:643} INFO - DAG(s) dict_keys(['example_kubernetes_executor']) retrieved from /home/airflow/.local/lib/python3.6/site-packages/airflow/example_dags/example_kubernetes_executor.py
[2021-06-15 03:45:03,588] {logging_mixin.py:104} INFO - [2021-06-15 03:45:03,588] {dag.py:1832} INFO - Sync 1 DAGs
[2021-06-15 03:45:03,686] {logging_mixin.py:104} INFO - [2021-06-15 03:45:03,686] {dag.py:2305} INFO - Setting next_dagrun for example_kubernetes_executor to None
[2021-06-15 03:45:03,753] {scheduler_job.py:190} INFO - Processing /home/airflow/.local/lib/python3.6/site-packages/airflow/example_dags/example_kubernetes_executor.py took 0.426 seconds
[2021-06-15 03:45:34,064] {scheduler_job.py:182} INFO - Started process (PID=2530) to work on /home/airflow/.local/lib/python3.6/site-packages/airflow/example_dags/example_kubernetes_executor.py
[2021-06-15 03:45:34,072] {scheduler_job.py:633} INFO - Processing file /home/airflow/.local/lib/python3.6/site-packages/airflow/example_dags/example_kubernetes_executor.py for tasks to queue
[2021-06-15 03:45:34,079] {logging_mixin.py:104} INFO - [2021-06-15 03:45:34,078] {dagbag.py:487} INFO - Filling up the DagBag from /home/airflow/.local/lib/python3.6/site-packages/airflow/example_dags/example_kubernetes_executor.py
[2021-06-15 03:45:34,154] {scheduler_job.py:643} INFO - DAG(s) dict_keys(['example_kubernetes_executor']) retrieved from /home/airflow/.local/lib/python3.6/site-packages/airflow/example_dags/example_kubernetes_executor.py
[2021-06-15 03:45:34,261] {logging_mixin.py:104} INFO - [2021-06-15 03:45:34,260] {dag.py:1832} INFO - Sync 1 DAGs
[2021-06-15 03:45:34,325] {logging_mixin.py:104} INFO - [2021-06-15 03:45:34,324] {dag.py:2305} INFO - Setting next_dagrun for example_kubernetes_executor to None
[2021-06-15 03:45:34,366] {scheduler_job.py:190} INFO - Processing /home/airflow/.local/lib/python3.6/site-packages/airflow/example_dags/example_kubernetes_executor.py took 0.323 seconds
[2021-06-15 03:46:04,474] {scheduler_job.py:182} INFO - Started process (PID=2596) to work on /home/airflow/.local/lib/python3.6/site-packages/airflow/example_dags/example_kubernetes_executor.py
[2021-06-15 03:46:04,487] {scheduler_job.py:633} INFO - Processing file /home/airflow/.local/lib/python3.6/site-packages/airflow/example_dags/example_kubernetes_executor.py for tasks to queue
[2021-06-15 03:46:04,494] {logging_mixin.py:104} INFO - [2021-06-15 03:46:04,494] {dagbag.py:487} INFO - Filling up the DagBag from /home/airflow/.local/lib/python3.6/site-packages/airflow/example_dags/example_kubernetes_executor.py
[2021-06-15 03:46:04,590] {scheduler_job.py:643} INFO - DAG(s) dict_keys(['example_kubernetes_executor']) retrieved from /home/airflow/.local/lib/python3.6/site-packages/airflow/example_dags/example_kubernetes_executor.py
[2021-06-15 03:46:04,714] {logging_mixin.py:104} INFO - [2021-06-15 03:46:04,714] {dag.py:1832} INFO - Sync 1 DAGs
[2021-06-15 03:46:04,820] {logging_mixin.py:104} INFO - [2021-06-15 03:46:04,819] {dag.py:2305} INFO - Setting next_dagrun for example_kubernetes_executor to None
[2021-06-15 03:46:04,878] {scheduler_job.py:190} INFO - Processing /home/airflow/.local/lib/python3.6/site-packages/airflow/example_dags/example_kubernetes_executor.py took 0.420 seconds
[2021-06-15 03:46:35,537] {scheduler_job.py:182} INFO - Started process (PID=2664) to work on /home/airflow/.local/lib/python3.6/site-packages/airflow/example_dags/example_kubernetes_executor.py
[2021-06-15 03:46:35,543] {scheduler_job.py:633} INFO - Processing file /home/airflow/.local/lib/python3.6/site-packages/airflow/example_dags/example_kubernetes_executor.py for tasks to queue
[2021-06-15 03:46:35,548] {logging_mixin.py:104} INFO - [2021-06-15 03:46:35,547] {dagbag.py:487} INFO - Filling up the DagBag from /home/airflow/.local/lib/python3.6/site-packages/airflow/example_dags/example_kubernetes_executor.py
[2021-06-15 03:46:35,602] {scheduler_job.py:643} INFO - DAG(s) dict_keys(['example_kubernetes_executor']) retrieved from /home/airflow/.local/lib/python3.6/site-packages/airflow/example_dags/example_kubernetes_executor.py
[2021-06-15 03:46:35,695] {logging_mixin.py:104} INFO - [2021-06-15 03:46:35,694] {dag.py:1832} INFO - Sync 1 DAGs
[2021-06-15 03:46:35,755] {logging_mixin.py:104} INFO - [2021-06-15 03:46:35,755] {dag.py:2305} INFO - Setting next_dagrun for example_kubernetes_executor to None
[2021-06-15 03:46:35,801] {scheduler_job.py:190} INFO - Processing /home/airflow/.local/lib/python3.6/site-packages/airflow/example_dags/example_kubernetes_executor.py took 0.279 seconds
[2021-06-15 03:47:06,136] {scheduler_job.py:182} INFO - Started process (PID=2723) to work on /home/airflow/.local/lib/python3.6/site-packages/airflow/example_dags/example_kubernetes_executor.py
[2021-06-15 03:47:06,143] {scheduler_job.py:633} INFO - Processing file /home/airflow/.local/lib/python3.6/site-packages/airflow/example_dags/example_kubernetes_executor.py for tasks to queue
[2021-06-15 03:47:06,148] {logging_mixin.py:104} INFO - [2021-06-15 03:47:06,148] {dagbag.py:487} INFO - Filling up the DagBag from /home/airflow/.local/lib/python3.6/site-packages/airflow/example_dags/example_kubernetes_executor.py
[2021-06-15 03:47:06,204] {scheduler_job.py:643} INFO - DAG(s) dict_keys(['example_kubernetes_executor']) retrieved from /home/airflow/.local/lib/python3.6/site-packages/airflow/example_dags/example_kubernetes_executor.py
[2021-06-15 03:47:06,299] {logging_mixin.py:104} INFO - [2021-06-15 03:47:06,298] {dag.py:1832} INFO - Sync 1 DAGs
[2021-06-15 03:47:06,363] {logging_mixin.py:104} INFO - [2021-06-15 03:47:06,363] {dag.py:2305} INFO - Setting next_dagrun for example_kubernetes_executor to None
[2021-06-15 03:47:06,405] {scheduler_job.py:190} INFO - Processing /home/airflow/.local/lib/python3.6/site-packages/airflow/example_dags/example_kubernetes_executor.py took 0.284 seconds
[2021-06-15 03:47:37,128] {scheduler_job.py:182} INFO - Started process (PID=2788) to work on /home/airflow/.local/lib/python3.6/site-packages/airflow/example_dags/example_kubernetes_executor.py
[2021-06-15 03:47:37,140] {scheduler_job.py:633} INFO - Processing file /home/airflow/.local/lib/python3.6/site-packages/airflow/example_dags/example_kubernetes_executor.py for tasks to queue
[2021-06-15 03:47:37,145] {logging_mixin.py:104} INFO - [2021-06-15 03:47:37,145] {dagbag.py:487} INFO - Filling up the DagBag from /home/airflow/.local/lib/python3.6/site-packages/airflow/example_dags/example_kubernetes_executor.py
[2021-06-15 03:47:37,196] {scheduler_job.py:643} INFO - DAG(s) dict_keys(['example_kubernetes_executor']) retrieved from /home/airflow/.local/lib/python3.6/site-packages/airflow/example_dags/example_kubernetes_executor.py
[2021-06-15 03:47:37,293] {logging_mixin.py:104} INFO - [2021-06-15 03:47:37,293] {dag.py:1832} INFO - Sync 1 DAGs
[2021-06-15 03:47:37,383] {logging_mixin.py:104} INFO - [2021-06-15 03:47:37,383] {dag.py:2305} INFO - Setting next_dagrun for example_kubernetes_executor to None
[2021-06-15 03:47:37,427] {scheduler_job.py:190} INFO - Processing /home/airflow/.local/lib/python3.6/site-packages/airflow/example_dags/example_kubernetes_executor.py took 0.319 seconds
[2021-06-15 03:48:07,749] {scheduler_job.py:182} INFO - Started process (PID=2849) to work on /home/airflow/.local/lib/python3.6/site-packages/airflow/example_dags/example_kubernetes_executor.py
[2021-06-15 03:48:07,757] {scheduler_job.py:633} INFO - Processing file /home/airflow/.local/lib/python3.6/site-packages/airflow/example_dags/example_kubernetes_executor.py for tasks to queue
[2021-06-15 03:48:07,762] {logging_mixin.py:104} INFO - [2021-06-15 03:48:07,761] {dagbag.py:487} INFO - Filling up the DagBag from /home/airflow/.local/lib/python3.6/site-packages/airflow/example_dags/example_kubernetes_executor.py
[2021-06-15 03:48:07,816] {scheduler_job.py:643} INFO - DAG(s) dict_keys(['example_kubernetes_executor']) retrieved from /home/airflow/.local/lib/python3.6/site-packages/airflow/example_dags/example_kubernetes_executor.py
[2021-06-15 03:48:07,918] {logging_mixin.py:104} INFO - [2021-06-15 03:48:07,918] {dag.py:1832} INFO - Sync 1 DAGs
[2021-06-15 03:48:07,980] {logging_mixin.py:104} INFO - [2021-06-15 03:48:07,980] {dag.py:2305} INFO - Setting next_dagrun for example_kubernetes_executor to None
[2021-06-15 03:48:08,023] {scheduler_job.py:190} INFO - Processing /home/airflow/.local/lib/python3.6/site-packages/airflow/example_dags/example_kubernetes_executor.py took 0.292 seconds
[2021-06-15 03:48:38,961] {scheduler_job.py:182} INFO - Started process (PID=2917) to work on /home/airflow/.local/lib/python3.6/site-packages/airflow/example_dags/example_kubernetes_executor.py
[2021-06-15 03:48:38,972] {scheduler_job.py:633} INFO - Processing file /home/airflow/.local/lib/python3.6/site-packages/airflow/example_dags/example_kubernetes_executor.py for tasks to queue
[2021-06-15 03:48:38,978] {logging_mixin.py:104} INFO - [2021-06-15 03:48:38,977] {dagbag.py:487} INFO - Filling up the DagBag from /home/airflow/.local/lib/python3.6/site-packages/airflow/example_dags/example_kubernetes_executor.py
[2021-06-15 03:48:39,036] {scheduler_job.py:643} INFO - DAG(s) dict_keys(['example_kubernetes_executor']) retrieved from /home/airflow/.local/lib/python3.6/site-packages/airflow/example_dags/example_kubernetes_executor.py
[2021-06-15 03:48:39,135] {logging_mixin.py:104} INFO - [2021-06-15 03:48:39,134] {dag.py:1832} INFO - Sync 1 DAGs
[2021-06-15 03:48:39,205] {logging_mixin.py:104} INFO - [2021-06-15 03:48:39,205] {dag.py:2305} INFO - Setting next_dagrun for example_kubernetes_executor to None
[2021-06-15 03:48:39,246] {scheduler_job.py:190} INFO - Processing /home/airflow/.local/lib/python3.6/site-packages/airflow/example_dags/example_kubernetes_executor.py took 0.299 seconds
[2021-06-15 03:49:09,793] {scheduler_job.py:182} INFO - Started process (PID=2984) to work on /home/airflow/.local/lib/python3.6/site-packages/airflow/example_dags/example_kubernetes_executor.py
[2021-06-15 03:49:09,800] {scheduler_job.py:633} INFO - Processing file /home/airflow/.local/lib/python3.6/site-packages/airflow/example_dags/example_kubernetes_executor.py for tasks to queue
[2021-06-15 03:49:09,806] {logging_mixin.py:104} INFO - [2021-06-15 03:49:09,805] {dagbag.py:487} INFO - Filling up the DagBag from /home/airflow/.local/lib/python3.6/site-packages/airflow/example_dags/example_kubernetes_executor.py
[2021-06-15 03:49:09,860] {scheduler_job.py:643} INFO - DAG(s) dict_keys(['example_kubernetes_executor']) retrieved from /home/airflow/.local/lib/python3.6/site-packages/airflow/example_dags/example_kubernetes_executor.py
[2021-06-15 03:49:09,959] {logging_mixin.py:104} INFO - [2021-06-15 03:49:09,959] {dag.py:1832} INFO - Sync 1 DAGs
[2021-06-15 03:49:10,032] {logging_mixin.py:104} INFO - [2021-06-15 03:49:10,032] {dag.py:2305} INFO - Setting next_dagrun for example_kubernetes_executor to None
[2021-06-15 03:49:10,073] {scheduler_job.py:190} INFO - Processing /home/airflow/.local/lib/python3.6/site-packages/airflow/example_dags/example_kubernetes_executor.py took 0.296 seconds
