[2021-06-15 03:25:23,804] {scheduler_job.py:182} INFO - Started process (PID=71) to work on /home/airflow/.local/lib/python3.6/site-packages/airflow/example_dags/example_dag_decorator.py
[2021-06-15 03:25:23,812] {scheduler_job.py:633} INFO - Processing file /home/airflow/.local/lib/python3.6/site-packages/airflow/example_dags/example_dag_decorator.py for tasks to queue
[2021-06-15 03:25:23,817] {logging_mixin.py:104} INFO - [2021-06-15 03:25:23,817] {dagbag.py:487} INFO - Filling up the DagBag from /home/airflow/.local/lib/python3.6/site-packages/airflow/example_dags/example_dag_decorator.py
[2021-06-15 03:25:23,913] {scheduler_job.py:643} INFO - DAG(s) dict_keys(['example_dag_decorator']) retrieved from /home/airflow/.local/lib/python3.6/site-packages/airflow/example_dags/example_dag_decorator.py
[2021-06-15 03:25:24,789] {logging_mixin.py:104} INFO - [2021-06-15 03:25:24,788] {dag.py:1832} INFO - Sync 1 DAGs
[2021-06-15 03:25:24,861] {logging_mixin.py:104} INFO - [2021-06-15 03:25:24,860] {dag.py:2305} INFO - Setting next_dagrun for example_dag_decorator to None
[2021-06-15 03:25:24,915] {scheduler_job.py:190} INFO - Processing /home/airflow/.local/lib/python3.6/site-packages/airflow/example_dags/example_dag_decorator.py took 1.126 seconds
[2021-06-15 03:25:55,649] {scheduler_job.py:182} INFO - Started process (PID=140) to work on /home/airflow/.local/lib/python3.6/site-packages/airflow/example_dags/example_dag_decorator.py
[2021-06-15 03:25:55,662] {scheduler_job.py:633} INFO - Processing file /home/airflow/.local/lib/python3.6/site-packages/airflow/example_dags/example_dag_decorator.py for tasks to queue
[2021-06-15 03:25:55,675] {logging_mixin.py:104} INFO - [2021-06-15 03:25:55,674] {dagbag.py:487} INFO - Filling up the DagBag from /home/airflow/.local/lib/python3.6/site-packages/airflow/example_dags/example_dag_decorator.py
[2021-06-15 03:25:55,857] {scheduler_job.py:643} INFO - DAG(s) dict_keys(['example_dag_decorator']) retrieved from /home/airflow/.local/lib/python3.6/site-packages/airflow/example_dags/example_dag_decorator.py
[2021-06-15 03:25:58,168] {logging_mixin.py:104} INFO - [2021-06-15 03:25:58,167] {dag.py:1832} INFO - Sync 1 DAGs
[2021-06-15 03:25:58,365] {logging_mixin.py:104} INFO - [2021-06-15 03:25:58,363] {dag.py:2305} INFO - Setting next_dagrun for example_dag_decorator to None
[2021-06-15 03:25:58,458] {scheduler_job.py:190} INFO - Processing /home/airflow/.local/lib/python3.6/site-packages/airflow/example_dags/example_dag_decorator.py took 2.865 seconds
[2021-06-15 03:26:28,747] {scheduler_job.py:182} INFO - Started process (PID=203) to work on /home/airflow/.local/lib/python3.6/site-packages/airflow/example_dags/example_dag_decorator.py
[2021-06-15 03:26:28,756] {scheduler_job.py:633} INFO - Processing file /home/airflow/.local/lib/python3.6/site-packages/airflow/example_dags/example_dag_decorator.py for tasks to queue
[2021-06-15 03:26:28,762] {logging_mixin.py:104} INFO - [2021-06-15 03:26:28,761] {dagbag.py:487} INFO - Filling up the DagBag from /home/airflow/.local/lib/python3.6/site-packages/airflow/example_dags/example_dag_decorator.py
[2021-06-15 03:26:28,851] {scheduler_job.py:643} INFO - DAG(s) dict_keys(['example_dag_decorator']) retrieved from /home/airflow/.local/lib/python3.6/site-packages/airflow/example_dags/example_dag_decorator.py
[2021-06-15 03:26:29,918] {logging_mixin.py:104} INFO - [2021-06-15 03:26:29,917] {dag.py:1832} INFO - Sync 1 DAGs
[2021-06-15 03:26:29,981] {logging_mixin.py:104} INFO - [2021-06-15 03:26:29,981] {dag.py:2305} INFO - Setting next_dagrun for example_dag_decorator to None
[2021-06-15 03:26:30,038] {scheduler_job.py:190} INFO - Processing /home/airflow/.local/lib/python3.6/site-packages/airflow/example_dags/example_dag_decorator.py took 1.307 seconds
[2021-06-15 03:27:00,401] {scheduler_job.py:182} INFO - Started process (PID=270) to work on /home/airflow/.local/lib/python3.6/site-packages/airflow/example_dags/example_dag_decorator.py
[2021-06-15 03:27:00,410] {scheduler_job.py:633} INFO - Processing file /home/airflow/.local/lib/python3.6/site-packages/airflow/example_dags/example_dag_decorator.py for tasks to queue
[2021-06-15 03:27:00,417] {logging_mixin.py:104} INFO - [2021-06-15 03:27:00,416] {dagbag.py:487} INFO - Filling up the DagBag from /home/airflow/.local/lib/python3.6/site-packages/airflow/example_dags/example_dag_decorator.py
[2021-06-15 03:27:00,516] {scheduler_job.py:643} INFO - DAG(s) dict_keys(['example_dag_decorator']) retrieved from /home/airflow/.local/lib/python3.6/site-packages/airflow/example_dags/example_dag_decorator.py
[2021-06-15 03:27:01,488] {logging_mixin.py:104} INFO - [2021-06-15 03:27:01,488] {dag.py:1832} INFO - Sync 1 DAGs
[2021-06-15 03:27:01,550] {logging_mixin.py:104} INFO - [2021-06-15 03:27:01,550] {dag.py:2305} INFO - Setting next_dagrun for example_dag_decorator to None
[2021-06-15 03:27:01,599] {scheduler_job.py:190} INFO - Processing /home/airflow/.local/lib/python3.6/site-packages/airflow/example_dags/example_dag_decorator.py took 1.216 seconds
[2021-06-15 03:27:32,000] {scheduler_job.py:182} INFO - Started process (PID=329) to work on /home/airflow/.local/lib/python3.6/site-packages/airflow/example_dags/example_dag_decorator.py
[2021-06-15 03:27:32,010] {scheduler_job.py:633} INFO - Processing file /home/airflow/.local/lib/python3.6/site-packages/airflow/example_dags/example_dag_decorator.py for tasks to queue
[2021-06-15 03:27:32,017] {logging_mixin.py:104} INFO - [2021-06-15 03:27:32,016] {dagbag.py:487} INFO - Filling up the DagBag from /home/airflow/.local/lib/python3.6/site-packages/airflow/example_dags/example_dag_decorator.py
[2021-06-15 03:27:32,103] {scheduler_job.py:643} INFO - DAG(s) dict_keys(['example_dag_decorator']) retrieved from /home/airflow/.local/lib/python3.6/site-packages/airflow/example_dags/example_dag_decorator.py
[2021-06-15 03:27:33,023] {logging_mixin.py:104} INFO - [2021-06-15 03:27:33,022] {dag.py:1832} INFO - Sync 1 DAGs
[2021-06-15 03:27:33,097] {logging_mixin.py:104} INFO - [2021-06-15 03:27:33,097] {dag.py:2305} INFO - Setting next_dagrun for example_dag_decorator to None
[2021-06-15 03:27:33,160] {scheduler_job.py:190} INFO - Processing /home/airflow/.local/lib/python3.6/site-packages/airflow/example_dags/example_dag_decorator.py took 1.176 seconds
[2021-06-15 03:28:03,348] {scheduler_job.py:182} INFO - Started process (PID=397) to work on /home/airflow/.local/lib/python3.6/site-packages/airflow/example_dags/example_dag_decorator.py
[2021-06-15 03:28:03,360] {scheduler_job.py:633} INFO - Processing file /home/airflow/.local/lib/python3.6/site-packages/airflow/example_dags/example_dag_decorator.py for tasks to queue
[2021-06-15 03:28:03,365] {logging_mixin.py:104} INFO - [2021-06-15 03:28:03,365] {dagbag.py:487} INFO - Filling up the DagBag from /home/airflow/.local/lib/python3.6/site-packages/airflow/example_dags/example_dag_decorator.py
[2021-06-15 03:28:03,457] {scheduler_job.py:643} INFO - DAG(s) dict_keys(['example_dag_decorator']) retrieved from /home/airflow/.local/lib/python3.6/site-packages/airflow/example_dags/example_dag_decorator.py
[2021-06-15 03:28:04,401] {logging_mixin.py:104} INFO - [2021-06-15 03:28:04,400] {dag.py:1832} INFO - Sync 1 DAGs
[2021-06-15 03:28:04,464] {logging_mixin.py:104} INFO - [2021-06-15 03:28:04,464] {dag.py:2305} INFO - Setting next_dagrun for example_dag_decorator to None
[2021-06-15 03:28:04,522] {scheduler_job.py:190} INFO - Processing /home/airflow/.local/lib/python3.6/site-packages/airflow/example_dags/example_dag_decorator.py took 1.196 seconds
[2021-06-15 03:28:34,669] {scheduler_job.py:182} INFO - Started process (PID=464) to work on /home/airflow/.local/lib/python3.6/site-packages/airflow/example_dags/example_dag_decorator.py
[2021-06-15 03:28:34,678] {scheduler_job.py:633} INFO - Processing file /home/airflow/.local/lib/python3.6/site-packages/airflow/example_dags/example_dag_decorator.py for tasks to queue
[2021-06-15 03:28:34,685] {logging_mixin.py:104} INFO - [2021-06-15 03:28:34,684] {dagbag.py:487} INFO - Filling up the DagBag from /home/airflow/.local/lib/python3.6/site-packages/airflow/example_dags/example_dag_decorator.py
[2021-06-15 03:28:34,783] {scheduler_job.py:643} INFO - DAG(s) dict_keys(['example_dag_decorator']) retrieved from /home/airflow/.local/lib/python3.6/site-packages/airflow/example_dags/example_dag_decorator.py
[2021-06-15 03:28:35,641] {logging_mixin.py:104} INFO - [2021-06-15 03:28:35,640] {dag.py:1832} INFO - Sync 1 DAGs
[2021-06-15 03:28:35,705] {logging_mixin.py:104} INFO - [2021-06-15 03:28:35,705] {dag.py:2305} INFO - Setting next_dagrun for example_dag_decorator to None
[2021-06-15 03:28:35,762] {scheduler_job.py:190} INFO - Processing /home/airflow/.local/lib/python3.6/site-packages/airflow/example_dags/example_dag_decorator.py took 1.107 seconds
[2021-06-15 03:29:06,776] {scheduler_job.py:182} INFO - Started process (PID=524) to work on /home/airflow/.local/lib/python3.6/site-packages/airflow/example_dags/example_dag_decorator.py
[2021-06-15 03:29:06,785] {scheduler_job.py:633} INFO - Processing file /home/airflow/.local/lib/python3.6/site-packages/airflow/example_dags/example_dag_decorator.py for tasks to queue
[2021-06-15 03:29:06,792] {logging_mixin.py:104} INFO - [2021-06-15 03:29:06,791] {dagbag.py:487} INFO - Filling up the DagBag from /home/airflow/.local/lib/python3.6/site-packages/airflow/example_dags/example_dag_decorator.py
[2021-06-15 03:29:06,898] {scheduler_job.py:643} INFO - DAG(s) dict_keys(['example_dag_decorator']) retrieved from /home/airflow/.local/lib/python3.6/site-packages/airflow/example_dags/example_dag_decorator.py
[2021-06-15 03:29:08,131] {logging_mixin.py:104} INFO - [2021-06-15 03:29:08,130] {dag.py:1832} INFO - Sync 1 DAGs
[2021-06-15 03:29:08,200] {logging_mixin.py:104} INFO - [2021-06-15 03:29:08,199] {dag.py:2305} INFO - Setting next_dagrun for example_dag_decorator to None
[2021-06-15 03:29:08,262] {scheduler_job.py:190} INFO - Processing /home/airflow/.local/lib/python3.6/site-packages/airflow/example_dags/example_dag_decorator.py took 1.510 seconds
[2021-06-15 03:29:38,760] {scheduler_job.py:182} INFO - Started process (PID=593) to work on /home/airflow/.local/lib/python3.6/site-packages/airflow/example_dags/example_dag_decorator.py
[2021-06-15 03:29:38,769] {scheduler_job.py:633} INFO - Processing file /home/airflow/.local/lib/python3.6/site-packages/airflow/example_dags/example_dag_decorator.py for tasks to queue
[2021-06-15 03:29:38,777] {logging_mixin.py:104} INFO - [2021-06-15 03:29:38,776] {dagbag.py:487} INFO - Filling up the DagBag from /home/airflow/.local/lib/python3.6/site-packages/airflow/example_dags/example_dag_decorator.py
[2021-06-15 03:29:38,904] {scheduler_job.py:643} INFO - DAG(s) dict_keys(['example_dag_decorator']) retrieved from /home/airflow/.local/lib/python3.6/site-packages/airflow/example_dags/example_dag_decorator.py
[2021-06-15 03:29:39,827] {logging_mixin.py:104} INFO - [2021-06-15 03:29:39,827] {dag.py:1832} INFO - Sync 1 DAGs
[2021-06-15 03:29:39,909] {logging_mixin.py:104} INFO - [2021-06-15 03:29:39,908] {dag.py:2305} INFO - Setting next_dagrun for example_dag_decorator to None
[2021-06-15 03:29:39,979] {scheduler_job.py:190} INFO - Processing /home/airflow/.local/lib/python3.6/site-packages/airflow/example_dags/example_dag_decorator.py took 1.241 seconds
[2021-06-15 03:30:10,368] {scheduler_job.py:182} INFO - Started process (PID=651) to work on /home/airflow/.local/lib/python3.6/site-packages/airflow/example_dags/example_dag_decorator.py
[2021-06-15 03:30:10,376] {scheduler_job.py:633} INFO - Processing file /home/airflow/.local/lib/python3.6/site-packages/airflow/example_dags/example_dag_decorator.py for tasks to queue
[2021-06-15 03:30:10,390] {logging_mixin.py:104} INFO - [2021-06-15 03:30:10,388] {dagbag.py:487} INFO - Filling up the DagBag from /home/airflow/.local/lib/python3.6/site-packages/airflow/example_dags/example_dag_decorator.py
[2021-06-15 03:30:10,486] {scheduler_job.py:643} INFO - DAG(s) dict_keys(['example_dag_decorator']) retrieved from /home/airflow/.local/lib/python3.6/site-packages/airflow/example_dags/example_dag_decorator.py
[2021-06-15 03:30:11,479] {logging_mixin.py:104} INFO - [2021-06-15 03:30:11,479] {dag.py:1832} INFO - Sync 1 DAGs
[2021-06-15 03:30:11,538] {logging_mixin.py:104} INFO - [2021-06-15 03:30:11,538] {dag.py:2305} INFO - Setting next_dagrun for example_dag_decorator to None
[2021-06-15 03:30:11,611] {scheduler_job.py:190} INFO - Processing /home/airflow/.local/lib/python3.6/site-packages/airflow/example_dags/example_dag_decorator.py took 1.260 seconds
[2021-06-15 03:30:41,877] {scheduler_job.py:182} INFO - Started process (PID=719) to work on /home/airflow/.local/lib/python3.6/site-packages/airflow/example_dags/example_dag_decorator.py
[2021-06-15 03:30:41,884] {scheduler_job.py:633} INFO - Processing file /home/airflow/.local/lib/python3.6/site-packages/airflow/example_dags/example_dag_decorator.py for tasks to queue
[2021-06-15 03:30:41,889] {logging_mixin.py:104} INFO - [2021-06-15 03:30:41,888] {dagbag.py:487} INFO - Filling up the DagBag from /home/airflow/.local/lib/python3.6/site-packages/airflow/example_dags/example_dag_decorator.py
[2021-06-15 03:30:41,965] {scheduler_job.py:643} INFO - DAG(s) dict_keys(['example_dag_decorator']) retrieved from /home/airflow/.local/lib/python3.6/site-packages/airflow/example_dags/example_dag_decorator.py
[2021-06-15 03:30:42,745] {logging_mixin.py:104} INFO - [2021-06-15 03:30:42,745] {dag.py:1832} INFO - Sync 1 DAGs
[2021-06-15 03:30:42,800] {logging_mixin.py:104} INFO - [2021-06-15 03:30:42,800] {dag.py:2305} INFO - Setting next_dagrun for example_dag_decorator to None
[2021-06-15 03:30:42,844] {scheduler_job.py:190} INFO - Processing /home/airflow/.local/lib/python3.6/site-packages/airflow/example_dags/example_dag_decorator.py took 0.981 seconds
[2021-06-15 03:31:13,550] {scheduler_job.py:182} INFO - Started process (PID=786) to work on /home/airflow/.local/lib/python3.6/site-packages/airflow/example_dags/example_dag_decorator.py
[2021-06-15 03:31:13,556] {scheduler_job.py:633} INFO - Processing file /home/airflow/.local/lib/python3.6/site-packages/airflow/example_dags/example_dag_decorator.py for tasks to queue
[2021-06-15 03:31:13,561] {logging_mixin.py:104} INFO - [2021-06-15 03:31:13,561] {dagbag.py:487} INFO - Filling up the DagBag from /home/airflow/.local/lib/python3.6/site-packages/airflow/example_dags/example_dag_decorator.py
[2021-06-15 03:31:13,639] {scheduler_job.py:643} INFO - DAG(s) dict_keys(['example_dag_decorator']) retrieved from /home/airflow/.local/lib/python3.6/site-packages/airflow/example_dags/example_dag_decorator.py
[2021-06-15 03:31:14,431] {logging_mixin.py:104} INFO - [2021-06-15 03:31:14,430] {dag.py:1832} INFO - Sync 1 DAGs
[2021-06-15 03:31:14,498] {logging_mixin.py:104} INFO - [2021-06-15 03:31:14,497] {dag.py:2305} INFO - Setting next_dagrun for example_dag_decorator to None
[2021-06-15 03:31:14,556] {scheduler_job.py:190} INFO - Processing /home/airflow/.local/lib/python3.6/site-packages/airflow/example_dags/example_dag_decorator.py took 1.020 seconds
[2021-06-15 03:31:44,957] {scheduler_job.py:182} INFO - Started process (PID=855) to work on /home/airflow/.local/lib/python3.6/site-packages/airflow/example_dags/example_dag_decorator.py
[2021-06-15 03:31:44,966] {scheduler_job.py:633} INFO - Processing file /home/airflow/.local/lib/python3.6/site-packages/airflow/example_dags/example_dag_decorator.py for tasks to queue
[2021-06-15 03:31:44,972] {logging_mixin.py:104} INFO - [2021-06-15 03:31:44,971] {dagbag.py:487} INFO - Filling up the DagBag from /home/airflow/.local/lib/python3.6/site-packages/airflow/example_dags/example_dag_decorator.py
[2021-06-15 03:31:45,131] {scheduler_job.py:643} INFO - DAG(s) dict_keys(['example_dag_decorator']) retrieved from /home/airflow/.local/lib/python3.6/site-packages/airflow/example_dags/example_dag_decorator.py
[2021-06-15 03:31:45,994] {logging_mixin.py:104} INFO - [2021-06-15 03:31:45,993] {dag.py:1832} INFO - Sync 1 DAGs
[2021-06-15 03:31:46,051] {logging_mixin.py:104} INFO - [2021-06-15 03:31:46,051] {dag.py:2305} INFO - Setting next_dagrun for example_dag_decorator to None
[2021-06-15 03:31:46,093] {scheduler_job.py:190} INFO - Processing /home/airflow/.local/lib/python3.6/site-packages/airflow/example_dags/example_dag_decorator.py took 1.157 seconds
[2021-06-15 03:32:16,714] {scheduler_job.py:182} INFO - Started process (PID=916) to work on /home/airflow/.local/lib/python3.6/site-packages/airflow/example_dags/example_dag_decorator.py
[2021-06-15 03:32:16,726] {scheduler_job.py:633} INFO - Processing file /home/airflow/.local/lib/python3.6/site-packages/airflow/example_dags/example_dag_decorator.py for tasks to queue
[2021-06-15 03:32:16,733] {logging_mixin.py:104} INFO - [2021-06-15 03:32:16,732] {dagbag.py:487} INFO - Filling up the DagBag from /home/airflow/.local/lib/python3.6/site-packages/airflow/example_dags/example_dag_decorator.py
[2021-06-15 03:32:16,822] {scheduler_job.py:643} INFO - DAG(s) dict_keys(['example_dag_decorator']) retrieved from /home/airflow/.local/lib/python3.6/site-packages/airflow/example_dags/example_dag_decorator.py
[2021-06-15 03:32:17,812] {logging_mixin.py:104} INFO - [2021-06-15 03:32:17,812] {dag.py:1832} INFO - Sync 1 DAGs
[2021-06-15 03:32:17,879] {logging_mixin.py:104} INFO - [2021-06-15 03:32:17,878] {dag.py:2305} INFO - Setting next_dagrun for example_dag_decorator to None
[2021-06-15 03:32:17,948] {scheduler_job.py:190} INFO - Processing /home/airflow/.local/lib/python3.6/site-packages/airflow/example_dags/example_dag_decorator.py took 1.250 seconds
[2021-06-15 03:32:48,209] {scheduler_job.py:182} INFO - Started process (PID=982) to work on /home/airflow/.local/lib/python3.6/site-packages/airflow/example_dags/example_dag_decorator.py
[2021-06-15 03:32:48,216] {scheduler_job.py:633} INFO - Processing file /home/airflow/.local/lib/python3.6/site-packages/airflow/example_dags/example_dag_decorator.py for tasks to queue
[2021-06-15 03:32:48,221] {logging_mixin.py:104} INFO - [2021-06-15 03:32:48,221] {dagbag.py:487} INFO - Filling up the DagBag from /home/airflow/.local/lib/python3.6/site-packages/airflow/example_dags/example_dag_decorator.py
[2021-06-15 03:32:48,341] {scheduler_job.py:643} INFO - DAG(s) dict_keys(['example_dag_decorator']) retrieved from /home/airflow/.local/lib/python3.6/site-packages/airflow/example_dags/example_dag_decorator.py
[2021-06-15 03:32:49,378] {logging_mixin.py:104} INFO - [2021-06-15 03:32:49,377] {dag.py:1832} INFO - Sync 1 DAGs
[2021-06-15 03:32:49,458] {logging_mixin.py:104} INFO - [2021-06-15 03:32:49,458] {dag.py:2305} INFO - Setting next_dagrun for example_dag_decorator to None
[2021-06-15 03:32:49,519] {scheduler_job.py:190} INFO - Processing /home/airflow/.local/lib/python3.6/site-packages/airflow/example_dags/example_dag_decorator.py took 1.325 seconds
[2021-06-15 03:33:19,717] {scheduler_job.py:182} INFO - Started process (PID=1042) to work on /home/airflow/.local/lib/python3.6/site-packages/airflow/example_dags/example_dag_decorator.py
[2021-06-15 03:33:19,724] {scheduler_job.py:633} INFO - Processing file /home/airflow/.local/lib/python3.6/site-packages/airflow/example_dags/example_dag_decorator.py for tasks to queue
[2021-06-15 03:33:19,729] {logging_mixin.py:104} INFO - [2021-06-15 03:33:19,729] {dagbag.py:487} INFO - Filling up the DagBag from /home/airflow/.local/lib/python3.6/site-packages/airflow/example_dags/example_dag_decorator.py
[2021-06-15 03:33:19,867] {scheduler_job.py:643} INFO - DAG(s) dict_keys(['example_dag_decorator']) retrieved from /home/airflow/.local/lib/python3.6/site-packages/airflow/example_dags/example_dag_decorator.py
[2021-06-15 03:33:20,923] {logging_mixin.py:104} INFO - [2021-06-15 03:33:20,923] {dag.py:1832} INFO - Sync 1 DAGs
[2021-06-15 03:33:20,984] {logging_mixin.py:104} INFO - [2021-06-15 03:33:20,983] {dag.py:2305} INFO - Setting next_dagrun for example_dag_decorator to None
[2021-06-15 03:33:21,048] {scheduler_job.py:190} INFO - Processing /home/airflow/.local/lib/python3.6/site-packages/airflow/example_dags/example_dag_decorator.py took 1.345 seconds
[2021-06-15 03:33:51,661] {scheduler_job.py:182} INFO - Started process (PID=1111) to work on /home/airflow/.local/lib/python3.6/site-packages/airflow/example_dags/example_dag_decorator.py
[2021-06-15 03:33:51,670] {scheduler_job.py:633} INFO - Processing file /home/airflow/.local/lib/python3.6/site-packages/airflow/example_dags/example_dag_decorator.py for tasks to queue
[2021-06-15 03:33:51,675] {logging_mixin.py:104} INFO - [2021-06-15 03:33:51,675] {dagbag.py:487} INFO - Filling up the DagBag from /home/airflow/.local/lib/python3.6/site-packages/airflow/example_dags/example_dag_decorator.py
[2021-06-15 03:33:51,755] {scheduler_job.py:643} INFO - DAG(s) dict_keys(['example_dag_decorator']) retrieved from /home/airflow/.local/lib/python3.6/site-packages/airflow/example_dags/example_dag_decorator.py
[2021-06-15 03:33:52,579] {logging_mixin.py:104} INFO - [2021-06-15 03:33:52,579] {dag.py:1832} INFO - Sync 1 DAGs
[2021-06-15 03:33:52,633] {logging_mixin.py:104} INFO - [2021-06-15 03:33:52,633] {dag.py:2305} INFO - Setting next_dagrun for example_dag_decorator to None
[2021-06-15 03:33:52,677] {scheduler_job.py:190} INFO - Processing /home/airflow/.local/lib/python3.6/site-packages/airflow/example_dags/example_dag_decorator.py took 1.031 seconds
[2021-06-15 03:34:23,295] {scheduler_job.py:182} INFO - Started process (PID=1180) to work on /home/airflow/.local/lib/python3.6/site-packages/airflow/example_dags/example_dag_decorator.py
[2021-06-15 03:34:23,301] {scheduler_job.py:633} INFO - Processing file /home/airflow/.local/lib/python3.6/site-packages/airflow/example_dags/example_dag_decorator.py for tasks to queue
[2021-06-15 03:34:23,306] {logging_mixin.py:104} INFO - [2021-06-15 03:34:23,306] {dagbag.py:487} INFO - Filling up the DagBag from /home/airflow/.local/lib/python3.6/site-packages/airflow/example_dags/example_dag_decorator.py
[2021-06-15 03:34:23,385] {scheduler_job.py:643} INFO - DAG(s) dict_keys(['example_dag_decorator']) retrieved from /home/airflow/.local/lib/python3.6/site-packages/airflow/example_dags/example_dag_decorator.py
[2021-06-15 03:34:24,167] {logging_mixin.py:104} INFO - [2021-06-15 03:34:24,166] {dag.py:1832} INFO - Sync 1 DAGs
[2021-06-15 03:34:24,221] {logging_mixin.py:104} INFO - [2021-06-15 03:34:24,220] {dag.py:2305} INFO - Setting next_dagrun for example_dag_decorator to None
[2021-06-15 03:34:24,264] {scheduler_job.py:190} INFO - Processing /home/airflow/.local/lib/python3.6/site-packages/airflow/example_dags/example_dag_decorator.py took 0.983 seconds
[2021-06-15 03:34:54,390] {scheduler_job.py:182} INFO - Started process (PID=1246) to work on /home/airflow/.local/lib/python3.6/site-packages/airflow/example_dags/example_dag_decorator.py
[2021-06-15 03:34:54,400] {scheduler_job.py:633} INFO - Processing file /home/airflow/.local/lib/python3.6/site-packages/airflow/example_dags/example_dag_decorator.py for tasks to queue
[2021-06-15 03:34:54,410] {logging_mixin.py:104} INFO - [2021-06-15 03:34:54,410] {dagbag.py:487} INFO - Filling up the DagBag from /home/airflow/.local/lib/python3.6/site-packages/airflow/example_dags/example_dag_decorator.py
[2021-06-15 03:34:54,516] {scheduler_job.py:643} INFO - DAG(s) dict_keys(['example_dag_decorator']) retrieved from /home/airflow/.local/lib/python3.6/site-packages/airflow/example_dags/example_dag_decorator.py
[2021-06-15 03:34:55,524] {logging_mixin.py:104} INFO - [2021-06-15 03:34:55,524] {dag.py:1832} INFO - Sync 1 DAGs
[2021-06-15 03:34:55,585] {logging_mixin.py:104} INFO - [2021-06-15 03:34:55,585] {dag.py:2305} INFO - Setting next_dagrun for example_dag_decorator to None
[2021-06-15 03:34:55,638] {scheduler_job.py:190} INFO - Processing /home/airflow/.local/lib/python3.6/site-packages/airflow/example_dags/example_dag_decorator.py took 1.263 seconds
[2021-06-15 03:35:26,308] {scheduler_job.py:182} INFO - Started process (PID=1307) to work on /home/airflow/.local/lib/python3.6/site-packages/airflow/example_dags/example_dag_decorator.py
[2021-06-15 03:35:26,318] {scheduler_job.py:633} INFO - Processing file /home/airflow/.local/lib/python3.6/site-packages/airflow/example_dags/example_dag_decorator.py for tasks to queue
[2021-06-15 03:35:26,325] {logging_mixin.py:104} INFO - [2021-06-15 03:35:26,324] {dagbag.py:487} INFO - Filling up the DagBag from /home/airflow/.local/lib/python3.6/site-packages/airflow/example_dags/example_dag_decorator.py
[2021-06-15 03:35:26,454] {scheduler_job.py:643} INFO - DAG(s) dict_keys(['example_dag_decorator']) retrieved from /home/airflow/.local/lib/python3.6/site-packages/airflow/example_dags/example_dag_decorator.py
[2021-06-15 03:35:27,692] {logging_mixin.py:104} INFO - [2021-06-15 03:35:27,691] {dag.py:1832} INFO - Sync 1 DAGs
[2021-06-15 03:35:27,778] {logging_mixin.py:104} INFO - [2021-06-15 03:35:27,777] {dag.py:2305} INFO - Setting next_dagrun for example_dag_decorator to None
[2021-06-15 03:35:27,839] {scheduler_job.py:190} INFO - Processing /home/airflow/.local/lib/python3.6/site-packages/airflow/example_dags/example_dag_decorator.py took 1.555 seconds
[2021-06-15 03:35:58,068] {scheduler_job.py:182} INFO - Started process (PID=1366) to work on /home/airflow/.local/lib/python3.6/site-packages/airflow/example_dags/example_dag_decorator.py
[2021-06-15 03:35:58,075] {scheduler_job.py:633} INFO - Processing file /home/airflow/.local/lib/python3.6/site-packages/airflow/example_dags/example_dag_decorator.py for tasks to queue
[2021-06-15 03:35:58,080] {logging_mixin.py:104} INFO - [2021-06-15 03:35:58,080] {dagbag.py:487} INFO - Filling up the DagBag from /home/airflow/.local/lib/python3.6/site-packages/airflow/example_dags/example_dag_decorator.py
[2021-06-15 03:35:58,158] {scheduler_job.py:643} INFO - DAG(s) dict_keys(['example_dag_decorator']) retrieved from /home/airflow/.local/lib/python3.6/site-packages/airflow/example_dags/example_dag_decorator.py
[2021-06-15 03:35:58,950] {logging_mixin.py:104} INFO - [2021-06-15 03:35:58,950] {dag.py:1832} INFO - Sync 1 DAGs
[2021-06-15 03:35:59,007] {logging_mixin.py:104} INFO - [2021-06-15 03:35:59,006] {dag.py:2305} INFO - Setting next_dagrun for example_dag_decorator to None
[2021-06-15 03:35:59,058] {scheduler_job.py:190} INFO - Processing /home/airflow/.local/lib/python3.6/site-packages/airflow/example_dags/example_dag_decorator.py took 1.002 seconds
[2021-06-15 03:36:29,366] {scheduler_job.py:182} INFO - Started process (PID=1433) to work on /home/airflow/.local/lib/python3.6/site-packages/airflow/example_dags/example_dag_decorator.py
[2021-06-15 03:36:29,378] {scheduler_job.py:633} INFO - Processing file /home/airflow/.local/lib/python3.6/site-packages/airflow/example_dags/example_dag_decorator.py for tasks to queue
[2021-06-15 03:36:29,387] {logging_mixin.py:104} INFO - [2021-06-15 03:36:29,386] {dagbag.py:487} INFO - Filling up the DagBag from /home/airflow/.local/lib/python3.6/site-packages/airflow/example_dags/example_dag_decorator.py
[2021-06-15 03:36:29,524] {scheduler_job.py:643} INFO - DAG(s) dict_keys(['example_dag_decorator']) retrieved from /home/airflow/.local/lib/python3.6/site-packages/airflow/example_dags/example_dag_decorator.py
[2021-06-15 03:36:29,642] {logging_mixin.py:104} INFO - [2021-06-15 03:36:29,641] {dag.py:1832} INFO - Sync 1 DAGs
[2021-06-15 03:36:29,739] {logging_mixin.py:104} INFO - [2021-06-15 03:36:29,738] {dag.py:2305} INFO - Setting next_dagrun for example_dag_decorator to None
[2021-06-15 03:36:29,787] {scheduler_job.py:190} INFO - Processing /home/airflow/.local/lib/python3.6/site-packages/airflow/example_dags/example_dag_decorator.py took 0.451 seconds
[2021-06-15 03:36:59,968] {scheduler_job.py:182} INFO - Started process (PID=1501) to work on /home/airflow/.local/lib/python3.6/site-packages/airflow/example_dags/example_dag_decorator.py
[2021-06-15 03:36:59,976] {scheduler_job.py:633} INFO - Processing file /home/airflow/.local/lib/python3.6/site-packages/airflow/example_dags/example_dag_decorator.py for tasks to queue
[2021-06-15 03:36:59,982] {logging_mixin.py:104} INFO - [2021-06-15 03:36:59,981] {dagbag.py:487} INFO - Filling up the DagBag from /home/airflow/.local/lib/python3.6/site-packages/airflow/example_dags/example_dag_decorator.py
[2021-06-15 03:37:00,075] {scheduler_job.py:643} INFO - DAG(s) dict_keys(['example_dag_decorator']) retrieved from /home/airflow/.local/lib/python3.6/site-packages/airflow/example_dags/example_dag_decorator.py
[2021-06-15 03:37:01,000] {logging_mixin.py:104} INFO - [2021-06-15 03:37:01,000] {dag.py:1832} INFO - Sync 1 DAGs
[2021-06-15 03:37:01,054] {logging_mixin.py:104} INFO - [2021-06-15 03:37:01,054] {dag.py:2305} INFO - Setting next_dagrun for example_dag_decorator to None
[2021-06-15 03:37:01,103] {scheduler_job.py:190} INFO - Processing /home/airflow/.local/lib/python3.6/site-packages/airflow/example_dags/example_dag_decorator.py took 1.152 seconds
[2021-06-15 03:37:31,740] {scheduler_job.py:182} INFO - Started process (PID=1561) to work on /home/airflow/.local/lib/python3.6/site-packages/airflow/example_dags/example_dag_decorator.py
[2021-06-15 03:37:31,755] {scheduler_job.py:633} INFO - Processing file /home/airflow/.local/lib/python3.6/site-packages/airflow/example_dags/example_dag_decorator.py for tasks to queue
[2021-06-15 03:37:31,760] {logging_mixin.py:104} INFO - [2021-06-15 03:37:31,759] {dagbag.py:487} INFO - Filling up the DagBag from /home/airflow/.local/lib/python3.6/site-packages/airflow/example_dags/example_dag_decorator.py
[2021-06-15 03:37:31,856] {scheduler_job.py:643} INFO - DAG(s) dict_keys(['example_dag_decorator']) retrieved from /home/airflow/.local/lib/python3.6/site-packages/airflow/example_dags/example_dag_decorator.py
[2021-06-15 03:37:32,734] {logging_mixin.py:104} INFO - [2021-06-15 03:37:32,734] {dag.py:1832} INFO - Sync 1 DAGs
[2021-06-15 03:37:32,794] {logging_mixin.py:104} INFO - [2021-06-15 03:37:32,793] {dag.py:2305} INFO - Setting next_dagrun for example_dag_decorator to None
[2021-06-15 03:37:32,844] {scheduler_job.py:190} INFO - Processing /home/airflow/.local/lib/python3.6/site-packages/airflow/example_dags/example_dag_decorator.py took 1.121 seconds
[2021-06-15 03:38:03,278] {scheduler_job.py:182} INFO - Started process (PID=1629) to work on /home/airflow/.local/lib/python3.6/site-packages/airflow/example_dags/example_dag_decorator.py
[2021-06-15 03:38:03,286] {scheduler_job.py:633} INFO - Processing file /home/airflow/.local/lib/python3.6/site-packages/airflow/example_dags/example_dag_decorator.py for tasks to queue
[2021-06-15 03:38:03,291] {logging_mixin.py:104} INFO - [2021-06-15 03:38:03,290] {dagbag.py:487} INFO - Filling up the DagBag from /home/airflow/.local/lib/python3.6/site-packages/airflow/example_dags/example_dag_decorator.py
[2021-06-15 03:38:03,375] {scheduler_job.py:643} INFO - DAG(s) dict_keys(['example_dag_decorator']) retrieved from /home/airflow/.local/lib/python3.6/site-packages/airflow/example_dags/example_dag_decorator.py
[2021-06-15 03:38:04,253] {logging_mixin.py:104} INFO - [2021-06-15 03:38:04,253] {dag.py:1832} INFO - Sync 1 DAGs
[2021-06-15 03:38:04,307] {logging_mixin.py:104} INFO - [2021-06-15 03:38:04,306] {dag.py:2305} INFO - Setting next_dagrun for example_dag_decorator to None
[2021-06-15 03:38:04,353] {scheduler_job.py:190} INFO - Processing /home/airflow/.local/lib/python3.6/site-packages/airflow/example_dags/example_dag_decorator.py took 1.090 seconds
[2021-06-15 03:38:34,766] {scheduler_job.py:182} INFO - Started process (PID=1686) to work on /home/airflow/.local/lib/python3.6/site-packages/airflow/example_dags/example_dag_decorator.py
[2021-06-15 03:38:34,778] {scheduler_job.py:633} INFO - Processing file /home/airflow/.local/lib/python3.6/site-packages/airflow/example_dags/example_dag_decorator.py for tasks to queue
[2021-06-15 03:38:34,786] {logging_mixin.py:104} INFO - [2021-06-15 03:38:34,785] {dagbag.py:487} INFO - Filling up the DagBag from /home/airflow/.local/lib/python3.6/site-packages/airflow/example_dags/example_dag_decorator.py
[2021-06-15 03:38:34,916] {scheduler_job.py:643} INFO - DAG(s) dict_keys(['example_dag_decorator']) retrieved from /home/airflow/.local/lib/python3.6/site-packages/airflow/example_dags/example_dag_decorator.py
[2021-06-15 03:38:35,927] {logging_mixin.py:104} INFO - [2021-06-15 03:38:35,927] {dag.py:1832} INFO - Sync 1 DAGs
[2021-06-15 03:38:35,985] {logging_mixin.py:104} INFO - [2021-06-15 03:38:35,985] {dag.py:2305} INFO - Setting next_dagrun for example_dag_decorator to None
[2021-06-15 03:38:36,037] {scheduler_job.py:190} INFO - Processing /home/airflow/.local/lib/python3.6/site-packages/airflow/example_dags/example_dag_decorator.py took 1.292 seconds
[2021-06-15 03:39:06,448] {scheduler_job.py:182} INFO - Started process (PID=1754) to work on /home/airflow/.local/lib/python3.6/site-packages/airflow/example_dags/example_dag_decorator.py
[2021-06-15 03:39:06,455] {scheduler_job.py:633} INFO - Processing file /home/airflow/.local/lib/python3.6/site-packages/airflow/example_dags/example_dag_decorator.py for tasks to queue
[2021-06-15 03:39:06,461] {logging_mixin.py:104} INFO - [2021-06-15 03:39:06,460] {dagbag.py:487} INFO - Filling up the DagBag from /home/airflow/.local/lib/python3.6/site-packages/airflow/example_dags/example_dag_decorator.py
[2021-06-15 03:39:06,561] {scheduler_job.py:643} INFO - DAG(s) dict_keys(['example_dag_decorator']) retrieved from /home/airflow/.local/lib/python3.6/site-packages/airflow/example_dags/example_dag_decorator.py
[2021-06-15 03:39:07,466] {logging_mixin.py:104} INFO - [2021-06-15 03:39:07,465] {dag.py:1832} INFO - Sync 1 DAGs
[2021-06-15 03:39:07,523] {logging_mixin.py:104} INFO - [2021-06-15 03:39:07,523] {dag.py:2305} INFO - Setting next_dagrun for example_dag_decorator to None
[2021-06-15 03:39:07,574] {scheduler_job.py:190} INFO - Processing /home/airflow/.local/lib/python3.6/site-packages/airflow/example_dags/example_dag_decorator.py took 1.142 seconds
[2021-06-15 03:39:38,737] {scheduler_job.py:182} INFO - Started process (PID=1824) to work on /home/airflow/.local/lib/python3.6/site-packages/airflow/example_dags/example_dag_decorator.py
[2021-06-15 03:39:38,749] {scheduler_job.py:633} INFO - Processing file /home/airflow/.local/lib/python3.6/site-packages/airflow/example_dags/example_dag_decorator.py for tasks to queue
[2021-06-15 03:39:38,756] {logging_mixin.py:104} INFO - [2021-06-15 03:39:38,755] {dagbag.py:487} INFO - Filling up the DagBag from /home/airflow/.local/lib/python3.6/site-packages/airflow/example_dags/example_dag_decorator.py
[2021-06-15 03:39:38,874] {scheduler_job.py:643} INFO - DAG(s) dict_keys(['example_dag_decorator']) retrieved from /home/airflow/.local/lib/python3.6/site-packages/airflow/example_dags/example_dag_decorator.py
[2021-06-15 03:39:40,032] {logging_mixin.py:104} INFO - [2021-06-15 03:39:40,032] {dag.py:1832} INFO - Sync 1 DAGs
[2021-06-15 03:39:40,102] {logging_mixin.py:104} INFO - [2021-06-15 03:39:40,101] {dag.py:2305} INFO - Setting next_dagrun for example_dag_decorator to None
[2021-06-15 03:39:40,152] {scheduler_job.py:190} INFO - Processing /home/airflow/.local/lib/python3.6/site-packages/airflow/example_dags/example_dag_decorator.py took 1.440 seconds
[2021-06-15 03:40:10,322] {scheduler_job.py:182} INFO - Started process (PID=1885) to work on /home/airflow/.local/lib/python3.6/site-packages/airflow/example_dags/example_dag_decorator.py
[2021-06-15 03:40:10,331] {scheduler_job.py:633} INFO - Processing file /home/airflow/.local/lib/python3.6/site-packages/airflow/example_dags/example_dag_decorator.py for tasks to queue
[2021-06-15 03:40:10,337] {logging_mixin.py:104} INFO - [2021-06-15 03:40:10,336] {dagbag.py:487} INFO - Filling up the DagBag from /home/airflow/.local/lib/python3.6/site-packages/airflow/example_dags/example_dag_decorator.py
[2021-06-15 03:40:10,440] {scheduler_job.py:643} INFO - DAG(s) dict_keys(['example_dag_decorator']) retrieved from /home/airflow/.local/lib/python3.6/site-packages/airflow/example_dags/example_dag_decorator.py
[2021-06-15 03:40:11,539] {logging_mixin.py:104} INFO - [2021-06-15 03:40:11,538] {dag.py:1832} INFO - Sync 1 DAGs
[2021-06-15 03:40:11,607] {logging_mixin.py:104} INFO - [2021-06-15 03:40:11,606] {dag.py:2305} INFO - Setting next_dagrun for example_dag_decorator to None
[2021-06-15 03:40:11,665] {scheduler_job.py:190} INFO - Processing /home/airflow/.local/lib/python3.6/site-packages/airflow/example_dags/example_dag_decorator.py took 1.361 seconds
[2021-06-15 03:40:42,394] {scheduler_job.py:182} INFO - Started process (PID=1951) to work on /home/airflow/.local/lib/python3.6/site-packages/airflow/example_dags/example_dag_decorator.py
[2021-06-15 03:40:42,410] {scheduler_job.py:633} INFO - Processing file /home/airflow/.local/lib/python3.6/site-packages/airflow/example_dags/example_dag_decorator.py for tasks to queue
[2021-06-15 03:40:42,422] {logging_mixin.py:104} INFO - [2021-06-15 03:40:42,421] {dagbag.py:487} INFO - Filling up the DagBag from /home/airflow/.local/lib/python3.6/site-packages/airflow/example_dags/example_dag_decorator.py
[2021-06-15 03:40:42,586] {scheduler_job.py:643} INFO - DAG(s) dict_keys(['example_dag_decorator']) retrieved from /home/airflow/.local/lib/python3.6/site-packages/airflow/example_dags/example_dag_decorator.py
[2021-06-15 03:40:44,553] {logging_mixin.py:104} INFO - [2021-06-15 03:40:44,552] {dag.py:1832} INFO - Sync 1 DAGs
[2021-06-15 03:40:44,721] {logging_mixin.py:104} INFO - [2021-06-15 03:40:44,720] {dag.py:2305} INFO - Setting next_dagrun for example_dag_decorator to None
[2021-06-15 03:40:44,815] {scheduler_job.py:190} INFO - Processing /home/airflow/.local/lib/python3.6/site-packages/airflow/example_dags/example_dag_decorator.py took 2.453 seconds
[2021-06-15 03:41:15,569] {scheduler_job.py:182} INFO - Started process (PID=2013) to work on /home/airflow/.local/lib/python3.6/site-packages/airflow/example_dags/example_dag_decorator.py
[2021-06-15 03:41:15,578] {scheduler_job.py:633} INFO - Processing file /home/airflow/.local/lib/python3.6/site-packages/airflow/example_dags/example_dag_decorator.py for tasks to queue
[2021-06-15 03:41:15,585] {logging_mixin.py:104} INFO - [2021-06-15 03:41:15,584] {dagbag.py:487} INFO - Filling up the DagBag from /home/airflow/.local/lib/python3.6/site-packages/airflow/example_dags/example_dag_decorator.py
[2021-06-15 03:41:15,698] {scheduler_job.py:643} INFO - DAG(s) dict_keys(['example_dag_decorator']) retrieved from /home/airflow/.local/lib/python3.6/site-packages/airflow/example_dags/example_dag_decorator.py
[2021-06-15 03:41:16,919] {logging_mixin.py:104} INFO - [2021-06-15 03:41:16,918] {dag.py:1832} INFO - Sync 1 DAGs
[2021-06-15 03:41:16,991] {logging_mixin.py:104} INFO - [2021-06-15 03:41:16,991] {dag.py:2305} INFO - Setting next_dagrun for example_dag_decorator to None
[2021-06-15 03:41:17,053] {scheduler_job.py:190} INFO - Processing /home/airflow/.local/lib/python3.6/site-packages/airflow/example_dags/example_dag_decorator.py took 1.502 seconds
[2021-06-15 03:41:48,153] {scheduler_job.py:182} INFO - Started process (PID=2083) to work on /home/airflow/.local/lib/python3.6/site-packages/airflow/example_dags/example_dag_decorator.py
[2021-06-15 03:41:48,162] {scheduler_job.py:633} INFO - Processing file /home/airflow/.local/lib/python3.6/site-packages/airflow/example_dags/example_dag_decorator.py for tasks to queue
[2021-06-15 03:41:48,171] {logging_mixin.py:104} INFO - [2021-06-15 03:41:48,169] {dagbag.py:487} INFO - Filling up the DagBag from /home/airflow/.local/lib/python3.6/site-packages/airflow/example_dags/example_dag_decorator.py
[2021-06-15 03:41:48,278] {scheduler_job.py:643} INFO - DAG(s) dict_keys(['example_dag_decorator']) retrieved from /home/airflow/.local/lib/python3.6/site-packages/airflow/example_dags/example_dag_decorator.py
[2021-06-15 03:41:49,316] {logging_mixin.py:104} INFO - [2021-06-15 03:41:49,316] {dag.py:1832} INFO - Sync 1 DAGs
[2021-06-15 03:41:49,401] {logging_mixin.py:104} INFO - [2021-06-15 03:41:49,401] {dag.py:2305} INFO - Setting next_dagrun for example_dag_decorator to None
[2021-06-15 03:41:49,462] {scheduler_job.py:190} INFO - Processing /home/airflow/.local/lib/python3.6/site-packages/airflow/example_dags/example_dag_decorator.py took 1.327 seconds
[2021-06-15 03:42:20,034] {scheduler_job.py:182} INFO - Started process (PID=2144) to work on /home/airflow/.local/lib/python3.6/site-packages/airflow/example_dags/example_dag_decorator.py
[2021-06-15 03:42:20,048] {scheduler_job.py:633} INFO - Processing file /home/airflow/.local/lib/python3.6/site-packages/airflow/example_dags/example_dag_decorator.py for tasks to queue
[2021-06-15 03:42:20,055] {logging_mixin.py:104} INFO - [2021-06-15 03:42:20,055] {dagbag.py:487} INFO - Filling up the DagBag from /home/airflow/.local/lib/python3.6/site-packages/airflow/example_dags/example_dag_decorator.py
[2021-06-15 03:42:20,182] {scheduler_job.py:643} INFO - DAG(s) dict_keys(['example_dag_decorator']) retrieved from /home/airflow/.local/lib/python3.6/site-packages/airflow/example_dags/example_dag_decorator.py
[2021-06-15 03:42:21,114] {logging_mixin.py:104} INFO - [2021-06-15 03:42:21,114] {dag.py:1832} INFO - Sync 1 DAGs
[2021-06-15 03:42:21,170] {logging_mixin.py:104} INFO - [2021-06-15 03:42:21,170] {dag.py:2305} INFO - Setting next_dagrun for example_dag_decorator to None
[2021-06-15 03:42:21,225] {scheduler_job.py:190} INFO - Processing /home/airflow/.local/lib/python3.6/site-packages/airflow/example_dags/example_dag_decorator.py took 1.215 seconds
[2021-06-15 03:42:51,380] {scheduler_job.py:182} INFO - Started process (PID=2208) to work on /home/airflow/.local/lib/python3.6/site-packages/airflow/example_dags/example_dag_decorator.py
[2021-06-15 03:42:51,404] {scheduler_job.py:633} INFO - Processing file /home/airflow/.local/lib/python3.6/site-packages/airflow/example_dags/example_dag_decorator.py for tasks to queue
[2021-06-15 03:42:51,412] {logging_mixin.py:104} INFO - [2021-06-15 03:42:51,411] {dagbag.py:487} INFO - Filling up the DagBag from /home/airflow/.local/lib/python3.6/site-packages/airflow/example_dags/example_dag_decorator.py
[2021-06-15 03:42:51,542] {scheduler_job.py:643} INFO - DAG(s) dict_keys(['example_dag_decorator']) retrieved from /home/airflow/.local/lib/python3.6/site-packages/airflow/example_dags/example_dag_decorator.py
[2021-06-15 03:42:52,720] {logging_mixin.py:104} INFO - [2021-06-15 03:42:52,720] {dag.py:1832} INFO - Sync 1 DAGs
[2021-06-15 03:42:52,795] {logging_mixin.py:104} INFO - [2021-06-15 03:42:52,794] {dag.py:2305} INFO - Setting next_dagrun for example_dag_decorator to None
[2021-06-15 03:42:52,865] {scheduler_job.py:190} INFO - Processing /home/airflow/.local/lib/python3.6/site-packages/airflow/example_dags/example_dag_decorator.py took 1.507 seconds
[2021-06-15 03:43:23,121] {scheduler_job.py:182} INFO - Started process (PID=2269) to work on /home/airflow/.local/lib/python3.6/site-packages/airflow/example_dags/example_dag_decorator.py
[2021-06-15 03:43:23,128] {scheduler_job.py:633} INFO - Processing file /home/airflow/.local/lib/python3.6/site-packages/airflow/example_dags/example_dag_decorator.py for tasks to queue
[2021-06-15 03:43:23,134] {logging_mixin.py:104} INFO - [2021-06-15 03:43:23,134] {dagbag.py:487} INFO - Filling up the DagBag from /home/airflow/.local/lib/python3.6/site-packages/airflow/example_dags/example_dag_decorator.py
[2021-06-15 03:43:23,264] {scheduler_job.py:643} INFO - DAG(s) dict_keys(['example_dag_decorator']) retrieved from /home/airflow/.local/lib/python3.6/site-packages/airflow/example_dags/example_dag_decorator.py
[2021-06-15 03:43:24,209] {logging_mixin.py:104} INFO - [2021-06-15 03:43:24,208] {dag.py:1832} INFO - Sync 1 DAGs
[2021-06-15 03:43:24,299] {logging_mixin.py:104} INFO - [2021-06-15 03:43:24,299] {dag.py:2305} INFO - Setting next_dagrun for example_dag_decorator to None
[2021-06-15 03:43:24,359] {scheduler_job.py:190} INFO - Processing /home/airflow/.local/lib/python3.6/site-packages/airflow/example_dags/example_dag_decorator.py took 1.257 seconds
[2021-06-15 03:43:54,877] {scheduler_job.py:182} INFO - Started process (PID=2337) to work on /home/airflow/.local/lib/python3.6/site-packages/airflow/example_dags/example_dag_decorator.py
[2021-06-15 03:43:54,886] {scheduler_job.py:633} INFO - Processing file /home/airflow/.local/lib/python3.6/site-packages/airflow/example_dags/example_dag_decorator.py for tasks to queue
[2021-06-15 03:43:54,894] {logging_mixin.py:104} INFO - [2021-06-15 03:43:54,893] {dagbag.py:487} INFO - Filling up the DagBag from /home/airflow/.local/lib/python3.6/site-packages/airflow/example_dags/example_dag_decorator.py
[2021-06-15 03:43:55,008] {scheduler_job.py:643} INFO - DAG(s) dict_keys(['example_dag_decorator']) retrieved from /home/airflow/.local/lib/python3.6/site-packages/airflow/example_dags/example_dag_decorator.py
[2021-06-15 03:43:56,174] {logging_mixin.py:104} INFO - [2021-06-15 03:43:56,174] {dag.py:1832} INFO - Sync 1 DAGs
[2021-06-15 03:43:56,290] {logging_mixin.py:104} INFO - [2021-06-15 03:43:56,289] {dag.py:2305} INFO - Setting next_dagrun for example_dag_decorator to None
[2021-06-15 03:43:56,373] {scheduler_job.py:190} INFO - Processing /home/airflow/.local/lib/python3.6/site-packages/airflow/example_dags/example_dag_decorator.py took 1.514 seconds
[2021-06-15 03:44:27,470] {scheduler_job.py:182} INFO - Started process (PID=2406) to work on /home/airflow/.local/lib/python3.6/site-packages/airflow/example_dags/example_dag_decorator.py
[2021-06-15 03:44:27,479] {scheduler_job.py:633} INFO - Processing file /home/airflow/.local/lib/python3.6/site-packages/airflow/example_dags/example_dag_decorator.py for tasks to queue
[2021-06-15 03:44:27,488] {logging_mixin.py:104} INFO - [2021-06-15 03:44:27,487] {dagbag.py:487} INFO - Filling up the DagBag from /home/airflow/.local/lib/python3.6/site-packages/airflow/example_dags/example_dag_decorator.py
[2021-06-15 03:44:27,608] {scheduler_job.py:643} INFO - DAG(s) dict_keys(['example_dag_decorator']) retrieved from /home/airflow/.local/lib/python3.6/site-packages/airflow/example_dags/example_dag_decorator.py
[2021-06-15 03:44:28,657] {logging_mixin.py:104} INFO - [2021-06-15 03:44:28,656] {dag.py:1832} INFO - Sync 1 DAGs
[2021-06-15 03:44:28,734] {logging_mixin.py:104} INFO - [2021-06-15 03:44:28,733] {dag.py:2305} INFO - Setting next_dagrun for example_dag_decorator to None
[2021-06-15 03:44:28,791] {scheduler_job.py:190} INFO - Processing /home/airflow/.local/lib/python3.6/site-packages/airflow/example_dags/example_dag_decorator.py took 1.350 seconds
[2021-06-15 03:44:59,293] {scheduler_job.py:182} INFO - Started process (PID=2468) to work on /home/airflow/.local/lib/python3.6/site-packages/airflow/example_dags/example_dag_decorator.py
[2021-06-15 03:44:59,302] {scheduler_job.py:633} INFO - Processing file /home/airflow/.local/lib/python3.6/site-packages/airflow/example_dags/example_dag_decorator.py for tasks to queue
[2021-06-15 03:44:59,311] {logging_mixin.py:104} INFO - [2021-06-15 03:44:59,310] {dagbag.py:487} INFO - Filling up the DagBag from /home/airflow/.local/lib/python3.6/site-packages/airflow/example_dags/example_dag_decorator.py
[2021-06-15 03:44:59,474] {scheduler_job.py:643} INFO - DAG(s) dict_keys(['example_dag_decorator']) retrieved from /home/airflow/.local/lib/python3.6/site-packages/airflow/example_dags/example_dag_decorator.py
[2021-06-15 03:45:00,894] {logging_mixin.py:104} INFO - [2021-06-15 03:45:00,893] {dag.py:1832} INFO - Sync 1 DAGs
[2021-06-15 03:45:00,982] {logging_mixin.py:104} INFO - [2021-06-15 03:45:00,982] {dag.py:2305} INFO - Setting next_dagrun for example_dag_decorator to None
[2021-06-15 03:45:01,045] {scheduler_job.py:190} INFO - Processing /home/airflow/.local/lib/python3.6/site-packages/airflow/example_dags/example_dag_decorator.py took 1.777 seconds
[2021-06-15 03:45:31,233] {scheduler_job.py:182} INFO - Started process (PID=2525) to work on /home/airflow/.local/lib/python3.6/site-packages/airflow/example_dags/example_dag_decorator.py
[2021-06-15 03:45:31,242] {scheduler_job.py:633} INFO - Processing file /home/airflow/.local/lib/python3.6/site-packages/airflow/example_dags/example_dag_decorator.py for tasks to queue
[2021-06-15 03:45:31,248] {logging_mixin.py:104} INFO - [2021-06-15 03:45:31,247] {dagbag.py:487} INFO - Filling up the DagBag from /home/airflow/.local/lib/python3.6/site-packages/airflow/example_dags/example_dag_decorator.py
[2021-06-15 03:45:31,331] {scheduler_job.py:643} INFO - DAG(s) dict_keys(['example_dag_decorator']) retrieved from /home/airflow/.local/lib/python3.6/site-packages/airflow/example_dags/example_dag_decorator.py
[2021-06-15 03:45:32,110] {logging_mixin.py:104} INFO - [2021-06-15 03:45:32,110] {dag.py:1832} INFO - Sync 1 DAGs
[2021-06-15 03:45:32,164] {logging_mixin.py:104} INFO - [2021-06-15 03:45:32,163] {dag.py:2305} INFO - Setting next_dagrun for example_dag_decorator to None
[2021-06-15 03:45:32,209] {scheduler_job.py:190} INFO - Processing /home/airflow/.local/lib/python3.6/site-packages/airflow/example_dags/example_dag_decorator.py took 0.998 seconds
[2021-06-15 03:46:02,894] {scheduler_job.py:182} INFO - Started process (PID=2593) to work on /home/airflow/.local/lib/python3.6/site-packages/airflow/example_dags/example_dag_decorator.py
[2021-06-15 03:46:02,907] {scheduler_job.py:633} INFO - Processing file /home/airflow/.local/lib/python3.6/site-packages/airflow/example_dags/example_dag_decorator.py for tasks to queue
[2021-06-15 03:46:02,916] {logging_mixin.py:104} INFO - [2021-06-15 03:46:02,915] {dagbag.py:487} INFO - Filling up the DagBag from /home/airflow/.local/lib/python3.6/site-packages/airflow/example_dags/example_dag_decorator.py
[2021-06-15 03:46:03,054] {scheduler_job.py:643} INFO - DAG(s) dict_keys(['example_dag_decorator']) retrieved from /home/airflow/.local/lib/python3.6/site-packages/airflow/example_dags/example_dag_decorator.py
[2021-06-15 03:46:04,207] {logging_mixin.py:104} INFO - [2021-06-15 03:46:04,207] {dag.py:1832} INFO - Sync 1 DAGs
[2021-06-15 03:46:04,276] {logging_mixin.py:104} INFO - [2021-06-15 03:46:04,276] {dag.py:2305} INFO - Setting next_dagrun for example_dag_decorator to None
[2021-06-15 03:46:04,345] {scheduler_job.py:190} INFO - Processing /home/airflow/.local/lib/python3.6/site-packages/airflow/example_dags/example_dag_decorator.py took 1.477 seconds
[2021-06-15 03:46:34,801] {scheduler_job.py:182} INFO - Started process (PID=2661) to work on /home/airflow/.local/lib/python3.6/site-packages/airflow/example_dags/example_dag_decorator.py
[2021-06-15 03:46:34,811] {scheduler_job.py:633} INFO - Processing file /home/airflow/.local/lib/python3.6/site-packages/airflow/example_dags/example_dag_decorator.py for tasks to queue
[2021-06-15 03:46:34,816] {logging_mixin.py:104} INFO - [2021-06-15 03:46:34,816] {dagbag.py:487} INFO - Filling up the DagBag from /home/airflow/.local/lib/python3.6/site-packages/airflow/example_dags/example_dag_decorator.py
[2021-06-15 03:46:34,944] {scheduler_job.py:643} INFO - DAG(s) dict_keys(['example_dag_decorator']) retrieved from /home/airflow/.local/lib/python3.6/site-packages/airflow/example_dags/example_dag_decorator.py
[2021-06-15 03:46:35,785] {logging_mixin.py:104} INFO - [2021-06-15 03:46:35,785] {dag.py:1832} INFO - Sync 1 DAGs
[2021-06-15 03:46:35,843] {logging_mixin.py:104} INFO - [2021-06-15 03:46:35,843] {dag.py:2305} INFO - Setting next_dagrun for example_dag_decorator to None
[2021-06-15 03:46:35,890] {scheduler_job.py:190} INFO - Processing /home/airflow/.local/lib/python3.6/site-packages/airflow/example_dags/example_dag_decorator.py took 1.107 seconds
[2021-06-15 03:47:06,482] {scheduler_job.py:182} INFO - Started process (PID=2724) to work on /home/airflow/.local/lib/python3.6/site-packages/airflow/example_dags/example_dag_decorator.py
[2021-06-15 03:47:06,490] {scheduler_job.py:633} INFO - Processing file /home/airflow/.local/lib/python3.6/site-packages/airflow/example_dags/example_dag_decorator.py for tasks to queue
[2021-06-15 03:47:06,494] {logging_mixin.py:104} INFO - [2021-06-15 03:47:06,494] {dagbag.py:487} INFO - Filling up the DagBag from /home/airflow/.local/lib/python3.6/site-packages/airflow/example_dags/example_dag_decorator.py
[2021-06-15 03:47:06,578] {scheduler_job.py:643} INFO - DAG(s) dict_keys(['example_dag_decorator']) retrieved from /home/airflow/.local/lib/python3.6/site-packages/airflow/example_dags/example_dag_decorator.py
[2021-06-15 03:47:07,376] {logging_mixin.py:104} INFO - [2021-06-15 03:47:07,376] {dag.py:1832} INFO - Sync 1 DAGs
[2021-06-15 03:47:07,429] {logging_mixin.py:104} INFO - [2021-06-15 03:47:07,429] {dag.py:2305} INFO - Setting next_dagrun for example_dag_decorator to None
[2021-06-15 03:47:07,483] {scheduler_job.py:190} INFO - Processing /home/airflow/.local/lib/python3.6/site-packages/airflow/example_dags/example_dag_decorator.py took 1.015 seconds
[2021-06-15 03:47:37,750] {scheduler_job.py:182} INFO - Started process (PID=2792) to work on /home/airflow/.local/lib/python3.6/site-packages/airflow/example_dags/example_dag_decorator.py
[2021-06-15 03:47:37,762] {scheduler_job.py:633} INFO - Processing file /home/airflow/.local/lib/python3.6/site-packages/airflow/example_dags/example_dag_decorator.py for tasks to queue
[2021-06-15 03:47:37,768] {logging_mixin.py:104} INFO - [2021-06-15 03:47:37,767] {dagbag.py:487} INFO - Filling up the DagBag from /home/airflow/.local/lib/python3.6/site-packages/airflow/example_dags/example_dag_decorator.py
[2021-06-15 03:47:37,849] {scheduler_job.py:643} INFO - DAG(s) dict_keys(['example_dag_decorator']) retrieved from /home/airflow/.local/lib/python3.6/site-packages/airflow/example_dags/example_dag_decorator.py
[2021-06-15 03:47:38,674] {logging_mixin.py:104} INFO - [2021-06-15 03:47:38,674] {dag.py:1832} INFO - Sync 1 DAGs
[2021-06-15 03:47:38,734] {logging_mixin.py:104} INFO - [2021-06-15 03:47:38,734] {dag.py:2305} INFO - Setting next_dagrun for example_dag_decorator to None
[2021-06-15 03:47:38,779] {scheduler_job.py:190} INFO - Processing /home/airflow/.local/lib/python3.6/site-packages/airflow/example_dags/example_dag_decorator.py took 1.080 seconds
[2021-06-15 03:48:09,086] {scheduler_job.py:182} INFO - Started process (PID=2851) to work on /home/airflow/.local/lib/python3.6/site-packages/airflow/example_dags/example_dag_decorator.py
[2021-06-15 03:48:09,093] {scheduler_job.py:633} INFO - Processing file /home/airflow/.local/lib/python3.6/site-packages/airflow/example_dags/example_dag_decorator.py for tasks to queue
[2021-06-15 03:48:09,098] {logging_mixin.py:104} INFO - [2021-06-15 03:48:09,098] {dagbag.py:487} INFO - Filling up the DagBag from /home/airflow/.local/lib/python3.6/site-packages/airflow/example_dags/example_dag_decorator.py
[2021-06-15 03:48:09,176] {scheduler_job.py:643} INFO - DAG(s) dict_keys(['example_dag_decorator']) retrieved from /home/airflow/.local/lib/python3.6/site-packages/airflow/example_dags/example_dag_decorator.py
[2021-06-15 03:48:09,967] {logging_mixin.py:104} INFO - [2021-06-15 03:48:09,967] {dag.py:1832} INFO - Sync 1 DAGs
[2021-06-15 03:48:10,022] {logging_mixin.py:104} INFO - [2021-06-15 03:48:10,021] {dag.py:2305} INFO - Setting next_dagrun for example_dag_decorator to None
[2021-06-15 03:48:10,069] {scheduler_job.py:190} INFO - Processing /home/airflow/.local/lib/python3.6/site-packages/airflow/example_dags/example_dag_decorator.py took 0.998 seconds
[2021-06-15 03:48:40,202] {scheduler_job.py:182} INFO - Started process (PID=2919) to work on /home/airflow/.local/lib/python3.6/site-packages/airflow/example_dags/example_dag_decorator.py
[2021-06-15 03:48:40,209] {scheduler_job.py:633} INFO - Processing file /home/airflow/.local/lib/python3.6/site-packages/airflow/example_dags/example_dag_decorator.py for tasks to queue
[2021-06-15 03:48:40,213] {logging_mixin.py:104} INFO - [2021-06-15 03:48:40,213] {dagbag.py:487} INFO - Filling up the DagBag from /home/airflow/.local/lib/python3.6/site-packages/airflow/example_dags/example_dag_decorator.py
[2021-06-15 03:48:40,291] {scheduler_job.py:643} INFO - DAG(s) dict_keys(['example_dag_decorator']) retrieved from /home/airflow/.local/lib/python3.6/site-packages/airflow/example_dags/example_dag_decorator.py
[2021-06-15 03:48:41,139] {logging_mixin.py:104} INFO - [2021-06-15 03:48:41,138] {dag.py:1832} INFO - Sync 1 DAGs
[2021-06-15 03:48:41,191] {logging_mixin.py:104} INFO - [2021-06-15 03:48:41,191] {dag.py:2305} INFO - Setting next_dagrun for example_dag_decorator to None
[2021-06-15 03:48:41,233] {scheduler_job.py:190} INFO - Processing /home/airflow/.local/lib/python3.6/site-packages/airflow/example_dags/example_dag_decorator.py took 1.045 seconds
[2021-06-15 03:49:11,353] {scheduler_job.py:182} INFO - Started process (PID=2986) to work on /home/airflow/.local/lib/python3.6/site-packages/airflow/example_dags/example_dag_decorator.py
[2021-06-15 03:49:11,369] {scheduler_job.py:633} INFO - Processing file /home/airflow/.local/lib/python3.6/site-packages/airflow/example_dags/example_dag_decorator.py for tasks to queue
[2021-06-15 03:49:11,384] {logging_mixin.py:104} INFO - [2021-06-15 03:49:11,383] {dagbag.py:487} INFO - Filling up the DagBag from /home/airflow/.local/lib/python3.6/site-packages/airflow/example_dags/example_dag_decorator.py
[2021-06-15 03:49:11,464] {scheduler_job.py:643} INFO - DAG(s) dict_keys(['example_dag_decorator']) retrieved from /home/airflow/.local/lib/python3.6/site-packages/airflow/example_dags/example_dag_decorator.py
[2021-06-15 03:49:12,247] {logging_mixin.py:104} INFO - [2021-06-15 03:49:12,246] {dag.py:1832} INFO - Sync 1 DAGs
[2021-06-15 03:49:12,299] {logging_mixin.py:104} INFO - [2021-06-15 03:49:12,298] {dag.py:2305} INFO - Setting next_dagrun for example_dag_decorator to None
[2021-06-15 03:49:12,344] {scheduler_job.py:190} INFO - Processing /home/airflow/.local/lib/python3.6/site-packages/airflow/example_dags/example_dag_decorator.py took 1.011 seconds
