[2021-06-15 03:25:28,987] {scheduler_job.py:182} INFO - Started process (PID=90) to work on /home/airflow/.local/lib/python3.6/site-packages/airflow/example_dags/example_xcom.py
[2021-06-15 03:25:28,997] {scheduler_job.py:633} INFO - Processing file /home/airflow/.local/lib/python3.6/site-packages/airflow/example_dags/example_xcom.py for tasks to queue
[2021-06-15 03:25:29,009] {logging_mixin.py:104} INFO - [2021-06-15 03:25:29,002] {dagbag.py:487} INFO - Filling up the DagBag from /home/airflow/.local/lib/python3.6/site-packages/airflow/example_dags/example_xcom.py
[2021-06-15 03:25:29,071] {scheduler_job.py:643} INFO - DAG(s) dict_keys(['example_xcom']) retrieved from /home/airflow/.local/lib/python3.6/site-packages/airflow/example_dags/example_xcom.py
[2021-06-15 03:25:30,141] {logging_mixin.py:104} INFO - [2021-06-15 03:25:30,141] {dag.py:1832} INFO - Sync 1 DAGs
[2021-06-15 03:25:30,228] {logging_mixin.py:104} INFO - [2021-06-15 03:25:30,227] {dag.py:2305} INFO - Setting next_dagrun for example_xcom to 2021-06-13 00:00:00+00:00
[2021-06-15 03:25:30,289] {scheduler_job.py:190} INFO - Processing /home/airflow/.local/lib/python3.6/site-packages/airflow/example_dags/example_xcom.py took 1.323 seconds
[2021-06-15 03:26:01,703] {scheduler_job.py:182} INFO - Started process (PID=148) to work on /home/airflow/.local/lib/python3.6/site-packages/airflow/example_dags/example_xcom.py
[2021-06-15 03:26:01,742] {scheduler_job.py:633} INFO - Processing file /home/airflow/.local/lib/python3.6/site-packages/airflow/example_dags/example_xcom.py for tasks to queue
[2021-06-15 03:26:01,756] {logging_mixin.py:104} INFO - [2021-06-15 03:26:01,755] {dagbag.py:487} INFO - Filling up the DagBag from /home/airflow/.local/lib/python3.6/site-packages/airflow/example_dags/example_xcom.py
[2021-06-15 03:26:01,895] {scheduler_job.py:643} INFO - DAG(s) dict_keys(['example_xcom']) retrieved from /home/airflow/.local/lib/python3.6/site-packages/airflow/example_dags/example_xcom.py
[2021-06-15 03:26:02,086] {logging_mixin.py:104} INFO - [2021-06-15 03:26:02,086] {dag.py:1832} INFO - Sync 1 DAGs
[2021-06-15 03:26:02,213] {logging_mixin.py:104} INFO - [2021-06-15 03:26:02,213] {dag.py:2305} INFO - Setting next_dagrun for example_xcom to 2021-06-13 00:00:00+00:00
[2021-06-15 03:26:02,294] {scheduler_job.py:190} INFO - Processing /home/airflow/.local/lib/python3.6/site-packages/airflow/example_dags/example_xcom.py took 0.629 seconds
[2021-06-15 03:26:32,825] {scheduler_job.py:182} INFO - Started process (PID=216) to work on /home/airflow/.local/lib/python3.6/site-packages/airflow/example_dags/example_xcom.py
[2021-06-15 03:26:32,833] {scheduler_job.py:633} INFO - Processing file /home/airflow/.local/lib/python3.6/site-packages/airflow/example_dags/example_xcom.py for tasks to queue
[2021-06-15 03:26:32,839] {logging_mixin.py:104} INFO - [2021-06-15 03:26:32,838] {dagbag.py:487} INFO - Filling up the DagBag from /home/airflow/.local/lib/python3.6/site-packages/airflow/example_dags/example_xcom.py
[2021-06-15 03:26:32,896] {scheduler_job.py:643} INFO - DAG(s) dict_keys(['example_xcom']) retrieved from /home/airflow/.local/lib/python3.6/site-packages/airflow/example_dags/example_xcom.py
[2021-06-15 03:26:33,012] {logging_mixin.py:104} INFO - [2021-06-15 03:26:33,012] {dag.py:1832} INFO - Sync 1 DAGs
[2021-06-15 03:26:33,113] {logging_mixin.py:104} INFO - [2021-06-15 03:26:33,113] {dag.py:2305} INFO - Setting next_dagrun for example_xcom to 2021-06-13 00:00:00+00:00
[2021-06-15 03:26:33,165] {scheduler_job.py:190} INFO - Processing /home/airflow/.local/lib/python3.6/site-packages/airflow/example_dags/example_xcom.py took 0.357 seconds
[2021-06-15 03:27:03,679] {scheduler_job.py:182} INFO - Started process (PID=275) to work on /home/airflow/.local/lib/python3.6/site-packages/airflow/example_dags/example_xcom.py
[2021-06-15 03:27:03,690] {scheduler_job.py:633} INFO - Processing file /home/airflow/.local/lib/python3.6/site-packages/airflow/example_dags/example_xcom.py for tasks to queue
[2021-06-15 03:27:03,696] {logging_mixin.py:104} INFO - [2021-06-15 03:27:03,696] {dagbag.py:487} INFO - Filling up the DagBag from /home/airflow/.local/lib/python3.6/site-packages/airflow/example_dags/example_xcom.py
[2021-06-15 03:27:03,753] {scheduler_job.py:643} INFO - DAG(s) dict_keys(['example_xcom']) retrieved from /home/airflow/.local/lib/python3.6/site-packages/airflow/example_dags/example_xcom.py
[2021-06-15 03:27:03,864] {logging_mixin.py:104} INFO - [2021-06-15 03:27:03,864] {dag.py:1832} INFO - Sync 1 DAGs
[2021-06-15 03:27:03,947] {logging_mixin.py:104} INFO - [2021-06-15 03:27:03,946] {dag.py:2305} INFO - Setting next_dagrun for example_xcom to 2021-06-13 00:00:00+00:00
[2021-06-15 03:27:03,999] {scheduler_job.py:190} INFO - Processing /home/airflow/.local/lib/python3.6/site-packages/airflow/example_dags/example_xcom.py took 0.334 seconds
[2021-06-15 03:27:34,509] {scheduler_job.py:182} INFO - Started process (PID=342) to work on /home/airflow/.local/lib/python3.6/site-packages/airflow/example_dags/example_xcom.py
[2021-06-15 03:27:34,517] {scheduler_job.py:633} INFO - Processing file /home/airflow/.local/lib/python3.6/site-packages/airflow/example_dags/example_xcom.py for tasks to queue
[2021-06-15 03:27:34,524] {logging_mixin.py:104} INFO - [2021-06-15 03:27:34,523] {dagbag.py:487} INFO - Filling up the DagBag from /home/airflow/.local/lib/python3.6/site-packages/airflow/example_dags/example_xcom.py
[2021-06-15 03:27:34,582] {scheduler_job.py:643} INFO - DAG(s) dict_keys(['example_xcom']) retrieved from /home/airflow/.local/lib/python3.6/site-packages/airflow/example_dags/example_xcom.py
[2021-06-15 03:27:34,694] {logging_mixin.py:104} INFO - [2021-06-15 03:27:34,694] {dag.py:1832} INFO - Sync 1 DAGs
[2021-06-15 03:27:34,768] {logging_mixin.py:104} INFO - [2021-06-15 03:27:34,767] {dag.py:2305} INFO - Setting next_dagrun for example_xcom to 2021-06-13 00:00:00+00:00
[2021-06-15 03:27:34,812] {scheduler_job.py:190} INFO - Processing /home/airflow/.local/lib/python3.6/site-packages/airflow/example_dags/example_xcom.py took 0.319 seconds
[2021-06-15 03:28:05,152] {scheduler_job.py:182} INFO - Started process (PID=399) to work on /home/airflow/.local/lib/python3.6/site-packages/airflow/example_dags/example_xcom.py
[2021-06-15 03:28:05,161] {scheduler_job.py:633} INFO - Processing file /home/airflow/.local/lib/python3.6/site-packages/airflow/example_dags/example_xcom.py for tasks to queue
[2021-06-15 03:28:05,167] {logging_mixin.py:104} INFO - [2021-06-15 03:28:05,166] {dagbag.py:487} INFO - Filling up the DagBag from /home/airflow/.local/lib/python3.6/site-packages/airflow/example_dags/example_xcom.py
[2021-06-15 03:28:05,258] {scheduler_job.py:643} INFO - DAG(s) dict_keys(['example_xcom']) retrieved from /home/airflow/.local/lib/python3.6/site-packages/airflow/example_dags/example_xcom.py
[2021-06-15 03:28:05,366] {logging_mixin.py:104} INFO - [2021-06-15 03:28:05,366] {dag.py:1832} INFO - Sync 1 DAGs
[2021-06-15 03:28:05,446] {logging_mixin.py:104} INFO - [2021-06-15 03:28:05,445] {dag.py:2305} INFO - Setting next_dagrun for example_xcom to 2021-06-13 00:00:00+00:00
[2021-06-15 03:28:05,507] {scheduler_job.py:190} INFO - Processing /home/airflow/.local/lib/python3.6/site-packages/airflow/example_dags/example_xcom.py took 0.385 seconds
[2021-06-15 03:28:35,881] {scheduler_job.py:182} INFO - Started process (PID=466) to work on /home/airflow/.local/lib/python3.6/site-packages/airflow/example_dags/example_xcom.py
[2021-06-15 03:28:35,889] {scheduler_job.py:633} INFO - Processing file /home/airflow/.local/lib/python3.6/site-packages/airflow/example_dags/example_xcom.py for tasks to queue
[2021-06-15 03:28:35,897] {logging_mixin.py:104} INFO - [2021-06-15 03:28:35,897] {dagbag.py:487} INFO - Filling up the DagBag from /home/airflow/.local/lib/python3.6/site-packages/airflow/example_dags/example_xcom.py
[2021-06-15 03:28:35,955] {scheduler_job.py:643} INFO - DAG(s) dict_keys(['example_xcom']) retrieved from /home/airflow/.local/lib/python3.6/site-packages/airflow/example_dags/example_xcom.py
[2021-06-15 03:28:36,093] {logging_mixin.py:104} INFO - [2021-06-15 03:28:36,091] {dag.py:1832} INFO - Sync 1 DAGs
[2021-06-15 03:28:36,181] {logging_mixin.py:104} INFO - [2021-06-15 03:28:36,180] {dag.py:2305} INFO - Setting next_dagrun for example_xcom to 2021-06-13 00:00:00+00:00
[2021-06-15 03:28:36,231] {scheduler_job.py:190} INFO - Processing /home/airflow/.local/lib/python3.6/site-packages/airflow/example_dags/example_xcom.py took 0.366 seconds
[2021-06-15 03:29:07,250] {scheduler_job.py:182} INFO - Started process (PID=526) to work on /home/airflow/.local/lib/python3.6/site-packages/airflow/example_dags/example_xcom.py
[2021-06-15 03:29:07,260] {scheduler_job.py:633} INFO - Processing file /home/airflow/.local/lib/python3.6/site-packages/airflow/example_dags/example_xcom.py for tasks to queue
[2021-06-15 03:29:07,270] {logging_mixin.py:104} INFO - [2021-06-15 03:29:07,269] {dagbag.py:487} INFO - Filling up the DagBag from /home/airflow/.local/lib/python3.6/site-packages/airflow/example_dags/example_xcom.py
[2021-06-15 03:29:07,353] {scheduler_job.py:643} INFO - DAG(s) dict_keys(['example_xcom']) retrieved from /home/airflow/.local/lib/python3.6/site-packages/airflow/example_dags/example_xcom.py
[2021-06-15 03:29:07,495] {logging_mixin.py:104} INFO - [2021-06-15 03:29:07,493] {dag.py:1832} INFO - Sync 1 DAGs
[2021-06-15 03:29:07,596] {logging_mixin.py:104} INFO - [2021-06-15 03:29:07,595] {dag.py:2305} INFO - Setting next_dagrun for example_xcom to 2021-06-13 00:00:00+00:00
[2021-06-15 03:29:07,669] {scheduler_job.py:190} INFO - Processing /home/airflow/.local/lib/python3.6/site-packages/airflow/example_dags/example_xcom.py took 0.438 seconds
[2021-06-15 03:29:38,308] {scheduler_job.py:182} INFO - Started process (PID=591) to work on /home/airflow/.local/lib/python3.6/site-packages/airflow/example_dags/example_xcom.py
[2021-06-15 03:29:38,318] {scheduler_job.py:633} INFO - Processing file /home/airflow/.local/lib/python3.6/site-packages/airflow/example_dags/example_xcom.py for tasks to queue
[2021-06-15 03:29:38,326] {logging_mixin.py:104} INFO - [2021-06-15 03:29:38,325] {dagbag.py:487} INFO - Filling up the DagBag from /home/airflow/.local/lib/python3.6/site-packages/airflow/example_dags/example_xcom.py
[2021-06-15 03:29:38,391] {scheduler_job.py:643} INFO - DAG(s) dict_keys(['example_xcom']) retrieved from /home/airflow/.local/lib/python3.6/site-packages/airflow/example_dags/example_xcom.py
[2021-06-15 03:29:38,508] {logging_mixin.py:104} INFO - [2021-06-15 03:29:38,508] {dag.py:1832} INFO - Sync 1 DAGs
[2021-06-15 03:29:38,593] {logging_mixin.py:104} INFO - [2021-06-15 03:29:38,593] {dag.py:2305} INFO - Setting next_dagrun for example_xcom to 2021-06-13 00:00:00+00:00
[2021-06-15 03:29:38,644] {scheduler_job.py:190} INFO - Processing /home/airflow/.local/lib/python3.6/site-packages/airflow/example_dags/example_xcom.py took 0.392 seconds
[2021-06-15 03:30:08,914] {scheduler_job.py:182} INFO - Started process (PID=648) to work on /home/airflow/.local/lib/python3.6/site-packages/airflow/example_dags/example_xcom.py
[2021-06-15 03:30:08,924] {scheduler_job.py:633} INFO - Processing file /home/airflow/.local/lib/python3.6/site-packages/airflow/example_dags/example_xcom.py for tasks to queue
[2021-06-15 03:30:08,929] {logging_mixin.py:104} INFO - [2021-06-15 03:30:08,928] {dagbag.py:487} INFO - Filling up the DagBag from /home/airflow/.local/lib/python3.6/site-packages/airflow/example_dags/example_xcom.py
[2021-06-15 03:30:08,981] {scheduler_job.py:643} INFO - DAG(s) dict_keys(['example_xcom']) retrieved from /home/airflow/.local/lib/python3.6/site-packages/airflow/example_dags/example_xcom.py
[2021-06-15 03:30:09,100] {logging_mixin.py:104} INFO - [2021-06-15 03:30:09,100] {dag.py:1832} INFO - Sync 1 DAGs
[2021-06-15 03:30:09,168] {logging_mixin.py:104} INFO - [2021-06-15 03:30:09,168] {dag.py:2305} INFO - Setting next_dagrun for example_xcom to 2021-06-13 00:00:00+00:00
[2021-06-15 03:30:09,240] {scheduler_job.py:190} INFO - Processing /home/airflow/.local/lib/python3.6/site-packages/airflow/example_dags/example_xcom.py took 0.342 seconds
[2021-06-15 03:30:39,328] {scheduler_job.py:182} INFO - Started process (PID=716) to work on /home/airflow/.local/lib/python3.6/site-packages/airflow/example_dags/example_xcom.py
[2021-06-15 03:30:39,335] {scheduler_job.py:633} INFO - Processing file /home/airflow/.local/lib/python3.6/site-packages/airflow/example_dags/example_xcom.py for tasks to queue
[2021-06-15 03:30:39,340] {logging_mixin.py:104} INFO - [2021-06-15 03:30:39,339] {dagbag.py:487} INFO - Filling up the DagBag from /home/airflow/.local/lib/python3.6/site-packages/airflow/example_dags/example_xcom.py
[2021-06-15 03:30:39,392] {scheduler_job.py:643} INFO - DAG(s) dict_keys(['example_xcom']) retrieved from /home/airflow/.local/lib/python3.6/site-packages/airflow/example_dags/example_xcom.py
[2021-06-15 03:30:39,483] {logging_mixin.py:104} INFO - [2021-06-15 03:30:39,483] {dag.py:1832} INFO - Sync 1 DAGs
[2021-06-15 03:30:39,556] {logging_mixin.py:104} INFO - [2021-06-15 03:30:39,556] {dag.py:2305} INFO - Setting next_dagrun for example_xcom to 2021-06-13 00:00:00+00:00
[2021-06-15 03:30:39,598] {scheduler_job.py:190} INFO - Processing /home/airflow/.local/lib/python3.6/site-packages/airflow/example_dags/example_xcom.py took 0.284 seconds
[2021-06-15 03:31:09,733] {scheduler_job.py:182} INFO - Started process (PID=783) to work on /home/airflow/.local/lib/python3.6/site-packages/airflow/example_dags/example_xcom.py
[2021-06-15 03:31:09,741] {scheduler_job.py:633} INFO - Processing file /home/airflow/.local/lib/python3.6/site-packages/airflow/example_dags/example_xcom.py for tasks to queue
[2021-06-15 03:31:09,747] {logging_mixin.py:104} INFO - [2021-06-15 03:31:09,746] {dagbag.py:487} INFO - Filling up the DagBag from /home/airflow/.local/lib/python3.6/site-packages/airflow/example_dags/example_xcom.py
[2021-06-15 03:31:09,800] {scheduler_job.py:643} INFO - DAG(s) dict_keys(['example_xcom']) retrieved from /home/airflow/.local/lib/python3.6/site-packages/airflow/example_dags/example_xcom.py
[2021-06-15 03:31:09,891] {logging_mixin.py:104} INFO - [2021-06-15 03:31:09,891] {dag.py:1832} INFO - Sync 1 DAGs
[2021-06-15 03:31:09,955] {logging_mixin.py:104} INFO - [2021-06-15 03:31:09,954] {dag.py:2305} INFO - Setting next_dagrun for example_xcom to 2021-06-13 00:00:00+00:00
[2021-06-15 03:31:09,992] {scheduler_job.py:190} INFO - Processing /home/airflow/.local/lib/python3.6/site-packages/airflow/example_dags/example_xcom.py took 0.274 seconds
[2021-06-15 03:31:40,168] {scheduler_job.py:182} INFO - Started process (PID=843) to work on /home/airflow/.local/lib/python3.6/site-packages/airflow/example_dags/example_xcom.py
[2021-06-15 03:31:40,173] {scheduler_job.py:633} INFO - Processing file /home/airflow/.local/lib/python3.6/site-packages/airflow/example_dags/example_xcom.py for tasks to queue
[2021-06-15 03:31:40,178] {logging_mixin.py:104} INFO - [2021-06-15 03:31:40,177] {dagbag.py:487} INFO - Filling up the DagBag from /home/airflow/.local/lib/python3.6/site-packages/airflow/example_dags/example_xcom.py
[2021-06-15 03:31:40,232] {scheduler_job.py:643} INFO - DAG(s) dict_keys(['example_xcom']) retrieved from /home/airflow/.local/lib/python3.6/site-packages/airflow/example_dags/example_xcom.py
[2021-06-15 03:31:40,326] {logging_mixin.py:104} INFO - [2021-06-15 03:31:40,325] {dag.py:1832} INFO - Sync 1 DAGs
[2021-06-15 03:31:40,387] {logging_mixin.py:104} INFO - [2021-06-15 03:31:40,387] {dag.py:2305} INFO - Setting next_dagrun for example_xcom to 2021-06-13 00:00:00+00:00
[2021-06-15 03:31:40,424] {scheduler_job.py:190} INFO - Processing /home/airflow/.local/lib/python3.6/site-packages/airflow/example_dags/example_xcom.py took 0.270 seconds
[2021-06-15 03:32:10,836] {scheduler_job.py:182} INFO - Started process (PID=900) to work on /home/airflow/.local/lib/python3.6/site-packages/airflow/example_dags/example_xcom.py
[2021-06-15 03:32:10,845] {scheduler_job.py:633} INFO - Processing file /home/airflow/.local/lib/python3.6/site-packages/airflow/example_dags/example_xcom.py for tasks to queue
[2021-06-15 03:32:10,851] {logging_mixin.py:104} INFO - [2021-06-15 03:32:10,850] {dagbag.py:487} INFO - Filling up the DagBag from /home/airflow/.local/lib/python3.6/site-packages/airflow/example_dags/example_xcom.py
[2021-06-15 03:32:10,904] {scheduler_job.py:643} INFO - DAG(s) dict_keys(['example_xcom']) retrieved from /home/airflow/.local/lib/python3.6/site-packages/airflow/example_dags/example_xcom.py
[2021-06-15 03:32:10,998] {logging_mixin.py:104} INFO - [2021-06-15 03:32:10,998] {dag.py:1832} INFO - Sync 1 DAGs
[2021-06-15 03:32:11,061] {logging_mixin.py:104} INFO - [2021-06-15 03:32:11,061] {dag.py:2305} INFO - Setting next_dagrun for example_xcom to 2021-06-13 00:00:00+00:00
[2021-06-15 03:32:11,132] {scheduler_job.py:190} INFO - Processing /home/airflow/.local/lib/python3.6/site-packages/airflow/example_dags/example_xcom.py took 0.312 seconds
[2021-06-15 03:32:41,617] {scheduler_job.py:182} INFO - Started process (PID=968) to work on /home/airflow/.local/lib/python3.6/site-packages/airflow/example_dags/example_xcom.py
[2021-06-15 03:32:41,624] {scheduler_job.py:633} INFO - Processing file /home/airflow/.local/lib/python3.6/site-packages/airflow/example_dags/example_xcom.py for tasks to queue
[2021-06-15 03:32:41,629] {logging_mixin.py:104} INFO - [2021-06-15 03:32:41,628] {dagbag.py:487} INFO - Filling up the DagBag from /home/airflow/.local/lib/python3.6/site-packages/airflow/example_dags/example_xcom.py
[2021-06-15 03:32:41,680] {scheduler_job.py:643} INFO - DAG(s) dict_keys(['example_xcom']) retrieved from /home/airflow/.local/lib/python3.6/site-packages/airflow/example_dags/example_xcom.py
[2021-06-15 03:32:41,773] {logging_mixin.py:104} INFO - [2021-06-15 03:32:41,772] {dag.py:1832} INFO - Sync 1 DAGs
[2021-06-15 03:32:41,843] {logging_mixin.py:104} INFO - [2021-06-15 03:32:41,842] {dag.py:2305} INFO - Setting next_dagrun for example_xcom to 2021-06-13 00:00:00+00:00
[2021-06-15 03:32:41,890] {scheduler_job.py:190} INFO - Processing /home/airflow/.local/lib/python3.6/site-packages/airflow/example_dags/example_xcom.py took 0.287 seconds
[2021-06-15 03:33:12,636] {scheduler_job.py:182} INFO - Started process (PID=1036) to work on /home/airflow/.local/lib/python3.6/site-packages/airflow/example_dags/example_xcom.py
[2021-06-15 03:33:12,651] {scheduler_job.py:633} INFO - Processing file /home/airflow/.local/lib/python3.6/site-packages/airflow/example_dags/example_xcom.py for tasks to queue
[2021-06-15 03:33:12,657] {logging_mixin.py:104} INFO - [2021-06-15 03:33:12,656] {dagbag.py:487} INFO - Filling up the DagBag from /home/airflow/.local/lib/python3.6/site-packages/airflow/example_dags/example_xcom.py
[2021-06-15 03:33:12,716] {scheduler_job.py:643} INFO - DAG(s) dict_keys(['example_xcom']) retrieved from /home/airflow/.local/lib/python3.6/site-packages/airflow/example_dags/example_xcom.py
[2021-06-15 03:33:12,819] {logging_mixin.py:104} INFO - [2021-06-15 03:33:12,818] {dag.py:1832} INFO - Sync 1 DAGs
[2021-06-15 03:33:12,905] {logging_mixin.py:104} INFO - [2021-06-15 03:33:12,905] {dag.py:2305} INFO - Setting next_dagrun for example_xcom to 2021-06-13 00:00:00+00:00
[2021-06-15 03:33:12,965] {scheduler_job.py:190} INFO - Processing /home/airflow/.local/lib/python3.6/site-packages/airflow/example_dags/example_xcom.py took 0.361 seconds
[2021-06-15 03:33:43,440] {scheduler_job.py:182} INFO - Started process (PID=1097) to work on /home/airflow/.local/lib/python3.6/site-packages/airflow/example_dags/example_xcom.py
[2021-06-15 03:33:43,446] {scheduler_job.py:633} INFO - Processing file /home/airflow/.local/lib/python3.6/site-packages/airflow/example_dags/example_xcom.py for tasks to queue
[2021-06-15 03:33:43,450] {logging_mixin.py:104} INFO - [2021-06-15 03:33:43,450] {dagbag.py:487} INFO - Filling up the DagBag from /home/airflow/.local/lib/python3.6/site-packages/airflow/example_dags/example_xcom.py
[2021-06-15 03:33:43,508] {scheduler_job.py:643} INFO - DAG(s) dict_keys(['example_xcom']) retrieved from /home/airflow/.local/lib/python3.6/site-packages/airflow/example_dags/example_xcom.py
[2021-06-15 03:33:43,602] {logging_mixin.py:104} INFO - [2021-06-15 03:33:43,602] {dag.py:1832} INFO - Sync 1 DAGs
[2021-06-15 03:33:43,666] {logging_mixin.py:104} INFO - [2021-06-15 03:33:43,665] {dag.py:2305} INFO - Setting next_dagrun for example_xcom to 2021-06-13 00:00:00+00:00
[2021-06-15 03:33:43,710] {scheduler_job.py:190} INFO - Processing /home/airflow/.local/lib/python3.6/site-packages/airflow/example_dags/example_xcom.py took 0.285 seconds
[2021-06-15 03:34:14,355] {scheduler_job.py:182} INFO - Started process (PID=1154) to work on /home/airflow/.local/lib/python3.6/site-packages/airflow/example_dags/example_xcom.py
[2021-06-15 03:34:14,370] {scheduler_job.py:633} INFO - Processing file /home/airflow/.local/lib/python3.6/site-packages/airflow/example_dags/example_xcom.py for tasks to queue
[2021-06-15 03:34:14,378] {logging_mixin.py:104} INFO - [2021-06-15 03:34:14,377] {dagbag.py:487} INFO - Filling up the DagBag from /home/airflow/.local/lib/python3.6/site-packages/airflow/example_dags/example_xcom.py
[2021-06-15 03:34:14,435] {scheduler_job.py:643} INFO - DAG(s) dict_keys(['example_xcom']) retrieved from /home/airflow/.local/lib/python3.6/site-packages/airflow/example_dags/example_xcom.py
[2021-06-15 03:34:14,553] {logging_mixin.py:104} INFO - [2021-06-15 03:34:14,552] {dag.py:1832} INFO - Sync 1 DAGs
[2021-06-15 03:34:14,627] {logging_mixin.py:104} INFO - [2021-06-15 03:34:14,626] {dag.py:2305} INFO - Setting next_dagrun for example_xcom to 2021-06-13 00:00:00+00:00
[2021-06-15 03:34:14,674] {scheduler_job.py:190} INFO - Processing /home/airflow/.local/lib/python3.6/site-packages/airflow/example_dags/example_xcom.py took 0.344 seconds
[2021-06-15 03:34:45,083] {scheduler_job.py:182} INFO - Started process (PID=1221) to work on /home/airflow/.local/lib/python3.6/site-packages/airflow/example_dags/example_xcom.py
[2021-06-15 03:34:45,088] {scheduler_job.py:633} INFO - Processing file /home/airflow/.local/lib/python3.6/site-packages/airflow/example_dags/example_xcom.py for tasks to queue
[2021-06-15 03:34:45,097] {logging_mixin.py:104} INFO - [2021-06-15 03:34:45,097] {dagbag.py:487} INFO - Filling up the DagBag from /home/airflow/.local/lib/python3.6/site-packages/airflow/example_dags/example_xcom.py
[2021-06-15 03:34:45,159] {scheduler_job.py:643} INFO - DAG(s) dict_keys(['example_xcom']) retrieved from /home/airflow/.local/lib/python3.6/site-packages/airflow/example_dags/example_xcom.py
[2021-06-15 03:34:45,267] {logging_mixin.py:104} INFO - [2021-06-15 03:34:45,266] {dag.py:1832} INFO - Sync 1 DAGs
[2021-06-15 03:34:45,338] {logging_mixin.py:104} INFO - [2021-06-15 03:34:45,338] {dag.py:2305} INFO - Setting next_dagrun for example_xcom to 2021-06-13 00:00:00+00:00
[2021-06-15 03:34:45,392] {scheduler_job.py:190} INFO - Processing /home/airflow/.local/lib/python3.6/site-packages/airflow/example_dags/example_xcom.py took 0.323 seconds
[2021-06-15 03:35:16,005] {scheduler_job.py:182} INFO - Started process (PID=1288) to work on /home/airflow/.local/lib/python3.6/site-packages/airflow/example_dags/example_xcom.py
[2021-06-15 03:35:16,013] {scheduler_job.py:633} INFO - Processing file /home/airflow/.local/lib/python3.6/site-packages/airflow/example_dags/example_xcom.py for tasks to queue
[2021-06-15 03:35:16,019] {logging_mixin.py:104} INFO - [2021-06-15 03:35:16,019] {dagbag.py:487} INFO - Filling up the DagBag from /home/airflow/.local/lib/python3.6/site-packages/airflow/example_dags/example_xcom.py
[2021-06-15 03:35:16,070] {scheduler_job.py:643} INFO - DAG(s) dict_keys(['example_xcom']) retrieved from /home/airflow/.local/lib/python3.6/site-packages/airflow/example_dags/example_xcom.py
[2021-06-15 03:35:16,178] {logging_mixin.py:104} INFO - [2021-06-15 03:35:16,177] {dag.py:1832} INFO - Sync 1 DAGs
[2021-06-15 03:35:16,250] {logging_mixin.py:104} INFO - [2021-06-15 03:35:16,249] {dag.py:2305} INFO - Setting next_dagrun for example_xcom to 2021-06-13 00:00:00+00:00
[2021-06-15 03:35:16,292] {scheduler_job.py:190} INFO - Processing /home/airflow/.local/lib/python3.6/site-packages/airflow/example_dags/example_xcom.py took 0.308 seconds
[2021-06-15 03:35:46,645] {scheduler_job.py:182} INFO - Started process (PID=1349) to work on /home/airflow/.local/lib/python3.6/site-packages/airflow/example_dags/example_xcom.py
[2021-06-15 03:35:46,657] {scheduler_job.py:633} INFO - Processing file /home/airflow/.local/lib/python3.6/site-packages/airflow/example_dags/example_xcom.py for tasks to queue
[2021-06-15 03:35:46,663] {logging_mixin.py:104} INFO - [2021-06-15 03:35:46,662] {dagbag.py:487} INFO - Filling up the DagBag from /home/airflow/.local/lib/python3.6/site-packages/airflow/example_dags/example_xcom.py
[2021-06-15 03:35:46,767] {scheduler_job.py:643} INFO - DAG(s) dict_keys(['example_xcom']) retrieved from /home/airflow/.local/lib/python3.6/site-packages/airflow/example_dags/example_xcom.py
[2021-06-15 03:35:46,906] {logging_mixin.py:104} INFO - [2021-06-15 03:35:46,906] {dag.py:1832} INFO - Sync 1 DAGs
[2021-06-15 03:35:47,008] {logging_mixin.py:104} INFO - [2021-06-15 03:35:47,007] {dag.py:2305} INFO - Setting next_dagrun for example_xcom to 2021-06-13 00:00:00+00:00
[2021-06-15 03:35:47,073] {scheduler_job.py:190} INFO - Processing /home/airflow/.local/lib/python3.6/site-packages/airflow/example_dags/example_xcom.py took 0.459 seconds
[2021-06-15 03:36:17,835] {scheduler_job.py:182} INFO - Started process (PID=1405) to work on /home/airflow/.local/lib/python3.6/site-packages/airflow/example_dags/example_xcom.py
[2021-06-15 03:36:17,842] {scheduler_job.py:633} INFO - Processing file /home/airflow/.local/lib/python3.6/site-packages/airflow/example_dags/example_xcom.py for tasks to queue
[2021-06-15 03:36:17,847] {logging_mixin.py:104} INFO - [2021-06-15 03:36:17,846] {dagbag.py:487} INFO - Filling up the DagBag from /home/airflow/.local/lib/python3.6/site-packages/airflow/example_dags/example_xcom.py
[2021-06-15 03:36:17,895] {scheduler_job.py:643} INFO - DAG(s) dict_keys(['example_xcom']) retrieved from /home/airflow/.local/lib/python3.6/site-packages/airflow/example_dags/example_xcom.py
[2021-06-15 03:36:17,991] {logging_mixin.py:104} INFO - [2021-06-15 03:36:17,990] {dag.py:1832} INFO - Sync 1 DAGs
[2021-06-15 03:36:18,055] {logging_mixin.py:104} INFO - [2021-06-15 03:36:18,055] {dag.py:2305} INFO - Setting next_dagrun for example_xcom to 2021-06-13 00:00:00+00:00
[2021-06-15 03:36:18,095] {scheduler_job.py:190} INFO - Processing /home/airflow/.local/lib/python3.6/site-packages/airflow/example_dags/example_xcom.py took 0.281 seconds
[2021-06-15 03:36:48,691] {scheduler_job.py:182} INFO - Started process (PID=1473) to work on /home/airflow/.local/lib/python3.6/site-packages/airflow/example_dags/example_xcom.py
[2021-06-15 03:36:48,704] {scheduler_job.py:633} INFO - Processing file /home/airflow/.local/lib/python3.6/site-packages/airflow/example_dags/example_xcom.py for tasks to queue
[2021-06-15 03:36:48,714] {logging_mixin.py:104} INFO - [2021-06-15 03:36:48,714] {dagbag.py:487} INFO - Filling up the DagBag from /home/airflow/.local/lib/python3.6/site-packages/airflow/example_dags/example_xcom.py
[2021-06-15 03:36:48,814] {scheduler_job.py:643} INFO - DAG(s) dict_keys(['example_xcom']) retrieved from /home/airflow/.local/lib/python3.6/site-packages/airflow/example_dags/example_xcom.py
[2021-06-15 03:36:48,932] {logging_mixin.py:104} INFO - [2021-06-15 03:36:48,931] {dag.py:1832} INFO - Sync 1 DAGs
[2021-06-15 03:36:49,005] {logging_mixin.py:104} INFO - [2021-06-15 03:36:49,004] {dag.py:2305} INFO - Setting next_dagrun for example_xcom to 2021-06-13 00:00:00+00:00
[2021-06-15 03:36:49,066] {scheduler_job.py:190} INFO - Processing /home/airflow/.local/lib/python3.6/site-packages/airflow/example_dags/example_xcom.py took 0.401 seconds
[2021-06-15 03:37:19,213] {scheduler_job.py:182} INFO - Started process (PID=1541) to work on /home/airflow/.local/lib/python3.6/site-packages/airflow/example_dags/example_xcom.py
[2021-06-15 03:37:19,232] {scheduler_job.py:633} INFO - Processing file /home/airflow/.local/lib/python3.6/site-packages/airflow/example_dags/example_xcom.py for tasks to queue
[2021-06-15 03:37:19,254] {logging_mixin.py:104} INFO - [2021-06-15 03:37:19,253] {dagbag.py:487} INFO - Filling up the DagBag from /home/airflow/.local/lib/python3.6/site-packages/airflow/example_dags/example_xcom.py
[2021-06-15 03:37:19,358] {scheduler_job.py:643} INFO - DAG(s) dict_keys(['example_xcom']) retrieved from /home/airflow/.local/lib/python3.6/site-packages/airflow/example_dags/example_xcom.py
[2021-06-15 03:37:19,517] {logging_mixin.py:104} INFO - [2021-06-15 03:37:19,517] {dag.py:1832} INFO - Sync 1 DAGs
[2021-06-15 03:37:19,602] {logging_mixin.py:104} INFO - [2021-06-15 03:37:19,602] {dag.py:2305} INFO - Setting next_dagrun for example_xcom to 2021-06-13 00:00:00+00:00
[2021-06-15 03:37:19,655] {scheduler_job.py:190} INFO - Processing /home/airflow/.local/lib/python3.6/site-packages/airflow/example_dags/example_xcom.py took 0.470 seconds
[2021-06-15 03:37:50,152] {scheduler_job.py:182} INFO - Started process (PID=1608) to work on /home/airflow/.local/lib/python3.6/site-packages/airflow/example_dags/example_xcom.py
[2021-06-15 03:37:50,159] {scheduler_job.py:633} INFO - Processing file /home/airflow/.local/lib/python3.6/site-packages/airflow/example_dags/example_xcom.py for tasks to queue
[2021-06-15 03:37:50,165] {logging_mixin.py:104} INFO - [2021-06-15 03:37:50,164] {dagbag.py:487} INFO - Filling up the DagBag from /home/airflow/.local/lib/python3.6/site-packages/airflow/example_dags/example_xcom.py
[2021-06-15 03:37:50,258] {scheduler_job.py:643} INFO - DAG(s) dict_keys(['example_xcom']) retrieved from /home/airflow/.local/lib/python3.6/site-packages/airflow/example_dags/example_xcom.py
[2021-06-15 03:37:50,420] {logging_mixin.py:104} INFO - [2021-06-15 03:37:50,420] {dag.py:1832} INFO - Sync 1 DAGs
[2021-06-15 03:37:50,515] {logging_mixin.py:104} INFO - [2021-06-15 03:37:50,515] {dag.py:2305} INFO - Setting next_dagrun for example_xcom to 2021-06-13 00:00:00+00:00
[2021-06-15 03:37:50,585] {scheduler_job.py:190} INFO - Processing /home/airflow/.local/lib/python3.6/site-packages/airflow/example_dags/example_xcom.py took 0.454 seconds
[2021-06-15 03:38:21,164] {scheduler_job.py:182} INFO - Started process (PID=1668) to work on /home/airflow/.local/lib/python3.6/site-packages/airflow/example_dags/example_xcom.py
[2021-06-15 03:38:21,171] {scheduler_job.py:633} INFO - Processing file /home/airflow/.local/lib/python3.6/site-packages/airflow/example_dags/example_xcom.py for tasks to queue
[2021-06-15 03:38:21,176] {logging_mixin.py:104} INFO - [2021-06-15 03:38:21,176] {dagbag.py:487} INFO - Filling up the DagBag from /home/airflow/.local/lib/python3.6/site-packages/airflow/example_dags/example_xcom.py
[2021-06-15 03:38:21,228] {scheduler_job.py:643} INFO - DAG(s) dict_keys(['example_xcom']) retrieved from /home/airflow/.local/lib/python3.6/site-packages/airflow/example_dags/example_xcom.py
[2021-06-15 03:38:21,342] {logging_mixin.py:104} INFO - [2021-06-15 03:38:21,341] {dag.py:1832} INFO - Sync 1 DAGs
[2021-06-15 03:38:21,463] {logging_mixin.py:104} INFO - [2021-06-15 03:38:21,462] {dag.py:2305} INFO - Setting next_dagrun for example_xcom to 2021-06-13 00:00:00+00:00
[2021-06-15 03:38:21,519] {scheduler_job.py:190} INFO - Processing /home/airflow/.local/lib/python3.6/site-packages/airflow/example_dags/example_xcom.py took 0.370 seconds
[2021-06-15 03:38:51,776] {scheduler_job.py:182} INFO - Started process (PID=1726) to work on /home/airflow/.local/lib/python3.6/site-packages/airflow/example_dags/example_xcom.py
[2021-06-15 03:38:51,792] {scheduler_job.py:633} INFO - Processing file /home/airflow/.local/lib/python3.6/site-packages/airflow/example_dags/example_xcom.py for tasks to queue
[2021-06-15 03:38:51,801] {logging_mixin.py:104} INFO - [2021-06-15 03:38:51,800] {dagbag.py:487} INFO - Filling up the DagBag from /home/airflow/.local/lib/python3.6/site-packages/airflow/example_dags/example_xcom.py
[2021-06-15 03:38:51,893] {scheduler_job.py:643} INFO - DAG(s) dict_keys(['example_xcom']) retrieved from /home/airflow/.local/lib/python3.6/site-packages/airflow/example_dags/example_xcom.py
[2021-06-15 03:38:52,037] {logging_mixin.py:104} INFO - [2021-06-15 03:38:52,036] {dag.py:1832} INFO - Sync 1 DAGs
[2021-06-15 03:38:52,130] {logging_mixin.py:104} INFO - [2021-06-15 03:38:52,130] {dag.py:2305} INFO - Setting next_dagrun for example_xcom to 2021-06-13 00:00:00+00:00
[2021-06-15 03:38:52,183] {scheduler_job.py:190} INFO - Processing /home/airflow/.local/lib/python3.6/site-packages/airflow/example_dags/example_xcom.py took 0.434 seconds
[2021-06-15 03:39:22,719] {scheduler_job.py:182} INFO - Started process (PID=1792) to work on /home/airflow/.local/lib/python3.6/site-packages/airflow/example_dags/example_xcom.py
[2021-06-15 03:39:22,726] {scheduler_job.py:633} INFO - Processing file /home/airflow/.local/lib/python3.6/site-packages/airflow/example_dags/example_xcom.py for tasks to queue
[2021-06-15 03:39:22,731] {logging_mixin.py:104} INFO - [2021-06-15 03:39:22,731] {dagbag.py:487} INFO - Filling up the DagBag from /home/airflow/.local/lib/python3.6/site-packages/airflow/example_dags/example_xcom.py
[2021-06-15 03:39:22,782] {scheduler_job.py:643} INFO - DAG(s) dict_keys(['example_xcom']) retrieved from /home/airflow/.local/lib/python3.6/site-packages/airflow/example_dags/example_xcom.py
[2021-06-15 03:39:22,873] {logging_mixin.py:104} INFO - [2021-06-15 03:39:22,872] {dag.py:1832} INFO - Sync 1 DAGs
[2021-06-15 03:39:22,939] {logging_mixin.py:104} INFO - [2021-06-15 03:39:22,938] {dag.py:2305} INFO - Setting next_dagrun for example_xcom to 2021-06-13 00:00:00+00:00
[2021-06-15 03:39:22,982] {scheduler_job.py:190} INFO - Processing /home/airflow/.local/lib/python3.6/site-packages/airflow/example_dags/example_xcom.py took 0.279 seconds
[2021-06-15 03:39:54,036] {scheduler_job.py:182} INFO - Started process (PID=1859) to work on /home/airflow/.local/lib/python3.6/site-packages/airflow/example_dags/example_xcom.py
[2021-06-15 03:39:54,054] {scheduler_job.py:633} INFO - Processing file /home/airflow/.local/lib/python3.6/site-packages/airflow/example_dags/example_xcom.py for tasks to queue
[2021-06-15 03:39:54,068] {logging_mixin.py:104} INFO - [2021-06-15 03:39:54,068] {dagbag.py:487} INFO - Filling up the DagBag from /home/airflow/.local/lib/python3.6/site-packages/airflow/example_dags/example_xcom.py
[2021-06-15 03:39:54,147] {scheduler_job.py:643} INFO - DAG(s) dict_keys(['example_xcom']) retrieved from /home/airflow/.local/lib/python3.6/site-packages/airflow/example_dags/example_xcom.py
[2021-06-15 03:39:54,282] {logging_mixin.py:104} INFO - [2021-06-15 03:39:54,281] {dag.py:1832} INFO - Sync 1 DAGs
[2021-06-15 03:39:54,391] {logging_mixin.py:104} INFO - [2021-06-15 03:39:54,390] {dag.py:2305} INFO - Setting next_dagrun for example_xcom to 2021-06-13 00:00:00+00:00
[2021-06-15 03:39:54,454] {scheduler_job.py:190} INFO - Processing /home/airflow/.local/lib/python3.6/site-packages/airflow/example_dags/example_xcom.py took 0.443 seconds
[2021-06-15 03:40:24,577] {scheduler_job.py:182} INFO - Started process (PID=1917) to work on /home/airflow/.local/lib/python3.6/site-packages/airflow/example_dags/example_xcom.py
[2021-06-15 03:40:24,586] {scheduler_job.py:633} INFO - Processing file /home/airflow/.local/lib/python3.6/site-packages/airflow/example_dags/example_xcom.py for tasks to queue
[2021-06-15 03:40:24,593] {logging_mixin.py:104} INFO - [2021-06-15 03:40:24,592] {dagbag.py:487} INFO - Filling up the DagBag from /home/airflow/.local/lib/python3.6/site-packages/airflow/example_dags/example_xcom.py
[2021-06-15 03:40:24,645] {scheduler_job.py:643} INFO - DAG(s) dict_keys(['example_xcom']) retrieved from /home/airflow/.local/lib/python3.6/site-packages/airflow/example_dags/example_xcom.py
[2021-06-15 03:40:24,756] {logging_mixin.py:104} INFO - [2021-06-15 03:40:24,756] {dag.py:1832} INFO - Sync 1 DAGs
[2021-06-15 03:40:24,828] {logging_mixin.py:104} INFO - [2021-06-15 03:40:24,827] {dag.py:2305} INFO - Setting next_dagrun for example_xcom to 2021-06-13 00:00:00+00:00
[2021-06-15 03:40:24,873] {scheduler_job.py:190} INFO - Processing /home/airflow/.local/lib/python3.6/site-packages/airflow/example_dags/example_xcom.py took 0.312 seconds
[2021-06-15 03:40:55,314] {scheduler_job.py:182} INFO - Started process (PID=1975) to work on /home/airflow/.local/lib/python3.6/site-packages/airflow/example_dags/example_xcom.py
[2021-06-15 03:40:55,326] {scheduler_job.py:633} INFO - Processing file /home/airflow/.local/lib/python3.6/site-packages/airflow/example_dags/example_xcom.py for tasks to queue
[2021-06-15 03:40:55,333] {logging_mixin.py:104} INFO - [2021-06-15 03:40:55,332] {dagbag.py:487} INFO - Filling up the DagBag from /home/airflow/.local/lib/python3.6/site-packages/airflow/example_dags/example_xcom.py
[2021-06-15 03:40:55,411] {scheduler_job.py:643} INFO - DAG(s) dict_keys(['example_xcom']) retrieved from /home/airflow/.local/lib/python3.6/site-packages/airflow/example_dags/example_xcom.py
[2021-06-15 03:40:55,541] {logging_mixin.py:104} INFO - [2021-06-15 03:40:55,541] {dag.py:1832} INFO - Sync 1 DAGs
[2021-06-15 03:40:55,656] {logging_mixin.py:104} INFO - [2021-06-15 03:40:55,656] {dag.py:2305} INFO - Setting next_dagrun for example_xcom to 2021-06-13 00:00:00+00:00
[2021-06-15 03:40:55,726] {scheduler_job.py:190} INFO - Processing /home/airflow/.local/lib/python3.6/site-packages/airflow/example_dags/example_xcom.py took 0.440 seconds
[2021-06-15 03:41:26,293] {scheduler_job.py:182} INFO - Started process (PID=2044) to work on /home/airflow/.local/lib/python3.6/site-packages/airflow/example_dags/example_xcom.py
[2021-06-15 03:41:26,303] {scheduler_job.py:633} INFO - Processing file /home/airflow/.local/lib/python3.6/site-packages/airflow/example_dags/example_xcom.py for tasks to queue
[2021-06-15 03:41:26,310] {logging_mixin.py:104} INFO - [2021-06-15 03:41:26,309] {dagbag.py:487} INFO - Filling up the DagBag from /home/airflow/.local/lib/python3.6/site-packages/airflow/example_dags/example_xcom.py
[2021-06-15 03:41:26,416] {scheduler_job.py:643} INFO - DAG(s) dict_keys(['example_xcom']) retrieved from /home/airflow/.local/lib/python3.6/site-packages/airflow/example_dags/example_xcom.py
[2021-06-15 03:41:26,576] {logging_mixin.py:104} INFO - [2021-06-15 03:41:26,575] {dag.py:1832} INFO - Sync 1 DAGs
[2021-06-15 03:41:26,705] {logging_mixin.py:104} INFO - [2021-06-15 03:41:26,704] {dag.py:2305} INFO - Setting next_dagrun for example_xcom to 2021-06-13 00:00:00+00:00
[2021-06-15 03:41:26,797] {scheduler_job.py:190} INFO - Processing /home/airflow/.local/lib/python3.6/site-packages/airflow/example_dags/example_xcom.py took 0.523 seconds
[2021-06-15 03:41:57,379] {scheduler_job.py:182} INFO - Started process (PID=2103) to work on /home/airflow/.local/lib/python3.6/site-packages/airflow/example_dags/example_xcom.py
[2021-06-15 03:41:57,387] {scheduler_job.py:633} INFO - Processing file /home/airflow/.local/lib/python3.6/site-packages/airflow/example_dags/example_xcom.py for tasks to queue
[2021-06-15 03:41:57,395] {logging_mixin.py:104} INFO - [2021-06-15 03:41:57,394] {dagbag.py:487} INFO - Filling up the DagBag from /home/airflow/.local/lib/python3.6/site-packages/airflow/example_dags/example_xcom.py
[2021-06-15 03:41:57,463] {scheduler_job.py:643} INFO - DAG(s) dict_keys(['example_xcom']) retrieved from /home/airflow/.local/lib/python3.6/site-packages/airflow/example_dags/example_xcom.py
[2021-06-15 03:41:57,595] {logging_mixin.py:104} INFO - [2021-06-15 03:41:57,594] {dag.py:1832} INFO - Sync 1 DAGs
[2021-06-15 03:41:57,681] {logging_mixin.py:104} INFO - [2021-06-15 03:41:57,681] {dag.py:2305} INFO - Setting next_dagrun for example_xcom to 2021-06-13 00:00:00+00:00
[2021-06-15 03:41:57,761] {scheduler_job.py:190} INFO - Processing /home/airflow/.local/lib/python3.6/site-packages/airflow/example_dags/example_xcom.py took 0.401 seconds
[2021-06-15 03:42:28,409] {scheduler_job.py:182} INFO - Started process (PID=2161) to work on /home/airflow/.local/lib/python3.6/site-packages/airflow/example_dags/example_xcom.py
[2021-06-15 03:42:28,418] {scheduler_job.py:633} INFO - Processing file /home/airflow/.local/lib/python3.6/site-packages/airflow/example_dags/example_xcom.py for tasks to queue
[2021-06-15 03:42:28,423] {logging_mixin.py:104} INFO - [2021-06-15 03:42:28,422] {dagbag.py:487} INFO - Filling up the DagBag from /home/airflow/.local/lib/python3.6/site-packages/airflow/example_dags/example_xcom.py
[2021-06-15 03:42:28,472] {scheduler_job.py:643} INFO - DAG(s) dict_keys(['example_xcom']) retrieved from /home/airflow/.local/lib/python3.6/site-packages/airflow/example_dags/example_xcom.py
[2021-06-15 03:42:28,569] {logging_mixin.py:104} INFO - [2021-06-15 03:42:28,569] {dag.py:1832} INFO - Sync 1 DAGs
[2021-06-15 03:42:28,634] {logging_mixin.py:104} INFO - [2021-06-15 03:42:28,634] {dag.py:2305} INFO - Setting next_dagrun for example_xcom to 2021-06-13 00:00:00+00:00
[2021-06-15 03:42:28,692] {scheduler_job.py:190} INFO - Processing /home/airflow/.local/lib/python3.6/site-packages/airflow/example_dags/example_xcom.py took 0.298 seconds
[2021-06-15 03:42:59,598] {scheduler_job.py:182} INFO - Started process (PID=2228) to work on /home/airflow/.local/lib/python3.6/site-packages/airflow/example_dags/example_xcom.py
[2021-06-15 03:42:59,607] {scheduler_job.py:633} INFO - Processing file /home/airflow/.local/lib/python3.6/site-packages/airflow/example_dags/example_xcom.py for tasks to queue
[2021-06-15 03:42:59,613] {logging_mixin.py:104} INFO - [2021-06-15 03:42:59,612] {dagbag.py:487} INFO - Filling up the DagBag from /home/airflow/.local/lib/python3.6/site-packages/airflow/example_dags/example_xcom.py
[2021-06-15 03:42:59,679] {scheduler_job.py:643} INFO - DAG(s) dict_keys(['example_xcom']) retrieved from /home/airflow/.local/lib/python3.6/site-packages/airflow/example_dags/example_xcom.py
[2021-06-15 03:42:59,788] {logging_mixin.py:104} INFO - [2021-06-15 03:42:59,787] {dag.py:1832} INFO - Sync 1 DAGs
[2021-06-15 03:42:59,869] {logging_mixin.py:104} INFO - [2021-06-15 03:42:59,868] {dag.py:2305} INFO - Setting next_dagrun for example_xcom to 2021-06-13 00:00:00+00:00
[2021-06-15 03:42:59,928] {scheduler_job.py:190} INFO - Processing /home/airflow/.local/lib/python3.6/site-packages/airflow/example_dags/example_xcom.py took 0.346 seconds
[2021-06-15 03:43:30,309] {scheduler_job.py:182} INFO - Started process (PID=2289) to work on /home/airflow/.local/lib/python3.6/site-packages/airflow/example_dags/example_xcom.py
[2021-06-15 03:43:30,316] {scheduler_job.py:633} INFO - Processing file /home/airflow/.local/lib/python3.6/site-packages/airflow/example_dags/example_xcom.py for tasks to queue
[2021-06-15 03:43:30,323] {logging_mixin.py:104} INFO - [2021-06-15 03:43:30,322] {dagbag.py:487} INFO - Filling up the DagBag from /home/airflow/.local/lib/python3.6/site-packages/airflow/example_dags/example_xcom.py
[2021-06-15 03:43:30,377] {scheduler_job.py:643} INFO - DAG(s) dict_keys(['example_xcom']) retrieved from /home/airflow/.local/lib/python3.6/site-packages/airflow/example_dags/example_xcom.py
[2021-06-15 03:43:30,496] {logging_mixin.py:104} INFO - [2021-06-15 03:43:30,495] {dag.py:1832} INFO - Sync 1 DAGs
[2021-06-15 03:43:30,570] {logging_mixin.py:104} INFO - [2021-06-15 03:43:30,569] {dag.py:2305} INFO - Setting next_dagrun for example_xcom to 2021-06-13 00:00:00+00:00
[2021-06-15 03:43:30,621] {scheduler_job.py:190} INFO - Processing /home/airflow/.local/lib/python3.6/site-packages/airflow/example_dags/example_xcom.py took 0.331 seconds
[2021-06-15 03:44:01,132] {scheduler_job.py:182} INFO - Started process (PID=2353) to work on /home/airflow/.local/lib/python3.6/site-packages/airflow/example_dags/example_xcom.py
[2021-06-15 03:44:01,141] {scheduler_job.py:633} INFO - Processing file /home/airflow/.local/lib/python3.6/site-packages/airflow/example_dags/example_xcom.py for tasks to queue
[2021-06-15 03:44:01,148] {logging_mixin.py:104} INFO - [2021-06-15 03:44:01,148] {dagbag.py:487} INFO - Filling up the DagBag from /home/airflow/.local/lib/python3.6/site-packages/airflow/example_dags/example_xcom.py
[2021-06-15 03:44:01,209] {scheduler_job.py:643} INFO - DAG(s) dict_keys(['example_xcom']) retrieved from /home/airflow/.local/lib/python3.6/site-packages/airflow/example_dags/example_xcom.py
[2021-06-15 03:44:01,328] {logging_mixin.py:104} INFO - [2021-06-15 03:44:01,328] {dag.py:1832} INFO - Sync 1 DAGs
[2021-06-15 03:44:01,410] {logging_mixin.py:104} INFO - [2021-06-15 03:44:01,409] {dag.py:2305} INFO - Setting next_dagrun for example_xcom to 2021-06-13 00:00:00+00:00
[2021-06-15 03:44:01,473] {scheduler_job.py:190} INFO - Processing /home/airflow/.local/lib/python3.6/site-packages/airflow/example_dags/example_xcom.py took 0.361 seconds
[2021-06-15 03:44:31,758] {scheduler_job.py:182} INFO - Started process (PID=2412) to work on /home/airflow/.local/lib/python3.6/site-packages/airflow/example_dags/example_xcom.py
[2021-06-15 03:44:31,767] {scheduler_job.py:633} INFO - Processing file /home/airflow/.local/lib/python3.6/site-packages/airflow/example_dags/example_xcom.py for tasks to queue
[2021-06-15 03:44:31,777] {logging_mixin.py:104} INFO - [2021-06-15 03:44:31,776] {dagbag.py:487} INFO - Filling up the DagBag from /home/airflow/.local/lib/python3.6/site-packages/airflow/example_dags/example_xcom.py
[2021-06-15 03:44:31,844] {scheduler_job.py:643} INFO - DAG(s) dict_keys(['example_xcom']) retrieved from /home/airflow/.local/lib/python3.6/site-packages/airflow/example_dags/example_xcom.py
[2021-06-15 03:44:31,949] {logging_mixin.py:104} INFO - [2021-06-15 03:44:31,948] {dag.py:1832} INFO - Sync 1 DAGs
[2021-06-15 03:44:32,039] {logging_mixin.py:104} INFO - [2021-06-15 03:44:32,038] {dag.py:2305} INFO - Setting next_dagrun for example_xcom to 2021-06-13 00:00:00+00:00
[2021-06-15 03:44:32,093] {scheduler_job.py:190} INFO - Processing /home/airflow/.local/lib/python3.6/site-packages/airflow/example_dags/example_xcom.py took 0.355 seconds
[2021-06-15 03:45:02,802] {scheduler_job.py:182} INFO - Started process (PID=2479) to work on /home/airflow/.local/lib/python3.6/site-packages/airflow/example_dags/example_xcom.py
[2021-06-15 03:45:02,814] {scheduler_job.py:633} INFO - Processing file /home/airflow/.local/lib/python3.6/site-packages/airflow/example_dags/example_xcom.py for tasks to queue
[2021-06-15 03:45:02,823] {logging_mixin.py:104} INFO - [2021-06-15 03:45:02,822] {dagbag.py:487} INFO - Filling up the DagBag from /home/airflow/.local/lib/python3.6/site-packages/airflow/example_dags/example_xcom.py
[2021-06-15 03:45:02,922] {scheduler_job.py:643} INFO - DAG(s) dict_keys(['example_xcom']) retrieved from /home/airflow/.local/lib/python3.6/site-packages/airflow/example_dags/example_xcom.py
[2021-06-15 03:45:03,048] {logging_mixin.py:104} INFO - [2021-06-15 03:45:03,047] {dag.py:1832} INFO - Sync 1 DAGs
[2021-06-15 03:45:03,157] {logging_mixin.py:104} INFO - [2021-06-15 03:45:03,157] {dag.py:2305} INFO - Setting next_dagrun for example_xcom to 2021-06-13 00:00:00+00:00
[2021-06-15 03:45:03,227] {scheduler_job.py:190} INFO - Processing /home/airflow/.local/lib/python3.6/site-packages/airflow/example_dags/example_xcom.py took 0.450 seconds
[2021-06-15 03:45:33,658] {scheduler_job.py:182} INFO - Started process (PID=2528) to work on /home/airflow/.local/lib/python3.6/site-packages/airflow/example_dags/example_xcom.py
[2021-06-15 03:45:33,664] {scheduler_job.py:633} INFO - Processing file /home/airflow/.local/lib/python3.6/site-packages/airflow/example_dags/example_xcom.py for tasks to queue
[2021-06-15 03:45:33,669] {logging_mixin.py:104} INFO - [2021-06-15 03:45:33,669] {dagbag.py:487} INFO - Filling up the DagBag from /home/airflow/.local/lib/python3.6/site-packages/airflow/example_dags/example_xcom.py
[2021-06-15 03:45:33,727] {scheduler_job.py:643} INFO - DAG(s) dict_keys(['example_xcom']) retrieved from /home/airflow/.local/lib/python3.6/site-packages/airflow/example_dags/example_xcom.py
[2021-06-15 03:45:33,836] {logging_mixin.py:104} INFO - [2021-06-15 03:45:33,835] {dag.py:1832} INFO - Sync 1 DAGs
[2021-06-15 03:45:33,905] {logging_mixin.py:104} INFO - [2021-06-15 03:45:33,904] {dag.py:2305} INFO - Setting next_dagrun for example_xcom to 2021-06-13 00:00:00+00:00
[2021-06-15 03:45:33,952] {scheduler_job.py:190} INFO - Processing /home/airflow/.local/lib/python3.6/site-packages/airflow/example_dags/example_xcom.py took 0.309 seconds
[2021-06-15 03:46:04,425] {scheduler_job.py:182} INFO - Started process (PID=2595) to work on /home/airflow/.local/lib/python3.6/site-packages/airflow/example_dags/example_xcom.py
[2021-06-15 03:46:04,434] {scheduler_job.py:633} INFO - Processing file /home/airflow/.local/lib/python3.6/site-packages/airflow/example_dags/example_xcom.py for tasks to queue
[2021-06-15 03:46:04,446] {logging_mixin.py:104} INFO - [2021-06-15 03:46:04,443] {dagbag.py:487} INFO - Filling up the DagBag from /home/airflow/.local/lib/python3.6/site-packages/airflow/example_dags/example_xcom.py
[2021-06-15 03:46:04,521] {scheduler_job.py:643} INFO - DAG(s) dict_keys(['example_xcom']) retrieved from /home/airflow/.local/lib/python3.6/site-packages/airflow/example_dags/example_xcom.py
[2021-06-15 03:46:04,649] {logging_mixin.py:104} INFO - [2021-06-15 03:46:04,649] {dag.py:1832} INFO - Sync 1 DAGs
[2021-06-15 03:46:04,755] {logging_mixin.py:104} INFO - [2021-06-15 03:46:04,754] {dag.py:2305} INFO - Setting next_dagrun for example_xcom to 2021-06-13 00:00:00+00:00
[2021-06-15 03:46:04,824] {scheduler_job.py:190} INFO - Processing /home/airflow/.local/lib/python3.6/site-packages/airflow/example_dags/example_xcom.py took 0.419 seconds
[2021-06-15 03:46:35,186] {scheduler_job.py:182} INFO - Started process (PID=2663) to work on /home/airflow/.local/lib/python3.6/site-packages/airflow/example_dags/example_xcom.py
[2021-06-15 03:46:35,193] {scheduler_job.py:633} INFO - Processing file /home/airflow/.local/lib/python3.6/site-packages/airflow/example_dags/example_xcom.py for tasks to queue
[2021-06-15 03:46:35,198] {logging_mixin.py:104} INFO - [2021-06-15 03:46:35,198] {dagbag.py:487} INFO - Filling up the DagBag from /home/airflow/.local/lib/python3.6/site-packages/airflow/example_dags/example_xcom.py
[2021-06-15 03:46:35,257] {scheduler_job.py:643} INFO - DAG(s) dict_keys(['example_xcom']) retrieved from /home/airflow/.local/lib/python3.6/site-packages/airflow/example_dags/example_xcom.py
[2021-06-15 03:46:35,348] {logging_mixin.py:104} INFO - [2021-06-15 03:46:35,348] {dag.py:1832} INFO - Sync 1 DAGs
[2021-06-15 03:46:35,412] {logging_mixin.py:104} INFO - [2021-06-15 03:46:35,412] {dag.py:2305} INFO - Setting next_dagrun for example_xcom to 2021-06-13 00:00:00+00:00
[2021-06-15 03:46:35,452] {scheduler_job.py:190} INFO - Processing /home/airflow/.local/lib/python3.6/site-packages/airflow/example_dags/example_xcom.py took 0.280 seconds
[2021-06-15 03:47:05,753] {scheduler_job.py:182} INFO - Started process (PID=2722) to work on /home/airflow/.local/lib/python3.6/site-packages/airflow/example_dags/example_xcom.py
[2021-06-15 03:47:05,764] {scheduler_job.py:633} INFO - Processing file /home/airflow/.local/lib/python3.6/site-packages/airflow/example_dags/example_xcom.py for tasks to queue
[2021-06-15 03:47:05,774] {logging_mixin.py:104} INFO - [2021-06-15 03:47:05,772] {dagbag.py:487} INFO - Filling up the DagBag from /home/airflow/.local/lib/python3.6/site-packages/airflow/example_dags/example_xcom.py
[2021-06-15 03:47:05,836] {scheduler_job.py:643} INFO - DAG(s) dict_keys(['example_xcom']) retrieved from /home/airflow/.local/lib/python3.6/site-packages/airflow/example_dags/example_xcom.py
[2021-06-15 03:47:05,934] {logging_mixin.py:104} INFO - [2021-06-15 03:47:05,934] {dag.py:1832} INFO - Sync 1 DAGs
[2021-06-15 03:47:06,001] {logging_mixin.py:104} INFO - [2021-06-15 03:47:06,001] {dag.py:2305} INFO - Setting next_dagrun for example_xcom to 2021-06-13 00:00:00+00:00
[2021-06-15 03:47:06,050] {scheduler_job.py:190} INFO - Processing /home/airflow/.local/lib/python3.6/site-packages/airflow/example_dags/example_xcom.py took 0.315 seconds
[2021-06-15 03:47:36,705] {scheduler_job.py:182} INFO - Started process (PID=2787) to work on /home/airflow/.local/lib/python3.6/site-packages/airflow/example_dags/example_xcom.py
[2021-06-15 03:47:36,715] {scheduler_job.py:633} INFO - Processing file /home/airflow/.local/lib/python3.6/site-packages/airflow/example_dags/example_xcom.py for tasks to queue
[2021-06-15 03:47:36,720] {logging_mixin.py:104} INFO - [2021-06-15 03:47:36,719] {dagbag.py:487} INFO - Filling up the DagBag from /home/airflow/.local/lib/python3.6/site-packages/airflow/example_dags/example_xcom.py
[2021-06-15 03:47:36,772] {scheduler_job.py:643} INFO - DAG(s) dict_keys(['example_xcom']) retrieved from /home/airflow/.local/lib/python3.6/site-packages/airflow/example_dags/example_xcom.py
[2021-06-15 03:47:36,895] {logging_mixin.py:104} INFO - [2021-06-15 03:47:36,894] {dag.py:1832} INFO - Sync 1 DAGs
[2021-06-15 03:47:36,973] {logging_mixin.py:104} INFO - [2021-06-15 03:47:36,973] {dag.py:2305} INFO - Setting next_dagrun for example_xcom to 2021-06-13 00:00:00+00:00
[2021-06-15 03:47:37,023] {scheduler_job.py:190} INFO - Processing /home/airflow/.local/lib/python3.6/site-packages/airflow/example_dags/example_xcom.py took 0.337 seconds
[2021-06-15 03:48:07,287] {scheduler_job.py:182} INFO - Started process (PID=2848) to work on /home/airflow/.local/lib/python3.6/site-packages/airflow/example_dags/example_xcom.py
[2021-06-15 03:48:07,296] {scheduler_job.py:633} INFO - Processing file /home/airflow/.local/lib/python3.6/site-packages/airflow/example_dags/example_xcom.py for tasks to queue
[2021-06-15 03:48:07,303] {logging_mixin.py:104} INFO - [2021-06-15 03:48:07,302] {dagbag.py:487} INFO - Filling up the DagBag from /home/airflow/.local/lib/python3.6/site-packages/airflow/example_dags/example_xcom.py
[2021-06-15 03:48:07,373] {scheduler_job.py:643} INFO - DAG(s) dict_keys(['example_xcom']) retrieved from /home/airflow/.local/lib/python3.6/site-packages/airflow/example_dags/example_xcom.py
[2021-06-15 03:48:07,486] {logging_mixin.py:104} INFO - [2021-06-15 03:48:07,485] {dag.py:1832} INFO - Sync 1 DAGs
[2021-06-15 03:48:07,567] {logging_mixin.py:104} INFO - [2021-06-15 03:48:07,567] {dag.py:2305} INFO - Setting next_dagrun for example_xcom to 2021-06-13 00:00:00+00:00
[2021-06-15 03:48:07,628] {scheduler_job.py:190} INFO - Processing /home/airflow/.local/lib/python3.6/site-packages/airflow/example_dags/example_xcom.py took 0.362 seconds
[2021-06-15 03:48:38,536] {scheduler_job.py:182} INFO - Started process (PID=2916) to work on /home/airflow/.local/lib/python3.6/site-packages/airflow/example_dags/example_xcom.py
[2021-06-15 03:48:38,542] {scheduler_job.py:633} INFO - Processing file /home/airflow/.local/lib/python3.6/site-packages/airflow/example_dags/example_xcom.py for tasks to queue
[2021-06-15 03:48:38,546] {logging_mixin.py:104} INFO - [2021-06-15 03:48:38,546] {dagbag.py:487} INFO - Filling up the DagBag from /home/airflow/.local/lib/python3.6/site-packages/airflow/example_dags/example_xcom.py
[2021-06-15 03:48:38,626] {scheduler_job.py:643} INFO - DAG(s) dict_keys(['example_xcom']) retrieved from /home/airflow/.local/lib/python3.6/site-packages/airflow/example_dags/example_xcom.py
[2021-06-15 03:48:38,736] {logging_mixin.py:104} INFO - [2021-06-15 03:48:38,735] {dag.py:1832} INFO - Sync 1 DAGs
[2021-06-15 03:48:38,798] {logging_mixin.py:104} INFO - [2021-06-15 03:48:38,798] {dag.py:2305} INFO - Setting next_dagrun for example_xcom to 2021-06-13 00:00:00+00:00
[2021-06-15 03:48:38,859] {scheduler_job.py:190} INFO - Processing /home/airflow/.local/lib/python3.6/site-packages/airflow/example_dags/example_xcom.py took 0.339 seconds
[2021-06-15 03:49:09,438] {scheduler_job.py:182} INFO - Started process (PID=2983) to work on /home/airflow/.local/lib/python3.6/site-packages/airflow/example_dags/example_xcom.py
[2021-06-15 03:49:09,444] {scheduler_job.py:633} INFO - Processing file /home/airflow/.local/lib/python3.6/site-packages/airflow/example_dags/example_xcom.py for tasks to queue
[2021-06-15 03:49:09,450] {logging_mixin.py:104} INFO - [2021-06-15 03:49:09,449] {dagbag.py:487} INFO - Filling up the DagBag from /home/airflow/.local/lib/python3.6/site-packages/airflow/example_dags/example_xcom.py
[2021-06-15 03:49:09,503] {scheduler_job.py:643} INFO - DAG(s) dict_keys(['example_xcom']) retrieved from /home/airflow/.local/lib/python3.6/site-packages/airflow/example_dags/example_xcom.py
[2021-06-15 03:49:09,597] {logging_mixin.py:104} INFO - [2021-06-15 03:49:09,596] {dag.py:1832} INFO - Sync 1 DAGs
[2021-06-15 03:49:09,672] {logging_mixin.py:104} INFO - [2021-06-15 03:49:09,672] {dag.py:2305} INFO - Setting next_dagrun for example_xcom to 2021-06-13 00:00:00+00:00
[2021-06-15 03:49:09,713] {scheduler_job.py:190} INFO - Processing /home/airflow/.local/lib/python3.6/site-packages/airflow/example_dags/example_xcom.py took 0.290 seconds
