[2021-06-15 03:25:10,887] {scheduler_job.py:182} INFO - Started process (PID=50) to work on /home/airflow/.local/lib/python3.6/site-packages/airflow/example_dags/example_branch_operator.py
[2021-06-15 03:25:10,910] {scheduler_job.py:633} INFO - Processing file /home/airflow/.local/lib/python3.6/site-packages/airflow/example_dags/example_branch_operator.py for tasks to queue
[2021-06-15 03:25:10,929] {logging_mixin.py:104} INFO - [2021-06-15 03:25:10,924] {dagbag.py:487} INFO - Filling up the DagBag from /home/airflow/.local/lib/python3.6/site-packages/airflow/example_dags/example_branch_operator.py
[2021-06-15 03:25:11,068] {scheduler_job.py:643} INFO - DAG(s) dict_keys(['example_branch_operator']) retrieved from /home/airflow/.local/lib/python3.6/site-packages/airflow/example_dags/example_branch_operator.py
[2021-06-15 03:25:12,234] {logging_mixin.py:104} INFO - [2021-06-15 03:25:12,234] {dag.py:1832} INFO - Sync 1 DAGs
[2021-06-15 03:25:12,321] {logging_mixin.py:104} INFO - [2021-06-15 03:25:12,321] {dag.py:2305} INFO - Setting next_dagrun for example_branch_operator to 2021-06-13 00:00:00+00:00
[2021-06-15 03:25:12,374] {scheduler_job.py:190} INFO - Processing /home/airflow/.local/lib/python3.6/site-packages/airflow/example_dags/example_branch_operator.py took 1.516 seconds
[2021-06-15 03:25:42,652] {scheduler_job.py:182} INFO - Started process (PID=116) to work on /home/airflow/.local/lib/python3.6/site-packages/airflow/example_dags/example_branch_operator.py
[2021-06-15 03:25:42,662] {scheduler_job.py:633} INFO - Processing file /home/airflow/.local/lib/python3.6/site-packages/airflow/example_dags/example_branch_operator.py for tasks to queue
[2021-06-15 03:25:42,670] {logging_mixin.py:104} INFO - [2021-06-15 03:25:42,669] {dagbag.py:487} INFO - Filling up the DagBag from /home/airflow/.local/lib/python3.6/site-packages/airflow/example_dags/example_branch_operator.py
[2021-06-15 03:25:42,758] {scheduler_job.py:643} INFO - DAG(s) dict_keys(['example_branch_operator']) retrieved from /home/airflow/.local/lib/python3.6/site-packages/airflow/example_dags/example_branch_operator.py
[2021-06-15 03:25:42,916] {logging_mixin.py:104} INFO - [2021-06-15 03:25:42,915] {dag.py:1832} INFO - Sync 1 DAGs
[2021-06-15 03:25:43,016] {logging_mixin.py:104} INFO - [2021-06-15 03:25:43,016] {dag.py:2305} INFO - Setting next_dagrun for example_branch_operator to 2021-06-13 00:00:00+00:00
[2021-06-15 03:25:43,073] {scheduler_job.py:190} INFO - Processing /home/airflow/.local/lib/python3.6/site-packages/airflow/example_dags/example_branch_operator.py took 0.443 seconds
[2021-06-15 03:26:14,028] {scheduler_job.py:182} INFO - Started process (PID=176) to work on /home/airflow/.local/lib/python3.6/site-packages/airflow/example_dags/example_branch_operator.py
[2021-06-15 03:26:14,039] {scheduler_job.py:633} INFO - Processing file /home/airflow/.local/lib/python3.6/site-packages/airflow/example_dags/example_branch_operator.py for tasks to queue
[2021-06-15 03:26:14,048] {logging_mixin.py:104} INFO - [2021-06-15 03:26:14,048] {dagbag.py:487} INFO - Filling up the DagBag from /home/airflow/.local/lib/python3.6/site-packages/airflow/example_dags/example_branch_operator.py
[2021-06-15 03:26:14,171] {scheduler_job.py:643} INFO - DAG(s) dict_keys(['example_branch_operator']) retrieved from /home/airflow/.local/lib/python3.6/site-packages/airflow/example_dags/example_branch_operator.py
[2021-06-15 03:26:14,341] {logging_mixin.py:104} INFO - [2021-06-15 03:26:14,340] {dag.py:1832} INFO - Sync 1 DAGs
[2021-06-15 03:26:14,510] {logging_mixin.py:104} INFO - [2021-06-15 03:26:14,506] {dag.py:2305} INFO - Setting next_dagrun for example_branch_operator to 2021-06-13 00:00:00+00:00
[2021-06-15 03:26:14,595] {scheduler_job.py:190} INFO - Processing /home/airflow/.local/lib/python3.6/site-packages/airflow/example_dags/example_branch_operator.py took 0.594 seconds
[2021-06-15 03:26:45,588] {scheduler_job.py:182} INFO - Started process (PID=237) to work on /home/airflow/.local/lib/python3.6/site-packages/airflow/example_dags/example_branch_operator.py
[2021-06-15 03:26:45,599] {scheduler_job.py:633} INFO - Processing file /home/airflow/.local/lib/python3.6/site-packages/airflow/example_dags/example_branch_operator.py for tasks to queue
[2021-06-15 03:26:45,609] {logging_mixin.py:104} INFO - [2021-06-15 03:26:45,608] {dagbag.py:487} INFO - Filling up the DagBag from /home/airflow/.local/lib/python3.6/site-packages/airflow/example_dags/example_branch_operator.py
[2021-06-15 03:26:45,687] {scheduler_job.py:643} INFO - DAG(s) dict_keys(['example_branch_operator']) retrieved from /home/airflow/.local/lib/python3.6/site-packages/airflow/example_dags/example_branch_operator.py
[2021-06-15 03:26:45,815] {logging_mixin.py:104} INFO - [2021-06-15 03:26:45,814] {dag.py:1832} INFO - Sync 1 DAGs
[2021-06-15 03:26:45,927] {logging_mixin.py:104} INFO - [2021-06-15 03:26:45,926] {dag.py:2305} INFO - Setting next_dagrun for example_branch_operator to 2021-06-13 00:00:00+00:00
[2021-06-15 03:26:45,988] {scheduler_job.py:190} INFO - Processing /home/airflow/.local/lib/python3.6/site-packages/airflow/example_dags/example_branch_operator.py took 0.420 seconds
[2021-06-15 03:27:16,691] {scheduler_job.py:182} INFO - Started process (PID=301) to work on /home/airflow/.local/lib/python3.6/site-packages/airflow/example_dags/example_branch_operator.py
[2021-06-15 03:27:16,700] {scheduler_job.py:633} INFO - Processing file /home/airflow/.local/lib/python3.6/site-packages/airflow/example_dags/example_branch_operator.py for tasks to queue
[2021-06-15 03:27:16,706] {logging_mixin.py:104} INFO - [2021-06-15 03:27:16,705] {dagbag.py:487} INFO - Filling up the DagBag from /home/airflow/.local/lib/python3.6/site-packages/airflow/example_dags/example_branch_operator.py
[2021-06-15 03:27:16,799] {scheduler_job.py:643} INFO - DAG(s) dict_keys(['example_branch_operator']) retrieved from /home/airflow/.local/lib/python3.6/site-packages/airflow/example_dags/example_branch_operator.py
[2021-06-15 03:27:16,922] {logging_mixin.py:104} INFO - [2021-06-15 03:27:16,921] {dag.py:1832} INFO - Sync 1 DAGs
[2021-06-15 03:27:17,012] {logging_mixin.py:104} INFO - [2021-06-15 03:27:17,011] {dag.py:2305} INFO - Setting next_dagrun for example_branch_operator to 2021-06-13 00:00:00+00:00
[2021-06-15 03:27:17,064] {scheduler_job.py:190} INFO - Processing /home/airflow/.local/lib/python3.6/site-packages/airflow/example_dags/example_branch_operator.py took 0.391 seconds
[2021-06-15 03:27:47,464] {scheduler_job.py:182} INFO - Started process (PID=361) to work on /home/airflow/.local/lib/python3.6/site-packages/airflow/example_dags/example_branch_operator.py
[2021-06-15 03:27:47,472] {scheduler_job.py:633} INFO - Processing file /home/airflow/.local/lib/python3.6/site-packages/airflow/example_dags/example_branch_operator.py for tasks to queue
[2021-06-15 03:27:47,481] {logging_mixin.py:104} INFO - [2021-06-15 03:27:47,479] {dagbag.py:487} INFO - Filling up the DagBag from /home/airflow/.local/lib/python3.6/site-packages/airflow/example_dags/example_branch_operator.py
[2021-06-15 03:27:47,574] {scheduler_job.py:643} INFO - DAG(s) dict_keys(['example_branch_operator']) retrieved from /home/airflow/.local/lib/python3.6/site-packages/airflow/example_dags/example_branch_operator.py
[2021-06-15 03:27:47,741] {logging_mixin.py:104} INFO - [2021-06-15 03:27:47,740] {dag.py:1832} INFO - Sync 1 DAGs
[2021-06-15 03:27:47,866] {logging_mixin.py:104} INFO - [2021-06-15 03:27:47,865] {dag.py:2305} INFO - Setting next_dagrun for example_branch_operator to 2021-06-13 00:00:00+00:00
[2021-06-15 03:27:47,929] {scheduler_job.py:190} INFO - Processing /home/airflow/.local/lib/python3.6/site-packages/airflow/example_dags/example_branch_operator.py took 0.485 seconds
[2021-06-15 03:28:18,038] {scheduler_job.py:182} INFO - Started process (PID=427) to work on /home/airflow/.local/lib/python3.6/site-packages/airflow/example_dags/example_branch_operator.py
[2021-06-15 03:28:18,044] {scheduler_job.py:633} INFO - Processing file /home/airflow/.local/lib/python3.6/site-packages/airflow/example_dags/example_branch_operator.py for tasks to queue
[2021-06-15 03:28:18,050] {logging_mixin.py:104} INFO - [2021-06-15 03:28:18,049] {dagbag.py:487} INFO - Filling up the DagBag from /home/airflow/.local/lib/python3.6/site-packages/airflow/example_dags/example_branch_operator.py
[2021-06-15 03:28:18,118] {scheduler_job.py:643} INFO - DAG(s) dict_keys(['example_branch_operator']) retrieved from /home/airflow/.local/lib/python3.6/site-packages/airflow/example_dags/example_branch_operator.py
[2021-06-15 03:28:18,222] {logging_mixin.py:104} INFO - [2021-06-15 03:28:18,222] {dag.py:1832} INFO - Sync 1 DAGs
[2021-06-15 03:28:18,301] {logging_mixin.py:104} INFO - [2021-06-15 03:28:18,300] {dag.py:2305} INFO - Setting next_dagrun for example_branch_operator to 2021-06-13 00:00:00+00:00
[2021-06-15 03:28:18,351] {scheduler_job.py:190} INFO - Processing /home/airflow/.local/lib/python3.6/site-packages/airflow/example_dags/example_branch_operator.py took 0.327 seconds
[2021-06-15 03:28:49,205] {scheduler_job.py:182} INFO - Started process (PID=488) to work on /home/airflow/.local/lib/python3.6/site-packages/airflow/example_dags/example_branch_operator.py
[2021-06-15 03:28:49,214] {scheduler_job.py:633} INFO - Processing file /home/airflow/.local/lib/python3.6/site-packages/airflow/example_dags/example_branch_operator.py for tasks to queue
[2021-06-15 03:28:49,219] {logging_mixin.py:104} INFO - [2021-06-15 03:28:49,219] {dagbag.py:487} INFO - Filling up the DagBag from /home/airflow/.local/lib/python3.6/site-packages/airflow/example_dags/example_branch_operator.py
[2021-06-15 03:28:49,295] {scheduler_job.py:643} INFO - DAG(s) dict_keys(['example_branch_operator']) retrieved from /home/airflow/.local/lib/python3.6/site-packages/airflow/example_dags/example_branch_operator.py
[2021-06-15 03:28:49,415] {logging_mixin.py:104} INFO - [2021-06-15 03:28:49,414] {dag.py:1832} INFO - Sync 1 DAGs
[2021-06-15 03:28:49,513] {logging_mixin.py:104} INFO - [2021-06-15 03:28:49,513] {dag.py:2305} INFO - Setting next_dagrun for example_branch_operator to 2021-06-13 00:00:00+00:00
[2021-06-15 03:28:49,576] {scheduler_job.py:190} INFO - Processing /home/airflow/.local/lib/python3.6/site-packages/airflow/example_dags/example_branch_operator.py took 0.389 seconds
[2021-06-15 03:29:19,713] {scheduler_job.py:182} INFO - Started process (PID=544) to work on /home/airflow/.local/lib/python3.6/site-packages/airflow/example_dags/example_branch_operator.py
[2021-06-15 03:29:19,724] {scheduler_job.py:633} INFO - Processing file /home/airflow/.local/lib/python3.6/site-packages/airflow/example_dags/example_branch_operator.py for tasks to queue
[2021-06-15 03:29:19,731] {logging_mixin.py:104} INFO - [2021-06-15 03:29:19,730] {dagbag.py:487} INFO - Filling up the DagBag from /home/airflow/.local/lib/python3.6/site-packages/airflow/example_dags/example_branch_operator.py
[2021-06-15 03:29:19,817] {scheduler_job.py:643} INFO - DAG(s) dict_keys(['example_branch_operator']) retrieved from /home/airflow/.local/lib/python3.6/site-packages/airflow/example_dags/example_branch_operator.py
[2021-06-15 03:29:19,931] {logging_mixin.py:104} INFO - [2021-06-15 03:29:19,931] {dag.py:1832} INFO - Sync 1 DAGs
[2021-06-15 03:29:20,024] {logging_mixin.py:104} INFO - [2021-06-15 03:29:20,022] {dag.py:2305} INFO - Setting next_dagrun for example_branch_operator to 2021-06-13 00:00:00+00:00
[2021-06-15 03:29:20,087] {scheduler_job.py:190} INFO - Processing /home/airflow/.local/lib/python3.6/site-packages/airflow/example_dags/example_branch_operator.py took 0.389 seconds
[2021-06-15 03:29:50,537] {scheduler_job.py:182} INFO - Started process (PID=611) to work on /home/airflow/.local/lib/python3.6/site-packages/airflow/example_dags/example_branch_operator.py
[2021-06-15 03:29:50,555] {scheduler_job.py:633} INFO - Processing file /home/airflow/.local/lib/python3.6/site-packages/airflow/example_dags/example_branch_operator.py for tasks to queue
[2021-06-15 03:29:50,567] {logging_mixin.py:104} INFO - [2021-06-15 03:29:50,566] {dagbag.py:487} INFO - Filling up the DagBag from /home/airflow/.local/lib/python3.6/site-packages/airflow/example_dags/example_branch_operator.py
[2021-06-15 03:29:50,658] {scheduler_job.py:643} INFO - DAG(s) dict_keys(['example_branch_operator']) retrieved from /home/airflow/.local/lib/python3.6/site-packages/airflow/example_dags/example_branch_operator.py
[2021-06-15 03:29:50,783] {logging_mixin.py:104} INFO - [2021-06-15 03:29:50,782] {dag.py:1832} INFO - Sync 1 DAGs
[2021-06-15 03:29:50,871] {logging_mixin.py:104} INFO - [2021-06-15 03:29:50,871] {dag.py:2305} INFO - Setting next_dagrun for example_branch_operator to 2021-06-13 00:00:00+00:00
[2021-06-15 03:29:50,924] {scheduler_job.py:190} INFO - Processing /home/airflow/.local/lib/python3.6/site-packages/airflow/example_dags/example_branch_operator.py took 0.412 seconds
[2021-06-15 03:30:21,926] {scheduler_job.py:182} INFO - Started process (PID=679) to work on /home/airflow/.local/lib/python3.6/site-packages/airflow/example_dags/example_branch_operator.py
[2021-06-15 03:30:21,933] {scheduler_job.py:633} INFO - Processing file /home/airflow/.local/lib/python3.6/site-packages/airflow/example_dags/example_branch_operator.py for tasks to queue
[2021-06-15 03:30:21,938] {logging_mixin.py:104} INFO - [2021-06-15 03:30:21,937] {dagbag.py:487} INFO - Filling up the DagBag from /home/airflow/.local/lib/python3.6/site-packages/airflow/example_dags/example_branch_operator.py
[2021-06-15 03:30:22,023] {scheduler_job.py:643} INFO - DAG(s) dict_keys(['example_branch_operator']) retrieved from /home/airflow/.local/lib/python3.6/site-packages/airflow/example_dags/example_branch_operator.py
[2021-06-15 03:30:22,151] {logging_mixin.py:104} INFO - [2021-06-15 03:30:22,151] {dag.py:1832} INFO - Sync 1 DAGs
[2021-06-15 03:30:22,247] {logging_mixin.py:104} INFO - [2021-06-15 03:30:22,247] {dag.py:2305} INFO - Setting next_dagrun for example_branch_operator to 2021-06-13 00:00:00+00:00
[2021-06-15 03:30:22,291] {scheduler_job.py:190} INFO - Processing /home/airflow/.local/lib/python3.6/site-packages/airflow/example_dags/example_branch_operator.py took 0.381 seconds
[2021-06-15 03:30:52,843] {scheduler_job.py:182} INFO - Started process (PID=746) to work on /home/airflow/.local/lib/python3.6/site-packages/airflow/example_dags/example_branch_operator.py
[2021-06-15 03:30:52,850] {scheduler_job.py:633} INFO - Processing file /home/airflow/.local/lib/python3.6/site-packages/airflow/example_dags/example_branch_operator.py for tasks to queue
[2021-06-15 03:30:52,855] {logging_mixin.py:104} INFO - [2021-06-15 03:30:52,854] {dagbag.py:487} INFO - Filling up the DagBag from /home/airflow/.local/lib/python3.6/site-packages/airflow/example_dags/example_branch_operator.py
[2021-06-15 03:30:52,920] {scheduler_job.py:643} INFO - DAG(s) dict_keys(['example_branch_operator']) retrieved from /home/airflow/.local/lib/python3.6/site-packages/airflow/example_dags/example_branch_operator.py
[2021-06-15 03:30:53,033] {logging_mixin.py:104} INFO - [2021-06-15 03:30:53,033] {dag.py:1832} INFO - Sync 1 DAGs
[2021-06-15 03:30:53,121] {logging_mixin.py:104} INFO - [2021-06-15 03:30:53,121] {dag.py:2305} INFO - Setting next_dagrun for example_branch_operator to 2021-06-13 00:00:00+00:00
[2021-06-15 03:30:53,163] {scheduler_job.py:190} INFO - Processing /home/airflow/.local/lib/python3.6/site-packages/airflow/example_dags/example_branch_operator.py took 0.335 seconds
[2021-06-15 03:31:23,571] {scheduler_job.py:182} INFO - Started process (PID=808) to work on /home/airflow/.local/lib/python3.6/site-packages/airflow/example_dags/example_branch_operator.py
[2021-06-15 03:31:23,577] {scheduler_job.py:633} INFO - Processing file /home/airflow/.local/lib/python3.6/site-packages/airflow/example_dags/example_branch_operator.py for tasks to queue
[2021-06-15 03:31:23,582] {logging_mixin.py:104} INFO - [2021-06-15 03:31:23,581] {dagbag.py:487} INFO - Filling up the DagBag from /home/airflow/.local/lib/python3.6/site-packages/airflow/example_dags/example_branch_operator.py
[2021-06-15 03:31:23,654] {scheduler_job.py:643} INFO - DAG(s) dict_keys(['example_branch_operator']) retrieved from /home/airflow/.local/lib/python3.6/site-packages/airflow/example_dags/example_branch_operator.py
[2021-06-15 03:31:23,807] {logging_mixin.py:104} INFO - [2021-06-15 03:31:23,807] {dag.py:1832} INFO - Sync 1 DAGs
[2021-06-15 03:31:23,942] {logging_mixin.py:104} INFO - [2021-06-15 03:31:23,941] {dag.py:2305} INFO - Setting next_dagrun for example_branch_operator to 2021-06-13 00:00:00+00:00
[2021-06-15 03:31:23,993] {scheduler_job.py:190} INFO - Processing /home/airflow/.local/lib/python3.6/site-packages/airflow/example_dags/example_branch_operator.py took 0.441 seconds
[2021-06-15 03:31:54,344] {scheduler_job.py:182} INFO - Started process (PID=865) to work on /home/airflow/.local/lib/python3.6/site-packages/airflow/example_dags/example_branch_operator.py
[2021-06-15 03:31:54,353] {scheduler_job.py:633} INFO - Processing file /home/airflow/.local/lib/python3.6/site-packages/airflow/example_dags/example_branch_operator.py for tasks to queue
[2021-06-15 03:31:54,360] {logging_mixin.py:104} INFO - [2021-06-15 03:31:54,358] {dagbag.py:487} INFO - Filling up the DagBag from /home/airflow/.local/lib/python3.6/site-packages/airflow/example_dags/example_branch_operator.py
[2021-06-15 03:31:54,434] {scheduler_job.py:643} INFO - DAG(s) dict_keys(['example_branch_operator']) retrieved from /home/airflow/.local/lib/python3.6/site-packages/airflow/example_dags/example_branch_operator.py
[2021-06-15 03:31:54,540] {logging_mixin.py:104} INFO - [2021-06-15 03:31:54,539] {dag.py:1832} INFO - Sync 1 DAGs
[2021-06-15 03:31:54,631] {logging_mixin.py:104} INFO - [2021-06-15 03:31:54,630] {dag.py:2305} INFO - Setting next_dagrun for example_branch_operator to 2021-06-13 00:00:00+00:00
[2021-06-15 03:31:54,680] {scheduler_job.py:190} INFO - Processing /home/airflow/.local/lib/python3.6/site-packages/airflow/example_dags/example_branch_operator.py took 0.358 seconds
[2021-06-15 03:32:25,056] {scheduler_job.py:182} INFO - Started process (PID=932) to work on /home/airflow/.local/lib/python3.6/site-packages/airflow/example_dags/example_branch_operator.py
[2021-06-15 03:32:25,071] {scheduler_job.py:633} INFO - Processing file /home/airflow/.local/lib/python3.6/site-packages/airflow/example_dags/example_branch_operator.py for tasks to queue
[2021-06-15 03:32:25,078] {logging_mixin.py:104} INFO - [2021-06-15 03:32:25,077] {dagbag.py:487} INFO - Filling up the DagBag from /home/airflow/.local/lib/python3.6/site-packages/airflow/example_dags/example_branch_operator.py
[2021-06-15 03:32:25,182] {scheduler_job.py:643} INFO - DAG(s) dict_keys(['example_branch_operator']) retrieved from /home/airflow/.local/lib/python3.6/site-packages/airflow/example_dags/example_branch_operator.py
[2021-06-15 03:32:25,364] {logging_mixin.py:104} INFO - [2021-06-15 03:32:25,363] {dag.py:1832} INFO - Sync 1 DAGs
[2021-06-15 03:32:25,512] {logging_mixin.py:104} INFO - [2021-06-15 03:32:25,511] {dag.py:2305} INFO - Setting next_dagrun for example_branch_operator to 2021-06-13 00:00:00+00:00
[2021-06-15 03:32:25,574] {scheduler_job.py:190} INFO - Processing /home/airflow/.local/lib/python3.6/site-packages/airflow/example_dags/example_branch_operator.py took 0.547 seconds
[2021-06-15 03:32:55,679] {scheduler_job.py:182} INFO - Started process (PID=999) to work on /home/airflow/.local/lib/python3.6/site-packages/airflow/example_dags/example_branch_operator.py
[2021-06-15 03:32:55,696] {scheduler_job.py:633} INFO - Processing file /home/airflow/.local/lib/python3.6/site-packages/airflow/example_dags/example_branch_operator.py for tasks to queue
[2021-06-15 03:32:55,710] {logging_mixin.py:104} INFO - [2021-06-15 03:32:55,709] {dagbag.py:487} INFO - Filling up the DagBag from /home/airflow/.local/lib/python3.6/site-packages/airflow/example_dags/example_branch_operator.py
[2021-06-15 03:32:55,803] {scheduler_job.py:643} INFO - DAG(s) dict_keys(['example_branch_operator']) retrieved from /home/airflow/.local/lib/python3.6/site-packages/airflow/example_dags/example_branch_operator.py
[2021-06-15 03:32:55,924] {logging_mixin.py:104} INFO - [2021-06-15 03:32:55,924] {dag.py:1832} INFO - Sync 1 DAGs
[2021-06-15 03:32:56,022] {logging_mixin.py:104} INFO - [2021-06-15 03:32:56,022] {dag.py:2305} INFO - Setting next_dagrun for example_branch_operator to 2021-06-13 00:00:00+00:00
[2021-06-15 03:32:56,067] {scheduler_job.py:190} INFO - Processing /home/airflow/.local/lib/python3.6/site-packages/airflow/example_dags/example_branch_operator.py took 0.406 seconds
[2021-06-15 03:33:26,179] {scheduler_job.py:182} INFO - Started process (PID=1058) to work on /home/airflow/.local/lib/python3.6/site-packages/airflow/example_dags/example_branch_operator.py
[2021-06-15 03:33:26,186] {scheduler_job.py:633} INFO - Processing file /home/airflow/.local/lib/python3.6/site-packages/airflow/example_dags/example_branch_operator.py for tasks to queue
[2021-06-15 03:33:26,191] {logging_mixin.py:104} INFO - [2021-06-15 03:33:26,191] {dagbag.py:487} INFO - Filling up the DagBag from /home/airflow/.local/lib/python3.6/site-packages/airflow/example_dags/example_branch_operator.py
[2021-06-15 03:33:26,257] {scheduler_job.py:643} INFO - DAG(s) dict_keys(['example_branch_operator']) retrieved from /home/airflow/.local/lib/python3.6/site-packages/airflow/example_dags/example_branch_operator.py
[2021-06-15 03:33:26,355] {logging_mixin.py:104} INFO - [2021-06-15 03:33:26,355] {dag.py:1832} INFO - Sync 1 DAGs
[2021-06-15 03:33:26,427] {logging_mixin.py:104} INFO - [2021-06-15 03:33:26,427] {dag.py:2305} INFO - Setting next_dagrun for example_branch_operator to 2021-06-13 00:00:00+00:00
[2021-06-15 03:33:26,470] {scheduler_job.py:190} INFO - Processing /home/airflow/.local/lib/python3.6/site-packages/airflow/example_dags/example_branch_operator.py took 0.307 seconds
[2021-06-15 03:33:57,045] {scheduler_job.py:182} INFO - Started process (PID=1116) to work on /home/airflow/.local/lib/python3.6/site-packages/airflow/example_dags/example_branch_operator.py
[2021-06-15 03:33:57,054] {scheduler_job.py:633} INFO - Processing file /home/airflow/.local/lib/python3.6/site-packages/airflow/example_dags/example_branch_operator.py for tasks to queue
[2021-06-15 03:33:57,059] {logging_mixin.py:104} INFO - [2021-06-15 03:33:57,059] {dagbag.py:487} INFO - Filling up the DagBag from /home/airflow/.local/lib/python3.6/site-packages/airflow/example_dags/example_branch_operator.py
[2021-06-15 03:33:57,135] {scheduler_job.py:643} INFO - DAG(s) dict_keys(['example_branch_operator']) retrieved from /home/airflow/.local/lib/python3.6/site-packages/airflow/example_dags/example_branch_operator.py
[2021-06-15 03:33:57,231] {logging_mixin.py:104} INFO - [2021-06-15 03:33:57,230] {dag.py:1832} INFO - Sync 1 DAGs
[2021-06-15 03:33:57,302] {logging_mixin.py:104} INFO - [2021-06-15 03:33:57,301] {dag.py:2305} INFO - Setting next_dagrun for example_branch_operator to 2021-06-13 00:00:00+00:00
[2021-06-15 03:33:57,343] {scheduler_job.py:190} INFO - Processing /home/airflow/.local/lib/python3.6/site-packages/airflow/example_dags/example_branch_operator.py took 0.312 seconds
[2021-06-15 03:34:27,782] {scheduler_job.py:182} INFO - Started process (PID=1184) to work on /home/airflow/.local/lib/python3.6/site-packages/airflow/example_dags/example_branch_operator.py
[2021-06-15 03:34:27,790] {scheduler_job.py:633} INFO - Processing file /home/airflow/.local/lib/python3.6/site-packages/airflow/example_dags/example_branch_operator.py for tasks to queue
[2021-06-15 03:34:27,795] {logging_mixin.py:104} INFO - [2021-06-15 03:34:27,794] {dagbag.py:487} INFO - Filling up the DagBag from /home/airflow/.local/lib/python3.6/site-packages/airflow/example_dags/example_branch_operator.py
[2021-06-15 03:34:27,895] {scheduler_job.py:643} INFO - DAG(s) dict_keys(['example_branch_operator']) retrieved from /home/airflow/.local/lib/python3.6/site-packages/airflow/example_dags/example_branch_operator.py
[2021-06-15 03:34:28,020] {logging_mixin.py:104} INFO - [2021-06-15 03:34:28,020] {dag.py:1832} INFO - Sync 1 DAGs
[2021-06-15 03:34:28,094] {logging_mixin.py:104} INFO - [2021-06-15 03:34:28,093] {dag.py:2305} INFO - Setting next_dagrun for example_branch_operator to 2021-06-13 00:00:00+00:00
[2021-06-15 03:34:28,142] {scheduler_job.py:190} INFO - Processing /home/airflow/.local/lib/python3.6/site-packages/airflow/example_dags/example_branch_operator.py took 0.377 seconds
[2021-06-15 03:34:58,282] {scheduler_job.py:182} INFO - Started process (PID=1250) to work on /home/airflow/.local/lib/python3.6/site-packages/airflow/example_dags/example_branch_operator.py
[2021-06-15 03:34:58,298] {scheduler_job.py:633} INFO - Processing file /home/airflow/.local/lib/python3.6/site-packages/airflow/example_dags/example_branch_operator.py for tasks to queue
[2021-06-15 03:34:58,306] {logging_mixin.py:104} INFO - [2021-06-15 03:34:58,305] {dagbag.py:487} INFO - Filling up the DagBag from /home/airflow/.local/lib/python3.6/site-packages/airflow/example_dags/example_branch_operator.py
[2021-06-15 03:34:58,427] {scheduler_job.py:643} INFO - DAG(s) dict_keys(['example_branch_operator']) retrieved from /home/airflow/.local/lib/python3.6/site-packages/airflow/example_dags/example_branch_operator.py
[2021-06-15 03:34:58,528] {logging_mixin.py:104} INFO - [2021-06-15 03:34:58,528] {dag.py:1832} INFO - Sync 1 DAGs
[2021-06-15 03:34:58,616] {logging_mixin.py:104} INFO - [2021-06-15 03:34:58,615] {dag.py:2305} INFO - Setting next_dagrun for example_branch_operator to 2021-06-13 00:00:00+00:00
[2021-06-15 03:34:58,700] {scheduler_job.py:190} INFO - Processing /home/airflow/.local/lib/python3.6/site-packages/airflow/example_dags/example_branch_operator.py took 0.456 seconds
[2021-06-15 03:35:28,861] {scheduler_job.py:182} INFO - Started process (PID=1310) to work on /home/airflow/.local/lib/python3.6/site-packages/airflow/example_dags/example_branch_operator.py
[2021-06-15 03:35:28,871] {scheduler_job.py:633} INFO - Processing file /home/airflow/.local/lib/python3.6/site-packages/airflow/example_dags/example_branch_operator.py for tasks to queue
[2021-06-15 03:35:28,876] {logging_mixin.py:104} INFO - [2021-06-15 03:35:28,876] {dagbag.py:487} INFO - Filling up the DagBag from /home/airflow/.local/lib/python3.6/site-packages/airflow/example_dags/example_branch_operator.py
[2021-06-15 03:35:28,973] {scheduler_job.py:643} INFO - DAG(s) dict_keys(['example_branch_operator']) retrieved from /home/airflow/.local/lib/python3.6/site-packages/airflow/example_dags/example_branch_operator.py
[2021-06-15 03:35:29,123] {logging_mixin.py:104} INFO - [2021-06-15 03:35:29,123] {dag.py:1832} INFO - Sync 1 DAGs
[2021-06-15 03:35:29,222] {logging_mixin.py:104} INFO - [2021-06-15 03:35:29,221] {dag.py:2305} INFO - Setting next_dagrun for example_branch_operator to 2021-06-13 00:00:00+00:00
[2021-06-15 03:35:29,264] {scheduler_job.py:190} INFO - Processing /home/airflow/.local/lib/python3.6/site-packages/airflow/example_dags/example_branch_operator.py took 0.421 seconds
[2021-06-15 03:36:00,112] {scheduler_job.py:182} INFO - Started process (PID=1367) to work on /home/airflow/.local/lib/python3.6/site-packages/airflow/example_dags/example_branch_operator.py
[2021-06-15 03:36:00,123] {scheduler_job.py:633} INFO - Processing file /home/airflow/.local/lib/python3.6/site-packages/airflow/example_dags/example_branch_operator.py for tasks to queue
[2021-06-15 03:36:00,131] {logging_mixin.py:104} INFO - [2021-06-15 03:36:00,130] {dagbag.py:487} INFO - Filling up the DagBag from /home/airflow/.local/lib/python3.6/site-packages/airflow/example_dags/example_branch_operator.py
[2021-06-15 03:36:00,199] {scheduler_job.py:643} INFO - DAG(s) dict_keys(['example_branch_operator']) retrieved from /home/airflow/.local/lib/python3.6/site-packages/airflow/example_dags/example_branch_operator.py
[2021-06-15 03:36:00,362] {logging_mixin.py:104} INFO - [2021-06-15 03:36:00,361] {dag.py:1832} INFO - Sync 1 DAGs
[2021-06-15 03:36:00,470] {logging_mixin.py:104} INFO - [2021-06-15 03:36:00,470] {dag.py:2305} INFO - Setting next_dagrun for example_branch_operator to 2021-06-13 00:00:00+00:00
[2021-06-15 03:36:00,516] {scheduler_job.py:190} INFO - Processing /home/airflow/.local/lib/python3.6/site-packages/airflow/example_dags/example_branch_operator.py took 0.421 seconds
[2021-06-15 03:36:30,907] {scheduler_job.py:182} INFO - Started process (PID=1434) to work on /home/airflow/.local/lib/python3.6/site-packages/airflow/example_dags/example_branch_operator.py
[2021-06-15 03:36:30,919] {scheduler_job.py:633} INFO - Processing file /home/airflow/.local/lib/python3.6/site-packages/airflow/example_dags/example_branch_operator.py for tasks to queue
[2021-06-15 03:36:30,928] {logging_mixin.py:104} INFO - [2021-06-15 03:36:30,927] {dagbag.py:487} INFO - Filling up the DagBag from /home/airflow/.local/lib/python3.6/site-packages/airflow/example_dags/example_branch_operator.py
[2021-06-15 03:36:31,055] {scheduler_job.py:643} INFO - DAG(s) dict_keys(['example_branch_operator']) retrieved from /home/airflow/.local/lib/python3.6/site-packages/airflow/example_dags/example_branch_operator.py
[2021-06-15 03:36:31,217] {logging_mixin.py:104} INFO - [2021-06-15 03:36:31,217] {dag.py:1832} INFO - Sync 1 DAGs
[2021-06-15 03:36:31,335] {logging_mixin.py:104} INFO - [2021-06-15 03:36:31,335] {dag.py:2305} INFO - Setting next_dagrun for example_branch_operator to 2021-06-13 00:00:00+00:00
[2021-06-15 03:36:31,405] {scheduler_job.py:190} INFO - Processing /home/airflow/.local/lib/python3.6/site-packages/airflow/example_dags/example_branch_operator.py took 0.523 seconds
[2021-06-15 03:37:02,021] {scheduler_job.py:182} INFO - Started process (PID=1502) to work on /home/airflow/.local/lib/python3.6/site-packages/airflow/example_dags/example_branch_operator.py
[2021-06-15 03:37:02,030] {scheduler_job.py:633} INFO - Processing file /home/airflow/.local/lib/python3.6/site-packages/airflow/example_dags/example_branch_operator.py for tasks to queue
[2021-06-15 03:37:02,038] {logging_mixin.py:104} INFO - [2021-06-15 03:37:02,037] {dagbag.py:487} INFO - Filling up the DagBag from /home/airflow/.local/lib/python3.6/site-packages/airflow/example_dags/example_branch_operator.py
[2021-06-15 03:37:02,115] {scheduler_job.py:643} INFO - DAG(s) dict_keys(['example_branch_operator']) retrieved from /home/airflow/.local/lib/python3.6/site-packages/airflow/example_dags/example_branch_operator.py
[2021-06-15 03:37:02,212] {logging_mixin.py:104} INFO - [2021-06-15 03:37:02,212] {dag.py:1832} INFO - Sync 1 DAGs
[2021-06-15 03:37:02,308] {logging_mixin.py:104} INFO - [2021-06-15 03:37:02,308] {dag.py:2305} INFO - Setting next_dagrun for example_branch_operator to 2021-06-13 00:00:00+00:00
[2021-06-15 03:37:02,367] {scheduler_job.py:190} INFO - Processing /home/airflow/.local/lib/python3.6/site-packages/airflow/example_dags/example_branch_operator.py took 0.364 seconds
[2021-06-15 03:37:32,752] {scheduler_job.py:182} INFO - Started process (PID=1562) to work on /home/airflow/.local/lib/python3.6/site-packages/airflow/example_dags/example_branch_operator.py
[2021-06-15 03:37:32,763] {scheduler_job.py:633} INFO - Processing file /home/airflow/.local/lib/python3.6/site-packages/airflow/example_dags/example_branch_operator.py for tasks to queue
[2021-06-15 03:37:32,769] {logging_mixin.py:104} INFO - [2021-06-15 03:37:32,769] {dagbag.py:487} INFO - Filling up the DagBag from /home/airflow/.local/lib/python3.6/site-packages/airflow/example_dags/example_branch_operator.py
[2021-06-15 03:37:32,836] {scheduler_job.py:643} INFO - DAG(s) dict_keys(['example_branch_operator']) retrieved from /home/airflow/.local/lib/python3.6/site-packages/airflow/example_dags/example_branch_operator.py
[2021-06-15 03:37:32,958] {logging_mixin.py:104} INFO - [2021-06-15 03:37:32,958] {dag.py:1832} INFO - Sync 1 DAGs
[2021-06-15 03:37:33,059] {logging_mixin.py:104} INFO - [2021-06-15 03:37:33,059] {dag.py:2305} INFO - Setting next_dagrun for example_branch_operator to 2021-06-13 00:00:00+00:00
[2021-06-15 03:37:33,130] {scheduler_job.py:190} INFO - Processing /home/airflow/.local/lib/python3.6/site-packages/airflow/example_dags/example_branch_operator.py took 0.398 seconds
[2021-06-15 03:38:03,272] {scheduler_job.py:182} INFO - Started process (PID=1628) to work on /home/airflow/.local/lib/python3.6/site-packages/airflow/example_dags/example_branch_operator.py
[2021-06-15 03:38:03,280] {scheduler_job.py:633} INFO - Processing file /home/airflow/.local/lib/python3.6/site-packages/airflow/example_dags/example_branch_operator.py for tasks to queue
[2021-06-15 03:38:03,286] {logging_mixin.py:104} INFO - [2021-06-15 03:38:03,285] {dagbag.py:487} INFO - Filling up the DagBag from /home/airflow/.local/lib/python3.6/site-packages/airflow/example_dags/example_branch_operator.py
[2021-06-15 03:38:03,355] {scheduler_job.py:643} INFO - DAG(s) dict_keys(['example_branch_operator']) retrieved from /home/airflow/.local/lib/python3.6/site-packages/airflow/example_dags/example_branch_operator.py
[2021-06-15 03:38:03,462] {logging_mixin.py:104} INFO - [2021-06-15 03:38:03,462] {dag.py:1832} INFO - Sync 1 DAGs
[2021-06-15 03:38:03,543] {logging_mixin.py:104} INFO - [2021-06-15 03:38:03,543] {dag.py:2305} INFO - Setting next_dagrun for example_branch_operator to 2021-06-13 00:00:00+00:00
[2021-06-15 03:38:03,598] {scheduler_job.py:190} INFO - Processing /home/airflow/.local/lib/python3.6/site-packages/airflow/example_dags/example_branch_operator.py took 0.350 seconds
[2021-06-15 03:38:34,196] {scheduler_job.py:182} INFO - Started process (PID=1685) to work on /home/airflow/.local/lib/python3.6/site-packages/airflow/example_dags/example_branch_operator.py
[2021-06-15 03:38:34,202] {scheduler_job.py:633} INFO - Processing file /home/airflow/.local/lib/python3.6/site-packages/airflow/example_dags/example_branch_operator.py for tasks to queue
[2021-06-15 03:38:34,208] {logging_mixin.py:104} INFO - [2021-06-15 03:38:34,207] {dagbag.py:487} INFO - Filling up the DagBag from /home/airflow/.local/lib/python3.6/site-packages/airflow/example_dags/example_branch_operator.py
[2021-06-15 03:38:34,277] {scheduler_job.py:643} INFO - DAG(s) dict_keys(['example_branch_operator']) retrieved from /home/airflow/.local/lib/python3.6/site-packages/airflow/example_dags/example_branch_operator.py
[2021-06-15 03:38:34,398] {logging_mixin.py:104} INFO - [2021-06-15 03:38:34,398] {dag.py:1832} INFO - Sync 1 DAGs
[2021-06-15 03:38:34,552] {logging_mixin.py:104} INFO - [2021-06-15 03:38:34,551] {dag.py:2305} INFO - Setting next_dagrun for example_branch_operator to 2021-06-13 00:00:00+00:00
[2021-06-15 03:38:34,636] {scheduler_job.py:190} INFO - Processing /home/airflow/.local/lib/python3.6/site-packages/airflow/example_dags/example_branch_operator.py took 0.455 seconds
[2021-06-15 03:39:05,030] {scheduler_job.py:182} INFO - Started process (PID=1751) to work on /home/airflow/.local/lib/python3.6/site-packages/airflow/example_dags/example_branch_operator.py
[2021-06-15 03:39:05,038] {scheduler_job.py:633} INFO - Processing file /home/airflow/.local/lib/python3.6/site-packages/airflow/example_dags/example_branch_operator.py for tasks to queue
[2021-06-15 03:39:05,045] {logging_mixin.py:104} INFO - [2021-06-15 03:39:05,044] {dagbag.py:487} INFO - Filling up the DagBag from /home/airflow/.local/lib/python3.6/site-packages/airflow/example_dags/example_branch_operator.py
[2021-06-15 03:39:05,117] {scheduler_job.py:643} INFO - DAG(s) dict_keys(['example_branch_operator']) retrieved from /home/airflow/.local/lib/python3.6/site-packages/airflow/example_dags/example_branch_operator.py
[2021-06-15 03:39:05,286] {logging_mixin.py:104} INFO - [2021-06-15 03:39:05,286] {dag.py:1832} INFO - Sync 1 DAGs
[2021-06-15 03:39:05,395] {logging_mixin.py:104} INFO - [2021-06-15 03:39:05,395] {dag.py:2305} INFO - Setting next_dagrun for example_branch_operator to 2021-06-13 00:00:00+00:00
[2021-06-15 03:39:05,446] {scheduler_job.py:190} INFO - Processing /home/airflow/.local/lib/python3.6/site-packages/airflow/example_dags/example_branch_operator.py took 0.437 seconds
[2021-06-15 03:39:35,713] {scheduler_job.py:182} INFO - Started process (PID=1819) to work on /home/airflow/.local/lib/python3.6/site-packages/airflow/example_dags/example_branch_operator.py
[2021-06-15 03:39:35,724] {scheduler_job.py:633} INFO - Processing file /home/airflow/.local/lib/python3.6/site-packages/airflow/example_dags/example_branch_operator.py for tasks to queue
[2021-06-15 03:39:35,731] {logging_mixin.py:104} INFO - [2021-06-15 03:39:35,730] {dagbag.py:487} INFO - Filling up the DagBag from /home/airflow/.local/lib/python3.6/site-packages/airflow/example_dags/example_branch_operator.py
[2021-06-15 03:39:35,844] {scheduler_job.py:643} INFO - DAG(s) dict_keys(['example_branch_operator']) retrieved from /home/airflow/.local/lib/python3.6/site-packages/airflow/example_dags/example_branch_operator.py
[2021-06-15 03:39:36,009] {logging_mixin.py:104} INFO - [2021-06-15 03:39:36,007] {dag.py:1832} INFO - Sync 1 DAGs
[2021-06-15 03:39:36,171] {logging_mixin.py:104} INFO - [2021-06-15 03:39:36,170] {dag.py:2305} INFO - Setting next_dagrun for example_branch_operator to 2021-06-13 00:00:00+00:00
[2021-06-15 03:39:36,248] {scheduler_job.py:190} INFO - Processing /home/airflow/.local/lib/python3.6/site-packages/airflow/example_dags/example_branch_operator.py took 0.562 seconds
[2021-06-15 03:40:06,646] {scheduler_job.py:182} INFO - Started process (PID=1877) to work on /home/airflow/.local/lib/python3.6/site-packages/airflow/example_dags/example_branch_operator.py
[2021-06-15 03:40:06,656] {scheduler_job.py:633} INFO - Processing file /home/airflow/.local/lib/python3.6/site-packages/airflow/example_dags/example_branch_operator.py for tasks to queue
[2021-06-15 03:40:06,663] {logging_mixin.py:104} INFO - [2021-06-15 03:40:06,662] {dagbag.py:487} INFO - Filling up the DagBag from /home/airflow/.local/lib/python3.6/site-packages/airflow/example_dags/example_branch_operator.py
[2021-06-15 03:40:06,775] {scheduler_job.py:643} INFO - DAG(s) dict_keys(['example_branch_operator']) retrieved from /home/airflow/.local/lib/python3.6/site-packages/airflow/example_dags/example_branch_operator.py
[2021-06-15 03:40:06,937] {logging_mixin.py:104} INFO - [2021-06-15 03:40:06,937] {dag.py:1832} INFO - Sync 1 DAGs
[2021-06-15 03:40:07,064] {logging_mixin.py:104} INFO - [2021-06-15 03:40:07,064] {dag.py:2305} INFO - Setting next_dagrun for example_branch_operator to 2021-06-13 00:00:00+00:00
[2021-06-15 03:40:07,130] {scheduler_job.py:190} INFO - Processing /home/airflow/.local/lib/python3.6/site-packages/airflow/example_dags/example_branch_operator.py took 0.506 seconds
[2021-06-15 03:40:37,298] {scheduler_job.py:182} INFO - Started process (PID=1935) to work on /home/airflow/.local/lib/python3.6/site-packages/airflow/example_dags/example_branch_operator.py
[2021-06-15 03:40:37,310] {scheduler_job.py:633} INFO - Processing file /home/airflow/.local/lib/python3.6/site-packages/airflow/example_dags/example_branch_operator.py for tasks to queue
[2021-06-15 03:40:37,319] {logging_mixin.py:104} INFO - [2021-06-15 03:40:37,318] {dagbag.py:487} INFO - Filling up the DagBag from /home/airflow/.local/lib/python3.6/site-packages/airflow/example_dags/example_branch_operator.py
[2021-06-15 03:40:37,483] {scheduler_job.py:643} INFO - DAG(s) dict_keys(['example_branch_operator']) retrieved from /home/airflow/.local/lib/python3.6/site-packages/airflow/example_dags/example_branch_operator.py
[2021-06-15 03:40:37,669] {logging_mixin.py:104} INFO - [2021-06-15 03:40:37,669] {dag.py:1832} INFO - Sync 1 DAGs
[2021-06-15 03:40:37,829] {logging_mixin.py:104} INFO - [2021-06-15 03:40:37,828] {dag.py:2305} INFO - Setting next_dagrun for example_branch_operator to 2021-06-13 00:00:00+00:00
[2021-06-15 03:40:37,900] {scheduler_job.py:190} INFO - Processing /home/airflow/.local/lib/python3.6/site-packages/airflow/example_dags/example_branch_operator.py took 0.630 seconds
[2021-06-15 03:41:08,211] {scheduler_job.py:182} INFO - Started process (PID=2003) to work on /home/airflow/.local/lib/python3.6/site-packages/airflow/example_dags/example_branch_operator.py
[2021-06-15 03:41:08,231] {scheduler_job.py:633} INFO - Processing file /home/airflow/.local/lib/python3.6/site-packages/airflow/example_dags/example_branch_operator.py for tasks to queue
[2021-06-15 03:41:08,246] {logging_mixin.py:104} INFO - [2021-06-15 03:41:08,244] {dagbag.py:487} INFO - Filling up the DagBag from /home/airflow/.local/lib/python3.6/site-packages/airflow/example_dags/example_branch_operator.py
[2021-06-15 03:41:08,334] {scheduler_job.py:643} INFO - DAG(s) dict_keys(['example_branch_operator']) retrieved from /home/airflow/.local/lib/python3.6/site-packages/airflow/example_dags/example_branch_operator.py
[2021-06-15 03:41:08,463] {logging_mixin.py:104} INFO - [2021-06-15 03:41:08,463] {dag.py:1832} INFO - Sync 1 DAGs
[2021-06-15 03:41:08,556] {logging_mixin.py:104} INFO - [2021-06-15 03:41:08,555] {dag.py:2305} INFO - Setting next_dagrun for example_branch_operator to 2021-06-13 00:00:00+00:00
[2021-06-15 03:41:08,609] {scheduler_job.py:190} INFO - Processing /home/airflow/.local/lib/python3.6/site-packages/airflow/example_dags/example_branch_operator.py took 0.423 seconds
[2021-06-15 03:41:39,214] {scheduler_job.py:182} INFO - Started process (PID=2063) to work on /home/airflow/.local/lib/python3.6/site-packages/airflow/example_dags/example_branch_operator.py
[2021-06-15 03:41:39,222] {scheduler_job.py:633} INFO - Processing file /home/airflow/.local/lib/python3.6/site-packages/airflow/example_dags/example_branch_operator.py for tasks to queue
[2021-06-15 03:41:39,228] {logging_mixin.py:104} INFO - [2021-06-15 03:41:39,227] {dagbag.py:487} INFO - Filling up the DagBag from /home/airflow/.local/lib/python3.6/site-packages/airflow/example_dags/example_branch_operator.py
[2021-06-15 03:41:39,303] {scheduler_job.py:643} INFO - DAG(s) dict_keys(['example_branch_operator']) retrieved from /home/airflow/.local/lib/python3.6/site-packages/airflow/example_dags/example_branch_operator.py
[2021-06-15 03:41:39,416] {logging_mixin.py:104} INFO - [2021-06-15 03:41:39,415] {dag.py:1832} INFO - Sync 1 DAGs
[2021-06-15 03:41:39,505] {logging_mixin.py:104} INFO - [2021-06-15 03:41:39,504] {dag.py:2305} INFO - Setting next_dagrun for example_branch_operator to 2021-06-13 00:00:00+00:00
[2021-06-15 03:41:39,558] {scheduler_job.py:190} INFO - Processing /home/airflow/.local/lib/python3.6/site-packages/airflow/example_dags/example_branch_operator.py took 0.363 seconds
[2021-06-15 03:42:10,180] {scheduler_job.py:182} INFO - Started process (PID=2120) to work on /home/airflow/.local/lib/python3.6/site-packages/airflow/example_dags/example_branch_operator.py
[2021-06-15 03:42:10,190] {scheduler_job.py:633} INFO - Processing file /home/airflow/.local/lib/python3.6/site-packages/airflow/example_dags/example_branch_operator.py for tasks to queue
[2021-06-15 03:42:10,196] {logging_mixin.py:104} INFO - [2021-06-15 03:42:10,195] {dagbag.py:487} INFO - Filling up the DagBag from /home/airflow/.local/lib/python3.6/site-packages/airflow/example_dags/example_branch_operator.py
[2021-06-15 03:42:10,269] {scheduler_job.py:643} INFO - DAG(s) dict_keys(['example_branch_operator']) retrieved from /home/airflow/.local/lib/python3.6/site-packages/airflow/example_dags/example_branch_operator.py
[2021-06-15 03:42:10,392] {logging_mixin.py:104} INFO - [2021-06-15 03:42:10,392] {dag.py:1832} INFO - Sync 1 DAGs
[2021-06-15 03:42:10,480] {logging_mixin.py:104} INFO - [2021-06-15 03:42:10,480] {dag.py:2305} INFO - Setting next_dagrun for example_branch_operator to 2021-06-13 00:00:00+00:00
[2021-06-15 03:42:10,531] {scheduler_job.py:190} INFO - Processing /home/airflow/.local/lib/python3.6/site-packages/airflow/example_dags/example_branch_operator.py took 0.368 seconds
[2021-06-15 03:42:40,780] {scheduler_job.py:182} INFO - Started process (PID=2187) to work on /home/airflow/.local/lib/python3.6/site-packages/airflow/example_dags/example_branch_operator.py
[2021-06-15 03:42:40,789] {scheduler_job.py:633} INFO - Processing file /home/airflow/.local/lib/python3.6/site-packages/airflow/example_dags/example_branch_operator.py for tasks to queue
[2021-06-15 03:42:40,796] {logging_mixin.py:104} INFO - [2021-06-15 03:42:40,795] {dagbag.py:487} INFO - Filling up the DagBag from /home/airflow/.local/lib/python3.6/site-packages/airflow/example_dags/example_branch_operator.py
[2021-06-15 03:42:40,888] {scheduler_job.py:643} INFO - DAG(s) dict_keys(['example_branch_operator']) retrieved from /home/airflow/.local/lib/python3.6/site-packages/airflow/example_dags/example_branch_operator.py
[2021-06-15 03:42:41,061] {logging_mixin.py:104} INFO - [2021-06-15 03:42:41,061] {dag.py:1832} INFO - Sync 1 DAGs
[2021-06-15 03:42:41,177] {logging_mixin.py:104} INFO - [2021-06-15 03:42:41,177] {dag.py:2305} INFO - Setting next_dagrun for example_branch_operator to 2021-06-13 00:00:00+00:00
[2021-06-15 03:42:41,239] {scheduler_job.py:190} INFO - Processing /home/airflow/.local/lib/python3.6/site-packages/airflow/example_dags/example_branch_operator.py took 0.476 seconds
[2021-06-15 03:43:11,950] {scheduler_job.py:182} INFO - Started process (PID=2248) to work on /home/airflow/.local/lib/python3.6/site-packages/airflow/example_dags/example_branch_operator.py
[2021-06-15 03:43:11,958] {scheduler_job.py:633} INFO - Processing file /home/airflow/.local/lib/python3.6/site-packages/airflow/example_dags/example_branch_operator.py for tasks to queue
[2021-06-15 03:43:11,965] {logging_mixin.py:104} INFO - [2021-06-15 03:43:11,964] {dagbag.py:487} INFO - Filling up the DagBag from /home/airflow/.local/lib/python3.6/site-packages/airflow/example_dags/example_branch_operator.py
[2021-06-15 03:43:12,034] {scheduler_job.py:643} INFO - DAG(s) dict_keys(['example_branch_operator']) retrieved from /home/airflow/.local/lib/python3.6/site-packages/airflow/example_dags/example_branch_operator.py
[2021-06-15 03:43:12,138] {logging_mixin.py:104} INFO - [2021-06-15 03:43:12,138] {dag.py:1832} INFO - Sync 1 DAGs
[2021-06-15 03:43:12,217] {logging_mixin.py:104} INFO - [2021-06-15 03:43:12,217] {dag.py:2305} INFO - Setting next_dagrun for example_branch_operator to 2021-06-13 00:00:00+00:00
[2021-06-15 03:43:12,262] {scheduler_job.py:190} INFO - Processing /home/airflow/.local/lib/python3.6/site-packages/airflow/example_dags/example_branch_operator.py took 0.326 seconds
[2021-06-15 03:43:42,432] {scheduler_job.py:182} INFO - Started process (PID=2305) to work on /home/airflow/.local/lib/python3.6/site-packages/airflow/example_dags/example_branch_operator.py
[2021-06-15 03:43:42,442] {scheduler_job.py:633} INFO - Processing file /home/airflow/.local/lib/python3.6/site-packages/airflow/example_dags/example_branch_operator.py for tasks to queue
[2021-06-15 03:43:42,450] {logging_mixin.py:104} INFO - [2021-06-15 03:43:42,449] {dagbag.py:487} INFO - Filling up the DagBag from /home/airflow/.local/lib/python3.6/site-packages/airflow/example_dags/example_branch_operator.py
[2021-06-15 03:43:42,548] {scheduler_job.py:643} INFO - DAG(s) dict_keys(['example_branch_operator']) retrieved from /home/airflow/.local/lib/python3.6/site-packages/airflow/example_dags/example_branch_operator.py
[2021-06-15 03:43:42,668] {logging_mixin.py:104} INFO - [2021-06-15 03:43:42,667] {dag.py:1832} INFO - Sync 1 DAGs
[2021-06-15 03:43:42,750] {logging_mixin.py:104} INFO - [2021-06-15 03:43:42,749] {dag.py:2305} INFO - Setting next_dagrun for example_branch_operator to 2021-06-13 00:00:00+00:00
[2021-06-15 03:43:42,805] {scheduler_job.py:190} INFO - Processing /home/airflow/.local/lib/python3.6/site-packages/airflow/example_dags/example_branch_operator.py took 0.408 seconds
[2021-06-15 03:44:13,605] {scheduler_job.py:182} INFO - Started process (PID=2372) to work on /home/airflow/.local/lib/python3.6/site-packages/airflow/example_dags/example_branch_operator.py
[2021-06-15 03:44:13,614] {scheduler_job.py:633} INFO - Processing file /home/airflow/.local/lib/python3.6/site-packages/airflow/example_dags/example_branch_operator.py for tasks to queue
[2021-06-15 03:44:13,621] {logging_mixin.py:104} INFO - [2021-06-15 03:44:13,620] {dagbag.py:487} INFO - Filling up the DagBag from /home/airflow/.local/lib/python3.6/site-packages/airflow/example_dags/example_branch_operator.py
[2021-06-15 03:44:13,703] {scheduler_job.py:643} INFO - DAG(s) dict_keys(['example_branch_operator']) retrieved from /home/airflow/.local/lib/python3.6/site-packages/airflow/example_dags/example_branch_operator.py
[2021-06-15 03:44:13,812] {logging_mixin.py:104} INFO - [2021-06-15 03:44:13,812] {dag.py:1832} INFO - Sync 1 DAGs
[2021-06-15 03:44:13,924] {logging_mixin.py:104} INFO - [2021-06-15 03:44:13,923] {dag.py:2305} INFO - Setting next_dagrun for example_branch_operator to 2021-06-13 00:00:00+00:00
[2021-06-15 03:44:14,003] {scheduler_job.py:190} INFO - Processing /home/airflow/.local/lib/python3.6/site-packages/airflow/example_dags/example_branch_operator.py took 0.418 seconds
[2021-06-15 03:44:44,594] {scheduler_job.py:182} INFO - Started process (PID=2440) to work on /home/airflow/.local/lib/python3.6/site-packages/airflow/example_dags/example_branch_operator.py
[2021-06-15 03:44:44,602] {scheduler_job.py:633} INFO - Processing file /home/airflow/.local/lib/python3.6/site-packages/airflow/example_dags/example_branch_operator.py for tasks to queue
[2021-06-15 03:44:44,610] {logging_mixin.py:104} INFO - [2021-06-15 03:44:44,609] {dagbag.py:487} INFO - Filling up the DagBag from /home/airflow/.local/lib/python3.6/site-packages/airflow/example_dags/example_branch_operator.py
[2021-06-15 03:44:44,728] {scheduler_job.py:643} INFO - DAG(s) dict_keys(['example_branch_operator']) retrieved from /home/airflow/.local/lib/python3.6/site-packages/airflow/example_dags/example_branch_operator.py
[2021-06-15 03:44:44,875] {logging_mixin.py:104} INFO - [2021-06-15 03:44:44,875] {dag.py:1832} INFO - Sync 1 DAGs
[2021-06-15 03:44:44,990] {logging_mixin.py:104} INFO - [2021-06-15 03:44:44,990] {dag.py:2305} INFO - Setting next_dagrun for example_branch_operator to 2021-06-13 00:00:00+00:00
[2021-06-15 03:44:45,047] {scheduler_job.py:190} INFO - Processing /home/airflow/.local/lib/python3.6/site-packages/airflow/example_dags/example_branch_operator.py took 0.489 seconds
[2021-06-15 03:45:15,540] {scheduler_job.py:182} INFO - Started process (PID=2497) to work on /home/airflow/.local/lib/python3.6/site-packages/airflow/example_dags/example_branch_operator.py
[2021-06-15 03:45:15,551] {scheduler_job.py:633} INFO - Processing file /home/airflow/.local/lib/python3.6/site-packages/airflow/example_dags/example_branch_operator.py for tasks to queue
[2021-06-15 03:45:15,559] {logging_mixin.py:104} INFO - [2021-06-15 03:45:15,558] {dagbag.py:487} INFO - Filling up the DagBag from /home/airflow/.local/lib/python3.6/site-packages/airflow/example_dags/example_branch_operator.py
[2021-06-15 03:45:15,688] {scheduler_job.py:643} INFO - DAG(s) dict_keys(['example_branch_operator']) retrieved from /home/airflow/.local/lib/python3.6/site-packages/airflow/example_dags/example_branch_operator.py
[2021-06-15 03:45:15,834] {logging_mixin.py:104} INFO - [2021-06-15 03:45:15,833] {dag.py:1832} INFO - Sync 1 DAGs
[2021-06-15 03:45:15,964] {logging_mixin.py:104} INFO - [2021-06-15 03:45:15,963] {dag.py:2305} INFO - Setting next_dagrun for example_branch_operator to 2021-06-13 00:00:00+00:00
[2021-06-15 03:45:16,043] {scheduler_job.py:190} INFO - Processing /home/airflow/.local/lib/python3.6/site-packages/airflow/example_dags/example_branch_operator.py took 0.536 seconds
[2021-06-15 03:45:46,912] {scheduler_job.py:182} INFO - Started process (PID=2557) to work on /home/airflow/.local/lib/python3.6/site-packages/airflow/example_dags/example_branch_operator.py
[2021-06-15 03:45:46,933] {scheduler_job.py:633} INFO - Processing file /home/airflow/.local/lib/python3.6/site-packages/airflow/example_dags/example_branch_operator.py for tasks to queue
[2021-06-15 03:45:46,941] {logging_mixin.py:104} INFO - [2021-06-15 03:45:46,940] {dagbag.py:487} INFO - Filling up the DagBag from /home/airflow/.local/lib/python3.6/site-packages/airflow/example_dags/example_branch_operator.py
[2021-06-15 03:45:47,047] {scheduler_job.py:643} INFO - DAG(s) dict_keys(['example_branch_operator']) retrieved from /home/airflow/.local/lib/python3.6/site-packages/airflow/example_dags/example_branch_operator.py
[2021-06-15 03:45:47,180] {logging_mixin.py:104} INFO - [2021-06-15 03:45:47,179] {dag.py:1832} INFO - Sync 1 DAGs
[2021-06-15 03:45:47,300] {logging_mixin.py:104} INFO - [2021-06-15 03:45:47,299] {dag.py:2305} INFO - Setting next_dagrun for example_branch_operator to 2021-06-13 00:00:00+00:00
[2021-06-15 03:45:47,358] {scheduler_job.py:190} INFO - Processing /home/airflow/.local/lib/python3.6/site-packages/airflow/example_dags/example_branch_operator.py took 0.476 seconds
[2021-06-15 03:46:18,191] {scheduler_job.py:182} INFO - Started process (PID=2624) to work on /home/airflow/.local/lib/python3.6/site-packages/airflow/example_dags/example_branch_operator.py
[2021-06-15 03:46:18,201] {scheduler_job.py:633} INFO - Processing file /home/airflow/.local/lib/python3.6/site-packages/airflow/example_dags/example_branch_operator.py for tasks to queue
[2021-06-15 03:46:18,207] {logging_mixin.py:104} INFO - [2021-06-15 03:46:18,207] {dagbag.py:487} INFO - Filling up the DagBag from /home/airflow/.local/lib/python3.6/site-packages/airflow/example_dags/example_branch_operator.py
[2021-06-15 03:46:18,275] {scheduler_job.py:643} INFO - DAG(s) dict_keys(['example_branch_operator']) retrieved from /home/airflow/.local/lib/python3.6/site-packages/airflow/example_dags/example_branch_operator.py
[2021-06-15 03:46:18,422] {logging_mixin.py:104} INFO - [2021-06-15 03:46:18,421] {dag.py:1832} INFO - Sync 1 DAGs
[2021-06-15 03:46:18,575] {logging_mixin.py:104} INFO - [2021-06-15 03:46:18,574] {dag.py:2305} INFO - Setting next_dagrun for example_branch_operator to 2021-06-13 00:00:00+00:00
[2021-06-15 03:46:18,649] {scheduler_job.py:190} INFO - Processing /home/airflow/.local/lib/python3.6/site-packages/airflow/example_dags/example_branch_operator.py took 0.474 seconds
[2021-06-15 03:46:48,901] {scheduler_job.py:182} INFO - Started process (PID=2684) to work on /home/airflow/.local/lib/python3.6/site-packages/airflow/example_dags/example_branch_operator.py
[2021-06-15 03:46:48,907] {scheduler_job.py:633} INFO - Processing file /home/airflow/.local/lib/python3.6/site-packages/airflow/example_dags/example_branch_operator.py for tasks to queue
[2021-06-15 03:46:48,913] {logging_mixin.py:104} INFO - [2021-06-15 03:46:48,912] {dagbag.py:487} INFO - Filling up the DagBag from /home/airflow/.local/lib/python3.6/site-packages/airflow/example_dags/example_branch_operator.py
[2021-06-15 03:46:48,973] {scheduler_job.py:643} INFO - DAG(s) dict_keys(['example_branch_operator']) retrieved from /home/airflow/.local/lib/python3.6/site-packages/airflow/example_dags/example_branch_operator.py
[2021-06-15 03:46:49,063] {logging_mixin.py:104} INFO - [2021-06-15 03:46:49,063] {dag.py:1832} INFO - Sync 1 DAGs
[2021-06-15 03:46:49,135] {logging_mixin.py:104} INFO - [2021-06-15 03:46:49,134] {dag.py:2305} INFO - Setting next_dagrun for example_branch_operator to 2021-06-13 00:00:00+00:00
[2021-06-15 03:46:49,176] {scheduler_job.py:190} INFO - Processing /home/airflow/.local/lib/python3.6/site-packages/airflow/example_dags/example_branch_operator.py took 0.287 seconds
[2021-06-15 03:47:19,477] {scheduler_job.py:182} INFO - Started process (PID=2749) to work on /home/airflow/.local/lib/python3.6/site-packages/airflow/example_dags/example_branch_operator.py
[2021-06-15 03:47:19,496] {scheduler_job.py:633} INFO - Processing file /home/airflow/.local/lib/python3.6/site-packages/airflow/example_dags/example_branch_operator.py for tasks to queue
[2021-06-15 03:47:19,505] {logging_mixin.py:104} INFO - [2021-06-15 03:47:19,504] {dagbag.py:487} INFO - Filling up the DagBag from /home/airflow/.local/lib/python3.6/site-packages/airflow/example_dags/example_branch_operator.py
[2021-06-15 03:47:19,624] {scheduler_job.py:643} INFO - DAG(s) dict_keys(['example_branch_operator']) retrieved from /home/airflow/.local/lib/python3.6/site-packages/airflow/example_dags/example_branch_operator.py
[2021-06-15 03:47:19,791] {logging_mixin.py:104} INFO - [2021-06-15 03:47:19,791] {dag.py:1832} INFO - Sync 1 DAGs
[2021-06-15 03:47:19,882] {logging_mixin.py:104} INFO - [2021-06-15 03:47:19,882] {dag.py:2305} INFO - Setting next_dagrun for example_branch_operator to 2021-06-13 00:00:00+00:00
[2021-06-15 03:47:19,929] {scheduler_job.py:190} INFO - Processing /home/airflow/.local/lib/python3.6/site-packages/airflow/example_dags/example_branch_operator.py took 0.472 seconds
[2021-06-15 03:47:50,573] {scheduler_job.py:182} INFO - Started process (PID=2808) to work on /home/airflow/.local/lib/python3.6/site-packages/airflow/example_dags/example_branch_operator.py
[2021-06-15 03:47:50,580] {scheduler_job.py:633} INFO - Processing file /home/airflow/.local/lib/python3.6/site-packages/airflow/example_dags/example_branch_operator.py for tasks to queue
[2021-06-15 03:47:50,584] {logging_mixin.py:104} INFO - [2021-06-15 03:47:50,584] {dagbag.py:487} INFO - Filling up the DagBag from /home/airflow/.local/lib/python3.6/site-packages/airflow/example_dags/example_branch_operator.py
[2021-06-15 03:47:50,647] {scheduler_job.py:643} INFO - DAG(s) dict_keys(['example_branch_operator']) retrieved from /home/airflow/.local/lib/python3.6/site-packages/airflow/example_dags/example_branch_operator.py
[2021-06-15 03:47:50,743] {logging_mixin.py:104} INFO - [2021-06-15 03:47:50,743] {dag.py:1832} INFO - Sync 1 DAGs
[2021-06-15 03:47:50,818] {logging_mixin.py:104} INFO - [2021-06-15 03:47:50,818] {dag.py:2305} INFO - Setting next_dagrun for example_branch_operator to 2021-06-13 00:00:00+00:00
[2021-06-15 03:47:50,858] {scheduler_job.py:190} INFO - Processing /home/airflow/.local/lib/python3.6/site-packages/airflow/example_dags/example_branch_operator.py took 0.298 seconds
[2021-06-15 03:48:21,582] {scheduler_job.py:182} INFO - Started process (PID=2878) to work on /home/airflow/.local/lib/python3.6/site-packages/airflow/example_dags/example_branch_operator.py
[2021-06-15 03:48:21,589] {scheduler_job.py:633} INFO - Processing file /home/airflow/.local/lib/python3.6/site-packages/airflow/example_dags/example_branch_operator.py for tasks to queue
[2021-06-15 03:48:21,599] {logging_mixin.py:104} INFO - [2021-06-15 03:48:21,598] {dagbag.py:487} INFO - Filling up the DagBag from /home/airflow/.local/lib/python3.6/site-packages/airflow/example_dags/example_branch_operator.py
[2021-06-15 03:48:21,664] {scheduler_job.py:643} INFO - DAG(s) dict_keys(['example_branch_operator']) retrieved from /home/airflow/.local/lib/python3.6/site-packages/airflow/example_dags/example_branch_operator.py
[2021-06-15 03:48:21,793] {logging_mixin.py:104} INFO - [2021-06-15 03:48:21,792] {dag.py:1832} INFO - Sync 1 DAGs
[2021-06-15 03:48:21,867] {logging_mixin.py:104} INFO - [2021-06-15 03:48:21,866] {dag.py:2305} INFO - Setting next_dagrun for example_branch_operator to 2021-06-13 00:00:00+00:00
[2021-06-15 03:48:21,908] {scheduler_job.py:190} INFO - Processing /home/airflow/.local/lib/python3.6/site-packages/airflow/example_dags/example_branch_operator.py took 0.350 seconds
[2021-06-15 03:48:52,529] {scheduler_job.py:182} INFO - Started process (PID=2944) to work on /home/airflow/.local/lib/python3.6/site-packages/airflow/example_dags/example_branch_operator.py
[2021-06-15 03:48:52,541] {scheduler_job.py:633} INFO - Processing file /home/airflow/.local/lib/python3.6/site-packages/airflow/example_dags/example_branch_operator.py for tasks to queue
[2021-06-15 03:48:52,551] {logging_mixin.py:104} INFO - [2021-06-15 03:48:52,550] {dagbag.py:487} INFO - Filling up the DagBag from /home/airflow/.local/lib/python3.6/site-packages/airflow/example_dags/example_branch_operator.py
[2021-06-15 03:48:52,663] {scheduler_job.py:643} INFO - DAG(s) dict_keys(['example_branch_operator']) retrieved from /home/airflow/.local/lib/python3.6/site-packages/airflow/example_dags/example_branch_operator.py
[2021-06-15 03:48:52,831] {logging_mixin.py:104} INFO - [2021-06-15 03:48:52,830] {dag.py:1832} INFO - Sync 1 DAGs
[2021-06-15 03:48:53,009] {logging_mixin.py:104} INFO - [2021-06-15 03:48:53,008] {dag.py:2305} INFO - Setting next_dagrun for example_branch_operator to 2021-06-13 00:00:00+00:00
[2021-06-15 03:48:53,086] {scheduler_job.py:190} INFO - Processing /home/airflow/.local/lib/python3.6/site-packages/airflow/example_dags/example_branch_operator.py took 0.585 seconds
[2021-06-15 03:49:23,521] {scheduler_job.py:182} INFO - Started process (PID=3006) to work on /home/airflow/.local/lib/python3.6/site-packages/airflow/example_dags/example_branch_operator.py
[2021-06-15 03:49:23,527] {scheduler_job.py:633} INFO - Processing file /home/airflow/.local/lib/python3.6/site-packages/airflow/example_dags/example_branch_operator.py for tasks to queue
[2021-06-15 03:49:23,533] {logging_mixin.py:104} INFO - [2021-06-15 03:49:23,532] {dagbag.py:487} INFO - Filling up the DagBag from /home/airflow/.local/lib/python3.6/site-packages/airflow/example_dags/example_branch_operator.py
[2021-06-15 03:49:23,595] {scheduler_job.py:643} INFO - DAG(s) dict_keys(['example_branch_operator']) retrieved from /home/airflow/.local/lib/python3.6/site-packages/airflow/example_dags/example_branch_operator.py
[2021-06-15 03:49:23,691] {logging_mixin.py:104} INFO - [2021-06-15 03:49:23,690] {dag.py:1832} INFO - Sync 1 DAGs
[2021-06-15 03:49:23,762] {logging_mixin.py:104} INFO - [2021-06-15 03:49:23,761] {dag.py:2305} INFO - Setting next_dagrun for example_branch_operator to 2021-06-13 00:00:00+00:00
[2021-06-15 03:49:23,801] {scheduler_job.py:190} INFO - Processing /home/airflow/.local/lib/python3.6/site-packages/airflow/example_dags/example_branch_operator.py took 0.295 seconds
