[2021-06-15 03:25:17,694] {scheduler_job.py:182} INFO - Started process (PID=64) to work on /home/airflow/.local/lib/python3.6/site-packages/airflow/example_dags/example_kubernetes_executor_config.py
[2021-06-15 03:25:17,704] {scheduler_job.py:633} INFO - Processing file /home/airflow/.local/lib/python3.6/site-packages/airflow/example_dags/example_kubernetes_executor_config.py for tasks to queue
[2021-06-15 03:25:17,711] {logging_mixin.py:104} INFO - [2021-06-15 03:25:17,711] {dagbag.py:487} INFO - Filling up the DagBag from /home/airflow/.local/lib/python3.6/site-packages/airflow/example_dags/example_kubernetes_executor_config.py
[2021-06-15 03:25:17,823] {scheduler_job.py:643} INFO - DAG(s) dict_keys(['example_kubernetes_executor_config']) retrieved from /home/airflow/.local/lib/python3.6/site-packages/airflow/example_dags/example_kubernetes_executor_config.py
[2021-06-15 03:25:19,307] {logging_mixin.py:104} INFO - [2021-06-15 03:25:19,306] {dag.py:1832} INFO - Sync 1 DAGs
[2021-06-15 03:25:19,409] {logging_mixin.py:104} INFO - [2021-06-15 03:25:19,408] {dag.py:2305} INFO - Setting next_dagrun for example_kubernetes_executor_config to None
[2021-06-15 03:25:19,481] {scheduler_job.py:190} INFO - Processing /home/airflow/.local/lib/python3.6/site-packages/airflow/example_dags/example_kubernetes_executor_config.py took 1.815 seconds
[2021-06-15 03:25:50,122] {scheduler_job.py:182} INFO - Started process (PID=133) to work on /home/airflow/.local/lib/python3.6/site-packages/airflow/example_dags/example_kubernetes_executor_config.py
[2021-06-15 03:25:50,144] {scheduler_job.py:633} INFO - Processing file /home/airflow/.local/lib/python3.6/site-packages/airflow/example_dags/example_kubernetes_executor_config.py for tasks to queue
[2021-06-15 03:25:50,150] {logging_mixin.py:104} INFO - [2021-06-15 03:25:50,150] {dagbag.py:487} INFO - Filling up the DagBag from /home/airflow/.local/lib/python3.6/site-packages/airflow/example_dags/example_kubernetes_executor_config.py
[2021-06-15 03:25:50,293] {scheduler_job.py:643} INFO - DAG(s) dict_keys(['example_kubernetes_executor_config']) retrieved from /home/airflow/.local/lib/python3.6/site-packages/airflow/example_dags/example_kubernetes_executor_config.py
[2021-06-15 03:25:50,471] {logging_mixin.py:104} INFO - [2021-06-15 03:25:50,470] {dag.py:1832} INFO - Sync 1 DAGs
[2021-06-15 03:25:50,588] {logging_mixin.py:104} INFO - [2021-06-15 03:25:50,588] {dag.py:2305} INFO - Setting next_dagrun for example_kubernetes_executor_config to None
[2021-06-15 03:25:50,665] {scheduler_job.py:190} INFO - Processing /home/airflow/.local/lib/python3.6/site-packages/airflow/example_dags/example_kubernetes_executor_config.py took 0.560 seconds
[2021-06-15 03:26:21,191] {scheduler_job.py:182} INFO - Started process (PID=183) to work on /home/airflow/.local/lib/python3.6/site-packages/airflow/example_dags/example_kubernetes_executor_config.py
[2021-06-15 03:26:21,216] {scheduler_job.py:633} INFO - Processing file /home/airflow/.local/lib/python3.6/site-packages/airflow/example_dags/example_kubernetes_executor_config.py for tasks to queue
[2021-06-15 03:26:21,225] {logging_mixin.py:104} INFO - [2021-06-15 03:26:21,224] {dagbag.py:487} INFO - Filling up the DagBag from /home/airflow/.local/lib/python3.6/site-packages/airflow/example_dags/example_kubernetes_executor_config.py
[2021-06-15 03:26:21,347] {scheduler_job.py:643} INFO - DAG(s) dict_keys(['example_kubernetes_executor_config']) retrieved from /home/airflow/.local/lib/python3.6/site-packages/airflow/example_dags/example_kubernetes_executor_config.py
[2021-06-15 03:26:21,591] {logging_mixin.py:104} INFO - [2021-06-15 03:26:21,590] {dag.py:1832} INFO - Sync 1 DAGs
[2021-06-15 03:26:21,723] {logging_mixin.py:104} INFO - [2021-06-15 03:26:21,722] {dag.py:2305} INFO - Setting next_dagrun for example_kubernetes_executor_config to None
[2021-06-15 03:26:21,843] {scheduler_job.py:190} INFO - Processing /home/airflow/.local/lib/python3.6/site-packages/airflow/example_dags/example_kubernetes_executor_config.py took 0.672 seconds
[2021-06-15 03:26:52,117] {scheduler_job.py:182} INFO - Started process (PID=251) to work on /home/airflow/.local/lib/python3.6/site-packages/airflow/example_dags/example_kubernetes_executor_config.py
[2021-06-15 03:26:52,128] {scheduler_job.py:633} INFO - Processing file /home/airflow/.local/lib/python3.6/site-packages/airflow/example_dags/example_kubernetes_executor_config.py for tasks to queue
[2021-06-15 03:26:52,134] {logging_mixin.py:104} INFO - [2021-06-15 03:26:52,133] {dagbag.py:487} INFO - Filling up the DagBag from /home/airflow/.local/lib/python3.6/site-packages/airflow/example_dags/example_kubernetes_executor_config.py
[2021-06-15 03:26:52,198] {scheduler_job.py:643} INFO - DAG(s) dict_keys(['example_kubernetes_executor_config']) retrieved from /home/airflow/.local/lib/python3.6/site-packages/airflow/example_dags/example_kubernetes_executor_config.py
[2021-06-15 03:26:52,323] {logging_mixin.py:104} INFO - [2021-06-15 03:26:52,322] {dag.py:1832} INFO - Sync 1 DAGs
[2021-06-15 03:26:52,401] {logging_mixin.py:104} INFO - [2021-06-15 03:26:52,400] {dag.py:2305} INFO - Setting next_dagrun for example_kubernetes_executor_config to None
[2021-06-15 03:26:52,450] {scheduler_job.py:190} INFO - Processing /home/airflow/.local/lib/python3.6/site-packages/airflow/example_dags/example_kubernetes_executor_config.py took 0.350 seconds
[2021-06-15 03:27:22,953] {scheduler_job.py:182} INFO - Started process (PID=318) to work on /home/airflow/.local/lib/python3.6/site-packages/airflow/example_dags/example_kubernetes_executor_config.py
[2021-06-15 03:27:22,962] {scheduler_job.py:633} INFO - Processing file /home/airflow/.local/lib/python3.6/site-packages/airflow/example_dags/example_kubernetes_executor_config.py for tasks to queue
[2021-06-15 03:27:22,969] {logging_mixin.py:104} INFO - [2021-06-15 03:27:22,968] {dagbag.py:487} INFO - Filling up the DagBag from /home/airflow/.local/lib/python3.6/site-packages/airflow/example_dags/example_kubernetes_executor_config.py
[2021-06-15 03:27:23,040] {scheduler_job.py:643} INFO - DAG(s) dict_keys(['example_kubernetes_executor_config']) retrieved from /home/airflow/.local/lib/python3.6/site-packages/airflow/example_dags/example_kubernetes_executor_config.py
[2021-06-15 03:27:23,181] {logging_mixin.py:104} INFO - [2021-06-15 03:27:23,180] {dag.py:1832} INFO - Sync 1 DAGs
[2021-06-15 03:27:23,271] {logging_mixin.py:104} INFO - [2021-06-15 03:27:23,270] {dag.py:2305} INFO - Setting next_dagrun for example_kubernetes_executor_config to None
[2021-06-15 03:27:23,332] {scheduler_job.py:190} INFO - Processing /home/airflow/.local/lib/python3.6/site-packages/airflow/example_dags/example_kubernetes_executor_config.py took 0.395 seconds
[2021-06-15 03:27:53,488] {scheduler_job.py:182} INFO - Started process (PID=379) to work on /home/airflow/.local/lib/python3.6/site-packages/airflow/example_dags/example_kubernetes_executor_config.py
[2021-06-15 03:27:53,497] {scheduler_job.py:633} INFO - Processing file /home/airflow/.local/lib/python3.6/site-packages/airflow/example_dags/example_kubernetes_executor_config.py for tasks to queue
[2021-06-15 03:27:53,504] {logging_mixin.py:104} INFO - [2021-06-15 03:27:53,504] {dagbag.py:487} INFO - Filling up the DagBag from /home/airflow/.local/lib/python3.6/site-packages/airflow/example_dags/example_kubernetes_executor_config.py
[2021-06-15 03:27:53,582] {scheduler_job.py:643} INFO - DAG(s) dict_keys(['example_kubernetes_executor_config']) retrieved from /home/airflow/.local/lib/python3.6/site-packages/airflow/example_dags/example_kubernetes_executor_config.py
[2021-06-15 03:27:53,700] {logging_mixin.py:104} INFO - [2021-06-15 03:27:53,700] {dag.py:1832} INFO - Sync 1 DAGs
[2021-06-15 03:27:53,782] {logging_mixin.py:104} INFO - [2021-06-15 03:27:53,782] {dag.py:2305} INFO - Setting next_dagrun for example_kubernetes_executor_config to None
[2021-06-15 03:27:53,831] {scheduler_job.py:190} INFO - Processing /home/airflow/.local/lib/python3.6/site-packages/airflow/example_dags/example_kubernetes_executor_config.py took 0.360 seconds
[2021-06-15 03:28:24,330] {scheduler_job.py:182} INFO - Started process (PID=435) to work on /home/airflow/.local/lib/python3.6/site-packages/airflow/example_dags/example_kubernetes_executor_config.py
[2021-06-15 03:28:24,342] {scheduler_job.py:633} INFO - Processing file /home/airflow/.local/lib/python3.6/site-packages/airflow/example_dags/example_kubernetes_executor_config.py for tasks to queue
[2021-06-15 03:28:24,352] {logging_mixin.py:104} INFO - [2021-06-15 03:28:24,351] {dagbag.py:487} INFO - Filling up the DagBag from /home/airflow/.local/lib/python3.6/site-packages/airflow/example_dags/example_kubernetes_executor_config.py
[2021-06-15 03:28:24,492] {scheduler_job.py:643} INFO - DAG(s) dict_keys(['example_kubernetes_executor_config']) retrieved from /home/airflow/.local/lib/python3.6/site-packages/airflow/example_dags/example_kubernetes_executor_config.py
[2021-06-15 03:28:24,648] {logging_mixin.py:104} INFO - [2021-06-15 03:28:24,647] {dag.py:1832} INFO - Sync 1 DAGs
[2021-06-15 03:28:24,737] {logging_mixin.py:104} INFO - [2021-06-15 03:28:24,737] {dag.py:2305} INFO - Setting next_dagrun for example_kubernetes_executor_config to None
[2021-06-15 03:28:24,804] {scheduler_job.py:190} INFO - Processing /home/airflow/.local/lib/python3.6/site-packages/airflow/example_dags/example_kubernetes_executor_config.py took 0.501 seconds
[2021-06-15 03:28:55,092] {scheduler_job.py:182} INFO - Started process (PID=501) to work on /home/airflow/.local/lib/python3.6/site-packages/airflow/example_dags/example_kubernetes_executor_config.py
[2021-06-15 03:28:55,099] {scheduler_job.py:633} INFO - Processing file /home/airflow/.local/lib/python3.6/site-packages/airflow/example_dags/example_kubernetes_executor_config.py for tasks to queue
[2021-06-15 03:28:55,104] {logging_mixin.py:104} INFO - [2021-06-15 03:28:55,104] {dagbag.py:487} INFO - Filling up the DagBag from /home/airflow/.local/lib/python3.6/site-packages/airflow/example_dags/example_kubernetes_executor_config.py
[2021-06-15 03:28:55,168] {scheduler_job.py:643} INFO - DAG(s) dict_keys(['example_kubernetes_executor_config']) retrieved from /home/airflow/.local/lib/python3.6/site-packages/airflow/example_dags/example_kubernetes_executor_config.py
[2021-06-15 03:28:55,274] {logging_mixin.py:104} INFO - [2021-06-15 03:28:55,273] {dag.py:1832} INFO - Sync 1 DAGs
[2021-06-15 03:28:55,347] {logging_mixin.py:104} INFO - [2021-06-15 03:28:55,346] {dag.py:2305} INFO - Setting next_dagrun for example_kubernetes_executor_config to None
[2021-06-15 03:28:55,394] {scheduler_job.py:190} INFO - Processing /home/airflow/.local/lib/python3.6/site-packages/airflow/example_dags/example_kubernetes_executor_config.py took 0.318 seconds
[2021-06-15 03:29:25,729] {scheduler_job.py:182} INFO - Started process (PID=569) to work on /home/airflow/.local/lib/python3.6/site-packages/airflow/example_dags/example_kubernetes_executor_config.py
[2021-06-15 03:29:25,737] {scheduler_job.py:633} INFO - Processing file /home/airflow/.local/lib/python3.6/site-packages/airflow/example_dags/example_kubernetes_executor_config.py for tasks to queue
[2021-06-15 03:29:25,744] {logging_mixin.py:104} INFO - [2021-06-15 03:29:25,743] {dagbag.py:487} INFO - Filling up the DagBag from /home/airflow/.local/lib/python3.6/site-packages/airflow/example_dags/example_kubernetes_executor_config.py
[2021-06-15 03:29:25,825] {scheduler_job.py:643} INFO - DAG(s) dict_keys(['example_kubernetes_executor_config']) retrieved from /home/airflow/.local/lib/python3.6/site-packages/airflow/example_dags/example_kubernetes_executor_config.py
[2021-06-15 03:29:25,937] {logging_mixin.py:104} INFO - [2021-06-15 03:29:25,936] {dag.py:1832} INFO - Sync 1 DAGs
[2021-06-15 03:29:26,011] {logging_mixin.py:104} INFO - [2021-06-15 03:29:26,011] {dag.py:2305} INFO - Setting next_dagrun for example_kubernetes_executor_config to None
[2021-06-15 03:29:26,059] {scheduler_job.py:190} INFO - Processing /home/airflow/.local/lib/python3.6/site-packages/airflow/example_dags/example_kubernetes_executor_config.py took 0.347 seconds
[2021-06-15 03:29:56,544] {scheduler_job.py:182} INFO - Started process (PID=619) to work on /home/airflow/.local/lib/python3.6/site-packages/airflow/example_dags/example_kubernetes_executor_config.py
[2021-06-15 03:29:56,554] {scheduler_job.py:633} INFO - Processing file /home/airflow/.local/lib/python3.6/site-packages/airflow/example_dags/example_kubernetes_executor_config.py for tasks to queue
[2021-06-15 03:29:56,561] {logging_mixin.py:104} INFO - [2021-06-15 03:29:56,560] {dagbag.py:487} INFO - Filling up the DagBag from /home/airflow/.local/lib/python3.6/site-packages/airflow/example_dags/example_kubernetes_executor_config.py
[2021-06-15 03:29:56,685] {scheduler_job.py:643} INFO - DAG(s) dict_keys(['example_kubernetes_executor_config']) retrieved from /home/airflow/.local/lib/python3.6/site-packages/airflow/example_dags/example_kubernetes_executor_config.py
[2021-06-15 03:29:56,850] {logging_mixin.py:104} INFO - [2021-06-15 03:29:56,849] {dag.py:1832} INFO - Sync 1 DAGs
[2021-06-15 03:29:56,933] {logging_mixin.py:104} INFO - [2021-06-15 03:29:56,932] {dag.py:2305} INFO - Setting next_dagrun for example_kubernetes_executor_config to None
[2021-06-15 03:29:56,985] {scheduler_job.py:190} INFO - Processing /home/airflow/.local/lib/python3.6/site-packages/airflow/example_dags/example_kubernetes_executor_config.py took 0.471 seconds
[2021-06-15 03:30:27,203] {scheduler_job.py:182} INFO - Started process (PID=685) to work on /home/airflow/.local/lib/python3.6/site-packages/airflow/example_dags/example_kubernetes_executor_config.py
[2021-06-15 03:30:27,210] {scheduler_job.py:633} INFO - Processing file /home/airflow/.local/lib/python3.6/site-packages/airflow/example_dags/example_kubernetes_executor_config.py for tasks to queue
[2021-06-15 03:30:27,215] {logging_mixin.py:104} INFO - [2021-06-15 03:30:27,214] {dagbag.py:487} INFO - Filling up the DagBag from /home/airflow/.local/lib/python3.6/site-packages/airflow/example_dags/example_kubernetes_executor_config.py
[2021-06-15 03:30:27,277] {scheduler_job.py:643} INFO - DAG(s) dict_keys(['example_kubernetes_executor_config']) retrieved from /home/airflow/.local/lib/python3.6/site-packages/airflow/example_dags/example_kubernetes_executor_config.py
[2021-06-15 03:30:27,409] {logging_mixin.py:104} INFO - [2021-06-15 03:30:27,408] {dag.py:1832} INFO - Sync 1 DAGs
[2021-06-15 03:30:27,505] {logging_mixin.py:104} INFO - [2021-06-15 03:30:27,505] {dag.py:2305} INFO - Setting next_dagrun for example_kubernetes_executor_config to None
[2021-06-15 03:30:27,568] {scheduler_job.py:190} INFO - Processing /home/airflow/.local/lib/python3.6/site-packages/airflow/example_dags/example_kubernetes_executor_config.py took 0.378 seconds
[2021-06-15 03:30:57,996] {scheduler_job.py:182} INFO - Started process (PID=752) to work on /home/airflow/.local/lib/python3.6/site-packages/airflow/example_dags/example_kubernetes_executor_config.py
[2021-06-15 03:30:58,001] {scheduler_job.py:633} INFO - Processing file /home/airflow/.local/lib/python3.6/site-packages/airflow/example_dags/example_kubernetes_executor_config.py for tasks to queue
[2021-06-15 03:30:58,005] {logging_mixin.py:104} INFO - [2021-06-15 03:30:58,005] {dagbag.py:487} INFO - Filling up the DagBag from /home/airflow/.local/lib/python3.6/site-packages/airflow/example_dags/example_kubernetes_executor_config.py
[2021-06-15 03:30:58,065] {scheduler_job.py:643} INFO - DAG(s) dict_keys(['example_kubernetes_executor_config']) retrieved from /home/airflow/.local/lib/python3.6/site-packages/airflow/example_dags/example_kubernetes_executor_config.py
[2021-06-15 03:30:58,164] {logging_mixin.py:104} INFO - [2021-06-15 03:30:58,163] {dag.py:1832} INFO - Sync 1 DAGs
[2021-06-15 03:30:58,230] {logging_mixin.py:104} INFO - [2021-06-15 03:30:58,230] {dag.py:2305} INFO - Setting next_dagrun for example_kubernetes_executor_config to None
[2021-06-15 03:30:58,273] {scheduler_job.py:190} INFO - Processing /home/airflow/.local/lib/python3.6/site-packages/airflow/example_dags/example_kubernetes_executor_config.py took 0.291 seconds
[2021-06-15 03:31:29,255] {scheduler_job.py:182} INFO - Started process (PID=821) to work on /home/airflow/.local/lib/python3.6/site-packages/airflow/example_dags/example_kubernetes_executor_config.py
[2021-06-15 03:31:29,265] {scheduler_job.py:633} INFO - Processing file /home/airflow/.local/lib/python3.6/site-packages/airflow/example_dags/example_kubernetes_executor_config.py for tasks to queue
[2021-06-15 03:31:29,270] {logging_mixin.py:104} INFO - [2021-06-15 03:31:29,269] {dagbag.py:487} INFO - Filling up the DagBag from /home/airflow/.local/lib/python3.6/site-packages/airflow/example_dags/example_kubernetes_executor_config.py
[2021-06-15 03:31:29,333] {scheduler_job.py:643} INFO - DAG(s) dict_keys(['example_kubernetes_executor_config']) retrieved from /home/airflow/.local/lib/python3.6/site-packages/airflow/example_dags/example_kubernetes_executor_config.py
[2021-06-15 03:31:29,451] {logging_mixin.py:104} INFO - [2021-06-15 03:31:29,450] {dag.py:1832} INFO - Sync 1 DAGs
[2021-06-15 03:31:29,521] {logging_mixin.py:104} INFO - [2021-06-15 03:31:29,520] {dag.py:2305} INFO - Setting next_dagrun for example_kubernetes_executor_config to None
[2021-06-15 03:31:29,560] {scheduler_job.py:190} INFO - Processing /home/airflow/.local/lib/python3.6/site-packages/airflow/example_dags/example_kubernetes_executor_config.py took 0.319 seconds
[2021-06-15 03:31:59,867] {scheduler_job.py:182} INFO - Started process (PID=881) to work on /home/airflow/.local/lib/python3.6/site-packages/airflow/example_dags/example_kubernetes_executor_config.py
[2021-06-15 03:31:59,877] {scheduler_job.py:633} INFO - Processing file /home/airflow/.local/lib/python3.6/site-packages/airflow/example_dags/example_kubernetes_executor_config.py for tasks to queue
[2021-06-15 03:31:59,885] {logging_mixin.py:104} INFO - [2021-06-15 03:31:59,884] {dagbag.py:487} INFO - Filling up the DagBag from /home/airflow/.local/lib/python3.6/site-packages/airflow/example_dags/example_kubernetes_executor_config.py
[2021-06-15 03:31:59,989] {scheduler_job.py:643} INFO - DAG(s) dict_keys(['example_kubernetes_executor_config']) retrieved from /home/airflow/.local/lib/python3.6/site-packages/airflow/example_dags/example_kubernetes_executor_config.py
[2021-06-15 03:32:00,153] {logging_mixin.py:104} INFO - [2021-06-15 03:32:00,152] {dag.py:1832} INFO - Sync 1 DAGs
[2021-06-15 03:32:00,264] {logging_mixin.py:104} INFO - [2021-06-15 03:32:00,264] {dag.py:2305} INFO - Setting next_dagrun for example_kubernetes_executor_config to None
[2021-06-15 03:32:00,312] {scheduler_job.py:190} INFO - Processing /home/airflow/.local/lib/python3.6/site-packages/airflow/example_dags/example_kubernetes_executor_config.py took 0.471 seconds
[2021-06-15 03:32:30,565] {scheduler_job.py:182} INFO - Started process (PID=948) to work on /home/airflow/.local/lib/python3.6/site-packages/airflow/example_dags/example_kubernetes_executor_config.py
[2021-06-15 03:32:30,573] {scheduler_job.py:633} INFO - Processing file /home/airflow/.local/lib/python3.6/site-packages/airflow/example_dags/example_kubernetes_executor_config.py for tasks to queue
[2021-06-15 03:32:30,580] {logging_mixin.py:104} INFO - [2021-06-15 03:32:30,579] {dagbag.py:487} INFO - Filling up the DagBag from /home/airflow/.local/lib/python3.6/site-packages/airflow/example_dags/example_kubernetes_executor_config.py
[2021-06-15 03:32:30,678] {scheduler_job.py:643} INFO - DAG(s) dict_keys(['example_kubernetes_executor_config']) retrieved from /home/airflow/.local/lib/python3.6/site-packages/airflow/example_dags/example_kubernetes_executor_config.py
[2021-06-15 03:32:30,836] {logging_mixin.py:104} INFO - [2021-06-15 03:32:30,835] {dag.py:1832} INFO - Sync 1 DAGs
[2021-06-15 03:32:30,959] {logging_mixin.py:104} INFO - [2021-06-15 03:32:30,958] {dag.py:2305} INFO - Setting next_dagrun for example_kubernetes_executor_config to None
[2021-06-15 03:32:31,034] {scheduler_job.py:190} INFO - Processing /home/airflow/.local/lib/python3.6/site-packages/airflow/example_dags/example_kubernetes_executor_config.py took 0.491 seconds
[2021-06-15 03:33:02,080] {scheduler_job.py:182} INFO - Started process (PID=1006) to work on /home/airflow/.local/lib/python3.6/site-packages/airflow/example_dags/example_kubernetes_executor_config.py
[2021-06-15 03:33:02,087] {scheduler_job.py:633} INFO - Processing file /home/airflow/.local/lib/python3.6/site-packages/airflow/example_dags/example_kubernetes_executor_config.py for tasks to queue
[2021-06-15 03:33:02,092] {logging_mixin.py:104} INFO - [2021-06-15 03:33:02,091] {dagbag.py:487} INFO - Filling up the DagBag from /home/airflow/.local/lib/python3.6/site-packages/airflow/example_dags/example_kubernetes_executor_config.py
[2021-06-15 03:33:02,156] {scheduler_job.py:643} INFO - DAG(s) dict_keys(['example_kubernetes_executor_config']) retrieved from /home/airflow/.local/lib/python3.6/site-packages/airflow/example_dags/example_kubernetes_executor_config.py
[2021-06-15 03:33:02,263] {logging_mixin.py:104} INFO - [2021-06-15 03:33:02,262] {dag.py:1832} INFO - Sync 1 DAGs
[2021-06-15 03:33:02,329] {logging_mixin.py:104} INFO - [2021-06-15 03:33:02,329] {dag.py:2305} INFO - Setting next_dagrun for example_kubernetes_executor_config to None
[2021-06-15 03:33:02,368] {scheduler_job.py:190} INFO - Processing /home/airflow/.local/lib/python3.6/site-packages/airflow/example_dags/example_kubernetes_executor_config.py took 0.303 seconds
[2021-06-15 03:33:32,752] {scheduler_job.py:182} INFO - Started process (PID=1074) to work on /home/airflow/.local/lib/python3.6/site-packages/airflow/example_dags/example_kubernetes_executor_config.py
[2021-06-15 03:33:32,760] {scheduler_job.py:633} INFO - Processing file /home/airflow/.local/lib/python3.6/site-packages/airflow/example_dags/example_kubernetes_executor_config.py for tasks to queue
[2021-06-15 03:33:32,766] {logging_mixin.py:104} INFO - [2021-06-15 03:33:32,765] {dagbag.py:487} INFO - Filling up the DagBag from /home/airflow/.local/lib/python3.6/site-packages/airflow/example_dags/example_kubernetes_executor_config.py
[2021-06-15 03:33:32,857] {scheduler_job.py:643} INFO - DAG(s) dict_keys(['example_kubernetes_executor_config']) retrieved from /home/airflow/.local/lib/python3.6/site-packages/airflow/example_dags/example_kubernetes_executor_config.py
[2021-06-15 03:33:32,971] {logging_mixin.py:104} INFO - [2021-06-15 03:33:32,971] {dag.py:1832} INFO - Sync 1 DAGs
[2021-06-15 03:33:33,051] {logging_mixin.py:104} INFO - [2021-06-15 03:33:33,051] {dag.py:2305} INFO - Setting next_dagrun for example_kubernetes_executor_config to None
[2021-06-15 03:33:33,088] {scheduler_job.py:190} INFO - Processing /home/airflow/.local/lib/python3.6/site-packages/airflow/example_dags/example_kubernetes_executor_config.py took 0.350 seconds
[2021-06-15 03:34:03,520] {scheduler_job.py:182} INFO - Started process (PID=1142) to work on /home/airflow/.local/lib/python3.6/site-packages/airflow/example_dags/example_kubernetes_executor_config.py
[2021-06-15 03:34:03,526] {scheduler_job.py:633} INFO - Processing file /home/airflow/.local/lib/python3.6/site-packages/airflow/example_dags/example_kubernetes_executor_config.py for tasks to queue
[2021-06-15 03:34:03,531] {logging_mixin.py:104} INFO - [2021-06-15 03:34:03,530] {dagbag.py:487} INFO - Filling up the DagBag from /home/airflow/.local/lib/python3.6/site-packages/airflow/example_dags/example_kubernetes_executor_config.py
[2021-06-15 03:34:03,587] {scheduler_job.py:643} INFO - DAG(s) dict_keys(['example_kubernetes_executor_config']) retrieved from /home/airflow/.local/lib/python3.6/site-packages/airflow/example_dags/example_kubernetes_executor_config.py
[2021-06-15 03:34:03,684] {logging_mixin.py:104} INFO - [2021-06-15 03:34:03,684] {dag.py:1832} INFO - Sync 1 DAGs
[2021-06-15 03:34:03,750] {logging_mixin.py:104} INFO - [2021-06-15 03:34:03,750] {dag.py:2305} INFO - Setting next_dagrun for example_kubernetes_executor_config to None
[2021-06-15 03:34:03,788] {scheduler_job.py:190} INFO - Processing /home/airflow/.local/lib/python3.6/site-packages/airflow/example_dags/example_kubernetes_executor_config.py took 0.282 seconds
[2021-06-15 03:34:34,745] {scheduler_job.py:182} INFO - Started process (PID=1202) to work on /home/airflow/.local/lib/python3.6/site-packages/airflow/example_dags/example_kubernetes_executor_config.py
[2021-06-15 03:34:34,750] {scheduler_job.py:633} INFO - Processing file /home/airflow/.local/lib/python3.6/site-packages/airflow/example_dags/example_kubernetes_executor_config.py for tasks to queue
[2021-06-15 03:34:34,756] {logging_mixin.py:104} INFO - [2021-06-15 03:34:34,755] {dagbag.py:487} INFO - Filling up the DagBag from /home/airflow/.local/lib/python3.6/site-packages/airflow/example_dags/example_kubernetes_executor_config.py
[2021-06-15 03:34:34,814] {scheduler_job.py:643} INFO - DAG(s) dict_keys(['example_kubernetes_executor_config']) retrieved from /home/airflow/.local/lib/python3.6/site-packages/airflow/example_dags/example_kubernetes_executor_config.py
[2021-06-15 03:34:34,923] {logging_mixin.py:104} INFO - [2021-06-15 03:34:34,923] {dag.py:1832} INFO - Sync 1 DAGs
[2021-06-15 03:34:34,987] {logging_mixin.py:104} INFO - [2021-06-15 03:34:34,986] {dag.py:2305} INFO - Setting next_dagrun for example_kubernetes_executor_config to None
[2021-06-15 03:34:35,029] {scheduler_job.py:190} INFO - Processing /home/airflow/.local/lib/python3.6/site-packages/airflow/example_dags/example_kubernetes_executor_config.py took 0.299 seconds
[2021-06-15 03:35:05,324] {scheduler_job.py:182} INFO - Started process (PID=1258) to work on /home/airflow/.local/lib/python3.6/site-packages/airflow/example_dags/example_kubernetes_executor_config.py
[2021-06-15 03:35:05,337] {scheduler_job.py:633} INFO - Processing file /home/airflow/.local/lib/python3.6/site-packages/airflow/example_dags/example_kubernetes_executor_config.py for tasks to queue
[2021-06-15 03:35:05,348] {logging_mixin.py:104} INFO - [2021-06-15 03:35:05,347] {dagbag.py:487} INFO - Filling up the DagBag from /home/airflow/.local/lib/python3.6/site-packages/airflow/example_dags/example_kubernetes_executor_config.py
[2021-06-15 03:35:05,422] {scheduler_job.py:643} INFO - DAG(s) dict_keys(['example_kubernetes_executor_config']) retrieved from /home/airflow/.local/lib/python3.6/site-packages/airflow/example_dags/example_kubernetes_executor_config.py
[2021-06-15 03:35:05,533] {logging_mixin.py:104} INFO - [2021-06-15 03:35:05,533] {dag.py:1832} INFO - Sync 1 DAGs
[2021-06-15 03:35:05,597] {logging_mixin.py:104} INFO - [2021-06-15 03:35:05,597] {dag.py:2305} INFO - Setting next_dagrun for example_kubernetes_executor_config to None
[2021-06-15 03:35:05,638] {scheduler_job.py:190} INFO - Processing /home/airflow/.local/lib/python3.6/site-packages/airflow/example_dags/example_kubernetes_executor_config.py took 0.331 seconds
[2021-06-15 03:35:36,023] {scheduler_job.py:182} INFO - Started process (PID=1326) to work on /home/airflow/.local/lib/python3.6/site-packages/airflow/example_dags/example_kubernetes_executor_config.py
[2021-06-15 03:35:36,031] {scheduler_job.py:633} INFO - Processing file /home/airflow/.local/lib/python3.6/site-packages/airflow/example_dags/example_kubernetes_executor_config.py for tasks to queue
[2021-06-15 03:35:36,038] {logging_mixin.py:104} INFO - [2021-06-15 03:35:36,037] {dagbag.py:487} INFO - Filling up the DagBag from /home/airflow/.local/lib/python3.6/site-packages/airflow/example_dags/example_kubernetes_executor_config.py
[2021-06-15 03:35:36,105] {scheduler_job.py:643} INFO - DAG(s) dict_keys(['example_kubernetes_executor_config']) retrieved from /home/airflow/.local/lib/python3.6/site-packages/airflow/example_dags/example_kubernetes_executor_config.py
[2021-06-15 03:35:36,260] {logging_mixin.py:104} INFO - [2021-06-15 03:35:36,259] {dag.py:1832} INFO - Sync 1 DAGs
[2021-06-15 03:35:36,383] {logging_mixin.py:104} INFO - [2021-06-15 03:35:36,382] {dag.py:2305} INFO - Setting next_dagrun for example_kubernetes_executor_config to None
[2021-06-15 03:35:36,444] {scheduler_job.py:190} INFO - Processing /home/airflow/.local/lib/python3.6/site-packages/airflow/example_dags/example_kubernetes_executor_config.py took 0.436 seconds
[2021-06-15 03:36:06,654] {scheduler_job.py:182} INFO - Started process (PID=1386) to work on /home/airflow/.local/lib/python3.6/site-packages/airflow/example_dags/example_kubernetes_executor_config.py
[2021-06-15 03:36:06,662] {scheduler_job.py:633} INFO - Processing file /home/airflow/.local/lib/python3.6/site-packages/airflow/example_dags/example_kubernetes_executor_config.py for tasks to queue
[2021-06-15 03:36:06,667] {logging_mixin.py:104} INFO - [2021-06-15 03:36:06,666] {dagbag.py:487} INFO - Filling up the DagBag from /home/airflow/.local/lib/python3.6/site-packages/airflow/example_dags/example_kubernetes_executor_config.py
[2021-06-15 03:36:06,744] {scheduler_job.py:643} INFO - DAG(s) dict_keys(['example_kubernetes_executor_config']) retrieved from /home/airflow/.local/lib/python3.6/site-packages/airflow/example_dags/example_kubernetes_executor_config.py
[2021-06-15 03:36:06,856] {logging_mixin.py:104} INFO - [2021-06-15 03:36:06,855] {dag.py:1832} INFO - Sync 1 DAGs
[2021-06-15 03:36:06,923] {logging_mixin.py:104} INFO - [2021-06-15 03:36:06,922] {dag.py:2305} INFO - Setting next_dagrun for example_kubernetes_executor_config to None
[2021-06-15 03:36:06,964] {scheduler_job.py:190} INFO - Processing /home/airflow/.local/lib/python3.6/site-packages/airflow/example_dags/example_kubernetes_executor_config.py took 0.326 seconds
[2021-06-15 03:36:37,390] {scheduler_job.py:182} INFO - Started process (PID=1451) to work on /home/airflow/.local/lib/python3.6/site-packages/airflow/example_dags/example_kubernetes_executor_config.py
[2021-06-15 03:36:37,398] {scheduler_job.py:633} INFO - Processing file /home/airflow/.local/lib/python3.6/site-packages/airflow/example_dags/example_kubernetes_executor_config.py for tasks to queue
[2021-06-15 03:36:37,405] {logging_mixin.py:104} INFO - [2021-06-15 03:36:37,404] {dagbag.py:487} INFO - Filling up the DagBag from /home/airflow/.local/lib/python3.6/site-packages/airflow/example_dags/example_kubernetes_executor_config.py
[2021-06-15 03:36:37,499] {scheduler_job.py:643} INFO - DAG(s) dict_keys(['example_kubernetes_executor_config']) retrieved from /home/airflow/.local/lib/python3.6/site-packages/airflow/example_dags/example_kubernetes_executor_config.py
[2021-06-15 03:36:37,644] {logging_mixin.py:104} INFO - [2021-06-15 03:36:37,642] {dag.py:1832} INFO - Sync 1 DAGs
[2021-06-15 03:36:37,733] {logging_mixin.py:104} INFO - [2021-06-15 03:36:37,733] {dag.py:2305} INFO - Setting next_dagrun for example_kubernetes_executor_config to None
[2021-06-15 03:36:37,808] {scheduler_job.py:190} INFO - Processing /home/airflow/.local/lib/python3.6/site-packages/airflow/example_dags/example_kubernetes_executor_config.py took 0.436 seconds
[2021-06-15 03:37:08,349] {scheduler_job.py:182} INFO - Started process (PID=1511) to work on /home/airflow/.local/lib/python3.6/site-packages/airflow/example_dags/example_kubernetes_executor_config.py
[2021-06-15 03:37:08,357] {scheduler_job.py:633} INFO - Processing file /home/airflow/.local/lib/python3.6/site-packages/airflow/example_dags/example_kubernetes_executor_config.py for tasks to queue
[2021-06-15 03:37:08,363] {logging_mixin.py:104} INFO - [2021-06-15 03:37:08,363] {dagbag.py:487} INFO - Filling up the DagBag from /home/airflow/.local/lib/python3.6/site-packages/airflow/example_dags/example_kubernetes_executor_config.py
[2021-06-15 03:37:08,428] {scheduler_job.py:643} INFO - DAG(s) dict_keys(['example_kubernetes_executor_config']) retrieved from /home/airflow/.local/lib/python3.6/site-packages/airflow/example_dags/example_kubernetes_executor_config.py
[2021-06-15 03:37:08,553] {logging_mixin.py:104} INFO - [2021-06-15 03:37:08,552] {dag.py:1832} INFO - Sync 1 DAGs
[2021-06-15 03:37:08,626] {logging_mixin.py:104} INFO - [2021-06-15 03:37:08,626] {dag.py:2305} INFO - Setting next_dagrun for example_kubernetes_executor_config to None
[2021-06-15 03:37:08,687] {scheduler_job.py:190} INFO - Processing /home/airflow/.local/lib/python3.6/site-packages/airflow/example_dags/example_kubernetes_executor_config.py took 0.353 seconds
[2021-06-15 03:37:39,022] {scheduler_job.py:182} INFO - Started process (PID=1578) to work on /home/airflow/.local/lib/python3.6/site-packages/airflow/example_dags/example_kubernetes_executor_config.py
[2021-06-15 03:37:39,033] {scheduler_job.py:633} INFO - Processing file /home/airflow/.local/lib/python3.6/site-packages/airflow/example_dags/example_kubernetes_executor_config.py for tasks to queue
[2021-06-15 03:37:39,045] {logging_mixin.py:104} INFO - [2021-06-15 03:37:39,043] {dagbag.py:487} INFO - Filling up the DagBag from /home/airflow/.local/lib/python3.6/site-packages/airflow/example_dags/example_kubernetes_executor_config.py
[2021-06-15 03:37:39,114] {scheduler_job.py:643} INFO - DAG(s) dict_keys(['example_kubernetes_executor_config']) retrieved from /home/airflow/.local/lib/python3.6/site-packages/airflow/example_dags/example_kubernetes_executor_config.py
[2021-06-15 03:37:39,211] {logging_mixin.py:104} INFO - [2021-06-15 03:37:39,211] {dag.py:1832} INFO - Sync 1 DAGs
[2021-06-15 03:37:39,275] {logging_mixin.py:104} INFO - [2021-06-15 03:37:39,275] {dag.py:2305} INFO - Setting next_dagrun for example_kubernetes_executor_config to None
[2021-06-15 03:37:39,319] {scheduler_job.py:190} INFO - Processing /home/airflow/.local/lib/python3.6/site-packages/airflow/example_dags/example_kubernetes_executor_config.py took 0.313 seconds
[2021-06-15 03:38:09,565] {scheduler_job.py:182} INFO - Started process (PID=1645) to work on /home/airflow/.local/lib/python3.6/site-packages/airflow/example_dags/example_kubernetes_executor_config.py
[2021-06-15 03:38:09,572] {scheduler_job.py:633} INFO - Processing file /home/airflow/.local/lib/python3.6/site-packages/airflow/example_dags/example_kubernetes_executor_config.py for tasks to queue
[2021-06-15 03:38:09,577] {logging_mixin.py:104} INFO - [2021-06-15 03:38:09,576] {dagbag.py:487} INFO - Filling up the DagBag from /home/airflow/.local/lib/python3.6/site-packages/airflow/example_dags/example_kubernetes_executor_config.py
[2021-06-15 03:38:09,638] {scheduler_job.py:643} INFO - DAG(s) dict_keys(['example_kubernetes_executor_config']) retrieved from /home/airflow/.local/lib/python3.6/site-packages/airflow/example_dags/example_kubernetes_executor_config.py
[2021-06-15 03:38:09,736] {logging_mixin.py:104} INFO - [2021-06-15 03:38:09,735] {dag.py:1832} INFO - Sync 1 DAGs
[2021-06-15 03:38:09,801] {logging_mixin.py:104} INFO - [2021-06-15 03:38:09,801] {dag.py:2305} INFO - Setting next_dagrun for example_kubernetes_executor_config to None
[2021-06-15 03:38:09,840] {scheduler_job.py:190} INFO - Processing /home/airflow/.local/lib/python3.6/site-packages/airflow/example_dags/example_kubernetes_executor_config.py took 0.290 seconds
[2021-06-15 03:38:40,300] {scheduler_job.py:182} INFO - Started process (PID=1705) to work on /home/airflow/.local/lib/python3.6/site-packages/airflow/example_dags/example_kubernetes_executor_config.py
[2021-06-15 03:38:40,307] {scheduler_job.py:633} INFO - Processing file /home/airflow/.local/lib/python3.6/site-packages/airflow/example_dags/example_kubernetes_executor_config.py for tasks to queue
[2021-06-15 03:38:40,312] {logging_mixin.py:104} INFO - [2021-06-15 03:38:40,311] {dagbag.py:487} INFO - Filling up the DagBag from /home/airflow/.local/lib/python3.6/site-packages/airflow/example_dags/example_kubernetes_executor_config.py
[2021-06-15 03:38:40,373] {scheduler_job.py:643} INFO - DAG(s) dict_keys(['example_kubernetes_executor_config']) retrieved from /home/airflow/.local/lib/python3.6/site-packages/airflow/example_dags/example_kubernetes_executor_config.py
[2021-06-15 03:38:40,473] {logging_mixin.py:104} INFO - [2021-06-15 03:38:40,473] {dag.py:1832} INFO - Sync 1 DAGs
[2021-06-15 03:38:40,550] {logging_mixin.py:104} INFO - [2021-06-15 03:38:40,550] {dag.py:2305} INFO - Setting next_dagrun for example_kubernetes_executor_config to None
[2021-06-15 03:38:40,590] {scheduler_job.py:190} INFO - Processing /home/airflow/.local/lib/python3.6/site-packages/airflow/example_dags/example_kubernetes_executor_config.py took 0.305 seconds
[2021-06-15 03:39:10,955] {scheduler_job.py:182} INFO - Started process (PID=1760) to work on /home/airflow/.local/lib/python3.6/site-packages/airflow/example_dags/example_kubernetes_executor_config.py
[2021-06-15 03:39:10,964] {scheduler_job.py:633} INFO - Processing file /home/airflow/.local/lib/python3.6/site-packages/airflow/example_dags/example_kubernetes_executor_config.py for tasks to queue
[2021-06-15 03:39:10,971] {logging_mixin.py:104} INFO - [2021-06-15 03:39:10,970] {dagbag.py:487} INFO - Filling up the DagBag from /home/airflow/.local/lib/python3.6/site-packages/airflow/example_dags/example_kubernetes_executor_config.py
[2021-06-15 03:39:11,038] {scheduler_job.py:643} INFO - DAG(s) dict_keys(['example_kubernetes_executor_config']) retrieved from /home/airflow/.local/lib/python3.6/site-packages/airflow/example_dags/example_kubernetes_executor_config.py
[2021-06-15 03:39:11,132] {logging_mixin.py:104} INFO - [2021-06-15 03:39:11,132] {dag.py:1832} INFO - Sync 1 DAGs
[2021-06-15 03:39:11,195] {logging_mixin.py:104} INFO - [2021-06-15 03:39:11,195] {dag.py:2305} INFO - Setting next_dagrun for example_kubernetes_executor_config to None
[2021-06-15 03:39:11,237] {scheduler_job.py:190} INFO - Processing /home/airflow/.local/lib/python3.6/site-packages/airflow/example_dags/example_kubernetes_executor_config.py took 0.304 seconds
[2021-06-15 03:39:41,671] {scheduler_job.py:182} INFO - Started process (PID=1828) to work on /home/airflow/.local/lib/python3.6/site-packages/airflow/example_dags/example_kubernetes_executor_config.py
[2021-06-15 03:39:41,683] {scheduler_job.py:633} INFO - Processing file /home/airflow/.local/lib/python3.6/site-packages/airflow/example_dags/example_kubernetes_executor_config.py for tasks to queue
[2021-06-15 03:39:41,692] {logging_mixin.py:104} INFO - [2021-06-15 03:39:41,690] {dagbag.py:487} INFO - Filling up the DagBag from /home/airflow/.local/lib/python3.6/site-packages/airflow/example_dags/example_kubernetes_executor_config.py
[2021-06-15 03:39:41,819] {scheduler_job.py:643} INFO - DAG(s) dict_keys(['example_kubernetes_executor_config']) retrieved from /home/airflow/.local/lib/python3.6/site-packages/airflow/example_dags/example_kubernetes_executor_config.py
[2021-06-15 03:39:42,016] {logging_mixin.py:104} INFO - [2021-06-15 03:39:42,015] {dag.py:1832} INFO - Sync 1 DAGs
[2021-06-15 03:39:42,165] {logging_mixin.py:104} INFO - [2021-06-15 03:39:42,164] {dag.py:2305} INFO - Setting next_dagrun for example_kubernetes_executor_config to None
[2021-06-15 03:39:42,231] {scheduler_job.py:190} INFO - Processing /home/airflow/.local/lib/python3.6/site-packages/airflow/example_dags/example_kubernetes_executor_config.py took 0.600 seconds
[2021-06-15 03:40:12,390] {scheduler_job.py:182} INFO - Started process (PID=1895) to work on /home/airflow/.local/lib/python3.6/site-packages/airflow/example_dags/example_kubernetes_executor_config.py
[2021-06-15 03:40:12,398] {scheduler_job.py:633} INFO - Processing file /home/airflow/.local/lib/python3.6/site-packages/airflow/example_dags/example_kubernetes_executor_config.py for tasks to queue
[2021-06-15 03:40:12,403] {logging_mixin.py:104} INFO - [2021-06-15 03:40:12,403] {dagbag.py:487} INFO - Filling up the DagBag from /home/airflow/.local/lib/python3.6/site-packages/airflow/example_dags/example_kubernetes_executor_config.py
[2021-06-15 03:40:12,468] {scheduler_job.py:643} INFO - DAG(s) dict_keys(['example_kubernetes_executor_config']) retrieved from /home/airflow/.local/lib/python3.6/site-packages/airflow/example_dags/example_kubernetes_executor_config.py
[2021-06-15 03:40:12,594] {logging_mixin.py:104} INFO - [2021-06-15 03:40:12,593] {dag.py:1832} INFO - Sync 1 DAGs
[2021-06-15 03:40:12,685] {logging_mixin.py:104} INFO - [2021-06-15 03:40:12,685] {dag.py:2305} INFO - Setting next_dagrun for example_kubernetes_executor_config to None
[2021-06-15 03:40:12,733] {scheduler_job.py:190} INFO - Processing /home/airflow/.local/lib/python3.6/site-packages/airflow/example_dags/example_kubernetes_executor_config.py took 0.360 seconds
[2021-06-15 03:40:43,893] {scheduler_job.py:182} INFO - Started process (PID=1955) to work on /home/airflow/.local/lib/python3.6/site-packages/airflow/example_dags/example_kubernetes_executor_config.py
[2021-06-15 03:40:43,907] {scheduler_job.py:633} INFO - Processing file /home/airflow/.local/lib/python3.6/site-packages/airflow/example_dags/example_kubernetes_executor_config.py for tasks to queue
[2021-06-15 03:40:43,917] {logging_mixin.py:104} INFO - [2021-06-15 03:40:43,917] {dagbag.py:487} INFO - Filling up the DagBag from /home/airflow/.local/lib/python3.6/site-packages/airflow/example_dags/example_kubernetes_executor_config.py
[2021-06-15 03:40:44,062] {scheduler_job.py:643} INFO - DAG(s) dict_keys(['example_kubernetes_executor_config']) retrieved from /home/airflow/.local/lib/python3.6/site-packages/airflow/example_dags/example_kubernetes_executor_config.py
[2021-06-15 03:40:44,302] {logging_mixin.py:104} INFO - [2021-06-15 03:40:44,302] {dag.py:1832} INFO - Sync 1 DAGs
[2021-06-15 03:40:44,504] {logging_mixin.py:104} INFO - [2021-06-15 03:40:44,503] {dag.py:2305} INFO - Setting next_dagrun for example_kubernetes_executor_config to None
[2021-06-15 03:40:44,580] {scheduler_job.py:190} INFO - Processing /home/airflow/.local/lib/python3.6/site-packages/airflow/example_dags/example_kubernetes_executor_config.py took 0.713 seconds
[2021-06-15 03:41:15,552] {scheduler_job.py:182} INFO - Started process (PID=2012) to work on /home/airflow/.local/lib/python3.6/site-packages/airflow/example_dags/example_kubernetes_executor_config.py
[2021-06-15 03:41:15,562] {scheduler_job.py:633} INFO - Processing file /home/airflow/.local/lib/python3.6/site-packages/airflow/example_dags/example_kubernetes_executor_config.py for tasks to queue
[2021-06-15 03:41:15,569] {logging_mixin.py:104} INFO - [2021-06-15 03:41:15,568] {dagbag.py:487} INFO - Filling up the DagBag from /home/airflow/.local/lib/python3.6/site-packages/airflow/example_dags/example_kubernetes_executor_config.py
[2021-06-15 03:41:15,648] {scheduler_job.py:643} INFO - DAG(s) dict_keys(['example_kubernetes_executor_config']) retrieved from /home/airflow/.local/lib/python3.6/site-packages/airflow/example_dags/example_kubernetes_executor_config.py
[2021-06-15 03:41:15,779] {logging_mixin.py:104} INFO - [2021-06-15 03:41:15,779] {dag.py:1832} INFO - Sync 1 DAGs
[2021-06-15 03:41:15,881] {logging_mixin.py:104} INFO - [2021-06-15 03:41:15,880] {dag.py:2305} INFO - Setting next_dagrun for example_kubernetes_executor_config to None
[2021-06-15 03:41:15,938] {scheduler_job.py:190} INFO - Processing /home/airflow/.local/lib/python3.6/site-packages/airflow/example_dags/example_kubernetes_executor_config.py took 0.403 seconds
[2021-06-15 03:41:46,401] {scheduler_job.py:182} INFO - Started process (PID=2080) to work on /home/airflow/.local/lib/python3.6/site-packages/airflow/example_dags/example_kubernetes_executor_config.py
[2021-06-15 03:41:46,409] {scheduler_job.py:633} INFO - Processing file /home/airflow/.local/lib/python3.6/site-packages/airflow/example_dags/example_kubernetes_executor_config.py for tasks to queue
[2021-06-15 03:41:46,416] {logging_mixin.py:104} INFO - [2021-06-15 03:41:46,415] {dagbag.py:487} INFO - Filling up the DagBag from /home/airflow/.local/lib/python3.6/site-packages/airflow/example_dags/example_kubernetes_executor_config.py
[2021-06-15 03:41:46,508] {scheduler_job.py:643} INFO - DAG(s) dict_keys(['example_kubernetes_executor_config']) retrieved from /home/airflow/.local/lib/python3.6/site-packages/airflow/example_dags/example_kubernetes_executor_config.py
[2021-06-15 03:41:46,649] {logging_mixin.py:104} INFO - [2021-06-15 03:41:46,648] {dag.py:1832} INFO - Sync 1 DAGs
[2021-06-15 03:41:46,729] {logging_mixin.py:104} INFO - [2021-06-15 03:41:46,729] {dag.py:2305} INFO - Setting next_dagrun for example_kubernetes_executor_config to None
[2021-06-15 03:41:46,780] {scheduler_job.py:190} INFO - Processing /home/airflow/.local/lib/python3.6/site-packages/airflow/example_dags/example_kubernetes_executor_config.py took 0.396 seconds
[2021-06-15 03:42:17,396] {scheduler_job.py:182} INFO - Started process (PID=2139) to work on /home/airflow/.local/lib/python3.6/site-packages/airflow/example_dags/example_kubernetes_executor_config.py
[2021-06-15 03:42:17,406] {scheduler_job.py:633} INFO - Processing file /home/airflow/.local/lib/python3.6/site-packages/airflow/example_dags/example_kubernetes_executor_config.py for tasks to queue
[2021-06-15 03:42:17,412] {logging_mixin.py:104} INFO - [2021-06-15 03:42:17,411] {dagbag.py:487} INFO - Filling up the DagBag from /home/airflow/.local/lib/python3.6/site-packages/airflow/example_dags/example_kubernetes_executor_config.py
[2021-06-15 03:42:17,473] {scheduler_job.py:643} INFO - DAG(s) dict_keys(['example_kubernetes_executor_config']) retrieved from /home/airflow/.local/lib/python3.6/site-packages/airflow/example_dags/example_kubernetes_executor_config.py
[2021-06-15 03:42:17,632] {logging_mixin.py:104} INFO - [2021-06-15 03:42:17,631] {dag.py:1832} INFO - Sync 1 DAGs
[2021-06-15 03:42:17,715] {logging_mixin.py:104} INFO - [2021-06-15 03:42:17,715] {dag.py:2305} INFO - Setting next_dagrun for example_kubernetes_executor_config to None
[2021-06-15 03:42:17,781] {scheduler_job.py:190} INFO - Processing /home/airflow/.local/lib/python3.6/site-packages/airflow/example_dags/example_kubernetes_executor_config.py took 0.401 seconds
[2021-06-15 03:42:48,007] {scheduler_job.py:182} INFO - Started process (PID=2195) to work on /home/airflow/.local/lib/python3.6/site-packages/airflow/example_dags/example_kubernetes_executor_config.py
[2021-06-15 03:42:48,014] {scheduler_job.py:633} INFO - Processing file /home/airflow/.local/lib/python3.6/site-packages/airflow/example_dags/example_kubernetes_executor_config.py for tasks to queue
[2021-06-15 03:42:48,021] {logging_mixin.py:104} INFO - [2021-06-15 03:42:48,020] {dagbag.py:487} INFO - Filling up the DagBag from /home/airflow/.local/lib/python3.6/site-packages/airflow/example_dags/example_kubernetes_executor_config.py
[2021-06-15 03:42:48,138] {scheduler_job.py:643} INFO - DAG(s) dict_keys(['example_kubernetes_executor_config']) retrieved from /home/airflow/.local/lib/python3.6/site-packages/airflow/example_dags/example_kubernetes_executor_config.py
[2021-06-15 03:42:48,323] {logging_mixin.py:104} INFO - [2021-06-15 03:42:48,322] {dag.py:1832} INFO - Sync 1 DAGs
[2021-06-15 03:42:48,481] {logging_mixin.py:104} INFO - [2021-06-15 03:42:48,480] {dag.py:2305} INFO - Setting next_dagrun for example_kubernetes_executor_config to None
[2021-06-15 03:42:48,558] {scheduler_job.py:190} INFO - Processing /home/airflow/.local/lib/python3.6/site-packages/airflow/example_dags/example_kubernetes_executor_config.py took 0.569 seconds
[2021-06-15 03:43:18,718] {scheduler_job.py:182} INFO - Started process (PID=2262) to work on /home/airflow/.local/lib/python3.6/site-packages/airflow/example_dags/example_kubernetes_executor_config.py
[2021-06-15 03:43:18,725] {scheduler_job.py:633} INFO - Processing file /home/airflow/.local/lib/python3.6/site-packages/airflow/example_dags/example_kubernetes_executor_config.py for tasks to queue
[2021-06-15 03:43:18,730] {logging_mixin.py:104} INFO - [2021-06-15 03:43:18,729] {dagbag.py:487} INFO - Filling up the DagBag from /home/airflow/.local/lib/python3.6/site-packages/airflow/example_dags/example_kubernetes_executor_config.py
[2021-06-15 03:43:18,818] {scheduler_job.py:643} INFO - DAG(s) dict_keys(['example_kubernetes_executor_config']) retrieved from /home/airflow/.local/lib/python3.6/site-packages/airflow/example_dags/example_kubernetes_executor_config.py
[2021-06-15 03:43:18,928] {logging_mixin.py:104} INFO - [2021-06-15 03:43:18,927] {dag.py:1832} INFO - Sync 1 DAGs
[2021-06-15 03:43:19,004] {logging_mixin.py:104} INFO - [2021-06-15 03:43:19,003] {dag.py:2305} INFO - Setting next_dagrun for example_kubernetes_executor_config to None
[2021-06-15 03:43:19,053] {scheduler_job.py:190} INFO - Processing /home/airflow/.local/lib/python3.6/site-packages/airflow/example_dags/example_kubernetes_executor_config.py took 0.352 seconds
[2021-06-15 03:43:49,582] {scheduler_job.py:182} INFO - Started process (PID=2329) to work on /home/airflow/.local/lib/python3.6/site-packages/airflow/example_dags/example_kubernetes_executor_config.py
[2021-06-15 03:43:49,602] {scheduler_job.py:633} INFO - Processing file /home/airflow/.local/lib/python3.6/site-packages/airflow/example_dags/example_kubernetes_executor_config.py for tasks to queue
[2021-06-15 03:43:49,612] {logging_mixin.py:104} INFO - [2021-06-15 03:43:49,612] {dagbag.py:487} INFO - Filling up the DagBag from /home/airflow/.local/lib/python3.6/site-packages/airflow/example_dags/example_kubernetes_executor_config.py
[2021-06-15 03:43:49,683] {scheduler_job.py:643} INFO - DAG(s) dict_keys(['example_kubernetes_executor_config']) retrieved from /home/airflow/.local/lib/python3.6/site-packages/airflow/example_dags/example_kubernetes_executor_config.py
[2021-06-15 03:43:49,787] {logging_mixin.py:104} INFO - [2021-06-15 03:43:49,787] {dag.py:1832} INFO - Sync 1 DAGs
[2021-06-15 03:43:49,855] {logging_mixin.py:104} INFO - [2021-06-15 03:43:49,855] {dag.py:2305} INFO - Setting next_dagrun for example_kubernetes_executor_config to None
[2021-06-15 03:43:49,911] {scheduler_job.py:190} INFO - Processing /home/airflow/.local/lib/python3.6/site-packages/airflow/example_dags/example_kubernetes_executor_config.py took 0.346 seconds
[2021-06-15 03:44:20,512] {scheduler_job.py:182} INFO - Started process (PID=2389) to work on /home/airflow/.local/lib/python3.6/site-packages/airflow/example_dags/example_kubernetes_executor_config.py
[2021-06-15 03:44:20,536] {scheduler_job.py:633} INFO - Processing file /home/airflow/.local/lib/python3.6/site-packages/airflow/example_dags/example_kubernetes_executor_config.py for tasks to queue
[2021-06-15 03:44:20,546] {logging_mixin.py:104} INFO - [2021-06-15 03:44:20,545] {dagbag.py:487} INFO - Filling up the DagBag from /home/airflow/.local/lib/python3.6/site-packages/airflow/example_dags/example_kubernetes_executor_config.py
[2021-06-15 03:44:20,651] {scheduler_job.py:643} INFO - DAG(s) dict_keys(['example_kubernetes_executor_config']) retrieved from /home/airflow/.local/lib/python3.6/site-packages/airflow/example_dags/example_kubernetes_executor_config.py
[2021-06-15 03:44:20,842] {logging_mixin.py:104} INFO - [2021-06-15 03:44:20,841] {dag.py:1832} INFO - Sync 1 DAGs
[2021-06-15 03:44:20,954] {logging_mixin.py:104} INFO - [2021-06-15 03:44:20,954] {dag.py:2305} INFO - Setting next_dagrun for example_kubernetes_executor_config to None
[2021-06-15 03:44:21,020] {scheduler_job.py:190} INFO - Processing /home/airflow/.local/lib/python3.6/site-packages/airflow/example_dags/example_kubernetes_executor_config.py took 0.531 seconds
[2021-06-15 03:44:51,921] {scheduler_job.py:182} INFO - Started process (PID=2447) to work on /home/airflow/.local/lib/python3.6/site-packages/airflow/example_dags/example_kubernetes_executor_config.py
[2021-06-15 03:44:51,928] {scheduler_job.py:633} INFO - Processing file /home/airflow/.local/lib/python3.6/site-packages/airflow/example_dags/example_kubernetes_executor_config.py for tasks to queue
[2021-06-15 03:44:51,934] {logging_mixin.py:104} INFO - [2021-06-15 03:44:51,933] {dagbag.py:487} INFO - Filling up the DagBag from /home/airflow/.local/lib/python3.6/site-packages/airflow/example_dags/example_kubernetes_executor_config.py
[2021-06-15 03:44:52,010] {scheduler_job.py:643} INFO - DAG(s) dict_keys(['example_kubernetes_executor_config']) retrieved from /home/airflow/.local/lib/python3.6/site-packages/airflow/example_dags/example_kubernetes_executor_config.py
[2021-06-15 03:44:52,127] {logging_mixin.py:104} INFO - [2021-06-15 03:44:52,126] {dag.py:1832} INFO - Sync 1 DAGs
[2021-06-15 03:44:52,202] {logging_mixin.py:104} INFO - [2021-06-15 03:44:52,202] {dag.py:2305} INFO - Setting next_dagrun for example_kubernetes_executor_config to None
[2021-06-15 03:44:52,249] {scheduler_job.py:190} INFO - Processing /home/airflow/.local/lib/python3.6/site-packages/airflow/example_dags/example_kubernetes_executor_config.py took 0.345 seconds
[2021-06-15 03:45:22,715] {scheduler_job.py:182} INFO - Started process (PID=2514) to work on /home/airflow/.local/lib/python3.6/site-packages/airflow/example_dags/example_kubernetes_executor_config.py
[2021-06-15 03:45:22,725] {scheduler_job.py:633} INFO - Processing file /home/airflow/.local/lib/python3.6/site-packages/airflow/example_dags/example_kubernetes_executor_config.py for tasks to queue
[2021-06-15 03:45:22,733] {logging_mixin.py:104} INFO - [2021-06-15 03:45:22,732] {dagbag.py:487} INFO - Filling up the DagBag from /home/airflow/.local/lib/python3.6/site-packages/airflow/example_dags/example_kubernetes_executor_config.py
[2021-06-15 03:45:22,808] {scheduler_job.py:643} INFO - DAG(s) dict_keys(['example_kubernetes_executor_config']) retrieved from /home/airflow/.local/lib/python3.6/site-packages/airflow/example_dags/example_kubernetes_executor_config.py
[2021-06-15 03:45:22,986] {logging_mixin.py:104} INFO - [2021-06-15 03:45:22,985] {dag.py:1832} INFO - Sync 1 DAGs
[2021-06-15 03:45:23,118] {logging_mixin.py:104} INFO - [2021-06-15 03:45:23,117] {dag.py:2305} INFO - Setting next_dagrun for example_kubernetes_executor_config to None
[2021-06-15 03:45:23,187] {scheduler_job.py:190} INFO - Processing /home/airflow/.local/lib/python3.6/site-packages/airflow/example_dags/example_kubernetes_executor_config.py took 0.490 seconds
[2021-06-15 03:45:53,513] {scheduler_job.py:182} INFO - Started process (PID=2573) to work on /home/airflow/.local/lib/python3.6/site-packages/airflow/example_dags/example_kubernetes_executor_config.py
[2021-06-15 03:45:53,521] {scheduler_job.py:633} INFO - Processing file /home/airflow/.local/lib/python3.6/site-packages/airflow/example_dags/example_kubernetes_executor_config.py for tasks to queue
[2021-06-15 03:45:53,527] {logging_mixin.py:104} INFO - [2021-06-15 03:45:53,526] {dagbag.py:487} INFO - Filling up the DagBag from /home/airflow/.local/lib/python3.6/site-packages/airflow/example_dags/example_kubernetes_executor_config.py
[2021-06-15 03:45:53,631] {scheduler_job.py:643} INFO - DAG(s) dict_keys(['example_kubernetes_executor_config']) retrieved from /home/airflow/.local/lib/python3.6/site-packages/airflow/example_dags/example_kubernetes_executor_config.py
[2021-06-15 03:45:53,769] {logging_mixin.py:104} INFO - [2021-06-15 03:45:53,769] {dag.py:1832} INFO - Sync 1 DAGs
[2021-06-15 03:45:53,856] {logging_mixin.py:104} INFO - [2021-06-15 03:45:53,856] {dag.py:2305} INFO - Setting next_dagrun for example_kubernetes_executor_config to None
[2021-06-15 03:45:53,904] {scheduler_job.py:190} INFO - Processing /home/airflow/.local/lib/python3.6/site-packages/airflow/example_dags/example_kubernetes_executor_config.py took 0.411 seconds
[2021-06-15 03:46:24,055] {scheduler_job.py:182} INFO - Started process (PID=2631) to work on /home/airflow/.local/lib/python3.6/site-packages/airflow/example_dags/example_kubernetes_executor_config.py
[2021-06-15 03:46:24,066] {scheduler_job.py:633} INFO - Processing file /home/airflow/.local/lib/python3.6/site-packages/airflow/example_dags/example_kubernetes_executor_config.py for tasks to queue
[2021-06-15 03:46:24,073] {logging_mixin.py:104} INFO - [2021-06-15 03:46:24,073] {dagbag.py:487} INFO - Filling up the DagBag from /home/airflow/.local/lib/python3.6/site-packages/airflow/example_dags/example_kubernetes_executor_config.py
[2021-06-15 03:46:24,179] {scheduler_job.py:643} INFO - DAG(s) dict_keys(['example_kubernetes_executor_config']) retrieved from /home/airflow/.local/lib/python3.6/site-packages/airflow/example_dags/example_kubernetes_executor_config.py
[2021-06-15 03:46:24,307] {logging_mixin.py:104} INFO - [2021-06-15 03:46:24,307] {dag.py:1832} INFO - Sync 1 DAGs
[2021-06-15 03:46:24,437] {logging_mixin.py:104} INFO - [2021-06-15 03:46:24,437] {dag.py:2305} INFO - Setting next_dagrun for example_kubernetes_executor_config to None
[2021-06-15 03:46:24,483] {scheduler_job.py:190} INFO - Processing /home/airflow/.local/lib/python3.6/site-packages/airflow/example_dags/example_kubernetes_executor_config.py took 0.451 seconds
[2021-06-15 03:46:54,838] {scheduler_job.py:182} INFO - Started process (PID=2698) to work on /home/airflow/.local/lib/python3.6/site-packages/airflow/example_dags/example_kubernetes_executor_config.py
[2021-06-15 03:46:54,851] {scheduler_job.py:633} INFO - Processing file /home/airflow/.local/lib/python3.6/site-packages/airflow/example_dags/example_kubernetes_executor_config.py for tasks to queue
[2021-06-15 03:46:54,858] {logging_mixin.py:104} INFO - [2021-06-15 03:46:54,857] {dagbag.py:487} INFO - Filling up the DagBag from /home/airflow/.local/lib/python3.6/site-packages/airflow/example_dags/example_kubernetes_executor_config.py
[2021-06-15 03:46:54,922] {scheduler_job.py:643} INFO - DAG(s) dict_keys(['example_kubernetes_executor_config']) retrieved from /home/airflow/.local/lib/python3.6/site-packages/airflow/example_dags/example_kubernetes_executor_config.py
[2021-06-15 03:46:55,029] {logging_mixin.py:104} INFO - [2021-06-15 03:46:55,029] {dag.py:1832} INFO - Sync 1 DAGs
[2021-06-15 03:46:55,101] {logging_mixin.py:104} INFO - [2021-06-15 03:46:55,101] {dag.py:2305} INFO - Setting next_dagrun for example_kubernetes_executor_config to None
[2021-06-15 03:46:55,145] {scheduler_job.py:190} INFO - Processing /home/airflow/.local/lib/python3.6/site-packages/airflow/example_dags/example_kubernetes_executor_config.py took 0.322 seconds
[2021-06-15 03:47:25,353] {scheduler_job.py:182} INFO - Started process (PID=2766) to work on /home/airflow/.local/lib/python3.6/site-packages/airflow/example_dags/example_kubernetes_executor_config.py
[2021-06-15 03:47:25,364] {scheduler_job.py:633} INFO - Processing file /home/airflow/.local/lib/python3.6/site-packages/airflow/example_dags/example_kubernetes_executor_config.py for tasks to queue
[2021-06-15 03:47:25,370] {logging_mixin.py:104} INFO - [2021-06-15 03:47:25,369] {dagbag.py:487} INFO - Filling up the DagBag from /home/airflow/.local/lib/python3.6/site-packages/airflow/example_dags/example_kubernetes_executor_config.py
[2021-06-15 03:47:25,428] {scheduler_job.py:643} INFO - DAG(s) dict_keys(['example_kubernetes_executor_config']) retrieved from /home/airflow/.local/lib/python3.6/site-packages/airflow/example_dags/example_kubernetes_executor_config.py
[2021-06-15 03:47:25,525] {logging_mixin.py:104} INFO - [2021-06-15 03:47:25,525] {dag.py:1832} INFO - Sync 1 DAGs
[2021-06-15 03:47:25,586] {logging_mixin.py:104} INFO - [2021-06-15 03:47:25,586] {dag.py:2305} INFO - Setting next_dagrun for example_kubernetes_executor_config to None
[2021-06-15 03:47:25,641] {scheduler_job.py:190} INFO - Processing /home/airflow/.local/lib/python3.6/site-packages/airflow/example_dags/example_kubernetes_executor_config.py took 0.305 seconds
[2021-06-15 03:47:55,833] {scheduler_job.py:182} INFO - Started process (PID=2828) to work on /home/airflow/.local/lib/python3.6/site-packages/airflow/example_dags/example_kubernetes_executor_config.py
[2021-06-15 03:47:55,840] {scheduler_job.py:633} INFO - Processing file /home/airflow/.local/lib/python3.6/site-packages/airflow/example_dags/example_kubernetes_executor_config.py for tasks to queue
[2021-06-15 03:47:55,845] {logging_mixin.py:104} INFO - [2021-06-15 03:47:55,845] {dagbag.py:487} INFO - Filling up the DagBag from /home/airflow/.local/lib/python3.6/site-packages/airflow/example_dags/example_kubernetes_executor_config.py
[2021-06-15 03:47:55,902] {scheduler_job.py:643} INFO - DAG(s) dict_keys(['example_kubernetes_executor_config']) retrieved from /home/airflow/.local/lib/python3.6/site-packages/airflow/example_dags/example_kubernetes_executor_config.py
[2021-06-15 03:47:55,999] {logging_mixin.py:104} INFO - [2021-06-15 03:47:55,998] {dag.py:1832} INFO - Sync 1 DAGs
[2021-06-15 03:47:56,060] {logging_mixin.py:104} INFO - [2021-06-15 03:47:56,060] {dag.py:2305} INFO - Setting next_dagrun for example_kubernetes_executor_config to None
[2021-06-15 03:47:56,098] {scheduler_job.py:190} INFO - Processing /home/airflow/.local/lib/python3.6/site-packages/airflow/example_dags/example_kubernetes_executor_config.py took 0.279 seconds
[2021-06-15 03:48:26,295] {scheduler_job.py:182} INFO - Started process (PID=2886) to work on /home/airflow/.local/lib/python3.6/site-packages/airflow/example_dags/example_kubernetes_executor_config.py
[2021-06-15 03:48:26,301] {scheduler_job.py:633} INFO - Processing file /home/airflow/.local/lib/python3.6/site-packages/airflow/example_dags/example_kubernetes_executor_config.py for tasks to queue
[2021-06-15 03:48:26,307] {logging_mixin.py:104} INFO - [2021-06-15 03:48:26,306] {dagbag.py:487} INFO - Filling up the DagBag from /home/airflow/.local/lib/python3.6/site-packages/airflow/example_dags/example_kubernetes_executor_config.py
[2021-06-15 03:48:26,364] {scheduler_job.py:643} INFO - DAG(s) dict_keys(['example_kubernetes_executor_config']) retrieved from /home/airflow/.local/lib/python3.6/site-packages/airflow/example_dags/example_kubernetes_executor_config.py
[2021-06-15 03:48:26,461] {logging_mixin.py:104} INFO - [2021-06-15 03:48:26,461] {dag.py:1832} INFO - Sync 1 DAGs
[2021-06-15 03:48:26,524] {logging_mixin.py:104} INFO - [2021-06-15 03:48:26,523] {dag.py:2305} INFO - Setting next_dagrun for example_kubernetes_executor_config to None
[2021-06-15 03:48:26,562] {scheduler_job.py:190} INFO - Processing /home/airflow/.local/lib/python3.6/site-packages/airflow/example_dags/example_kubernetes_executor_config.py took 0.281 seconds
[2021-06-15 03:48:56,844] {scheduler_job.py:182} INFO - Started process (PID=2952) to work on /home/airflow/.local/lib/python3.6/site-packages/airflow/example_dags/example_kubernetes_executor_config.py
[2021-06-15 03:48:56,854] {scheduler_job.py:633} INFO - Processing file /home/airflow/.local/lib/python3.6/site-packages/airflow/example_dags/example_kubernetes_executor_config.py for tasks to queue
[2021-06-15 03:48:56,861] {logging_mixin.py:104} INFO - [2021-06-15 03:48:56,860] {dagbag.py:487} INFO - Filling up the DagBag from /home/airflow/.local/lib/python3.6/site-packages/airflow/example_dags/example_kubernetes_executor_config.py
[2021-06-15 03:48:56,933] {scheduler_job.py:643} INFO - DAG(s) dict_keys(['example_kubernetes_executor_config']) retrieved from /home/airflow/.local/lib/python3.6/site-packages/airflow/example_dags/example_kubernetes_executor_config.py
[2021-06-15 03:48:57,044] {logging_mixin.py:104} INFO - [2021-06-15 03:48:57,043] {dag.py:1832} INFO - Sync 1 DAGs
[2021-06-15 03:48:57,105] {logging_mixin.py:104} INFO - [2021-06-15 03:48:57,105] {dag.py:2305} INFO - Setting next_dagrun for example_kubernetes_executor_config to None
[2021-06-15 03:48:57,150] {scheduler_job.py:190} INFO - Processing /home/airflow/.local/lib/python3.6/site-packages/airflow/example_dags/example_kubernetes_executor_config.py took 0.319 seconds
[2021-06-15 03:49:28,057] {scheduler_job.py:182} INFO - Started process (PID=3020) to work on /home/airflow/.local/lib/python3.6/site-packages/airflow/example_dags/example_kubernetes_executor_config.py
[2021-06-15 03:49:28,064] {scheduler_job.py:633} INFO - Processing file /home/airflow/.local/lib/python3.6/site-packages/airflow/example_dags/example_kubernetes_executor_config.py for tasks to queue
[2021-06-15 03:49:28,069] {logging_mixin.py:104} INFO - [2021-06-15 03:49:28,068] {dagbag.py:487} INFO - Filling up the DagBag from /home/airflow/.local/lib/python3.6/site-packages/airflow/example_dags/example_kubernetes_executor_config.py
[2021-06-15 03:49:28,131] {scheduler_job.py:643} INFO - DAG(s) dict_keys(['example_kubernetes_executor_config']) retrieved from /home/airflow/.local/lib/python3.6/site-packages/airflow/example_dags/example_kubernetes_executor_config.py
[2021-06-15 03:49:28,223] {logging_mixin.py:104} INFO - [2021-06-15 03:49:28,222] {dag.py:1832} INFO - Sync 1 DAGs
[2021-06-15 03:49:28,285] {logging_mixin.py:104} INFO - [2021-06-15 03:49:28,285] {dag.py:2305} INFO - Setting next_dagrun for example_kubernetes_executor_config to None
[2021-06-15 03:49:28,326] {scheduler_job.py:190} INFO - Processing /home/airflow/.local/lib/python3.6/site-packages/airflow/example_dags/example_kubernetes_executor_config.py took 0.283 seconds
[2021-06-15 03:49:58,579] {scheduler_job.py:182} INFO - Started process (PID=3086) to work on /home/airflow/.local/lib/python3.6/site-packages/airflow/example_dags/example_kubernetes_executor_config.py
[2021-06-15 03:49:58,587] {scheduler_job.py:633} INFO - Processing file /home/airflow/.local/lib/python3.6/site-packages/airflow/example_dags/example_kubernetes_executor_config.py for tasks to queue
[2021-06-15 03:49:58,592] {logging_mixin.py:104} INFO - [2021-06-15 03:49:58,591] {dagbag.py:487} INFO - Filling up the DagBag from /home/airflow/.local/lib/python3.6/site-packages/airflow/example_dags/example_kubernetes_executor_config.py
[2021-06-15 03:49:58,653] {scheduler_job.py:643} INFO - DAG(s) dict_keys(['example_kubernetes_executor_config']) retrieved from /home/airflow/.local/lib/python3.6/site-packages/airflow/example_dags/example_kubernetes_executor_config.py
[2021-06-15 03:49:58,766] {logging_mixin.py:104} INFO - [2021-06-15 03:49:58,765] {dag.py:1832} INFO - Sync 1 DAGs
[2021-06-15 03:49:58,840] {logging_mixin.py:104} INFO - [2021-06-15 03:49:58,840] {dag.py:2305} INFO - Setting next_dagrun for example_kubernetes_executor_config to None
[2021-06-15 03:49:58,889] {scheduler_job.py:190} INFO - Processing /home/airflow/.local/lib/python3.6/site-packages/airflow/example_dags/example_kubernetes_executor_config.py took 0.328 seconds
[2021-06-15 03:50:30,278] {scheduler_job.py:182} INFO - Started process (PID=3146) to work on /home/airflow/.local/lib/python3.6/site-packages/airflow/example_dags/example_kubernetes_executor_config.py
[2021-06-15 03:50:30,286] {scheduler_job.py:633} INFO - Processing file /home/airflow/.local/lib/python3.6/site-packages/airflow/example_dags/example_kubernetes_executor_config.py for tasks to queue
[2021-06-15 03:50:30,293] {logging_mixin.py:104} INFO - [2021-06-15 03:50:30,292] {dagbag.py:487} INFO - Filling up the DagBag from /home/airflow/.local/lib/python3.6/site-packages/airflow/example_dags/example_kubernetes_executor_config.py
[2021-06-15 03:50:30,380] {scheduler_job.py:643} INFO - DAG(s) dict_keys(['example_kubernetes_executor_config']) retrieved from /home/airflow/.local/lib/python3.6/site-packages/airflow/example_dags/example_kubernetes_executor_config.py
[2021-06-15 03:50:30,517] {logging_mixin.py:104} INFO - [2021-06-15 03:50:30,516] {dag.py:1832} INFO - Sync 1 DAGs
[2021-06-15 03:50:30,583] {logging_mixin.py:104} INFO - [2021-06-15 03:50:30,582] {dag.py:2305} INFO - Setting next_dagrun for example_kubernetes_executor_config to None
[2021-06-15 03:50:30,628] {scheduler_job.py:190} INFO - Processing /home/airflow/.local/lib/python3.6/site-packages/airflow/example_dags/example_kubernetes_executor_config.py took 0.378 seconds
[2021-06-15 03:51:01,409] {scheduler_job.py:182} INFO - Started process (PID=3211) to work on /home/airflow/.local/lib/python3.6/site-packages/airflow/example_dags/example_kubernetes_executor_config.py
[2021-06-15 03:51:01,416] {scheduler_job.py:633} INFO - Processing file /home/airflow/.local/lib/python3.6/site-packages/airflow/example_dags/example_kubernetes_executor_config.py for tasks to queue
[2021-06-15 03:51:01,424] {logging_mixin.py:104} INFO - [2021-06-15 03:51:01,422] {dagbag.py:487} INFO - Filling up the DagBag from /home/airflow/.local/lib/python3.6/site-packages/airflow/example_dags/example_kubernetes_executor_config.py
[2021-06-15 03:51:01,487] {scheduler_job.py:643} INFO - DAG(s) dict_keys(['example_kubernetes_executor_config']) retrieved from /home/airflow/.local/lib/python3.6/site-packages/airflow/example_dags/example_kubernetes_executor_config.py
[2021-06-15 03:51:01,604] {logging_mixin.py:104} INFO - [2021-06-15 03:51:01,603] {dag.py:1832} INFO - Sync 1 DAGs
[2021-06-15 03:51:01,669] {logging_mixin.py:104} INFO - [2021-06-15 03:51:01,669] {dag.py:2305} INFO - Setting next_dagrun for example_kubernetes_executor_config to None
[2021-06-15 03:51:01,709] {scheduler_job.py:190} INFO - Processing /home/airflow/.local/lib/python3.6/site-packages/airflow/example_dags/example_kubernetes_executor_config.py took 0.317 seconds
[2021-06-15 03:51:32,395] {scheduler_job.py:182} INFO - Started process (PID=3270) to work on /home/airflow/.local/lib/python3.6/site-packages/airflow/example_dags/example_kubernetes_executor_config.py
[2021-06-15 03:51:32,405] {scheduler_job.py:633} INFO - Processing file /home/airflow/.local/lib/python3.6/site-packages/airflow/example_dags/example_kubernetes_executor_config.py for tasks to queue
[2021-06-15 03:51:32,412] {logging_mixin.py:104} INFO - [2021-06-15 03:51:32,411] {dagbag.py:487} INFO - Filling up the DagBag from /home/airflow/.local/lib/python3.6/site-packages/airflow/example_dags/example_kubernetes_executor_config.py
[2021-06-15 03:51:32,479] {scheduler_job.py:643} INFO - DAG(s) dict_keys(['example_kubernetes_executor_config']) retrieved from /home/airflow/.local/lib/python3.6/site-packages/airflow/example_dags/example_kubernetes_executor_config.py
[2021-06-15 03:51:32,579] {logging_mixin.py:104} INFO - [2021-06-15 03:51:32,578] {dag.py:1832} INFO - Sync 1 DAGs
[2021-06-15 03:51:32,666] {logging_mixin.py:104} INFO - [2021-06-15 03:51:32,665] {dag.py:2305} INFO - Setting next_dagrun for example_kubernetes_executor_config to None
[2021-06-15 03:51:32,705] {scheduler_job.py:190} INFO - Processing /home/airflow/.local/lib/python3.6/site-packages/airflow/example_dags/example_kubernetes_executor_config.py took 0.325 seconds
[2021-06-15 03:52:02,895] {scheduler_job.py:182} INFO - Started process (PID=3337) to work on /home/airflow/.local/lib/python3.6/site-packages/airflow/example_dags/example_kubernetes_executor_config.py
[2021-06-15 03:52:02,902] {scheduler_job.py:633} INFO - Processing file /home/airflow/.local/lib/python3.6/site-packages/airflow/example_dags/example_kubernetes_executor_config.py for tasks to queue
[2021-06-15 03:52:02,908] {logging_mixin.py:104} INFO - [2021-06-15 03:52:02,907] {dagbag.py:487} INFO - Filling up the DagBag from /home/airflow/.local/lib/python3.6/site-packages/airflow/example_dags/example_kubernetes_executor_config.py
[2021-06-15 03:52:02,970] {scheduler_job.py:643} INFO - DAG(s) dict_keys(['example_kubernetes_executor_config']) retrieved from /home/airflow/.local/lib/python3.6/site-packages/airflow/example_dags/example_kubernetes_executor_config.py
[2021-06-15 03:52:03,067] {logging_mixin.py:104} INFO - [2021-06-15 03:52:03,067] {dag.py:1832} INFO - Sync 1 DAGs
[2021-06-15 03:52:03,132] {logging_mixin.py:104} INFO - [2021-06-15 03:52:03,132] {dag.py:2305} INFO - Setting next_dagrun for example_kubernetes_executor_config to None
[2021-06-15 03:52:03,172] {scheduler_job.py:190} INFO - Processing /home/airflow/.local/lib/python3.6/site-packages/airflow/example_dags/example_kubernetes_executor_config.py took 0.294 seconds
[2021-06-15 03:52:33,596] {scheduler_job.py:182} INFO - Started process (PID=3405) to work on /home/airflow/.local/lib/python3.6/site-packages/airflow/example_dags/example_kubernetes_executor_config.py
[2021-06-15 03:52:33,607] {scheduler_job.py:633} INFO - Processing file /home/airflow/.local/lib/python3.6/site-packages/airflow/example_dags/example_kubernetes_executor_config.py for tasks to queue
[2021-06-15 03:52:33,612] {logging_mixin.py:104} INFO - [2021-06-15 03:52:33,611] {dagbag.py:487} INFO - Filling up the DagBag from /home/airflow/.local/lib/python3.6/site-packages/airflow/example_dags/example_kubernetes_executor_config.py
[2021-06-15 03:52:33,669] {scheduler_job.py:643} INFO - DAG(s) dict_keys(['example_kubernetes_executor_config']) retrieved from /home/airflow/.local/lib/python3.6/site-packages/airflow/example_dags/example_kubernetes_executor_config.py
[2021-06-15 03:52:33,766] {logging_mixin.py:104} INFO - [2021-06-15 03:52:33,765] {dag.py:1832} INFO - Sync 1 DAGs
[2021-06-15 03:52:33,828] {logging_mixin.py:104} INFO - [2021-06-15 03:52:33,828] {dag.py:2305} INFO - Setting next_dagrun for example_kubernetes_executor_config to None
[2021-06-15 03:52:33,865] {scheduler_job.py:190} INFO - Processing /home/airflow/.local/lib/python3.6/site-packages/airflow/example_dags/example_kubernetes_executor_config.py took 0.285 seconds
[2021-06-15 03:53:04,514] {scheduler_job.py:182} INFO - Started process (PID=3474) to work on /home/airflow/.local/lib/python3.6/site-packages/airflow/example_dags/example_kubernetes_executor_config.py
[2021-06-15 03:53:04,522] {scheduler_job.py:633} INFO - Processing file /home/airflow/.local/lib/python3.6/site-packages/airflow/example_dags/example_kubernetes_executor_config.py for tasks to queue
[2021-06-15 03:53:04,527] {logging_mixin.py:104} INFO - [2021-06-15 03:53:04,526] {dagbag.py:487} INFO - Filling up the DagBag from /home/airflow/.local/lib/python3.6/site-packages/airflow/example_dags/example_kubernetes_executor_config.py
[2021-06-15 03:53:04,586] {scheduler_job.py:643} INFO - DAG(s) dict_keys(['example_kubernetes_executor_config']) retrieved from /home/airflow/.local/lib/python3.6/site-packages/airflow/example_dags/example_kubernetes_executor_config.py
[2021-06-15 03:53:04,715] {logging_mixin.py:104} INFO - [2021-06-15 03:53:04,714] {dag.py:1832} INFO - Sync 1 DAGs
[2021-06-15 03:53:04,783] {logging_mixin.py:104} INFO - [2021-06-15 03:53:04,783] {dag.py:2305} INFO - Setting next_dagrun for example_kubernetes_executor_config to None
[2021-06-15 03:53:04,822] {scheduler_job.py:190} INFO - Processing /home/airflow/.local/lib/python3.6/site-packages/airflow/example_dags/example_kubernetes_executor_config.py took 0.324 seconds
[2021-06-15 03:53:35,175] {scheduler_job.py:182} INFO - Started process (PID=3535) to work on /home/airflow/.local/lib/python3.6/site-packages/airflow/example_dags/example_kubernetes_executor_config.py
[2021-06-15 03:53:35,183] {scheduler_job.py:633} INFO - Processing file /home/airflow/.local/lib/python3.6/site-packages/airflow/example_dags/example_kubernetes_executor_config.py for tasks to queue
[2021-06-15 03:53:35,189] {logging_mixin.py:104} INFO - [2021-06-15 03:53:35,188] {dagbag.py:487} INFO - Filling up the DagBag from /home/airflow/.local/lib/python3.6/site-packages/airflow/example_dags/example_kubernetes_executor_config.py
[2021-06-15 03:53:35,252] {scheduler_job.py:643} INFO - DAG(s) dict_keys(['example_kubernetes_executor_config']) retrieved from /home/airflow/.local/lib/python3.6/site-packages/airflow/example_dags/example_kubernetes_executor_config.py
[2021-06-15 03:53:35,365] {logging_mixin.py:104} INFO - [2021-06-15 03:53:35,365] {dag.py:1832} INFO - Sync 1 DAGs
[2021-06-15 03:53:35,456] {logging_mixin.py:104} INFO - [2021-06-15 03:53:35,455] {dag.py:2305} INFO - Setting next_dagrun for example_kubernetes_executor_config to None
[2021-06-15 03:53:35,550] {scheduler_job.py:190} INFO - Processing /home/airflow/.local/lib/python3.6/site-packages/airflow/example_dags/example_kubernetes_executor_config.py took 0.391 seconds
[2021-06-15 03:54:05,986] {scheduler_job.py:182} INFO - Started process (PID=3600) to work on /home/airflow/.local/lib/python3.6/site-packages/airflow/example_dags/example_kubernetes_executor_config.py
[2021-06-15 03:54:05,993] {scheduler_job.py:633} INFO - Processing file /home/airflow/.local/lib/python3.6/site-packages/airflow/example_dags/example_kubernetes_executor_config.py for tasks to queue
[2021-06-15 03:54:05,997] {logging_mixin.py:104} INFO - [2021-06-15 03:54:05,997] {dagbag.py:487} INFO - Filling up the DagBag from /home/airflow/.local/lib/python3.6/site-packages/airflow/example_dags/example_kubernetes_executor_config.py
[2021-06-15 03:54:06,057] {scheduler_job.py:643} INFO - DAG(s) dict_keys(['example_kubernetes_executor_config']) retrieved from /home/airflow/.local/lib/python3.6/site-packages/airflow/example_dags/example_kubernetes_executor_config.py
[2021-06-15 03:54:06,155] {logging_mixin.py:104} INFO - [2021-06-15 03:54:06,155] {dag.py:1832} INFO - Sync 1 DAGs
[2021-06-15 03:54:06,227] {logging_mixin.py:104} INFO - [2021-06-15 03:54:06,226] {dag.py:2305} INFO - Setting next_dagrun for example_kubernetes_executor_config to None
[2021-06-15 03:54:06,270] {scheduler_job.py:190} INFO - Processing /home/airflow/.local/lib/python3.6/site-packages/airflow/example_dags/example_kubernetes_executor_config.py took 0.298 seconds
[2021-06-15 03:54:36,914] {scheduler_job.py:182} INFO - Started process (PID=3660) to work on /home/airflow/.local/lib/python3.6/site-packages/airflow/example_dags/example_kubernetes_executor_config.py
[2021-06-15 03:54:36,920] {scheduler_job.py:633} INFO - Processing file /home/airflow/.local/lib/python3.6/site-packages/airflow/example_dags/example_kubernetes_executor_config.py for tasks to queue
[2021-06-15 03:54:36,926] {logging_mixin.py:104} INFO - [2021-06-15 03:54:36,925] {dagbag.py:487} INFO - Filling up the DagBag from /home/airflow/.local/lib/python3.6/site-packages/airflow/example_dags/example_kubernetes_executor_config.py
[2021-06-15 03:54:36,991] {scheduler_job.py:643} INFO - DAG(s) dict_keys(['example_kubernetes_executor_config']) retrieved from /home/airflow/.local/lib/python3.6/site-packages/airflow/example_dags/example_kubernetes_executor_config.py
[2021-06-15 03:54:37,098] {logging_mixin.py:104} INFO - [2021-06-15 03:54:37,098] {dag.py:1832} INFO - Sync 1 DAGs
[2021-06-15 03:54:37,172] {logging_mixin.py:104} INFO - [2021-06-15 03:54:37,172] {dag.py:2305} INFO - Setting next_dagrun for example_kubernetes_executor_config to None
[2021-06-15 03:54:37,224] {scheduler_job.py:190} INFO - Processing /home/airflow/.local/lib/python3.6/site-packages/airflow/example_dags/example_kubernetes_executor_config.py took 0.330 seconds
[2021-06-15 03:55:07,997] {scheduler_job.py:182} INFO - Started process (PID=3726) to work on /home/airflow/.local/lib/python3.6/site-packages/airflow/example_dags/example_kubernetes_executor_config.py
[2021-06-15 03:55:08,007] {scheduler_job.py:633} INFO - Processing file /home/airflow/.local/lib/python3.6/site-packages/airflow/example_dags/example_kubernetes_executor_config.py for tasks to queue
[2021-06-15 03:55:08,013] {logging_mixin.py:104} INFO - [2021-06-15 03:55:08,013] {dagbag.py:487} INFO - Filling up the DagBag from /home/airflow/.local/lib/python3.6/site-packages/airflow/example_dags/example_kubernetes_executor_config.py
[2021-06-15 03:55:08,082] {scheduler_job.py:643} INFO - DAG(s) dict_keys(['example_kubernetes_executor_config']) retrieved from /home/airflow/.local/lib/python3.6/site-packages/airflow/example_dags/example_kubernetes_executor_config.py
[2021-06-15 03:55:08,188] {logging_mixin.py:104} INFO - [2021-06-15 03:55:08,188] {dag.py:1832} INFO - Sync 1 DAGs
[2021-06-15 03:55:08,253] {logging_mixin.py:104} INFO - [2021-06-15 03:55:08,253] {dag.py:2305} INFO - Setting next_dagrun for example_kubernetes_executor_config to None
[2021-06-15 03:55:08,305] {scheduler_job.py:190} INFO - Processing /home/airflow/.local/lib/python3.6/site-packages/airflow/example_dags/example_kubernetes_executor_config.py took 0.323 seconds
[2021-06-15 03:55:39,173] {scheduler_job.py:182} INFO - Started process (PID=3793) to work on /home/airflow/.local/lib/python3.6/site-packages/airflow/example_dags/example_kubernetes_executor_config.py
[2021-06-15 03:55:39,181] {scheduler_job.py:633} INFO - Processing file /home/airflow/.local/lib/python3.6/site-packages/airflow/example_dags/example_kubernetes_executor_config.py for tasks to queue
[2021-06-15 03:55:39,186] {logging_mixin.py:104} INFO - [2021-06-15 03:55:39,186] {dagbag.py:487} INFO - Filling up the DagBag from /home/airflow/.local/lib/python3.6/site-packages/airflow/example_dags/example_kubernetes_executor_config.py
[2021-06-15 03:55:39,252] {scheduler_job.py:643} INFO - DAG(s) dict_keys(['example_kubernetes_executor_config']) retrieved from /home/airflow/.local/lib/python3.6/site-packages/airflow/example_dags/example_kubernetes_executor_config.py
[2021-06-15 03:55:39,367] {logging_mixin.py:104} INFO - [2021-06-15 03:55:39,367] {dag.py:1832} INFO - Sync 1 DAGs
[2021-06-15 03:55:39,432] {logging_mixin.py:104} INFO - [2021-06-15 03:55:39,432] {dag.py:2305} INFO - Setting next_dagrun for example_kubernetes_executor_config to None
[2021-06-15 03:55:39,475] {scheduler_job.py:190} INFO - Processing /home/airflow/.local/lib/python3.6/site-packages/airflow/example_dags/example_kubernetes_executor_config.py took 0.316 seconds
[2021-06-15 03:56:10,196] {scheduler_job.py:182} INFO - Started process (PID=3860) to work on /home/airflow/.local/lib/python3.6/site-packages/airflow/example_dags/example_kubernetes_executor_config.py
[2021-06-15 03:56:10,204] {scheduler_job.py:633} INFO - Processing file /home/airflow/.local/lib/python3.6/site-packages/airflow/example_dags/example_kubernetes_executor_config.py for tasks to queue
[2021-06-15 03:56:10,209] {logging_mixin.py:104} INFO - [2021-06-15 03:56:10,208] {dagbag.py:487} INFO - Filling up the DagBag from /home/airflow/.local/lib/python3.6/site-packages/airflow/example_dags/example_kubernetes_executor_config.py
[2021-06-15 03:56:10,270] {scheduler_job.py:643} INFO - DAG(s) dict_keys(['example_kubernetes_executor_config']) retrieved from /home/airflow/.local/lib/python3.6/site-packages/airflow/example_dags/example_kubernetes_executor_config.py
[2021-06-15 03:56:10,422] {logging_mixin.py:104} INFO - [2021-06-15 03:56:10,421] {dag.py:1832} INFO - Sync 1 DAGs
[2021-06-15 03:56:10,510] {logging_mixin.py:104} INFO - [2021-06-15 03:56:10,510] {dag.py:2305} INFO - Setting next_dagrun for example_kubernetes_executor_config to None
[2021-06-15 03:56:10,579] {scheduler_job.py:190} INFO - Processing /home/airflow/.local/lib/python3.6/site-packages/airflow/example_dags/example_kubernetes_executor_config.py took 0.397 seconds
[2021-06-15 03:56:41,533] {scheduler_job.py:182} INFO - Started process (PID=3919) to work on /home/airflow/.local/lib/python3.6/site-packages/airflow/example_dags/example_kubernetes_executor_config.py
[2021-06-15 03:56:41,540] {scheduler_job.py:633} INFO - Processing file /home/airflow/.local/lib/python3.6/site-packages/airflow/example_dags/example_kubernetes_executor_config.py for tasks to queue
[2021-06-15 03:56:41,545] {logging_mixin.py:104} INFO - [2021-06-15 03:56:41,545] {dagbag.py:487} INFO - Filling up the DagBag from /home/airflow/.local/lib/python3.6/site-packages/airflow/example_dags/example_kubernetes_executor_config.py
[2021-06-15 03:56:41,604] {scheduler_job.py:643} INFO - DAG(s) dict_keys(['example_kubernetes_executor_config']) retrieved from /home/airflow/.local/lib/python3.6/site-packages/airflow/example_dags/example_kubernetes_executor_config.py
[2021-06-15 03:56:41,702] {logging_mixin.py:104} INFO - [2021-06-15 03:56:41,702] {dag.py:1832} INFO - Sync 1 DAGs
[2021-06-15 03:56:41,777] {logging_mixin.py:104} INFO - [2021-06-15 03:56:41,777] {dag.py:2305} INFO - Setting next_dagrun for example_kubernetes_executor_config to None
[2021-06-15 03:56:41,823] {scheduler_job.py:190} INFO - Processing /home/airflow/.local/lib/python3.6/site-packages/airflow/example_dags/example_kubernetes_executor_config.py took 0.304 seconds
[2021-06-15 03:57:12,001] {scheduler_job.py:182} INFO - Started process (PID=3975) to work on /home/airflow/.local/lib/python3.6/site-packages/airflow/example_dags/example_kubernetes_executor_config.py
[2021-06-15 03:57:12,010] {scheduler_job.py:633} INFO - Processing file /home/airflow/.local/lib/python3.6/site-packages/airflow/example_dags/example_kubernetes_executor_config.py for tasks to queue
[2021-06-15 03:57:12,016] {logging_mixin.py:104} INFO - [2021-06-15 03:57:12,015] {dagbag.py:487} INFO - Filling up the DagBag from /home/airflow/.local/lib/python3.6/site-packages/airflow/example_dags/example_kubernetes_executor_config.py
[2021-06-15 03:57:12,097] {scheduler_job.py:643} INFO - DAG(s) dict_keys(['example_kubernetes_executor_config']) retrieved from /home/airflow/.local/lib/python3.6/site-packages/airflow/example_dags/example_kubernetes_executor_config.py
[2021-06-15 03:57:12,218] {logging_mixin.py:104} INFO - [2021-06-15 03:57:12,218] {dag.py:1832} INFO - Sync 1 DAGs
[2021-06-15 03:57:12,285] {logging_mixin.py:104} INFO - [2021-06-15 03:57:12,285] {dag.py:2305} INFO - Setting next_dagrun for example_kubernetes_executor_config to None
[2021-06-15 03:57:12,350] {scheduler_job.py:190} INFO - Processing /home/airflow/.local/lib/python3.6/site-packages/airflow/example_dags/example_kubernetes_executor_config.py took 0.363 seconds
[2021-06-15 03:57:42,822] {scheduler_job.py:182} INFO - Started process (PID=4043) to work on /home/airflow/.local/lib/python3.6/site-packages/airflow/example_dags/example_kubernetes_executor_config.py
[2021-06-15 03:57:42,834] {scheduler_job.py:633} INFO - Processing file /home/airflow/.local/lib/python3.6/site-packages/airflow/example_dags/example_kubernetes_executor_config.py for tasks to queue
[2021-06-15 03:57:42,843] {logging_mixin.py:104} INFO - [2021-06-15 03:57:42,842] {dagbag.py:487} INFO - Filling up the DagBag from /home/airflow/.local/lib/python3.6/site-packages/airflow/example_dags/example_kubernetes_executor_config.py
[2021-06-15 03:57:42,916] {scheduler_job.py:643} INFO - DAG(s) dict_keys(['example_kubernetes_executor_config']) retrieved from /home/airflow/.local/lib/python3.6/site-packages/airflow/example_dags/example_kubernetes_executor_config.py
[2021-06-15 03:57:43,017] {logging_mixin.py:104} INFO - [2021-06-15 03:57:43,017] {dag.py:1832} INFO - Sync 1 DAGs
[2021-06-15 03:57:43,090] {logging_mixin.py:104} INFO - [2021-06-15 03:57:43,090] {dag.py:2305} INFO - Setting next_dagrun for example_kubernetes_executor_config to None
[2021-06-15 03:57:43,136] {scheduler_job.py:190} INFO - Processing /home/airflow/.local/lib/python3.6/site-packages/airflow/example_dags/example_kubernetes_executor_config.py took 0.338 seconds
[2021-06-15 04:02:29,189] {scheduler_job.py:182} INFO - Started process (PID=139) to work on /home/airflow/.local/lib/python3.6/site-packages/airflow/example_dags/example_kubernetes_executor_config.py
[2021-06-15 04:02:29,199] {scheduler_job.py:633} INFO - Processing file /home/airflow/.local/lib/python3.6/site-packages/airflow/example_dags/example_kubernetes_executor_config.py for tasks to queue
[2021-06-15 04:02:29,205] {logging_mixin.py:104} INFO - [2021-06-15 04:02:29,204] {dagbag.py:487} INFO - Filling up the DagBag from /home/airflow/.local/lib/python3.6/site-packages/airflow/example_dags/example_kubernetes_executor_config.py
[2021-06-15 04:02:29,290] {scheduler_job.py:643} INFO - DAG(s) dict_keys(['example_kubernetes_executor_config']) retrieved from /home/airflow/.local/lib/python3.6/site-packages/airflow/example_dags/example_kubernetes_executor_config.py
[2021-06-15 04:02:37,979] {logging_mixin.py:104} INFO - [2021-06-15 04:02:37,979] {dag.py:1832} INFO - Sync 1 DAGs
[2021-06-15 04:02:38,030] {logging_mixin.py:104} INFO - [2021-06-15 04:02:38,026] {dag.py:1851} INFO - Creating ORM DAG for example_kubernetes_executor_config
[2021-06-15 04:02:38,056] {logging_mixin.py:104} INFO - [2021-06-15 04:02:38,056] {dag.py:2305} INFO - Setting next_dagrun for example_kubernetes_executor_config to None
[2021-06-15 04:02:38,112] {scheduler_job.py:190} INFO - Processing /home/airflow/.local/lib/python3.6/site-packages/airflow/example_dags/example_kubernetes_executor_config.py took 8.975 seconds
[2021-06-15 04:04:03,788] {scheduler_job.py:182} INFO - Started process (PID=280) to work on /home/airflow/.local/lib/python3.6/site-packages/airflow/example_dags/example_kubernetes_executor_config.py
[2021-06-15 04:04:03,801] {scheduler_job.py:633} INFO - Processing file /home/airflow/.local/lib/python3.6/site-packages/airflow/example_dags/example_kubernetes_executor_config.py for tasks to queue
[2021-06-15 04:04:03,809] {logging_mixin.py:104} INFO - [2021-06-15 04:04:03,808] {dagbag.py:487} INFO - Filling up the DagBag from /home/airflow/.local/lib/python3.6/site-packages/airflow/example_dags/example_kubernetes_executor_config.py
[2021-06-15 04:04:03,908] {scheduler_job.py:643} INFO - DAG(s) dict_keys(['example_kubernetes_executor_config']) retrieved from /home/airflow/.local/lib/python3.6/site-packages/airflow/example_dags/example_kubernetes_executor_config.py
[2021-06-15 04:04:04,041] {logging_mixin.py:104} INFO - [2021-06-15 04:04:04,040] {dag.py:1832} INFO - Sync 1 DAGs
[2021-06-15 04:04:04,125] {logging_mixin.py:104} INFO - [2021-06-15 04:04:04,124] {dag.py:2305} INFO - Setting next_dagrun for example_kubernetes_executor_config to None
[2021-06-15 04:04:04,183] {scheduler_job.py:190} INFO - Processing /home/airflow/.local/lib/python3.6/site-packages/airflow/example_dags/example_kubernetes_executor_config.py took 0.420 seconds
[2021-06-15 04:04:34,395] {scheduler_job.py:182} INFO - Started process (PID=336) to work on /home/airflow/.local/lib/python3.6/site-packages/airflow/example_dags/example_kubernetes_executor_config.py
[2021-06-15 04:04:34,407] {scheduler_job.py:633} INFO - Processing file /home/airflow/.local/lib/python3.6/site-packages/airflow/example_dags/example_kubernetes_executor_config.py for tasks to queue
[2021-06-15 04:04:34,426] {logging_mixin.py:104} INFO - [2021-06-15 04:04:34,421] {dagbag.py:487} INFO - Filling up the DagBag from /home/airflow/.local/lib/python3.6/site-packages/airflow/example_dags/example_kubernetes_executor_config.py
[2021-06-15 04:04:34,520] {scheduler_job.py:643} INFO - DAG(s) dict_keys(['example_kubernetes_executor_config']) retrieved from /home/airflow/.local/lib/python3.6/site-packages/airflow/example_dags/example_kubernetes_executor_config.py
[2021-06-15 04:04:34,932] {logging_mixin.py:104} INFO - [2021-06-15 04:04:34,930] {dag.py:1832} INFO - Sync 1 DAGs
[2021-06-15 04:04:35,015] {logging_mixin.py:104} INFO - [2021-06-15 04:04:35,015] {dag.py:2305} INFO - Setting next_dagrun for example_kubernetes_executor_config to None
[2021-06-15 04:04:35,063] {scheduler_job.py:190} INFO - Processing /home/airflow/.local/lib/python3.6/site-packages/airflow/example_dags/example_kubernetes_executor_config.py took 0.692 seconds
