[2021-06-15 03:25:24,232] {scheduler_job.py:182} INFO - Started process (PID=72) to work on /home/airflow/.local/lib/python3.6/site-packages/airflow/example_dags/example_branch_datetime_operator.py
[2021-06-15 03:25:24,240] {scheduler_job.py:633} INFO - Processing file /home/airflow/.local/lib/python3.6/site-packages/airflow/example_dags/example_branch_datetime_operator.py for tasks to queue
[2021-06-15 03:25:24,245] {logging_mixin.py:104} INFO - [2021-06-15 03:25:24,245] {dagbag.py:487} INFO - Filling up the DagBag from /home/airflow/.local/lib/python3.6/site-packages/airflow/example_dags/example_branch_datetime_operator.py
[2021-06-15 03:25:24,318] {scheduler_job.py:643} INFO - DAG(s) dict_keys(['example_branch_datetime_operator_2']) retrieved from /home/airflow/.local/lib/python3.6/site-packages/airflow/example_dags/example_branch_datetime_operator.py
[2021-06-15 03:25:25,223] {logging_mixin.py:104} INFO - [2021-06-15 03:25:25,223] {dag.py:1832} INFO - Sync 1 DAGs
[2021-06-15 03:25:25,315] {logging_mixin.py:104} INFO - [2021-06-15 03:25:25,314] {dag.py:2305} INFO - Setting next_dagrun for example_branch_datetime_operator_2 to 2021-06-13 00:00:00+00:00
[2021-06-15 03:25:25,361] {scheduler_job.py:190} INFO - Processing /home/airflow/.local/lib/python3.6/site-packages/airflow/example_dags/example_branch_datetime_operator.py took 1.145 seconds
[2021-06-15 03:25:56,472] {scheduler_job.py:182} INFO - Started process (PID=141) to work on /home/airflow/.local/lib/python3.6/site-packages/airflow/example_dags/example_branch_datetime_operator.py
[2021-06-15 03:25:56,480] {scheduler_job.py:633} INFO - Processing file /home/airflow/.local/lib/python3.6/site-packages/airflow/example_dags/example_branch_datetime_operator.py for tasks to queue
[2021-06-15 03:25:56,487] {logging_mixin.py:104} INFO - [2021-06-15 03:25:56,486] {dagbag.py:487} INFO - Filling up the DagBag from /home/airflow/.local/lib/python3.6/site-packages/airflow/example_dags/example_branch_datetime_operator.py
[2021-06-15 03:25:56,585] {scheduler_job.py:643} INFO - DAG(s) dict_keys(['example_branch_datetime_operator_2']) retrieved from /home/airflow/.local/lib/python3.6/site-packages/airflow/example_dags/example_branch_datetime_operator.py
[2021-06-15 03:25:56,752] {logging_mixin.py:104} INFO - [2021-06-15 03:25:56,751] {dag.py:1832} INFO - Sync 1 DAGs
[2021-06-15 03:25:57,058] {logging_mixin.py:104} INFO - [2021-06-15 03:25:57,058] {dag.py:2305} INFO - Setting next_dagrun for example_branch_datetime_operator_2 to 2021-06-13 00:00:00+00:00
[2021-06-15 03:25:57,147] {scheduler_job.py:190} INFO - Processing /home/airflow/.local/lib/python3.6/site-packages/airflow/example_dags/example_branch_datetime_operator.py took 0.696 seconds
[2021-06-15 03:26:28,288] {scheduler_job.py:182} INFO - Started process (PID=201) to work on /home/airflow/.local/lib/python3.6/site-packages/airflow/example_dags/example_branch_datetime_operator.py
[2021-06-15 03:26:28,299] {scheduler_job.py:633} INFO - Processing file /home/airflow/.local/lib/python3.6/site-packages/airflow/example_dags/example_branch_datetime_operator.py for tasks to queue
[2021-06-15 03:26:28,305] {logging_mixin.py:104} INFO - [2021-06-15 03:26:28,305] {dagbag.py:487} INFO - Filling up the DagBag from /home/airflow/.local/lib/python3.6/site-packages/airflow/example_dags/example_branch_datetime_operator.py
[2021-06-15 03:26:28,370] {scheduler_job.py:643} INFO - DAG(s) dict_keys(['example_branch_datetime_operator_2']) retrieved from /home/airflow/.local/lib/python3.6/site-packages/airflow/example_dags/example_branch_datetime_operator.py
[2021-06-15 03:26:28,495] {logging_mixin.py:104} INFO - [2021-06-15 03:26:28,494] {dag.py:1832} INFO - Sync 1 DAGs
[2021-06-15 03:26:28,598] {logging_mixin.py:104} INFO - [2021-06-15 03:26:28,598] {dag.py:2305} INFO - Setting next_dagrun for example_branch_datetime_operator_2 to 2021-06-13 00:00:00+00:00
[2021-06-15 03:26:28,649] {scheduler_job.py:190} INFO - Processing /home/airflow/.local/lib/python3.6/site-packages/airflow/example_dags/example_branch_datetime_operator.py took 0.380 seconds
[2021-06-15 03:26:58,910] {scheduler_job.py:182} INFO - Started process (PID=258) to work on /home/airflow/.local/lib/python3.6/site-packages/airflow/example_dags/example_branch_datetime_operator.py
[2021-06-15 03:26:58,923] {scheduler_job.py:633} INFO - Processing file /home/airflow/.local/lib/python3.6/site-packages/airflow/example_dags/example_branch_datetime_operator.py for tasks to queue
[2021-06-15 03:26:58,928] {logging_mixin.py:104} INFO - [2021-06-15 03:26:58,927] {dagbag.py:487} INFO - Filling up the DagBag from /home/airflow/.local/lib/python3.6/site-packages/airflow/example_dags/example_branch_datetime_operator.py
[2021-06-15 03:26:58,993] {scheduler_job.py:643} INFO - DAG(s) dict_keys(['example_branch_datetime_operator_2']) retrieved from /home/airflow/.local/lib/python3.6/site-packages/airflow/example_dags/example_branch_datetime_operator.py
[2021-06-15 03:26:59,112] {logging_mixin.py:104} INFO - [2021-06-15 03:26:59,112] {dag.py:1832} INFO - Sync 1 DAGs
[2021-06-15 03:26:59,216] {logging_mixin.py:104} INFO - [2021-06-15 03:26:59,216] {dag.py:2305} INFO - Setting next_dagrun for example_branch_datetime_operator_2 to 2021-06-13 00:00:00+00:00
[2021-06-15 03:26:59,272] {scheduler_job.py:190} INFO - Processing /home/airflow/.local/lib/python3.6/site-packages/airflow/example_dags/example_branch_datetime_operator.py took 0.383 seconds
[2021-06-15 03:27:30,100] {scheduler_job.py:182} INFO - Started process (PID=325) to work on /home/airflow/.local/lib/python3.6/site-packages/airflow/example_dags/example_branch_datetime_operator.py
[2021-06-15 03:27:30,108] {scheduler_job.py:633} INFO - Processing file /home/airflow/.local/lib/python3.6/site-packages/airflow/example_dags/example_branch_datetime_operator.py for tasks to queue
[2021-06-15 03:27:30,115] {logging_mixin.py:104} INFO - [2021-06-15 03:27:30,114] {dagbag.py:487} INFO - Filling up the DagBag from /home/airflow/.local/lib/python3.6/site-packages/airflow/example_dags/example_branch_datetime_operator.py
[2021-06-15 03:27:30,172] {scheduler_job.py:643} INFO - DAG(s) dict_keys(['example_branch_datetime_operator_2']) retrieved from /home/airflow/.local/lib/python3.6/site-packages/airflow/example_dags/example_branch_datetime_operator.py
[2021-06-15 03:27:30,291] {logging_mixin.py:104} INFO - [2021-06-15 03:27:30,291] {dag.py:1832} INFO - Sync 1 DAGs
[2021-06-15 03:27:30,390] {logging_mixin.py:104} INFO - [2021-06-15 03:27:30,390] {dag.py:2305} INFO - Setting next_dagrun for example_branch_datetime_operator_2 to 2021-06-13 00:00:00+00:00
[2021-06-15 03:27:30,447] {scheduler_job.py:190} INFO - Processing /home/airflow/.local/lib/python3.6/site-packages/airflow/example_dags/example_branch_datetime_operator.py took 0.364 seconds
[2021-06-15 03:28:01,090] {scheduler_job.py:182} INFO - Started process (PID=393) to work on /home/airflow/.local/lib/python3.6/site-packages/airflow/example_dags/example_branch_datetime_operator.py
[2021-06-15 03:28:01,097] {scheduler_job.py:633} INFO - Processing file /home/airflow/.local/lib/python3.6/site-packages/airflow/example_dags/example_branch_datetime_operator.py for tasks to queue
[2021-06-15 03:28:01,102] {logging_mixin.py:104} INFO - [2021-06-15 03:28:01,101] {dagbag.py:487} INFO - Filling up the DagBag from /home/airflow/.local/lib/python3.6/site-packages/airflow/example_dags/example_branch_datetime_operator.py
[2021-06-15 03:28:01,166] {scheduler_job.py:643} INFO - DAG(s) dict_keys(['example_branch_datetime_operator_2']) retrieved from /home/airflow/.local/lib/python3.6/site-packages/airflow/example_dags/example_branch_datetime_operator.py
[2021-06-15 03:28:01,281] {logging_mixin.py:104} INFO - [2021-06-15 03:28:01,281] {dag.py:1832} INFO - Sync 1 DAGs
[2021-06-15 03:28:01,372] {logging_mixin.py:104} INFO - [2021-06-15 03:28:01,371] {dag.py:2305} INFO - Setting next_dagrun for example_branch_datetime_operator_2 to 2021-06-13 00:00:00+00:00
[2021-06-15 03:28:01,419] {scheduler_job.py:190} INFO - Processing /home/airflow/.local/lib/python3.6/site-packages/airflow/example_dags/example_branch_datetime_operator.py took 0.346 seconds
[2021-06-15 03:28:32,084] {scheduler_job.py:182} INFO - Started process (PID=453) to work on /home/airflow/.local/lib/python3.6/site-packages/airflow/example_dags/example_branch_datetime_operator.py
[2021-06-15 03:28:32,095] {scheduler_job.py:633} INFO - Processing file /home/airflow/.local/lib/python3.6/site-packages/airflow/example_dags/example_branch_datetime_operator.py for tasks to queue
[2021-06-15 03:28:32,103] {logging_mixin.py:104} INFO - [2021-06-15 03:28:32,102] {dagbag.py:487} INFO - Filling up the DagBag from /home/airflow/.local/lib/python3.6/site-packages/airflow/example_dags/example_branch_datetime_operator.py
[2021-06-15 03:28:32,173] {scheduler_job.py:643} INFO - DAG(s) dict_keys(['example_branch_datetime_operator_2']) retrieved from /home/airflow/.local/lib/python3.6/site-packages/airflow/example_dags/example_branch_datetime_operator.py
[2021-06-15 03:28:32,341] {logging_mixin.py:104} INFO - [2021-06-15 03:28:32,340] {dag.py:1832} INFO - Sync 1 DAGs
[2021-06-15 03:28:32,436] {logging_mixin.py:104} INFO - [2021-06-15 03:28:32,436] {dag.py:2305} INFO - Setting next_dagrun for example_branch_datetime_operator_2 to 2021-06-13 00:00:00+00:00
[2021-06-15 03:28:32,487] {scheduler_job.py:190} INFO - Processing /home/airflow/.local/lib/python3.6/site-packages/airflow/example_dags/example_branch_datetime_operator.py took 0.447 seconds
[2021-06-15 03:29:02,800] {scheduler_job.py:182} INFO - Started process (PID=516) to work on /home/airflow/.local/lib/python3.6/site-packages/airflow/example_dags/example_branch_datetime_operator.py
[2021-06-15 03:29:02,807] {scheduler_job.py:633} INFO - Processing file /home/airflow/.local/lib/python3.6/site-packages/airflow/example_dags/example_branch_datetime_operator.py for tasks to queue
[2021-06-15 03:29:02,813] {logging_mixin.py:104} INFO - [2021-06-15 03:29:02,812] {dagbag.py:487} INFO - Filling up the DagBag from /home/airflow/.local/lib/python3.6/site-packages/airflow/example_dags/example_branch_datetime_operator.py
[2021-06-15 03:29:02,868] {scheduler_job.py:643} INFO - DAG(s) dict_keys(['example_branch_datetime_operator_2']) retrieved from /home/airflow/.local/lib/python3.6/site-packages/airflow/example_dags/example_branch_datetime_operator.py
[2021-06-15 03:29:02,970] {logging_mixin.py:104} INFO - [2021-06-15 03:29:02,969] {dag.py:1832} INFO - Sync 1 DAGs
[2021-06-15 03:29:03,054] {logging_mixin.py:104} INFO - [2021-06-15 03:29:03,054] {dag.py:2305} INFO - Setting next_dagrun for example_branch_datetime_operator_2 to 2021-06-13 00:00:00+00:00
[2021-06-15 03:29:03,102] {scheduler_job.py:190} INFO - Processing /home/airflow/.local/lib/python3.6/site-packages/airflow/example_dags/example_branch_datetime_operator.py took 0.318 seconds
[2021-06-15 03:29:33,577] {scheduler_job.py:182} INFO - Started process (PID=576) to work on /home/airflow/.local/lib/python3.6/site-packages/airflow/example_dags/example_branch_datetime_operator.py
[2021-06-15 03:29:33,583] {scheduler_job.py:633} INFO - Processing file /home/airflow/.local/lib/python3.6/site-packages/airflow/example_dags/example_branch_datetime_operator.py for tasks to queue
[2021-06-15 03:29:33,589] {logging_mixin.py:104} INFO - [2021-06-15 03:29:33,588] {dagbag.py:487} INFO - Filling up the DagBag from /home/airflow/.local/lib/python3.6/site-packages/airflow/example_dags/example_branch_datetime_operator.py
[2021-06-15 03:29:33,650] {scheduler_job.py:643} INFO - DAG(s) dict_keys(['example_branch_datetime_operator_2']) retrieved from /home/airflow/.local/lib/python3.6/site-packages/airflow/example_dags/example_branch_datetime_operator.py
[2021-06-15 03:29:33,752] {logging_mixin.py:104} INFO - [2021-06-15 03:29:33,752] {dag.py:1832} INFO - Sync 1 DAGs
[2021-06-15 03:29:33,839] {logging_mixin.py:104} INFO - [2021-06-15 03:29:33,838] {dag.py:2305} INFO - Setting next_dagrun for example_branch_datetime_operator_2 to 2021-06-13 00:00:00+00:00
[2021-06-15 03:29:33,882] {scheduler_job.py:190} INFO - Processing /home/airflow/.local/lib/python3.6/site-packages/airflow/example_dags/example_branch_datetime_operator.py took 0.321 seconds
[2021-06-15 03:30:04,243] {scheduler_job.py:182} INFO - Started process (PID=642) to work on /home/airflow/.local/lib/python3.6/site-packages/airflow/example_dags/example_branch_datetime_operator.py
[2021-06-15 03:30:04,254] {scheduler_job.py:633} INFO - Processing file /home/airflow/.local/lib/python3.6/site-packages/airflow/example_dags/example_branch_datetime_operator.py for tasks to queue
[2021-06-15 03:30:04,261] {logging_mixin.py:104} INFO - [2021-06-15 03:30:04,260] {dagbag.py:487} INFO - Filling up the DagBag from /home/airflow/.local/lib/python3.6/site-packages/airflow/example_dags/example_branch_datetime_operator.py
[2021-06-15 03:30:04,313] {scheduler_job.py:643} INFO - DAG(s) dict_keys(['example_branch_datetime_operator_2']) retrieved from /home/airflow/.local/lib/python3.6/site-packages/airflow/example_dags/example_branch_datetime_operator.py
[2021-06-15 03:30:04,408] {logging_mixin.py:104} INFO - [2021-06-15 03:30:04,408] {dag.py:1832} INFO - Sync 1 DAGs
[2021-06-15 03:30:04,482] {logging_mixin.py:104} INFO - [2021-06-15 03:30:04,482] {dag.py:2305} INFO - Setting next_dagrun for example_branch_datetime_operator_2 to 2021-06-13 00:00:00+00:00
[2021-06-15 03:30:04,527] {scheduler_job.py:190} INFO - Processing /home/airflow/.local/lib/python3.6/site-packages/airflow/example_dags/example_branch_datetime_operator.py took 0.301 seconds
[2021-06-15 03:30:34,830] {scheduler_job.py:182} INFO - Started process (PID=710) to work on /home/airflow/.local/lib/python3.6/site-packages/airflow/example_dags/example_branch_datetime_operator.py
[2021-06-15 03:30:34,836] {scheduler_job.py:633} INFO - Processing file /home/airflow/.local/lib/python3.6/site-packages/airflow/example_dags/example_branch_datetime_operator.py for tasks to queue
[2021-06-15 03:30:34,841] {logging_mixin.py:104} INFO - [2021-06-15 03:30:34,841] {dagbag.py:487} INFO - Filling up the DagBag from /home/airflow/.local/lib/python3.6/site-packages/airflow/example_dags/example_branch_datetime_operator.py
[2021-06-15 03:30:34,893] {scheduler_job.py:643} INFO - DAG(s) dict_keys(['example_branch_datetime_operator_2']) retrieved from /home/airflow/.local/lib/python3.6/site-packages/airflow/example_dags/example_branch_datetime_operator.py
[2021-06-15 03:30:34,985] {logging_mixin.py:104} INFO - [2021-06-15 03:30:34,985] {dag.py:1832} INFO - Sync 1 DAGs
[2021-06-15 03:30:35,057] {logging_mixin.py:104} INFO - [2021-06-15 03:30:35,057] {dag.py:2305} INFO - Setting next_dagrun for example_branch_datetime_operator_2 to 2021-06-13 00:00:00+00:00
[2021-06-15 03:30:35,095] {scheduler_job.py:190} INFO - Processing /home/airflow/.local/lib/python3.6/site-packages/airflow/example_dags/example_branch_datetime_operator.py took 0.279 seconds
[2021-06-15 03:31:05,259] {scheduler_job.py:182} INFO - Started process (PID=770) to work on /home/airflow/.local/lib/python3.6/site-packages/airflow/example_dags/example_branch_datetime_operator.py
[2021-06-15 03:31:05,266] {scheduler_job.py:633} INFO - Processing file /home/airflow/.local/lib/python3.6/site-packages/airflow/example_dags/example_branch_datetime_operator.py for tasks to queue
[2021-06-15 03:31:05,271] {logging_mixin.py:104} INFO - [2021-06-15 03:31:05,271] {dagbag.py:487} INFO - Filling up the DagBag from /home/airflow/.local/lib/python3.6/site-packages/airflow/example_dags/example_branch_datetime_operator.py
[2021-06-15 03:31:05,321] {scheduler_job.py:643} INFO - DAG(s) dict_keys(['example_branch_datetime_operator_2']) retrieved from /home/airflow/.local/lib/python3.6/site-packages/airflow/example_dags/example_branch_datetime_operator.py
[2021-06-15 03:31:05,414] {logging_mixin.py:104} INFO - [2021-06-15 03:31:05,413] {dag.py:1832} INFO - Sync 1 DAGs
[2021-06-15 03:31:05,507] {logging_mixin.py:104} INFO - [2021-06-15 03:31:05,506] {dag.py:2305} INFO - Setting next_dagrun for example_branch_datetime_operator_2 to 2021-06-13 00:00:00+00:00
[2021-06-15 03:31:05,548] {scheduler_job.py:190} INFO - Processing /home/airflow/.local/lib/python3.6/site-packages/airflow/example_dags/example_branch_datetime_operator.py took 0.303 seconds
[2021-06-15 03:31:35,956] {scheduler_job.py:182} INFO - Started process (PID=828) to work on /home/airflow/.local/lib/python3.6/site-packages/airflow/example_dags/example_branch_datetime_operator.py
[2021-06-15 03:31:35,964] {scheduler_job.py:633} INFO - Processing file /home/airflow/.local/lib/python3.6/site-packages/airflow/example_dags/example_branch_datetime_operator.py for tasks to queue
[2021-06-15 03:31:35,969] {logging_mixin.py:104} INFO - [2021-06-15 03:31:35,969] {dagbag.py:487} INFO - Filling up the DagBag from /home/airflow/.local/lib/python3.6/site-packages/airflow/example_dags/example_branch_datetime_operator.py
[2021-06-15 03:31:36,034] {scheduler_job.py:643} INFO - DAG(s) dict_keys(['example_branch_datetime_operator_2']) retrieved from /home/airflow/.local/lib/python3.6/site-packages/airflow/example_dags/example_branch_datetime_operator.py
[2021-06-15 03:31:36,130] {logging_mixin.py:104} INFO - [2021-06-15 03:31:36,130] {dag.py:1832} INFO - Sync 1 DAGs
[2021-06-15 03:31:36,214] {logging_mixin.py:104} INFO - [2021-06-15 03:31:36,213] {dag.py:2305} INFO - Setting next_dagrun for example_branch_datetime_operator_2 to 2021-06-13 00:00:00+00:00
[2021-06-15 03:31:36,264] {scheduler_job.py:190} INFO - Processing /home/airflow/.local/lib/python3.6/site-packages/airflow/example_dags/example_branch_datetime_operator.py took 0.327 seconds
[2021-06-15 03:32:06,826] {scheduler_job.py:182} INFO - Started process (PID=895) to work on /home/airflow/.local/lib/python3.6/site-packages/airflow/example_dags/example_branch_datetime_operator.py
[2021-06-15 03:32:06,853] {scheduler_job.py:633} INFO - Processing file /home/airflow/.local/lib/python3.6/site-packages/airflow/example_dags/example_branch_datetime_operator.py for tasks to queue
[2021-06-15 03:32:06,862] {logging_mixin.py:104} INFO - [2021-06-15 03:32:06,860] {dagbag.py:487} INFO - Filling up the DagBag from /home/airflow/.local/lib/python3.6/site-packages/airflow/example_dags/example_branch_datetime_operator.py
[2021-06-15 03:32:06,945] {scheduler_job.py:643} INFO - DAG(s) dict_keys(['example_branch_datetime_operator_2']) retrieved from /home/airflow/.local/lib/python3.6/site-packages/airflow/example_dags/example_branch_datetime_operator.py
[2021-06-15 03:32:07,061] {logging_mixin.py:104} INFO - [2021-06-15 03:32:07,061] {dag.py:1832} INFO - Sync 1 DAGs
[2021-06-15 03:32:07,139] {logging_mixin.py:104} INFO - [2021-06-15 03:32:07,138] {dag.py:2305} INFO - Setting next_dagrun for example_branch_datetime_operator_2 to 2021-06-13 00:00:00+00:00
[2021-06-15 03:32:07,186] {scheduler_job.py:190} INFO - Processing /home/airflow/.local/lib/python3.6/site-packages/airflow/example_dags/example_branch_datetime_operator.py took 0.399 seconds
[2021-06-15 03:32:37,510] {scheduler_job.py:182} INFO - Started process (PID=963) to work on /home/airflow/.local/lib/python3.6/site-packages/airflow/example_dags/example_branch_datetime_operator.py
[2021-06-15 03:32:37,521] {scheduler_job.py:633} INFO - Processing file /home/airflow/.local/lib/python3.6/site-packages/airflow/example_dags/example_branch_datetime_operator.py for tasks to queue
[2021-06-15 03:32:37,528] {logging_mixin.py:104} INFO - [2021-06-15 03:32:37,527] {dagbag.py:487} INFO - Filling up the DagBag from /home/airflow/.local/lib/python3.6/site-packages/airflow/example_dags/example_branch_datetime_operator.py
[2021-06-15 03:32:37,652] {scheduler_job.py:643} INFO - DAG(s) dict_keys(['example_branch_datetime_operator_2']) retrieved from /home/airflow/.local/lib/python3.6/site-packages/airflow/example_dags/example_branch_datetime_operator.py
[2021-06-15 03:32:37,808] {logging_mixin.py:104} INFO - [2021-06-15 03:32:37,807] {dag.py:1832} INFO - Sync 1 DAGs
[2021-06-15 03:32:37,955] {logging_mixin.py:104} INFO - [2021-06-15 03:32:37,955] {dag.py:2305} INFO - Setting next_dagrun for example_branch_datetime_operator_2 to 2021-06-13 00:00:00+00:00
[2021-06-15 03:32:38,031] {scheduler_job.py:190} INFO - Processing /home/airflow/.local/lib/python3.6/site-packages/airflow/example_dags/example_branch_datetime_operator.py took 0.546 seconds
[2021-06-15 03:33:08,440] {scheduler_job.py:182} INFO - Started process (PID=1024) to work on /home/airflow/.local/lib/python3.6/site-packages/airflow/example_dags/example_branch_datetime_operator.py
[2021-06-15 03:33:08,452] {scheduler_job.py:633} INFO - Processing file /home/airflow/.local/lib/python3.6/site-packages/airflow/example_dags/example_branch_datetime_operator.py for tasks to queue
[2021-06-15 03:33:08,468] {logging_mixin.py:104} INFO - [2021-06-15 03:33:08,467] {dagbag.py:487} INFO - Filling up the DagBag from /home/airflow/.local/lib/python3.6/site-packages/airflow/example_dags/example_branch_datetime_operator.py
[2021-06-15 03:33:08,552] {scheduler_job.py:643} INFO - DAG(s) dict_keys(['example_branch_datetime_operator_2']) retrieved from /home/airflow/.local/lib/python3.6/site-packages/airflow/example_dags/example_branch_datetime_operator.py
[2021-06-15 03:33:08,713] {logging_mixin.py:104} INFO - [2021-06-15 03:33:08,712] {dag.py:1832} INFO - Sync 1 DAGs
[2021-06-15 03:33:08,887] {logging_mixin.py:104} INFO - [2021-06-15 03:33:08,886] {dag.py:2305} INFO - Setting next_dagrun for example_branch_datetime_operator_2 to 2021-06-13 00:00:00+00:00
[2021-06-15 03:33:08,956] {scheduler_job.py:190} INFO - Processing /home/airflow/.local/lib/python3.6/site-packages/airflow/example_dags/example_branch_datetime_operator.py took 0.541 seconds
[2021-06-15 03:33:39,275] {scheduler_job.py:182} INFO - Started process (PID=1081) to work on /home/airflow/.local/lib/python3.6/site-packages/airflow/example_dags/example_branch_datetime_operator.py
[2021-06-15 03:33:39,288] {scheduler_job.py:633} INFO - Processing file /home/airflow/.local/lib/python3.6/site-packages/airflow/example_dags/example_branch_datetime_operator.py for tasks to queue
[2021-06-15 03:33:39,298] {logging_mixin.py:104} INFO - [2021-06-15 03:33:39,297] {dagbag.py:487} INFO - Filling up the DagBag from /home/airflow/.local/lib/python3.6/site-packages/airflow/example_dags/example_branch_datetime_operator.py
[2021-06-15 03:33:39,412] {scheduler_job.py:643} INFO - DAG(s) dict_keys(['example_branch_datetime_operator_2']) retrieved from /home/airflow/.local/lib/python3.6/site-packages/airflow/example_dags/example_branch_datetime_operator.py
[2021-06-15 03:33:39,545] {logging_mixin.py:104} INFO - [2021-06-15 03:33:39,545] {dag.py:1832} INFO - Sync 1 DAGs
[2021-06-15 03:33:39,623] {logging_mixin.py:104} INFO - [2021-06-15 03:33:39,623] {dag.py:2305} INFO - Setting next_dagrun for example_branch_datetime_operator_2 to 2021-06-13 00:00:00+00:00
[2021-06-15 03:33:39,675] {scheduler_job.py:190} INFO - Processing /home/airflow/.local/lib/python3.6/site-packages/airflow/example_dags/example_branch_datetime_operator.py took 0.425 seconds
[2021-06-15 03:34:09,806] {scheduler_job.py:182} INFO - Started process (PID=1149) to work on /home/airflow/.local/lib/python3.6/site-packages/airflow/example_dags/example_branch_datetime_operator.py
[2021-06-15 03:34:09,813] {scheduler_job.py:633} INFO - Processing file /home/airflow/.local/lib/python3.6/site-packages/airflow/example_dags/example_branch_datetime_operator.py for tasks to queue
[2021-06-15 03:34:09,820] {logging_mixin.py:104} INFO - [2021-06-15 03:34:09,819] {dagbag.py:487} INFO - Filling up the DagBag from /home/airflow/.local/lib/python3.6/site-packages/airflow/example_dags/example_branch_datetime_operator.py
[2021-06-15 03:34:09,901] {scheduler_job.py:643} INFO - DAG(s) dict_keys(['example_branch_datetime_operator_2']) retrieved from /home/airflow/.local/lib/python3.6/site-packages/airflow/example_dags/example_branch_datetime_operator.py
[2021-06-15 03:34:10,008] {logging_mixin.py:104} INFO - [2021-06-15 03:34:10,007] {dag.py:1832} INFO - Sync 1 DAGs
[2021-06-15 03:34:10,095] {logging_mixin.py:104} INFO - [2021-06-15 03:34:10,095] {dag.py:2305} INFO - Setting next_dagrun for example_branch_datetime_operator_2 to 2021-06-13 00:00:00+00:00
[2021-06-15 03:34:10,151] {scheduler_job.py:190} INFO - Processing /home/airflow/.local/lib/python3.6/site-packages/airflow/example_dags/example_branch_datetime_operator.py took 0.368 seconds
[2021-06-15 03:34:40,554] {scheduler_job.py:182} INFO - Started process (PID=1215) to work on /home/airflow/.local/lib/python3.6/site-packages/airflow/example_dags/example_branch_datetime_operator.py
[2021-06-15 03:34:40,563] {scheduler_job.py:633} INFO - Processing file /home/airflow/.local/lib/python3.6/site-packages/airflow/example_dags/example_branch_datetime_operator.py for tasks to queue
[2021-06-15 03:34:40,571] {logging_mixin.py:104} INFO - [2021-06-15 03:34:40,570] {dagbag.py:487} INFO - Filling up the DagBag from /home/airflow/.local/lib/python3.6/site-packages/airflow/example_dags/example_branch_datetime_operator.py
[2021-06-15 03:34:40,635] {scheduler_job.py:643} INFO - DAG(s) dict_keys(['example_branch_datetime_operator_2']) retrieved from /home/airflow/.local/lib/python3.6/site-packages/airflow/example_dags/example_branch_datetime_operator.py
[2021-06-15 03:34:40,771] {logging_mixin.py:104} INFO - [2021-06-15 03:34:40,771] {dag.py:1832} INFO - Sync 1 DAGs
[2021-06-15 03:34:40,859] {logging_mixin.py:104} INFO - [2021-06-15 03:34:40,858] {dag.py:2305} INFO - Setting next_dagrun for example_branch_datetime_operator_2 to 2021-06-13 00:00:00+00:00
[2021-06-15 03:34:40,910] {scheduler_job.py:190} INFO - Processing /home/airflow/.local/lib/python3.6/site-packages/airflow/example_dags/example_branch_datetime_operator.py took 0.381 seconds
[2021-06-15 03:35:11,066] {scheduler_job.py:182} INFO - Started process (PID=1275) to work on /home/airflow/.local/lib/python3.6/site-packages/airflow/example_dags/example_branch_datetime_operator.py
[2021-06-15 03:35:11,073] {scheduler_job.py:633} INFO - Processing file /home/airflow/.local/lib/python3.6/site-packages/airflow/example_dags/example_branch_datetime_operator.py for tasks to queue
[2021-06-15 03:35:11,079] {logging_mixin.py:104} INFO - [2021-06-15 03:35:11,078] {dagbag.py:487} INFO - Filling up the DagBag from /home/airflow/.local/lib/python3.6/site-packages/airflow/example_dags/example_branch_datetime_operator.py
[2021-06-15 03:35:11,132] {scheduler_job.py:643} INFO - DAG(s) dict_keys(['example_branch_datetime_operator_2']) retrieved from /home/airflow/.local/lib/python3.6/site-packages/airflow/example_dags/example_branch_datetime_operator.py
[2021-06-15 03:35:11,232] {logging_mixin.py:104} INFO - [2021-06-15 03:35:11,231] {dag.py:1832} INFO - Sync 1 DAGs
[2021-06-15 03:35:11,332] {logging_mixin.py:104} INFO - [2021-06-15 03:35:11,332] {dag.py:2305} INFO - Setting next_dagrun for example_branch_datetime_operator_2 to 2021-06-13 00:00:00+00:00
[2021-06-15 03:35:11,387] {scheduler_job.py:190} INFO - Processing /home/airflow/.local/lib/python3.6/site-packages/airflow/example_dags/example_branch_datetime_operator.py took 0.335 seconds
[2021-06-15 03:35:41,899] {scheduler_job.py:182} INFO - Started process (PID=1332) to work on /home/airflow/.local/lib/python3.6/site-packages/airflow/example_dags/example_branch_datetime_operator.py
[2021-06-15 03:35:41,907] {scheduler_job.py:633} INFO - Processing file /home/airflow/.local/lib/python3.6/site-packages/airflow/example_dags/example_branch_datetime_operator.py for tasks to queue
[2021-06-15 03:35:41,913] {logging_mixin.py:104} INFO - [2021-06-15 03:35:41,912] {dagbag.py:487} INFO - Filling up the DagBag from /home/airflow/.local/lib/python3.6/site-packages/airflow/example_dags/example_branch_datetime_operator.py
[2021-06-15 03:35:42,003] {scheduler_job.py:643} INFO - DAG(s) dict_keys(['example_branch_datetime_operator_2']) retrieved from /home/airflow/.local/lib/python3.6/site-packages/airflow/example_dags/example_branch_datetime_operator.py
[2021-06-15 03:35:42,171] {logging_mixin.py:104} INFO - [2021-06-15 03:35:42,170] {dag.py:1832} INFO - Sync 1 DAGs
[2021-06-15 03:35:42,329] {logging_mixin.py:104} INFO - [2021-06-15 03:35:42,329] {dag.py:2305} INFO - Setting next_dagrun for example_branch_datetime_operator_2 to 2021-06-13 00:00:00+00:00
[2021-06-15 03:35:42,390] {scheduler_job.py:190} INFO - Processing /home/airflow/.local/lib/python3.6/site-packages/airflow/example_dags/example_branch_datetime_operator.py took 0.517 seconds
[2021-06-15 03:36:12,851] {scheduler_job.py:182} INFO - Started process (PID=1399) to work on /home/airflow/.local/lib/python3.6/site-packages/airflow/example_dags/example_branch_datetime_operator.py
[2021-06-15 03:36:12,860] {scheduler_job.py:633} INFO - Processing file /home/airflow/.local/lib/python3.6/site-packages/airflow/example_dags/example_branch_datetime_operator.py for tasks to queue
[2021-06-15 03:36:12,866] {logging_mixin.py:104} INFO - [2021-06-15 03:36:12,865] {dagbag.py:487} INFO - Filling up the DagBag from /home/airflow/.local/lib/python3.6/site-packages/airflow/example_dags/example_branch_datetime_operator.py
[2021-06-15 03:36:12,924] {scheduler_job.py:643} INFO - DAG(s) dict_keys(['example_branch_datetime_operator_2']) retrieved from /home/airflow/.local/lib/python3.6/site-packages/airflow/example_dags/example_branch_datetime_operator.py
[2021-06-15 03:36:13,029] {logging_mixin.py:104} INFO - [2021-06-15 03:36:13,028] {dag.py:1832} INFO - Sync 1 DAGs
[2021-06-15 03:36:13,106] {logging_mixin.py:104} INFO - [2021-06-15 03:36:13,106] {dag.py:2305} INFO - Setting next_dagrun for example_branch_datetime_operator_2 to 2021-06-13 00:00:00+00:00
[2021-06-15 03:36:13,161] {scheduler_job.py:190} INFO - Processing /home/airflow/.local/lib/python3.6/site-packages/airflow/example_dags/example_branch_datetime_operator.py took 0.336 seconds
[2021-06-15 03:36:43,845] {scheduler_job.py:182} INFO - Started process (PID=1467) to work on /home/airflow/.local/lib/python3.6/site-packages/airflow/example_dags/example_branch_datetime_operator.py
[2021-06-15 03:36:43,855] {scheduler_job.py:633} INFO - Processing file /home/airflow/.local/lib/python3.6/site-packages/airflow/example_dags/example_branch_datetime_operator.py for tasks to queue
[2021-06-15 03:36:43,863] {logging_mixin.py:104} INFO - [2021-06-15 03:36:43,862] {dagbag.py:487} INFO - Filling up the DagBag from /home/airflow/.local/lib/python3.6/site-packages/airflow/example_dags/example_branch_datetime_operator.py
[2021-06-15 03:36:43,951] {scheduler_job.py:643} INFO - DAG(s) dict_keys(['example_branch_datetime_operator_2']) retrieved from /home/airflow/.local/lib/python3.6/site-packages/airflow/example_dags/example_branch_datetime_operator.py
[2021-06-15 03:36:44,052] {logging_mixin.py:104} INFO - [2021-06-15 03:36:44,051] {dag.py:1832} INFO - Sync 1 DAGs
[2021-06-15 03:36:44,141] {logging_mixin.py:104} INFO - [2021-06-15 03:36:44,140] {dag.py:2305} INFO - Setting next_dagrun for example_branch_datetime_operator_2 to 2021-06-13 00:00:00+00:00
[2021-06-15 03:36:44,181] {scheduler_job.py:190} INFO - Processing /home/airflow/.local/lib/python3.6/site-packages/airflow/example_dags/example_branch_datetime_operator.py took 0.361 seconds
[2021-06-15 03:37:14,282] {scheduler_job.py:182} INFO - Started process (PID=1528) to work on /home/airflow/.local/lib/python3.6/site-packages/airflow/example_dags/example_branch_datetime_operator.py
[2021-06-15 03:37:14,292] {scheduler_job.py:633} INFO - Processing file /home/airflow/.local/lib/python3.6/site-packages/airflow/example_dags/example_branch_datetime_operator.py for tasks to queue
[2021-06-15 03:37:14,297] {logging_mixin.py:104} INFO - [2021-06-15 03:37:14,296] {dagbag.py:487} INFO - Filling up the DagBag from /home/airflow/.local/lib/python3.6/site-packages/airflow/example_dags/example_branch_datetime_operator.py
[2021-06-15 03:37:14,376] {scheduler_job.py:643} INFO - DAG(s) dict_keys(['example_branch_datetime_operator_2']) retrieved from /home/airflow/.local/lib/python3.6/site-packages/airflow/example_dags/example_branch_datetime_operator.py
[2021-06-15 03:37:14,470] {logging_mixin.py:104} INFO - [2021-06-15 03:37:14,470] {dag.py:1832} INFO - Sync 1 DAGs
[2021-06-15 03:37:14,556] {logging_mixin.py:104} INFO - [2021-06-15 03:37:14,556] {dag.py:2305} INFO - Setting next_dagrun for example_branch_datetime_operator_2 to 2021-06-13 00:00:00+00:00
[2021-06-15 03:37:14,599] {scheduler_job.py:190} INFO - Processing /home/airflow/.local/lib/python3.6/site-packages/airflow/example_dags/example_branch_datetime_operator.py took 0.331 seconds
[2021-06-15 03:37:44,783] {scheduler_job.py:182} INFO - Started process (PID=1584) to work on /home/airflow/.local/lib/python3.6/site-packages/airflow/example_dags/example_branch_datetime_operator.py
[2021-06-15 03:37:44,792] {scheduler_job.py:633} INFO - Processing file /home/airflow/.local/lib/python3.6/site-packages/airflow/example_dags/example_branch_datetime_operator.py for tasks to queue
[2021-06-15 03:37:44,800] {logging_mixin.py:104} INFO - [2021-06-15 03:37:44,800] {dagbag.py:487} INFO - Filling up the DagBag from /home/airflow/.local/lib/python3.6/site-packages/airflow/example_dags/example_branch_datetime_operator.py
[2021-06-15 03:37:44,863] {scheduler_job.py:643} INFO - DAG(s) dict_keys(['example_branch_datetime_operator_2']) retrieved from /home/airflow/.local/lib/python3.6/site-packages/airflow/example_dags/example_branch_datetime_operator.py
[2021-06-15 03:37:45,037] {logging_mixin.py:104} INFO - [2021-06-15 03:37:45,036] {dag.py:1832} INFO - Sync 1 DAGs
[2021-06-15 03:37:45,144] {logging_mixin.py:104} INFO - [2021-06-15 03:37:45,144] {dag.py:2305} INFO - Setting next_dagrun for example_branch_datetime_operator_2 to 2021-06-13 00:00:00+00:00
[2021-06-15 03:37:45,200] {scheduler_job.py:190} INFO - Processing /home/airflow/.local/lib/python3.6/site-packages/airflow/example_dags/example_branch_datetime_operator.py took 0.435 seconds
[2021-06-15 03:38:15,349] {scheduler_job.py:182} INFO - Started process (PID=1652) to work on /home/airflow/.local/lib/python3.6/site-packages/airflow/example_dags/example_branch_datetime_operator.py
[2021-06-15 03:38:15,359] {scheduler_job.py:633} INFO - Processing file /home/airflow/.local/lib/python3.6/site-packages/airflow/example_dags/example_branch_datetime_operator.py for tasks to queue
[2021-06-15 03:38:15,368] {logging_mixin.py:104} INFO - [2021-06-15 03:38:15,367] {dagbag.py:487} INFO - Filling up the DagBag from /home/airflow/.local/lib/python3.6/site-packages/airflow/example_dags/example_branch_datetime_operator.py
[2021-06-15 03:38:15,464] {scheduler_job.py:643} INFO - DAG(s) dict_keys(['example_branch_datetime_operator_2']) retrieved from /home/airflow/.local/lib/python3.6/site-packages/airflow/example_dags/example_branch_datetime_operator.py
[2021-06-15 03:38:15,629] {logging_mixin.py:104} INFO - [2021-06-15 03:38:15,629] {dag.py:1832} INFO - Sync 1 DAGs
[2021-06-15 03:38:15,704] {logging_mixin.py:104} INFO - [2021-06-15 03:38:15,704] {dag.py:2305} INFO - Setting next_dagrun for example_branch_datetime_operator_2 to 2021-06-13 00:00:00+00:00
[2021-06-15 03:38:15,745] {scheduler_job.py:190} INFO - Processing /home/airflow/.local/lib/python3.6/site-packages/airflow/example_dags/example_branch_datetime_operator.py took 0.428 seconds
[2021-06-15 03:38:46,662] {scheduler_job.py:182} INFO - Started process (PID=1719) to work on /home/airflow/.local/lib/python3.6/site-packages/airflow/example_dags/example_branch_datetime_operator.py
[2021-06-15 03:38:46,669] {scheduler_job.py:633} INFO - Processing file /home/airflow/.local/lib/python3.6/site-packages/airflow/example_dags/example_branch_datetime_operator.py for tasks to queue
[2021-06-15 03:38:46,674] {logging_mixin.py:104} INFO - [2021-06-15 03:38:46,673] {dagbag.py:487} INFO - Filling up the DagBag from /home/airflow/.local/lib/python3.6/site-packages/airflow/example_dags/example_branch_datetime_operator.py
[2021-06-15 03:38:46,724] {scheduler_job.py:643} INFO - DAG(s) dict_keys(['example_branch_datetime_operator_2']) retrieved from /home/airflow/.local/lib/python3.6/site-packages/airflow/example_dags/example_branch_datetime_operator.py
[2021-06-15 03:38:46,818] {logging_mixin.py:104} INFO - [2021-06-15 03:38:46,817] {dag.py:1832} INFO - Sync 1 DAGs
[2021-06-15 03:38:46,895] {logging_mixin.py:104} INFO - [2021-06-15 03:38:46,895] {dag.py:2305} INFO - Setting next_dagrun for example_branch_datetime_operator_2 to 2021-06-13 00:00:00+00:00
[2021-06-15 03:38:46,937] {scheduler_job.py:190} INFO - Processing /home/airflow/.local/lib/python3.6/site-packages/airflow/example_dags/example_branch_datetime_operator.py took 0.289 seconds
[2021-06-15 03:39:17,394] {scheduler_job.py:182} INFO - Started process (PID=1779) to work on /home/airflow/.local/lib/python3.6/site-packages/airflow/example_dags/example_branch_datetime_operator.py
[2021-06-15 03:39:17,403] {scheduler_job.py:633} INFO - Processing file /home/airflow/.local/lib/python3.6/site-packages/airflow/example_dags/example_branch_datetime_operator.py for tasks to queue
[2021-06-15 03:39:17,409] {logging_mixin.py:104} INFO - [2021-06-15 03:39:17,408] {dagbag.py:487} INFO - Filling up the DagBag from /home/airflow/.local/lib/python3.6/site-packages/airflow/example_dags/example_branch_datetime_operator.py
[2021-06-15 03:39:17,467] {scheduler_job.py:643} INFO - DAG(s) dict_keys(['example_branch_datetime_operator_2']) retrieved from /home/airflow/.local/lib/python3.6/site-packages/airflow/example_dags/example_branch_datetime_operator.py
[2021-06-15 03:39:17,595] {logging_mixin.py:104} INFO - [2021-06-15 03:39:17,594] {dag.py:1832} INFO - Sync 1 DAGs
[2021-06-15 03:39:17,718] {logging_mixin.py:104} INFO - [2021-06-15 03:39:17,718] {dag.py:2305} INFO - Setting next_dagrun for example_branch_datetime_operator_2 to 2021-06-13 00:00:00+00:00
[2021-06-15 03:39:17,773] {scheduler_job.py:190} INFO - Processing /home/airflow/.local/lib/python3.6/site-packages/airflow/example_dags/example_branch_datetime_operator.py took 0.395 seconds
[2021-06-15 03:39:48,010] {scheduler_job.py:182} INFO - Started process (PID=1844) to work on /home/airflow/.local/lib/python3.6/site-packages/airflow/example_dags/example_branch_datetime_operator.py
[2021-06-15 03:39:48,017] {scheduler_job.py:633} INFO - Processing file /home/airflow/.local/lib/python3.6/site-packages/airflow/example_dags/example_branch_datetime_operator.py for tasks to queue
[2021-06-15 03:39:48,023] {logging_mixin.py:104} INFO - [2021-06-15 03:39:48,022] {dagbag.py:487} INFO - Filling up the DagBag from /home/airflow/.local/lib/python3.6/site-packages/airflow/example_dags/example_branch_datetime_operator.py
[2021-06-15 03:39:48,087] {scheduler_job.py:643} INFO - DAG(s) dict_keys(['example_branch_datetime_operator_2']) retrieved from /home/airflow/.local/lib/python3.6/site-packages/airflow/example_dags/example_branch_datetime_operator.py
[2021-06-15 03:39:48,219] {logging_mixin.py:104} INFO - [2021-06-15 03:39:48,218] {dag.py:1832} INFO - Sync 1 DAGs
[2021-06-15 03:39:48,362] {logging_mixin.py:104} INFO - [2021-06-15 03:39:48,361] {dag.py:2305} INFO - Setting next_dagrun for example_branch_datetime_operator_2 to 2021-06-13 00:00:00+00:00
[2021-06-15 03:39:48,438] {scheduler_job.py:190} INFO - Processing /home/airflow/.local/lib/python3.6/site-packages/airflow/example_dags/example_branch_datetime_operator.py took 0.447 seconds
[2021-06-15 03:40:18,597] {scheduler_job.py:182} INFO - Started process (PID=1903) to work on /home/airflow/.local/lib/python3.6/site-packages/airflow/example_dags/example_branch_datetime_operator.py
[2021-06-15 03:40:18,607] {scheduler_job.py:633} INFO - Processing file /home/airflow/.local/lib/python3.6/site-packages/airflow/example_dags/example_branch_datetime_operator.py for tasks to queue
[2021-06-15 03:40:18,615] {logging_mixin.py:104} INFO - [2021-06-15 03:40:18,615] {dagbag.py:487} INFO - Filling up the DagBag from /home/airflow/.local/lib/python3.6/site-packages/airflow/example_dags/example_branch_datetime_operator.py
[2021-06-15 03:40:18,674] {scheduler_job.py:643} INFO - DAG(s) dict_keys(['example_branch_datetime_operator_2']) retrieved from /home/airflow/.local/lib/python3.6/site-packages/airflow/example_dags/example_branch_datetime_operator.py
[2021-06-15 03:40:18,792] {logging_mixin.py:104} INFO - [2021-06-15 03:40:18,792] {dag.py:1832} INFO - Sync 1 DAGs
[2021-06-15 03:40:18,882] {logging_mixin.py:104} INFO - [2021-06-15 03:40:18,881] {dag.py:2305} INFO - Setting next_dagrun for example_branch_datetime_operator_2 to 2021-06-13 00:00:00+00:00
[2021-06-15 03:40:18,933] {scheduler_job.py:190} INFO - Processing /home/airflow/.local/lib/python3.6/site-packages/airflow/example_dags/example_branch_datetime_operator.py took 0.352 seconds
[2021-06-15 03:40:50,171] {scheduler_job.py:182} INFO - Started process (PID=1971) to work on /home/airflow/.local/lib/python3.6/site-packages/airflow/example_dags/example_branch_datetime_operator.py
[2021-06-15 03:40:50,183] {scheduler_job.py:633} INFO - Processing file /home/airflow/.local/lib/python3.6/site-packages/airflow/example_dags/example_branch_datetime_operator.py for tasks to queue
[2021-06-15 03:40:50,190] {logging_mixin.py:104} INFO - [2021-06-15 03:40:50,189] {dagbag.py:487} INFO - Filling up the DagBag from /home/airflow/.local/lib/python3.6/site-packages/airflow/example_dags/example_branch_datetime_operator.py
[2021-06-15 03:40:50,266] {scheduler_job.py:643} INFO - DAG(s) dict_keys(['example_branch_datetime_operator_2']) retrieved from /home/airflow/.local/lib/python3.6/site-packages/airflow/example_dags/example_branch_datetime_operator.py
[2021-06-15 03:40:50,449] {logging_mixin.py:104} INFO - [2021-06-15 03:40:50,447] {dag.py:1832} INFO - Sync 1 DAGs
[2021-06-15 03:40:50,593] {logging_mixin.py:104} INFO - [2021-06-15 03:40:50,592] {dag.py:2305} INFO - Setting next_dagrun for example_branch_datetime_operator_2 to 2021-06-13 00:00:00+00:00
[2021-06-15 03:40:50,665] {scheduler_job.py:190} INFO - Processing /home/airflow/.local/lib/python3.6/site-packages/airflow/example_dags/example_branch_datetime_operator.py took 0.519 seconds
[2021-06-15 03:41:20,827] {scheduler_job.py:182} INFO - Started process (PID=2030) to work on /home/airflow/.local/lib/python3.6/site-packages/airflow/example_dags/example_branch_datetime_operator.py
[2021-06-15 03:41:20,836] {scheduler_job.py:633} INFO - Processing file /home/airflow/.local/lib/python3.6/site-packages/airflow/example_dags/example_branch_datetime_operator.py for tasks to queue
[2021-06-15 03:41:20,843] {logging_mixin.py:104} INFO - [2021-06-15 03:41:20,842] {dagbag.py:487} INFO - Filling up the DagBag from /home/airflow/.local/lib/python3.6/site-packages/airflow/example_dags/example_branch_datetime_operator.py
[2021-06-15 03:41:20,906] {scheduler_job.py:643} INFO - DAG(s) dict_keys(['example_branch_datetime_operator_2']) retrieved from /home/airflow/.local/lib/python3.6/site-packages/airflow/example_dags/example_branch_datetime_operator.py
[2021-06-15 03:41:21,045] {logging_mixin.py:104} INFO - [2021-06-15 03:41:21,045] {dag.py:1832} INFO - Sync 1 DAGs
[2021-06-15 03:41:21,144] {logging_mixin.py:104} INFO - [2021-06-15 03:41:21,143] {dag.py:2305} INFO - Setting next_dagrun for example_branch_datetime_operator_2 to 2021-06-13 00:00:00+00:00
[2021-06-15 03:41:21,198] {scheduler_job.py:190} INFO - Processing /home/airflow/.local/lib/python3.6/site-packages/airflow/example_dags/example_branch_datetime_operator.py took 0.389 seconds
[2021-06-15 03:41:51,525] {scheduler_job.py:182} INFO - Started process (PID=2087) to work on /home/airflow/.local/lib/python3.6/site-packages/airflow/example_dags/example_branch_datetime_operator.py
[2021-06-15 03:41:51,535] {scheduler_job.py:633} INFO - Processing file /home/airflow/.local/lib/python3.6/site-packages/airflow/example_dags/example_branch_datetime_operator.py for tasks to queue
[2021-06-15 03:41:51,541] {logging_mixin.py:104} INFO - [2021-06-15 03:41:51,540] {dagbag.py:487} INFO - Filling up the DagBag from /home/airflow/.local/lib/python3.6/site-packages/airflow/example_dags/example_branch_datetime_operator.py
[2021-06-15 03:41:51,639] {scheduler_job.py:643} INFO - DAG(s) dict_keys(['example_branch_datetime_operator_2']) retrieved from /home/airflow/.local/lib/python3.6/site-packages/airflow/example_dags/example_branch_datetime_operator.py
[2021-06-15 03:41:51,766] {logging_mixin.py:104} INFO - [2021-06-15 03:41:51,765] {dag.py:1832} INFO - Sync 1 DAGs
[2021-06-15 03:41:51,870] {logging_mixin.py:104} INFO - [2021-06-15 03:41:51,869] {dag.py:2305} INFO - Setting next_dagrun for example_branch_datetime_operator_2 to 2021-06-13 00:00:00+00:00
[2021-06-15 03:41:51,933] {scheduler_job.py:190} INFO - Processing /home/airflow/.local/lib/python3.6/site-packages/airflow/example_dags/example_branch_datetime_operator.py took 0.426 seconds
[2021-06-15 03:42:22,224] {scheduler_job.py:182} INFO - Started process (PID=2154) to work on /home/airflow/.local/lib/python3.6/site-packages/airflow/example_dags/example_branch_datetime_operator.py
[2021-06-15 03:42:22,234] {scheduler_job.py:633} INFO - Processing file /home/airflow/.local/lib/python3.6/site-packages/airflow/example_dags/example_branch_datetime_operator.py for tasks to queue
[2021-06-15 03:42:22,240] {logging_mixin.py:104} INFO - [2021-06-15 03:42:22,239] {dagbag.py:487} INFO - Filling up the DagBag from /home/airflow/.local/lib/python3.6/site-packages/airflow/example_dags/example_branch_datetime_operator.py
[2021-06-15 03:42:22,319] {scheduler_job.py:643} INFO - DAG(s) dict_keys(['example_branch_datetime_operator_2']) retrieved from /home/airflow/.local/lib/python3.6/site-packages/airflow/example_dags/example_branch_datetime_operator.py
[2021-06-15 03:42:22,434] {logging_mixin.py:104} INFO - [2021-06-15 03:42:22,433] {dag.py:1832} INFO - Sync 1 DAGs
[2021-06-15 03:42:22,537] {logging_mixin.py:104} INFO - [2021-06-15 03:42:22,536] {dag.py:2305} INFO - Setting next_dagrun for example_branch_datetime_operator_2 to 2021-06-13 00:00:00+00:00
[2021-06-15 03:42:22,603] {scheduler_job.py:190} INFO - Processing /home/airflow/.local/lib/python3.6/site-packages/airflow/example_dags/example_branch_datetime_operator.py took 0.396 seconds
[2021-06-15 03:42:52,998] {scheduler_job.py:182} INFO - Started process (PID=2213) to work on /home/airflow/.local/lib/python3.6/site-packages/airflow/example_dags/example_branch_datetime_operator.py
[2021-06-15 03:42:53,007] {scheduler_job.py:633} INFO - Processing file /home/airflow/.local/lib/python3.6/site-packages/airflow/example_dags/example_branch_datetime_operator.py for tasks to queue
[2021-06-15 03:42:53,014] {logging_mixin.py:104} INFO - [2021-06-15 03:42:53,014] {dagbag.py:487} INFO - Filling up the DagBag from /home/airflow/.local/lib/python3.6/site-packages/airflow/example_dags/example_branch_datetime_operator.py
[2021-06-15 03:42:53,090] {scheduler_job.py:643} INFO - DAG(s) dict_keys(['example_branch_datetime_operator_2']) retrieved from /home/airflow/.local/lib/python3.6/site-packages/airflow/example_dags/example_branch_datetime_operator.py
[2021-06-15 03:42:53,213] {logging_mixin.py:104} INFO - [2021-06-15 03:42:53,212] {dag.py:1832} INFO - Sync 1 DAGs
[2021-06-15 03:42:53,304] {logging_mixin.py:104} INFO - [2021-06-15 03:42:53,303] {dag.py:2305} INFO - Setting next_dagrun for example_branch_datetime_operator_2 to 2021-06-13 00:00:00+00:00
[2021-06-15 03:42:53,364] {scheduler_job.py:190} INFO - Processing /home/airflow/.local/lib/python3.6/site-packages/airflow/example_dags/example_branch_datetime_operator.py took 0.386 seconds
[2021-06-15 03:43:23,952] {scheduler_job.py:182} INFO - Started process (PID=2271) to work on /home/airflow/.local/lib/python3.6/site-packages/airflow/example_dags/example_branch_datetime_operator.py
[2021-06-15 03:43:23,965] {scheduler_job.py:633} INFO - Processing file /home/airflow/.local/lib/python3.6/site-packages/airflow/example_dags/example_branch_datetime_operator.py for tasks to queue
[2021-06-15 03:43:23,971] {logging_mixin.py:104} INFO - [2021-06-15 03:43:23,970] {dagbag.py:487} INFO - Filling up the DagBag from /home/airflow/.local/lib/python3.6/site-packages/airflow/example_dags/example_branch_datetime_operator.py
[2021-06-15 03:43:24,034] {scheduler_job.py:643} INFO - DAG(s) dict_keys(['example_branch_datetime_operator_2']) retrieved from /home/airflow/.local/lib/python3.6/site-packages/airflow/example_dags/example_branch_datetime_operator.py
[2021-06-15 03:43:24,167] {logging_mixin.py:104} INFO - [2021-06-15 03:43:24,167] {dag.py:1832} INFO - Sync 1 DAGs
[2021-06-15 03:43:24,280] {logging_mixin.py:104} INFO - [2021-06-15 03:43:24,280] {dag.py:2305} INFO - Setting next_dagrun for example_branch_datetime_operator_2 to 2021-06-13 00:00:00+00:00
[2021-06-15 03:43:24,337] {scheduler_job.py:190} INFO - Processing /home/airflow/.local/lib/python3.6/site-packages/airflow/example_dags/example_branch_datetime_operator.py took 0.401 seconds
[2021-06-15 03:43:54,934] {scheduler_job.py:182} INFO - Started process (PID=2338) to work on /home/airflow/.local/lib/python3.6/site-packages/airflow/example_dags/example_branch_datetime_operator.py
[2021-06-15 03:43:54,946] {scheduler_job.py:633} INFO - Processing file /home/airflow/.local/lib/python3.6/site-packages/airflow/example_dags/example_branch_datetime_operator.py for tasks to queue
[2021-06-15 03:43:54,955] {logging_mixin.py:104} INFO - [2021-06-15 03:43:54,954] {dagbag.py:487} INFO - Filling up the DagBag from /home/airflow/.local/lib/python3.6/site-packages/airflow/example_dags/example_branch_datetime_operator.py
[2021-06-15 03:43:55,047] {scheduler_job.py:643} INFO - DAG(s) dict_keys(['example_branch_datetime_operator_2']) retrieved from /home/airflow/.local/lib/python3.6/site-packages/airflow/example_dags/example_branch_datetime_operator.py
[2021-06-15 03:43:55,222] {logging_mixin.py:104} INFO - [2021-06-15 03:43:55,222] {dag.py:1832} INFO - Sync 1 DAGs
[2021-06-15 03:43:55,352] {logging_mixin.py:104} INFO - [2021-06-15 03:43:55,352] {dag.py:2305} INFO - Setting next_dagrun for example_branch_datetime_operator_2 to 2021-06-13 00:00:00+00:00
[2021-06-15 03:43:55,403] {scheduler_job.py:190} INFO - Processing /home/airflow/.local/lib/python3.6/site-packages/airflow/example_dags/example_branch_datetime_operator.py took 0.487 seconds
[2021-06-15 03:44:25,888] {scheduler_job.py:182} INFO - Started process (PID=2405) to work on /home/airflow/.local/lib/python3.6/site-packages/airflow/example_dags/example_branch_datetime_operator.py
[2021-06-15 03:44:25,897] {scheduler_job.py:633} INFO - Processing file /home/airflow/.local/lib/python3.6/site-packages/airflow/example_dags/example_branch_datetime_operator.py for tasks to queue
[2021-06-15 03:44:25,904] {logging_mixin.py:104} INFO - [2021-06-15 03:44:25,903] {dagbag.py:487} INFO - Filling up the DagBag from /home/airflow/.local/lib/python3.6/site-packages/airflow/example_dags/example_branch_datetime_operator.py
[2021-06-15 03:44:25,992] {scheduler_job.py:643} INFO - DAG(s) dict_keys(['example_branch_datetime_operator_2']) retrieved from /home/airflow/.local/lib/python3.6/site-packages/airflow/example_dags/example_branch_datetime_operator.py
[2021-06-15 03:44:26,174] {logging_mixin.py:104} INFO - [2021-06-15 03:44:26,173] {dag.py:1832} INFO - Sync 1 DAGs
[2021-06-15 03:44:26,261] {logging_mixin.py:104} INFO - [2021-06-15 03:44:26,260] {dag.py:2305} INFO - Setting next_dagrun for example_branch_datetime_operator_2 to 2021-06-13 00:00:00+00:00
[2021-06-15 03:44:26,338] {scheduler_job.py:190} INFO - Processing /home/airflow/.local/lib/python3.6/site-packages/airflow/example_dags/example_branch_datetime_operator.py took 0.475 seconds
[2021-06-15 03:44:57,237] {scheduler_job.py:182} INFO - Started process (PID=2464) to work on /home/airflow/.local/lib/python3.6/site-packages/airflow/example_dags/example_branch_datetime_operator.py
[2021-06-15 03:44:57,244] {scheduler_job.py:633} INFO - Processing file /home/airflow/.local/lib/python3.6/site-packages/airflow/example_dags/example_branch_datetime_operator.py for tasks to queue
[2021-06-15 03:44:57,250] {logging_mixin.py:104} INFO - [2021-06-15 03:44:57,250] {dagbag.py:487} INFO - Filling up the DagBag from /home/airflow/.local/lib/python3.6/site-packages/airflow/example_dags/example_branch_datetime_operator.py
[2021-06-15 03:44:57,317] {scheduler_job.py:643} INFO - DAG(s) dict_keys(['example_branch_datetime_operator_2']) retrieved from /home/airflow/.local/lib/python3.6/site-packages/airflow/example_dags/example_branch_datetime_operator.py
[2021-06-15 03:44:57,467] {logging_mixin.py:104} INFO - [2021-06-15 03:44:57,466] {dag.py:1832} INFO - Sync 1 DAGs
[2021-06-15 03:44:57,598] {logging_mixin.py:104} INFO - [2021-06-15 03:44:57,597] {dag.py:2305} INFO - Setting next_dagrun for example_branch_datetime_operator_2 to 2021-06-13 00:00:00+00:00
[2021-06-15 03:44:57,678] {scheduler_job.py:190} INFO - Processing /home/airflow/.local/lib/python3.6/site-packages/airflow/example_dags/example_branch_datetime_operator.py took 0.455 seconds
[2021-06-15 03:45:28,253] {scheduler_job.py:182} INFO - Started process (PID=2522) to work on /home/airflow/.local/lib/python3.6/site-packages/airflow/example_dags/example_branch_datetime_operator.py
[2021-06-15 03:45:28,262] {scheduler_job.py:633} INFO - Processing file /home/airflow/.local/lib/python3.6/site-packages/airflow/example_dags/example_branch_datetime_operator.py for tasks to queue
[2021-06-15 03:45:28,269] {logging_mixin.py:104} INFO - [2021-06-15 03:45:28,268] {dagbag.py:487} INFO - Filling up the DagBag from /home/airflow/.local/lib/python3.6/site-packages/airflow/example_dags/example_branch_datetime_operator.py
[2021-06-15 03:45:28,355] {scheduler_job.py:643} INFO - DAG(s) dict_keys(['example_branch_datetime_operator_2']) retrieved from /home/airflow/.local/lib/python3.6/site-packages/airflow/example_dags/example_branch_datetime_operator.py
[2021-06-15 03:45:28,555] {logging_mixin.py:104} INFO - [2021-06-15 03:45:28,554] {dag.py:1832} INFO - Sync 1 DAGs
[2021-06-15 03:45:28,650] {logging_mixin.py:104} INFO - [2021-06-15 03:45:28,649] {dag.py:2305} INFO - Setting next_dagrun for example_branch_datetime_operator_2 to 2021-06-13 00:00:00+00:00
[2021-06-15 03:45:28,704] {scheduler_job.py:190} INFO - Processing /home/airflow/.local/lib/python3.6/site-packages/airflow/example_dags/example_branch_datetime_operator.py took 0.471 seconds
[2021-06-15 03:45:59,456] {scheduler_job.py:182} INFO - Started process (PID=2589) to work on /home/airflow/.local/lib/python3.6/site-packages/airflow/example_dags/example_branch_datetime_operator.py
[2021-06-15 03:45:59,464] {scheduler_job.py:633} INFO - Processing file /home/airflow/.local/lib/python3.6/site-packages/airflow/example_dags/example_branch_datetime_operator.py for tasks to queue
[2021-06-15 03:45:59,471] {logging_mixin.py:104} INFO - [2021-06-15 03:45:59,470] {dagbag.py:487} INFO - Filling up the DagBag from /home/airflow/.local/lib/python3.6/site-packages/airflow/example_dags/example_branch_datetime_operator.py
[2021-06-15 03:45:59,546] {scheduler_job.py:643} INFO - DAG(s) dict_keys(['example_branch_datetime_operator_2']) retrieved from /home/airflow/.local/lib/python3.6/site-packages/airflow/example_dags/example_branch_datetime_operator.py
[2021-06-15 03:45:59,671] {logging_mixin.py:104} INFO - [2021-06-15 03:45:59,671] {dag.py:1832} INFO - Sync 1 DAGs
[2021-06-15 03:45:59,786] {logging_mixin.py:104} INFO - [2021-06-15 03:45:59,786] {dag.py:2305} INFO - Setting next_dagrun for example_branch_datetime_operator_2 to 2021-06-13 00:00:00+00:00
[2021-06-15 03:45:59,837] {scheduler_job.py:190} INFO - Processing /home/airflow/.local/lib/python3.6/site-packages/airflow/example_dags/example_branch_datetime_operator.py took 0.402 seconds
[2021-06-15 03:46:29,979] {scheduler_job.py:182} INFO - Started process (PID=2645) to work on /home/airflow/.local/lib/python3.6/site-packages/airflow/example_dags/example_branch_datetime_operator.py
[2021-06-15 03:46:29,985] {scheduler_job.py:633} INFO - Processing file /home/airflow/.local/lib/python3.6/site-packages/airflow/example_dags/example_branch_datetime_operator.py for tasks to queue
[2021-06-15 03:46:29,990] {logging_mixin.py:104} INFO - [2021-06-15 03:46:29,989] {dagbag.py:487} INFO - Filling up the DagBag from /home/airflow/.local/lib/python3.6/site-packages/airflow/example_dags/example_branch_datetime_operator.py
[2021-06-15 03:46:30,046] {scheduler_job.py:643} INFO - DAG(s) dict_keys(['example_branch_datetime_operator_2']) retrieved from /home/airflow/.local/lib/python3.6/site-packages/airflow/example_dags/example_branch_datetime_operator.py
[2021-06-15 03:46:30,138] {logging_mixin.py:104} INFO - [2021-06-15 03:46:30,137] {dag.py:1832} INFO - Sync 1 DAGs
[2021-06-15 03:46:30,210] {logging_mixin.py:104} INFO - [2021-06-15 03:46:30,210] {dag.py:2305} INFO - Setting next_dagrun for example_branch_datetime_operator_2 to 2021-06-13 00:00:00+00:00
[2021-06-15 03:46:30,256] {scheduler_job.py:190} INFO - Processing /home/airflow/.local/lib/python3.6/site-packages/airflow/example_dags/example_branch_datetime_operator.py took 0.293 seconds
[2021-06-15 03:47:00,778] {scheduler_job.py:182} INFO - Started process (PID=2705) to work on /home/airflow/.local/lib/python3.6/site-packages/airflow/example_dags/example_branch_datetime_operator.py
[2021-06-15 03:47:00,784] {scheduler_job.py:633} INFO - Processing file /home/airflow/.local/lib/python3.6/site-packages/airflow/example_dags/example_branch_datetime_operator.py for tasks to queue
[2021-06-15 03:47:00,790] {logging_mixin.py:104} INFO - [2021-06-15 03:47:00,790] {dagbag.py:487} INFO - Filling up the DagBag from /home/airflow/.local/lib/python3.6/site-packages/airflow/example_dags/example_branch_datetime_operator.py
[2021-06-15 03:47:00,875] {scheduler_job.py:643} INFO - DAG(s) dict_keys(['example_branch_datetime_operator_2']) retrieved from /home/airflow/.local/lib/python3.6/site-packages/airflow/example_dags/example_branch_datetime_operator.py
[2021-06-15 03:47:01,007] {logging_mixin.py:104} INFO - [2021-06-15 03:47:01,007] {dag.py:1832} INFO - Sync 1 DAGs
[2021-06-15 03:47:01,085] {logging_mixin.py:104} INFO - [2021-06-15 03:47:01,085] {dag.py:2305} INFO - Setting next_dagrun for example_branch_datetime_operator_2 to 2021-06-13 00:00:00+00:00
[2021-06-15 03:47:01,124] {scheduler_job.py:190} INFO - Processing /home/airflow/.local/lib/python3.6/site-packages/airflow/example_dags/example_branch_datetime_operator.py took 0.359 seconds
[2021-06-15 03:47:32,197] {scheduler_job.py:182} INFO - Started process (PID=2773) to work on /home/airflow/.local/lib/python3.6/site-packages/airflow/example_dags/example_branch_datetime_operator.py
[2021-06-15 03:47:32,206] {scheduler_job.py:633} INFO - Processing file /home/airflow/.local/lib/python3.6/site-packages/airflow/example_dags/example_branch_datetime_operator.py for tasks to queue
[2021-06-15 03:47:32,211] {logging_mixin.py:104} INFO - [2021-06-15 03:47:32,210] {dagbag.py:487} INFO - Filling up the DagBag from /home/airflow/.local/lib/python3.6/site-packages/airflow/example_dags/example_branch_datetime_operator.py
[2021-06-15 03:47:32,262] {scheduler_job.py:643} INFO - DAG(s) dict_keys(['example_branch_datetime_operator_2']) retrieved from /home/airflow/.local/lib/python3.6/site-packages/airflow/example_dags/example_branch_datetime_operator.py
[2021-06-15 03:47:32,357] {logging_mixin.py:104} INFO - [2021-06-15 03:47:32,357] {dag.py:1832} INFO - Sync 1 DAGs
[2021-06-15 03:47:32,433] {logging_mixin.py:104} INFO - [2021-06-15 03:47:32,433] {dag.py:2305} INFO - Setting next_dagrun for example_branch_datetime_operator_2 to 2021-06-13 00:00:00+00:00
[2021-06-15 03:47:32,472] {scheduler_job.py:190} INFO - Processing /home/airflow/.local/lib/python3.6/site-packages/airflow/example_dags/example_branch_datetime_operator.py took 0.290 seconds
[2021-06-15 03:48:03,069] {scheduler_job.py:182} INFO - Started process (PID=2842) to work on /home/airflow/.local/lib/python3.6/site-packages/airflow/example_dags/example_branch_datetime_operator.py
[2021-06-15 03:48:03,076] {scheduler_job.py:633} INFO - Processing file /home/airflow/.local/lib/python3.6/site-packages/airflow/example_dags/example_branch_datetime_operator.py for tasks to queue
[2021-06-15 03:48:03,082] {logging_mixin.py:104} INFO - [2021-06-15 03:48:03,081] {dagbag.py:487} INFO - Filling up the DagBag from /home/airflow/.local/lib/python3.6/site-packages/airflow/example_dags/example_branch_datetime_operator.py
[2021-06-15 03:48:03,147] {scheduler_job.py:643} INFO - DAG(s) dict_keys(['example_branch_datetime_operator_2']) retrieved from /home/airflow/.local/lib/python3.6/site-packages/airflow/example_dags/example_branch_datetime_operator.py
[2021-06-15 03:48:03,253] {logging_mixin.py:104} INFO - [2021-06-15 03:48:03,252] {dag.py:1832} INFO - Sync 1 DAGs
[2021-06-15 03:48:03,341] {logging_mixin.py:104} INFO - [2021-06-15 03:48:03,341] {dag.py:2305} INFO - Setting next_dagrun for example_branch_datetime_operator_2 to 2021-06-13 00:00:00+00:00
[2021-06-15 03:48:03,409] {scheduler_job.py:190} INFO - Processing /home/airflow/.local/lib/python3.6/site-packages/airflow/example_dags/example_branch_datetime_operator.py took 0.357 seconds
[2021-06-15 03:48:33,709] {scheduler_job.py:182} INFO - Started process (PID=2910) to work on /home/airflow/.local/lib/python3.6/site-packages/airflow/example_dags/example_branch_datetime_operator.py
[2021-06-15 03:48:33,717] {scheduler_job.py:633} INFO - Processing file /home/airflow/.local/lib/python3.6/site-packages/airflow/example_dags/example_branch_datetime_operator.py for tasks to queue
[2021-06-15 03:48:33,722] {logging_mixin.py:104} INFO - [2021-06-15 03:48:33,721] {dagbag.py:487} INFO - Filling up the DagBag from /home/airflow/.local/lib/python3.6/site-packages/airflow/example_dags/example_branch_datetime_operator.py
[2021-06-15 03:48:33,776] {scheduler_job.py:643} INFO - DAG(s) dict_keys(['example_branch_datetime_operator_2']) retrieved from /home/airflow/.local/lib/python3.6/site-packages/airflow/example_dags/example_branch_datetime_operator.py
[2021-06-15 03:48:33,879] {logging_mixin.py:104} INFO - [2021-06-15 03:48:33,878] {dag.py:1832} INFO - Sync 1 DAGs
[2021-06-15 03:48:33,955] {logging_mixin.py:104} INFO - [2021-06-15 03:48:33,954] {dag.py:2305} INFO - Setting next_dagrun for example_branch_datetime_operator_2 to 2021-06-13 00:00:00+00:00
[2021-06-15 03:48:33,995] {scheduler_job.py:190} INFO - Processing /home/airflow/.local/lib/python3.6/site-packages/airflow/example_dags/example_branch_datetime_operator.py took 0.299 seconds
[2021-06-15 03:49:04,558] {scheduler_job.py:182} INFO - Started process (PID=2970) to work on /home/airflow/.local/lib/python3.6/site-packages/airflow/example_dags/example_branch_datetime_operator.py
[2021-06-15 03:49:04,571] {scheduler_job.py:633} INFO - Processing file /home/airflow/.local/lib/python3.6/site-packages/airflow/example_dags/example_branch_datetime_operator.py for tasks to queue
[2021-06-15 03:49:04,580] {logging_mixin.py:104} INFO - [2021-06-15 03:49:04,579] {dagbag.py:487} INFO - Filling up the DagBag from /home/airflow/.local/lib/python3.6/site-packages/airflow/example_dags/example_branch_datetime_operator.py
[2021-06-15 03:49:04,678] {scheduler_job.py:643} INFO - DAG(s) dict_keys(['example_branch_datetime_operator_2']) retrieved from /home/airflow/.local/lib/python3.6/site-packages/airflow/example_dags/example_branch_datetime_operator.py
[2021-06-15 03:49:04,817] {logging_mixin.py:104} INFO - [2021-06-15 03:49:04,816] {dag.py:1832} INFO - Sync 1 DAGs
[2021-06-15 03:49:04,912] {logging_mixin.py:104} INFO - [2021-06-15 03:49:04,912] {dag.py:2305} INFO - Setting next_dagrun for example_branch_datetime_operator_2 to 2021-06-13 00:00:00+00:00
[2021-06-15 03:49:04,949] {scheduler_job.py:190} INFO - Processing /home/airflow/.local/lib/python3.6/site-packages/airflow/example_dags/example_branch_datetime_operator.py took 0.421 seconds
