[2021-06-15 03:25:20,670] {scheduler_job.py:182} INFO - Started process (PID=67) to work on /home/airflow/.local/lib/python3.6/site-packages/airflow/example_dags/example_python_operator.py
[2021-06-15 03:25:20,682] {scheduler_job.py:633} INFO - Processing file /home/airflow/.local/lib/python3.6/site-packages/airflow/example_dags/example_python_operator.py for tasks to queue
[2021-06-15 03:25:20,692] {logging_mixin.py:104} INFO - [2021-06-15 03:25:20,691] {dagbag.py:487} INFO - Filling up the DagBag from /home/airflow/.local/lib/python3.6/site-packages/airflow/example_dags/example_python_operator.py
[2021-06-15 03:25:20,779] {scheduler_job.py:643} INFO - DAG(s) dict_keys(['example_python_operator']) retrieved from /home/airflow/.local/lib/python3.6/site-packages/airflow/example_dags/example_python_operator.py
[2021-06-15 03:25:21,965] {logging_mixin.py:104} INFO - [2021-06-15 03:25:21,965] {dag.py:1832} INFO - Sync 1 DAGs
[2021-06-15 03:25:22,041] {logging_mixin.py:104} INFO - [2021-06-15 03:25:22,040] {dag.py:2305} INFO - Setting next_dagrun for example_python_operator to None
[2021-06-15 03:25:22,097] {scheduler_job.py:190} INFO - Processing /home/airflow/.local/lib/python3.6/site-packages/airflow/example_dags/example_python_operator.py took 1.454 seconds
[2021-06-15 03:25:52,337] {scheduler_job.py:182} INFO - Started process (PID=136) to work on /home/airflow/.local/lib/python3.6/site-packages/airflow/example_dags/example_python_operator.py
[2021-06-15 03:25:52,361] {scheduler_job.py:633} INFO - Processing file /home/airflow/.local/lib/python3.6/site-packages/airflow/example_dags/example_python_operator.py for tasks to queue
[2021-06-15 03:25:52,373] {logging_mixin.py:104} INFO - [2021-06-15 03:25:52,371] {dagbag.py:487} INFO - Filling up the DagBag from /home/airflow/.local/lib/python3.6/site-packages/airflow/example_dags/example_python_operator.py
[2021-06-15 03:25:52,530] {scheduler_job.py:643} INFO - DAG(s) dict_keys(['example_python_operator']) retrieved from /home/airflow/.local/lib/python3.6/site-packages/airflow/example_dags/example_python_operator.py
[2021-06-15 03:25:52,722] {logging_mixin.py:104} INFO - [2021-06-15 03:25:52,715] {dag.py:1832} INFO - Sync 1 DAGs
[2021-06-15 03:25:52,837] {logging_mixin.py:104} INFO - [2021-06-15 03:25:52,837] {dag.py:2305} INFO - Setting next_dagrun for example_python_operator to None
[2021-06-15 03:25:52,889] {scheduler_job.py:190} INFO - Processing /home/airflow/.local/lib/python3.6/site-packages/airflow/example_dags/example_python_operator.py took 0.596 seconds
[2021-06-15 03:26:23,073] {scheduler_job.py:182} INFO - Started process (PID=194) to work on /home/airflow/.local/lib/python3.6/site-packages/airflow/example_dags/example_python_operator.py
[2021-06-15 03:26:23,085] {scheduler_job.py:633} INFO - Processing file /home/airflow/.local/lib/python3.6/site-packages/airflow/example_dags/example_python_operator.py for tasks to queue
[2021-06-15 03:26:23,091] {logging_mixin.py:104} INFO - [2021-06-15 03:26:23,090] {dagbag.py:487} INFO - Filling up the DagBag from /home/airflow/.local/lib/python3.6/site-packages/airflow/example_dags/example_python_operator.py
[2021-06-15 03:26:23,181] {scheduler_job.py:643} INFO - DAG(s) dict_keys(['example_python_operator']) retrieved from /home/airflow/.local/lib/python3.6/site-packages/airflow/example_dags/example_python_operator.py
[2021-06-15 03:26:23,351] {logging_mixin.py:104} INFO - [2021-06-15 03:26:23,351] {dag.py:1832} INFO - Sync 1 DAGs
[2021-06-15 03:26:23,488] {logging_mixin.py:104} INFO - [2021-06-15 03:26:23,487] {dag.py:2305} INFO - Setting next_dagrun for example_python_operator to None
[2021-06-15 03:26:23,557] {scheduler_job.py:190} INFO - Processing /home/airflow/.local/lib/python3.6/site-packages/airflow/example_dags/example_python_operator.py took 0.515 seconds
[2021-06-15 03:26:54,182] {scheduler_job.py:182} INFO - Started process (PID=254) to work on /home/airflow/.local/lib/python3.6/site-packages/airflow/example_dags/example_python_operator.py
[2021-06-15 03:26:54,193] {scheduler_job.py:633} INFO - Processing file /home/airflow/.local/lib/python3.6/site-packages/airflow/example_dags/example_python_operator.py for tasks to queue
[2021-06-15 03:26:54,203] {logging_mixin.py:104} INFO - [2021-06-15 03:26:54,201] {dagbag.py:487} INFO - Filling up the DagBag from /home/airflow/.local/lib/python3.6/site-packages/airflow/example_dags/example_python_operator.py
[2021-06-15 03:26:54,281] {scheduler_job.py:643} INFO - DAG(s) dict_keys(['example_python_operator']) retrieved from /home/airflow/.local/lib/python3.6/site-packages/airflow/example_dags/example_python_operator.py
[2021-06-15 03:26:54,414] {logging_mixin.py:104} INFO - [2021-06-15 03:26:54,413] {dag.py:1832} INFO - Sync 1 DAGs
[2021-06-15 03:26:54,490] {logging_mixin.py:104} INFO - [2021-06-15 03:26:54,489] {dag.py:2305} INFO - Setting next_dagrun for example_python_operator to None
[2021-06-15 03:26:54,542] {scheduler_job.py:190} INFO - Processing /home/airflow/.local/lib/python3.6/site-packages/airflow/example_dags/example_python_operator.py took 0.378 seconds
[2021-06-15 03:27:25,067] {scheduler_job.py:182} INFO - Started process (PID=321) to work on /home/airflow/.local/lib/python3.6/site-packages/airflow/example_dags/example_python_operator.py
[2021-06-15 03:27:25,078] {scheduler_job.py:633} INFO - Processing file /home/airflow/.local/lib/python3.6/site-packages/airflow/example_dags/example_python_operator.py for tasks to queue
[2021-06-15 03:27:25,088] {logging_mixin.py:104} INFO - [2021-06-15 03:27:25,085] {dagbag.py:487} INFO - Filling up the DagBag from /home/airflow/.local/lib/python3.6/site-packages/airflow/example_dags/example_python_operator.py
[2021-06-15 03:27:25,184] {scheduler_job.py:643} INFO - DAG(s) dict_keys(['example_python_operator']) retrieved from /home/airflow/.local/lib/python3.6/site-packages/airflow/example_dags/example_python_operator.py
[2021-06-15 03:27:25,343] {logging_mixin.py:104} INFO - [2021-06-15 03:27:25,343] {dag.py:1832} INFO - Sync 1 DAGs
[2021-06-15 03:27:25,425] {logging_mixin.py:104} INFO - [2021-06-15 03:27:25,425] {dag.py:2305} INFO - Setting next_dagrun for example_python_operator to None
[2021-06-15 03:27:25,522] {scheduler_job.py:190} INFO - Processing /home/airflow/.local/lib/python3.6/site-packages/airflow/example_dags/example_python_operator.py took 0.474 seconds
[2021-06-15 03:27:55,981] {scheduler_job.py:182} INFO - Started process (PID=382) to work on /home/airflow/.local/lib/python3.6/site-packages/airflow/example_dags/example_python_operator.py
[2021-06-15 03:27:55,989] {scheduler_job.py:633} INFO - Processing file /home/airflow/.local/lib/python3.6/site-packages/airflow/example_dags/example_python_operator.py for tasks to queue
[2021-06-15 03:27:56,001] {logging_mixin.py:104} INFO - [2021-06-15 03:27:56,000] {dagbag.py:487} INFO - Filling up the DagBag from /home/airflow/.local/lib/python3.6/site-packages/airflow/example_dags/example_python_operator.py
[2021-06-15 03:27:56,097] {scheduler_job.py:643} INFO - DAG(s) dict_keys(['example_python_operator']) retrieved from /home/airflow/.local/lib/python3.6/site-packages/airflow/example_dags/example_python_operator.py
[2021-06-15 03:27:56,257] {logging_mixin.py:104} INFO - [2021-06-15 03:27:56,256] {dag.py:1832} INFO - Sync 1 DAGs
[2021-06-15 03:27:56,434] {logging_mixin.py:104} INFO - [2021-06-15 03:27:56,433] {dag.py:2305} INFO - Setting next_dagrun for example_python_operator to None
[2021-06-15 03:27:56,499] {scheduler_job.py:190} INFO - Processing /home/airflow/.local/lib/python3.6/site-packages/airflow/example_dags/example_python_operator.py took 0.540 seconds
[2021-06-15 03:28:27,048] {scheduler_job.py:182} INFO - Started process (PID=446) to work on /home/airflow/.local/lib/python3.6/site-packages/airflow/example_dags/example_python_operator.py
[2021-06-15 03:28:27,060] {scheduler_job.py:633} INFO - Processing file /home/airflow/.local/lib/python3.6/site-packages/airflow/example_dags/example_python_operator.py for tasks to queue
[2021-06-15 03:28:27,072] {logging_mixin.py:104} INFO - [2021-06-15 03:28:27,070] {dagbag.py:487} INFO - Filling up the DagBag from /home/airflow/.local/lib/python3.6/site-packages/airflow/example_dags/example_python_operator.py
[2021-06-15 03:28:27,169] {scheduler_job.py:643} INFO - DAG(s) dict_keys(['example_python_operator']) retrieved from /home/airflow/.local/lib/python3.6/site-packages/airflow/example_dags/example_python_operator.py
[2021-06-15 03:28:27,374] {logging_mixin.py:104} INFO - [2021-06-15 03:28:27,373] {dag.py:1832} INFO - Sync 1 DAGs
[2021-06-15 03:28:27,558] {logging_mixin.py:104} INFO - [2021-06-15 03:28:27,558] {dag.py:2305} INFO - Setting next_dagrun for example_python_operator to None
[2021-06-15 03:28:27,637] {scheduler_job.py:190} INFO - Processing /home/airflow/.local/lib/python3.6/site-packages/airflow/example_dags/example_python_operator.py took 0.613 seconds
[2021-06-15 03:28:57,910] {scheduler_job.py:182} INFO - Started process (PID=505) to work on /home/airflow/.local/lib/python3.6/site-packages/airflow/example_dags/example_python_operator.py
[2021-06-15 03:28:57,917] {scheduler_job.py:633} INFO - Processing file /home/airflow/.local/lib/python3.6/site-packages/airflow/example_dags/example_python_operator.py for tasks to queue
[2021-06-15 03:28:57,925] {logging_mixin.py:104} INFO - [2021-06-15 03:28:57,924] {dagbag.py:487} INFO - Filling up the DagBag from /home/airflow/.local/lib/python3.6/site-packages/airflow/example_dags/example_python_operator.py
[2021-06-15 03:28:57,987] {scheduler_job.py:643} INFO - DAG(s) dict_keys(['example_python_operator']) retrieved from /home/airflow/.local/lib/python3.6/site-packages/airflow/example_dags/example_python_operator.py
[2021-06-15 03:28:58,096] {logging_mixin.py:104} INFO - [2021-06-15 03:28:58,096] {dag.py:1832} INFO - Sync 1 DAGs
[2021-06-15 03:28:58,225] {logging_mixin.py:104} INFO - [2021-06-15 03:28:58,225] {dag.py:2305} INFO - Setting next_dagrun for example_python_operator to None
[2021-06-15 03:28:58,290] {scheduler_job.py:190} INFO - Processing /home/airflow/.local/lib/python3.6/site-packages/airflow/example_dags/example_python_operator.py took 0.397 seconds
[2021-06-15 03:29:28,685] {scheduler_job.py:182} INFO - Started process (PID=573) to work on /home/airflow/.local/lib/python3.6/site-packages/airflow/example_dags/example_python_operator.py
[2021-06-15 03:29:28,693] {scheduler_job.py:633} INFO - Processing file /home/airflow/.local/lib/python3.6/site-packages/airflow/example_dags/example_python_operator.py for tasks to queue
[2021-06-15 03:29:28,700] {logging_mixin.py:104} INFO - [2021-06-15 03:29:28,699] {dagbag.py:487} INFO - Filling up the DagBag from /home/airflow/.local/lib/python3.6/site-packages/airflow/example_dags/example_python_operator.py
[2021-06-15 03:29:28,764] {scheduler_job.py:643} INFO - DAG(s) dict_keys(['example_python_operator']) retrieved from /home/airflow/.local/lib/python3.6/site-packages/airflow/example_dags/example_python_operator.py
[2021-06-15 03:29:28,873] {logging_mixin.py:104} INFO - [2021-06-15 03:29:28,872] {dag.py:1832} INFO - Sync 1 DAGs
[2021-06-15 03:29:28,956] {logging_mixin.py:104} INFO - [2021-06-15 03:29:28,956] {dag.py:2305} INFO - Setting next_dagrun for example_python_operator to None
[2021-06-15 03:29:29,005] {scheduler_job.py:190} INFO - Processing /home/airflow/.local/lib/python3.6/site-packages/airflow/example_dags/example_python_operator.py took 0.340 seconds
[2021-06-15 03:29:59,184] {scheduler_job.py:182} INFO - Started process (PID=631) to work on /home/airflow/.local/lib/python3.6/site-packages/airflow/example_dags/example_python_operator.py
[2021-06-15 03:29:59,210] {scheduler_job.py:633} INFO - Processing file /home/airflow/.local/lib/python3.6/site-packages/airflow/example_dags/example_python_operator.py for tasks to queue
[2021-06-15 03:29:59,222] {logging_mixin.py:104} INFO - [2021-06-15 03:29:59,221] {dagbag.py:487} INFO - Filling up the DagBag from /home/airflow/.local/lib/python3.6/site-packages/airflow/example_dags/example_python_operator.py
[2021-06-15 03:29:59,304] {scheduler_job.py:643} INFO - DAG(s) dict_keys(['example_python_operator']) retrieved from /home/airflow/.local/lib/python3.6/site-packages/airflow/example_dags/example_python_operator.py
[2021-06-15 03:29:59,505] {logging_mixin.py:104} INFO - [2021-06-15 03:29:59,505] {dag.py:1832} INFO - Sync 1 DAGs
[2021-06-15 03:29:59,620] {logging_mixin.py:104} INFO - [2021-06-15 03:29:59,619] {dag.py:2305} INFO - Setting next_dagrun for example_python_operator to None
[2021-06-15 03:29:59,685] {scheduler_job.py:190} INFO - Processing /home/airflow/.local/lib/python3.6/site-packages/airflow/example_dags/example_python_operator.py took 0.527 seconds
[2021-06-15 03:30:30,031] {scheduler_job.py:182} INFO - Started process (PID=688) to work on /home/airflow/.local/lib/python3.6/site-packages/airflow/example_dags/example_python_operator.py
[2021-06-15 03:30:30,038] {scheduler_job.py:633} INFO - Processing file /home/airflow/.local/lib/python3.6/site-packages/airflow/example_dags/example_python_operator.py for tasks to queue
[2021-06-15 03:30:30,043] {logging_mixin.py:104} INFO - [2021-06-15 03:30:30,042] {dagbag.py:487} INFO - Filling up the DagBag from /home/airflow/.local/lib/python3.6/site-packages/airflow/example_dags/example_python_operator.py
[2021-06-15 03:30:30,108] {scheduler_job.py:643} INFO - DAG(s) dict_keys(['example_python_operator']) retrieved from /home/airflow/.local/lib/python3.6/site-packages/airflow/example_dags/example_python_operator.py
[2021-06-15 03:30:30,208] {logging_mixin.py:104} INFO - [2021-06-15 03:30:30,207] {dag.py:1832} INFO - Sync 1 DAGs
[2021-06-15 03:30:30,283] {logging_mixin.py:104} INFO - [2021-06-15 03:30:30,283] {dag.py:2305} INFO - Setting next_dagrun for example_python_operator to None
[2021-06-15 03:30:30,326] {scheduler_job.py:190} INFO - Processing /home/airflow/.local/lib/python3.6/site-packages/airflow/example_dags/example_python_operator.py took 0.309 seconds
[2021-06-15 03:31:00,424] {scheduler_job.py:182} INFO - Started process (PID=755) to work on /home/airflow/.local/lib/python3.6/site-packages/airflow/example_dags/example_python_operator.py
[2021-06-15 03:31:00,445] {scheduler_job.py:633} INFO - Processing file /home/airflow/.local/lib/python3.6/site-packages/airflow/example_dags/example_python_operator.py for tasks to queue
[2021-06-15 03:31:00,451] {logging_mixin.py:104} INFO - [2021-06-15 03:31:00,451] {dagbag.py:487} INFO - Filling up the DagBag from /home/airflow/.local/lib/python3.6/site-packages/airflow/example_dags/example_python_operator.py
[2021-06-15 03:31:00,507] {scheduler_job.py:643} INFO - DAG(s) dict_keys(['example_python_operator']) retrieved from /home/airflow/.local/lib/python3.6/site-packages/airflow/example_dags/example_python_operator.py
[2021-06-15 03:31:00,604] {logging_mixin.py:104} INFO - [2021-06-15 03:31:00,603] {dag.py:1832} INFO - Sync 1 DAGs
[2021-06-15 03:31:00,668] {logging_mixin.py:104} INFO - [2021-06-15 03:31:00,668] {dag.py:2305} INFO - Setting next_dagrun for example_python_operator to None
[2021-06-15 03:31:00,715] {scheduler_job.py:190} INFO - Processing /home/airflow/.local/lib/python3.6/site-packages/airflow/example_dags/example_python_operator.py took 0.306 seconds
[2021-06-15 03:31:31,066] {scheduler_job.py:182} INFO - Started process (PID=824) to work on /home/airflow/.local/lib/python3.6/site-packages/airflow/example_dags/example_python_operator.py
[2021-06-15 03:31:31,074] {scheduler_job.py:633} INFO - Processing file /home/airflow/.local/lib/python3.6/site-packages/airflow/example_dags/example_python_operator.py for tasks to queue
[2021-06-15 03:31:31,080] {logging_mixin.py:104} INFO - [2021-06-15 03:31:31,079] {dagbag.py:487} INFO - Filling up the DagBag from /home/airflow/.local/lib/python3.6/site-packages/airflow/example_dags/example_python_operator.py
[2021-06-15 03:31:31,138] {scheduler_job.py:643} INFO - DAG(s) dict_keys(['example_python_operator']) retrieved from /home/airflow/.local/lib/python3.6/site-packages/airflow/example_dags/example_python_operator.py
[2021-06-15 03:31:31,247] {logging_mixin.py:104} INFO - [2021-06-15 03:31:31,247] {dag.py:1832} INFO - Sync 1 DAGs
[2021-06-15 03:31:31,319] {logging_mixin.py:104} INFO - [2021-06-15 03:31:31,317] {dag.py:2305} INFO - Setting next_dagrun for example_python_operator to None
[2021-06-15 03:31:31,361] {scheduler_job.py:190} INFO - Processing /home/airflow/.local/lib/python3.6/site-packages/airflow/example_dags/example_python_operator.py took 0.312 seconds
[2021-06-15 03:32:01,995] {scheduler_job.py:182} INFO - Started process (PID=891) to work on /home/airflow/.local/lib/python3.6/site-packages/airflow/example_dags/example_python_operator.py
[2021-06-15 03:32:02,004] {scheduler_job.py:633} INFO - Processing file /home/airflow/.local/lib/python3.6/site-packages/airflow/example_dags/example_python_operator.py for tasks to queue
[2021-06-15 03:32:02,008] {logging_mixin.py:104} INFO - [2021-06-15 03:32:02,008] {dagbag.py:487} INFO - Filling up the DagBag from /home/airflow/.local/lib/python3.6/site-packages/airflow/example_dags/example_python_operator.py
[2021-06-15 03:32:02,070] {scheduler_job.py:643} INFO - DAG(s) dict_keys(['example_python_operator']) retrieved from /home/airflow/.local/lib/python3.6/site-packages/airflow/example_dags/example_python_operator.py
[2021-06-15 03:32:02,186] {logging_mixin.py:104} INFO - [2021-06-15 03:32:02,185] {dag.py:1832} INFO - Sync 1 DAGs
[2021-06-15 03:32:02,257] {logging_mixin.py:104} INFO - [2021-06-15 03:32:02,257] {dag.py:2305} INFO - Setting next_dagrun for example_python_operator to None
[2021-06-15 03:32:02,298] {scheduler_job.py:190} INFO - Processing /home/airflow/.local/lib/python3.6/site-packages/airflow/example_dags/example_python_operator.py took 0.317 seconds
[2021-06-15 03:32:32,631] {scheduler_job.py:182} INFO - Started process (PID=952) to work on /home/airflow/.local/lib/python3.6/site-packages/airflow/example_dags/example_python_operator.py
[2021-06-15 03:32:32,640] {scheduler_job.py:633} INFO - Processing file /home/airflow/.local/lib/python3.6/site-packages/airflow/example_dags/example_python_operator.py for tasks to queue
[2021-06-15 03:32:32,648] {logging_mixin.py:104} INFO - [2021-06-15 03:32:32,647] {dagbag.py:487} INFO - Filling up the DagBag from /home/airflow/.local/lib/python3.6/site-packages/airflow/example_dags/example_python_operator.py
[2021-06-15 03:32:32,743] {scheduler_job.py:643} INFO - DAG(s) dict_keys(['example_python_operator']) retrieved from /home/airflow/.local/lib/python3.6/site-packages/airflow/example_dags/example_python_operator.py
[2021-06-15 03:32:32,876] {logging_mixin.py:104} INFO - [2021-06-15 03:32:32,875] {dag.py:1832} INFO - Sync 1 DAGs
[2021-06-15 03:32:32,983] {logging_mixin.py:104} INFO - [2021-06-15 03:32:32,982] {dag.py:2305} INFO - Setting next_dagrun for example_python_operator to None
[2021-06-15 03:32:33,043] {scheduler_job.py:190} INFO - Processing /home/airflow/.local/lib/python3.6/site-packages/airflow/example_dags/example_python_operator.py took 0.435 seconds
[2021-06-15 03:33:03,543] {scheduler_job.py:182} INFO - Started process (PID=1009) to work on /home/airflow/.local/lib/python3.6/site-packages/airflow/example_dags/example_python_operator.py
[2021-06-15 03:33:03,550] {scheduler_job.py:633} INFO - Processing file /home/airflow/.local/lib/python3.6/site-packages/airflow/example_dags/example_python_operator.py for tasks to queue
[2021-06-15 03:33:03,557] {logging_mixin.py:104} INFO - [2021-06-15 03:33:03,556] {dagbag.py:487} INFO - Filling up the DagBag from /home/airflow/.local/lib/python3.6/site-packages/airflow/example_dags/example_python_operator.py
[2021-06-15 03:33:03,634] {scheduler_job.py:643} INFO - DAG(s) dict_keys(['example_python_operator']) retrieved from /home/airflow/.local/lib/python3.6/site-packages/airflow/example_dags/example_python_operator.py
[2021-06-15 03:33:03,736] {logging_mixin.py:104} INFO - [2021-06-15 03:33:03,736] {dag.py:1832} INFO - Sync 1 DAGs
[2021-06-15 03:33:03,823] {logging_mixin.py:104} INFO - [2021-06-15 03:33:03,822] {dag.py:2305} INFO - Setting next_dagrun for example_python_operator to None
[2021-06-15 03:33:03,878] {scheduler_job.py:190} INFO - Processing /home/airflow/.local/lib/python3.6/site-packages/airflow/example_dags/example_python_operator.py took 0.353 seconds
[2021-06-15 03:33:34,245] {scheduler_job.py:182} INFO - Started process (PID=1077) to work on /home/airflow/.local/lib/python3.6/site-packages/airflow/example_dags/example_python_operator.py
[2021-06-15 03:33:34,252] {scheduler_job.py:633} INFO - Processing file /home/airflow/.local/lib/python3.6/site-packages/airflow/example_dags/example_python_operator.py for tasks to queue
[2021-06-15 03:33:34,258] {logging_mixin.py:104} INFO - [2021-06-15 03:33:34,257] {dagbag.py:487} INFO - Filling up the DagBag from /home/airflow/.local/lib/python3.6/site-packages/airflow/example_dags/example_python_operator.py
[2021-06-15 03:33:34,314] {scheduler_job.py:643} INFO - DAG(s) dict_keys(['example_python_operator']) retrieved from /home/airflow/.local/lib/python3.6/site-packages/airflow/example_dags/example_python_operator.py
[2021-06-15 03:33:34,436] {logging_mixin.py:104} INFO - [2021-06-15 03:33:34,436] {dag.py:1832} INFO - Sync 1 DAGs
[2021-06-15 03:33:34,506] {logging_mixin.py:104} INFO - [2021-06-15 03:33:34,505] {dag.py:2305} INFO - Setting next_dagrun for example_python_operator to None
[2021-06-15 03:33:34,546] {scheduler_job.py:190} INFO - Processing /home/airflow/.local/lib/python3.6/site-packages/airflow/example_dags/example_python_operator.py took 0.320 seconds
[2021-06-15 03:34:04,972] {scheduler_job.py:182} INFO - Started process (PID=1145) to work on /home/airflow/.local/lib/python3.6/site-packages/airflow/example_dags/example_python_operator.py
[2021-06-15 03:34:04,983] {scheduler_job.py:633} INFO - Processing file /home/airflow/.local/lib/python3.6/site-packages/airflow/example_dags/example_python_operator.py for tasks to queue
[2021-06-15 03:34:04,998] {logging_mixin.py:104} INFO - [2021-06-15 03:34:04,989] {dagbag.py:487} INFO - Filling up the DagBag from /home/airflow/.local/lib/python3.6/site-packages/airflow/example_dags/example_python_operator.py
[2021-06-15 03:34:05,090] {scheduler_job.py:643} INFO - DAG(s) dict_keys(['example_python_operator']) retrieved from /home/airflow/.local/lib/python3.6/site-packages/airflow/example_dags/example_python_operator.py
[2021-06-15 03:34:05,239] {logging_mixin.py:104} INFO - [2021-06-15 03:34:05,239] {dag.py:1832} INFO - Sync 1 DAGs
[2021-06-15 03:34:05,339] {logging_mixin.py:104} INFO - [2021-06-15 03:34:05,339] {dag.py:2305} INFO - Setting next_dagrun for example_python_operator to None
[2021-06-15 03:34:05,389] {scheduler_job.py:190} INFO - Processing /home/airflow/.local/lib/python3.6/site-packages/airflow/example_dags/example_python_operator.py took 0.442 seconds
[2021-06-15 03:34:35,802] {scheduler_job.py:182} INFO - Started process (PID=1205) to work on /home/airflow/.local/lib/python3.6/site-packages/airflow/example_dags/example_python_operator.py
[2021-06-15 03:34:35,809] {scheduler_job.py:633} INFO - Processing file /home/airflow/.local/lib/python3.6/site-packages/airflow/example_dags/example_python_operator.py for tasks to queue
[2021-06-15 03:34:35,813] {logging_mixin.py:104} INFO - [2021-06-15 03:34:35,813] {dagbag.py:487} INFO - Filling up the DagBag from /home/airflow/.local/lib/python3.6/site-packages/airflow/example_dags/example_python_operator.py
[2021-06-15 03:34:35,866] {scheduler_job.py:643} INFO - DAG(s) dict_keys(['example_python_operator']) retrieved from /home/airflow/.local/lib/python3.6/site-packages/airflow/example_dags/example_python_operator.py
[2021-06-15 03:34:35,964] {logging_mixin.py:104} INFO - [2021-06-15 03:34:35,963] {dag.py:1832} INFO - Sync 1 DAGs
[2021-06-15 03:34:36,024] {logging_mixin.py:104} INFO - [2021-06-15 03:34:36,024] {dag.py:2305} INFO - Setting next_dagrun for example_python_operator to None
[2021-06-15 03:34:36,063] {scheduler_job.py:190} INFO - Processing /home/airflow/.local/lib/python3.6/site-packages/airflow/example_dags/example_python_operator.py took 0.274 seconds
[2021-06-15 03:35:06,250] {scheduler_job.py:182} INFO - Started process (PID=1261) to work on /home/airflow/.local/lib/python3.6/site-packages/airflow/example_dags/example_python_operator.py
[2021-06-15 03:35:06,257] {scheduler_job.py:633} INFO - Processing file /home/airflow/.local/lib/python3.6/site-packages/airflow/example_dags/example_python_operator.py for tasks to queue
[2021-06-15 03:35:06,263] {logging_mixin.py:104} INFO - [2021-06-15 03:35:06,263] {dagbag.py:487} INFO - Filling up the DagBag from /home/airflow/.local/lib/python3.6/site-packages/airflow/example_dags/example_python_operator.py
[2021-06-15 03:35:06,349] {scheduler_job.py:643} INFO - DAG(s) dict_keys(['example_python_operator']) retrieved from /home/airflow/.local/lib/python3.6/site-packages/airflow/example_dags/example_python_operator.py
[2021-06-15 03:35:06,479] {logging_mixin.py:104} INFO - [2021-06-15 03:35:06,479] {dag.py:1832} INFO - Sync 1 DAGs
[2021-06-15 03:35:06,548] {logging_mixin.py:104} INFO - [2021-06-15 03:35:06,547] {dag.py:2305} INFO - Setting next_dagrun for example_python_operator to None
[2021-06-15 03:35:06,597] {scheduler_job.py:190} INFO - Processing /home/airflow/.local/lib/python3.6/site-packages/airflow/example_dags/example_python_operator.py took 0.362 seconds
[2021-06-15 03:35:37,104] {scheduler_job.py:182} INFO - Started process (PID=1329) to work on /home/airflow/.local/lib/python3.6/site-packages/airflow/example_dags/example_python_operator.py
[2021-06-15 03:35:37,112] {scheduler_job.py:633} INFO - Processing file /home/airflow/.local/lib/python3.6/site-packages/airflow/example_dags/example_python_operator.py for tasks to queue
[2021-06-15 03:35:37,117] {logging_mixin.py:104} INFO - [2021-06-15 03:35:37,117] {dagbag.py:487} INFO - Filling up the DagBag from /home/airflow/.local/lib/python3.6/site-packages/airflow/example_dags/example_python_operator.py
[2021-06-15 03:35:37,175] {scheduler_job.py:643} INFO - DAG(s) dict_keys(['example_python_operator']) retrieved from /home/airflow/.local/lib/python3.6/site-packages/airflow/example_dags/example_python_operator.py
[2021-06-15 03:35:37,328] {logging_mixin.py:104} INFO - [2021-06-15 03:35:37,328] {dag.py:1832} INFO - Sync 1 DAGs
[2021-06-15 03:35:37,395] {logging_mixin.py:104} INFO - [2021-06-15 03:35:37,395] {dag.py:2305} INFO - Setting next_dagrun for example_python_operator to None
[2021-06-15 03:35:37,443] {scheduler_job.py:190} INFO - Processing /home/airflow/.local/lib/python3.6/site-packages/airflow/example_dags/example_python_operator.py took 0.358 seconds
[2021-06-15 03:36:08,448] {scheduler_job.py:182} INFO - Started process (PID=1396) to work on /home/airflow/.local/lib/python3.6/site-packages/airflow/example_dags/example_python_operator.py
[2021-06-15 03:36:08,456] {scheduler_job.py:633} INFO - Processing file /home/airflow/.local/lib/python3.6/site-packages/airflow/example_dags/example_python_operator.py for tasks to queue
[2021-06-15 03:36:08,461] {logging_mixin.py:104} INFO - [2021-06-15 03:36:08,460] {dagbag.py:487} INFO - Filling up the DagBag from /home/airflow/.local/lib/python3.6/site-packages/airflow/example_dags/example_python_operator.py
[2021-06-15 03:36:08,556] {scheduler_job.py:643} INFO - DAG(s) dict_keys(['example_python_operator']) retrieved from /home/airflow/.local/lib/python3.6/site-packages/airflow/example_dags/example_python_operator.py
[2021-06-15 03:36:08,705] {logging_mixin.py:104} INFO - [2021-06-15 03:36:08,705] {dag.py:1832} INFO - Sync 1 DAGs
[2021-06-15 03:36:08,780] {logging_mixin.py:104} INFO - [2021-06-15 03:36:08,780] {dag.py:2305} INFO - Setting next_dagrun for example_python_operator to None
[2021-06-15 03:36:08,821] {scheduler_job.py:190} INFO - Processing /home/airflow/.local/lib/python3.6/site-packages/airflow/example_dags/example_python_operator.py took 0.388 seconds
[2021-06-15 03:36:39,360] {scheduler_job.py:182} INFO - Started process (PID=1457) to work on /home/airflow/.local/lib/python3.6/site-packages/airflow/example_dags/example_python_operator.py
[2021-06-15 03:36:39,367] {scheduler_job.py:633} INFO - Processing file /home/airflow/.local/lib/python3.6/site-packages/airflow/example_dags/example_python_operator.py for tasks to queue
[2021-06-15 03:36:39,375] {logging_mixin.py:104} INFO - [2021-06-15 03:36:39,374] {dagbag.py:487} INFO - Filling up the DagBag from /home/airflow/.local/lib/python3.6/site-packages/airflow/example_dags/example_python_operator.py
[2021-06-15 03:36:39,439] {scheduler_job.py:643} INFO - DAG(s) dict_keys(['example_python_operator']) retrieved from /home/airflow/.local/lib/python3.6/site-packages/airflow/example_dags/example_python_operator.py
[2021-06-15 03:36:39,548] {logging_mixin.py:104} INFO - [2021-06-15 03:36:39,544] {dag.py:1832} INFO - Sync 1 DAGs
[2021-06-15 03:36:39,617] {logging_mixin.py:104} INFO - [2021-06-15 03:36:39,617] {dag.py:2305} INFO - Setting next_dagrun for example_python_operator to None
[2021-06-15 03:36:39,658] {scheduler_job.py:190} INFO - Processing /home/airflow/.local/lib/python3.6/site-packages/airflow/example_dags/example_python_operator.py took 0.313 seconds
[2021-06-15 03:37:09,849] {scheduler_job.py:182} INFO - Started process (PID=1514) to work on /home/airflow/.local/lib/python3.6/site-packages/airflow/example_dags/example_python_operator.py
[2021-06-15 03:37:09,864] {scheduler_job.py:633} INFO - Processing file /home/airflow/.local/lib/python3.6/site-packages/airflow/example_dags/example_python_operator.py for tasks to queue
[2021-06-15 03:37:09,874] {logging_mixin.py:104} INFO - [2021-06-15 03:37:09,873] {dagbag.py:487} INFO - Filling up the DagBag from /home/airflow/.local/lib/python3.6/site-packages/airflow/example_dags/example_python_operator.py
[2021-06-15 03:37:09,955] {scheduler_job.py:643} INFO - DAG(s) dict_keys(['example_python_operator']) retrieved from /home/airflow/.local/lib/python3.6/site-packages/airflow/example_dags/example_python_operator.py
[2021-06-15 03:37:10,052] {logging_mixin.py:104} INFO - [2021-06-15 03:37:10,052] {dag.py:1832} INFO - Sync 1 DAGs
[2021-06-15 03:37:10,118] {logging_mixin.py:104} INFO - [2021-06-15 03:37:10,118] {dag.py:2305} INFO - Setting next_dagrun for example_python_operator to None
[2021-06-15 03:37:10,161] {scheduler_job.py:190} INFO - Processing /home/airflow/.local/lib/python3.6/site-packages/airflow/example_dags/example_python_operator.py took 0.330 seconds
[2021-06-15 03:37:40,858] {scheduler_job.py:182} INFO - Started process (PID=1581) to work on /home/airflow/.local/lib/python3.6/site-packages/airflow/example_dags/example_python_operator.py
[2021-06-15 03:37:40,864] {scheduler_job.py:633} INFO - Processing file /home/airflow/.local/lib/python3.6/site-packages/airflow/example_dags/example_python_operator.py for tasks to queue
[2021-06-15 03:37:40,869] {logging_mixin.py:104} INFO - [2021-06-15 03:37:40,869] {dagbag.py:487} INFO - Filling up the DagBag from /home/airflow/.local/lib/python3.6/site-packages/airflow/example_dags/example_python_operator.py
[2021-06-15 03:37:40,938] {scheduler_job.py:643} INFO - DAG(s) dict_keys(['example_python_operator']) retrieved from /home/airflow/.local/lib/python3.6/site-packages/airflow/example_dags/example_python_operator.py
[2021-06-15 03:37:41,060] {logging_mixin.py:104} INFO - [2021-06-15 03:37:41,059] {dag.py:1832} INFO - Sync 1 DAGs
[2021-06-15 03:37:41,135] {logging_mixin.py:104} INFO - [2021-06-15 03:37:41,134] {dag.py:2305} INFO - Setting next_dagrun for example_python_operator to None
[2021-06-15 03:37:41,180] {scheduler_job.py:190} INFO - Processing /home/airflow/.local/lib/python3.6/site-packages/airflow/example_dags/example_python_operator.py took 0.336 seconds
[2021-06-15 03:38:11,439] {scheduler_job.py:182} INFO - Started process (PID=1649) to work on /home/airflow/.local/lib/python3.6/site-packages/airflow/example_dags/example_python_operator.py
[2021-06-15 03:38:11,447] {scheduler_job.py:633} INFO - Processing file /home/airflow/.local/lib/python3.6/site-packages/airflow/example_dags/example_python_operator.py for tasks to queue
[2021-06-15 03:38:11,453] {logging_mixin.py:104} INFO - [2021-06-15 03:38:11,452] {dagbag.py:487} INFO - Filling up the DagBag from /home/airflow/.local/lib/python3.6/site-packages/airflow/example_dags/example_python_operator.py
[2021-06-15 03:38:11,515] {scheduler_job.py:643} INFO - DAG(s) dict_keys(['example_python_operator']) retrieved from /home/airflow/.local/lib/python3.6/site-packages/airflow/example_dags/example_python_operator.py
[2021-06-15 03:38:11,612] {logging_mixin.py:104} INFO - [2021-06-15 03:38:11,612] {dag.py:1832} INFO - Sync 1 DAGs
[2021-06-15 03:38:11,676] {logging_mixin.py:104} INFO - [2021-06-15 03:38:11,676] {dag.py:2305} INFO - Setting next_dagrun for example_python_operator to None
[2021-06-15 03:38:11,718] {scheduler_job.py:190} INFO - Processing /home/airflow/.local/lib/python3.6/site-packages/airflow/example_dags/example_python_operator.py took 0.300 seconds
[2021-06-15 03:38:41,923] {scheduler_job.py:182} INFO - Started process (PID=1716) to work on /home/airflow/.local/lib/python3.6/site-packages/airflow/example_dags/example_python_operator.py
[2021-06-15 03:38:41,931] {scheduler_job.py:633} INFO - Processing file /home/airflow/.local/lib/python3.6/site-packages/airflow/example_dags/example_python_operator.py for tasks to queue
[2021-06-15 03:38:41,937] {logging_mixin.py:104} INFO - [2021-06-15 03:38:41,937] {dagbag.py:487} INFO - Filling up the DagBag from /home/airflow/.local/lib/python3.6/site-packages/airflow/example_dags/example_python_operator.py
[2021-06-15 03:38:42,016] {scheduler_job.py:643} INFO - DAG(s) dict_keys(['example_python_operator']) retrieved from /home/airflow/.local/lib/python3.6/site-packages/airflow/example_dags/example_python_operator.py
[2021-06-15 03:38:42,145] {logging_mixin.py:104} INFO - [2021-06-15 03:38:42,144] {dag.py:1832} INFO - Sync 1 DAGs
[2021-06-15 03:38:42,215] {logging_mixin.py:104} INFO - [2021-06-15 03:38:42,215] {dag.py:2305} INFO - Setting next_dagrun for example_python_operator to None
[2021-06-15 03:38:42,255] {scheduler_job.py:190} INFO - Processing /home/airflow/.local/lib/python3.6/site-packages/airflow/example_dags/example_python_operator.py took 0.348 seconds
[2021-06-15 03:39:12,869] {scheduler_job.py:182} INFO - Started process (PID=1765) to work on /home/airflow/.local/lib/python3.6/site-packages/airflow/example_dags/example_python_operator.py
[2021-06-15 03:39:12,879] {scheduler_job.py:633} INFO - Processing file /home/airflow/.local/lib/python3.6/site-packages/airflow/example_dags/example_python_operator.py for tasks to queue
[2021-06-15 03:39:12,885] {logging_mixin.py:104} INFO - [2021-06-15 03:39:12,884] {dagbag.py:487} INFO - Filling up the DagBag from /home/airflow/.local/lib/python3.6/site-packages/airflow/example_dags/example_python_operator.py
[2021-06-15 03:39:12,955] {scheduler_job.py:643} INFO - DAG(s) dict_keys(['example_python_operator']) retrieved from /home/airflow/.local/lib/python3.6/site-packages/airflow/example_dags/example_python_operator.py
[2021-06-15 03:39:13,082] {logging_mixin.py:104} INFO - [2021-06-15 03:39:13,081] {dag.py:1832} INFO - Sync 1 DAGs
[2021-06-15 03:39:13,173] {logging_mixin.py:104} INFO - [2021-06-15 03:39:13,172] {dag.py:2305} INFO - Setting next_dagrun for example_python_operator to None
[2021-06-15 03:39:13,233] {scheduler_job.py:190} INFO - Processing /home/airflow/.local/lib/python3.6/site-packages/airflow/example_dags/example_python_operator.py took 0.388 seconds
[2021-06-15 03:39:43,881] {scheduler_job.py:182} INFO - Started process (PID=1831) to work on /home/airflow/.local/lib/python3.6/site-packages/airflow/example_dags/example_python_operator.py
[2021-06-15 03:39:43,891] {scheduler_job.py:633} INFO - Processing file /home/airflow/.local/lib/python3.6/site-packages/airflow/example_dags/example_python_operator.py for tasks to queue
[2021-06-15 03:39:43,897] {logging_mixin.py:104} INFO - [2021-06-15 03:39:43,897] {dagbag.py:487} INFO - Filling up the DagBag from /home/airflow/.local/lib/python3.6/site-packages/airflow/example_dags/example_python_operator.py
[2021-06-15 03:39:43,966] {scheduler_job.py:643} INFO - DAG(s) dict_keys(['example_python_operator']) retrieved from /home/airflow/.local/lib/python3.6/site-packages/airflow/example_dags/example_python_operator.py
[2021-06-15 03:39:44,070] {logging_mixin.py:104} INFO - [2021-06-15 03:39:44,069] {dag.py:1832} INFO - Sync 1 DAGs
[2021-06-15 03:39:44,154] {logging_mixin.py:104} INFO - [2021-06-15 03:39:44,153] {dag.py:2305} INFO - Setting next_dagrun for example_python_operator to None
[2021-06-15 03:39:44,205] {scheduler_job.py:190} INFO - Processing /home/airflow/.local/lib/python3.6/site-packages/airflow/example_dags/example_python_operator.py took 0.345 seconds
[2021-06-15 03:40:15,288] {scheduler_job.py:182} INFO - Started process (PID=1898) to work on /home/airflow/.local/lib/python3.6/site-packages/airflow/example_dags/example_python_operator.py
[2021-06-15 03:40:15,296] {scheduler_job.py:633} INFO - Processing file /home/airflow/.local/lib/python3.6/site-packages/airflow/example_dags/example_python_operator.py for tasks to queue
[2021-06-15 03:40:15,302] {logging_mixin.py:104} INFO - [2021-06-15 03:40:15,301] {dagbag.py:487} INFO - Filling up the DagBag from /home/airflow/.local/lib/python3.6/site-packages/airflow/example_dags/example_python_operator.py
[2021-06-15 03:40:15,368] {scheduler_job.py:643} INFO - DAG(s) dict_keys(['example_python_operator']) retrieved from /home/airflow/.local/lib/python3.6/site-packages/airflow/example_dags/example_python_operator.py
[2021-06-15 03:40:15,489] {logging_mixin.py:104} INFO - [2021-06-15 03:40:15,488] {dag.py:1832} INFO - Sync 1 DAGs
[2021-06-15 03:40:15,570] {logging_mixin.py:104} INFO - [2021-06-15 03:40:15,570] {dag.py:2305} INFO - Setting next_dagrun for example_python_operator to None
[2021-06-15 03:40:15,615] {scheduler_job.py:190} INFO - Processing /home/airflow/.local/lib/python3.6/site-packages/airflow/example_dags/example_python_operator.py took 0.345 seconds
[2021-06-15 03:40:46,364] {scheduler_job.py:182} INFO - Started process (PID=1959) to work on /home/airflow/.local/lib/python3.6/site-packages/airflow/example_dags/example_python_operator.py
[2021-06-15 03:40:46,379] {scheduler_job.py:633} INFO - Processing file /home/airflow/.local/lib/python3.6/site-packages/airflow/example_dags/example_python_operator.py for tasks to queue
[2021-06-15 03:40:46,389] {logging_mixin.py:104} INFO - [2021-06-15 03:40:46,388] {dagbag.py:487} INFO - Filling up the DagBag from /home/airflow/.local/lib/python3.6/site-packages/airflow/example_dags/example_python_operator.py
[2021-06-15 03:40:46,476] {scheduler_job.py:643} INFO - DAG(s) dict_keys(['example_python_operator']) retrieved from /home/airflow/.local/lib/python3.6/site-packages/airflow/example_dags/example_python_operator.py
[2021-06-15 03:40:46,615] {logging_mixin.py:104} INFO - [2021-06-15 03:40:46,615] {dag.py:1832} INFO - Sync 1 DAGs
[2021-06-15 03:40:46,719] {logging_mixin.py:104} INFO - [2021-06-15 03:40:46,718] {dag.py:2305} INFO - Setting next_dagrun for example_python_operator to None
[2021-06-15 03:40:46,786] {scheduler_job.py:190} INFO - Processing /home/airflow/.local/lib/python3.6/site-packages/airflow/example_dags/example_python_operator.py took 0.443 seconds
[2021-06-15 03:41:17,595] {scheduler_job.py:182} INFO - Started process (PID=2016) to work on /home/airflow/.local/lib/python3.6/site-packages/airflow/example_dags/example_python_operator.py
[2021-06-15 03:41:17,605] {scheduler_job.py:633} INFO - Processing file /home/airflow/.local/lib/python3.6/site-packages/airflow/example_dags/example_python_operator.py for tasks to queue
[2021-06-15 03:41:17,612] {logging_mixin.py:104} INFO - [2021-06-15 03:41:17,611] {dagbag.py:487} INFO - Filling up the DagBag from /home/airflow/.local/lib/python3.6/site-packages/airflow/example_dags/example_python_operator.py
[2021-06-15 03:41:17,691] {scheduler_job.py:643} INFO - DAG(s) dict_keys(['example_python_operator']) retrieved from /home/airflow/.local/lib/python3.6/site-packages/airflow/example_dags/example_python_operator.py
[2021-06-15 03:41:17,844] {logging_mixin.py:104} INFO - [2021-06-15 03:41:17,843] {dag.py:1832} INFO - Sync 1 DAGs
[2021-06-15 03:41:17,934] {logging_mixin.py:104} INFO - [2021-06-15 03:41:17,934] {dag.py:2305} INFO - Setting next_dagrun for example_python_operator to None
[2021-06-15 03:41:17,988] {scheduler_job.py:190} INFO - Processing /home/airflow/.local/lib/python3.6/site-packages/airflow/example_dags/example_python_operator.py took 0.411 seconds
[2021-06-15 03:41:48,902] {scheduler_job.py:182} INFO - Started process (PID=2084) to work on /home/airflow/.local/lib/python3.6/site-packages/airflow/example_dags/example_python_operator.py
[2021-06-15 03:41:48,912] {scheduler_job.py:633} INFO - Processing file /home/airflow/.local/lib/python3.6/site-packages/airflow/example_dags/example_python_operator.py for tasks to queue
[2021-06-15 03:41:48,918] {logging_mixin.py:104} INFO - [2021-06-15 03:41:48,917] {dagbag.py:487} INFO - Filling up the DagBag from /home/airflow/.local/lib/python3.6/site-packages/airflow/example_dags/example_python_operator.py
[2021-06-15 03:41:49,003] {scheduler_job.py:643} INFO - DAG(s) dict_keys(['example_python_operator']) retrieved from /home/airflow/.local/lib/python3.6/site-packages/airflow/example_dags/example_python_operator.py
[2021-06-15 03:41:49,133] {logging_mixin.py:104} INFO - [2021-06-15 03:41:49,132] {dag.py:1832} INFO - Sync 1 DAGs
[2021-06-15 03:41:49,217] {logging_mixin.py:104} INFO - [2021-06-15 03:41:49,217] {dag.py:2305} INFO - Setting next_dagrun for example_python_operator to None
[2021-06-15 03:41:49,274] {scheduler_job.py:190} INFO - Processing /home/airflow/.local/lib/python3.6/site-packages/airflow/example_dags/example_python_operator.py took 0.390 seconds
[2021-06-15 03:42:19,696] {scheduler_job.py:182} INFO - Started process (PID=2143) to work on /home/airflow/.local/lib/python3.6/site-packages/airflow/example_dags/example_python_operator.py
[2021-06-15 03:42:19,707] {scheduler_job.py:633} INFO - Processing file /home/airflow/.local/lib/python3.6/site-packages/airflow/example_dags/example_python_operator.py for tasks to queue
[2021-06-15 03:42:19,713] {logging_mixin.py:104} INFO - [2021-06-15 03:42:19,713] {dagbag.py:487} INFO - Filling up the DagBag from /home/airflow/.local/lib/python3.6/site-packages/airflow/example_dags/example_python_operator.py
[2021-06-15 03:42:19,782] {scheduler_job.py:643} INFO - DAG(s) dict_keys(['example_python_operator']) retrieved from /home/airflow/.local/lib/python3.6/site-packages/airflow/example_dags/example_python_operator.py
[2021-06-15 03:42:19,899] {logging_mixin.py:104} INFO - [2021-06-15 03:42:19,898] {dag.py:1832} INFO - Sync 1 DAGs
[2021-06-15 03:42:20,012] {logging_mixin.py:104} INFO - [2021-06-15 03:42:20,012] {dag.py:2305} INFO - Setting next_dagrun for example_python_operator to None
[2021-06-15 03:42:20,075] {scheduler_job.py:190} INFO - Processing /home/airflow/.local/lib/python3.6/site-packages/airflow/example_dags/example_python_operator.py took 0.397 seconds
[2021-06-15 03:42:50,198] {scheduler_job.py:182} INFO - Started process (PID=2199) to work on /home/airflow/.local/lib/python3.6/site-packages/airflow/example_dags/example_python_operator.py
[2021-06-15 03:42:50,207] {scheduler_job.py:633} INFO - Processing file /home/airflow/.local/lib/python3.6/site-packages/airflow/example_dags/example_python_operator.py for tasks to queue
[2021-06-15 03:42:50,215] {logging_mixin.py:104} INFO - [2021-06-15 03:42:50,214] {dagbag.py:487} INFO - Filling up the DagBag from /home/airflow/.local/lib/python3.6/site-packages/airflow/example_dags/example_python_operator.py
[2021-06-15 03:42:50,294] {scheduler_job.py:643} INFO - DAG(s) dict_keys(['example_python_operator']) retrieved from /home/airflow/.local/lib/python3.6/site-packages/airflow/example_dags/example_python_operator.py
[2021-06-15 03:42:50,427] {logging_mixin.py:104} INFO - [2021-06-15 03:42:50,426] {dag.py:1832} INFO - Sync 1 DAGs
[2021-06-15 03:42:50,531] {logging_mixin.py:104} INFO - [2021-06-15 03:42:50,530] {dag.py:2305} INFO - Setting next_dagrun for example_python_operator to None
[2021-06-15 03:42:50,607] {scheduler_job.py:190} INFO - Processing /home/airflow/.local/lib/python3.6/site-packages/airflow/example_dags/example_python_operator.py took 0.425 seconds
[2021-06-15 03:43:21,702] {scheduler_job.py:182} INFO - Started process (PID=2267) to work on /home/airflow/.local/lib/python3.6/site-packages/airflow/example_dags/example_python_operator.py
[2021-06-15 03:43:21,710] {scheduler_job.py:633} INFO - Processing file /home/airflow/.local/lib/python3.6/site-packages/airflow/example_dags/example_python_operator.py for tasks to queue
[2021-06-15 03:43:21,717] {logging_mixin.py:104} INFO - [2021-06-15 03:43:21,717] {dagbag.py:487} INFO - Filling up the DagBag from /home/airflow/.local/lib/python3.6/site-packages/airflow/example_dags/example_python_operator.py
[2021-06-15 03:43:21,776] {scheduler_job.py:643} INFO - DAG(s) dict_keys(['example_python_operator']) retrieved from /home/airflow/.local/lib/python3.6/site-packages/airflow/example_dags/example_python_operator.py
[2021-06-15 03:43:21,882] {logging_mixin.py:104} INFO - [2021-06-15 03:43:21,881] {dag.py:1832} INFO - Sync 1 DAGs
[2021-06-15 03:43:21,949] {logging_mixin.py:104} INFO - [2021-06-15 03:43:21,948] {dag.py:2305} INFO - Setting next_dagrun for example_python_operator to None
[2021-06-15 03:43:21,994] {scheduler_job.py:190} INFO - Processing /home/airflow/.local/lib/python3.6/site-packages/airflow/example_dags/example_python_operator.py took 0.308 seconds
[2021-06-15 03:43:52,222] {scheduler_job.py:182} INFO - Started process (PID=2334) to work on /home/airflow/.local/lib/python3.6/site-packages/airflow/example_dags/example_python_operator.py
[2021-06-15 03:43:52,230] {scheduler_job.py:633} INFO - Processing file /home/airflow/.local/lib/python3.6/site-packages/airflow/example_dags/example_python_operator.py for tasks to queue
[2021-06-15 03:43:52,238] {logging_mixin.py:104} INFO - [2021-06-15 03:43:52,237] {dagbag.py:487} INFO - Filling up the DagBag from /home/airflow/.local/lib/python3.6/site-packages/airflow/example_dags/example_python_operator.py
[2021-06-15 03:43:52,365] {scheduler_job.py:643} INFO - DAG(s) dict_keys(['example_python_operator']) retrieved from /home/airflow/.local/lib/python3.6/site-packages/airflow/example_dags/example_python_operator.py
[2021-06-15 03:43:52,573] {logging_mixin.py:104} INFO - [2021-06-15 03:43:52,572] {dag.py:1832} INFO - Sync 1 DAGs
[2021-06-15 03:43:52,691] {logging_mixin.py:104} INFO - [2021-06-15 03:43:52,691] {dag.py:2305} INFO - Setting next_dagrun for example_python_operator to None
[2021-06-15 03:43:52,739] {scheduler_job.py:190} INFO - Processing /home/airflow/.local/lib/python3.6/site-packages/airflow/example_dags/example_python_operator.py took 0.541 seconds
[2021-06-15 03:44:24,261] {scheduler_job.py:182} INFO - Started process (PID=2395) to work on /home/airflow/.local/lib/python3.6/site-packages/airflow/example_dags/example_python_operator.py
[2021-06-15 03:44:24,275] {scheduler_job.py:633} INFO - Processing file /home/airflow/.local/lib/python3.6/site-packages/airflow/example_dags/example_python_operator.py for tasks to queue
[2021-06-15 03:44:24,293] {logging_mixin.py:104} INFO - [2021-06-15 03:44:24,291] {dagbag.py:487} INFO - Filling up the DagBag from /home/airflow/.local/lib/python3.6/site-packages/airflow/example_dags/example_python_operator.py
[2021-06-15 03:44:24,408] {scheduler_job.py:643} INFO - DAG(s) dict_keys(['example_python_operator']) retrieved from /home/airflow/.local/lib/python3.6/site-packages/airflow/example_dags/example_python_operator.py
[2021-06-15 03:44:24,576] {logging_mixin.py:104} INFO - [2021-06-15 03:44:24,575] {dag.py:1832} INFO - Sync 1 DAGs
[2021-06-15 03:44:24,672] {logging_mixin.py:104} INFO - [2021-06-15 03:44:24,671] {dag.py:2305} INFO - Setting next_dagrun for example_python_operator to None
[2021-06-15 03:44:24,729] {scheduler_job.py:190} INFO - Processing /home/airflow/.local/lib/python3.6/site-packages/airflow/example_dags/example_python_operator.py took 0.489 seconds
[2021-06-15 03:44:55,228] {scheduler_job.py:182} INFO - Started process (PID=2452) to work on /home/airflow/.local/lib/python3.6/site-packages/airflow/example_dags/example_python_operator.py
[2021-06-15 03:44:55,237] {scheduler_job.py:633} INFO - Processing file /home/airflow/.local/lib/python3.6/site-packages/airflow/example_dags/example_python_operator.py for tasks to queue
[2021-06-15 03:44:55,243] {logging_mixin.py:104} INFO - [2021-06-15 03:44:55,242] {dagbag.py:487} INFO - Filling up the DagBag from /home/airflow/.local/lib/python3.6/site-packages/airflow/example_dags/example_python_operator.py
[2021-06-15 03:44:55,324] {scheduler_job.py:643} INFO - DAG(s) dict_keys(['example_python_operator']) retrieved from /home/airflow/.local/lib/python3.6/site-packages/airflow/example_dags/example_python_operator.py
[2021-06-15 03:44:55,454] {logging_mixin.py:104} INFO - [2021-06-15 03:44:55,454] {dag.py:1832} INFO - Sync 1 DAGs
[2021-06-15 03:44:55,566] {logging_mixin.py:104} INFO - [2021-06-15 03:44:55,565] {dag.py:2305} INFO - Setting next_dagrun for example_python_operator to None
[2021-06-15 03:44:55,622] {scheduler_job.py:190} INFO - Processing /home/airflow/.local/lib/python3.6/site-packages/airflow/example_dags/example_python_operator.py took 0.412 seconds
[2021-06-15 03:45:26,016] {scheduler_job.py:182} INFO - Started process (PID=2518) to work on /home/airflow/.local/lib/python3.6/site-packages/airflow/example_dags/example_python_operator.py
[2021-06-15 03:45:26,026] {scheduler_job.py:633} INFO - Processing file /home/airflow/.local/lib/python3.6/site-packages/airflow/example_dags/example_python_operator.py for tasks to queue
[2021-06-15 03:45:26,032] {logging_mixin.py:104} INFO - [2021-06-15 03:45:26,031] {dagbag.py:487} INFO - Filling up the DagBag from /home/airflow/.local/lib/python3.6/site-packages/airflow/example_dags/example_python_operator.py
[2021-06-15 03:45:26,111] {scheduler_job.py:643} INFO - DAG(s) dict_keys(['example_python_operator']) retrieved from /home/airflow/.local/lib/python3.6/site-packages/airflow/example_dags/example_python_operator.py
[2021-06-15 03:45:26,229] {logging_mixin.py:104} INFO - [2021-06-15 03:45:26,229] {dag.py:1832} INFO - Sync 1 DAGs
[2021-06-15 03:45:26,354] {logging_mixin.py:104} INFO - [2021-06-15 03:45:26,354] {dag.py:2305} INFO - Setting next_dagrun for example_python_operator to None
[2021-06-15 03:45:26,417] {scheduler_job.py:190} INFO - Processing /home/airflow/.local/lib/python3.6/site-packages/airflow/example_dags/example_python_operator.py took 0.418 seconds
[2021-06-15 03:45:56,655] {scheduler_job.py:182} INFO - Started process (PID=2578) to work on /home/airflow/.local/lib/python3.6/site-packages/airflow/example_dags/example_python_operator.py
[2021-06-15 03:45:56,665] {scheduler_job.py:633} INFO - Processing file /home/airflow/.local/lib/python3.6/site-packages/airflow/example_dags/example_python_operator.py for tasks to queue
[2021-06-15 03:45:56,672] {logging_mixin.py:104} INFO - [2021-06-15 03:45:56,671] {dagbag.py:487} INFO - Filling up the DagBag from /home/airflow/.local/lib/python3.6/site-packages/airflow/example_dags/example_python_operator.py
[2021-06-15 03:45:56,796] {scheduler_job.py:643} INFO - DAG(s) dict_keys(['example_python_operator']) retrieved from /home/airflow/.local/lib/python3.6/site-packages/airflow/example_dags/example_python_operator.py
[2021-06-15 03:45:56,949] {logging_mixin.py:104} INFO - [2021-06-15 03:45:56,948] {dag.py:1832} INFO - Sync 1 DAGs
[2021-06-15 03:45:57,147] {logging_mixin.py:104} INFO - [2021-06-15 03:45:57,143] {dag.py:2305} INFO - Setting next_dagrun for example_python_operator to None
[2021-06-15 03:45:57,225] {scheduler_job.py:190} INFO - Processing /home/airflow/.local/lib/python3.6/site-packages/airflow/example_dags/example_python_operator.py took 0.595 seconds
[2021-06-15 03:46:27,586] {scheduler_job.py:182} INFO - Started process (PID=2635) to work on /home/airflow/.local/lib/python3.6/site-packages/airflow/example_dags/example_python_operator.py
[2021-06-15 03:46:27,592] {scheduler_job.py:633} INFO - Processing file /home/airflow/.local/lib/python3.6/site-packages/airflow/example_dags/example_python_operator.py for tasks to queue
[2021-06-15 03:46:27,598] {logging_mixin.py:104} INFO - [2021-06-15 03:46:27,597] {dagbag.py:487} INFO - Filling up the DagBag from /home/airflow/.local/lib/python3.6/site-packages/airflow/example_dags/example_python_operator.py
[2021-06-15 03:46:27,654] {scheduler_job.py:643} INFO - DAG(s) dict_keys(['example_python_operator']) retrieved from /home/airflow/.local/lib/python3.6/site-packages/airflow/example_dags/example_python_operator.py
[2021-06-15 03:46:27,747] {logging_mixin.py:104} INFO - [2021-06-15 03:46:27,746] {dag.py:1832} INFO - Sync 1 DAGs
[2021-06-15 03:46:27,812] {logging_mixin.py:104} INFO - [2021-06-15 03:46:27,811] {dag.py:2305} INFO - Setting next_dagrun for example_python_operator to None
[2021-06-15 03:46:27,851] {scheduler_job.py:190} INFO - Processing /home/airflow/.local/lib/python3.6/site-packages/airflow/example_dags/example_python_operator.py took 0.280 seconds
[2021-06-15 03:46:58,361] {scheduler_job.py:182} INFO - Started process (PID=2702) to work on /home/airflow/.local/lib/python3.6/site-packages/airflow/example_dags/example_python_operator.py
[2021-06-15 03:46:58,368] {scheduler_job.py:633} INFO - Processing file /home/airflow/.local/lib/python3.6/site-packages/airflow/example_dags/example_python_operator.py for tasks to queue
[2021-06-15 03:46:58,373] {logging_mixin.py:104} INFO - [2021-06-15 03:46:58,373] {dagbag.py:487} INFO - Filling up the DagBag from /home/airflow/.local/lib/python3.6/site-packages/airflow/example_dags/example_python_operator.py
[2021-06-15 03:46:58,431] {scheduler_job.py:643} INFO - DAG(s) dict_keys(['example_python_operator']) retrieved from /home/airflow/.local/lib/python3.6/site-packages/airflow/example_dags/example_python_operator.py
[2021-06-15 03:46:58,530] {logging_mixin.py:104} INFO - [2021-06-15 03:46:58,529] {dag.py:1832} INFO - Sync 1 DAGs
[2021-06-15 03:46:58,599] {logging_mixin.py:104} INFO - [2021-06-15 03:46:58,599] {dag.py:2305} INFO - Setting next_dagrun for example_python_operator to None
[2021-06-15 03:46:58,638] {scheduler_job.py:190} INFO - Processing /home/airflow/.local/lib/python3.6/site-packages/airflow/example_dags/example_python_operator.py took 0.294 seconds
[2021-06-15 03:47:28,786] {scheduler_job.py:182} INFO - Started process (PID=2770) to work on /home/airflow/.local/lib/python3.6/site-packages/airflow/example_dags/example_python_operator.py
[2021-06-15 03:47:28,795] {scheduler_job.py:633} INFO - Processing file /home/airflow/.local/lib/python3.6/site-packages/airflow/example_dags/example_python_operator.py for tasks to queue
[2021-06-15 03:47:28,800] {logging_mixin.py:104} INFO - [2021-06-15 03:47:28,799] {dagbag.py:487} INFO - Filling up the DagBag from /home/airflow/.local/lib/python3.6/site-packages/airflow/example_dags/example_python_operator.py
[2021-06-15 03:47:28,855] {scheduler_job.py:643} INFO - DAG(s) dict_keys(['example_python_operator']) retrieved from /home/airflow/.local/lib/python3.6/site-packages/airflow/example_dags/example_python_operator.py
[2021-06-15 03:47:28,947] {logging_mixin.py:104} INFO - [2021-06-15 03:47:28,946] {dag.py:1832} INFO - Sync 1 DAGs
[2021-06-15 03:47:29,009] {logging_mixin.py:104} INFO - [2021-06-15 03:47:29,009] {dag.py:2305} INFO - Setting next_dagrun for example_python_operator to None
[2021-06-15 03:47:29,048] {scheduler_job.py:190} INFO - Processing /home/airflow/.local/lib/python3.6/site-packages/airflow/example_dags/example_python_operator.py took 0.276 seconds
[2021-06-15 03:47:59,582] {scheduler_job.py:182} INFO - Started process (PID=2838) to work on /home/airflow/.local/lib/python3.6/site-packages/airflow/example_dags/example_python_operator.py
[2021-06-15 03:47:59,589] {scheduler_job.py:633} INFO - Processing file /home/airflow/.local/lib/python3.6/site-packages/airflow/example_dags/example_python_operator.py for tasks to queue
[2021-06-15 03:47:59,595] {logging_mixin.py:104} INFO - [2021-06-15 03:47:59,594] {dagbag.py:487} INFO - Filling up the DagBag from /home/airflow/.local/lib/python3.6/site-packages/airflow/example_dags/example_python_operator.py
[2021-06-15 03:47:59,652] {scheduler_job.py:643} INFO - DAG(s) dict_keys(['example_python_operator']) retrieved from /home/airflow/.local/lib/python3.6/site-packages/airflow/example_dags/example_python_operator.py
[2021-06-15 03:47:59,751] {logging_mixin.py:104} INFO - [2021-06-15 03:47:59,750] {dag.py:1832} INFO - Sync 1 DAGs
[2021-06-15 03:47:59,815] {logging_mixin.py:104} INFO - [2021-06-15 03:47:59,815] {dag.py:2305} INFO - Setting next_dagrun for example_python_operator to None
[2021-06-15 03:47:59,857] {scheduler_job.py:190} INFO - Processing /home/airflow/.local/lib/python3.6/site-packages/airflow/example_dags/example_python_operator.py took 0.289 seconds
[2021-06-15 03:48:30,087] {scheduler_job.py:182} INFO - Started process (PID=2898) to work on /home/airflow/.local/lib/python3.6/site-packages/airflow/example_dags/example_python_operator.py
[2021-06-15 03:48:30,099] {scheduler_job.py:633} INFO - Processing file /home/airflow/.local/lib/python3.6/site-packages/airflow/example_dags/example_python_operator.py for tasks to queue
[2021-06-15 03:48:30,104] {logging_mixin.py:104} INFO - [2021-06-15 03:48:30,104] {dagbag.py:487} INFO - Filling up the DagBag from /home/airflow/.local/lib/python3.6/site-packages/airflow/example_dags/example_python_operator.py
[2021-06-15 03:48:30,213] {scheduler_job.py:643} INFO - DAG(s) dict_keys(['example_python_operator']) retrieved from /home/airflow/.local/lib/python3.6/site-packages/airflow/example_dags/example_python_operator.py
[2021-06-15 03:48:30,357] {logging_mixin.py:104} INFO - [2021-06-15 03:48:30,356] {dag.py:1832} INFO - Sync 1 DAGs
[2021-06-15 03:48:30,444] {logging_mixin.py:104} INFO - [2021-06-15 03:48:30,443] {dag.py:2305} INFO - Setting next_dagrun for example_python_operator to None
[2021-06-15 03:48:30,485] {scheduler_job.py:190} INFO - Processing /home/airflow/.local/lib/python3.6/site-packages/airflow/example_dags/example_python_operator.py took 0.438 seconds
[2021-06-15 03:49:00,633] {scheduler_job.py:182} INFO - Started process (PID=2955) to work on /home/airflow/.local/lib/python3.6/site-packages/airflow/example_dags/example_python_operator.py
[2021-06-15 03:49:00,639] {scheduler_job.py:633} INFO - Processing file /home/airflow/.local/lib/python3.6/site-packages/airflow/example_dags/example_python_operator.py for tasks to queue
[2021-06-15 03:49:00,647] {logging_mixin.py:104} INFO - [2021-06-15 03:49:00,646] {dagbag.py:487} INFO - Filling up the DagBag from /home/airflow/.local/lib/python3.6/site-packages/airflow/example_dags/example_python_operator.py
[2021-06-15 03:49:00,705] {scheduler_job.py:643} INFO - DAG(s) dict_keys(['example_python_operator']) retrieved from /home/airflow/.local/lib/python3.6/site-packages/airflow/example_dags/example_python_operator.py
[2021-06-15 03:49:00,807] {logging_mixin.py:104} INFO - [2021-06-15 03:49:00,806] {dag.py:1832} INFO - Sync 1 DAGs
[2021-06-15 03:49:00,877] {logging_mixin.py:104} INFO - [2021-06-15 03:49:00,876] {dag.py:2305} INFO - Setting next_dagrun for example_python_operator to None
[2021-06-15 03:49:00,918] {scheduler_job.py:190} INFO - Processing /home/airflow/.local/lib/python3.6/site-packages/airflow/example_dags/example_python_operator.py took 0.301 seconds
