[2021-06-15 03:25:14,261] {scheduler_job.py:182} INFO - Started process (PID=60) to work on /home/airflow/.local/lib/python3.6/site-packages/airflow/example_dags/example_complex.py
[2021-06-15 03:25:14,271] {scheduler_job.py:633} INFO - Processing file /home/airflow/.local/lib/python3.6/site-packages/airflow/example_dags/example_complex.py for tasks to queue
[2021-06-15 03:25:14,280] {logging_mixin.py:104} INFO - [2021-06-15 03:25:14,279] {dagbag.py:487} INFO - Filling up the DagBag from /home/airflow/.local/lib/python3.6/site-packages/airflow/example_dags/example_complex.py
[2021-06-15 03:25:14,447] {scheduler_job.py:643} INFO - DAG(s) dict_keys(['example_complex']) retrieved from /home/airflow/.local/lib/python3.6/site-packages/airflow/example_dags/example_complex.py
[2021-06-15 03:25:15,720] {logging_mixin.py:104} INFO - [2021-06-15 03:25:15,719] {dag.py:1832} INFO - Sync 1 DAGs
[2021-06-15 03:25:15,857] {logging_mixin.py:104} INFO - [2021-06-15 03:25:15,857] {dag.py:2305} INFO - Setting next_dagrun for example_complex to None
[2021-06-15 03:25:15,941] {scheduler_job.py:190} INFO - Processing /home/airflow/.local/lib/python3.6/site-packages/airflow/example_dags/example_complex.py took 1.702 seconds
[2021-06-15 03:25:46,292] {scheduler_job.py:182} INFO - Started process (PID=122) to work on /home/airflow/.local/lib/python3.6/site-packages/airflow/example_dags/example_complex.py
[2021-06-15 03:25:46,302] {scheduler_job.py:633} INFO - Processing file /home/airflow/.local/lib/python3.6/site-packages/airflow/example_dags/example_complex.py for tasks to queue
[2021-06-15 03:25:46,309] {logging_mixin.py:104} INFO - [2021-06-15 03:25:46,308] {dagbag.py:487} INFO - Filling up the DagBag from /home/airflow/.local/lib/python3.6/site-packages/airflow/example_dags/example_complex.py
[2021-06-15 03:25:46,448] {scheduler_job.py:643} INFO - DAG(s) dict_keys(['example_complex']) retrieved from /home/airflow/.local/lib/python3.6/site-packages/airflow/example_dags/example_complex.py
[2021-06-15 03:25:46,614] {logging_mixin.py:104} INFO - [2021-06-15 03:25:46,613] {dag.py:1832} INFO - Sync 1 DAGs
[2021-06-15 03:25:46,722] {logging_mixin.py:104} INFO - [2021-06-15 03:25:46,721] {dag.py:2305} INFO - Setting next_dagrun for example_complex to None
[2021-06-15 03:25:46,788] {scheduler_job.py:190} INFO - Processing /home/airflow/.local/lib/python3.6/site-packages/airflow/example_dags/example_complex.py took 0.516 seconds
[2021-06-15 03:26:17,462] {scheduler_job.py:182} INFO - Started process (PID=179) to work on /home/airflow/.local/lib/python3.6/site-packages/airflow/example_dags/example_complex.py
[2021-06-15 03:26:17,474] {scheduler_job.py:633} INFO - Processing file /home/airflow/.local/lib/python3.6/site-packages/airflow/example_dags/example_complex.py for tasks to queue
[2021-06-15 03:26:17,483] {logging_mixin.py:104} INFO - [2021-06-15 03:26:17,482] {dagbag.py:487} INFO - Filling up the DagBag from /home/airflow/.local/lib/python3.6/site-packages/airflow/example_dags/example_complex.py
[2021-06-15 03:26:17,641] {scheduler_job.py:643} INFO - DAG(s) dict_keys(['example_complex']) retrieved from /home/airflow/.local/lib/python3.6/site-packages/airflow/example_dags/example_complex.py
[2021-06-15 03:26:17,943] {logging_mixin.py:104} INFO - [2021-06-15 03:26:17,943] {dag.py:1832} INFO - Sync 1 DAGs
[2021-06-15 03:26:18,067] {logging_mixin.py:104} INFO - [2021-06-15 03:26:18,066] {dag.py:2305} INFO - Setting next_dagrun for example_complex to None
[2021-06-15 03:26:18,132] {scheduler_job.py:190} INFO - Processing /home/airflow/.local/lib/python3.6/site-packages/airflow/example_dags/example_complex.py took 0.695 seconds
[2021-06-15 03:26:48,550] {scheduler_job.py:182} INFO - Started process (PID=246) to work on /home/airflow/.local/lib/python3.6/site-packages/airflow/example_dags/example_complex.py
[2021-06-15 03:26:48,559] {scheduler_job.py:633} INFO - Processing file /home/airflow/.local/lib/python3.6/site-packages/airflow/example_dags/example_complex.py for tasks to queue
[2021-06-15 03:26:48,567] {logging_mixin.py:104} INFO - [2021-06-15 03:26:48,565] {dagbag.py:487} INFO - Filling up the DagBag from /home/airflow/.local/lib/python3.6/site-packages/airflow/example_dags/example_complex.py
[2021-06-15 03:26:48,664] {scheduler_job.py:643} INFO - DAG(s) dict_keys(['example_complex']) retrieved from /home/airflow/.local/lib/python3.6/site-packages/airflow/example_dags/example_complex.py
[2021-06-15 03:26:48,809] {logging_mixin.py:104} INFO - [2021-06-15 03:26:48,809] {dag.py:1832} INFO - Sync 1 DAGs
[2021-06-15 03:26:48,912] {logging_mixin.py:104} INFO - [2021-06-15 03:26:48,912] {dag.py:2305} INFO - Setting next_dagrun for example_complex to None
[2021-06-15 03:26:48,962] {scheduler_job.py:190} INFO - Processing /home/airflow/.local/lib/python3.6/site-packages/airflow/example_dags/example_complex.py took 0.429 seconds
[2021-06-15 03:27:19,193] {scheduler_job.py:182} INFO - Started process (PID=306) to work on /home/airflow/.local/lib/python3.6/site-packages/airflow/example_dags/example_complex.py
[2021-06-15 03:27:19,203] {scheduler_job.py:633} INFO - Processing file /home/airflow/.local/lib/python3.6/site-packages/airflow/example_dags/example_complex.py for tasks to queue
[2021-06-15 03:27:19,210] {logging_mixin.py:104} INFO - [2021-06-15 03:27:19,209] {dagbag.py:487} INFO - Filling up the DagBag from /home/airflow/.local/lib/python3.6/site-packages/airflow/example_dags/example_complex.py
[2021-06-15 03:27:19,309] {scheduler_job.py:643} INFO - DAG(s) dict_keys(['example_complex']) retrieved from /home/airflow/.local/lib/python3.6/site-packages/airflow/example_dags/example_complex.py
[2021-06-15 03:27:19,437] {logging_mixin.py:104} INFO - [2021-06-15 03:27:19,437] {dag.py:1832} INFO - Sync 1 DAGs
[2021-06-15 03:27:19,515] {logging_mixin.py:104} INFO - [2021-06-15 03:27:19,515] {dag.py:2305} INFO - Setting next_dagrun for example_complex to None
[2021-06-15 03:27:19,564] {scheduler_job.py:190} INFO - Processing /home/airflow/.local/lib/python3.6/site-packages/airflow/example_dags/example_complex.py took 0.388 seconds
[2021-06-15 03:27:50,068] {scheduler_job.py:182} INFO - Started process (PID=363) to work on /home/airflow/.local/lib/python3.6/site-packages/airflow/example_dags/example_complex.py
[2021-06-15 03:27:50,075] {scheduler_job.py:633} INFO - Processing file /home/airflow/.local/lib/python3.6/site-packages/airflow/example_dags/example_complex.py for tasks to queue
[2021-06-15 03:27:50,081] {logging_mixin.py:104} INFO - [2021-06-15 03:27:50,080] {dagbag.py:487} INFO - Filling up the DagBag from /home/airflow/.local/lib/python3.6/site-packages/airflow/example_dags/example_complex.py
[2021-06-15 03:27:50,182] {scheduler_job.py:643} INFO - DAG(s) dict_keys(['example_complex']) retrieved from /home/airflow/.local/lib/python3.6/site-packages/airflow/example_dags/example_complex.py
[2021-06-15 03:27:50,313] {logging_mixin.py:104} INFO - [2021-06-15 03:27:50,313] {dag.py:1832} INFO - Sync 1 DAGs
[2021-06-15 03:27:50,398] {logging_mixin.py:104} INFO - [2021-06-15 03:27:50,397] {dag.py:2305} INFO - Setting next_dagrun for example_complex to None
[2021-06-15 03:27:50,457] {scheduler_job.py:190} INFO - Processing /home/airflow/.local/lib/python3.6/site-packages/airflow/example_dags/example_complex.py took 0.409 seconds
[2021-06-15 03:28:20,964] {scheduler_job.py:182} INFO - Started process (PID=430) to work on /home/airflow/.local/lib/python3.6/site-packages/airflow/example_dags/example_complex.py
[2021-06-15 03:28:20,973] {scheduler_job.py:633} INFO - Processing file /home/airflow/.local/lib/python3.6/site-packages/airflow/example_dags/example_complex.py for tasks to queue
[2021-06-15 03:28:20,980] {logging_mixin.py:104} INFO - [2021-06-15 03:28:20,979] {dagbag.py:487} INFO - Filling up the DagBag from /home/airflow/.local/lib/python3.6/site-packages/airflow/example_dags/example_complex.py
[2021-06-15 03:28:21,103] {scheduler_job.py:643} INFO - DAG(s) dict_keys(['example_complex']) retrieved from /home/airflow/.local/lib/python3.6/site-packages/airflow/example_dags/example_complex.py
[2021-06-15 03:28:21,318] {logging_mixin.py:104} INFO - [2021-06-15 03:28:21,317] {dag.py:1832} INFO - Sync 1 DAGs
[2021-06-15 03:28:21,462] {logging_mixin.py:104} INFO - [2021-06-15 03:28:21,461] {dag.py:2305} INFO - Setting next_dagrun for example_complex to None
[2021-06-15 03:28:21,528] {scheduler_job.py:190} INFO - Processing /home/airflow/.local/lib/python3.6/site-packages/airflow/example_dags/example_complex.py took 0.580 seconds
[2021-06-15 03:28:51,703] {scheduler_job.py:182} INFO - Started process (PID=497) to work on /home/airflow/.local/lib/python3.6/site-packages/airflow/example_dags/example_complex.py
[2021-06-15 03:28:51,712] {scheduler_job.py:633} INFO - Processing file /home/airflow/.local/lib/python3.6/site-packages/airflow/example_dags/example_complex.py for tasks to queue
[2021-06-15 03:28:51,720] {logging_mixin.py:104} INFO - [2021-06-15 03:28:51,719] {dagbag.py:487} INFO - Filling up the DagBag from /home/airflow/.local/lib/python3.6/site-packages/airflow/example_dags/example_complex.py
[2021-06-15 03:28:51,831] {scheduler_job.py:643} INFO - DAG(s) dict_keys(['example_complex']) retrieved from /home/airflow/.local/lib/python3.6/site-packages/airflow/example_dags/example_complex.py
[2021-06-15 03:28:51,975] {logging_mixin.py:104} INFO - [2021-06-15 03:28:51,974] {dag.py:1832} INFO - Sync 1 DAGs
[2021-06-15 03:28:52,068] {logging_mixin.py:104} INFO - [2021-06-15 03:28:52,068] {dag.py:2305} INFO - Setting next_dagrun for example_complex to None
[2021-06-15 03:28:52,119] {scheduler_job.py:190} INFO - Processing /home/airflow/.local/lib/python3.6/site-packages/airflow/example_dags/example_complex.py took 0.435 seconds
[2021-06-15 03:29:22,252] {scheduler_job.py:182} INFO - Started process (PID=558) to work on /home/airflow/.local/lib/python3.6/site-packages/airflow/example_dags/example_complex.py
[2021-06-15 03:29:22,260] {scheduler_job.py:633} INFO - Processing file /home/airflow/.local/lib/python3.6/site-packages/airflow/example_dags/example_complex.py for tasks to queue
[2021-06-15 03:29:22,265] {logging_mixin.py:104} INFO - [2021-06-15 03:29:22,265] {dagbag.py:487} INFO - Filling up the DagBag from /home/airflow/.local/lib/python3.6/site-packages/airflow/example_dags/example_complex.py
[2021-06-15 03:29:22,367] {scheduler_job.py:643} INFO - DAG(s) dict_keys(['example_complex']) retrieved from /home/airflow/.local/lib/python3.6/site-packages/airflow/example_dags/example_complex.py
[2021-06-15 03:29:22,508] {logging_mixin.py:104} INFO - [2021-06-15 03:29:22,507] {dag.py:1832} INFO - Sync 1 DAGs
[2021-06-15 03:29:22,583] {logging_mixin.py:104} INFO - [2021-06-15 03:29:22,583] {dag.py:2305} INFO - Setting next_dagrun for example_complex to None
[2021-06-15 03:29:22,632] {scheduler_job.py:190} INFO - Processing /home/airflow/.local/lib/python3.6/site-packages/airflow/example_dags/example_complex.py took 0.400 seconds
[2021-06-15 03:29:53,162] {scheduler_job.py:182} INFO - Started process (PID=614) to work on /home/airflow/.local/lib/python3.6/site-packages/airflow/example_dags/example_complex.py
[2021-06-15 03:29:53,171] {scheduler_job.py:633} INFO - Processing file /home/airflow/.local/lib/python3.6/site-packages/airflow/example_dags/example_complex.py for tasks to queue
[2021-06-15 03:29:53,178] {logging_mixin.py:104} INFO - [2021-06-15 03:29:53,177] {dagbag.py:487} INFO - Filling up the DagBag from /home/airflow/.local/lib/python3.6/site-packages/airflow/example_dags/example_complex.py
[2021-06-15 03:29:53,300] {scheduler_job.py:643} INFO - DAG(s) dict_keys(['example_complex']) retrieved from /home/airflow/.local/lib/python3.6/site-packages/airflow/example_dags/example_complex.py
[2021-06-15 03:29:53,542] {logging_mixin.py:104} INFO - [2021-06-15 03:29:53,541] {dag.py:1832} INFO - Sync 1 DAGs
[2021-06-15 03:29:53,646] {logging_mixin.py:104} INFO - [2021-06-15 03:29:53,645] {dag.py:2305} INFO - Setting next_dagrun for example_complex to None
[2021-06-15 03:29:53,729] {scheduler_job.py:190} INFO - Processing /home/airflow/.local/lib/python3.6/site-packages/airflow/example_dags/example_complex.py took 0.586 seconds
[2021-06-15 03:30:24,425] {scheduler_job.py:182} INFO - Started process (PID=681) to work on /home/airflow/.local/lib/python3.6/site-packages/airflow/example_dags/example_complex.py
[2021-06-15 03:30:24,441] {scheduler_job.py:633} INFO - Processing file /home/airflow/.local/lib/python3.6/site-packages/airflow/example_dags/example_complex.py for tasks to queue
[2021-06-15 03:30:24,456] {logging_mixin.py:104} INFO - [2021-06-15 03:30:24,455] {dagbag.py:487} INFO - Filling up the DagBag from /home/airflow/.local/lib/python3.6/site-packages/airflow/example_dags/example_complex.py
[2021-06-15 03:30:24,536] {scheduler_job.py:643} INFO - DAG(s) dict_keys(['example_complex']) retrieved from /home/airflow/.local/lib/python3.6/site-packages/airflow/example_dags/example_complex.py
[2021-06-15 03:30:24,645] {logging_mixin.py:104} INFO - [2021-06-15 03:30:24,644] {dag.py:1832} INFO - Sync 1 DAGs
[2021-06-15 03:30:24,712] {logging_mixin.py:104} INFO - [2021-06-15 03:30:24,712] {dag.py:2305} INFO - Setting next_dagrun for example_complex to None
[2021-06-15 03:30:24,754] {scheduler_job.py:190} INFO - Processing /home/airflow/.local/lib/python3.6/site-packages/airflow/example_dags/example_complex.py took 0.349 seconds
[2021-06-15 03:30:55,281] {scheduler_job.py:182} INFO - Started process (PID=748) to work on /home/airflow/.local/lib/python3.6/site-packages/airflow/example_dags/example_complex.py
[2021-06-15 03:30:55,288] {scheduler_job.py:633} INFO - Processing file /home/airflow/.local/lib/python3.6/site-packages/airflow/example_dags/example_complex.py for tasks to queue
[2021-06-15 03:30:55,292] {logging_mixin.py:104} INFO - [2021-06-15 03:30:55,292] {dagbag.py:487} INFO - Filling up the DagBag from /home/airflow/.local/lib/python3.6/site-packages/airflow/example_dags/example_complex.py
[2021-06-15 03:30:55,373] {scheduler_job.py:643} INFO - DAG(s) dict_keys(['example_complex']) retrieved from /home/airflow/.local/lib/python3.6/site-packages/airflow/example_dags/example_complex.py
[2021-06-15 03:30:55,478] {logging_mixin.py:104} INFO - [2021-06-15 03:30:55,477] {dag.py:1832} INFO - Sync 1 DAGs
[2021-06-15 03:30:55,541] {logging_mixin.py:104} INFO - [2021-06-15 03:30:55,541] {dag.py:2305} INFO - Setting next_dagrun for example_complex to None
[2021-06-15 03:30:55,580] {scheduler_job.py:190} INFO - Processing /home/airflow/.local/lib/python3.6/site-packages/airflow/example_dags/example_complex.py took 0.314 seconds
[2021-06-15 03:31:26,190] {scheduler_job.py:182} INFO - Started process (PID=817) to work on /home/airflow/.local/lib/python3.6/site-packages/airflow/example_dags/example_complex.py
[2021-06-15 03:31:26,201] {scheduler_job.py:633} INFO - Processing file /home/airflow/.local/lib/python3.6/site-packages/airflow/example_dags/example_complex.py for tasks to queue
[2021-06-15 03:31:26,209] {logging_mixin.py:104} INFO - [2021-06-15 03:31:26,208] {dagbag.py:487} INFO - Filling up the DagBag from /home/airflow/.local/lib/python3.6/site-packages/airflow/example_dags/example_complex.py
[2021-06-15 03:31:26,355] {scheduler_job.py:643} INFO - DAG(s) dict_keys(['example_complex']) retrieved from /home/airflow/.local/lib/python3.6/site-packages/airflow/example_dags/example_complex.py
[2021-06-15 03:31:26,536] {logging_mixin.py:104} INFO - [2021-06-15 03:31:26,535] {dag.py:1832} INFO - Sync 1 DAGs
[2021-06-15 03:31:26,636] {logging_mixin.py:104} INFO - [2021-06-15 03:31:26,636] {dag.py:2305} INFO - Setting next_dagrun for example_complex to None
[2021-06-15 03:31:26,709] {scheduler_job.py:190} INFO - Processing /home/airflow/.local/lib/python3.6/site-packages/airflow/example_dags/example_complex.py took 0.542 seconds
[2021-06-15 03:31:56,888] {scheduler_job.py:182} INFO - Started process (PID=876) to work on /home/airflow/.local/lib/python3.6/site-packages/airflow/example_dags/example_complex.py
[2021-06-15 03:31:56,895] {scheduler_job.py:633} INFO - Processing file /home/airflow/.local/lib/python3.6/site-packages/airflow/example_dags/example_complex.py for tasks to queue
[2021-06-15 03:31:56,900] {logging_mixin.py:104} INFO - [2021-06-15 03:31:56,899] {dagbag.py:487} INFO - Filling up the DagBag from /home/airflow/.local/lib/python3.6/site-packages/airflow/example_dags/example_complex.py
[2021-06-15 03:31:56,984] {scheduler_job.py:643} INFO - DAG(s) dict_keys(['example_complex']) retrieved from /home/airflow/.local/lib/python3.6/site-packages/airflow/example_dags/example_complex.py
[2021-06-15 03:31:57,096] {logging_mixin.py:104} INFO - [2021-06-15 03:31:57,095] {dag.py:1832} INFO - Sync 1 DAGs
[2021-06-15 03:31:57,178] {logging_mixin.py:104} INFO - [2021-06-15 03:31:57,177] {dag.py:2305} INFO - Setting next_dagrun for example_complex to None
[2021-06-15 03:31:57,220] {scheduler_job.py:190} INFO - Processing /home/airflow/.local/lib/python3.6/site-packages/airflow/example_dags/example_complex.py took 0.354 seconds
[2021-06-15 03:32:27,745] {scheduler_job.py:182} INFO - Started process (PID=934) to work on /home/airflow/.local/lib/python3.6/site-packages/airflow/example_dags/example_complex.py
[2021-06-15 03:32:27,752] {scheduler_job.py:633} INFO - Processing file /home/airflow/.local/lib/python3.6/site-packages/airflow/example_dags/example_complex.py for tasks to queue
[2021-06-15 03:32:27,757] {logging_mixin.py:104} INFO - [2021-06-15 03:32:27,757] {dagbag.py:487} INFO - Filling up the DagBag from /home/airflow/.local/lib/python3.6/site-packages/airflow/example_dags/example_complex.py
[2021-06-15 03:32:27,862] {scheduler_job.py:643} INFO - DAG(s) dict_keys(['example_complex']) retrieved from /home/airflow/.local/lib/python3.6/site-packages/airflow/example_dags/example_complex.py
[2021-06-15 03:32:27,982] {logging_mixin.py:104} INFO - [2021-06-15 03:32:27,981] {dag.py:1832} INFO - Sync 1 DAGs
[2021-06-15 03:32:28,065] {logging_mixin.py:104} INFO - [2021-06-15 03:32:28,065] {dag.py:2305} INFO - Setting next_dagrun for example_complex to None
[2021-06-15 03:32:28,115] {scheduler_job.py:190} INFO - Processing /home/airflow/.local/lib/python3.6/site-packages/airflow/example_dags/example_complex.py took 0.385 seconds
[2021-06-15 03:32:58,610] {scheduler_job.py:182} INFO - Started process (PID=1002) to work on /home/airflow/.local/lib/python3.6/site-packages/airflow/example_dags/example_complex.py
[2021-06-15 03:32:58,617] {scheduler_job.py:633} INFO - Processing file /home/airflow/.local/lib/python3.6/site-packages/airflow/example_dags/example_complex.py for tasks to queue
[2021-06-15 03:32:58,622] {logging_mixin.py:104} INFO - [2021-06-15 03:32:58,622] {dagbag.py:487} INFO - Filling up the DagBag from /home/airflow/.local/lib/python3.6/site-packages/airflow/example_dags/example_complex.py
[2021-06-15 03:32:58,716] {scheduler_job.py:643} INFO - DAG(s) dict_keys(['example_complex']) retrieved from /home/airflow/.local/lib/python3.6/site-packages/airflow/example_dags/example_complex.py
[2021-06-15 03:32:58,825] {logging_mixin.py:104} INFO - [2021-06-15 03:32:58,825] {dag.py:1832} INFO - Sync 1 DAGs
[2021-06-15 03:32:58,889] {logging_mixin.py:104} INFO - [2021-06-15 03:32:58,889] {dag.py:2305} INFO - Setting next_dagrun for example_complex to None
[2021-06-15 03:32:58,933] {scheduler_job.py:190} INFO - Processing /home/airflow/.local/lib/python3.6/site-packages/airflow/example_dags/example_complex.py took 0.336 seconds
[2021-06-15 03:33:29,309] {scheduler_job.py:182} INFO - Started process (PID=1070) to work on /home/airflow/.local/lib/python3.6/site-packages/airflow/example_dags/example_complex.py
[2021-06-15 03:33:29,317] {scheduler_job.py:633} INFO - Processing file /home/airflow/.local/lib/python3.6/site-packages/airflow/example_dags/example_complex.py for tasks to queue
[2021-06-15 03:33:29,322] {logging_mixin.py:104} INFO - [2021-06-15 03:33:29,322] {dagbag.py:487} INFO - Filling up the DagBag from /home/airflow/.local/lib/python3.6/site-packages/airflow/example_dags/example_complex.py
[2021-06-15 03:33:29,418] {scheduler_job.py:643} INFO - DAG(s) dict_keys(['example_complex']) retrieved from /home/airflow/.local/lib/python3.6/site-packages/airflow/example_dags/example_complex.py
[2021-06-15 03:33:29,524] {logging_mixin.py:104} INFO - [2021-06-15 03:33:29,524] {dag.py:1832} INFO - Sync 1 DAGs
[2021-06-15 03:33:29,591] {logging_mixin.py:104} INFO - [2021-06-15 03:33:29,591] {dag.py:2305} INFO - Setting next_dagrun for example_complex to None
[2021-06-15 03:33:29,637] {scheduler_job.py:190} INFO - Processing /home/airflow/.local/lib/python3.6/site-packages/airflow/example_dags/example_complex.py took 0.344 seconds
[2021-06-15 03:34:00,004] {scheduler_job.py:182} INFO - Started process (PID=1131) to work on /home/airflow/.local/lib/python3.6/site-packages/airflow/example_dags/example_complex.py
[2021-06-15 03:34:00,012] {scheduler_job.py:633} INFO - Processing file /home/airflow/.local/lib/python3.6/site-packages/airflow/example_dags/example_complex.py for tasks to queue
[2021-06-15 03:34:00,018] {logging_mixin.py:104} INFO - [2021-06-15 03:34:00,017] {dagbag.py:487} INFO - Filling up the DagBag from /home/airflow/.local/lib/python3.6/site-packages/airflow/example_dags/example_complex.py
[2021-06-15 03:34:00,119] {scheduler_job.py:643} INFO - DAG(s) dict_keys(['example_complex']) retrieved from /home/airflow/.local/lib/python3.6/site-packages/airflow/example_dags/example_complex.py
[2021-06-15 03:34:00,251] {logging_mixin.py:104} INFO - [2021-06-15 03:34:00,250] {dag.py:1832} INFO - Sync 1 DAGs
[2021-06-15 03:34:00,341] {logging_mixin.py:104} INFO - [2021-06-15 03:34:00,341] {dag.py:2305} INFO - Setting next_dagrun for example_complex to None
[2021-06-15 03:34:00,395] {scheduler_job.py:190} INFO - Processing /home/airflow/.local/lib/python3.6/site-packages/airflow/example_dags/example_complex.py took 0.418 seconds
[2021-06-15 03:34:30,855] {scheduler_job.py:182} INFO - Started process (PID=1188) to work on /home/airflow/.local/lib/python3.6/site-packages/airflow/example_dags/example_complex.py
[2021-06-15 03:34:30,862] {scheduler_job.py:633} INFO - Processing file /home/airflow/.local/lib/python3.6/site-packages/airflow/example_dags/example_complex.py for tasks to queue
[2021-06-15 03:34:30,868] {logging_mixin.py:104} INFO - [2021-06-15 03:34:30,867] {dagbag.py:487} INFO - Filling up the DagBag from /home/airflow/.local/lib/python3.6/site-packages/airflow/example_dags/example_complex.py
[2021-06-15 03:34:30,957] {scheduler_job.py:643} INFO - DAG(s) dict_keys(['example_complex']) retrieved from /home/airflow/.local/lib/python3.6/site-packages/airflow/example_dags/example_complex.py
[2021-06-15 03:34:31,066] {logging_mixin.py:104} INFO - [2021-06-15 03:34:31,065] {dag.py:1832} INFO - Sync 1 DAGs
[2021-06-15 03:34:31,169] {logging_mixin.py:104} INFO - [2021-06-15 03:34:31,168] {dag.py:2305} INFO - Setting next_dagrun for example_complex to None
[2021-06-15 03:34:31,247] {scheduler_job.py:190} INFO - Processing /home/airflow/.local/lib/python3.6/site-packages/airflow/example_dags/example_complex.py took 0.406 seconds
[2021-06-15 03:35:01,871] {scheduler_job.py:182} INFO - Started process (PID=1254) to work on /home/airflow/.local/lib/python3.6/site-packages/airflow/example_dags/example_complex.py
[2021-06-15 03:35:01,889] {scheduler_job.py:633} INFO - Processing file /home/airflow/.local/lib/python3.6/site-packages/airflow/example_dags/example_complex.py for tasks to queue
[2021-06-15 03:35:01,900] {logging_mixin.py:104} INFO - [2021-06-15 03:35:01,899] {dagbag.py:487} INFO - Filling up the DagBag from /home/airflow/.local/lib/python3.6/site-packages/airflow/example_dags/example_complex.py
[2021-06-15 03:35:02,017] {scheduler_job.py:643} INFO - DAG(s) dict_keys(['example_complex']) retrieved from /home/airflow/.local/lib/python3.6/site-packages/airflow/example_dags/example_complex.py
[2021-06-15 03:35:02,132] {logging_mixin.py:104} INFO - [2021-06-15 03:35:02,131] {dag.py:1832} INFO - Sync 1 DAGs
[2021-06-15 03:35:02,209] {logging_mixin.py:104} INFO - [2021-06-15 03:35:02,209] {dag.py:2305} INFO - Setting next_dagrun for example_complex to None
[2021-06-15 03:35:02,253] {scheduler_job.py:190} INFO - Processing /home/airflow/.local/lib/python3.6/site-packages/airflow/example_dags/example_complex.py took 0.406 seconds
[2021-06-15 03:35:32,451] {scheduler_job.py:182} INFO - Started process (PID=1322) to work on /home/airflow/.local/lib/python3.6/site-packages/airflow/example_dags/example_complex.py
[2021-06-15 03:35:32,460] {scheduler_job.py:633} INFO - Processing file /home/airflow/.local/lib/python3.6/site-packages/airflow/example_dags/example_complex.py for tasks to queue
[2021-06-15 03:35:32,465] {logging_mixin.py:104} INFO - [2021-06-15 03:35:32,465] {dagbag.py:487} INFO - Filling up the DagBag from /home/airflow/.local/lib/python3.6/site-packages/airflow/example_dags/example_complex.py
[2021-06-15 03:35:32,554] {scheduler_job.py:643} INFO - DAG(s) dict_keys(['example_complex']) retrieved from /home/airflow/.local/lib/python3.6/site-packages/airflow/example_dags/example_complex.py
[2021-06-15 03:35:32,699] {logging_mixin.py:104} INFO - [2021-06-15 03:35:32,698] {dag.py:1832} INFO - Sync 1 DAGs
[2021-06-15 03:35:32,769] {logging_mixin.py:104} INFO - [2021-06-15 03:35:32,769] {dag.py:2305} INFO - Setting next_dagrun for example_complex to None
[2021-06-15 03:35:32,813] {scheduler_job.py:190} INFO - Processing /home/airflow/.local/lib/python3.6/site-packages/airflow/example_dags/example_complex.py took 0.380 seconds
[2021-06-15 03:36:02,999] {scheduler_job.py:182} INFO - Started process (PID=1380) to work on /home/airflow/.local/lib/python3.6/site-packages/airflow/example_dags/example_complex.py
[2021-06-15 03:36:03,007] {scheduler_job.py:633} INFO - Processing file /home/airflow/.local/lib/python3.6/site-packages/airflow/example_dags/example_complex.py for tasks to queue
[2021-06-15 03:36:03,012] {logging_mixin.py:104} INFO - [2021-06-15 03:36:03,011] {dagbag.py:487} INFO - Filling up the DagBag from /home/airflow/.local/lib/python3.6/site-packages/airflow/example_dags/example_complex.py
[2021-06-15 03:36:03,150] {scheduler_job.py:643} INFO - DAG(s) dict_keys(['example_complex']) retrieved from /home/airflow/.local/lib/python3.6/site-packages/airflow/example_dags/example_complex.py
[2021-06-15 03:36:03,303] {logging_mixin.py:104} INFO - [2021-06-15 03:36:03,303] {dag.py:1832} INFO - Sync 1 DAGs
[2021-06-15 03:36:03,375] {logging_mixin.py:104} INFO - [2021-06-15 03:36:03,375] {dag.py:2305} INFO - Setting next_dagrun for example_complex to None
[2021-06-15 03:36:03,446] {scheduler_job.py:190} INFO - Processing /home/airflow/.local/lib/python3.6/site-packages/airflow/example_dags/example_complex.py took 0.461 seconds
[2021-06-15 03:36:33,963] {scheduler_job.py:182} INFO - Started process (PID=1438) to work on /home/airflow/.local/lib/python3.6/site-packages/airflow/example_dags/example_complex.py
[2021-06-15 03:36:33,972] {scheduler_job.py:633} INFO - Processing file /home/airflow/.local/lib/python3.6/site-packages/airflow/example_dags/example_complex.py for tasks to queue
[2021-06-15 03:36:33,979] {logging_mixin.py:104} INFO - [2021-06-15 03:36:33,978] {dagbag.py:487} INFO - Filling up the DagBag from /home/airflow/.local/lib/python3.6/site-packages/airflow/example_dags/example_complex.py
[2021-06-15 03:36:34,127] {scheduler_job.py:643} INFO - DAG(s) dict_keys(['example_complex']) retrieved from /home/airflow/.local/lib/python3.6/site-packages/airflow/example_dags/example_complex.py
[2021-06-15 03:36:34,299] {logging_mixin.py:104} INFO - [2021-06-15 03:36:34,299] {dag.py:1832} INFO - Sync 1 DAGs
[2021-06-15 03:36:34,403] {logging_mixin.py:104} INFO - [2021-06-15 03:36:34,403] {dag.py:2305} INFO - Setting next_dagrun for example_complex to None
[2021-06-15 03:36:34,478] {scheduler_job.py:190} INFO - Processing /home/airflow/.local/lib/python3.6/site-packages/airflow/example_dags/example_complex.py took 0.532 seconds
[2021-06-15 03:37:04,722] {scheduler_job.py:182} INFO - Started process (PID=1505) to work on /home/airflow/.local/lib/python3.6/site-packages/airflow/example_dags/example_complex.py
[2021-06-15 03:37:04,732] {scheduler_job.py:633} INFO - Processing file /home/airflow/.local/lib/python3.6/site-packages/airflow/example_dags/example_complex.py for tasks to queue
[2021-06-15 03:37:04,737] {logging_mixin.py:104} INFO - [2021-06-15 03:37:04,736] {dagbag.py:487} INFO - Filling up the DagBag from /home/airflow/.local/lib/python3.6/site-packages/airflow/example_dags/example_complex.py
[2021-06-15 03:37:04,822] {scheduler_job.py:643} INFO - DAG(s) dict_keys(['example_complex']) retrieved from /home/airflow/.local/lib/python3.6/site-packages/airflow/example_dags/example_complex.py
[2021-06-15 03:37:04,980] {logging_mixin.py:104} INFO - [2021-06-15 03:37:04,979] {dag.py:1832} INFO - Sync 1 DAGs
[2021-06-15 03:37:05,081] {logging_mixin.py:104} INFO - [2021-06-15 03:37:05,081] {dag.py:2305} INFO - Setting next_dagrun for example_complex to None
[2021-06-15 03:37:05,142] {scheduler_job.py:190} INFO - Processing /home/airflow/.local/lib/python3.6/site-packages/airflow/example_dags/example_complex.py took 0.440 seconds
[2021-06-15 03:37:35,317] {scheduler_job.py:182} INFO - Started process (PID=1572) to work on /home/airflow/.local/lib/python3.6/site-packages/airflow/example_dags/example_complex.py
[2021-06-15 03:37:35,327] {scheduler_job.py:633} INFO - Processing file /home/airflow/.local/lib/python3.6/site-packages/airflow/example_dags/example_complex.py for tasks to queue
[2021-06-15 03:37:35,332] {logging_mixin.py:104} INFO - [2021-06-15 03:37:35,331] {dagbag.py:487} INFO - Filling up the DagBag from /home/airflow/.local/lib/python3.6/site-packages/airflow/example_dags/example_complex.py
[2021-06-15 03:37:35,425] {scheduler_job.py:643} INFO - DAG(s) dict_keys(['example_complex']) retrieved from /home/airflow/.local/lib/python3.6/site-packages/airflow/example_dags/example_complex.py
[2021-06-15 03:37:35,542] {logging_mixin.py:104} INFO - [2021-06-15 03:37:35,542] {dag.py:1832} INFO - Sync 1 DAGs
[2021-06-15 03:37:35,612] {logging_mixin.py:104} INFO - [2021-06-15 03:37:35,611] {dag.py:2305} INFO - Setting next_dagrun for example_complex to None
[2021-06-15 03:37:35,660] {scheduler_job.py:190} INFO - Processing /home/airflow/.local/lib/python3.6/site-packages/airflow/example_dags/example_complex.py took 0.357 seconds
[2021-06-15 03:38:05,784] {scheduler_job.py:182} INFO - Started process (PID=1633) to work on /home/airflow/.local/lib/python3.6/site-packages/airflow/example_dags/example_complex.py
[2021-06-15 03:38:05,791] {scheduler_job.py:633} INFO - Processing file /home/airflow/.local/lib/python3.6/site-packages/airflow/example_dags/example_complex.py for tasks to queue
[2021-06-15 03:38:05,796] {logging_mixin.py:104} INFO - [2021-06-15 03:38:05,796] {dagbag.py:487} INFO - Filling up the DagBag from /home/airflow/.local/lib/python3.6/site-packages/airflow/example_dags/example_complex.py
[2021-06-15 03:38:05,876] {scheduler_job.py:643} INFO - DAG(s) dict_keys(['example_complex']) retrieved from /home/airflow/.local/lib/python3.6/site-packages/airflow/example_dags/example_complex.py
[2021-06-15 03:38:05,986] {logging_mixin.py:104} INFO - [2021-06-15 03:38:05,985] {dag.py:1832} INFO - Sync 1 DAGs
[2021-06-15 03:38:06,047] {logging_mixin.py:104} INFO - [2021-06-15 03:38:06,047] {dag.py:2305} INFO - Setting next_dagrun for example_complex to None
[2021-06-15 03:38:06,089] {scheduler_job.py:190} INFO - Processing /home/airflow/.local/lib/python3.6/site-packages/airflow/example_dags/example_complex.py took 0.320 seconds
[2021-06-15 03:38:36,349] {scheduler_job.py:182} INFO - Started process (PID=1689) to work on /home/airflow/.local/lib/python3.6/site-packages/airflow/example_dags/example_complex.py
[2021-06-15 03:38:36,356] {scheduler_job.py:633} INFO - Processing file /home/airflow/.local/lib/python3.6/site-packages/airflow/example_dags/example_complex.py for tasks to queue
[2021-06-15 03:38:36,362] {logging_mixin.py:104} INFO - [2021-06-15 03:38:36,361] {dagbag.py:487} INFO - Filling up the DagBag from /home/airflow/.local/lib/python3.6/site-packages/airflow/example_dags/example_complex.py
[2021-06-15 03:38:36,475] {scheduler_job.py:643} INFO - DAG(s) dict_keys(['example_complex']) retrieved from /home/airflow/.local/lib/python3.6/site-packages/airflow/example_dags/example_complex.py
[2021-06-15 03:38:36,668] {logging_mixin.py:104} INFO - [2021-06-15 03:38:36,667] {dag.py:1832} INFO - Sync 1 DAGs
[2021-06-15 03:38:36,736] {logging_mixin.py:104} INFO - [2021-06-15 03:38:36,735] {dag.py:2305} INFO - Setting next_dagrun for example_complex to None
[2021-06-15 03:38:36,789] {scheduler_job.py:190} INFO - Processing /home/airflow/.local/lib/python3.6/site-packages/airflow/example_dags/example_complex.py took 0.454 seconds
[2021-06-15 03:39:07,149] {scheduler_job.py:182} INFO - Started process (PID=1756) to work on /home/airflow/.local/lib/python3.6/site-packages/airflow/example_dags/example_complex.py
[2021-06-15 03:39:07,155] {scheduler_job.py:633} INFO - Processing file /home/airflow/.local/lib/python3.6/site-packages/airflow/example_dags/example_complex.py for tasks to queue
[2021-06-15 03:39:07,161] {logging_mixin.py:104} INFO - [2021-06-15 03:39:07,161] {dagbag.py:487} INFO - Filling up the DagBag from /home/airflow/.local/lib/python3.6/site-packages/airflow/example_dags/example_complex.py
[2021-06-15 03:39:07,245] {scheduler_job.py:643} INFO - DAG(s) dict_keys(['example_complex']) retrieved from /home/airflow/.local/lib/python3.6/site-packages/airflow/example_dags/example_complex.py
[2021-06-15 03:39:07,365] {logging_mixin.py:104} INFO - [2021-06-15 03:39:07,364] {dag.py:1832} INFO - Sync 1 DAGs
[2021-06-15 03:39:07,427] {logging_mixin.py:104} INFO - [2021-06-15 03:39:07,427] {dag.py:2305} INFO - Setting next_dagrun for example_complex to None
[2021-06-15 03:39:07,469] {scheduler_job.py:190} INFO - Processing /home/airflow/.local/lib/python3.6/site-packages/airflow/example_dags/example_complex.py took 0.335 seconds
[2021-06-15 03:39:38,178] {scheduler_job.py:182} INFO - Started process (PID=1823) to work on /home/airflow/.local/lib/python3.6/site-packages/airflow/example_dags/example_complex.py
[2021-06-15 03:39:38,188] {scheduler_job.py:633} INFO - Processing file /home/airflow/.local/lib/python3.6/site-packages/airflow/example_dags/example_complex.py for tasks to queue
[2021-06-15 03:39:38,196] {logging_mixin.py:104} INFO - [2021-06-15 03:39:38,195] {dagbag.py:487} INFO - Filling up the DagBag from /home/airflow/.local/lib/python3.6/site-packages/airflow/example_dags/example_complex.py
[2021-06-15 03:39:38,385] {scheduler_job.py:643} INFO - DAG(s) dict_keys(['example_complex']) retrieved from /home/airflow/.local/lib/python3.6/site-packages/airflow/example_dags/example_complex.py
[2021-06-15 03:39:38,571] {logging_mixin.py:104} INFO - [2021-06-15 03:39:38,571] {dag.py:1832} INFO - Sync 1 DAGs
[2021-06-15 03:39:38,667] {logging_mixin.py:104} INFO - [2021-06-15 03:39:38,667] {dag.py:2305} INFO - Setting next_dagrun for example_complex to None
[2021-06-15 03:39:38,749] {scheduler_job.py:190} INFO - Processing /home/airflow/.local/lib/python3.6/site-packages/airflow/example_dags/example_complex.py took 0.585 seconds
[2021-06-15 03:40:08,889] {scheduler_job.py:182} INFO - Started process (PID=1883) to work on /home/airflow/.local/lib/python3.6/site-packages/airflow/example_dags/example_complex.py
[2021-06-15 03:40:08,897] {scheduler_job.py:633} INFO - Processing file /home/airflow/.local/lib/python3.6/site-packages/airflow/example_dags/example_complex.py for tasks to queue
[2021-06-15 03:40:08,904] {logging_mixin.py:104} INFO - [2021-06-15 03:40:08,904] {dagbag.py:487} INFO - Filling up the DagBag from /home/airflow/.local/lib/python3.6/site-packages/airflow/example_dags/example_complex.py
[2021-06-15 03:40:09,012] {scheduler_job.py:643} INFO - DAG(s) dict_keys(['example_complex']) retrieved from /home/airflow/.local/lib/python3.6/site-packages/airflow/example_dags/example_complex.py
[2021-06-15 03:40:09,163] {logging_mixin.py:104} INFO - [2021-06-15 03:40:09,163] {dag.py:1832} INFO - Sync 1 DAGs
[2021-06-15 03:40:09,247] {logging_mixin.py:104} INFO - [2021-06-15 03:40:09,246] {dag.py:2305} INFO - Setting next_dagrun for example_complex to None
[2021-06-15 03:40:09,298] {scheduler_job.py:190} INFO - Processing /home/airflow/.local/lib/python3.6/site-packages/airflow/example_dags/example_complex.py took 0.426 seconds
[2021-06-15 03:40:40,757] {scheduler_job.py:182} INFO - Started process (PID=1939) to work on /home/airflow/.local/lib/python3.6/site-packages/airflow/example_dags/example_complex.py
[2021-06-15 03:40:40,766] {scheduler_job.py:633} INFO - Processing file /home/airflow/.local/lib/python3.6/site-packages/airflow/example_dags/example_complex.py for tasks to queue
[2021-06-15 03:40:40,774] {logging_mixin.py:104} INFO - [2021-06-15 03:40:40,773] {dagbag.py:487} INFO - Filling up the DagBag from /home/airflow/.local/lib/python3.6/site-packages/airflow/example_dags/example_complex.py
[2021-06-15 03:40:40,886] {scheduler_job.py:643} INFO - DAG(s) dict_keys(['example_complex']) retrieved from /home/airflow/.local/lib/python3.6/site-packages/airflow/example_dags/example_complex.py
[2021-06-15 03:40:41,138] {logging_mixin.py:104} INFO - [2021-06-15 03:40:41,137] {dag.py:1832} INFO - Sync 1 DAGs
[2021-06-15 03:40:41,267] {logging_mixin.py:104} INFO - [2021-06-15 03:40:41,266] {dag.py:2305} INFO - Setting next_dagrun for example_complex to None
[2021-06-15 03:40:41,353] {scheduler_job.py:190} INFO - Processing /home/airflow/.local/lib/python3.6/site-packages/airflow/example_dags/example_complex.py took 0.616 seconds
[2021-06-15 03:41:11,515] {scheduler_job.py:182} INFO - Started process (PID=2006) to work on /home/airflow/.local/lib/python3.6/site-packages/airflow/example_dags/example_complex.py
[2021-06-15 03:41:11,523] {scheduler_job.py:633} INFO - Processing file /home/airflow/.local/lib/python3.6/site-packages/airflow/example_dags/example_complex.py for tasks to queue
[2021-06-15 03:41:11,531] {logging_mixin.py:104} INFO - [2021-06-15 03:41:11,530] {dagbag.py:487} INFO - Filling up the DagBag from /home/airflow/.local/lib/python3.6/site-packages/airflow/example_dags/example_complex.py
[2021-06-15 03:41:11,640] {scheduler_job.py:643} INFO - DAG(s) dict_keys(['example_complex']) retrieved from /home/airflow/.local/lib/python3.6/site-packages/airflow/example_dags/example_complex.py
[2021-06-15 03:41:11,792] {logging_mixin.py:104} INFO - [2021-06-15 03:41:11,791] {dag.py:1832} INFO - Sync 1 DAGs
[2021-06-15 03:41:11,881] {logging_mixin.py:104} INFO - [2021-06-15 03:41:11,880] {dag.py:2305} INFO - Setting next_dagrun for example_complex to None
[2021-06-15 03:41:11,941] {scheduler_job.py:190} INFO - Processing /home/airflow/.local/lib/python3.6/site-packages/airflow/example_dags/example_complex.py took 0.443 seconds
[2021-06-15 03:41:42,267] {scheduler_job.py:182} INFO - Started process (PID=2067) to work on /home/airflow/.local/lib/python3.6/site-packages/airflow/example_dags/example_complex.py
[2021-06-15 03:41:42,275] {scheduler_job.py:633} INFO - Processing file /home/airflow/.local/lib/python3.6/site-packages/airflow/example_dags/example_complex.py for tasks to queue
[2021-06-15 03:41:42,283] {logging_mixin.py:104} INFO - [2021-06-15 03:41:42,282] {dagbag.py:487} INFO - Filling up the DagBag from /home/airflow/.local/lib/python3.6/site-packages/airflow/example_dags/example_complex.py
[2021-06-15 03:41:42,390] {scheduler_job.py:643} INFO - DAG(s) dict_keys(['example_complex']) retrieved from /home/airflow/.local/lib/python3.6/site-packages/airflow/example_dags/example_complex.py
[2021-06-15 03:41:42,526] {logging_mixin.py:104} INFO - [2021-06-15 03:41:42,526] {dag.py:1832} INFO - Sync 1 DAGs
[2021-06-15 03:41:42,613] {logging_mixin.py:104} INFO - [2021-06-15 03:41:42,613] {dag.py:2305} INFO - Setting next_dagrun for example_complex to None
[2021-06-15 03:41:42,672] {scheduler_job.py:190} INFO - Processing /home/airflow/.local/lib/python3.6/site-packages/airflow/example_dags/example_complex.py took 0.424 seconds
[2021-06-15 03:42:13,317] {scheduler_job.py:182} INFO - Started process (PID=2123) to work on /home/airflow/.local/lib/python3.6/site-packages/airflow/example_dags/example_complex.py
[2021-06-15 03:42:13,338] {scheduler_job.py:633} INFO - Processing file /home/airflow/.local/lib/python3.6/site-packages/airflow/example_dags/example_complex.py for tasks to queue
[2021-06-15 03:42:13,351] {logging_mixin.py:104} INFO - [2021-06-15 03:42:13,350] {dagbag.py:487} INFO - Filling up the DagBag from /home/airflow/.local/lib/python3.6/site-packages/airflow/example_dags/example_complex.py
[2021-06-15 03:42:13,568] {scheduler_job.py:643} INFO - DAG(s) dict_keys(['example_complex']) retrieved from /home/airflow/.local/lib/python3.6/site-packages/airflow/example_dags/example_complex.py
[2021-06-15 03:42:13,798] {logging_mixin.py:104} INFO - [2021-06-15 03:42:13,797] {dag.py:1832} INFO - Sync 1 DAGs
[2021-06-15 03:42:13,943] {logging_mixin.py:104} INFO - [2021-06-15 03:42:13,942] {dag.py:2305} INFO - Setting next_dagrun for example_complex to None
[2021-06-15 03:42:14,035] {scheduler_job.py:190} INFO - Processing /home/airflow/.local/lib/python3.6/site-packages/airflow/example_dags/example_complex.py took 0.753 seconds
[2021-06-15 03:42:44,413] {scheduler_job.py:182} INFO - Started process (PID=2190) to work on /home/airflow/.local/lib/python3.6/site-packages/airflow/example_dags/example_complex.py
[2021-06-15 03:42:44,424] {scheduler_job.py:633} INFO - Processing file /home/airflow/.local/lib/python3.6/site-packages/airflow/example_dags/example_complex.py for tasks to queue
[2021-06-15 03:42:44,435] {logging_mixin.py:104} INFO - [2021-06-15 03:42:44,434] {dagbag.py:487} INFO - Filling up the DagBag from /home/airflow/.local/lib/python3.6/site-packages/airflow/example_dags/example_complex.py
[2021-06-15 03:42:44,572] {scheduler_job.py:643} INFO - DAG(s) dict_keys(['example_complex']) retrieved from /home/airflow/.local/lib/python3.6/site-packages/airflow/example_dags/example_complex.py
[2021-06-15 03:42:44,728] {logging_mixin.py:104} INFO - [2021-06-15 03:42:44,728] {dag.py:1832} INFO - Sync 1 DAGs
[2021-06-15 03:42:44,805] {logging_mixin.py:104} INFO - [2021-06-15 03:42:44,805] {dag.py:2305} INFO - Setting next_dagrun for example_complex to None
[2021-06-15 03:42:44,865] {scheduler_job.py:190} INFO - Processing /home/airflow/.local/lib/python3.6/site-packages/airflow/example_dags/example_complex.py took 0.480 seconds
[2021-06-15 03:43:15,390] {scheduler_job.py:182} INFO - Started process (PID=2258) to work on /home/airflow/.local/lib/python3.6/site-packages/airflow/example_dags/example_complex.py
[2021-06-15 03:43:15,396] {scheduler_job.py:633} INFO - Processing file /home/airflow/.local/lib/python3.6/site-packages/airflow/example_dags/example_complex.py for tasks to queue
[2021-06-15 03:43:15,404] {logging_mixin.py:104} INFO - [2021-06-15 03:43:15,403] {dagbag.py:487} INFO - Filling up the DagBag from /home/airflow/.local/lib/python3.6/site-packages/airflow/example_dags/example_complex.py
[2021-06-15 03:43:15,501] {scheduler_job.py:643} INFO - DAG(s) dict_keys(['example_complex']) retrieved from /home/airflow/.local/lib/python3.6/site-packages/airflow/example_dags/example_complex.py
[2021-06-15 03:43:15,635] {logging_mixin.py:104} INFO - [2021-06-15 03:43:15,635] {dag.py:1832} INFO - Sync 1 DAGs
[2021-06-15 03:43:15,711] {logging_mixin.py:104} INFO - [2021-06-15 03:43:15,711] {dag.py:2305} INFO - Setting next_dagrun for example_complex to None
[2021-06-15 03:43:15,763] {scheduler_job.py:190} INFO - Processing /home/airflow/.local/lib/python3.6/site-packages/airflow/example_dags/example_complex.py took 0.388 seconds
[2021-06-15 03:43:46,088] {scheduler_job.py:182} INFO - Started process (PID=2318) to work on /home/airflow/.local/lib/python3.6/site-packages/airflow/example_dags/example_complex.py
[2021-06-15 03:43:46,099] {scheduler_job.py:633} INFO - Processing file /home/airflow/.local/lib/python3.6/site-packages/airflow/example_dags/example_complex.py for tasks to queue
[2021-06-15 03:43:46,109] {logging_mixin.py:104} INFO - [2021-06-15 03:43:46,108] {dagbag.py:487} INFO - Filling up the DagBag from /home/airflow/.local/lib/python3.6/site-packages/airflow/example_dags/example_complex.py
[2021-06-15 03:43:46,265] {scheduler_job.py:643} INFO - DAG(s) dict_keys(['example_complex']) retrieved from /home/airflow/.local/lib/python3.6/site-packages/airflow/example_dags/example_complex.py
[2021-06-15 03:43:46,444] {logging_mixin.py:104} INFO - [2021-06-15 03:43:46,443] {dag.py:1832} INFO - Sync 1 DAGs
[2021-06-15 03:43:46,523] {logging_mixin.py:104} INFO - [2021-06-15 03:43:46,523] {dag.py:2305} INFO - Setting next_dagrun for example_complex to None
[2021-06-15 03:43:46,573] {scheduler_job.py:190} INFO - Processing /home/airflow/.local/lib/python3.6/site-packages/airflow/example_dags/example_complex.py took 0.568 seconds
[2021-06-15 03:44:17,183] {scheduler_job.py:182} INFO - Started process (PID=2375) to work on /home/airflow/.local/lib/python3.6/site-packages/airflow/example_dags/example_complex.py
[2021-06-15 03:44:17,193] {scheduler_job.py:633} INFO - Processing file /home/airflow/.local/lib/python3.6/site-packages/airflow/example_dags/example_complex.py for tasks to queue
[2021-06-15 03:44:17,201] {logging_mixin.py:104} INFO - [2021-06-15 03:44:17,200] {dagbag.py:487} INFO - Filling up the DagBag from /home/airflow/.local/lib/python3.6/site-packages/airflow/example_dags/example_complex.py
[2021-06-15 03:44:17,387] {scheduler_job.py:643} INFO - DAG(s) dict_keys(['example_complex']) retrieved from /home/airflow/.local/lib/python3.6/site-packages/airflow/example_dags/example_complex.py
[2021-06-15 03:44:17,581] {logging_mixin.py:104} INFO - [2021-06-15 03:44:17,579] {dag.py:1832} INFO - Sync 1 DAGs
[2021-06-15 03:44:17,721] {logging_mixin.py:104} INFO - [2021-06-15 03:44:17,720] {dag.py:2305} INFO - Setting next_dagrun for example_complex to None
[2021-06-15 03:44:17,780] {scheduler_job.py:190} INFO - Processing /home/airflow/.local/lib/python3.6/site-packages/airflow/example_dags/example_complex.py took 0.613 seconds
[2021-06-15 03:44:48,213] {scheduler_job.py:182} INFO - Started process (PID=2443) to work on /home/airflow/.local/lib/python3.6/site-packages/airflow/example_dags/example_complex.py
[2021-06-15 03:44:48,226] {scheduler_job.py:633} INFO - Processing file /home/airflow/.local/lib/python3.6/site-packages/airflow/example_dags/example_complex.py for tasks to queue
[2021-06-15 03:44:48,238] {logging_mixin.py:104} INFO - [2021-06-15 03:44:48,237] {dagbag.py:487} INFO - Filling up the DagBag from /home/airflow/.local/lib/python3.6/site-packages/airflow/example_dags/example_complex.py
[2021-06-15 03:44:48,440] {scheduler_job.py:643} INFO - DAG(s) dict_keys(['example_complex']) retrieved from /home/airflow/.local/lib/python3.6/site-packages/airflow/example_dags/example_complex.py
[2021-06-15 03:44:48,621] {logging_mixin.py:104} INFO - [2021-06-15 03:44:48,621] {dag.py:1832} INFO - Sync 1 DAGs
[2021-06-15 03:44:48,718] {logging_mixin.py:104} INFO - [2021-06-15 03:44:48,718] {dag.py:2305} INFO - Setting next_dagrun for example_complex to None
[2021-06-15 03:44:48,785] {scheduler_job.py:190} INFO - Processing /home/airflow/.local/lib/python3.6/site-packages/airflow/example_dags/example_complex.py took 0.597 seconds
[2021-06-15 03:45:19,230] {scheduler_job.py:182} INFO - Started process (PID=2503) to work on /home/airflow/.local/lib/python3.6/site-packages/airflow/example_dags/example_complex.py
[2021-06-15 03:45:19,239] {scheduler_job.py:633} INFO - Processing file /home/airflow/.local/lib/python3.6/site-packages/airflow/example_dags/example_complex.py for tasks to queue
[2021-06-15 03:45:19,246] {logging_mixin.py:104} INFO - [2021-06-15 03:45:19,245] {dagbag.py:487} INFO - Filling up the DagBag from /home/airflow/.local/lib/python3.6/site-packages/airflow/example_dags/example_complex.py
[2021-06-15 03:45:19,372] {scheduler_job.py:643} INFO - DAG(s) dict_keys(['example_complex']) retrieved from /home/airflow/.local/lib/python3.6/site-packages/airflow/example_dags/example_complex.py
[2021-06-15 03:45:19,506] {logging_mixin.py:104} INFO - [2021-06-15 03:45:19,506] {dag.py:1832} INFO - Sync 1 DAGs
[2021-06-15 03:45:19,583] {logging_mixin.py:104} INFO - [2021-06-15 03:45:19,583] {dag.py:2305} INFO - Setting next_dagrun for example_complex to None
[2021-06-15 03:45:19,651] {scheduler_job.py:190} INFO - Processing /home/airflow/.local/lib/python3.6/site-packages/airflow/example_dags/example_complex.py took 0.445 seconds
[2021-06-15 03:45:49,973] {scheduler_job.py:182} INFO - Started process (PID=2560) to work on /home/airflow/.local/lib/python3.6/site-packages/airflow/example_dags/example_complex.py
[2021-06-15 03:45:49,990] {scheduler_job.py:633} INFO - Processing file /home/airflow/.local/lib/python3.6/site-packages/airflow/example_dags/example_complex.py for tasks to queue
[2021-06-15 03:45:50,001] {logging_mixin.py:104} INFO - [2021-06-15 03:45:50,000] {dagbag.py:487} INFO - Filling up the DagBag from /home/airflow/.local/lib/python3.6/site-packages/airflow/example_dags/example_complex.py
[2021-06-15 03:45:50,172] {scheduler_job.py:643} INFO - DAG(s) dict_keys(['example_complex']) retrieved from /home/airflow/.local/lib/python3.6/site-packages/airflow/example_dags/example_complex.py
[2021-06-15 03:45:50,445] {logging_mixin.py:104} INFO - [2021-06-15 03:45:50,444] {dag.py:1832} INFO - Sync 1 DAGs
[2021-06-15 03:45:50,541] {logging_mixin.py:104} INFO - [2021-06-15 03:45:50,541] {dag.py:2305} INFO - Setting next_dagrun for example_complex to None
[2021-06-15 03:45:50,608] {scheduler_job.py:190} INFO - Processing /home/airflow/.local/lib/python3.6/site-packages/airflow/example_dags/example_complex.py took 0.664 seconds
[2021-06-15 03:46:20,835] {scheduler_job.py:182} INFO - Started process (PID=2627) to work on /home/airflow/.local/lib/python3.6/site-packages/airflow/example_dags/example_complex.py
[2021-06-15 03:46:20,847] {scheduler_job.py:633} INFO - Processing file /home/airflow/.local/lib/python3.6/site-packages/airflow/example_dags/example_complex.py for tasks to queue
[2021-06-15 03:46:20,854] {logging_mixin.py:104} INFO - [2021-06-15 03:46:20,854] {dagbag.py:487} INFO - Filling up the DagBag from /home/airflow/.local/lib/python3.6/site-packages/airflow/example_dags/example_complex.py
[2021-06-15 03:46:21,007] {scheduler_job.py:643} INFO - DAG(s) dict_keys(['example_complex']) retrieved from /home/airflow/.local/lib/python3.6/site-packages/airflow/example_dags/example_complex.py
[2021-06-15 03:46:21,156] {logging_mixin.py:104} INFO - [2021-06-15 03:46:21,155] {dag.py:1832} INFO - Sync 1 DAGs
[2021-06-15 03:46:21,246] {logging_mixin.py:104} INFO - [2021-06-15 03:46:21,245] {dag.py:2305} INFO - Setting next_dagrun for example_complex to None
[2021-06-15 03:46:21,323] {scheduler_job.py:190} INFO - Processing /home/airflow/.local/lib/python3.6/site-packages/airflow/example_dags/example_complex.py took 0.515 seconds
[2021-06-15 03:46:52,315] {scheduler_job.py:182} INFO - Started process (PID=2694) to work on /home/airflow/.local/lib/python3.6/site-packages/airflow/example_dags/example_complex.py
[2021-06-15 03:46:52,321] {scheduler_job.py:633} INFO - Processing file /home/airflow/.local/lib/python3.6/site-packages/airflow/example_dags/example_complex.py for tasks to queue
[2021-06-15 03:46:52,326] {logging_mixin.py:104} INFO - [2021-06-15 03:46:52,326] {dagbag.py:487} INFO - Filling up the DagBag from /home/airflow/.local/lib/python3.6/site-packages/airflow/example_dags/example_complex.py
[2021-06-15 03:46:52,410] {scheduler_job.py:643} INFO - DAG(s) dict_keys(['example_complex']) retrieved from /home/airflow/.local/lib/python3.6/site-packages/airflow/example_dags/example_complex.py
[2021-06-15 03:46:52,525] {logging_mixin.py:104} INFO - [2021-06-15 03:46:52,525] {dag.py:1832} INFO - Sync 1 DAGs
[2021-06-15 03:46:52,597] {logging_mixin.py:104} INFO - [2021-06-15 03:46:52,596] {dag.py:2305} INFO - Setting next_dagrun for example_complex to None
[2021-06-15 03:46:52,669] {scheduler_job.py:190} INFO - Processing /home/airflow/.local/lib/python3.6/site-packages/airflow/example_dags/example_complex.py took 0.367 seconds
[2021-06-15 03:47:22,897] {scheduler_job.py:182} INFO - Started process (PID=2755) to work on /home/airflow/.local/lib/python3.6/site-packages/airflow/example_dags/example_complex.py
[2021-06-15 03:47:22,908] {scheduler_job.py:633} INFO - Processing file /home/airflow/.local/lib/python3.6/site-packages/airflow/example_dags/example_complex.py for tasks to queue
[2021-06-15 03:47:22,914] {logging_mixin.py:104} INFO - [2021-06-15 03:47:22,914] {dagbag.py:487} INFO - Filling up the DagBag from /home/airflow/.local/lib/python3.6/site-packages/airflow/example_dags/example_complex.py
[2021-06-15 03:47:23,008] {scheduler_job.py:643} INFO - DAG(s) dict_keys(['example_complex']) retrieved from /home/airflow/.local/lib/python3.6/site-packages/airflow/example_dags/example_complex.py
[2021-06-15 03:47:23,141] {logging_mixin.py:104} INFO - [2021-06-15 03:47:23,141] {dag.py:1832} INFO - Sync 1 DAGs
[2021-06-15 03:47:23,245] {logging_mixin.py:104} INFO - [2021-06-15 03:47:23,244] {dag.py:2305} INFO - Setting next_dagrun for example_complex to None
[2021-06-15 03:47:23,312] {scheduler_job.py:190} INFO - Processing /home/airflow/.local/lib/python3.6/site-packages/airflow/example_dags/example_complex.py took 0.436 seconds
[2021-06-15 03:47:53,707] {scheduler_job.py:182} INFO - Started process (PID=2821) to work on /home/airflow/.local/lib/python3.6/site-packages/airflow/example_dags/example_complex.py
[2021-06-15 03:47:53,713] {scheduler_job.py:633} INFO - Processing file /home/airflow/.local/lib/python3.6/site-packages/airflow/example_dags/example_complex.py for tasks to queue
[2021-06-15 03:47:53,718] {logging_mixin.py:104} INFO - [2021-06-15 03:47:53,717] {dagbag.py:487} INFO - Filling up the DagBag from /home/airflow/.local/lib/python3.6/site-packages/airflow/example_dags/example_complex.py
[2021-06-15 03:47:53,804] {scheduler_job.py:643} INFO - DAG(s) dict_keys(['example_complex']) retrieved from /home/airflow/.local/lib/python3.6/site-packages/airflow/example_dags/example_complex.py
[2021-06-15 03:47:53,912] {logging_mixin.py:104} INFO - [2021-06-15 03:47:53,911] {dag.py:1832} INFO - Sync 1 DAGs
[2021-06-15 03:47:53,994] {logging_mixin.py:104} INFO - [2021-06-15 03:47:53,994] {dag.py:2305} INFO - Setting next_dagrun for example_complex to None
[2021-06-15 03:47:54,040] {scheduler_job.py:190} INFO - Processing /home/airflow/.local/lib/python3.6/site-packages/airflow/example_dags/example_complex.py took 0.350 seconds
[2021-06-15 03:48:25,061] {scheduler_job.py:182} INFO - Started process (PID=2882) to work on /home/airflow/.local/lib/python3.6/site-packages/airflow/example_dags/example_complex.py
[2021-06-15 03:48:25,067] {scheduler_job.py:633} INFO - Processing file /home/airflow/.local/lib/python3.6/site-packages/airflow/example_dags/example_complex.py for tasks to queue
[2021-06-15 03:48:25,072] {logging_mixin.py:104} INFO - [2021-06-15 03:48:25,071] {dagbag.py:487} INFO - Filling up the DagBag from /home/airflow/.local/lib/python3.6/site-packages/airflow/example_dags/example_complex.py
[2021-06-15 03:48:25,152] {scheduler_job.py:643} INFO - DAG(s) dict_keys(['example_complex']) retrieved from /home/airflow/.local/lib/python3.6/site-packages/airflow/example_dags/example_complex.py
[2021-06-15 03:48:25,262] {logging_mixin.py:104} INFO - [2021-06-15 03:48:25,261] {dag.py:1832} INFO - Sync 1 DAGs
[2021-06-15 03:48:25,328] {logging_mixin.py:104} INFO - [2021-06-15 03:48:25,328] {dag.py:2305} INFO - Setting next_dagrun for example_complex to None
[2021-06-15 03:48:25,378] {scheduler_job.py:190} INFO - Processing /home/airflow/.local/lib/python3.6/site-packages/airflow/example_dags/example_complex.py took 0.331 seconds
[2021-06-15 03:48:55,572] {scheduler_job.py:182} INFO - Started process (PID=2948) to work on /home/airflow/.local/lib/python3.6/site-packages/airflow/example_dags/example_complex.py
[2021-06-15 03:48:55,582] {scheduler_job.py:633} INFO - Processing file /home/airflow/.local/lib/python3.6/site-packages/airflow/example_dags/example_complex.py for tasks to queue
[2021-06-15 03:48:55,591] {logging_mixin.py:104} INFO - [2021-06-15 03:48:55,591] {dagbag.py:487} INFO - Filling up the DagBag from /home/airflow/.local/lib/python3.6/site-packages/airflow/example_dags/example_complex.py
[2021-06-15 03:48:55,730] {scheduler_job.py:643} INFO - DAG(s) dict_keys(['example_complex']) retrieved from /home/airflow/.local/lib/python3.6/site-packages/airflow/example_dags/example_complex.py
[2021-06-15 03:48:55,887] {logging_mixin.py:104} INFO - [2021-06-15 03:48:55,886] {dag.py:1832} INFO - Sync 1 DAGs
[2021-06-15 03:48:55,974] {logging_mixin.py:104} INFO - [2021-06-15 03:48:55,973] {dag.py:2305} INFO - Setting next_dagrun for example_complex to None
[2021-06-15 03:48:56,029] {scheduler_job.py:190} INFO - Processing /home/airflow/.local/lib/python3.6/site-packages/airflow/example_dags/example_complex.py took 0.474 seconds
[2021-06-15 03:49:26,943] {scheduler_job.py:182} INFO - Started process (PID=3016) to work on /home/airflow/.local/lib/python3.6/site-packages/airflow/example_dags/example_complex.py
[2021-06-15 03:49:26,949] {scheduler_job.py:633} INFO - Processing file /home/airflow/.local/lib/python3.6/site-packages/airflow/example_dags/example_complex.py for tasks to queue
[2021-06-15 03:49:26,954] {logging_mixin.py:104} INFO - [2021-06-15 03:49:26,953] {dagbag.py:487} INFO - Filling up the DagBag from /home/airflow/.local/lib/python3.6/site-packages/airflow/example_dags/example_complex.py
[2021-06-15 03:49:27,038] {scheduler_job.py:643} INFO - DAG(s) dict_keys(['example_complex']) retrieved from /home/airflow/.local/lib/python3.6/site-packages/airflow/example_dags/example_complex.py
[2021-06-15 03:49:27,144] {logging_mixin.py:104} INFO - [2021-06-15 03:49:27,143] {dag.py:1832} INFO - Sync 1 DAGs
[2021-06-15 03:49:27,208] {logging_mixin.py:104} INFO - [2021-06-15 03:49:27,208] {dag.py:2305} INFO - Setting next_dagrun for example_complex to None
[2021-06-15 03:49:27,249] {scheduler_job.py:190} INFO - Processing /home/airflow/.local/lib/python3.6/site-packages/airflow/example_dags/example_complex.py took 0.333 seconds
