[2021-06-15 03:25:21,381] {scheduler_job.py:182} INFO - Started process (PID=68) to work on /home/airflow/.local/lib/python3.6/site-packages/airflow/example_dags/example_trigger_target_dag.py
[2021-06-15 03:25:21,401] {scheduler_job.py:633} INFO - Processing file /home/airflow/.local/lib/python3.6/site-packages/airflow/example_dags/example_trigger_target_dag.py for tasks to queue
[2021-06-15 03:25:21,412] {logging_mixin.py:104} INFO - [2021-06-15 03:25:21,411] {dagbag.py:487} INFO - Filling up the DagBag from /home/airflow/.local/lib/python3.6/site-packages/airflow/example_dags/example_trigger_target_dag.py
[2021-06-15 03:25:21,498] {scheduler_job.py:643} INFO - DAG(s) dict_keys(['example_trigger_target_dag']) retrieved from /home/airflow/.local/lib/python3.6/site-packages/airflow/example_dags/example_trigger_target_dag.py
[2021-06-15 03:25:22,598] {logging_mixin.py:104} INFO - [2021-06-15 03:25:22,598] {dag.py:1832} INFO - Sync 1 DAGs
[2021-06-15 03:25:22,678] {logging_mixin.py:104} INFO - [2021-06-15 03:25:22,677] {dag.py:2305} INFO - Setting next_dagrun for example_trigger_target_dag to None
[2021-06-15 03:25:22,749] {scheduler_job.py:190} INFO - Processing /home/airflow/.local/lib/python3.6/site-packages/airflow/example_dags/example_trigger_target_dag.py took 1.406 seconds
[2021-06-15 03:25:52,963] {scheduler_job.py:182} INFO - Started process (PID=137) to work on /home/airflow/.local/lib/python3.6/site-packages/airflow/example_dags/example_trigger_target_dag.py
[2021-06-15 03:25:52,974] {scheduler_job.py:633} INFO - Processing file /home/airflow/.local/lib/python3.6/site-packages/airflow/example_dags/example_trigger_target_dag.py for tasks to queue
[2021-06-15 03:25:52,983] {logging_mixin.py:104} INFO - [2021-06-15 03:25:52,982] {dagbag.py:487} INFO - Filling up the DagBag from /home/airflow/.local/lib/python3.6/site-packages/airflow/example_dags/example_trigger_target_dag.py
[2021-06-15 03:25:53,079] {scheduler_job.py:643} INFO - DAG(s) dict_keys(['example_trigger_target_dag']) retrieved from /home/airflow/.local/lib/python3.6/site-packages/airflow/example_dags/example_trigger_target_dag.py
[2021-06-15 03:25:53,239] {logging_mixin.py:104} INFO - [2021-06-15 03:25:53,238] {dag.py:1832} INFO - Sync 1 DAGs
[2021-06-15 03:25:53,368] {logging_mixin.py:104} INFO - [2021-06-15 03:25:53,368] {dag.py:2305} INFO - Setting next_dagrun for example_trigger_target_dag to None
[2021-06-15 03:25:53,449] {scheduler_job.py:190} INFO - Processing /home/airflow/.local/lib/python3.6/site-packages/airflow/example_dags/example_trigger_target_dag.py took 0.516 seconds
[2021-06-15 03:26:23,704] {scheduler_job.py:182} INFO - Started process (PID=195) to work on /home/airflow/.local/lib/python3.6/site-packages/airflow/example_dags/example_trigger_target_dag.py
[2021-06-15 03:26:23,716] {scheduler_job.py:633} INFO - Processing file /home/airflow/.local/lib/python3.6/site-packages/airflow/example_dags/example_trigger_target_dag.py for tasks to queue
[2021-06-15 03:26:23,724] {logging_mixin.py:104} INFO - [2021-06-15 03:26:23,724] {dagbag.py:487} INFO - Filling up the DagBag from /home/airflow/.local/lib/python3.6/site-packages/airflow/example_dags/example_trigger_target_dag.py
[2021-06-15 03:26:23,871] {scheduler_job.py:643} INFO - DAG(s) dict_keys(['example_trigger_target_dag']) retrieved from /home/airflow/.local/lib/python3.6/site-packages/airflow/example_dags/example_trigger_target_dag.py
[2021-06-15 03:26:24,040] {logging_mixin.py:104} INFO - [2021-06-15 03:26:24,039] {dag.py:1832} INFO - Sync 1 DAGs
[2021-06-15 03:26:24,187] {logging_mixin.py:104} INFO - [2021-06-15 03:26:24,186] {dag.py:2305} INFO - Setting next_dagrun for example_trigger_target_dag to None
[2021-06-15 03:26:24,276] {scheduler_job.py:190} INFO - Processing /home/airflow/.local/lib/python3.6/site-packages/airflow/example_dags/example_trigger_target_dag.py took 0.601 seconds
[2021-06-15 03:26:54,636] {scheduler_job.py:182} INFO - Started process (PID=255) to work on /home/airflow/.local/lib/python3.6/site-packages/airflow/example_dags/example_trigger_target_dag.py
[2021-06-15 03:26:54,646] {scheduler_job.py:633} INFO - Processing file /home/airflow/.local/lib/python3.6/site-packages/airflow/example_dags/example_trigger_target_dag.py for tasks to queue
[2021-06-15 03:26:54,652] {logging_mixin.py:104} INFO - [2021-06-15 03:26:54,651] {dagbag.py:487} INFO - Filling up the DagBag from /home/airflow/.local/lib/python3.6/site-packages/airflow/example_dags/example_trigger_target_dag.py
[2021-06-15 03:26:54,713] {scheduler_job.py:643} INFO - DAG(s) dict_keys(['example_trigger_target_dag']) retrieved from /home/airflow/.local/lib/python3.6/site-packages/airflow/example_dags/example_trigger_target_dag.py
[2021-06-15 03:26:54,869] {logging_mixin.py:104} INFO - [2021-06-15 03:26:54,869] {dag.py:1832} INFO - Sync 1 DAGs
[2021-06-15 03:26:54,959] {logging_mixin.py:104} INFO - [2021-06-15 03:26:54,958] {dag.py:2305} INFO - Setting next_dagrun for example_trigger_target_dag to None
[2021-06-15 03:26:55,010] {scheduler_job.py:190} INFO - Processing /home/airflow/.local/lib/python3.6/site-packages/airflow/example_dags/example_trigger_target_dag.py took 0.390 seconds
[2021-06-15 03:27:25,621] {scheduler_job.py:182} INFO - Started process (PID=322) to work on /home/airflow/.local/lib/python3.6/site-packages/airflow/example_dags/example_trigger_target_dag.py
[2021-06-15 03:27:25,638] {scheduler_job.py:633} INFO - Processing file /home/airflow/.local/lib/python3.6/site-packages/airflow/example_dags/example_trigger_target_dag.py for tasks to queue
[2021-06-15 03:27:25,645] {logging_mixin.py:104} INFO - [2021-06-15 03:27:25,645] {dagbag.py:487} INFO - Filling up the DagBag from /home/airflow/.local/lib/python3.6/site-packages/airflow/example_dags/example_trigger_target_dag.py
[2021-06-15 03:27:25,718] {scheduler_job.py:643} INFO - DAG(s) dict_keys(['example_trigger_target_dag']) retrieved from /home/airflow/.local/lib/python3.6/site-packages/airflow/example_dags/example_trigger_target_dag.py
[2021-06-15 03:27:25,831] {logging_mixin.py:104} INFO - [2021-06-15 03:27:25,830] {dag.py:1832} INFO - Sync 1 DAGs
[2021-06-15 03:27:25,905] {logging_mixin.py:104} INFO - [2021-06-15 03:27:25,905] {dag.py:2305} INFO - Setting next_dagrun for example_trigger_target_dag to None
[2021-06-15 03:27:25,951] {scheduler_job.py:190} INFO - Processing /home/airflow/.local/lib/python3.6/site-packages/airflow/example_dags/example_trigger_target_dag.py took 0.347 seconds
[2021-06-15 03:27:56,529] {scheduler_job.py:182} INFO - Started process (PID=390) to work on /home/airflow/.local/lib/python3.6/site-packages/airflow/example_dags/example_trigger_target_dag.py
[2021-06-15 03:27:56,541] {scheduler_job.py:633} INFO - Processing file /home/airflow/.local/lib/python3.6/site-packages/airflow/example_dags/example_trigger_target_dag.py for tasks to queue
[2021-06-15 03:27:56,553] {logging_mixin.py:104} INFO - [2021-06-15 03:27:56,552] {dagbag.py:487} INFO - Filling up the DagBag from /home/airflow/.local/lib/python3.6/site-packages/airflow/example_dags/example_trigger_target_dag.py
[2021-06-15 03:27:56,643] {scheduler_job.py:643} INFO - DAG(s) dict_keys(['example_trigger_target_dag']) retrieved from /home/airflow/.local/lib/python3.6/site-packages/airflow/example_dags/example_trigger_target_dag.py
[2021-06-15 03:27:56,791] {logging_mixin.py:104} INFO - [2021-06-15 03:27:56,790] {dag.py:1832} INFO - Sync 1 DAGs
[2021-06-15 03:27:56,894] {logging_mixin.py:104} INFO - [2021-06-15 03:27:56,893] {dag.py:2305} INFO - Setting next_dagrun for example_trigger_target_dag to None
[2021-06-15 03:27:56,957] {scheduler_job.py:190} INFO - Processing /home/airflow/.local/lib/python3.6/site-packages/airflow/example_dags/example_trigger_target_dag.py took 0.449 seconds
[2021-06-15 03:28:27,254] {scheduler_job.py:182} INFO - Started process (PID=447) to work on /home/airflow/.local/lib/python3.6/site-packages/airflow/example_dags/example_trigger_target_dag.py
[2021-06-15 03:28:27,271] {scheduler_job.py:633} INFO - Processing file /home/airflow/.local/lib/python3.6/site-packages/airflow/example_dags/example_trigger_target_dag.py for tasks to queue
[2021-06-15 03:28:27,280] {logging_mixin.py:104} INFO - [2021-06-15 03:28:27,279] {dagbag.py:487} INFO - Filling up the DagBag from /home/airflow/.local/lib/python3.6/site-packages/airflow/example_dags/example_trigger_target_dag.py
[2021-06-15 03:28:27,395] {scheduler_job.py:643} INFO - DAG(s) dict_keys(['example_trigger_target_dag']) retrieved from /home/airflow/.local/lib/python3.6/site-packages/airflow/example_dags/example_trigger_target_dag.py
[2021-06-15 03:28:27,650] {logging_mixin.py:104} INFO - [2021-06-15 03:28:27,650] {dag.py:1832} INFO - Sync 1 DAGs
[2021-06-15 03:28:27,785] {logging_mixin.py:104} INFO - [2021-06-15 03:28:27,785] {dag.py:2305} INFO - Setting next_dagrun for example_trigger_target_dag to None
[2021-06-15 03:28:27,851] {scheduler_job.py:190} INFO - Processing /home/airflow/.local/lib/python3.6/site-packages/airflow/example_dags/example_trigger_target_dag.py took 0.633 seconds
[2021-06-15 03:28:58,383] {scheduler_job.py:182} INFO - Started process (PID=506) to work on /home/airflow/.local/lib/python3.6/site-packages/airflow/example_dags/example_trigger_target_dag.py
[2021-06-15 03:28:58,393] {scheduler_job.py:633} INFO - Processing file /home/airflow/.local/lib/python3.6/site-packages/airflow/example_dags/example_trigger_target_dag.py for tasks to queue
[2021-06-15 03:28:58,400] {logging_mixin.py:104} INFO - [2021-06-15 03:28:58,399] {dagbag.py:487} INFO - Filling up the DagBag from /home/airflow/.local/lib/python3.6/site-packages/airflow/example_dags/example_trigger_target_dag.py
[2021-06-15 03:28:58,464] {scheduler_job.py:643} INFO - DAG(s) dict_keys(['example_trigger_target_dag']) retrieved from /home/airflow/.local/lib/python3.6/site-packages/airflow/example_dags/example_trigger_target_dag.py
[2021-06-15 03:28:58,568] {logging_mixin.py:104} INFO - [2021-06-15 03:28:58,567] {dag.py:1832} INFO - Sync 1 DAGs
[2021-06-15 03:28:58,635] {logging_mixin.py:104} INFO - [2021-06-15 03:28:58,634] {dag.py:2305} INFO - Setting next_dagrun for example_trigger_target_dag to None
[2021-06-15 03:28:58,684] {scheduler_job.py:190} INFO - Processing /home/airflow/.local/lib/python3.6/site-packages/airflow/example_dags/example_trigger_target_dag.py took 0.316 seconds
[2021-06-15 03:29:29,097] {scheduler_job.py:182} INFO - Started process (PID=574) to work on /home/airflow/.local/lib/python3.6/site-packages/airflow/example_dags/example_trigger_target_dag.py
[2021-06-15 03:29:29,105] {scheduler_job.py:633} INFO - Processing file /home/airflow/.local/lib/python3.6/site-packages/airflow/example_dags/example_trigger_target_dag.py for tasks to queue
[2021-06-15 03:29:29,109] {logging_mixin.py:104} INFO - [2021-06-15 03:29:29,109] {dagbag.py:487} INFO - Filling up the DagBag from /home/airflow/.local/lib/python3.6/site-packages/airflow/example_dags/example_trigger_target_dag.py
[2021-06-15 03:29:29,172] {scheduler_job.py:643} INFO - DAG(s) dict_keys(['example_trigger_target_dag']) retrieved from /home/airflow/.local/lib/python3.6/site-packages/airflow/example_dags/example_trigger_target_dag.py
[2021-06-15 03:29:29,280] {logging_mixin.py:104} INFO - [2021-06-15 03:29:29,280] {dag.py:1832} INFO - Sync 1 DAGs
[2021-06-15 03:29:29,357] {logging_mixin.py:104} INFO - [2021-06-15 03:29:29,357] {dag.py:2305} INFO - Setting next_dagrun for example_trigger_target_dag to None
[2021-06-15 03:29:29,407] {scheduler_job.py:190} INFO - Processing /home/airflow/.local/lib/python3.6/site-packages/airflow/example_dags/example_trigger_target_dag.py took 0.326 seconds
[2021-06-15 03:29:59,822] {scheduler_job.py:182} INFO - Started process (PID=633) to work on /home/airflow/.local/lib/python3.6/site-packages/airflow/example_dags/example_trigger_target_dag.py
[2021-06-15 03:29:59,834] {scheduler_job.py:633} INFO - Processing file /home/airflow/.local/lib/python3.6/site-packages/airflow/example_dags/example_trigger_target_dag.py for tasks to queue
[2021-06-15 03:29:59,842] {logging_mixin.py:104} INFO - [2021-06-15 03:29:59,841] {dagbag.py:487} INFO - Filling up the DagBag from /home/airflow/.local/lib/python3.6/site-packages/airflow/example_dags/example_trigger_target_dag.py
[2021-06-15 03:29:59,947] {scheduler_job.py:643} INFO - DAG(s) dict_keys(['example_trigger_target_dag']) retrieved from /home/airflow/.local/lib/python3.6/site-packages/airflow/example_dags/example_trigger_target_dag.py
[2021-06-15 03:30:00,093] {logging_mixin.py:104} INFO - [2021-06-15 03:30:00,093] {dag.py:1832} INFO - Sync 1 DAGs
[2021-06-15 03:30:00,193] {logging_mixin.py:104} INFO - [2021-06-15 03:30:00,192] {dag.py:2305} INFO - Setting next_dagrun for example_trigger_target_dag to None
[2021-06-15 03:30:00,255] {scheduler_job.py:190} INFO - Processing /home/airflow/.local/lib/python3.6/site-packages/airflow/example_dags/example_trigger_target_dag.py took 0.455 seconds
[2021-06-15 03:30:30,382] {scheduler_job.py:182} INFO - Started process (PID=689) to work on /home/airflow/.local/lib/python3.6/site-packages/airflow/example_dags/example_trigger_target_dag.py
[2021-06-15 03:30:30,388] {scheduler_job.py:633} INFO - Processing file /home/airflow/.local/lib/python3.6/site-packages/airflow/example_dags/example_trigger_target_dag.py for tasks to queue
[2021-06-15 03:30:30,403] {logging_mixin.py:104} INFO - [2021-06-15 03:30:30,402] {dagbag.py:487} INFO - Filling up the DagBag from /home/airflow/.local/lib/python3.6/site-packages/airflow/example_dags/example_trigger_target_dag.py
[2021-06-15 03:30:30,478] {scheduler_job.py:643} INFO - DAG(s) dict_keys(['example_trigger_target_dag']) retrieved from /home/airflow/.local/lib/python3.6/site-packages/airflow/example_dags/example_trigger_target_dag.py
[2021-06-15 03:30:30,578] {logging_mixin.py:104} INFO - [2021-06-15 03:30:30,577] {dag.py:1832} INFO - Sync 1 DAGs
[2021-06-15 03:30:30,663] {logging_mixin.py:104} INFO - [2021-06-15 03:30:30,663] {dag.py:2305} INFO - Setting next_dagrun for example_trigger_target_dag to None
[2021-06-15 03:30:30,703] {scheduler_job.py:190} INFO - Processing /home/airflow/.local/lib/python3.6/site-packages/airflow/example_dags/example_trigger_target_dag.py took 0.335 seconds
[2021-06-15 03:31:00,800] {scheduler_job.py:182} INFO - Started process (PID=756) to work on /home/airflow/.local/lib/python3.6/site-packages/airflow/example_dags/example_trigger_target_dag.py
[2021-06-15 03:31:00,807] {scheduler_job.py:633} INFO - Processing file /home/airflow/.local/lib/python3.6/site-packages/airflow/example_dags/example_trigger_target_dag.py for tasks to queue
[2021-06-15 03:31:00,812] {logging_mixin.py:104} INFO - [2021-06-15 03:31:00,812] {dagbag.py:487} INFO - Filling up the DagBag from /home/airflow/.local/lib/python3.6/site-packages/airflow/example_dags/example_trigger_target_dag.py
[2021-06-15 03:31:00,871] {scheduler_job.py:643} INFO - DAG(s) dict_keys(['example_trigger_target_dag']) retrieved from /home/airflow/.local/lib/python3.6/site-packages/airflow/example_dags/example_trigger_target_dag.py
[2021-06-15 03:31:00,966] {logging_mixin.py:104} INFO - [2021-06-15 03:31:00,965] {dag.py:1832} INFO - Sync 1 DAGs
[2021-06-15 03:31:01,026] {logging_mixin.py:104} INFO - [2021-06-15 03:31:01,026] {dag.py:2305} INFO - Setting next_dagrun for example_trigger_target_dag to None
[2021-06-15 03:31:01,065] {scheduler_job.py:190} INFO - Processing /home/airflow/.local/lib/python3.6/site-packages/airflow/example_dags/example_trigger_target_dag.py took 0.280 seconds
[2021-06-15 03:31:31,430] {scheduler_job.py:182} INFO - Started process (PID=825) to work on /home/airflow/.local/lib/python3.6/site-packages/airflow/example_dags/example_trigger_target_dag.py
[2021-06-15 03:31:31,436] {scheduler_job.py:633} INFO - Processing file /home/airflow/.local/lib/python3.6/site-packages/airflow/example_dags/example_trigger_target_dag.py for tasks to queue
[2021-06-15 03:31:31,442] {logging_mixin.py:104} INFO - [2021-06-15 03:31:31,441] {dagbag.py:487} INFO - Filling up the DagBag from /home/airflow/.local/lib/python3.6/site-packages/airflow/example_dags/example_trigger_target_dag.py
[2021-06-15 03:31:31,499] {scheduler_job.py:643} INFO - DAG(s) dict_keys(['example_trigger_target_dag']) retrieved from /home/airflow/.local/lib/python3.6/site-packages/airflow/example_dags/example_trigger_target_dag.py
[2021-06-15 03:31:31,593] {logging_mixin.py:104} INFO - [2021-06-15 03:31:31,593] {dag.py:1832} INFO - Sync 1 DAGs
[2021-06-15 03:31:31,658] {logging_mixin.py:104} INFO - [2021-06-15 03:31:31,657] {dag.py:2305} INFO - Setting next_dagrun for example_trigger_target_dag to None
[2021-06-15 03:31:31,697] {scheduler_job.py:190} INFO - Processing /home/airflow/.local/lib/python3.6/site-packages/airflow/example_dags/example_trigger_target_dag.py took 0.282 seconds
[2021-06-15 03:32:02,394] {scheduler_job.py:182} INFO - Started process (PID=892) to work on /home/airflow/.local/lib/python3.6/site-packages/airflow/example_dags/example_trigger_target_dag.py
[2021-06-15 03:32:02,404] {scheduler_job.py:633} INFO - Processing file /home/airflow/.local/lib/python3.6/site-packages/airflow/example_dags/example_trigger_target_dag.py for tasks to queue
[2021-06-15 03:32:02,409] {logging_mixin.py:104} INFO - [2021-06-15 03:32:02,409] {dagbag.py:487} INFO - Filling up the DagBag from /home/airflow/.local/lib/python3.6/site-packages/airflow/example_dags/example_trigger_target_dag.py
[2021-06-15 03:32:02,465] {scheduler_job.py:643} INFO - DAG(s) dict_keys(['example_trigger_target_dag']) retrieved from /home/airflow/.local/lib/python3.6/site-packages/airflow/example_dags/example_trigger_target_dag.py
[2021-06-15 03:32:02,586] {logging_mixin.py:104} INFO - [2021-06-15 03:32:02,585] {dag.py:1832} INFO - Sync 1 DAGs
[2021-06-15 03:32:02,676] {logging_mixin.py:104} INFO - [2021-06-15 03:32:02,675] {dag.py:2305} INFO - Setting next_dagrun for example_trigger_target_dag to None
[2021-06-15 03:32:02,719] {scheduler_job.py:190} INFO - Processing /home/airflow/.local/lib/python3.6/site-packages/airflow/example_dags/example_trigger_target_dag.py took 0.339 seconds
[2021-06-15 03:32:33,141] {scheduler_job.py:182} INFO - Started process (PID=953) to work on /home/airflow/.local/lib/python3.6/site-packages/airflow/example_dags/example_trigger_target_dag.py
[2021-06-15 03:32:33,149] {scheduler_job.py:633} INFO - Processing file /home/airflow/.local/lib/python3.6/site-packages/airflow/example_dags/example_trigger_target_dag.py for tasks to queue
[2021-06-15 03:32:33,156] {logging_mixin.py:104} INFO - [2021-06-15 03:32:33,155] {dagbag.py:487} INFO - Filling up the DagBag from /home/airflow/.local/lib/python3.6/site-packages/airflow/example_dags/example_trigger_target_dag.py
[2021-06-15 03:32:33,223] {scheduler_job.py:643} INFO - DAG(s) dict_keys(['example_trigger_target_dag']) retrieved from /home/airflow/.local/lib/python3.6/site-packages/airflow/example_dags/example_trigger_target_dag.py
[2021-06-15 03:32:33,320] {logging_mixin.py:104} INFO - [2021-06-15 03:32:33,319] {dag.py:1832} INFO - Sync 1 DAGs
[2021-06-15 03:32:33,426] {logging_mixin.py:104} INFO - [2021-06-15 03:32:33,425] {dag.py:2305} INFO - Setting next_dagrun for example_trigger_target_dag to None
[2021-06-15 03:32:33,475] {scheduler_job.py:190} INFO - Processing /home/airflow/.local/lib/python3.6/site-packages/airflow/example_dags/example_trigger_target_dag.py took 0.365 seconds
[2021-06-15 03:33:03,965] {scheduler_job.py:182} INFO - Started process (PID=1010) to work on /home/airflow/.local/lib/python3.6/site-packages/airflow/example_dags/example_trigger_target_dag.py
[2021-06-15 03:33:03,979] {scheduler_job.py:633} INFO - Processing file /home/airflow/.local/lib/python3.6/site-packages/airflow/example_dags/example_trigger_target_dag.py for tasks to queue
[2021-06-15 03:33:03,988] {logging_mixin.py:104} INFO - [2021-06-15 03:33:03,987] {dagbag.py:487} INFO - Filling up the DagBag from /home/airflow/.local/lib/python3.6/site-packages/airflow/example_dags/example_trigger_target_dag.py
[2021-06-15 03:33:04,067] {scheduler_job.py:643} INFO - DAG(s) dict_keys(['example_trigger_target_dag']) retrieved from /home/airflow/.local/lib/python3.6/site-packages/airflow/example_dags/example_trigger_target_dag.py
[2021-06-15 03:33:04,158] {logging_mixin.py:104} INFO - [2021-06-15 03:33:04,158] {dag.py:1832} INFO - Sync 1 DAGs
[2021-06-15 03:33:04,226] {logging_mixin.py:104} INFO - [2021-06-15 03:33:04,225] {dag.py:2305} INFO - Setting next_dagrun for example_trigger_target_dag to None
[2021-06-15 03:33:04,271] {scheduler_job.py:190} INFO - Processing /home/airflow/.local/lib/python3.6/site-packages/airflow/example_dags/example_trigger_target_dag.py took 0.328 seconds
[2021-06-15 03:33:34,620] {scheduler_job.py:182} INFO - Started process (PID=1078) to work on /home/airflow/.local/lib/python3.6/site-packages/airflow/example_dags/example_trigger_target_dag.py
[2021-06-15 03:33:34,627] {scheduler_job.py:633} INFO - Processing file /home/airflow/.local/lib/python3.6/site-packages/airflow/example_dags/example_trigger_target_dag.py for tasks to queue
[2021-06-15 03:33:34,633] {logging_mixin.py:104} INFO - [2021-06-15 03:33:34,632] {dagbag.py:487} INFO - Filling up the DagBag from /home/airflow/.local/lib/python3.6/site-packages/airflow/example_dags/example_trigger_target_dag.py
[2021-06-15 03:33:34,705] {scheduler_job.py:643} INFO - DAG(s) dict_keys(['example_trigger_target_dag']) retrieved from /home/airflow/.local/lib/python3.6/site-packages/airflow/example_dags/example_trigger_target_dag.py
[2021-06-15 03:33:34,811] {logging_mixin.py:104} INFO - [2021-06-15 03:33:34,811] {dag.py:1832} INFO - Sync 1 DAGs
[2021-06-15 03:33:34,874] {logging_mixin.py:104} INFO - [2021-06-15 03:33:34,874] {dag.py:2305} INFO - Setting next_dagrun for example_trigger_target_dag to None
[2021-06-15 03:33:34,917] {scheduler_job.py:190} INFO - Processing /home/airflow/.local/lib/python3.6/site-packages/airflow/example_dags/example_trigger_target_dag.py took 0.311 seconds
[2021-06-15 03:34:05,443] {scheduler_job.py:182} INFO - Started process (PID=1146) to work on /home/airflow/.local/lib/python3.6/site-packages/airflow/example_dags/example_trigger_target_dag.py
[2021-06-15 03:34:05,448] {scheduler_job.py:633} INFO - Processing file /home/airflow/.local/lib/python3.6/site-packages/airflow/example_dags/example_trigger_target_dag.py for tasks to queue
[2021-06-15 03:34:05,454] {logging_mixin.py:104} INFO - [2021-06-15 03:34:05,454] {dagbag.py:487} INFO - Filling up the DagBag from /home/airflow/.local/lib/python3.6/site-packages/airflow/example_dags/example_trigger_target_dag.py
[2021-06-15 03:34:05,516] {scheduler_job.py:643} INFO - DAG(s) dict_keys(['example_trigger_target_dag']) retrieved from /home/airflow/.local/lib/python3.6/site-packages/airflow/example_dags/example_trigger_target_dag.py
[2021-06-15 03:34:05,614] {logging_mixin.py:104} INFO - [2021-06-15 03:34:05,613] {dag.py:1832} INFO - Sync 1 DAGs
[2021-06-15 03:34:05,675] {logging_mixin.py:104} INFO - [2021-06-15 03:34:05,675] {dag.py:2305} INFO - Setting next_dagrun for example_trigger_target_dag to None
[2021-06-15 03:34:05,713] {scheduler_job.py:190} INFO - Processing /home/airflow/.local/lib/python3.6/site-packages/airflow/example_dags/example_trigger_target_dag.py took 0.283 seconds
[2021-06-15 03:34:35,824] {scheduler_job.py:182} INFO - Started process (PID=1206) to work on /home/airflow/.local/lib/python3.6/site-packages/airflow/example_dags/example_trigger_target_dag.py
[2021-06-15 03:34:35,831] {scheduler_job.py:633} INFO - Processing file /home/airflow/.local/lib/python3.6/site-packages/airflow/example_dags/example_trigger_target_dag.py for tasks to queue
[2021-06-15 03:34:35,836] {logging_mixin.py:104} INFO - [2021-06-15 03:34:35,836] {dagbag.py:487} INFO - Filling up the DagBag from /home/airflow/.local/lib/python3.6/site-packages/airflow/example_dags/example_trigger_target_dag.py
[2021-06-15 03:34:35,897] {scheduler_job.py:643} INFO - DAG(s) dict_keys(['example_trigger_target_dag']) retrieved from /home/airflow/.local/lib/python3.6/site-packages/airflow/example_dags/example_trigger_target_dag.py
[2021-06-15 03:34:35,994] {logging_mixin.py:104} INFO - [2021-06-15 03:34:35,993] {dag.py:1832} INFO - Sync 1 DAGs
[2021-06-15 03:34:36,054] {logging_mixin.py:104} INFO - [2021-06-15 03:34:36,054] {dag.py:2305} INFO - Setting next_dagrun for example_trigger_target_dag to None
[2021-06-15 03:34:36,094] {scheduler_job.py:190} INFO - Processing /home/airflow/.local/lib/python3.6/site-packages/airflow/example_dags/example_trigger_target_dag.py took 0.285 seconds
[2021-06-15 03:35:06,672] {scheduler_job.py:182} INFO - Started process (PID=1264) to work on /home/airflow/.local/lib/python3.6/site-packages/airflow/example_dags/example_trigger_target_dag.py
[2021-06-15 03:35:06,679] {scheduler_job.py:633} INFO - Processing file /home/airflow/.local/lib/python3.6/site-packages/airflow/example_dags/example_trigger_target_dag.py for tasks to queue
[2021-06-15 03:35:06,685] {logging_mixin.py:104} INFO - [2021-06-15 03:35:06,684] {dagbag.py:487} INFO - Filling up the DagBag from /home/airflow/.local/lib/python3.6/site-packages/airflow/example_dags/example_trigger_target_dag.py
[2021-06-15 03:35:06,751] {scheduler_job.py:643} INFO - DAG(s) dict_keys(['example_trigger_target_dag']) retrieved from /home/airflow/.local/lib/python3.6/site-packages/airflow/example_dags/example_trigger_target_dag.py
[2021-06-15 03:35:06,858] {logging_mixin.py:104} INFO - [2021-06-15 03:35:06,857] {dag.py:1832} INFO - Sync 1 DAGs
[2021-06-15 03:35:06,947] {logging_mixin.py:104} INFO - [2021-06-15 03:35:06,947] {dag.py:2305} INFO - Setting next_dagrun for example_trigger_target_dag to None
[2021-06-15 03:35:06,989] {scheduler_job.py:190} INFO - Processing /home/airflow/.local/lib/python3.6/site-packages/airflow/example_dags/example_trigger_target_dag.py took 0.332 seconds
[2021-06-15 03:35:37,501] {scheduler_job.py:182} INFO - Started process (PID=1330) to work on /home/airflow/.local/lib/python3.6/site-packages/airflow/example_dags/example_trigger_target_dag.py
[2021-06-15 03:35:37,511] {scheduler_job.py:633} INFO - Processing file /home/airflow/.local/lib/python3.6/site-packages/airflow/example_dags/example_trigger_target_dag.py for tasks to queue
[2021-06-15 03:35:37,516] {logging_mixin.py:104} INFO - [2021-06-15 03:35:37,516] {dagbag.py:487} INFO - Filling up the DagBag from /home/airflow/.local/lib/python3.6/site-packages/airflow/example_dags/example_trigger_target_dag.py
[2021-06-15 03:35:37,574] {scheduler_job.py:643} INFO - DAG(s) dict_keys(['example_trigger_target_dag']) retrieved from /home/airflow/.local/lib/python3.6/site-packages/airflow/example_dags/example_trigger_target_dag.py
[2021-06-15 03:35:37,666] {logging_mixin.py:104} INFO - [2021-06-15 03:35:37,666] {dag.py:1832} INFO - Sync 1 DAGs
[2021-06-15 03:35:37,729] {logging_mixin.py:104} INFO - [2021-06-15 03:35:37,728] {dag.py:2305} INFO - Setting next_dagrun for example_trigger_target_dag to None
[2021-06-15 03:35:37,769] {scheduler_job.py:190} INFO - Processing /home/airflow/.local/lib/python3.6/site-packages/airflow/example_dags/example_trigger_target_dag.py took 0.284 seconds
[2021-06-15 03:36:08,931] {scheduler_job.py:182} INFO - Started process (PID=1397) to work on /home/airflow/.local/lib/python3.6/site-packages/airflow/example_dags/example_trigger_target_dag.py
[2021-06-15 03:36:08,942] {scheduler_job.py:633} INFO - Processing file /home/airflow/.local/lib/python3.6/site-packages/airflow/example_dags/example_trigger_target_dag.py for tasks to queue
[2021-06-15 03:36:08,950] {logging_mixin.py:104} INFO - [2021-06-15 03:36:08,949] {dagbag.py:487} INFO - Filling up the DagBag from /home/airflow/.local/lib/python3.6/site-packages/airflow/example_dags/example_trigger_target_dag.py
[2021-06-15 03:36:09,023] {scheduler_job.py:643} INFO - DAG(s) dict_keys(['example_trigger_target_dag']) retrieved from /home/airflow/.local/lib/python3.6/site-packages/airflow/example_dags/example_trigger_target_dag.py
[2021-06-15 03:36:09,174] {logging_mixin.py:104} INFO - [2021-06-15 03:36:09,173] {dag.py:1832} INFO - Sync 1 DAGs
[2021-06-15 03:36:09,270] {logging_mixin.py:104} INFO - [2021-06-15 03:36:09,269] {dag.py:2305} INFO - Setting next_dagrun for example_trigger_target_dag to None
[2021-06-15 03:36:09,320] {scheduler_job.py:190} INFO - Processing /home/airflow/.local/lib/python3.6/site-packages/airflow/example_dags/example_trigger_target_dag.py took 0.448 seconds
[2021-06-15 03:36:39,439] {scheduler_job.py:182} INFO - Started process (PID=1458) to work on /home/airflow/.local/lib/python3.6/site-packages/airflow/example_dags/example_trigger_target_dag.py
[2021-06-15 03:36:39,447] {scheduler_job.py:633} INFO - Processing file /home/airflow/.local/lib/python3.6/site-packages/airflow/example_dags/example_trigger_target_dag.py for tasks to queue
[2021-06-15 03:36:39,453] {logging_mixin.py:104} INFO - [2021-06-15 03:36:39,452] {dagbag.py:487} INFO - Filling up the DagBag from /home/airflow/.local/lib/python3.6/site-packages/airflow/example_dags/example_trigger_target_dag.py
[2021-06-15 03:36:39,518] {scheduler_job.py:643} INFO - DAG(s) dict_keys(['example_trigger_target_dag']) retrieved from /home/airflow/.local/lib/python3.6/site-packages/airflow/example_dags/example_trigger_target_dag.py
[2021-06-15 03:36:39,623] {logging_mixin.py:104} INFO - [2021-06-15 03:36:39,622] {dag.py:1832} INFO - Sync 1 DAGs
[2021-06-15 03:36:39,692] {logging_mixin.py:104} INFO - [2021-06-15 03:36:39,692] {dag.py:2305} INFO - Setting next_dagrun for example_trigger_target_dag to None
[2021-06-15 03:36:39,730] {scheduler_job.py:190} INFO - Processing /home/airflow/.local/lib/python3.6/site-packages/airflow/example_dags/example_trigger_target_dag.py took 0.305 seconds
[2021-06-15 03:37:10,196] {scheduler_job.py:182} INFO - Started process (PID=1515) to work on /home/airflow/.local/lib/python3.6/site-packages/airflow/example_dags/example_trigger_target_dag.py
[2021-06-15 03:37:10,205] {scheduler_job.py:633} INFO - Processing file /home/airflow/.local/lib/python3.6/site-packages/airflow/example_dags/example_trigger_target_dag.py for tasks to queue
[2021-06-15 03:37:10,210] {logging_mixin.py:104} INFO - [2021-06-15 03:37:10,210] {dagbag.py:487} INFO - Filling up the DagBag from /home/airflow/.local/lib/python3.6/site-packages/airflow/example_dags/example_trigger_target_dag.py
[2021-06-15 03:37:10,271] {scheduler_job.py:643} INFO - DAG(s) dict_keys(['example_trigger_target_dag']) retrieved from /home/airflow/.local/lib/python3.6/site-packages/airflow/example_dags/example_trigger_target_dag.py
[2021-06-15 03:37:10,451] {logging_mixin.py:104} INFO - [2021-06-15 03:37:10,450] {dag.py:1832} INFO - Sync 1 DAGs
[2021-06-15 03:37:10,598] {logging_mixin.py:104} INFO - [2021-06-15 03:37:10,598] {dag.py:2305} INFO - Setting next_dagrun for example_trigger_target_dag to None
[2021-06-15 03:37:10,676] {scheduler_job.py:190} INFO - Processing /home/airflow/.local/lib/python3.6/site-packages/airflow/example_dags/example_trigger_target_dag.py took 0.496 seconds
[2021-06-15 03:37:41,289] {scheduler_job.py:182} INFO - Started process (PID=1582) to work on /home/airflow/.local/lib/python3.6/site-packages/airflow/example_dags/example_trigger_target_dag.py
[2021-06-15 03:37:41,309] {scheduler_job.py:633} INFO - Processing file /home/airflow/.local/lib/python3.6/site-packages/airflow/example_dags/example_trigger_target_dag.py for tasks to queue
[2021-06-15 03:37:41,317] {logging_mixin.py:104} INFO - [2021-06-15 03:37:41,316] {dagbag.py:487} INFO - Filling up the DagBag from /home/airflow/.local/lib/python3.6/site-packages/airflow/example_dags/example_trigger_target_dag.py
[2021-06-15 03:37:41,390] {scheduler_job.py:643} INFO - DAG(s) dict_keys(['example_trigger_target_dag']) retrieved from /home/airflow/.local/lib/python3.6/site-packages/airflow/example_dags/example_trigger_target_dag.py
[2021-06-15 03:37:41,519] {logging_mixin.py:104} INFO - [2021-06-15 03:37:41,518] {dag.py:1832} INFO - Sync 1 DAGs
[2021-06-15 03:37:41,611] {logging_mixin.py:104} INFO - [2021-06-15 03:37:41,610] {dag.py:2305} INFO - Setting next_dagrun for example_trigger_target_dag to None
[2021-06-15 03:37:41,657] {scheduler_job.py:190} INFO - Processing /home/airflow/.local/lib/python3.6/site-packages/airflow/example_dags/example_trigger_target_dag.py took 0.386 seconds
[2021-06-15 03:38:11,798] {scheduler_job.py:182} INFO - Started process (PID=1650) to work on /home/airflow/.local/lib/python3.6/site-packages/airflow/example_dags/example_trigger_target_dag.py
[2021-06-15 03:38:11,805] {scheduler_job.py:633} INFO - Processing file /home/airflow/.local/lib/python3.6/site-packages/airflow/example_dags/example_trigger_target_dag.py for tasks to queue
[2021-06-15 03:38:11,812] {logging_mixin.py:104} INFO - [2021-06-15 03:38:11,811] {dagbag.py:487} INFO - Filling up the DagBag from /home/airflow/.local/lib/python3.6/site-packages/airflow/example_dags/example_trigger_target_dag.py
[2021-06-15 03:38:11,872] {scheduler_job.py:643} INFO - DAG(s) dict_keys(['example_trigger_target_dag']) retrieved from /home/airflow/.local/lib/python3.6/site-packages/airflow/example_dags/example_trigger_target_dag.py
[2021-06-15 03:38:11,969] {logging_mixin.py:104} INFO - [2021-06-15 03:38:11,969] {dag.py:1832} INFO - Sync 1 DAGs
[2021-06-15 03:38:12,033] {logging_mixin.py:104} INFO - [2021-06-15 03:38:12,033] {dag.py:2305} INFO - Setting next_dagrun for example_trigger_target_dag to None
[2021-06-15 03:38:12,071] {scheduler_job.py:190} INFO - Processing /home/airflow/.local/lib/python3.6/site-packages/airflow/example_dags/example_trigger_target_dag.py took 0.287 seconds
[2021-06-15 03:38:42,284] {scheduler_job.py:182} INFO - Started process (PID=1717) to work on /home/airflow/.local/lib/python3.6/site-packages/airflow/example_dags/example_trigger_target_dag.py
[2021-06-15 03:38:42,290] {scheduler_job.py:633} INFO - Processing file /home/airflow/.local/lib/python3.6/site-packages/airflow/example_dags/example_trigger_target_dag.py for tasks to queue
[2021-06-15 03:38:42,295] {logging_mixin.py:104} INFO - [2021-06-15 03:38:42,295] {dagbag.py:487} INFO - Filling up the DagBag from /home/airflow/.local/lib/python3.6/site-packages/airflow/example_dags/example_trigger_target_dag.py
[2021-06-15 03:38:42,350] {scheduler_job.py:643} INFO - DAG(s) dict_keys(['example_trigger_target_dag']) retrieved from /home/airflow/.local/lib/python3.6/site-packages/airflow/example_dags/example_trigger_target_dag.py
[2021-06-15 03:38:42,451] {logging_mixin.py:104} INFO - [2021-06-15 03:38:42,451] {dag.py:1832} INFO - Sync 1 DAGs
[2021-06-15 03:38:42,518] {logging_mixin.py:104} INFO - [2021-06-15 03:38:42,518] {dag.py:2305} INFO - Setting next_dagrun for example_trigger_target_dag to None
[2021-06-15 03:38:42,564] {scheduler_job.py:190} INFO - Processing /home/airflow/.local/lib/python3.6/site-packages/airflow/example_dags/example_trigger_target_dag.py took 0.296 seconds
[2021-06-15 03:39:13,358] {scheduler_job.py:182} INFO - Started process (PID=1774) to work on /home/airflow/.local/lib/python3.6/site-packages/airflow/example_dags/example_trigger_target_dag.py
[2021-06-15 03:39:13,365] {scheduler_job.py:633} INFO - Processing file /home/airflow/.local/lib/python3.6/site-packages/airflow/example_dags/example_trigger_target_dag.py for tasks to queue
[2021-06-15 03:39:13,370] {logging_mixin.py:104} INFO - [2021-06-15 03:39:13,370] {dagbag.py:487} INFO - Filling up the DagBag from /home/airflow/.local/lib/python3.6/site-packages/airflow/example_dags/example_trigger_target_dag.py
[2021-06-15 03:39:13,442] {scheduler_job.py:643} INFO - DAG(s) dict_keys(['example_trigger_target_dag']) retrieved from /home/airflow/.local/lib/python3.6/site-packages/airflow/example_dags/example_trigger_target_dag.py
[2021-06-15 03:39:13,555] {logging_mixin.py:104} INFO - [2021-06-15 03:39:13,554] {dag.py:1832} INFO - Sync 1 DAGs
[2021-06-15 03:39:13,622] {logging_mixin.py:104} INFO - [2021-06-15 03:39:13,622] {dag.py:2305} INFO - Setting next_dagrun for example_trigger_target_dag to None
[2021-06-15 03:39:13,663] {scheduler_job.py:190} INFO - Processing /home/airflow/.local/lib/python3.6/site-packages/airflow/example_dags/example_trigger_target_dag.py took 0.324 seconds
[2021-06-15 03:39:44,301] {scheduler_job.py:182} INFO - Started process (PID=1833) to work on /home/airflow/.local/lib/python3.6/site-packages/airflow/example_dags/example_trigger_target_dag.py
[2021-06-15 03:39:44,309] {scheduler_job.py:633} INFO - Processing file /home/airflow/.local/lib/python3.6/site-packages/airflow/example_dags/example_trigger_target_dag.py for tasks to queue
[2021-06-15 03:39:44,315] {logging_mixin.py:104} INFO - [2021-06-15 03:39:44,314] {dagbag.py:487} INFO - Filling up the DagBag from /home/airflow/.local/lib/python3.6/site-packages/airflow/example_dags/example_trigger_target_dag.py
[2021-06-15 03:39:44,381] {scheduler_job.py:643} INFO - DAG(s) dict_keys(['example_trigger_target_dag']) retrieved from /home/airflow/.local/lib/python3.6/site-packages/airflow/example_dags/example_trigger_target_dag.py
[2021-06-15 03:39:44,530] {logging_mixin.py:104} INFO - [2021-06-15 03:39:44,530] {dag.py:1832} INFO - Sync 1 DAGs
[2021-06-15 03:39:44,654] {logging_mixin.py:104} INFO - [2021-06-15 03:39:44,653] {dag.py:2305} INFO - Setting next_dagrun for example_trigger_target_dag to None
[2021-06-15 03:39:44,705] {scheduler_job.py:190} INFO - Processing /home/airflow/.local/lib/python3.6/site-packages/airflow/example_dags/example_trigger_target_dag.py took 0.419 seconds
[2021-06-15 03:40:15,706] {scheduler_job.py:182} INFO - Started process (PID=1899) to work on /home/airflow/.local/lib/python3.6/site-packages/airflow/example_dags/example_trigger_target_dag.py
[2021-06-15 03:40:15,713] {scheduler_job.py:633} INFO - Processing file /home/airflow/.local/lib/python3.6/site-packages/airflow/example_dags/example_trigger_target_dag.py for tasks to queue
[2021-06-15 03:40:15,719] {logging_mixin.py:104} INFO - [2021-06-15 03:40:15,718] {dagbag.py:487} INFO - Filling up the DagBag from /home/airflow/.local/lib/python3.6/site-packages/airflow/example_dags/example_trigger_target_dag.py
[2021-06-15 03:40:15,784] {scheduler_job.py:643} INFO - DAG(s) dict_keys(['example_trigger_target_dag']) retrieved from /home/airflow/.local/lib/python3.6/site-packages/airflow/example_dags/example_trigger_target_dag.py
[2021-06-15 03:40:15,887] {logging_mixin.py:104} INFO - [2021-06-15 03:40:15,886] {dag.py:1832} INFO - Sync 1 DAGs
[2021-06-15 03:40:15,961] {logging_mixin.py:104} INFO - [2021-06-15 03:40:15,960] {dag.py:2305} INFO - Setting next_dagrun for example_trigger_target_dag to None
[2021-06-15 03:40:16,016] {scheduler_job.py:190} INFO - Processing /home/airflow/.local/lib/python3.6/site-packages/airflow/example_dags/example_trigger_target_dag.py took 0.326 seconds
[2021-06-15 03:40:46,413] {scheduler_job.py:182} INFO - Started process (PID=1960) to work on /home/airflow/.local/lib/python3.6/site-packages/airflow/example_dags/example_trigger_target_dag.py
[2021-06-15 03:40:46,423] {scheduler_job.py:633} INFO - Processing file /home/airflow/.local/lib/python3.6/site-packages/airflow/example_dags/example_trigger_target_dag.py for tasks to queue
[2021-06-15 03:40:46,431] {logging_mixin.py:104} INFO - [2021-06-15 03:40:46,430] {dagbag.py:487} INFO - Filling up the DagBag from /home/airflow/.local/lib/python3.6/site-packages/airflow/example_dags/example_trigger_target_dag.py
[2021-06-15 03:40:46,523] {scheduler_job.py:643} INFO - DAG(s) dict_keys(['example_trigger_target_dag']) retrieved from /home/airflow/.local/lib/python3.6/site-packages/airflow/example_dags/example_trigger_target_dag.py
[2021-06-15 03:40:46,658] {logging_mixin.py:104} INFO - [2021-06-15 03:40:46,658] {dag.py:1832} INFO - Sync 1 DAGs
[2021-06-15 03:40:46,774] {logging_mixin.py:104} INFO - [2021-06-15 03:40:46,773] {dag.py:2305} INFO - Setting next_dagrun for example_trigger_target_dag to None
[2021-06-15 03:40:46,839] {scheduler_job.py:190} INFO - Processing /home/airflow/.local/lib/python3.6/site-packages/airflow/example_dags/example_trigger_target_dag.py took 0.447 seconds
[2021-06-15 03:41:17,614] {scheduler_job.py:182} INFO - Started process (PID=2017) to work on /home/airflow/.local/lib/python3.6/site-packages/airflow/example_dags/example_trigger_target_dag.py
[2021-06-15 03:41:17,620] {scheduler_job.py:633} INFO - Processing file /home/airflow/.local/lib/python3.6/site-packages/airflow/example_dags/example_trigger_target_dag.py for tasks to queue
[2021-06-15 03:41:17,628] {logging_mixin.py:104} INFO - [2021-06-15 03:41:17,627] {dagbag.py:487} INFO - Filling up the DagBag from /home/airflow/.local/lib/python3.6/site-packages/airflow/example_dags/example_trigger_target_dag.py
[2021-06-15 03:41:17,731] {scheduler_job.py:643} INFO - DAG(s) dict_keys(['example_trigger_target_dag']) retrieved from /home/airflow/.local/lib/python3.6/site-packages/airflow/example_dags/example_trigger_target_dag.py
[2021-06-15 03:41:17,861] {logging_mixin.py:104} INFO - [2021-06-15 03:41:17,860] {dag.py:1832} INFO - Sync 1 DAGs
[2021-06-15 03:41:17,952] {logging_mixin.py:104} INFO - [2021-06-15 03:41:17,951] {dag.py:2305} INFO - Setting next_dagrun for example_trigger_target_dag to None
[2021-06-15 03:41:18,006] {scheduler_job.py:190} INFO - Processing /home/airflow/.local/lib/python3.6/site-packages/airflow/example_dags/example_trigger_target_dag.py took 0.411 seconds
[2021-06-15 03:41:49,387] {scheduler_job.py:182} INFO - Started process (PID=2085) to work on /home/airflow/.local/lib/python3.6/site-packages/airflow/example_dags/example_trigger_target_dag.py
[2021-06-15 03:41:49,398] {scheduler_job.py:633} INFO - Processing file /home/airflow/.local/lib/python3.6/site-packages/airflow/example_dags/example_trigger_target_dag.py for tasks to queue
[2021-06-15 03:41:49,405] {logging_mixin.py:104} INFO - [2021-06-15 03:41:49,405] {dagbag.py:487} INFO - Filling up the DagBag from /home/airflow/.local/lib/python3.6/site-packages/airflow/example_dags/example_trigger_target_dag.py
[2021-06-15 03:41:49,488] {scheduler_job.py:643} INFO - DAG(s) dict_keys(['example_trigger_target_dag']) retrieved from /home/airflow/.local/lib/python3.6/site-packages/airflow/example_dags/example_trigger_target_dag.py
[2021-06-15 03:41:49,618] {logging_mixin.py:104} INFO - [2021-06-15 03:41:49,617] {dag.py:1832} INFO - Sync 1 DAGs
[2021-06-15 03:41:49,699] {logging_mixin.py:104} INFO - [2021-06-15 03:41:49,699] {dag.py:2305} INFO - Setting next_dagrun for example_trigger_target_dag to None
[2021-06-15 03:41:49,750] {scheduler_job.py:190} INFO - Processing /home/airflow/.local/lib/python3.6/site-packages/airflow/example_dags/example_trigger_target_dag.py took 0.380 seconds
[2021-06-15 03:42:20,194] {scheduler_job.py:182} INFO - Started process (PID=2145) to work on /home/airflow/.local/lib/python3.6/site-packages/airflow/example_dags/example_trigger_target_dag.py
[2021-06-15 03:42:20,206] {scheduler_job.py:633} INFO - Processing file /home/airflow/.local/lib/python3.6/site-packages/airflow/example_dags/example_trigger_target_dag.py for tasks to queue
[2021-06-15 03:42:20,213] {logging_mixin.py:104} INFO - [2021-06-15 03:42:20,213] {dagbag.py:487} INFO - Filling up the DagBag from /home/airflow/.local/lib/python3.6/site-packages/airflow/example_dags/example_trigger_target_dag.py
[2021-06-15 03:42:20,303] {scheduler_job.py:643} INFO - DAG(s) dict_keys(['example_trigger_target_dag']) retrieved from /home/airflow/.local/lib/python3.6/site-packages/airflow/example_dags/example_trigger_target_dag.py
[2021-06-15 03:42:20,429] {logging_mixin.py:104} INFO - [2021-06-15 03:42:20,428] {dag.py:1832} INFO - Sync 1 DAGs
[2021-06-15 03:42:20,534] {logging_mixin.py:104} INFO - [2021-06-15 03:42:20,533] {dag.py:2305} INFO - Setting next_dagrun for example_trigger_target_dag to None
[2021-06-15 03:42:20,591] {scheduler_job.py:190} INFO - Processing /home/airflow/.local/lib/python3.6/site-packages/airflow/example_dags/example_trigger_target_dag.py took 0.419 seconds
[2021-06-15 03:42:50,750] {scheduler_job.py:182} INFO - Started process (PID=2200) to work on /home/airflow/.local/lib/python3.6/site-packages/airflow/example_dags/example_trigger_target_dag.py
[2021-06-15 03:42:50,764] {scheduler_job.py:633} INFO - Processing file /home/airflow/.local/lib/python3.6/site-packages/airflow/example_dags/example_trigger_target_dag.py for tasks to queue
[2021-06-15 03:42:50,772] {logging_mixin.py:104} INFO - [2021-06-15 03:42:50,771] {dagbag.py:487} INFO - Filling up the DagBag from /home/airflow/.local/lib/python3.6/site-packages/airflow/example_dags/example_trigger_target_dag.py
[2021-06-15 03:42:50,903] {scheduler_job.py:643} INFO - DAG(s) dict_keys(['example_trigger_target_dag']) retrieved from /home/airflow/.local/lib/python3.6/site-packages/airflow/example_dags/example_trigger_target_dag.py
[2021-06-15 03:42:51,081] {logging_mixin.py:104} INFO - [2021-06-15 03:42:51,081] {dag.py:1832} INFO - Sync 1 DAGs
[2021-06-15 03:42:51,192] {logging_mixin.py:104} INFO - [2021-06-15 03:42:51,191] {dag.py:2305} INFO - Setting next_dagrun for example_trigger_target_dag to None
[2021-06-15 03:42:51,255] {scheduler_job.py:190} INFO - Processing /home/airflow/.local/lib/python3.6/site-packages/airflow/example_dags/example_trigger_target_dag.py took 0.530 seconds
[2021-06-15 03:43:22,083] {scheduler_job.py:182} INFO - Started process (PID=2268) to work on /home/airflow/.local/lib/python3.6/site-packages/airflow/example_dags/example_trigger_target_dag.py
[2021-06-15 03:43:22,091] {scheduler_job.py:633} INFO - Processing file /home/airflow/.local/lib/python3.6/site-packages/airflow/example_dags/example_trigger_target_dag.py for tasks to queue
[2021-06-15 03:43:22,097] {logging_mixin.py:104} INFO - [2021-06-15 03:43:22,097] {dagbag.py:487} INFO - Filling up the DagBag from /home/airflow/.local/lib/python3.6/site-packages/airflow/example_dags/example_trigger_target_dag.py
[2021-06-15 03:43:22,161] {scheduler_job.py:643} INFO - DAG(s) dict_keys(['example_trigger_target_dag']) retrieved from /home/airflow/.local/lib/python3.6/site-packages/airflow/example_dags/example_trigger_target_dag.py
[2021-06-15 03:43:22,281] {logging_mixin.py:104} INFO - [2021-06-15 03:43:22,281] {dag.py:1832} INFO - Sync 1 DAGs
[2021-06-15 03:43:22,361] {logging_mixin.py:104} INFO - [2021-06-15 03:43:22,360] {dag.py:2305} INFO - Setting next_dagrun for example_trigger_target_dag to None
[2021-06-15 03:43:22,410] {scheduler_job.py:190} INFO - Processing /home/airflow/.local/lib/python3.6/site-packages/airflow/example_dags/example_trigger_target_dag.py took 0.344 seconds
[2021-06-15 03:43:52,810] {scheduler_job.py:182} INFO - Started process (PID=2335) to work on /home/airflow/.local/lib/python3.6/site-packages/airflow/example_dags/example_trigger_target_dag.py
[2021-06-15 03:43:52,817] {scheduler_job.py:633} INFO - Processing file /home/airflow/.local/lib/python3.6/site-packages/airflow/example_dags/example_trigger_target_dag.py for tasks to queue
[2021-06-15 03:43:52,823] {logging_mixin.py:104} INFO - [2021-06-15 03:43:52,822] {dagbag.py:487} INFO - Filling up the DagBag from /home/airflow/.local/lib/python3.6/site-packages/airflow/example_dags/example_trigger_target_dag.py
[2021-06-15 03:43:52,931] {scheduler_job.py:643} INFO - DAG(s) dict_keys(['example_trigger_target_dag']) retrieved from /home/airflow/.local/lib/python3.6/site-packages/airflow/example_dags/example_trigger_target_dag.py
[2021-06-15 03:43:53,064] {logging_mixin.py:104} INFO - [2021-06-15 03:43:53,063] {dag.py:1832} INFO - Sync 1 DAGs
[2021-06-15 03:43:53,205] {logging_mixin.py:104} INFO - [2021-06-15 03:43:53,205] {dag.py:2305} INFO - Setting next_dagrun for example_trigger_target_dag to None
[2021-06-15 03:43:53,294] {scheduler_job.py:190} INFO - Processing /home/airflow/.local/lib/python3.6/site-packages/airflow/example_dags/example_trigger_target_dag.py took 0.501 seconds
[2021-06-15 03:44:24,380] {scheduler_job.py:182} INFO - Started process (PID=2396) to work on /home/airflow/.local/lib/python3.6/site-packages/airflow/example_dags/example_trigger_target_dag.py
[2021-06-15 03:44:24,392] {scheduler_job.py:633} INFO - Processing file /home/airflow/.local/lib/python3.6/site-packages/airflow/example_dags/example_trigger_target_dag.py for tasks to queue
[2021-06-15 03:44:24,400] {logging_mixin.py:104} INFO - [2021-06-15 03:44:24,399] {dagbag.py:487} INFO - Filling up the DagBag from /home/airflow/.local/lib/python3.6/site-packages/airflow/example_dags/example_trigger_target_dag.py
[2021-06-15 03:44:24,493] {scheduler_job.py:643} INFO - DAG(s) dict_keys(['example_trigger_target_dag']) retrieved from /home/airflow/.local/lib/python3.6/site-packages/airflow/example_dags/example_trigger_target_dag.py
[2021-06-15 03:44:24,644] {logging_mixin.py:104} INFO - [2021-06-15 03:44:24,643] {dag.py:1832} INFO - Sync 1 DAGs
[2021-06-15 03:44:24,752] {logging_mixin.py:104} INFO - [2021-06-15 03:44:24,751] {dag.py:2305} INFO - Setting next_dagrun for example_trigger_target_dag to None
[2021-06-15 03:44:24,811] {scheduler_job.py:190} INFO - Processing /home/airflow/.local/lib/python3.6/site-packages/airflow/example_dags/example_trigger_target_dag.py took 0.451 seconds
[2021-06-15 03:44:55,715] {scheduler_job.py:182} INFO - Started process (PID=2453) to work on /home/airflow/.local/lib/python3.6/site-packages/airflow/example_dags/example_trigger_target_dag.py
[2021-06-15 03:44:55,723] {scheduler_job.py:633} INFO - Processing file /home/airflow/.local/lib/python3.6/site-packages/airflow/example_dags/example_trigger_target_dag.py for tasks to queue
[2021-06-15 03:44:55,728] {logging_mixin.py:104} INFO - [2021-06-15 03:44:55,727] {dagbag.py:487} INFO - Filling up the DagBag from /home/airflow/.local/lib/python3.6/site-packages/airflow/example_dags/example_trigger_target_dag.py
[2021-06-15 03:44:55,799] {scheduler_job.py:643} INFO - DAG(s) dict_keys(['example_trigger_target_dag']) retrieved from /home/airflow/.local/lib/python3.6/site-packages/airflow/example_dags/example_trigger_target_dag.py
[2021-06-15 03:44:55,956] {logging_mixin.py:104} INFO - [2021-06-15 03:44:55,955] {dag.py:1832} INFO - Sync 1 DAGs
[2021-06-15 03:44:56,048] {logging_mixin.py:104} INFO - [2021-06-15 03:44:56,048] {dag.py:2305} INFO - Setting next_dagrun for example_trigger_target_dag to None
[2021-06-15 03:44:56,106] {scheduler_job.py:190} INFO - Processing /home/airflow/.local/lib/python3.6/site-packages/airflow/example_dags/example_trigger_target_dag.py took 0.406 seconds
[2021-06-15 03:45:26,474] {scheduler_job.py:182} INFO - Started process (PID=2519) to work on /home/airflow/.local/lib/python3.6/site-packages/airflow/example_dags/example_trigger_target_dag.py
[2021-06-15 03:45:26,483] {scheduler_job.py:633} INFO - Processing file /home/airflow/.local/lib/python3.6/site-packages/airflow/example_dags/example_trigger_target_dag.py for tasks to queue
[2021-06-15 03:45:26,489] {logging_mixin.py:104} INFO - [2021-06-15 03:45:26,488] {dagbag.py:487} INFO - Filling up the DagBag from /home/airflow/.local/lib/python3.6/site-packages/airflow/example_dags/example_trigger_target_dag.py
[2021-06-15 03:45:26,619] {scheduler_job.py:643} INFO - DAG(s) dict_keys(['example_trigger_target_dag']) retrieved from /home/airflow/.local/lib/python3.6/site-packages/airflow/example_dags/example_trigger_target_dag.py
[2021-06-15 03:45:26,816] {logging_mixin.py:104} INFO - [2021-06-15 03:45:26,815] {dag.py:1832} INFO - Sync 1 DAGs
[2021-06-15 03:45:26,964] {logging_mixin.py:104} INFO - [2021-06-15 03:45:26,963] {dag.py:2305} INFO - Setting next_dagrun for example_trigger_target_dag to None
[2021-06-15 03:45:27,044] {scheduler_job.py:190} INFO - Processing /home/airflow/.local/lib/python3.6/site-packages/airflow/example_dags/example_trigger_target_dag.py took 0.588 seconds
[2021-06-15 03:45:57,251] {scheduler_job.py:182} INFO - Started process (PID=2579) to work on /home/airflow/.local/lib/python3.6/site-packages/airflow/example_dags/example_trigger_target_dag.py
[2021-06-15 03:45:57,267] {scheduler_job.py:633} INFO - Processing file /home/airflow/.local/lib/python3.6/site-packages/airflow/example_dags/example_trigger_target_dag.py for tasks to queue
[2021-06-15 03:45:57,275] {logging_mixin.py:104} INFO - [2021-06-15 03:45:57,274] {dagbag.py:487} INFO - Filling up the DagBag from /home/airflow/.local/lib/python3.6/site-packages/airflow/example_dags/example_trigger_target_dag.py
[2021-06-15 03:45:57,406] {scheduler_job.py:643} INFO - DAG(s) dict_keys(['example_trigger_target_dag']) retrieved from /home/airflow/.local/lib/python3.6/site-packages/airflow/example_dags/example_trigger_target_dag.py
[2021-06-15 03:45:57,573] {logging_mixin.py:104} INFO - [2021-06-15 03:45:57,573] {dag.py:1832} INFO - Sync 1 DAGs
[2021-06-15 03:45:57,654] {logging_mixin.py:104} INFO - [2021-06-15 03:45:57,654] {dag.py:2305} INFO - Setting next_dagrun for example_trigger_target_dag to None
[2021-06-15 03:45:57,719] {scheduler_job.py:190} INFO - Processing /home/airflow/.local/lib/python3.6/site-packages/airflow/example_dags/example_trigger_target_dag.py took 0.496 seconds
[2021-06-15 03:46:27,928] {scheduler_job.py:182} INFO - Started process (PID=2636) to work on /home/airflow/.local/lib/python3.6/site-packages/airflow/example_dags/example_trigger_target_dag.py
[2021-06-15 03:46:27,936] {scheduler_job.py:633} INFO - Processing file /home/airflow/.local/lib/python3.6/site-packages/airflow/example_dags/example_trigger_target_dag.py for tasks to queue
[2021-06-15 03:46:27,941] {logging_mixin.py:104} INFO - [2021-06-15 03:46:27,940] {dagbag.py:487} INFO - Filling up the DagBag from /home/airflow/.local/lib/python3.6/site-packages/airflow/example_dags/example_trigger_target_dag.py
[2021-06-15 03:46:27,999] {scheduler_job.py:643} INFO - DAG(s) dict_keys(['example_trigger_target_dag']) retrieved from /home/airflow/.local/lib/python3.6/site-packages/airflow/example_dags/example_trigger_target_dag.py
[2021-06-15 03:46:28,095] {logging_mixin.py:104} INFO - [2021-06-15 03:46:28,094] {dag.py:1832} INFO - Sync 1 DAGs
[2021-06-15 03:46:28,162] {logging_mixin.py:104} INFO - [2021-06-15 03:46:28,161] {dag.py:2305} INFO - Setting next_dagrun for example_trigger_target_dag to None
[2021-06-15 03:46:28,204] {scheduler_job.py:190} INFO - Processing /home/airflow/.local/lib/python3.6/site-packages/airflow/example_dags/example_trigger_target_dag.py took 0.290 seconds
[2021-06-15 03:46:58,383] {scheduler_job.py:182} INFO - Started process (PID=2703) to work on /home/airflow/.local/lib/python3.6/site-packages/airflow/example_dags/example_trigger_target_dag.py
[2021-06-15 03:46:58,390] {scheduler_job.py:633} INFO - Processing file /home/airflow/.local/lib/python3.6/site-packages/airflow/example_dags/example_trigger_target_dag.py for tasks to queue
[2021-06-15 03:46:58,395] {logging_mixin.py:104} INFO - [2021-06-15 03:46:58,395] {dagbag.py:487} INFO - Filling up the DagBag from /home/airflow/.local/lib/python3.6/site-packages/airflow/example_dags/example_trigger_target_dag.py
[2021-06-15 03:46:58,460] {scheduler_job.py:643} INFO - DAG(s) dict_keys(['example_trigger_target_dag']) retrieved from /home/airflow/.local/lib/python3.6/site-packages/airflow/example_dags/example_trigger_target_dag.py
[2021-06-15 03:46:58,553] {logging_mixin.py:104} INFO - [2021-06-15 03:46:58,553] {dag.py:1832} INFO - Sync 1 DAGs
[2021-06-15 03:46:58,614] {logging_mixin.py:104} INFO - [2021-06-15 03:46:58,614] {dag.py:2305} INFO - Setting next_dagrun for example_trigger_target_dag to None
[2021-06-15 03:46:58,658] {scheduler_job.py:190} INFO - Processing /home/airflow/.local/lib/python3.6/site-packages/airflow/example_dags/example_trigger_target_dag.py took 0.295 seconds
[2021-06-15 03:47:28,808] {scheduler_job.py:182} INFO - Started process (PID=2771) to work on /home/airflow/.local/lib/python3.6/site-packages/airflow/example_dags/example_trigger_target_dag.py
[2021-06-15 03:47:28,819] {scheduler_job.py:633} INFO - Processing file /home/airflow/.local/lib/python3.6/site-packages/airflow/example_dags/example_trigger_target_dag.py for tasks to queue
[2021-06-15 03:47:28,824] {logging_mixin.py:104} INFO - [2021-06-15 03:47:28,823] {dagbag.py:487} INFO - Filling up the DagBag from /home/airflow/.local/lib/python3.6/site-packages/airflow/example_dags/example_trigger_target_dag.py
[2021-06-15 03:47:28,881] {scheduler_job.py:643} INFO - DAG(s) dict_keys(['example_trigger_target_dag']) retrieved from /home/airflow/.local/lib/python3.6/site-packages/airflow/example_dags/example_trigger_target_dag.py
[2021-06-15 03:47:28,972] {logging_mixin.py:104} INFO - [2021-06-15 03:47:28,972] {dag.py:1832} INFO - Sync 1 DAGs
[2021-06-15 03:47:29,036] {logging_mixin.py:104} INFO - [2021-06-15 03:47:29,035] {dag.py:2305} INFO - Setting next_dagrun for example_trigger_target_dag to None
[2021-06-15 03:47:29,073] {scheduler_job.py:190} INFO - Processing /home/airflow/.local/lib/python3.6/site-packages/airflow/example_dags/example_trigger_target_dag.py took 0.279 seconds
[2021-06-15 03:47:59,600] {scheduler_job.py:182} INFO - Started process (PID=2839) to work on /home/airflow/.local/lib/python3.6/site-packages/airflow/example_dags/example_trigger_target_dag.py
[2021-06-15 03:47:59,607] {scheduler_job.py:633} INFO - Processing file /home/airflow/.local/lib/python3.6/site-packages/airflow/example_dags/example_trigger_target_dag.py for tasks to queue
[2021-06-15 03:47:59,613] {logging_mixin.py:104} INFO - [2021-06-15 03:47:59,612] {dagbag.py:487} INFO - Filling up the DagBag from /home/airflow/.local/lib/python3.6/site-packages/airflow/example_dags/example_trigger_target_dag.py
[2021-06-15 03:47:59,682] {scheduler_job.py:643} INFO - DAG(s) dict_keys(['example_trigger_target_dag']) retrieved from /home/airflow/.local/lib/python3.6/site-packages/airflow/example_dags/example_trigger_target_dag.py
[2021-06-15 03:47:59,777] {logging_mixin.py:104} INFO - [2021-06-15 03:47:59,776] {dag.py:1832} INFO - Sync 1 DAGs
[2021-06-15 03:47:59,846] {logging_mixin.py:104} INFO - [2021-06-15 03:47:59,845] {dag.py:2305} INFO - Setting next_dagrun for example_trigger_target_dag to None
[2021-06-15 03:47:59,889] {scheduler_job.py:190} INFO - Processing /home/airflow/.local/lib/python3.6/site-packages/airflow/example_dags/example_trigger_target_dag.py took 0.306 seconds
[2021-06-15 03:48:30,108] {scheduler_job.py:182} INFO - Started process (PID=2899) to work on /home/airflow/.local/lib/python3.6/site-packages/airflow/example_dags/example_trigger_target_dag.py
[2021-06-15 03:48:30,120] {scheduler_job.py:633} INFO - Processing file /home/airflow/.local/lib/python3.6/site-packages/airflow/example_dags/example_trigger_target_dag.py for tasks to queue
[2021-06-15 03:48:30,128] {logging_mixin.py:104} INFO - [2021-06-15 03:48:30,127] {dagbag.py:487} INFO - Filling up the DagBag from /home/airflow/.local/lib/python3.6/site-packages/airflow/example_dags/example_trigger_target_dag.py
[2021-06-15 03:48:30,243] {scheduler_job.py:643} INFO - DAG(s) dict_keys(['example_trigger_target_dag']) retrieved from /home/airflow/.local/lib/python3.6/site-packages/airflow/example_dags/example_trigger_target_dag.py
[2021-06-15 03:48:30,374] {logging_mixin.py:104} INFO - [2021-06-15 03:48:30,374] {dag.py:1832} INFO - Sync 1 DAGs
[2021-06-15 03:48:30,458] {logging_mixin.py:104} INFO - [2021-06-15 03:48:30,457] {dag.py:2305} INFO - Setting next_dagrun for example_trigger_target_dag to None
[2021-06-15 03:48:30,500] {scheduler_job.py:190} INFO - Processing /home/airflow/.local/lib/python3.6/site-packages/airflow/example_dags/example_trigger_target_dag.py took 0.416 seconds
[2021-06-15 03:49:00,656] {scheduler_job.py:182} INFO - Started process (PID=2956) to work on /home/airflow/.local/lib/python3.6/site-packages/airflow/example_dags/example_trigger_target_dag.py
[2021-06-15 03:49:00,663] {scheduler_job.py:633} INFO - Processing file /home/airflow/.local/lib/python3.6/site-packages/airflow/example_dags/example_trigger_target_dag.py for tasks to queue
[2021-06-15 03:49:00,667] {logging_mixin.py:104} INFO - [2021-06-15 03:49:00,667] {dagbag.py:487} INFO - Filling up the DagBag from /home/airflow/.local/lib/python3.6/site-packages/airflow/example_dags/example_trigger_target_dag.py
[2021-06-15 03:49:00,728] {scheduler_job.py:643} INFO - DAG(s) dict_keys(['example_trigger_target_dag']) retrieved from /home/airflow/.local/lib/python3.6/site-packages/airflow/example_dags/example_trigger_target_dag.py
[2021-06-15 03:49:00,849] {logging_mixin.py:104} INFO - [2021-06-15 03:49:00,848] {dag.py:1832} INFO - Sync 1 DAGs
[2021-06-15 03:49:00,913] {logging_mixin.py:104} INFO - [2021-06-15 03:49:00,913] {dag.py:2305} INFO - Setting next_dagrun for example_trigger_target_dag to None
[2021-06-15 03:49:00,954] {scheduler_job.py:190} INFO - Processing /home/airflow/.local/lib/python3.6/site-packages/airflow/example_dags/example_trigger_target_dag.py took 0.321 seconds
