[2021-06-15 03:25:18,321] {scheduler_job.py:182} INFO - Started process (PID=65) to work on /home/airflow/.local/lib/python3.6/site-packages/airflow/example_dags/tutorial.py
[2021-06-15 03:25:18,330] {scheduler_job.py:633} INFO - Processing file /home/airflow/.local/lib/python3.6/site-packages/airflow/example_dags/tutorial.py for tasks to queue
[2021-06-15 03:25:18,338] {logging_mixin.py:104} INFO - [2021-06-15 03:25:18,337] {dagbag.py:487} INFO - Filling up the DagBag from /home/airflow/.local/lib/python3.6/site-packages/airflow/example_dags/tutorial.py
[2021-06-15 03:25:18,456] {scheduler_job.py:643} INFO - DAG(s) dict_keys(['tutorial']) retrieved from /home/airflow/.local/lib/python3.6/site-packages/airflow/example_dags/tutorial.py
[2021-06-15 03:25:20,006] {logging_mixin.py:104} INFO - [2021-06-15 03:25:20,005] {dag.py:1832} INFO - Sync 1 DAGs
[2021-06-15 03:25:20,124] {logging_mixin.py:104} INFO - [2021-06-15 03:25:20,123] {dag.py:2305} INFO - Setting next_dagrun for tutorial to 2021-06-13 00:00:00+00:00
[2021-06-15 03:25:20,200] {scheduler_job.py:190} INFO - Processing /home/airflow/.local/lib/python3.6/site-packages/airflow/example_dags/tutorial.py took 1.907 seconds
[2021-06-15 03:25:50,782] {scheduler_job.py:182} INFO - Started process (PID=134) to work on /home/airflow/.local/lib/python3.6/site-packages/airflow/example_dags/tutorial.py
[2021-06-15 03:25:50,796] {scheduler_job.py:633} INFO - Processing file /home/airflow/.local/lib/python3.6/site-packages/airflow/example_dags/tutorial.py for tasks to queue
[2021-06-15 03:25:50,818] {logging_mixin.py:104} INFO - [2021-06-15 03:25:50,804] {dagbag.py:487} INFO - Filling up the DagBag from /home/airflow/.local/lib/python3.6/site-packages/airflow/example_dags/tutorial.py
[2021-06-15 03:25:50,885] {scheduler_job.py:643} INFO - DAG(s) dict_keys(['tutorial']) retrieved from /home/airflow/.local/lib/python3.6/site-packages/airflow/example_dags/tutorial.py
[2021-06-15 03:25:51,006] {logging_mixin.py:104} INFO - [2021-06-15 03:25:51,005] {dag.py:1832} INFO - Sync 1 DAGs
[2021-06-15 03:25:51,092] {logging_mixin.py:104} INFO - [2021-06-15 03:25:51,091] {dag.py:2305} INFO - Setting next_dagrun for tutorial to 2021-06-13 00:00:00+00:00
[2021-06-15 03:25:51,135] {scheduler_job.py:190} INFO - Processing /home/airflow/.local/lib/python3.6/site-packages/airflow/example_dags/tutorial.py took 0.376 seconds
[2021-06-15 03:26:21,600] {scheduler_job.py:182} INFO - Started process (PID=184) to work on /home/airflow/.local/lib/python3.6/site-packages/airflow/example_dags/tutorial.py
[2021-06-15 03:26:21,614] {scheduler_job.py:633} INFO - Processing file /home/airflow/.local/lib/python3.6/site-packages/airflow/example_dags/tutorial.py for tasks to queue
[2021-06-15 03:26:21,627] {logging_mixin.py:104} INFO - [2021-06-15 03:26:21,624] {dagbag.py:487} INFO - Filling up the DagBag from /home/airflow/.local/lib/python3.6/site-packages/airflow/example_dags/tutorial.py
[2021-06-15 03:26:21,735] {scheduler_job.py:643} INFO - DAG(s) dict_keys(['tutorial']) retrieved from /home/airflow/.local/lib/python3.6/site-packages/airflow/example_dags/tutorial.py
[2021-06-15 03:26:22,024] {logging_mixin.py:104} INFO - [2021-06-15 03:26:22,022] {dag.py:1832} INFO - Sync 1 DAGs
[2021-06-15 03:26:22,334] {logging_mixin.py:104} INFO - [2021-06-15 03:26:22,334] {dag.py:2305} INFO - Setting next_dagrun for tutorial to 2021-06-13 00:00:00+00:00
[2021-06-15 03:26:22,436] {scheduler_job.py:190} INFO - Processing /home/airflow/.local/lib/python3.6/site-packages/airflow/example_dags/tutorial.py took 0.864 seconds
[2021-06-15 03:26:53,143] {scheduler_job.py:182} INFO - Started process (PID=252) to work on /home/airflow/.local/lib/python3.6/site-packages/airflow/example_dags/tutorial.py
[2021-06-15 03:26:53,154] {scheduler_job.py:633} INFO - Processing file /home/airflow/.local/lib/python3.6/site-packages/airflow/example_dags/tutorial.py for tasks to queue
[2021-06-15 03:26:53,159] {logging_mixin.py:104} INFO - [2021-06-15 03:26:53,159] {dagbag.py:487} INFO - Filling up the DagBag from /home/airflow/.local/lib/python3.6/site-packages/airflow/example_dags/tutorial.py
[2021-06-15 03:26:53,239] {scheduler_job.py:643} INFO - DAG(s) dict_keys(['tutorial']) retrieved from /home/airflow/.local/lib/python3.6/site-packages/airflow/example_dags/tutorial.py
[2021-06-15 03:26:53,347] {logging_mixin.py:104} INFO - [2021-06-15 03:26:53,347] {dag.py:1832} INFO - Sync 1 DAGs
[2021-06-15 03:26:53,417] {logging_mixin.py:104} INFO - [2021-06-15 03:26:53,417] {dag.py:2305} INFO - Setting next_dagrun for tutorial to 2021-06-13 00:00:00+00:00
[2021-06-15 03:26:53,459] {scheduler_job.py:190} INFO - Processing /home/airflow/.local/lib/python3.6/site-packages/airflow/example_dags/tutorial.py took 0.339 seconds
[2021-06-15 03:27:24,021] {scheduler_job.py:182} INFO - Started process (PID=319) to work on /home/airflow/.local/lib/python3.6/site-packages/airflow/example_dags/tutorial.py
[2021-06-15 03:27:24,029] {scheduler_job.py:633} INFO - Processing file /home/airflow/.local/lib/python3.6/site-packages/airflow/example_dags/tutorial.py for tasks to queue
[2021-06-15 03:27:24,035] {logging_mixin.py:104} INFO - [2021-06-15 03:27:24,035] {dagbag.py:487} INFO - Filling up the DagBag from /home/airflow/.local/lib/python3.6/site-packages/airflow/example_dags/tutorial.py
[2021-06-15 03:27:24,091] {scheduler_job.py:643} INFO - DAG(s) dict_keys(['tutorial']) retrieved from /home/airflow/.local/lib/python3.6/site-packages/airflow/example_dags/tutorial.py
[2021-06-15 03:27:24,197] {logging_mixin.py:104} INFO - [2021-06-15 03:27:24,197] {dag.py:1832} INFO - Sync 1 DAGs
[2021-06-15 03:27:24,267] {logging_mixin.py:104} INFO - [2021-06-15 03:27:24,266] {dag.py:2305} INFO - Setting next_dagrun for tutorial to 2021-06-13 00:00:00+00:00
[2021-06-15 03:27:24,309] {scheduler_job.py:190} INFO - Processing /home/airflow/.local/lib/python3.6/site-packages/airflow/example_dags/tutorial.py took 0.303 seconds
[2021-06-15 03:27:54,504] {scheduler_job.py:182} INFO - Started process (PID=380) to work on /home/airflow/.local/lib/python3.6/site-packages/airflow/example_dags/tutorial.py
[2021-06-15 03:27:54,513] {scheduler_job.py:633} INFO - Processing file /home/airflow/.local/lib/python3.6/site-packages/airflow/example_dags/tutorial.py for tasks to queue
[2021-06-15 03:27:54,523] {logging_mixin.py:104} INFO - [2021-06-15 03:27:54,521] {dagbag.py:487} INFO - Filling up the DagBag from /home/airflow/.local/lib/python3.6/site-packages/airflow/example_dags/tutorial.py
[2021-06-15 03:27:54,603] {scheduler_job.py:643} INFO - DAG(s) dict_keys(['tutorial']) retrieved from /home/airflow/.local/lib/python3.6/site-packages/airflow/example_dags/tutorial.py
[2021-06-15 03:27:54,711] {logging_mixin.py:104} INFO - [2021-06-15 03:27:54,710] {dag.py:1832} INFO - Sync 1 DAGs
[2021-06-15 03:27:54,786] {logging_mixin.py:104} INFO - [2021-06-15 03:27:54,785] {dag.py:2305} INFO - Setting next_dagrun for tutorial to 2021-06-13 00:00:00+00:00
[2021-06-15 03:27:54,845] {scheduler_job.py:190} INFO - Processing /home/airflow/.local/lib/python3.6/site-packages/airflow/example_dags/tutorial.py took 0.357 seconds
[2021-06-15 03:28:25,369] {scheduler_job.py:182} INFO - Started process (PID=436) to work on /home/airflow/.local/lib/python3.6/site-packages/airflow/example_dags/tutorial.py
[2021-06-15 03:28:25,379] {scheduler_job.py:633} INFO - Processing file /home/airflow/.local/lib/python3.6/site-packages/airflow/example_dags/tutorial.py for tasks to queue
[2021-06-15 03:28:25,386] {logging_mixin.py:104} INFO - [2021-06-15 03:28:25,385] {dagbag.py:487} INFO - Filling up the DagBag from /home/airflow/.local/lib/python3.6/site-packages/airflow/example_dags/tutorial.py
[2021-06-15 03:28:25,492] {scheduler_job.py:643} INFO - DAG(s) dict_keys(['tutorial']) retrieved from /home/airflow/.local/lib/python3.6/site-packages/airflow/example_dags/tutorial.py
[2021-06-15 03:28:25,682] {logging_mixin.py:104} INFO - [2021-06-15 03:28:25,681] {dag.py:1832} INFO - Sync 1 DAGs
[2021-06-15 03:28:25,809] {logging_mixin.py:104} INFO - [2021-06-15 03:28:25,809] {dag.py:2305} INFO - Setting next_dagrun for tutorial to 2021-06-13 00:00:00+00:00
[2021-06-15 03:28:25,890] {scheduler_job.py:190} INFO - Processing /home/airflow/.local/lib/python3.6/site-packages/airflow/example_dags/tutorial.py took 0.548 seconds
[2021-06-15 03:28:56,129] {scheduler_job.py:182} INFO - Started process (PID=503) to work on /home/airflow/.local/lib/python3.6/site-packages/airflow/example_dags/tutorial.py
[2021-06-15 03:28:56,146] {scheduler_job.py:633} INFO - Processing file /home/airflow/.local/lib/python3.6/site-packages/airflow/example_dags/tutorial.py for tasks to queue
[2021-06-15 03:28:56,153] {logging_mixin.py:104} INFO - [2021-06-15 03:28:56,152] {dagbag.py:487} INFO - Filling up the DagBag from /home/airflow/.local/lib/python3.6/site-packages/airflow/example_dags/tutorial.py
[2021-06-15 03:28:56,216] {scheduler_job.py:643} INFO - DAG(s) dict_keys(['tutorial']) retrieved from /home/airflow/.local/lib/python3.6/site-packages/airflow/example_dags/tutorial.py
[2021-06-15 03:28:56,335] {logging_mixin.py:104} INFO - [2021-06-15 03:28:56,335] {dag.py:1832} INFO - Sync 1 DAGs
[2021-06-15 03:28:56,423] {logging_mixin.py:104} INFO - [2021-06-15 03:28:56,422] {dag.py:2305} INFO - Setting next_dagrun for tutorial to 2021-06-13 00:00:00+00:00
[2021-06-15 03:28:56,472] {scheduler_job.py:190} INFO - Processing /home/airflow/.local/lib/python3.6/site-packages/airflow/example_dags/tutorial.py took 0.360 seconds
[2021-06-15 03:29:26,778] {scheduler_job.py:182} INFO - Started process (PID=570) to work on /home/airflow/.local/lib/python3.6/site-packages/airflow/example_dags/tutorial.py
[2021-06-15 03:29:26,799] {scheduler_job.py:633} INFO - Processing file /home/airflow/.local/lib/python3.6/site-packages/airflow/example_dags/tutorial.py for tasks to queue
[2021-06-15 03:29:26,806] {logging_mixin.py:104} INFO - [2021-06-15 03:29:26,805] {dagbag.py:487} INFO - Filling up the DagBag from /home/airflow/.local/lib/python3.6/site-packages/airflow/example_dags/tutorial.py
[2021-06-15 03:29:26,876] {scheduler_job.py:643} INFO - DAG(s) dict_keys(['tutorial']) retrieved from /home/airflow/.local/lib/python3.6/site-packages/airflow/example_dags/tutorial.py
[2021-06-15 03:29:27,012] {logging_mixin.py:104} INFO - [2021-06-15 03:29:27,012] {dag.py:1832} INFO - Sync 1 DAGs
[2021-06-15 03:29:27,108] {logging_mixin.py:104} INFO - [2021-06-15 03:29:27,107] {dag.py:2305} INFO - Setting next_dagrun for tutorial to 2021-06-13 00:00:00+00:00
[2021-06-15 03:29:27,154] {scheduler_job.py:190} INFO - Processing /home/airflow/.local/lib/python3.6/site-packages/airflow/example_dags/tutorial.py took 0.394 seconds
[2021-06-15 03:29:58,081] {scheduler_job.py:182} INFO - Started process (PID=628) to work on /home/airflow/.local/lib/python3.6/site-packages/airflow/example_dags/tutorial.py
[2021-06-15 03:29:58,090] {scheduler_job.py:633} INFO - Processing file /home/airflow/.local/lib/python3.6/site-packages/airflow/example_dags/tutorial.py for tasks to queue
[2021-06-15 03:29:58,096] {logging_mixin.py:104} INFO - [2021-06-15 03:29:58,095] {dagbag.py:487} INFO - Filling up the DagBag from /home/airflow/.local/lib/python3.6/site-packages/airflow/example_dags/tutorial.py
[2021-06-15 03:29:58,153] {scheduler_job.py:643} INFO - DAG(s) dict_keys(['tutorial']) retrieved from /home/airflow/.local/lib/python3.6/site-packages/airflow/example_dags/tutorial.py
[2021-06-15 03:29:58,263] {logging_mixin.py:104} INFO - [2021-06-15 03:29:58,262] {dag.py:1832} INFO - Sync 1 DAGs
[2021-06-15 03:29:58,338] {logging_mixin.py:104} INFO - [2021-06-15 03:29:58,337] {dag.py:2305} INFO - Setting next_dagrun for tutorial to 2021-06-13 00:00:00+00:00
[2021-06-15 03:29:58,388] {scheduler_job.py:190} INFO - Processing /home/airflow/.local/lib/python3.6/site-packages/airflow/example_dags/tutorial.py took 0.320 seconds
[2021-06-15 03:30:28,655] {scheduler_job.py:182} INFO - Started process (PID=686) to work on /home/airflow/.local/lib/python3.6/site-packages/airflow/example_dags/tutorial.py
[2021-06-15 03:30:28,662] {scheduler_job.py:633} INFO - Processing file /home/airflow/.local/lib/python3.6/site-packages/airflow/example_dags/tutorial.py for tasks to queue
[2021-06-15 03:30:28,667] {logging_mixin.py:104} INFO - [2021-06-15 03:30:28,666] {dagbag.py:487} INFO - Filling up the DagBag from /home/airflow/.local/lib/python3.6/site-packages/airflow/example_dags/tutorial.py
[2021-06-15 03:30:28,729] {scheduler_job.py:643} INFO - DAG(s) dict_keys(['tutorial']) retrieved from /home/airflow/.local/lib/python3.6/site-packages/airflow/example_dags/tutorial.py
[2021-06-15 03:30:28,826] {logging_mixin.py:104} INFO - [2021-06-15 03:30:28,826] {dag.py:1832} INFO - Sync 1 DAGs
[2021-06-15 03:30:28,890] {logging_mixin.py:104} INFO - [2021-06-15 03:30:28,889] {dag.py:2305} INFO - Setting next_dagrun for tutorial to 2021-06-13 00:00:00+00:00
[2021-06-15 03:30:28,930] {scheduler_job.py:190} INFO - Processing /home/airflow/.local/lib/python3.6/site-packages/airflow/example_dags/tutorial.py took 0.289 seconds
[2021-06-15 03:30:59,030] {scheduler_job.py:182} INFO - Started process (PID=753) to work on /home/airflow/.local/lib/python3.6/site-packages/airflow/example_dags/tutorial.py
[2021-06-15 03:30:59,039] {scheduler_job.py:633} INFO - Processing file /home/airflow/.local/lib/python3.6/site-packages/airflow/example_dags/tutorial.py for tasks to queue
[2021-06-15 03:30:59,047] {logging_mixin.py:104} INFO - [2021-06-15 03:30:59,046] {dagbag.py:487} INFO - Filling up the DagBag from /home/airflow/.local/lib/python3.6/site-packages/airflow/example_dags/tutorial.py
[2021-06-15 03:30:59,102] {scheduler_job.py:643} INFO - DAG(s) dict_keys(['tutorial']) retrieved from /home/airflow/.local/lib/python3.6/site-packages/airflow/example_dags/tutorial.py
[2021-06-15 03:30:59,212] {logging_mixin.py:104} INFO - [2021-06-15 03:30:59,212] {dag.py:1832} INFO - Sync 1 DAGs
[2021-06-15 03:30:59,282] {logging_mixin.py:104} INFO - [2021-06-15 03:30:59,281] {dag.py:2305} INFO - Setting next_dagrun for tutorial to 2021-06-13 00:00:00+00:00
[2021-06-15 03:30:59,335] {scheduler_job.py:190} INFO - Processing /home/airflow/.local/lib/python3.6/site-packages/airflow/example_dags/tutorial.py took 0.324 seconds
[2021-06-15 03:31:29,681] {scheduler_job.py:182} INFO - Started process (PID=822) to work on /home/airflow/.local/lib/python3.6/site-packages/airflow/example_dags/tutorial.py
[2021-06-15 03:31:29,687] {scheduler_job.py:633} INFO - Processing file /home/airflow/.local/lib/python3.6/site-packages/airflow/example_dags/tutorial.py for tasks to queue
[2021-06-15 03:31:29,692] {logging_mixin.py:104} INFO - [2021-06-15 03:31:29,692] {dagbag.py:487} INFO - Filling up the DagBag from /home/airflow/.local/lib/python3.6/site-packages/airflow/example_dags/tutorial.py
[2021-06-15 03:31:29,744] {scheduler_job.py:643} INFO - DAG(s) dict_keys(['tutorial']) retrieved from /home/airflow/.local/lib/python3.6/site-packages/airflow/example_dags/tutorial.py
[2021-06-15 03:31:29,842] {logging_mixin.py:104} INFO - [2021-06-15 03:31:29,842] {dag.py:1832} INFO - Sync 1 DAGs
[2021-06-15 03:31:29,906] {logging_mixin.py:104} INFO - [2021-06-15 03:31:29,905] {dag.py:2305} INFO - Setting next_dagrun for tutorial to 2021-06-13 00:00:00+00:00
[2021-06-15 03:31:29,952] {scheduler_job.py:190} INFO - Processing /home/airflow/.local/lib/python3.6/site-packages/airflow/example_dags/tutorial.py took 0.285 seconds
[2021-06-15 03:32:00,416] {scheduler_job.py:182} INFO - Started process (PID=882) to work on /home/airflow/.local/lib/python3.6/site-packages/airflow/example_dags/tutorial.py
[2021-06-15 03:32:00,433] {scheduler_job.py:633} INFO - Processing file /home/airflow/.local/lib/python3.6/site-packages/airflow/example_dags/tutorial.py for tasks to queue
[2021-06-15 03:32:00,440] {logging_mixin.py:104} INFO - [2021-06-15 03:32:00,440] {dagbag.py:487} INFO - Filling up the DagBag from /home/airflow/.local/lib/python3.6/site-packages/airflow/example_dags/tutorial.py
[2021-06-15 03:32:00,566] {scheduler_job.py:643} INFO - DAG(s) dict_keys(['tutorial']) retrieved from /home/airflow/.local/lib/python3.6/site-packages/airflow/example_dags/tutorial.py
[2021-06-15 03:32:00,712] {logging_mixin.py:104} INFO - [2021-06-15 03:32:00,711] {dag.py:1832} INFO - Sync 1 DAGs
[2021-06-15 03:32:00,826] {logging_mixin.py:104} INFO - [2021-06-15 03:32:00,825] {dag.py:2305} INFO - Setting next_dagrun for tutorial to 2021-06-13 00:00:00+00:00
[2021-06-15 03:32:00,882] {scheduler_job.py:190} INFO - Processing /home/airflow/.local/lib/python3.6/site-packages/airflow/example_dags/tutorial.py took 0.495 seconds
[2021-06-15 03:32:31,183] {scheduler_job.py:182} INFO - Started process (PID=949) to work on /home/airflow/.local/lib/python3.6/site-packages/airflow/example_dags/tutorial.py
[2021-06-15 03:32:31,191] {scheduler_job.py:633} INFO - Processing file /home/airflow/.local/lib/python3.6/site-packages/airflow/example_dags/tutorial.py for tasks to queue
[2021-06-15 03:32:31,196] {logging_mixin.py:104} INFO - [2021-06-15 03:32:31,195] {dagbag.py:487} INFO - Filling up the DagBag from /home/airflow/.local/lib/python3.6/site-packages/airflow/example_dags/tutorial.py
[2021-06-15 03:32:31,247] {scheduler_job.py:643} INFO - DAG(s) dict_keys(['tutorial']) retrieved from /home/airflow/.local/lib/python3.6/site-packages/airflow/example_dags/tutorial.py
[2021-06-15 03:32:31,396] {logging_mixin.py:104} INFO - [2021-06-15 03:32:31,395] {dag.py:1832} INFO - Sync 1 DAGs
[2021-06-15 03:32:31,509] {logging_mixin.py:104} INFO - [2021-06-15 03:32:31,508] {dag.py:2305} INFO - Setting next_dagrun for tutorial to 2021-06-13 00:00:00+00:00
[2021-06-15 03:32:31,575] {scheduler_job.py:190} INFO - Processing /home/airflow/.local/lib/python3.6/site-packages/airflow/example_dags/tutorial.py took 0.409 seconds
[2021-06-15 03:33:02,481] {scheduler_job.py:182} INFO - Started process (PID=1007) to work on /home/airflow/.local/lib/python3.6/site-packages/airflow/example_dags/tutorial.py
[2021-06-15 03:33:02,487] {scheduler_job.py:633} INFO - Processing file /home/airflow/.local/lib/python3.6/site-packages/airflow/example_dags/tutorial.py for tasks to queue
[2021-06-15 03:33:02,492] {logging_mixin.py:104} INFO - [2021-06-15 03:33:02,491] {dagbag.py:487} INFO - Filling up the DagBag from /home/airflow/.local/lib/python3.6/site-packages/airflow/example_dags/tutorial.py
[2021-06-15 03:33:02,543] {scheduler_job.py:643} INFO - DAG(s) dict_keys(['tutorial']) retrieved from /home/airflow/.local/lib/python3.6/site-packages/airflow/example_dags/tutorial.py
[2021-06-15 03:33:02,636] {logging_mixin.py:104} INFO - [2021-06-15 03:33:02,635] {dag.py:1832} INFO - Sync 1 DAGs
[2021-06-15 03:33:02,697] {logging_mixin.py:104} INFO - [2021-06-15 03:33:02,696] {dag.py:2305} INFO - Setting next_dagrun for tutorial to 2021-06-13 00:00:00+00:00
[2021-06-15 03:33:02,735] {scheduler_job.py:190} INFO - Processing /home/airflow/.local/lib/python3.6/site-packages/airflow/example_dags/tutorial.py took 0.268 seconds
[2021-06-15 03:33:33,199] {scheduler_job.py:182} INFO - Started process (PID=1075) to work on /home/airflow/.local/lib/python3.6/site-packages/airflow/example_dags/tutorial.py
[2021-06-15 03:33:33,205] {scheduler_job.py:633} INFO - Processing file /home/airflow/.local/lib/python3.6/site-packages/airflow/example_dags/tutorial.py for tasks to queue
[2021-06-15 03:33:33,210] {logging_mixin.py:104} INFO - [2021-06-15 03:33:33,209] {dagbag.py:487} INFO - Filling up the DagBag from /home/airflow/.local/lib/python3.6/site-packages/airflow/example_dags/tutorial.py
[2021-06-15 03:33:33,260] {scheduler_job.py:643} INFO - DAG(s) dict_keys(['tutorial']) retrieved from /home/airflow/.local/lib/python3.6/site-packages/airflow/example_dags/tutorial.py
[2021-06-15 03:33:33,353] {logging_mixin.py:104} INFO - [2021-06-15 03:33:33,353] {dag.py:1832} INFO - Sync 1 DAGs
[2021-06-15 03:33:33,420] {logging_mixin.py:104} INFO - [2021-06-15 03:33:33,419] {dag.py:2305} INFO - Setting next_dagrun for tutorial to 2021-06-13 00:00:00+00:00
[2021-06-15 03:33:33,459] {scheduler_job.py:190} INFO - Processing /home/airflow/.local/lib/python3.6/site-packages/airflow/example_dags/tutorial.py took 0.274 seconds
[2021-06-15 03:34:03,890] {scheduler_job.py:182} INFO - Started process (PID=1143) to work on /home/airflow/.local/lib/python3.6/site-packages/airflow/example_dags/tutorial.py
[2021-06-15 03:34:03,896] {scheduler_job.py:633} INFO - Processing file /home/airflow/.local/lib/python3.6/site-packages/airflow/example_dags/tutorial.py for tasks to queue
[2021-06-15 03:34:03,902] {logging_mixin.py:104} INFO - [2021-06-15 03:34:03,902] {dagbag.py:487} INFO - Filling up the DagBag from /home/airflow/.local/lib/python3.6/site-packages/airflow/example_dags/tutorial.py
[2021-06-15 03:34:03,954] {scheduler_job.py:643} INFO - DAG(s) dict_keys(['tutorial']) retrieved from /home/airflow/.local/lib/python3.6/site-packages/airflow/example_dags/tutorial.py
[2021-06-15 03:34:04,048] {logging_mixin.py:104} INFO - [2021-06-15 03:34:04,048] {dag.py:1832} INFO - Sync 1 DAGs
[2021-06-15 03:34:04,166] {logging_mixin.py:104} INFO - [2021-06-15 03:34:04,165] {dag.py:2305} INFO - Setting next_dagrun for tutorial to 2021-06-13 00:00:00+00:00
[2021-06-15 03:34:04,252] {scheduler_job.py:190} INFO - Processing /home/airflow/.local/lib/python3.6/site-packages/airflow/example_dags/tutorial.py took 0.377 seconds
[2021-06-15 03:34:35,106] {scheduler_job.py:182} INFO - Started process (PID=1203) to work on /home/airflow/.local/lib/python3.6/site-packages/airflow/example_dags/tutorial.py
[2021-06-15 03:34:35,113] {scheduler_job.py:633} INFO - Processing file /home/airflow/.local/lib/python3.6/site-packages/airflow/example_dags/tutorial.py for tasks to queue
[2021-06-15 03:34:35,117] {logging_mixin.py:104} INFO - [2021-06-15 03:34:35,117] {dagbag.py:487} INFO - Filling up the DagBag from /home/airflow/.local/lib/python3.6/site-packages/airflow/example_dags/tutorial.py
[2021-06-15 03:34:35,169] {scheduler_job.py:643} INFO - DAG(s) dict_keys(['tutorial']) retrieved from /home/airflow/.local/lib/python3.6/site-packages/airflow/example_dags/tutorial.py
[2021-06-15 03:34:35,273] {logging_mixin.py:104} INFO - [2021-06-15 03:34:35,271] {dag.py:1832} INFO - Sync 1 DAGs
[2021-06-15 03:34:35,343] {logging_mixin.py:104} INFO - [2021-06-15 03:34:35,343] {dag.py:2305} INFO - Setting next_dagrun for tutorial to 2021-06-13 00:00:00+00:00
[2021-06-15 03:34:35,383] {scheduler_job.py:190} INFO - Processing /home/airflow/.local/lib/python3.6/site-packages/airflow/example_dags/tutorial.py took 0.290 seconds
[2021-06-15 03:35:05,752] {scheduler_job.py:182} INFO - Started process (PID=1259) to work on /home/airflow/.local/lib/python3.6/site-packages/airflow/example_dags/tutorial.py
[2021-06-15 03:35:05,762] {scheduler_job.py:633} INFO - Processing file /home/airflow/.local/lib/python3.6/site-packages/airflow/example_dags/tutorial.py for tasks to queue
[2021-06-15 03:35:05,767] {logging_mixin.py:104} INFO - [2021-06-15 03:35:05,767] {dagbag.py:487} INFO - Filling up the DagBag from /home/airflow/.local/lib/python3.6/site-packages/airflow/example_dags/tutorial.py
[2021-06-15 03:35:05,822] {scheduler_job.py:643} INFO - DAG(s) dict_keys(['tutorial']) retrieved from /home/airflow/.local/lib/python3.6/site-packages/airflow/example_dags/tutorial.py
[2021-06-15 03:35:05,924] {logging_mixin.py:104} INFO - [2021-06-15 03:35:05,924] {dag.py:1832} INFO - Sync 1 DAGs
[2021-06-15 03:35:05,990] {logging_mixin.py:104} INFO - [2021-06-15 03:35:05,990] {dag.py:2305} INFO - Setting next_dagrun for tutorial to 2021-06-13 00:00:00+00:00
[2021-06-15 03:35:06,027] {scheduler_job.py:190} INFO - Processing /home/airflow/.local/lib/python3.6/site-packages/airflow/example_dags/tutorial.py took 0.289 seconds
[2021-06-15 03:35:36,599] {scheduler_job.py:182} INFO - Started process (PID=1327) to work on /home/airflow/.local/lib/python3.6/site-packages/airflow/example_dags/tutorial.py
[2021-06-15 03:35:36,610] {scheduler_job.py:633} INFO - Processing file /home/airflow/.local/lib/python3.6/site-packages/airflow/example_dags/tutorial.py for tasks to queue
[2021-06-15 03:35:36,623] {logging_mixin.py:104} INFO - [2021-06-15 03:35:36,621] {dagbag.py:487} INFO - Filling up the DagBag from /home/airflow/.local/lib/python3.6/site-packages/airflow/example_dags/tutorial.py
[2021-06-15 03:35:36,717] {scheduler_job.py:643} INFO - DAG(s) dict_keys(['tutorial']) retrieved from /home/airflow/.local/lib/python3.6/site-packages/airflow/example_dags/tutorial.py
[2021-06-15 03:35:36,868] {logging_mixin.py:104} INFO - [2021-06-15 03:35:36,868] {dag.py:1832} INFO - Sync 1 DAGs
[2021-06-15 03:35:36,953] {logging_mixin.py:104} INFO - [2021-06-15 03:35:36,953] {dag.py:2305} INFO - Setting next_dagrun for tutorial to 2021-06-13 00:00:00+00:00
[2021-06-15 03:35:36,997] {scheduler_job.py:190} INFO - Processing /home/airflow/.local/lib/python3.6/site-packages/airflow/example_dags/tutorial.py took 0.429 seconds
[2021-06-15 03:36:08,065] {scheduler_job.py:182} INFO - Started process (PID=1394) to work on /home/airflow/.local/lib/python3.6/site-packages/airflow/example_dags/tutorial.py
[2021-06-15 03:36:08,072] {scheduler_job.py:633} INFO - Processing file /home/airflow/.local/lib/python3.6/site-packages/airflow/example_dags/tutorial.py for tasks to queue
[2021-06-15 03:36:08,079] {logging_mixin.py:104} INFO - [2021-06-15 03:36:08,078] {dagbag.py:487} INFO - Filling up the DagBag from /home/airflow/.local/lib/python3.6/site-packages/airflow/example_dags/tutorial.py
[2021-06-15 03:36:08,129] {scheduler_job.py:643} INFO - DAG(s) dict_keys(['tutorial']) retrieved from /home/airflow/.local/lib/python3.6/site-packages/airflow/example_dags/tutorial.py
[2021-06-15 03:36:08,227] {logging_mixin.py:104} INFO - [2021-06-15 03:36:08,226] {dag.py:1832} INFO - Sync 1 DAGs
[2021-06-15 03:36:08,293] {logging_mixin.py:104} INFO - [2021-06-15 03:36:08,293] {dag.py:2305} INFO - Setting next_dagrun for tutorial to 2021-06-13 00:00:00+00:00
[2021-06-15 03:36:08,339] {scheduler_job.py:190} INFO - Processing /home/airflow/.local/lib/python3.6/site-packages/airflow/example_dags/tutorial.py took 0.290 seconds
[2021-06-15 03:36:38,934] {scheduler_job.py:182} INFO - Started process (PID=1455) to work on /home/airflow/.local/lib/python3.6/site-packages/airflow/example_dags/tutorial.py
[2021-06-15 03:36:38,942] {scheduler_job.py:633} INFO - Processing file /home/airflow/.local/lib/python3.6/site-packages/airflow/example_dags/tutorial.py for tasks to queue
[2021-06-15 03:36:38,948] {logging_mixin.py:104} INFO - [2021-06-15 03:36:38,947] {dagbag.py:487} INFO - Filling up the DagBag from /home/airflow/.local/lib/python3.6/site-packages/airflow/example_dags/tutorial.py
[2021-06-15 03:36:39,028] {scheduler_job.py:643} INFO - DAG(s) dict_keys(['tutorial']) retrieved from /home/airflow/.local/lib/python3.6/site-packages/airflow/example_dags/tutorial.py
[2021-06-15 03:36:39,156] {logging_mixin.py:104} INFO - [2021-06-15 03:36:39,155] {dag.py:1832} INFO - Sync 1 DAGs
[2021-06-15 03:36:39,223] {logging_mixin.py:104} INFO - [2021-06-15 03:36:39,223] {dag.py:2305} INFO - Setting next_dagrun for tutorial to 2021-06-13 00:00:00+00:00
[2021-06-15 03:36:39,275] {scheduler_job.py:190} INFO - Processing /home/airflow/.local/lib/python3.6/site-packages/airflow/example_dags/tutorial.py took 0.360 seconds
[2021-06-15 03:37:09,390] {scheduler_job.py:182} INFO - Started process (PID=1512) to work on /home/airflow/.local/lib/python3.6/site-packages/airflow/example_dags/tutorial.py
[2021-06-15 03:37:09,401] {scheduler_job.py:633} INFO - Processing file /home/airflow/.local/lib/python3.6/site-packages/airflow/example_dags/tutorial.py for tasks to queue
[2021-06-15 03:37:09,409] {logging_mixin.py:104} INFO - [2021-06-15 03:37:09,408] {dagbag.py:487} INFO - Filling up the DagBag from /home/airflow/.local/lib/python3.6/site-packages/airflow/example_dags/tutorial.py
[2021-06-15 03:37:09,464] {scheduler_job.py:643} INFO - DAG(s) dict_keys(['tutorial']) retrieved from /home/airflow/.local/lib/python3.6/site-packages/airflow/example_dags/tutorial.py
[2021-06-15 03:37:09,563] {logging_mixin.py:104} INFO - [2021-06-15 03:37:09,563] {dag.py:1832} INFO - Sync 1 DAGs
[2021-06-15 03:37:09,677] {logging_mixin.py:104} INFO - [2021-06-15 03:37:09,676] {dag.py:2305} INFO - Setting next_dagrun for tutorial to 2021-06-13 00:00:00+00:00
[2021-06-15 03:37:09,741] {scheduler_job.py:190} INFO - Processing /home/airflow/.local/lib/python3.6/site-packages/airflow/example_dags/tutorial.py took 0.366 seconds
[2021-06-15 03:37:40,484] {scheduler_job.py:182} INFO - Started process (PID=1579) to work on /home/airflow/.local/lib/python3.6/site-packages/airflow/example_dags/tutorial.py
[2021-06-15 03:37:40,495] {scheduler_job.py:633} INFO - Processing file /home/airflow/.local/lib/python3.6/site-packages/airflow/example_dags/tutorial.py for tasks to queue
[2021-06-15 03:37:40,503] {logging_mixin.py:104} INFO - [2021-06-15 03:37:40,502] {dagbag.py:487} INFO - Filling up the DagBag from /home/airflow/.local/lib/python3.6/site-packages/airflow/example_dags/tutorial.py
[2021-06-15 03:37:40,560] {scheduler_job.py:643} INFO - DAG(s) dict_keys(['tutorial']) retrieved from /home/airflow/.local/lib/python3.6/site-packages/airflow/example_dags/tutorial.py
[2021-06-15 03:37:40,667] {logging_mixin.py:104} INFO - [2021-06-15 03:37:40,666] {dag.py:1832} INFO - Sync 1 DAGs
[2021-06-15 03:37:40,734] {logging_mixin.py:104} INFO - [2021-06-15 03:37:40,733] {dag.py:2305} INFO - Setting next_dagrun for tutorial to 2021-06-13 00:00:00+00:00
[2021-06-15 03:37:40,778] {scheduler_job.py:190} INFO - Processing /home/airflow/.local/lib/python3.6/site-packages/airflow/example_dags/tutorial.py took 0.314 seconds
[2021-06-15 03:38:10,947] {scheduler_job.py:182} INFO - Started process (PID=1647) to work on /home/airflow/.local/lib/python3.6/site-packages/airflow/example_dags/tutorial.py
[2021-06-15 03:38:10,957] {scheduler_job.py:633} INFO - Processing file /home/airflow/.local/lib/python3.6/site-packages/airflow/example_dags/tutorial.py for tasks to queue
[2021-06-15 03:38:10,963] {logging_mixin.py:104} INFO - [2021-06-15 03:38:10,963] {dagbag.py:487} INFO - Filling up the DagBag from /home/airflow/.local/lib/python3.6/site-packages/airflow/example_dags/tutorial.py
[2021-06-15 03:38:11,023] {scheduler_job.py:643} INFO - DAG(s) dict_keys(['tutorial']) retrieved from /home/airflow/.local/lib/python3.6/site-packages/airflow/example_dags/tutorial.py
[2021-06-15 03:38:11,161] {logging_mixin.py:104} INFO - [2021-06-15 03:38:11,160] {dag.py:1832} INFO - Sync 1 DAGs
[2021-06-15 03:38:11,238] {logging_mixin.py:104} INFO - [2021-06-15 03:38:11,237] {dag.py:2305} INFO - Setting next_dagrun for tutorial to 2021-06-13 00:00:00+00:00
[2021-06-15 03:38:11,283] {scheduler_job.py:190} INFO - Processing /home/airflow/.local/lib/python3.6/site-packages/airflow/example_dags/tutorial.py took 0.350 seconds
[2021-06-15 03:38:41,426] {scheduler_job.py:182} INFO - Started process (PID=1707) to work on /home/airflow/.local/lib/python3.6/site-packages/airflow/example_dags/tutorial.py
[2021-06-15 03:38:41,433] {scheduler_job.py:633} INFO - Processing file /home/airflow/.local/lib/python3.6/site-packages/airflow/example_dags/tutorial.py for tasks to queue
[2021-06-15 03:38:41,438] {logging_mixin.py:104} INFO - [2021-06-15 03:38:41,438] {dagbag.py:487} INFO - Filling up the DagBag from /home/airflow/.local/lib/python3.6/site-packages/airflow/example_dags/tutorial.py
[2021-06-15 03:38:41,487] {scheduler_job.py:643} INFO - DAG(s) dict_keys(['tutorial']) retrieved from /home/airflow/.local/lib/python3.6/site-packages/airflow/example_dags/tutorial.py
[2021-06-15 03:38:41,614] {logging_mixin.py:104} INFO - [2021-06-15 03:38:41,614] {dag.py:1832} INFO - Sync 1 DAGs
[2021-06-15 03:38:41,700] {logging_mixin.py:104} INFO - [2021-06-15 03:38:41,700] {dag.py:2305} INFO - Setting next_dagrun for tutorial to 2021-06-13 00:00:00+00:00
[2021-06-15 03:38:41,746] {scheduler_job.py:190} INFO - Processing /home/airflow/.local/lib/python3.6/site-packages/airflow/example_dags/tutorial.py took 0.334 seconds
[2021-06-15 03:39:12,046] {scheduler_job.py:182} INFO - Started process (PID=1762) to work on /home/airflow/.local/lib/python3.6/site-packages/airflow/example_dags/tutorial.py
[2021-06-15 03:39:12,062] {scheduler_job.py:633} INFO - Processing file /home/airflow/.local/lib/python3.6/site-packages/airflow/example_dags/tutorial.py for tasks to queue
[2021-06-15 03:39:12,067] {logging_mixin.py:104} INFO - [2021-06-15 03:39:12,067] {dagbag.py:487} INFO - Filling up the DagBag from /home/airflow/.local/lib/python3.6/site-packages/airflow/example_dags/tutorial.py
[2021-06-15 03:39:12,118] {scheduler_job.py:643} INFO - DAG(s) dict_keys(['tutorial']) retrieved from /home/airflow/.local/lib/python3.6/site-packages/airflow/example_dags/tutorial.py
[2021-06-15 03:39:12,211] {logging_mixin.py:104} INFO - [2021-06-15 03:39:12,211] {dag.py:1832} INFO - Sync 1 DAGs
[2021-06-15 03:39:12,277] {logging_mixin.py:104} INFO - [2021-06-15 03:39:12,277] {dag.py:2305} INFO - Setting next_dagrun for tutorial to 2021-06-13 00:00:00+00:00
[2021-06-15 03:39:12,320] {scheduler_job.py:190} INFO - Processing /home/airflow/.local/lib/python3.6/site-packages/airflow/example_dags/tutorial.py took 0.292 seconds
[2021-06-15 03:39:43,393] {scheduler_job.py:182} INFO - Started process (PID=1829) to work on /home/airflow/.local/lib/python3.6/site-packages/airflow/example_dags/tutorial.py
[2021-06-15 03:39:43,405] {scheduler_job.py:633} INFO - Processing file /home/airflow/.local/lib/python3.6/site-packages/airflow/example_dags/tutorial.py for tasks to queue
[2021-06-15 03:39:43,414] {logging_mixin.py:104} INFO - [2021-06-15 03:39:43,413] {dagbag.py:487} INFO - Filling up the DagBag from /home/airflow/.local/lib/python3.6/site-packages/airflow/example_dags/tutorial.py
[2021-06-15 03:39:43,504] {scheduler_job.py:643} INFO - DAG(s) dict_keys(['tutorial']) retrieved from /home/airflow/.local/lib/python3.6/site-packages/airflow/example_dags/tutorial.py
[2021-06-15 03:39:43,635] {logging_mixin.py:104} INFO - [2021-06-15 03:39:43,634] {dag.py:1832} INFO - Sync 1 DAGs
[2021-06-15 03:39:43,732] {logging_mixin.py:104} INFO - [2021-06-15 03:39:43,731] {dag.py:2305} INFO - Setting next_dagrun for tutorial to 2021-06-13 00:00:00+00:00
[2021-06-15 03:39:43,784] {scheduler_job.py:190} INFO - Processing /home/airflow/.local/lib/python3.6/site-packages/airflow/example_dags/tutorial.py took 0.440 seconds
[2021-06-15 03:40:14,831] {scheduler_job.py:182} INFO - Started process (PID=1896) to work on /home/airflow/.local/lib/python3.6/site-packages/airflow/example_dags/tutorial.py
[2021-06-15 03:40:14,841] {scheduler_job.py:633} INFO - Processing file /home/airflow/.local/lib/python3.6/site-packages/airflow/example_dags/tutorial.py for tasks to queue
[2021-06-15 03:40:14,847] {logging_mixin.py:104} INFO - [2021-06-15 03:40:14,846] {dagbag.py:487} INFO - Filling up the DagBag from /home/airflow/.local/lib/python3.6/site-packages/airflow/example_dags/tutorial.py
[2021-06-15 03:40:14,912] {scheduler_job.py:643} INFO - DAG(s) dict_keys(['tutorial']) retrieved from /home/airflow/.local/lib/python3.6/site-packages/airflow/example_dags/tutorial.py
[2021-06-15 03:40:15,036] {logging_mixin.py:104} INFO - [2021-06-15 03:40:15,036] {dag.py:1832} INFO - Sync 1 DAGs
[2021-06-15 03:40:15,138] {logging_mixin.py:104} INFO - [2021-06-15 03:40:15,137] {dag.py:2305} INFO - Setting next_dagrun for tutorial to 2021-06-13 00:00:00+00:00
[2021-06-15 03:40:15,189] {scheduler_job.py:190} INFO - Processing /home/airflow/.local/lib/python3.6/site-packages/airflow/example_dags/tutorial.py took 0.378 seconds
[2021-06-15 03:40:45,809] {scheduler_job.py:182} INFO - Started process (PID=1957) to work on /home/airflow/.local/lib/python3.6/site-packages/airflow/example_dags/tutorial.py
[2021-06-15 03:40:45,826] {scheduler_job.py:633} INFO - Processing file /home/airflow/.local/lib/python3.6/site-packages/airflow/example_dags/tutorial.py for tasks to queue
[2021-06-15 03:40:45,834] {logging_mixin.py:104} INFO - [2021-06-15 03:40:45,833] {dagbag.py:487} INFO - Filling up the DagBag from /home/airflow/.local/lib/python3.6/site-packages/airflow/example_dags/tutorial.py
[2021-06-15 03:40:45,923] {scheduler_job.py:643} INFO - DAG(s) dict_keys(['tutorial']) retrieved from /home/airflow/.local/lib/python3.6/site-packages/airflow/example_dags/tutorial.py
[2021-06-15 03:40:46,066] {logging_mixin.py:104} INFO - [2021-06-15 03:40:46,065] {dag.py:1832} INFO - Sync 1 DAGs
[2021-06-15 03:40:46,155] {logging_mixin.py:104} INFO - [2021-06-15 03:40:46,155] {dag.py:2305} INFO - Setting next_dagrun for tutorial to 2021-06-13 00:00:00+00:00
[2021-06-15 03:40:46,243] {scheduler_job.py:190} INFO - Processing /home/airflow/.local/lib/python3.6/site-packages/airflow/example_dags/tutorial.py took 0.457 seconds
[2021-06-15 03:41:16,718] {scheduler_job.py:182} INFO - Started process (PID=2014) to work on /home/airflow/.local/lib/python3.6/site-packages/airflow/example_dags/tutorial.py
[2021-06-15 03:41:16,729] {scheduler_job.py:633} INFO - Processing file /home/airflow/.local/lib/python3.6/site-packages/airflow/example_dags/tutorial.py for tasks to queue
[2021-06-15 03:41:16,738] {logging_mixin.py:104} INFO - [2021-06-15 03:41:16,737] {dagbag.py:487} INFO - Filling up the DagBag from /home/airflow/.local/lib/python3.6/site-packages/airflow/example_dags/tutorial.py
[2021-06-15 03:41:16,812] {scheduler_job.py:643} INFO - DAG(s) dict_keys(['tutorial']) retrieved from /home/airflow/.local/lib/python3.6/site-packages/airflow/example_dags/tutorial.py
[2021-06-15 03:41:16,939] {logging_mixin.py:104} INFO - [2021-06-15 03:41:16,938] {dag.py:1832} INFO - Sync 1 DAGs
[2021-06-15 03:41:17,024] {logging_mixin.py:104} INFO - [2021-06-15 03:41:17,023] {dag.py:2305} INFO - Setting next_dagrun for tutorial to 2021-06-13 00:00:00+00:00
[2021-06-15 03:41:17,079] {scheduler_job.py:190} INFO - Processing /home/airflow/.local/lib/python3.6/site-packages/airflow/example_dags/tutorial.py took 0.379 seconds
[2021-06-15 03:41:47,635] {scheduler_job.py:182} INFO - Started process (PID=2081) to work on /home/airflow/.local/lib/python3.6/site-packages/airflow/example_dags/tutorial.py
[2021-06-15 03:41:47,647] {scheduler_job.py:633} INFO - Processing file /home/airflow/.local/lib/python3.6/site-packages/airflow/example_dags/tutorial.py for tasks to queue
[2021-06-15 03:41:47,653] {logging_mixin.py:104} INFO - [2021-06-15 03:41:47,653] {dagbag.py:487} INFO - Filling up the DagBag from /home/airflow/.local/lib/python3.6/site-packages/airflow/example_dags/tutorial.py
[2021-06-15 03:41:47,748] {scheduler_job.py:643} INFO - DAG(s) dict_keys(['tutorial']) retrieved from /home/airflow/.local/lib/python3.6/site-packages/airflow/example_dags/tutorial.py
[2021-06-15 03:41:47,879] {logging_mixin.py:104} INFO - [2021-06-15 03:41:47,878] {dag.py:1832} INFO - Sync 1 DAGs
[2021-06-15 03:41:47,964] {logging_mixin.py:104} INFO - [2021-06-15 03:41:47,964] {dag.py:2305} INFO - Setting next_dagrun for tutorial to 2021-06-13 00:00:00+00:00
[2021-06-15 03:41:48,031] {scheduler_job.py:190} INFO - Processing /home/airflow/.local/lib/python3.6/site-packages/airflow/example_dags/tutorial.py took 0.419 seconds
[2021-06-15 03:42:18,986] {scheduler_job.py:182} INFO - Started process (PID=2141) to work on /home/airflow/.local/lib/python3.6/site-packages/airflow/example_dags/tutorial.py
[2021-06-15 03:42:19,003] {scheduler_job.py:633} INFO - Processing file /home/airflow/.local/lib/python3.6/site-packages/airflow/example_dags/tutorial.py for tasks to queue
[2021-06-15 03:42:19,011] {logging_mixin.py:104} INFO - [2021-06-15 03:42:19,010] {dagbag.py:487} INFO - Filling up the DagBag from /home/airflow/.local/lib/python3.6/site-packages/airflow/example_dags/tutorial.py
[2021-06-15 03:42:19,100] {scheduler_job.py:643} INFO - DAG(s) dict_keys(['tutorial']) retrieved from /home/airflow/.local/lib/python3.6/site-packages/airflow/example_dags/tutorial.py
[2021-06-15 03:42:19,374] {logging_mixin.py:104} INFO - [2021-06-15 03:42:19,373] {dag.py:1832} INFO - Sync 1 DAGs
[2021-06-15 03:42:19,487] {logging_mixin.py:104} INFO - [2021-06-15 03:42:19,487] {dag.py:2305} INFO - Setting next_dagrun for tutorial to 2021-06-13 00:00:00+00:00
[2021-06-15 03:42:19,565] {scheduler_job.py:190} INFO - Processing /home/airflow/.local/lib/python3.6/site-packages/airflow/example_dags/tutorial.py took 0.603 seconds
[2021-06-15 03:42:49,726] {scheduler_job.py:182} INFO - Started process (PID=2197) to work on /home/airflow/.local/lib/python3.6/site-packages/airflow/example_dags/tutorial.py
[2021-06-15 03:42:49,734] {scheduler_job.py:633} INFO - Processing file /home/airflow/.local/lib/python3.6/site-packages/airflow/example_dags/tutorial.py for tasks to queue
[2021-06-15 03:42:49,740] {logging_mixin.py:104} INFO - [2021-06-15 03:42:49,739] {dagbag.py:487} INFO - Filling up the DagBag from /home/airflow/.local/lib/python3.6/site-packages/airflow/example_dags/tutorial.py
[2021-06-15 03:42:49,805] {scheduler_job.py:643} INFO - DAG(s) dict_keys(['tutorial']) retrieved from /home/airflow/.local/lib/python3.6/site-packages/airflow/example_dags/tutorial.py
[2021-06-15 03:42:49,930] {logging_mixin.py:104} INFO - [2021-06-15 03:42:49,929] {dag.py:1832} INFO - Sync 1 DAGs
[2021-06-15 03:42:50,005] {logging_mixin.py:104} INFO - [2021-06-15 03:42:50,005] {dag.py:2305} INFO - Setting next_dagrun for tutorial to 2021-06-13 00:00:00+00:00
[2021-06-15 03:42:50,050] {scheduler_job.py:190} INFO - Processing /home/airflow/.local/lib/python3.6/site-packages/airflow/example_dags/tutorial.py took 0.341 seconds
[2021-06-15 03:43:20,662] {scheduler_job.py:182} INFO - Started process (PID=2265) to work on /home/airflow/.local/lib/python3.6/site-packages/airflow/example_dags/tutorial.py
[2021-06-15 03:43:20,670] {scheduler_job.py:633} INFO - Processing file /home/airflow/.local/lib/python3.6/site-packages/airflow/example_dags/tutorial.py for tasks to queue
[2021-06-15 03:43:20,676] {logging_mixin.py:104} INFO - [2021-06-15 03:43:20,675] {dagbag.py:487} INFO - Filling up the DagBag from /home/airflow/.local/lib/python3.6/site-packages/airflow/example_dags/tutorial.py
[2021-06-15 03:43:20,740] {scheduler_job.py:643} INFO - DAG(s) dict_keys(['tutorial']) retrieved from /home/airflow/.local/lib/python3.6/site-packages/airflow/example_dags/tutorial.py
[2021-06-15 03:43:20,881] {logging_mixin.py:104} INFO - [2021-06-15 03:43:20,881] {dag.py:1832} INFO - Sync 1 DAGs
[2021-06-15 03:43:20,963] {logging_mixin.py:104} INFO - [2021-06-15 03:43:20,963] {dag.py:2305} INFO - Setting next_dagrun for tutorial to 2021-06-13 00:00:00+00:00
[2021-06-15 03:43:21,009] {scheduler_job.py:190} INFO - Processing /home/airflow/.local/lib/python3.6/site-packages/airflow/example_dags/tutorial.py took 0.368 seconds
[2021-06-15 03:43:51,488] {scheduler_job.py:182} INFO - Started process (PID=2332) to work on /home/airflow/.local/lib/python3.6/site-packages/airflow/example_dags/tutorial.py
[2021-06-15 03:43:51,498] {scheduler_job.py:633} INFO - Processing file /home/airflow/.local/lib/python3.6/site-packages/airflow/example_dags/tutorial.py for tasks to queue
[2021-06-15 03:43:51,509] {logging_mixin.py:104} INFO - [2021-06-15 03:43:51,507] {dagbag.py:487} INFO - Filling up the DagBag from /home/airflow/.local/lib/python3.6/site-packages/airflow/example_dags/tutorial.py
[2021-06-15 03:43:51,599] {scheduler_job.py:643} INFO - DAG(s) dict_keys(['tutorial']) retrieved from /home/airflow/.local/lib/python3.6/site-packages/airflow/example_dags/tutorial.py
[2021-06-15 03:43:51,758] {logging_mixin.py:104} INFO - [2021-06-15 03:43:51,758] {dag.py:1832} INFO - Sync 1 DAGs
[2021-06-15 03:43:51,885] {logging_mixin.py:104} INFO - [2021-06-15 03:43:51,884] {dag.py:2305} INFO - Setting next_dagrun for tutorial to 2021-06-13 00:00:00+00:00
[2021-06-15 03:43:51,965] {scheduler_job.py:190} INFO - Processing /home/airflow/.local/lib/python3.6/site-packages/airflow/example_dags/tutorial.py took 0.510 seconds
[2021-06-15 03:44:22,145] {scheduler_job.py:182} INFO - Started process (PID=2392) to work on /home/airflow/.local/lib/python3.6/site-packages/airflow/example_dags/tutorial.py
[2021-06-15 03:44:22,156] {scheduler_job.py:633} INFO - Processing file /home/airflow/.local/lib/python3.6/site-packages/airflow/example_dags/tutorial.py for tasks to queue
[2021-06-15 03:44:22,163] {logging_mixin.py:104} INFO - [2021-06-15 03:44:22,162] {dagbag.py:487} INFO - Filling up the DagBag from /home/airflow/.local/lib/python3.6/site-packages/airflow/example_dags/tutorial.py
[2021-06-15 03:44:22,226] {scheduler_job.py:643} INFO - DAG(s) dict_keys(['tutorial']) retrieved from /home/airflow/.local/lib/python3.6/site-packages/airflow/example_dags/tutorial.py
[2021-06-15 03:44:22,364] {logging_mixin.py:104} INFO - [2021-06-15 03:44:22,363] {dag.py:1832} INFO - Sync 1 DAGs
[2021-06-15 03:44:22,446] {logging_mixin.py:104} INFO - [2021-06-15 03:44:22,445] {dag.py:2305} INFO - Setting next_dagrun for tutorial to 2021-06-13 00:00:00+00:00
[2021-06-15 03:44:22,495] {scheduler_job.py:190} INFO - Processing /home/airflow/.local/lib/python3.6/site-packages/airflow/example_dags/tutorial.py took 0.365 seconds
[2021-06-15 03:44:52,745] {scheduler_job.py:182} INFO - Started process (PID=2449) to work on /home/airflow/.local/lib/python3.6/site-packages/airflow/example_dags/tutorial.py
[2021-06-15 03:44:52,752] {scheduler_job.py:633} INFO - Processing file /home/airflow/.local/lib/python3.6/site-packages/airflow/example_dags/tutorial.py for tasks to queue
[2021-06-15 03:44:52,757] {logging_mixin.py:104} INFO - [2021-06-15 03:44:52,756] {dagbag.py:487} INFO - Filling up the DagBag from /home/airflow/.local/lib/python3.6/site-packages/airflow/example_dags/tutorial.py
[2021-06-15 03:44:52,820] {scheduler_job.py:643} INFO - DAG(s) dict_keys(['tutorial']) retrieved from /home/airflow/.local/lib/python3.6/site-packages/airflow/example_dags/tutorial.py
[2021-06-15 03:44:52,925] {logging_mixin.py:104} INFO - [2021-06-15 03:44:52,925] {dag.py:1832} INFO - Sync 1 DAGs
[2021-06-15 03:44:52,993] {logging_mixin.py:104} INFO - [2021-06-15 03:44:52,992] {dag.py:2305} INFO - Setting next_dagrun for tutorial to 2021-06-13 00:00:00+00:00
[2021-06-15 03:44:53,036] {scheduler_job.py:190} INFO - Processing /home/airflow/.local/lib/python3.6/site-packages/airflow/example_dags/tutorial.py took 0.305 seconds
[2021-06-15 03:45:23,310] {scheduler_job.py:182} INFO - Started process (PID=2515) to work on /home/airflow/.local/lib/python3.6/site-packages/airflow/example_dags/tutorial.py
[2021-06-15 03:45:23,321] {scheduler_job.py:633} INFO - Processing file /home/airflow/.local/lib/python3.6/site-packages/airflow/example_dags/tutorial.py for tasks to queue
[2021-06-15 03:45:23,329] {logging_mixin.py:104} INFO - [2021-06-15 03:45:23,328] {dagbag.py:487} INFO - Filling up the DagBag from /home/airflow/.local/lib/python3.6/site-packages/airflow/example_dags/tutorial.py
[2021-06-15 03:45:23,425] {scheduler_job.py:643} INFO - DAG(s) dict_keys(['tutorial']) retrieved from /home/airflow/.local/lib/python3.6/site-packages/airflow/example_dags/tutorial.py
[2021-06-15 03:45:23,596] {logging_mixin.py:104} INFO - [2021-06-15 03:45:23,594] {dag.py:1832} INFO - Sync 1 DAGs
[2021-06-15 03:45:23,726] {logging_mixin.py:104} INFO - [2021-06-15 03:45:23,725] {dag.py:2305} INFO - Setting next_dagrun for tutorial to 2021-06-13 00:00:00+00:00
[2021-06-15 03:45:23,791] {scheduler_job.py:190} INFO - Processing /home/airflow/.local/lib/python3.6/site-packages/airflow/example_dags/tutorial.py took 0.506 seconds
[2021-06-15 03:45:53,999] {scheduler_job.py:182} INFO - Started process (PID=2574) to work on /home/airflow/.local/lib/python3.6/site-packages/airflow/example_dags/tutorial.py
[2021-06-15 03:45:54,007] {scheduler_job.py:633} INFO - Processing file /home/airflow/.local/lib/python3.6/site-packages/airflow/example_dags/tutorial.py for tasks to queue
[2021-06-15 03:45:54,012] {logging_mixin.py:104} INFO - [2021-06-15 03:45:54,012] {dagbag.py:487} INFO - Filling up the DagBag from /home/airflow/.local/lib/python3.6/site-packages/airflow/example_dags/tutorial.py
[2021-06-15 03:45:54,089] {scheduler_job.py:643} INFO - DAG(s) dict_keys(['tutorial']) retrieved from /home/airflow/.local/lib/python3.6/site-packages/airflow/example_dags/tutorial.py
[2021-06-15 03:45:54,214] {logging_mixin.py:104} INFO - [2021-06-15 03:45:54,214] {dag.py:1832} INFO - Sync 1 DAGs
[2021-06-15 03:45:54,321] {logging_mixin.py:104} INFO - [2021-06-15 03:45:54,320] {dag.py:2305} INFO - Setting next_dagrun for tutorial to 2021-06-13 00:00:00+00:00
[2021-06-15 03:45:54,374] {scheduler_job.py:190} INFO - Processing /home/airflow/.local/lib/python3.6/site-packages/airflow/example_dags/tutorial.py took 0.399 seconds
[2021-06-15 03:46:24,569] {scheduler_job.py:182} INFO - Started process (PID=2632) to work on /home/airflow/.local/lib/python3.6/site-packages/airflow/example_dags/tutorial.py
[2021-06-15 03:46:24,576] {scheduler_job.py:633} INFO - Processing file /home/airflow/.local/lib/python3.6/site-packages/airflow/example_dags/tutorial.py for tasks to queue
[2021-06-15 03:46:24,581] {logging_mixin.py:104} INFO - [2021-06-15 03:46:24,580] {dagbag.py:487} INFO - Filling up the DagBag from /home/airflow/.local/lib/python3.6/site-packages/airflow/example_dags/tutorial.py
[2021-06-15 03:46:24,639] {scheduler_job.py:643} INFO - DAG(s) dict_keys(['tutorial']) retrieved from /home/airflow/.local/lib/python3.6/site-packages/airflow/example_dags/tutorial.py
[2021-06-15 03:46:24,736] {logging_mixin.py:104} INFO - [2021-06-15 03:46:24,735] {dag.py:1832} INFO - Sync 1 DAGs
[2021-06-15 03:46:24,805] {logging_mixin.py:104} INFO - [2021-06-15 03:46:24,804] {dag.py:2305} INFO - Setting next_dagrun for tutorial to 2021-06-13 00:00:00+00:00
[2021-06-15 03:46:24,854] {scheduler_job.py:190} INFO - Processing /home/airflow/.local/lib/python3.6/site-packages/airflow/example_dags/tutorial.py took 0.301 seconds
[2021-06-15 03:46:55,193] {scheduler_job.py:182} INFO - Started process (PID=2699) to work on /home/airflow/.local/lib/python3.6/site-packages/airflow/example_dags/tutorial.py
[2021-06-15 03:46:55,200] {scheduler_job.py:633} INFO - Processing file /home/airflow/.local/lib/python3.6/site-packages/airflow/example_dags/tutorial.py for tasks to queue
[2021-06-15 03:46:55,205] {logging_mixin.py:104} INFO - [2021-06-15 03:46:55,205] {dagbag.py:487} INFO - Filling up the DagBag from /home/airflow/.local/lib/python3.6/site-packages/airflow/example_dags/tutorial.py
[2021-06-15 03:46:55,267] {scheduler_job.py:643} INFO - DAG(s) dict_keys(['tutorial']) retrieved from /home/airflow/.local/lib/python3.6/site-packages/airflow/example_dags/tutorial.py
[2021-06-15 03:46:55,362] {logging_mixin.py:104} INFO - [2021-06-15 03:46:55,362] {dag.py:1832} INFO - Sync 1 DAGs
[2021-06-15 03:46:55,433] {logging_mixin.py:104} INFO - [2021-06-15 03:46:55,433] {dag.py:2305} INFO - Setting next_dagrun for tutorial to 2021-06-13 00:00:00+00:00
[2021-06-15 03:46:55,472] {scheduler_job.py:190} INFO - Processing /home/airflow/.local/lib/python3.6/site-packages/airflow/example_dags/tutorial.py took 0.298 seconds
[2021-06-15 03:47:25,727] {scheduler_job.py:182} INFO - Started process (PID=2767) to work on /home/airflow/.local/lib/python3.6/site-packages/airflow/example_dags/tutorial.py
[2021-06-15 03:47:25,739] {scheduler_job.py:633} INFO - Processing file /home/airflow/.local/lib/python3.6/site-packages/airflow/example_dags/tutorial.py for tasks to queue
[2021-06-15 03:47:25,745] {logging_mixin.py:104} INFO - [2021-06-15 03:47:25,744] {dagbag.py:487} INFO - Filling up the DagBag from /home/airflow/.local/lib/python3.6/site-packages/airflow/example_dags/tutorial.py
[2021-06-15 03:47:25,797] {scheduler_job.py:643} INFO - DAG(s) dict_keys(['tutorial']) retrieved from /home/airflow/.local/lib/python3.6/site-packages/airflow/example_dags/tutorial.py
[2021-06-15 03:47:25,899] {logging_mixin.py:104} INFO - [2021-06-15 03:47:25,898] {dag.py:1832} INFO - Sync 1 DAGs
[2021-06-15 03:47:25,991] {logging_mixin.py:104} INFO - [2021-06-15 03:47:25,990] {dag.py:2305} INFO - Setting next_dagrun for tutorial to 2021-06-13 00:00:00+00:00
[2021-06-15 03:47:26,032] {scheduler_job.py:190} INFO - Processing /home/airflow/.local/lib/python3.6/site-packages/airflow/example_dags/tutorial.py took 0.320 seconds
[2021-06-15 03:47:56,187] {scheduler_job.py:182} INFO - Started process (PID=2829) to work on /home/airflow/.local/lib/python3.6/site-packages/airflow/example_dags/tutorial.py
[2021-06-15 03:47:56,194] {scheduler_job.py:633} INFO - Processing file /home/airflow/.local/lib/python3.6/site-packages/airflow/example_dags/tutorial.py for tasks to queue
[2021-06-15 03:47:56,200] {logging_mixin.py:104} INFO - [2021-06-15 03:47:56,199] {dagbag.py:487} INFO - Filling up the DagBag from /home/airflow/.local/lib/python3.6/site-packages/airflow/example_dags/tutorial.py
[2021-06-15 03:47:56,250] {scheduler_job.py:643} INFO - DAG(s) dict_keys(['tutorial']) retrieved from /home/airflow/.local/lib/python3.6/site-packages/airflow/example_dags/tutorial.py
[2021-06-15 03:47:56,347] {logging_mixin.py:104} INFO - [2021-06-15 03:47:56,346] {dag.py:1832} INFO - Sync 1 DAGs
[2021-06-15 03:47:56,434] {logging_mixin.py:104} INFO - [2021-06-15 03:47:56,433] {dag.py:2305} INFO - Setting next_dagrun for tutorial to 2021-06-13 00:00:00+00:00
[2021-06-15 03:47:56,474] {scheduler_job.py:190} INFO - Processing /home/airflow/.local/lib/python3.6/site-packages/airflow/example_dags/tutorial.py took 0.301 seconds
[2021-06-15 03:48:26,640] {scheduler_job.py:182} INFO - Started process (PID=2887) to work on /home/airflow/.local/lib/python3.6/site-packages/airflow/example_dags/tutorial.py
[2021-06-15 03:48:26,647] {scheduler_job.py:633} INFO - Processing file /home/airflow/.local/lib/python3.6/site-packages/airflow/example_dags/tutorial.py for tasks to queue
[2021-06-15 03:48:26,651] {logging_mixin.py:104} INFO - [2021-06-15 03:48:26,651] {dagbag.py:487} INFO - Filling up the DagBag from /home/airflow/.local/lib/python3.6/site-packages/airflow/example_dags/tutorial.py
[2021-06-15 03:48:26,703] {scheduler_job.py:643} INFO - DAG(s) dict_keys(['tutorial']) retrieved from /home/airflow/.local/lib/python3.6/site-packages/airflow/example_dags/tutorial.py
[2021-06-15 03:48:26,800] {logging_mixin.py:104} INFO - [2021-06-15 03:48:26,800] {dag.py:1832} INFO - Sync 1 DAGs
[2021-06-15 03:48:26,867] {logging_mixin.py:104} INFO - [2021-06-15 03:48:26,866] {dag.py:2305} INFO - Setting next_dagrun for tutorial to 2021-06-13 00:00:00+00:00
[2021-06-15 03:48:26,908] {scheduler_job.py:190} INFO - Processing /home/airflow/.local/lib/python3.6/site-packages/airflow/example_dags/tutorial.py took 0.282 seconds
[2021-06-15 03:48:57,235] {scheduler_job.py:182} INFO - Started process (PID=2953) to work on /home/airflow/.local/lib/python3.6/site-packages/airflow/example_dags/tutorial.py
[2021-06-15 03:48:57,241] {scheduler_job.py:633} INFO - Processing file /home/airflow/.local/lib/python3.6/site-packages/airflow/example_dags/tutorial.py for tasks to queue
[2021-06-15 03:48:57,247] {logging_mixin.py:104} INFO - [2021-06-15 03:48:57,246] {dagbag.py:487} INFO - Filling up the DagBag from /home/airflow/.local/lib/python3.6/site-packages/airflow/example_dags/tutorial.py
[2021-06-15 03:48:57,321] {scheduler_job.py:643} INFO - DAG(s) dict_keys(['tutorial']) retrieved from /home/airflow/.local/lib/python3.6/site-packages/airflow/example_dags/tutorial.py
[2021-06-15 03:48:57,416] {logging_mixin.py:104} INFO - [2021-06-15 03:48:57,415] {dag.py:1832} INFO - Sync 1 DAGs
[2021-06-15 03:48:57,485] {logging_mixin.py:104} INFO - [2021-06-15 03:48:57,484] {dag.py:2305} INFO - Setting next_dagrun for tutorial to 2021-06-13 00:00:00+00:00
[2021-06-15 03:48:57,523] {scheduler_job.py:190} INFO - Processing /home/airflow/.local/lib/python3.6/site-packages/airflow/example_dags/tutorial.py took 0.303 seconds
[2021-06-15 03:49:28,069] {scheduler_job.py:182} INFO - Started process (PID=3021) to work on /home/airflow/.local/lib/python3.6/site-packages/airflow/example_dags/tutorial.py
[2021-06-15 03:49:28,076] {scheduler_job.py:633} INFO - Processing file /home/airflow/.local/lib/python3.6/site-packages/airflow/example_dags/tutorial.py for tasks to queue
[2021-06-15 03:49:28,081] {logging_mixin.py:104} INFO - [2021-06-15 03:49:28,081] {dagbag.py:487} INFO - Filling up the DagBag from /home/airflow/.local/lib/python3.6/site-packages/airflow/example_dags/tutorial.py
[2021-06-15 03:49:28,130] {scheduler_job.py:643} INFO - DAG(s) dict_keys(['tutorial']) retrieved from /home/airflow/.local/lib/python3.6/site-packages/airflow/example_dags/tutorial.py
[2021-06-15 03:49:28,225] {logging_mixin.py:104} INFO - [2021-06-15 03:49:28,225] {dag.py:1832} INFO - Sync 1 DAGs
[2021-06-15 03:49:28,286] {logging_mixin.py:104} INFO - [2021-06-15 03:49:28,285] {dag.py:2305} INFO - Setting next_dagrun for tutorial to 2021-06-13 00:00:00+00:00
[2021-06-15 03:49:28,328] {scheduler_job.py:190} INFO - Processing /home/airflow/.local/lib/python3.6/site-packages/airflow/example_dags/tutorial.py took 0.272 seconds
[2021-06-15 03:49:58,766] {scheduler_job.py:182} INFO - Started process (PID=3087) to work on /home/airflow/.local/lib/python3.6/site-packages/airflow/example_dags/tutorial.py
[2021-06-15 03:49:58,774] {scheduler_job.py:633} INFO - Processing file /home/airflow/.local/lib/python3.6/site-packages/airflow/example_dags/tutorial.py for tasks to queue
[2021-06-15 03:49:58,780] {logging_mixin.py:104} INFO - [2021-06-15 03:49:58,779] {dagbag.py:487} INFO - Filling up the DagBag from /home/airflow/.local/lib/python3.6/site-packages/airflow/example_dags/tutorial.py
[2021-06-15 03:49:58,837] {scheduler_job.py:643} INFO - DAG(s) dict_keys(['tutorial']) retrieved from /home/airflow/.local/lib/python3.6/site-packages/airflow/example_dags/tutorial.py
[2021-06-15 03:49:58,934] {logging_mixin.py:104} INFO - [2021-06-15 03:49:58,933] {dag.py:1832} INFO - Sync 1 DAGs
[2021-06-15 03:49:59,002] {logging_mixin.py:104} INFO - [2021-06-15 03:49:59,001] {dag.py:2305} INFO - Setting next_dagrun for tutorial to 2021-06-13 00:00:00+00:00
[2021-06-15 03:49:59,043] {scheduler_job.py:190} INFO - Processing /home/airflow/.local/lib/python3.6/site-packages/airflow/example_dags/tutorial.py took 0.293 seconds
[2021-06-15 03:50:30,453] {scheduler_job.py:182} INFO - Started process (PID=3147) to work on /home/airflow/.local/lib/python3.6/site-packages/airflow/example_dags/tutorial.py
[2021-06-15 03:50:30,460] {scheduler_job.py:633} INFO - Processing file /home/airflow/.local/lib/python3.6/site-packages/airflow/example_dags/tutorial.py for tasks to queue
[2021-06-15 03:50:30,465] {logging_mixin.py:104} INFO - [2021-06-15 03:50:30,465] {dagbag.py:487} INFO - Filling up the DagBag from /home/airflow/.local/lib/python3.6/site-packages/airflow/example_dags/tutorial.py
[2021-06-15 03:50:30,521] {scheduler_job.py:643} INFO - DAG(s) dict_keys(['tutorial']) retrieved from /home/airflow/.local/lib/python3.6/site-packages/airflow/example_dags/tutorial.py
[2021-06-15 03:50:30,650] {logging_mixin.py:104} INFO - [2021-06-15 03:50:30,649] {dag.py:1832} INFO - Sync 1 DAGs
[2021-06-15 03:50:30,726] {logging_mixin.py:104} INFO - [2021-06-15 03:50:30,726] {dag.py:2305} INFO - Setting next_dagrun for tutorial to 2021-06-13 00:00:00+00:00
[2021-06-15 03:50:30,775] {scheduler_job.py:190} INFO - Processing /home/airflow/.local/lib/python3.6/site-packages/airflow/example_dags/tutorial.py took 0.341 seconds
[2021-06-15 03:51:01,787] {scheduler_job.py:182} INFO - Started process (PID=3213) to work on /home/airflow/.local/lib/python3.6/site-packages/airflow/example_dags/tutorial.py
[2021-06-15 03:51:01,794] {scheduler_job.py:633} INFO - Processing file /home/airflow/.local/lib/python3.6/site-packages/airflow/example_dags/tutorial.py for tasks to queue
[2021-06-15 03:51:01,798] {logging_mixin.py:104} INFO - [2021-06-15 03:51:01,798] {dagbag.py:487} INFO - Filling up the DagBag from /home/airflow/.local/lib/python3.6/site-packages/airflow/example_dags/tutorial.py
[2021-06-15 03:51:01,848] {scheduler_job.py:643} INFO - DAG(s) dict_keys(['tutorial']) retrieved from /home/airflow/.local/lib/python3.6/site-packages/airflow/example_dags/tutorial.py
[2021-06-15 03:51:01,947] {logging_mixin.py:104} INFO - [2021-06-15 03:51:01,947] {dag.py:1832} INFO - Sync 1 DAGs
[2021-06-15 03:51:02,016] {logging_mixin.py:104} INFO - [2021-06-15 03:51:02,015] {dag.py:2305} INFO - Setting next_dagrun for tutorial to 2021-06-13 00:00:00+00:00
[2021-06-15 03:51:02,059] {scheduler_job.py:190} INFO - Processing /home/airflow/.local/lib/python3.6/site-packages/airflow/example_dags/tutorial.py took 0.285 seconds
[2021-06-15 03:51:32,795] {scheduler_job.py:182} INFO - Started process (PID=3271) to work on /home/airflow/.local/lib/python3.6/site-packages/airflow/example_dags/tutorial.py
[2021-06-15 03:51:32,807] {scheduler_job.py:633} INFO - Processing file /home/airflow/.local/lib/python3.6/site-packages/airflow/example_dags/tutorial.py for tasks to queue
[2021-06-15 03:51:32,815] {logging_mixin.py:104} INFO - [2021-06-15 03:51:32,814] {dagbag.py:487} INFO - Filling up the DagBag from /home/airflow/.local/lib/python3.6/site-packages/airflow/example_dags/tutorial.py
[2021-06-15 03:51:32,925] {scheduler_job.py:643} INFO - DAG(s) dict_keys(['tutorial']) retrieved from /home/airflow/.local/lib/python3.6/site-packages/airflow/example_dags/tutorial.py
[2021-06-15 03:51:33,051] {logging_mixin.py:104} INFO - [2021-06-15 03:51:33,050] {dag.py:1832} INFO - Sync 1 DAGs
[2021-06-15 03:51:33,149] {logging_mixin.py:104} INFO - [2021-06-15 03:51:33,148] {dag.py:2305} INFO - Setting next_dagrun for tutorial to 2021-06-13 00:00:00+00:00
[2021-06-15 03:51:33,211] {scheduler_job.py:190} INFO - Processing /home/airflow/.local/lib/python3.6/site-packages/airflow/example_dags/tutorial.py took 0.434 seconds
[2021-06-15 03:52:03,670] {scheduler_job.py:182} INFO - Started process (PID=3339) to work on /home/airflow/.local/lib/python3.6/site-packages/airflow/example_dags/tutorial.py
[2021-06-15 03:52:03,682] {scheduler_job.py:633} INFO - Processing file /home/airflow/.local/lib/python3.6/site-packages/airflow/example_dags/tutorial.py for tasks to queue
[2021-06-15 03:52:03,688] {logging_mixin.py:104} INFO - [2021-06-15 03:52:03,687] {dagbag.py:487} INFO - Filling up the DagBag from /home/airflow/.local/lib/python3.6/site-packages/airflow/example_dags/tutorial.py
[2021-06-15 03:52:03,739] {scheduler_job.py:643} INFO - DAG(s) dict_keys(['tutorial']) retrieved from /home/airflow/.local/lib/python3.6/site-packages/airflow/example_dags/tutorial.py
[2021-06-15 03:52:03,854] {logging_mixin.py:104} INFO - [2021-06-15 03:52:03,854] {dag.py:1832} INFO - Sync 1 DAGs
[2021-06-15 03:52:03,917] {logging_mixin.py:104} INFO - [2021-06-15 03:52:03,917] {dag.py:2305} INFO - Setting next_dagrun for tutorial to 2021-06-13 00:00:00+00:00
[2021-06-15 03:52:03,957] {scheduler_job.py:190} INFO - Processing /home/airflow/.local/lib/python3.6/site-packages/airflow/example_dags/tutorial.py took 0.303 seconds
[2021-06-15 03:52:34,615] {scheduler_job.py:182} INFO - Started process (PID=3407) to work on /home/airflow/.local/lib/python3.6/site-packages/airflow/example_dags/tutorial.py
[2021-06-15 03:52:34,626] {scheduler_job.py:633} INFO - Processing file /home/airflow/.local/lib/python3.6/site-packages/airflow/example_dags/tutorial.py for tasks to queue
[2021-06-15 03:52:34,633] {logging_mixin.py:104} INFO - [2021-06-15 03:52:34,632] {dagbag.py:487} INFO - Filling up the DagBag from /home/airflow/.local/lib/python3.6/site-packages/airflow/example_dags/tutorial.py
[2021-06-15 03:52:34,681] {scheduler_job.py:643} INFO - DAG(s) dict_keys(['tutorial']) retrieved from /home/airflow/.local/lib/python3.6/site-packages/airflow/example_dags/tutorial.py
[2021-06-15 03:52:34,783] {logging_mixin.py:104} INFO - [2021-06-15 03:52:34,782] {dag.py:1832} INFO - Sync 1 DAGs
[2021-06-15 03:52:34,845] {logging_mixin.py:104} INFO - [2021-06-15 03:52:34,845] {dag.py:2305} INFO - Setting next_dagrun for tutorial to 2021-06-13 00:00:00+00:00
[2021-06-15 03:52:34,881] {scheduler_job.py:190} INFO - Processing /home/airflow/.local/lib/python3.6/site-packages/airflow/example_dags/tutorial.py took 0.281 seconds
[2021-06-15 03:53:05,553] {scheduler_job.py:182} INFO - Started process (PID=3476) to work on /home/airflow/.local/lib/python3.6/site-packages/airflow/example_dags/tutorial.py
[2021-06-15 03:53:05,560] {scheduler_job.py:633} INFO - Processing file /home/airflow/.local/lib/python3.6/site-packages/airflow/example_dags/tutorial.py for tasks to queue
[2021-06-15 03:53:05,566] {logging_mixin.py:104} INFO - [2021-06-15 03:53:05,565] {dagbag.py:487} INFO - Filling up the DagBag from /home/airflow/.local/lib/python3.6/site-packages/airflow/example_dags/tutorial.py
[2021-06-15 03:53:05,618] {scheduler_job.py:643} INFO - DAG(s) dict_keys(['tutorial']) retrieved from /home/airflow/.local/lib/python3.6/site-packages/airflow/example_dags/tutorial.py
[2021-06-15 03:53:05,727] {logging_mixin.py:104} INFO - [2021-06-15 03:53:05,726] {dag.py:1832} INFO - Sync 1 DAGs
[2021-06-15 03:53:05,800] {logging_mixin.py:104} INFO - [2021-06-15 03:53:05,800] {dag.py:2305} INFO - Setting next_dagrun for tutorial to 2021-06-13 00:00:00+00:00
[2021-06-15 03:53:05,870] {scheduler_job.py:190} INFO - Processing /home/airflow/.local/lib/python3.6/site-packages/airflow/example_dags/tutorial.py took 0.331 seconds
[2021-06-15 03:53:36,188] {scheduler_job.py:182} INFO - Started process (PID=3536) to work on /home/airflow/.local/lib/python3.6/site-packages/airflow/example_dags/tutorial.py
[2021-06-15 03:53:36,198] {scheduler_job.py:633} INFO - Processing file /home/airflow/.local/lib/python3.6/site-packages/airflow/example_dags/tutorial.py for tasks to queue
[2021-06-15 03:53:36,204] {logging_mixin.py:104} INFO - [2021-06-15 03:53:36,203] {dagbag.py:487} INFO - Filling up the DagBag from /home/airflow/.local/lib/python3.6/site-packages/airflow/example_dags/tutorial.py
[2021-06-15 03:53:36,256] {scheduler_job.py:643} INFO - DAG(s) dict_keys(['tutorial']) retrieved from /home/airflow/.local/lib/python3.6/site-packages/airflow/example_dags/tutorial.py
[2021-06-15 03:53:36,349] {logging_mixin.py:104} INFO - [2021-06-15 03:53:36,348] {dag.py:1832} INFO - Sync 1 DAGs
[2021-06-15 03:53:36,431] {logging_mixin.py:104} INFO - [2021-06-15 03:53:36,431] {dag.py:2305} INFO - Setting next_dagrun for tutorial to 2021-06-13 00:00:00+00:00
[2021-06-15 03:53:36,478] {scheduler_job.py:190} INFO - Processing /home/airflow/.local/lib/python3.6/site-packages/airflow/example_dags/tutorial.py took 0.306 seconds
[2021-06-15 03:54:07,008] {scheduler_job.py:182} INFO - Started process (PID=3603) to work on /home/airflow/.local/lib/python3.6/site-packages/airflow/example_dags/tutorial.py
[2021-06-15 03:54:07,015] {scheduler_job.py:633} INFO - Processing file /home/airflow/.local/lib/python3.6/site-packages/airflow/example_dags/tutorial.py for tasks to queue
[2021-06-15 03:54:07,022] {logging_mixin.py:104} INFO - [2021-06-15 03:54:07,021] {dagbag.py:487} INFO - Filling up the DagBag from /home/airflow/.local/lib/python3.6/site-packages/airflow/example_dags/tutorial.py
[2021-06-15 03:54:07,081] {scheduler_job.py:643} INFO - DAG(s) dict_keys(['tutorial']) retrieved from /home/airflow/.local/lib/python3.6/site-packages/airflow/example_dags/tutorial.py
[2021-06-15 03:54:07,195] {logging_mixin.py:104} INFO - [2021-06-15 03:54:07,194] {dag.py:1832} INFO - Sync 1 DAGs
[2021-06-15 03:54:07,266] {logging_mixin.py:104} INFO - [2021-06-15 03:54:07,265] {dag.py:2305} INFO - Setting next_dagrun for tutorial to 2021-06-13 00:00:00+00:00
[2021-06-15 03:54:07,321] {scheduler_job.py:190} INFO - Processing /home/airflow/.local/lib/python3.6/site-packages/airflow/example_dags/tutorial.py took 0.327 seconds
[2021-06-15 03:54:37,924] {scheduler_job.py:182} INFO - Started process (PID=3661) to work on /home/airflow/.local/lib/python3.6/site-packages/airflow/example_dags/tutorial.py
[2021-06-15 03:54:37,931] {scheduler_job.py:633} INFO - Processing file /home/airflow/.local/lib/python3.6/site-packages/airflow/example_dags/tutorial.py for tasks to queue
[2021-06-15 03:54:37,936] {logging_mixin.py:104} INFO - [2021-06-15 03:54:37,936] {dagbag.py:487} INFO - Filling up the DagBag from /home/airflow/.local/lib/python3.6/site-packages/airflow/example_dags/tutorial.py
[2021-06-15 03:54:37,965] {scheduler_job.py:643} INFO - DAG(s) dict_keys(['tutorial']) retrieved from /home/airflow/.local/lib/python3.6/site-packages/airflow/example_dags/tutorial.py
[2021-06-15 03:54:38,060] {logging_mixin.py:104} INFO - [2021-06-15 03:54:38,060] {dag.py:1832} INFO - Sync 1 DAGs
[2021-06-15 03:54:38,125] {logging_mixin.py:104} INFO - [2021-06-15 03:54:38,125] {dag.py:2305} INFO - Setting next_dagrun for tutorial to 2021-06-13 00:00:00+00:00
[2021-06-15 03:54:38,168] {scheduler_job.py:190} INFO - Processing /home/airflow/.local/lib/python3.6/site-packages/airflow/example_dags/tutorial.py took 0.293 seconds
[2021-06-15 03:55:08,377] {scheduler_job.py:182} INFO - Started process (PID=3727) to work on /home/airflow/.local/lib/python3.6/site-packages/airflow/example_dags/tutorial.py
[2021-06-15 03:55:08,387] {scheduler_job.py:633} INFO - Processing file /home/airflow/.local/lib/python3.6/site-packages/airflow/example_dags/tutorial.py for tasks to queue
[2021-06-15 03:55:08,396] {logging_mixin.py:104} INFO - [2021-06-15 03:55:08,393] {dagbag.py:487} INFO - Filling up the DagBag from /home/airflow/.local/lib/python3.6/site-packages/airflow/example_dags/tutorial.py
[2021-06-15 03:55:08,478] {scheduler_job.py:643} INFO - DAG(s) dict_keys(['tutorial']) retrieved from /home/airflow/.local/lib/python3.6/site-packages/airflow/example_dags/tutorial.py
[2021-06-15 03:55:08,644] {logging_mixin.py:104} INFO - [2021-06-15 03:55:08,643] {dag.py:1832} INFO - Sync 1 DAGs
[2021-06-15 03:55:08,786] {logging_mixin.py:104} INFO - [2021-06-15 03:55:08,786] {dag.py:2305} INFO - Setting next_dagrun for tutorial to 2021-06-13 00:00:00+00:00
[2021-06-15 03:55:08,843] {scheduler_job.py:190} INFO - Processing /home/airflow/.local/lib/python3.6/site-packages/airflow/example_dags/tutorial.py took 0.486 seconds
[2021-06-15 03:55:39,250] {scheduler_job.py:182} INFO - Started process (PID=3794) to work on /home/airflow/.local/lib/python3.6/site-packages/airflow/example_dags/tutorial.py
[2021-06-15 03:55:39,260] {scheduler_job.py:633} INFO - Processing file /home/airflow/.local/lib/python3.6/site-packages/airflow/example_dags/tutorial.py for tasks to queue
[2021-06-15 03:55:39,266] {logging_mixin.py:104} INFO - [2021-06-15 03:55:39,265] {dagbag.py:487} INFO - Filling up the DagBag from /home/airflow/.local/lib/python3.6/site-packages/airflow/example_dags/tutorial.py
[2021-06-15 03:55:39,327] {scheduler_job.py:643} INFO - DAG(s) dict_keys(['tutorial']) retrieved from /home/airflow/.local/lib/python3.6/site-packages/airflow/example_dags/tutorial.py
[2021-06-15 03:55:39,450] {logging_mixin.py:104} INFO - [2021-06-15 03:55:39,449] {dag.py:1832} INFO - Sync 1 DAGs
[2021-06-15 03:55:39,526] {logging_mixin.py:104} INFO - [2021-06-15 03:55:39,525] {dag.py:2305} INFO - Setting next_dagrun for tutorial to 2021-06-13 00:00:00+00:00
[2021-06-15 03:55:39,584] {scheduler_job.py:190} INFO - Processing /home/airflow/.local/lib/python3.6/site-packages/airflow/example_dags/tutorial.py took 0.349 seconds
[2021-06-15 03:56:10,755] {scheduler_job.py:182} INFO - Started process (PID=3861) to work on /home/airflow/.local/lib/python3.6/site-packages/airflow/example_dags/tutorial.py
[2021-06-15 03:56:10,776] {scheduler_job.py:633} INFO - Processing file /home/airflow/.local/lib/python3.6/site-packages/airflow/example_dags/tutorial.py for tasks to queue
[2021-06-15 03:56:10,785] {logging_mixin.py:104} INFO - [2021-06-15 03:56:10,784] {dagbag.py:487} INFO - Filling up the DagBag from /home/airflow/.local/lib/python3.6/site-packages/airflow/example_dags/tutorial.py
[2021-06-15 03:56:10,865] {scheduler_job.py:643} INFO - DAG(s) dict_keys(['tutorial']) retrieved from /home/airflow/.local/lib/python3.6/site-packages/airflow/example_dags/tutorial.py
[2021-06-15 03:56:10,976] {logging_mixin.py:104} INFO - [2021-06-15 03:56:10,975] {dag.py:1832} INFO - Sync 1 DAGs
[2021-06-15 03:56:11,064] {logging_mixin.py:104} INFO - [2021-06-15 03:56:11,063] {dag.py:2305} INFO - Setting next_dagrun for tutorial to 2021-06-13 00:00:00+00:00
[2021-06-15 03:56:11,159] {scheduler_job.py:190} INFO - Processing /home/airflow/.local/lib/python3.6/site-packages/airflow/example_dags/tutorial.py took 0.441 seconds
[2021-06-15 03:56:41,926] {scheduler_job.py:182} INFO - Started process (PID=3920) to work on /home/airflow/.local/lib/python3.6/site-packages/airflow/example_dags/tutorial.py
[2021-06-15 03:56:41,936] {scheduler_job.py:633} INFO - Processing file /home/airflow/.local/lib/python3.6/site-packages/airflow/example_dags/tutorial.py for tasks to queue
[2021-06-15 03:56:41,941] {logging_mixin.py:104} INFO - [2021-06-15 03:56:41,940] {dagbag.py:487} INFO - Filling up the DagBag from /home/airflow/.local/lib/python3.6/site-packages/airflow/example_dags/tutorial.py
[2021-06-15 03:56:42,026] {scheduler_job.py:643} INFO - DAG(s) dict_keys(['tutorial']) retrieved from /home/airflow/.local/lib/python3.6/site-packages/airflow/example_dags/tutorial.py
[2021-06-15 03:56:42,166] {logging_mixin.py:104} INFO - [2021-06-15 03:56:42,165] {dag.py:1832} INFO - Sync 1 DAGs
[2021-06-15 03:56:42,268] {logging_mixin.py:104} INFO - [2021-06-15 03:56:42,267] {dag.py:2305} INFO - Setting next_dagrun for tutorial to 2021-06-13 00:00:00+00:00
[2021-06-15 03:56:42,332] {scheduler_job.py:190} INFO - Processing /home/airflow/.local/lib/python3.6/site-packages/airflow/example_dags/tutorial.py took 0.421 seconds
[2021-06-15 03:57:12,464] {scheduler_job.py:182} INFO - Started process (PID=3977) to work on /home/airflow/.local/lib/python3.6/site-packages/airflow/example_dags/tutorial.py
[2021-06-15 03:57:12,484] {scheduler_job.py:633} INFO - Processing file /home/airflow/.local/lib/python3.6/site-packages/airflow/example_dags/tutorial.py for tasks to queue
[2021-06-15 03:57:12,492] {logging_mixin.py:104} INFO - [2021-06-15 03:57:12,491] {dagbag.py:487} INFO - Filling up the DagBag from /home/airflow/.local/lib/python3.6/site-packages/airflow/example_dags/tutorial.py
[2021-06-15 03:57:12,555] {scheduler_job.py:643} INFO - DAG(s) dict_keys(['tutorial']) retrieved from /home/airflow/.local/lib/python3.6/site-packages/airflow/example_dags/tutorial.py
[2021-06-15 03:57:12,669] {logging_mixin.py:104} INFO - [2021-06-15 03:57:12,669] {dag.py:1832} INFO - Sync 1 DAGs
[2021-06-15 03:57:12,741] {logging_mixin.py:104} INFO - [2021-06-15 03:57:12,741] {dag.py:2305} INFO - Setting next_dagrun for tutorial to 2021-06-13 00:00:00+00:00
[2021-06-15 03:57:12,822] {scheduler_job.py:190} INFO - Processing /home/airflow/.local/lib/python3.6/site-packages/airflow/example_dags/tutorial.py took 0.372 seconds
[2021-06-15 03:57:43,183] {scheduler_job.py:182} INFO - Started process (PID=4044) to work on /home/airflow/.local/lib/python3.6/site-packages/airflow/example_dags/tutorial.py
[2021-06-15 03:57:43,190] {scheduler_job.py:633} INFO - Processing file /home/airflow/.local/lib/python3.6/site-packages/airflow/example_dags/tutorial.py for tasks to queue
[2021-06-15 03:57:43,198] {logging_mixin.py:104} INFO - [2021-06-15 03:57:43,197] {dagbag.py:487} INFO - Filling up the DagBag from /home/airflow/.local/lib/python3.6/site-packages/airflow/example_dags/tutorial.py
[2021-06-15 03:57:43,255] {scheduler_job.py:643} INFO - DAG(s) dict_keys(['tutorial']) retrieved from /home/airflow/.local/lib/python3.6/site-packages/airflow/example_dags/tutorial.py
[2021-06-15 03:57:43,356] {logging_mixin.py:104} INFO - [2021-06-15 03:57:43,356] {dag.py:1832} INFO - Sync 1 DAGs
[2021-06-15 03:57:43,420] {logging_mixin.py:104} INFO - [2021-06-15 03:57:43,420] {dag.py:2305} INFO - Setting next_dagrun for tutorial to 2021-06-13 00:00:00+00:00
[2021-06-15 03:57:43,459] {scheduler_job.py:190} INFO - Processing /home/airflow/.local/lib/python3.6/site-packages/airflow/example_dags/tutorial.py took 0.289 seconds
[2021-06-15 04:02:37,469] {scheduler_job.py:182} INFO - Started process (PID=150) to work on /home/airflow/.local/lib/python3.6/site-packages/airflow/example_dags/tutorial.py
[2021-06-15 04:02:37,477] {scheduler_job.py:633} INFO - Processing file /home/airflow/.local/lib/python3.6/site-packages/airflow/example_dags/tutorial.py for tasks to queue
[2021-06-15 04:02:37,483] {logging_mixin.py:104} INFO - [2021-06-15 04:02:37,482] {dagbag.py:487} INFO - Filling up the DagBag from /home/airflow/.local/lib/python3.6/site-packages/airflow/example_dags/tutorial.py
[2021-06-15 04:02:37,543] {scheduler_job.py:643} INFO - DAG(s) dict_keys(['tutorial']) retrieved from /home/airflow/.local/lib/python3.6/site-packages/airflow/example_dags/tutorial.py
[2021-06-15 04:02:46,686] {logging_mixin.py:104} INFO - [2021-06-15 04:02:46,685] {dag.py:1832} INFO - Sync 1 DAGs
[2021-06-15 04:02:46,732] {logging_mixin.py:104} INFO - [2021-06-15 04:02:46,728] {dag.py:1851} INFO - Creating ORM DAG for tutorial
[2021-06-15 04:02:46,769] {logging_mixin.py:104} INFO - [2021-06-15 04:02:46,769] {dag.py:2305} INFO - Setting next_dagrun for tutorial to 2021-06-13 00:00:00+00:00
[2021-06-15 04:02:46,861] {scheduler_job.py:190} INFO - Processing /home/airflow/.local/lib/python3.6/site-packages/airflow/example_dags/tutorial.py took 9.409 seconds
[2021-06-15 04:04:04,286] {scheduler_job.py:182} INFO - Started process (PID=281) to work on /home/airflow/.local/lib/python3.6/site-packages/airflow/example_dags/tutorial.py
[2021-06-15 04:04:04,294] {scheduler_job.py:633} INFO - Processing file /home/airflow/.local/lib/python3.6/site-packages/airflow/example_dags/tutorial.py for tasks to queue
[2021-06-15 04:04:04,299] {logging_mixin.py:104} INFO - [2021-06-15 04:04:04,298] {dagbag.py:487} INFO - Filling up the DagBag from /home/airflow/.local/lib/python3.6/site-packages/airflow/example_dags/tutorial.py
[2021-06-15 04:04:04,368] {scheduler_job.py:643} INFO - DAG(s) dict_keys(['tutorial']) retrieved from /home/airflow/.local/lib/python3.6/site-packages/airflow/example_dags/tutorial.py
[2021-06-15 04:04:04,491] {logging_mixin.py:104} INFO - [2021-06-15 04:04:04,490] {dag.py:1832} INFO - Sync 1 DAGs
[2021-06-15 04:04:04,570] {logging_mixin.py:104} INFO - [2021-06-15 04:04:04,570] {dag.py:2305} INFO - Setting next_dagrun for tutorial to 2021-06-13 00:00:00+00:00
[2021-06-15 04:04:04,622] {scheduler_job.py:190} INFO - Processing /home/airflow/.local/lib/python3.6/site-packages/airflow/example_dags/tutorial.py took 0.355 seconds
[2021-06-15 04:04:35,141] {scheduler_job.py:182} INFO - Started process (PID=337) to work on /home/airflow/.local/lib/python3.6/site-packages/airflow/example_dags/tutorial.py
[2021-06-15 04:04:35,148] {scheduler_job.py:633} INFO - Processing file /home/airflow/.local/lib/python3.6/site-packages/airflow/example_dags/tutorial.py for tasks to queue
[2021-06-15 04:04:35,155] {logging_mixin.py:104} INFO - [2021-06-15 04:04:35,154] {dagbag.py:487} INFO - Filling up the DagBag from /home/airflow/.local/lib/python3.6/site-packages/airflow/example_dags/tutorial.py
[2021-06-15 04:04:35,217] {scheduler_job.py:643} INFO - DAG(s) dict_keys(['tutorial']) retrieved from /home/airflow/.local/lib/python3.6/site-packages/airflow/example_dags/tutorial.py
[2021-06-15 04:04:35,338] {logging_mixin.py:104} INFO - [2021-06-15 04:04:35,337] {dag.py:1832} INFO - Sync 1 DAGs
[2021-06-15 04:04:35,406] {logging_mixin.py:104} INFO - [2021-06-15 04:04:35,406] {dag.py:2305} INFO - Setting next_dagrun for tutorial to 2021-06-13 00:00:00+00:00
[2021-06-15 04:04:35,462] {scheduler_job.py:190} INFO - Processing /home/airflow/.local/lib/python3.6/site-packages/airflow/example_dags/tutorial.py took 0.334 seconds
[2021-06-15 04:06:08,087] {scheduler_job.py:182} INFO - Started process (PID=532) to work on /home/airflow/.local/lib/python3.6/site-packages/airflow/example_dags/tutorial.py
[2021-06-15 04:06:08,099] {scheduler_job.py:633} INFO - Processing file /home/airflow/.local/lib/python3.6/site-packages/airflow/example_dags/tutorial.py for tasks to queue
[2021-06-15 04:06:08,112] {logging_mixin.py:104} INFO - [2021-06-15 04:06:08,110] {dagbag.py:487} INFO - Filling up the DagBag from /home/airflow/.local/lib/python3.6/site-packages/airflow/example_dags/tutorial.py
[2021-06-15 04:06:08,206] {scheduler_job.py:643} INFO - DAG(s) dict_keys(['tutorial']) retrieved from /home/airflow/.local/lib/python3.6/site-packages/airflow/example_dags/tutorial.py
[2021-06-15 04:06:08,387] {logging_mixin.py:104} INFO - [2021-06-15 04:06:08,386] {dag.py:1832} INFO - Sync 1 DAGs
[2021-06-15 04:06:08,574] {logging_mixin.py:104} INFO - [2021-06-15 04:06:08,573] {dag.py:2305} INFO - Setting next_dagrun for tutorial to 2021-06-13 00:00:00+00:00
[2021-06-15 04:06:08,640] {scheduler_job.py:190} INFO - Processing /home/airflow/.local/lib/python3.6/site-packages/airflow/example_dags/tutorial.py took 0.576 seconds
[2021-06-15 04:06:39,131] {scheduler_job.py:182} INFO - Started process (PID=589) to work on /home/airflow/.local/lib/python3.6/site-packages/airflow/example_dags/tutorial.py
[2021-06-15 04:06:39,142] {scheduler_job.py:633} INFO - Processing file /home/airflow/.local/lib/python3.6/site-packages/airflow/example_dags/tutorial.py for tasks to queue
[2021-06-15 04:06:39,151] {logging_mixin.py:104} INFO - [2021-06-15 04:06:39,150] {dagbag.py:487} INFO - Filling up the DagBag from /home/airflow/.local/lib/python3.6/site-packages/airflow/example_dags/tutorial.py
[2021-06-15 04:06:39,231] {scheduler_job.py:643} INFO - DAG(s) dict_keys(['tutorial']) retrieved from /home/airflow/.local/lib/python3.6/site-packages/airflow/example_dags/tutorial.py
[2021-06-15 04:06:39,371] {logging_mixin.py:104} INFO - [2021-06-15 04:06:39,370] {dag.py:1832} INFO - Sync 1 DAGs
[2021-06-15 04:06:39,488] {logging_mixin.py:104} INFO - [2021-06-15 04:06:39,487] {dag.py:2305} INFO - Setting next_dagrun for tutorial to 2021-06-13 00:00:00+00:00
[2021-06-15 04:06:39,542] {scheduler_job.py:190} INFO - Processing /home/airflow/.local/lib/python3.6/site-packages/airflow/example_dags/tutorial.py took 0.433 seconds
[2021-06-15 04:07:09,811] {scheduler_job.py:182} INFO - Started process (PID=656) to work on /home/airflow/.local/lib/python3.6/site-packages/airflow/example_dags/tutorial.py
[2021-06-15 04:07:09,820] {scheduler_job.py:633} INFO - Processing file /home/airflow/.local/lib/python3.6/site-packages/airflow/example_dags/tutorial.py for tasks to queue
[2021-06-15 04:07:09,826] {logging_mixin.py:104} INFO - [2021-06-15 04:07:09,825] {dagbag.py:487} INFO - Filling up the DagBag from /home/airflow/.local/lib/python3.6/site-packages/airflow/example_dags/tutorial.py
[2021-06-15 04:07:09,906] {scheduler_job.py:643} INFO - DAG(s) dict_keys(['tutorial']) retrieved from /home/airflow/.local/lib/python3.6/site-packages/airflow/example_dags/tutorial.py
[2021-06-15 04:07:10,029] {logging_mixin.py:104} INFO - [2021-06-15 04:07:10,029] {dag.py:1832} INFO - Sync 1 DAGs
[2021-06-15 04:07:10,132] {logging_mixin.py:104} INFO - [2021-06-15 04:07:10,131] {dag.py:2305} INFO - Setting next_dagrun for tutorial to 2021-06-13 00:00:00+00:00
[2021-06-15 04:07:10,194] {scheduler_job.py:190} INFO - Processing /home/airflow/.local/lib/python3.6/site-packages/airflow/example_dags/tutorial.py took 0.401 seconds
[2021-06-15 04:07:40,385] {scheduler_job.py:182} INFO - Started process (PID=717) to work on /home/airflow/.local/lib/python3.6/site-packages/airflow/example_dags/tutorial.py
[2021-06-15 04:07:40,394] {scheduler_job.py:633} INFO - Processing file /home/airflow/.local/lib/python3.6/site-packages/airflow/example_dags/tutorial.py for tasks to queue
[2021-06-15 04:07:40,401] {logging_mixin.py:104} INFO - [2021-06-15 04:07:40,400] {dagbag.py:487} INFO - Filling up the DagBag from /home/airflow/.local/lib/python3.6/site-packages/airflow/example_dags/tutorial.py
[2021-06-15 04:07:40,473] {scheduler_job.py:643} INFO - DAG(s) dict_keys(['tutorial']) retrieved from /home/airflow/.local/lib/python3.6/site-packages/airflow/example_dags/tutorial.py
[2021-06-15 04:07:40,589] {logging_mixin.py:104} INFO - [2021-06-15 04:07:40,588] {dag.py:1832} INFO - Sync 1 DAGs
[2021-06-15 04:07:40,670] {logging_mixin.py:104} INFO - [2021-06-15 04:07:40,670] {dag.py:2305} INFO - Setting next_dagrun for tutorial to 2021-06-13 00:00:00+00:00
[2021-06-15 04:07:40,718] {scheduler_job.py:190} INFO - Processing /home/airflow/.local/lib/python3.6/site-packages/airflow/example_dags/tutorial.py took 0.350 seconds
[2021-06-15 04:08:11,186] {scheduler_job.py:182} INFO - Started process (PID=773) to work on /home/airflow/.local/lib/python3.6/site-packages/airflow/example_dags/tutorial.py
[2021-06-15 04:08:11,200] {scheduler_job.py:633} INFO - Processing file /home/airflow/.local/lib/python3.6/site-packages/airflow/example_dags/tutorial.py for tasks to queue
[2021-06-15 04:08:11,208] {logging_mixin.py:104} INFO - [2021-06-15 04:08:11,207] {dagbag.py:487} INFO - Filling up the DagBag from /home/airflow/.local/lib/python3.6/site-packages/airflow/example_dags/tutorial.py
[2021-06-15 04:08:11,288] {scheduler_job.py:643} INFO - DAG(s) dict_keys(['tutorial']) retrieved from /home/airflow/.local/lib/python3.6/site-packages/airflow/example_dags/tutorial.py
[2021-06-15 04:08:11,439] {logging_mixin.py:104} INFO - [2021-06-15 04:08:11,439] {dag.py:1832} INFO - Sync 1 DAGs
[2021-06-15 04:08:11,583] {logging_mixin.py:104} INFO - [2021-06-15 04:08:11,581] {dag.py:2305} INFO - Setting next_dagrun for tutorial to 2021-06-13 00:00:00+00:00
[2021-06-15 04:08:11,641] {scheduler_job.py:190} INFO - Processing /home/airflow/.local/lib/python3.6/site-packages/airflow/example_dags/tutorial.py took 0.474 seconds
[2021-06-15 04:08:41,855] {scheduler_job.py:182} INFO - Started process (PID=841) to work on /home/airflow/.local/lib/python3.6/site-packages/airflow/example_dags/tutorial.py
[2021-06-15 04:08:41,863] {scheduler_job.py:633} INFO - Processing file /home/airflow/.local/lib/python3.6/site-packages/airflow/example_dags/tutorial.py for tasks to queue
[2021-06-15 04:08:41,868] {logging_mixin.py:104} INFO - [2021-06-15 04:08:41,867] {dagbag.py:487} INFO - Filling up the DagBag from /home/airflow/.local/lib/python3.6/site-packages/airflow/example_dags/tutorial.py
[2021-06-15 04:08:41,926] {scheduler_job.py:643} INFO - DAG(s) dict_keys(['tutorial']) retrieved from /home/airflow/.local/lib/python3.6/site-packages/airflow/example_dags/tutorial.py
[2021-06-15 04:08:42,027] {logging_mixin.py:104} INFO - [2021-06-15 04:08:42,027] {dag.py:1832} INFO - Sync 1 DAGs
[2021-06-15 04:08:42,105] {logging_mixin.py:104} INFO - [2021-06-15 04:08:42,104] {dag.py:2305} INFO - Setting next_dagrun for tutorial to 2021-06-13 00:00:00+00:00
[2021-06-15 04:08:42,148] {scheduler_job.py:190} INFO - Processing /home/airflow/.local/lib/python3.6/site-packages/airflow/example_dags/tutorial.py took 0.307 seconds
[2021-06-15 04:09:12,591] {scheduler_job.py:182} INFO - Started process (PID=901) to work on /home/airflow/.local/lib/python3.6/site-packages/airflow/example_dags/tutorial.py
[2021-06-15 04:09:12,601] {scheduler_job.py:633} INFO - Processing file /home/airflow/.local/lib/python3.6/site-packages/airflow/example_dags/tutorial.py for tasks to queue
[2021-06-15 04:09:12,610] {logging_mixin.py:104} INFO - [2021-06-15 04:09:12,608] {dagbag.py:487} INFO - Filling up the DagBag from /home/airflow/.local/lib/python3.6/site-packages/airflow/example_dags/tutorial.py
[2021-06-15 04:09:12,695] {scheduler_job.py:643} INFO - DAG(s) dict_keys(['tutorial']) retrieved from /home/airflow/.local/lib/python3.6/site-packages/airflow/example_dags/tutorial.py
[2021-06-15 04:09:12,845] {logging_mixin.py:104} INFO - [2021-06-15 04:09:12,843] {dag.py:1832} INFO - Sync 1 DAGs
[2021-06-15 04:09:12,950] {logging_mixin.py:104} INFO - [2021-06-15 04:09:12,949] {dag.py:2305} INFO - Setting next_dagrun for tutorial to 2021-06-13 00:00:00+00:00
[2021-06-15 04:09:13,013] {scheduler_job.py:190} INFO - Processing /home/airflow/.local/lib/python3.6/site-packages/airflow/example_dags/tutorial.py took 0.453 seconds
[2021-06-15 04:09:43,927] {scheduler_job.py:182} INFO - Started process (PID=965) to work on /home/airflow/.local/lib/python3.6/site-packages/airflow/example_dags/tutorial.py
[2021-06-15 04:09:43,938] {scheduler_job.py:633} INFO - Processing file /home/airflow/.local/lib/python3.6/site-packages/airflow/example_dags/tutorial.py for tasks to queue
[2021-06-15 04:09:43,946] {logging_mixin.py:104} INFO - [2021-06-15 04:09:43,945] {dagbag.py:487} INFO - Filling up the DagBag from /home/airflow/.local/lib/python3.6/site-packages/airflow/example_dags/tutorial.py
[2021-06-15 04:09:44,017] {scheduler_job.py:643} INFO - DAG(s) dict_keys(['tutorial']) retrieved from /home/airflow/.local/lib/python3.6/site-packages/airflow/example_dags/tutorial.py
[2021-06-15 04:09:44,122] {logging_mixin.py:104} INFO - [2021-06-15 04:09:44,121] {dag.py:1832} INFO - Sync 1 DAGs
[2021-06-15 04:09:44,198] {logging_mixin.py:104} INFO - [2021-06-15 04:09:44,197] {dag.py:2305} INFO - Setting next_dagrun for tutorial to 2021-06-13 00:00:00+00:00
[2021-06-15 04:09:44,247] {scheduler_job.py:190} INFO - Processing /home/airflow/.local/lib/python3.6/site-packages/airflow/example_dags/tutorial.py took 0.343 seconds
[2021-06-15 04:10:14,824] {scheduler_job.py:182} INFO - Started process (PID=1025) to work on /home/airflow/.local/lib/python3.6/site-packages/airflow/example_dags/tutorial.py
[2021-06-15 04:10:14,833] {scheduler_job.py:633} INFO - Processing file /home/airflow/.local/lib/python3.6/site-packages/airflow/example_dags/tutorial.py for tasks to queue
[2021-06-15 04:10:14,842] {logging_mixin.py:104} INFO - [2021-06-15 04:10:14,841] {dagbag.py:487} INFO - Filling up the DagBag from /home/airflow/.local/lib/python3.6/site-packages/airflow/example_dags/tutorial.py
[2021-06-15 04:10:14,935] {scheduler_job.py:643} INFO - DAG(s) dict_keys(['tutorial']) retrieved from /home/airflow/.local/lib/python3.6/site-packages/airflow/example_dags/tutorial.py
[2021-06-15 04:10:15,058] {logging_mixin.py:104} INFO - [2021-06-15 04:10:15,058] {dag.py:1832} INFO - Sync 1 DAGs
[2021-06-15 04:10:15,133] {logging_mixin.py:104} INFO - [2021-06-15 04:10:15,133] {dag.py:2305} INFO - Setting next_dagrun for tutorial to 2021-06-13 00:00:00+00:00
[2021-06-15 04:10:15,184] {scheduler_job.py:190} INFO - Processing /home/airflow/.local/lib/python3.6/site-packages/airflow/example_dags/tutorial.py took 0.386 seconds
[2021-06-15 04:10:45,405] {scheduler_job.py:182} INFO - Started process (PID=1092) to work on /home/airflow/.local/lib/python3.6/site-packages/airflow/example_dags/tutorial.py
[2021-06-15 04:10:45,413] {scheduler_job.py:633} INFO - Processing file /home/airflow/.local/lib/python3.6/site-packages/airflow/example_dags/tutorial.py for tasks to queue
[2021-06-15 04:10:45,420] {logging_mixin.py:104} INFO - [2021-06-15 04:10:45,419] {dagbag.py:487} INFO - Filling up the DagBag from /home/airflow/.local/lib/python3.6/site-packages/airflow/example_dags/tutorial.py
[2021-06-15 04:10:45,499] {scheduler_job.py:643} INFO - DAG(s) dict_keys(['tutorial']) retrieved from /home/airflow/.local/lib/python3.6/site-packages/airflow/example_dags/tutorial.py
[2021-06-15 04:10:45,634] {logging_mixin.py:104} INFO - [2021-06-15 04:10:45,633] {dag.py:1832} INFO - Sync 1 DAGs
[2021-06-15 04:10:45,707] {logging_mixin.py:104} INFO - [2021-06-15 04:10:45,707] {dag.py:2305} INFO - Setting next_dagrun for tutorial to 2021-06-13 00:00:00+00:00
[2021-06-15 04:10:45,753] {scheduler_job.py:190} INFO - Processing /home/airflow/.local/lib/python3.6/site-packages/airflow/example_dags/tutorial.py took 0.371 seconds
[2021-06-15 04:11:16,427] {scheduler_job.py:182} INFO - Started process (PID=1154) to work on /home/airflow/.local/lib/python3.6/site-packages/airflow/example_dags/tutorial.py
[2021-06-15 04:11:16,436] {scheduler_job.py:633} INFO - Processing file /home/airflow/.local/lib/python3.6/site-packages/airflow/example_dags/tutorial.py for tasks to queue
[2021-06-15 04:11:16,445] {logging_mixin.py:104} INFO - [2021-06-15 04:11:16,444] {dagbag.py:487} INFO - Filling up the DagBag from /home/airflow/.local/lib/python3.6/site-packages/airflow/example_dags/tutorial.py
[2021-06-15 04:11:16,530] {scheduler_job.py:643} INFO - DAG(s) dict_keys(['tutorial']) retrieved from /home/airflow/.local/lib/python3.6/site-packages/airflow/example_dags/tutorial.py
[2021-06-15 04:11:16,730] {logging_mixin.py:104} INFO - [2021-06-15 04:11:16,730] {dag.py:1832} INFO - Sync 1 DAGs
[2021-06-15 04:11:16,913] {logging_mixin.py:104} INFO - [2021-06-15 04:11:16,912] {dag.py:2305} INFO - Setting next_dagrun for tutorial to 2021-06-13 00:00:00+00:00
[2021-06-15 04:11:17,055] {scheduler_job.py:190} INFO - Processing /home/airflow/.local/lib/python3.6/site-packages/airflow/example_dags/tutorial.py took 0.645 seconds
[2021-06-15 04:11:47,205] {scheduler_job.py:182} INFO - Started process (PID=1211) to work on /home/airflow/.local/lib/python3.6/site-packages/airflow/example_dags/tutorial.py
[2021-06-15 04:11:47,216] {scheduler_job.py:633} INFO - Processing file /home/airflow/.local/lib/python3.6/site-packages/airflow/example_dags/tutorial.py for tasks to queue
[2021-06-15 04:11:47,230] {logging_mixin.py:104} INFO - [2021-06-15 04:11:47,228] {dagbag.py:487} INFO - Filling up the DagBag from /home/airflow/.local/lib/python3.6/site-packages/airflow/example_dags/tutorial.py
[2021-06-15 04:11:47,344] {scheduler_job.py:643} INFO - DAG(s) dict_keys(['tutorial']) retrieved from /home/airflow/.local/lib/python3.6/site-packages/airflow/example_dags/tutorial.py
[2021-06-15 04:11:47,461] {logging_mixin.py:104} INFO - [2021-06-15 04:11:47,460] {dag.py:1832} INFO - Sync 1 DAGs
[2021-06-15 04:11:47,541] {logging_mixin.py:104} INFO - [2021-06-15 04:11:47,540] {dag.py:2305} INFO - Setting next_dagrun for tutorial to 2021-06-13 00:00:00+00:00
[2021-06-15 04:11:47,597] {scheduler_job.py:190} INFO - Processing /home/airflow/.local/lib/python3.6/site-packages/airflow/example_dags/tutorial.py took 0.421 seconds
