[2021-06-15 03:25:30,418] {scheduler_job.py:182} INFO - Started process (PID=99) to work on /home/airflow/.local/lib/python3.6/site-packages/airflow/example_dags/tutorial_taskflow_api_etl.py
[2021-06-15 03:25:30,426] {scheduler_job.py:633} INFO - Processing file /home/airflow/.local/lib/python3.6/site-packages/airflow/example_dags/tutorial_taskflow_api_etl.py for tasks to queue
[2021-06-15 03:25:30,434] {logging_mixin.py:104} INFO - [2021-06-15 03:25:30,432] {dagbag.py:487} INFO - Filling up the DagBag from /home/airflow/.local/lib/python3.6/site-packages/airflow/example_dags/tutorial_taskflow_api_etl.py
[2021-06-15 03:25:30,511] {scheduler_job.py:643} INFO - DAG(s) dict_keys(['tutorial_taskflow_api_etl']) retrieved from /home/airflow/.local/lib/python3.6/site-packages/airflow/example_dags/tutorial_taskflow_api_etl.py
[2021-06-15 03:25:31,526] {logging_mixin.py:104} INFO - [2021-06-15 03:25:31,526] {dag.py:1832} INFO - Sync 1 DAGs
[2021-06-15 03:25:31,589] {logging_mixin.py:104} INFO - [2021-06-15 03:25:31,588] {dag.py:2305} INFO - Setting next_dagrun for tutorial_taskflow_api_etl to None
[2021-06-15 03:25:31,637] {scheduler_job.py:190} INFO - Processing /home/airflow/.local/lib/python3.6/site-packages/airflow/example_dags/tutorial_taskflow_api_etl.py took 1.234 seconds
[2021-06-15 03:26:02,739] {scheduler_job.py:182} INFO - Started process (PID=159) to work on /home/airflow/.local/lib/python3.6/site-packages/airflow/example_dags/tutorial_taskflow_api_etl.py
[2021-06-15 03:26:02,752] {scheduler_job.py:633} INFO - Processing file /home/airflow/.local/lib/python3.6/site-packages/airflow/example_dags/tutorial_taskflow_api_etl.py for tasks to queue
[2021-06-15 03:26:02,760] {logging_mixin.py:104} INFO - [2021-06-15 03:26:02,759] {dagbag.py:487} INFO - Filling up the DagBag from /home/airflow/.local/lib/python3.6/site-packages/airflow/example_dags/tutorial_taskflow_api_etl.py
[2021-06-15 03:26:02,911] {scheduler_job.py:643} INFO - DAG(s) dict_keys(['tutorial_taskflow_api_etl']) retrieved from /home/airflow/.local/lib/python3.6/site-packages/airflow/example_dags/tutorial_taskflow_api_etl.py
[2021-06-15 03:26:04,191] {logging_mixin.py:104} INFO - [2021-06-15 03:26:04,190] {dag.py:1832} INFO - Sync 1 DAGs
[2021-06-15 03:26:04,306] {logging_mixin.py:104} INFO - [2021-06-15 03:26:04,305] {dag.py:2305} INFO - Setting next_dagrun for tutorial_taskflow_api_etl to None
[2021-06-15 03:26:04,375] {scheduler_job.py:190} INFO - Processing /home/airflow/.local/lib/python3.6/site-packages/airflow/example_dags/tutorial_taskflow_api_etl.py took 1.659 seconds
[2021-06-15 03:26:34,526] {scheduler_job.py:182} INFO - Started process (PID=219) to work on /home/airflow/.local/lib/python3.6/site-packages/airflow/example_dags/tutorial_taskflow_api_etl.py
[2021-06-15 03:26:34,536] {scheduler_job.py:633} INFO - Processing file /home/airflow/.local/lib/python3.6/site-packages/airflow/example_dags/tutorial_taskflow_api_etl.py for tasks to queue
[2021-06-15 03:26:34,542] {logging_mixin.py:104} INFO - [2021-06-15 03:26:34,542] {dagbag.py:487} INFO - Filling up the DagBag from /home/airflow/.local/lib/python3.6/site-packages/airflow/example_dags/tutorial_taskflow_api_etl.py
[2021-06-15 03:26:34,640] {scheduler_job.py:643} INFO - DAG(s) dict_keys(['tutorial_taskflow_api_etl']) retrieved from /home/airflow/.local/lib/python3.6/site-packages/airflow/example_dags/tutorial_taskflow_api_etl.py
[2021-06-15 03:26:35,612] {logging_mixin.py:104} INFO - [2021-06-15 03:26:35,612] {dag.py:1832} INFO - Sync 1 DAGs
[2021-06-15 03:26:35,676] {logging_mixin.py:104} INFO - [2021-06-15 03:26:35,676] {dag.py:2305} INFO - Setting next_dagrun for tutorial_taskflow_api_etl to None
[2021-06-15 03:26:35,731] {scheduler_job.py:190} INFO - Processing /home/airflow/.local/lib/python3.6/site-packages/airflow/example_dags/tutorial_taskflow_api_etl.py took 1.226 seconds
[2021-06-15 03:27:06,318] {scheduler_job.py:182} INFO - Started process (PID=286) to work on /home/airflow/.local/lib/python3.6/site-packages/airflow/example_dags/tutorial_taskflow_api_etl.py
[2021-06-15 03:27:06,329] {scheduler_job.py:633} INFO - Processing file /home/airflow/.local/lib/python3.6/site-packages/airflow/example_dags/tutorial_taskflow_api_etl.py for tasks to queue
[2021-06-15 03:27:06,335] {logging_mixin.py:104} INFO - [2021-06-15 03:27:06,334] {dagbag.py:487} INFO - Filling up the DagBag from /home/airflow/.local/lib/python3.6/site-packages/airflow/example_dags/tutorial_taskflow_api_etl.py
[2021-06-15 03:27:06,454] {scheduler_job.py:643} INFO - DAG(s) dict_keys(['tutorial_taskflow_api_etl']) retrieved from /home/airflow/.local/lib/python3.6/site-packages/airflow/example_dags/tutorial_taskflow_api_etl.py
[2021-06-15 03:27:07,431] {logging_mixin.py:104} INFO - [2021-06-15 03:27:07,431] {dag.py:1832} INFO - Sync 1 DAGs
[2021-06-15 03:27:07,493] {logging_mixin.py:104} INFO - [2021-06-15 03:27:07,493] {dag.py:2305} INFO - Setting next_dagrun for tutorial_taskflow_api_etl to None
[2021-06-15 03:27:07,547] {scheduler_job.py:190} INFO - Processing /home/airflow/.local/lib/python3.6/site-packages/airflow/example_dags/tutorial_taskflow_api_etl.py took 1.243 seconds
[2021-06-15 03:27:37,675] {scheduler_job.py:182} INFO - Started process (PID=347) to work on /home/airflow/.local/lib/python3.6/site-packages/airflow/example_dags/tutorial_taskflow_api_etl.py
[2021-06-15 03:27:37,682] {scheduler_job.py:633} INFO - Processing file /home/airflow/.local/lib/python3.6/site-packages/airflow/example_dags/tutorial_taskflow_api_etl.py for tasks to queue
[2021-06-15 03:27:37,688] {logging_mixin.py:104} INFO - [2021-06-15 03:27:37,688] {dagbag.py:487} INFO - Filling up the DagBag from /home/airflow/.local/lib/python3.6/site-packages/airflow/example_dags/tutorial_taskflow_api_etl.py
[2021-06-15 03:27:37,770] {scheduler_job.py:643} INFO - DAG(s) dict_keys(['tutorial_taskflow_api_etl']) retrieved from /home/airflow/.local/lib/python3.6/site-packages/airflow/example_dags/tutorial_taskflow_api_etl.py
[2021-06-15 03:27:38,679] {logging_mixin.py:104} INFO - [2021-06-15 03:27:38,678] {dag.py:1832} INFO - Sync 1 DAGs
[2021-06-15 03:27:38,770] {logging_mixin.py:104} INFO - [2021-06-15 03:27:38,770] {dag.py:2305} INFO - Setting next_dagrun for tutorial_taskflow_api_etl to None
[2021-06-15 03:27:38,827] {scheduler_job.py:190} INFO - Processing /home/airflow/.local/lib/python3.6/site-packages/airflow/example_dags/tutorial_taskflow_api_etl.py took 1.206 seconds
[2021-06-15 03:28:09,268] {scheduler_job.py:182} INFO - Started process (PID=411) to work on /home/airflow/.local/lib/python3.6/site-packages/airflow/example_dags/tutorial_taskflow_api_etl.py
[2021-06-15 03:28:09,276] {scheduler_job.py:633} INFO - Processing file /home/airflow/.local/lib/python3.6/site-packages/airflow/example_dags/tutorial_taskflow_api_etl.py for tasks to queue
[2021-06-15 03:28:09,283] {logging_mixin.py:104} INFO - [2021-06-15 03:28:09,282] {dagbag.py:487} INFO - Filling up the DagBag from /home/airflow/.local/lib/python3.6/site-packages/airflow/example_dags/tutorial_taskflow_api_etl.py
[2021-06-15 03:28:09,371] {scheduler_job.py:643} INFO - DAG(s) dict_keys(['tutorial_taskflow_api_etl']) retrieved from /home/airflow/.local/lib/python3.6/site-packages/airflow/example_dags/tutorial_taskflow_api_etl.py
[2021-06-15 03:28:10,387] {logging_mixin.py:104} INFO - [2021-06-15 03:28:10,386] {dag.py:1832} INFO - Sync 1 DAGs
[2021-06-15 03:28:10,452] {logging_mixin.py:104} INFO - [2021-06-15 03:28:10,451] {dag.py:2305} INFO - Setting next_dagrun for tutorial_taskflow_api_etl to None
[2021-06-15 03:28:10,507] {scheduler_job.py:190} INFO - Processing /home/airflow/.local/lib/python3.6/site-packages/airflow/example_dags/tutorial_taskflow_api_etl.py took 1.255 seconds
[2021-06-15 03:28:40,958] {scheduler_job.py:182} INFO - Started process (PID=471) to work on /home/airflow/.local/lib/python3.6/site-packages/airflow/example_dags/tutorial_taskflow_api_etl.py
[2021-06-15 03:28:40,966] {scheduler_job.py:633} INFO - Processing file /home/airflow/.local/lib/python3.6/site-packages/airflow/example_dags/tutorial_taskflow_api_etl.py for tasks to queue
[2021-06-15 03:28:40,971] {logging_mixin.py:104} INFO - [2021-06-15 03:28:40,971] {dagbag.py:487} INFO - Filling up the DagBag from /home/airflow/.local/lib/python3.6/site-packages/airflow/example_dags/tutorial_taskflow_api_etl.py
[2021-06-15 03:28:41,046] {scheduler_job.py:643} INFO - DAG(s) dict_keys(['tutorial_taskflow_api_etl']) retrieved from /home/airflow/.local/lib/python3.6/site-packages/airflow/example_dags/tutorial_taskflow_api_etl.py
[2021-06-15 03:28:41,876] {logging_mixin.py:104} INFO - [2021-06-15 03:28:41,875] {dag.py:1832} INFO - Sync 1 DAGs
[2021-06-15 03:28:41,940] {logging_mixin.py:104} INFO - [2021-06-15 03:28:41,939] {dag.py:2305} INFO - Setting next_dagrun for tutorial_taskflow_api_etl to None
[2021-06-15 03:28:41,998] {scheduler_job.py:190} INFO - Processing /home/airflow/.local/lib/python3.6/site-packages/airflow/example_dags/tutorial_taskflow_api_etl.py took 1.056 seconds
[2021-06-15 03:29:12,638] {scheduler_job.py:182} INFO - Started process (PID=539) to work on /home/airflow/.local/lib/python3.6/site-packages/airflow/example_dags/tutorial_taskflow_api_etl.py
[2021-06-15 03:29:12,649] {scheduler_job.py:633} INFO - Processing file /home/airflow/.local/lib/python3.6/site-packages/airflow/example_dags/tutorial_taskflow_api_etl.py for tasks to queue
[2021-06-15 03:29:12,656] {logging_mixin.py:104} INFO - [2021-06-15 03:29:12,655] {dagbag.py:487} INFO - Filling up the DagBag from /home/airflow/.local/lib/python3.6/site-packages/airflow/example_dags/tutorial_taskflow_api_etl.py
[2021-06-15 03:29:12,737] {scheduler_job.py:643} INFO - DAG(s) dict_keys(['tutorial_taskflow_api_etl']) retrieved from /home/airflow/.local/lib/python3.6/site-packages/airflow/example_dags/tutorial_taskflow_api_etl.py
[2021-06-15 03:29:13,625] {logging_mixin.py:104} INFO - [2021-06-15 03:29:13,624] {dag.py:1832} INFO - Sync 1 DAGs
[2021-06-15 03:29:13,685] {logging_mixin.py:104} INFO - [2021-06-15 03:29:13,685] {dag.py:2305} INFO - Setting next_dagrun for tutorial_taskflow_api_etl to None
[2021-06-15 03:29:13,736] {scheduler_job.py:190} INFO - Processing /home/airflow/.local/lib/python3.6/site-packages/airflow/example_dags/tutorial_taskflow_api_etl.py took 1.117 seconds
[2021-06-15 03:29:44,690] {scheduler_job.py:182} INFO - Started process (PID=606) to work on /home/airflow/.local/lib/python3.6/site-packages/airflow/example_dags/tutorial_taskflow_api_etl.py
[2021-06-15 03:29:44,700] {scheduler_job.py:633} INFO - Processing file /home/airflow/.local/lib/python3.6/site-packages/airflow/example_dags/tutorial_taskflow_api_etl.py for tasks to queue
[2021-06-15 03:29:44,707] {logging_mixin.py:104} INFO - [2021-06-15 03:29:44,706] {dagbag.py:487} INFO - Filling up the DagBag from /home/airflow/.local/lib/python3.6/site-packages/airflow/example_dags/tutorial_taskflow_api_etl.py
[2021-06-15 03:29:44,836] {scheduler_job.py:643} INFO - DAG(s) dict_keys(['tutorial_taskflow_api_etl']) retrieved from /home/airflow/.local/lib/python3.6/site-packages/airflow/example_dags/tutorial_taskflow_api_etl.py
[2021-06-15 03:29:46,532] {logging_mixin.py:104} INFO - [2021-06-15 03:29:46,531] {dag.py:1832} INFO - Sync 1 DAGs
[2021-06-15 03:29:46,647] {logging_mixin.py:104} INFO - [2021-06-15 03:29:46,647] {dag.py:2305} INFO - Setting next_dagrun for tutorial_taskflow_api_etl to None
[2021-06-15 03:29:46,729] {scheduler_job.py:190} INFO - Processing /home/airflow/.local/lib/python3.6/site-packages/airflow/example_dags/tutorial_taskflow_api_etl.py took 2.063 seconds
[2021-06-15 03:30:17,437] {scheduler_job.py:182} INFO - Started process (PID=668) to work on /home/airflow/.local/lib/python3.6/site-packages/airflow/example_dags/tutorial_taskflow_api_etl.py
[2021-06-15 03:30:17,444] {scheduler_job.py:633} INFO - Processing file /home/airflow/.local/lib/python3.6/site-packages/airflow/example_dags/tutorial_taskflow_api_etl.py for tasks to queue
[2021-06-15 03:30:17,448] {logging_mixin.py:104} INFO - [2021-06-15 03:30:17,448] {dagbag.py:487} INFO - Filling up the DagBag from /home/airflow/.local/lib/python3.6/site-packages/airflow/example_dags/tutorial_taskflow_api_etl.py
[2021-06-15 03:30:17,518] {scheduler_job.py:643} INFO - DAG(s) dict_keys(['tutorial_taskflow_api_etl']) retrieved from /home/airflow/.local/lib/python3.6/site-packages/airflow/example_dags/tutorial_taskflow_api_etl.py
[2021-06-15 03:30:18,304] {logging_mixin.py:104} INFO - [2021-06-15 03:30:18,303] {dag.py:1832} INFO - Sync 1 DAGs
[2021-06-15 03:30:18,357] {logging_mixin.py:104} INFO - [2021-06-15 03:30:18,357] {dag.py:2305} INFO - Setting next_dagrun for tutorial_taskflow_api_etl to None
[2021-06-15 03:30:18,400] {scheduler_job.py:190} INFO - Processing /home/airflow/.local/lib/python3.6/site-packages/airflow/example_dags/tutorial_taskflow_api_etl.py took 0.976 seconds
[2021-06-15 03:30:48,680] {scheduler_job.py:182} INFO - Started process (PID=735) to work on /home/airflow/.local/lib/python3.6/site-packages/airflow/example_dags/tutorial_taskflow_api_etl.py
[2021-06-15 03:30:48,686] {scheduler_job.py:633} INFO - Processing file /home/airflow/.local/lib/python3.6/site-packages/airflow/example_dags/tutorial_taskflow_api_etl.py for tasks to queue
[2021-06-15 03:30:48,692] {logging_mixin.py:104} INFO - [2021-06-15 03:30:48,691] {dagbag.py:487} INFO - Filling up the DagBag from /home/airflow/.local/lib/python3.6/site-packages/airflow/example_dags/tutorial_taskflow_api_etl.py
[2021-06-15 03:30:48,761] {scheduler_job.py:643} INFO - DAG(s) dict_keys(['tutorial_taskflow_api_etl']) retrieved from /home/airflow/.local/lib/python3.6/site-packages/airflow/example_dags/tutorial_taskflow_api_etl.py
[2021-06-15 03:30:49,537] {logging_mixin.py:104} INFO - [2021-06-15 03:30:49,537] {dag.py:1832} INFO - Sync 1 DAGs
[2021-06-15 03:30:49,594] {logging_mixin.py:104} INFO - [2021-06-15 03:30:49,594] {dag.py:2305} INFO - Setting next_dagrun for tutorial_taskflow_api_etl to None
[2021-06-15 03:30:49,652] {scheduler_job.py:190} INFO - Processing /home/airflow/.local/lib/python3.6/site-packages/airflow/example_dags/tutorial_taskflow_api_etl.py took 0.986 seconds
[2021-06-15 03:31:20,109] {scheduler_job.py:182} INFO - Started process (PID=802) to work on /home/airflow/.local/lib/python3.6/site-packages/airflow/example_dags/tutorial_taskflow_api_etl.py
[2021-06-15 03:31:20,117] {scheduler_job.py:633} INFO - Processing file /home/airflow/.local/lib/python3.6/site-packages/airflow/example_dags/tutorial_taskflow_api_etl.py for tasks to queue
[2021-06-15 03:31:20,123] {logging_mixin.py:104} INFO - [2021-06-15 03:31:20,122] {dagbag.py:487} INFO - Filling up the DagBag from /home/airflow/.local/lib/python3.6/site-packages/airflow/example_dags/tutorial_taskflow_api_etl.py
[2021-06-15 03:31:20,207] {scheduler_job.py:643} INFO - DAG(s) dict_keys(['tutorial_taskflow_api_etl']) retrieved from /home/airflow/.local/lib/python3.6/site-packages/airflow/example_dags/tutorial_taskflow_api_etl.py
[2021-06-15 03:31:20,306] {logging_mixin.py:104} INFO - [2021-06-15 03:31:20,306] {dag.py:1832} INFO - Sync 1 DAGs
[2021-06-15 03:31:20,374] {logging_mixin.py:104} INFO - [2021-06-15 03:31:20,374] {dag.py:2305} INFO - Setting next_dagrun for tutorial_taskflow_api_etl to None
[2021-06-15 03:31:20,424] {scheduler_job.py:190} INFO - Processing /home/airflow/.local/lib/python3.6/site-packages/airflow/example_dags/tutorial_taskflow_api_etl.py took 0.338 seconds
[2021-06-15 03:31:50,873] {scheduler_job.py:182} INFO - Started process (PID=862) to work on /home/airflow/.local/lib/python3.6/site-packages/airflow/example_dags/tutorial_taskflow_api_etl.py
[2021-06-15 03:31:50,879] {scheduler_job.py:633} INFO - Processing file /home/airflow/.local/lib/python3.6/site-packages/airflow/example_dags/tutorial_taskflow_api_etl.py for tasks to queue
[2021-06-15 03:31:50,884] {logging_mixin.py:104} INFO - [2021-06-15 03:31:50,883] {dagbag.py:487} INFO - Filling up the DagBag from /home/airflow/.local/lib/python3.6/site-packages/airflow/example_dags/tutorial_taskflow_api_etl.py
[2021-06-15 03:31:50,956] {scheduler_job.py:643} INFO - DAG(s) dict_keys(['tutorial_taskflow_api_etl']) retrieved from /home/airflow/.local/lib/python3.6/site-packages/airflow/example_dags/tutorial_taskflow_api_etl.py
[2021-06-15 03:31:51,052] {logging_mixin.py:104} INFO - [2021-06-15 03:31:51,051] {dag.py:1832} INFO - Sync 1 DAGs
[2021-06-15 03:31:51,114] {logging_mixin.py:104} INFO - [2021-06-15 03:31:51,114] {dag.py:2305} INFO - Setting next_dagrun for tutorial_taskflow_api_etl to None
[2021-06-15 03:31:51,155] {scheduler_job.py:190} INFO - Processing /home/airflow/.local/lib/python3.6/site-packages/airflow/example_dags/tutorial_taskflow_api_etl.py took 0.297 seconds
[2021-06-15 03:32:22,444] {scheduler_job.py:182} INFO - Started process (PID=930) to work on /home/airflow/.local/lib/python3.6/site-packages/airflow/example_dags/tutorial_taskflow_api_etl.py
[2021-06-15 03:32:22,471] {scheduler_job.py:633} INFO - Processing file /home/airflow/.local/lib/python3.6/site-packages/airflow/example_dags/tutorial_taskflow_api_etl.py for tasks to queue
[2021-06-15 03:32:22,480] {logging_mixin.py:104} INFO - [2021-06-15 03:32:22,480] {dagbag.py:487} INFO - Filling up the DagBag from /home/airflow/.local/lib/python3.6/site-packages/airflow/example_dags/tutorial_taskflow_api_etl.py
[2021-06-15 03:32:22,610] {scheduler_job.py:643} INFO - DAG(s) dict_keys(['tutorial_taskflow_api_etl']) retrieved from /home/airflow/.local/lib/python3.6/site-packages/airflow/example_dags/tutorial_taskflow_api_etl.py
[2021-06-15 03:32:23,675] {logging_mixin.py:104} INFO - [2021-06-15 03:32:23,675] {dag.py:1832} INFO - Sync 1 DAGs
[2021-06-15 03:32:23,782] {logging_mixin.py:104} INFO - [2021-06-15 03:32:23,781] {dag.py:2305} INFO - Setting next_dagrun for tutorial_taskflow_api_etl to None
[2021-06-15 03:32:23,868] {scheduler_job.py:190} INFO - Processing /home/airflow/.local/lib/python3.6/site-packages/airflow/example_dags/tutorial_taskflow_api_etl.py took 1.452 seconds
[2021-06-15 03:32:54,477] {scheduler_job.py:182} INFO - Started process (PID=998) to work on /home/airflow/.local/lib/python3.6/site-packages/airflow/example_dags/tutorial_taskflow_api_etl.py
[2021-06-15 03:32:54,484] {scheduler_job.py:633} INFO - Processing file /home/airflow/.local/lib/python3.6/site-packages/airflow/example_dags/tutorial_taskflow_api_etl.py for tasks to queue
[2021-06-15 03:32:54,491] {logging_mixin.py:104} INFO - [2021-06-15 03:32:54,490] {dagbag.py:487} INFO - Filling up the DagBag from /home/airflow/.local/lib/python3.6/site-packages/airflow/example_dags/tutorial_taskflow_api_etl.py
[2021-06-15 03:32:54,608] {scheduler_job.py:643} INFO - DAG(s) dict_keys(['tutorial_taskflow_api_etl']) retrieved from /home/airflow/.local/lib/python3.6/site-packages/airflow/example_dags/tutorial_taskflow_api_etl.py
[2021-06-15 03:32:55,778] {logging_mixin.py:104} INFO - [2021-06-15 03:32:55,777] {dag.py:1832} INFO - Sync 1 DAGs
[2021-06-15 03:32:55,846] {logging_mixin.py:104} INFO - [2021-06-15 03:32:55,846] {dag.py:2305} INFO - Setting next_dagrun for tutorial_taskflow_api_etl to None
[2021-06-15 03:32:55,907] {scheduler_job.py:190} INFO - Processing /home/airflow/.local/lib/python3.6/site-packages/airflow/example_dags/tutorial_taskflow_api_etl.py took 1.455 seconds
[2021-06-15 03:33:26,193] {scheduler_job.py:182} INFO - Started process (PID=1059) to work on /home/airflow/.local/lib/python3.6/site-packages/airflow/example_dags/tutorial_taskflow_api_etl.py
[2021-06-15 03:33:26,200] {scheduler_job.py:633} INFO - Processing file /home/airflow/.local/lib/python3.6/site-packages/airflow/example_dags/tutorial_taskflow_api_etl.py for tasks to queue
[2021-06-15 03:33:26,205] {logging_mixin.py:104} INFO - [2021-06-15 03:33:26,204] {dagbag.py:487} INFO - Filling up the DagBag from /home/airflow/.local/lib/python3.6/site-packages/airflow/example_dags/tutorial_taskflow_api_etl.py
[2021-06-15 03:33:26,274] {scheduler_job.py:643} INFO - DAG(s) dict_keys(['tutorial_taskflow_api_etl']) retrieved from /home/airflow/.local/lib/python3.6/site-packages/airflow/example_dags/tutorial_taskflow_api_etl.py
[2021-06-15 03:33:27,095] {logging_mixin.py:104} INFO - [2021-06-15 03:33:27,095] {dag.py:1832} INFO - Sync 1 DAGs
[2021-06-15 03:33:27,157] {logging_mixin.py:104} INFO - [2021-06-15 03:33:27,156] {dag.py:2305} INFO - Setting next_dagrun for tutorial_taskflow_api_etl to None
[2021-06-15 03:33:27,208] {scheduler_job.py:190} INFO - Processing /home/airflow/.local/lib/python3.6/site-packages/airflow/example_dags/tutorial_taskflow_api_etl.py took 1.030 seconds
[2021-06-15 03:33:57,436] {scheduler_job.py:182} INFO - Started process (PID=1117) to work on /home/airflow/.local/lib/python3.6/site-packages/airflow/example_dags/tutorial_taskflow_api_etl.py
[2021-06-15 03:33:57,446] {scheduler_job.py:633} INFO - Processing file /home/airflow/.local/lib/python3.6/site-packages/airflow/example_dags/tutorial_taskflow_api_etl.py for tasks to queue
[2021-06-15 03:33:57,452] {logging_mixin.py:104} INFO - [2021-06-15 03:33:57,452] {dagbag.py:487} INFO - Filling up the DagBag from /home/airflow/.local/lib/python3.6/site-packages/airflow/example_dags/tutorial_taskflow_api_etl.py
[2021-06-15 03:33:57,524] {scheduler_job.py:643} INFO - DAG(s) dict_keys(['tutorial_taskflow_api_etl']) retrieved from /home/airflow/.local/lib/python3.6/site-packages/airflow/example_dags/tutorial_taskflow_api_etl.py
[2021-06-15 03:33:58,339] {logging_mixin.py:104} INFO - [2021-06-15 03:33:58,339] {dag.py:1832} INFO - Sync 1 DAGs
[2021-06-15 03:33:58,407] {logging_mixin.py:104} INFO - [2021-06-15 03:33:58,407] {dag.py:2305} INFO - Setting next_dagrun for tutorial_taskflow_api_etl to None
[2021-06-15 03:33:58,462] {scheduler_job.py:190} INFO - Processing /home/airflow/.local/lib/python3.6/site-packages/airflow/example_dags/tutorial_taskflow_api_etl.py took 1.054 seconds
[2021-06-15 03:34:28,933] {scheduler_job.py:182} INFO - Started process (PID=1186) to work on /home/airflow/.local/lib/python3.6/site-packages/airflow/example_dags/tutorial_taskflow_api_etl.py
[2021-06-15 03:34:28,940] {scheduler_job.py:633} INFO - Processing file /home/airflow/.local/lib/python3.6/site-packages/airflow/example_dags/tutorial_taskflow_api_etl.py for tasks to queue
[2021-06-15 03:34:28,946] {logging_mixin.py:104} INFO - [2021-06-15 03:34:28,946] {dagbag.py:487} INFO - Filling up the DagBag from /home/airflow/.local/lib/python3.6/site-packages/airflow/example_dags/tutorial_taskflow_api_etl.py
[2021-06-15 03:34:29,024] {scheduler_job.py:643} INFO - DAG(s) dict_keys(['tutorial_taskflow_api_etl']) retrieved from /home/airflow/.local/lib/python3.6/site-packages/airflow/example_dags/tutorial_taskflow_api_etl.py
[2021-06-15 03:34:29,893] {logging_mixin.py:104} INFO - [2021-06-15 03:34:29,892] {dag.py:1832} INFO - Sync 1 DAGs
[2021-06-15 03:34:29,952] {logging_mixin.py:104} INFO - [2021-06-15 03:34:29,951] {dag.py:2305} INFO - Setting next_dagrun for tutorial_taskflow_api_etl to None
[2021-06-15 03:34:30,000] {scheduler_job.py:190} INFO - Processing /home/airflow/.local/lib/python3.6/site-packages/airflow/example_dags/tutorial_taskflow_api_etl.py took 1.088 seconds
[2021-06-15 03:35:00,377] {scheduler_job.py:182} INFO - Started process (PID=1253) to work on /home/airflow/.local/lib/python3.6/site-packages/airflow/example_dags/tutorial_taskflow_api_etl.py
[2021-06-15 03:35:00,386] {scheduler_job.py:633} INFO - Processing file /home/airflow/.local/lib/python3.6/site-packages/airflow/example_dags/tutorial_taskflow_api_etl.py for tasks to queue
[2021-06-15 03:35:00,394] {logging_mixin.py:104} INFO - [2021-06-15 03:35:00,393] {dagbag.py:487} INFO - Filling up the DagBag from /home/airflow/.local/lib/python3.6/site-packages/airflow/example_dags/tutorial_taskflow_api_etl.py
[2021-06-15 03:35:00,496] {scheduler_job.py:643} INFO - DAG(s) dict_keys(['tutorial_taskflow_api_etl']) retrieved from /home/airflow/.local/lib/python3.6/site-packages/airflow/example_dags/tutorial_taskflow_api_etl.py
[2021-06-15 03:35:00,636] {logging_mixin.py:104} INFO - [2021-06-15 03:35:00,635] {dag.py:1832} INFO - Sync 1 DAGs
[2021-06-15 03:35:00,719] {logging_mixin.py:104} INFO - [2021-06-15 03:35:00,719] {dag.py:2305} INFO - Setting next_dagrun for tutorial_taskflow_api_etl to None
[2021-06-15 03:35:00,773] {scheduler_job.py:190} INFO - Processing /home/airflow/.local/lib/python3.6/site-packages/airflow/example_dags/tutorial_taskflow_api_etl.py took 0.411 seconds
[2021-06-15 03:35:31,127] {scheduler_job.py:182} INFO - Started process (PID=1321) to work on /home/airflow/.local/lib/python3.6/site-packages/airflow/example_dags/tutorial_taskflow_api_etl.py
[2021-06-15 03:35:31,137] {scheduler_job.py:633} INFO - Processing file /home/airflow/.local/lib/python3.6/site-packages/airflow/example_dags/tutorial_taskflow_api_etl.py for tasks to queue
[2021-06-15 03:35:31,147] {logging_mixin.py:104} INFO - [2021-06-15 03:35:31,147] {dagbag.py:487} INFO - Filling up the DagBag from /home/airflow/.local/lib/python3.6/site-packages/airflow/example_dags/tutorial_taskflow_api_etl.py
[2021-06-15 03:35:31,235] {scheduler_job.py:643} INFO - DAG(s) dict_keys(['tutorial_taskflow_api_etl']) retrieved from /home/airflow/.local/lib/python3.6/site-packages/airflow/example_dags/tutorial_taskflow_api_etl.py
[2021-06-15 03:35:32,248] {logging_mixin.py:104} INFO - [2021-06-15 03:35:32,248] {dag.py:1832} INFO - Sync 1 DAGs
[2021-06-15 03:35:32,304] {logging_mixin.py:104} INFO - [2021-06-15 03:35:32,304] {dag.py:2305} INFO - Setting next_dagrun for tutorial_taskflow_api_etl to None
[2021-06-15 03:35:32,350] {scheduler_job.py:190} INFO - Processing /home/airflow/.local/lib/python3.6/site-packages/airflow/example_dags/tutorial_taskflow_api_etl.py took 1.247 seconds
[2021-06-15 03:36:03,028] {scheduler_job.py:182} INFO - Started process (PID=1381) to work on /home/airflow/.local/lib/python3.6/site-packages/airflow/example_dags/tutorial_taskflow_api_etl.py
[2021-06-15 03:36:03,040] {scheduler_job.py:633} INFO - Processing file /home/airflow/.local/lib/python3.6/site-packages/airflow/example_dags/tutorial_taskflow_api_etl.py for tasks to queue
[2021-06-15 03:36:03,053] {logging_mixin.py:104} INFO - [2021-06-15 03:36:03,052] {dagbag.py:487} INFO - Filling up the DagBag from /home/airflow/.local/lib/python3.6/site-packages/airflow/example_dags/tutorial_taskflow_api_etl.py
[2021-06-15 03:36:03,163] {scheduler_job.py:643} INFO - DAG(s) dict_keys(['tutorial_taskflow_api_etl']) retrieved from /home/airflow/.local/lib/python3.6/site-packages/airflow/example_dags/tutorial_taskflow_api_etl.py
[2021-06-15 03:36:04,101] {logging_mixin.py:104} INFO - [2021-06-15 03:36:04,100] {dag.py:1832} INFO - Sync 1 DAGs
[2021-06-15 03:36:04,159] {logging_mixin.py:104} INFO - [2021-06-15 03:36:04,159] {dag.py:2305} INFO - Setting next_dagrun for tutorial_taskflow_api_etl to None
[2021-06-15 03:36:04,201] {scheduler_job.py:190} INFO - Processing /home/airflow/.local/lib/python3.6/site-packages/airflow/example_dags/tutorial_taskflow_api_etl.py took 1.189 seconds
[2021-06-15 03:36:34,597] {scheduler_job.py:182} INFO - Started process (PID=1439) to work on /home/airflow/.local/lib/python3.6/site-packages/airflow/example_dags/tutorial_taskflow_api_etl.py
[2021-06-15 03:36:34,610] {scheduler_job.py:633} INFO - Processing file /home/airflow/.local/lib/python3.6/site-packages/airflow/example_dags/tutorial_taskflow_api_etl.py for tasks to queue
[2021-06-15 03:36:34,617] {logging_mixin.py:104} INFO - [2021-06-15 03:36:34,616] {dagbag.py:487} INFO - Filling up the DagBag from /home/airflow/.local/lib/python3.6/site-packages/airflow/example_dags/tutorial_taskflow_api_etl.py
[2021-06-15 03:36:34,767] {scheduler_job.py:643} INFO - DAG(s) dict_keys(['tutorial_taskflow_api_etl']) retrieved from /home/airflow/.local/lib/python3.6/site-packages/airflow/example_dags/tutorial_taskflow_api_etl.py
[2021-06-15 03:36:35,788] {logging_mixin.py:104} INFO - [2021-06-15 03:36:35,787] {dag.py:1832} INFO - Sync 1 DAGs
[2021-06-15 03:36:35,850] {logging_mixin.py:104} INFO - [2021-06-15 03:36:35,850] {dag.py:2305} INFO - Setting next_dagrun for tutorial_taskflow_api_etl to None
[2021-06-15 03:36:35,903] {scheduler_job.py:190} INFO - Processing /home/airflow/.local/lib/python3.6/site-packages/airflow/example_dags/tutorial_taskflow_api_etl.py took 1.348 seconds
[2021-06-15 03:37:06,435] {scheduler_job.py:182} INFO - Started process (PID=1508) to work on /home/airflow/.local/lib/python3.6/site-packages/airflow/example_dags/tutorial_taskflow_api_etl.py
[2021-06-15 03:37:06,450] {scheduler_job.py:633} INFO - Processing file /home/airflow/.local/lib/python3.6/site-packages/airflow/example_dags/tutorial_taskflow_api_etl.py for tasks to queue
[2021-06-15 03:37:06,457] {logging_mixin.py:104} INFO - [2021-06-15 03:37:06,456] {dagbag.py:487} INFO - Filling up the DagBag from /home/airflow/.local/lib/python3.6/site-packages/airflow/example_dags/tutorial_taskflow_api_etl.py
[2021-06-15 03:37:06,546] {scheduler_job.py:643} INFO - DAG(s) dict_keys(['tutorial_taskflow_api_etl']) retrieved from /home/airflow/.local/lib/python3.6/site-packages/airflow/example_dags/tutorial_taskflow_api_etl.py
[2021-06-15 03:37:07,622] {logging_mixin.py:104} INFO - [2021-06-15 03:37:07,621] {dag.py:1832} INFO - Sync 1 DAGs
[2021-06-15 03:37:07,710] {logging_mixin.py:104} INFO - [2021-06-15 03:37:07,710] {dag.py:2305} INFO - Setting next_dagrun for tutorial_taskflow_api_etl to None
[2021-06-15 03:37:07,791] {scheduler_job.py:190} INFO - Processing /home/airflow/.local/lib/python3.6/site-packages/airflow/example_dags/tutorial_taskflow_api_etl.py took 1.381 seconds
[2021-06-15 03:37:38,681] {scheduler_job.py:182} INFO - Started process (PID=1577) to work on /home/airflow/.local/lib/python3.6/site-packages/airflow/example_dags/tutorial_taskflow_api_etl.py
[2021-06-15 03:37:38,691] {scheduler_job.py:633} INFO - Processing file /home/airflow/.local/lib/python3.6/site-packages/airflow/example_dags/tutorial_taskflow_api_etl.py for tasks to queue
[2021-06-15 03:37:38,696] {logging_mixin.py:104} INFO - [2021-06-15 03:37:38,695] {dagbag.py:487} INFO - Filling up the DagBag from /home/airflow/.local/lib/python3.6/site-packages/airflow/example_dags/tutorial_taskflow_api_etl.py
[2021-06-15 03:37:38,762] {scheduler_job.py:643} INFO - DAG(s) dict_keys(['tutorial_taskflow_api_etl']) retrieved from /home/airflow/.local/lib/python3.6/site-packages/airflow/example_dags/tutorial_taskflow_api_etl.py
[2021-06-15 03:37:39,579] {logging_mixin.py:104} INFO - [2021-06-15 03:37:39,578] {dag.py:1832} INFO - Sync 1 DAGs
[2021-06-15 03:37:39,639] {logging_mixin.py:104} INFO - [2021-06-15 03:37:39,639] {dag.py:2305} INFO - Setting next_dagrun for tutorial_taskflow_api_etl to None
[2021-06-15 03:37:39,690] {scheduler_job.py:190} INFO - Processing /home/airflow/.local/lib/python3.6/site-packages/airflow/example_dags/tutorial_taskflow_api_etl.py took 1.059 seconds
[2021-06-15 03:38:09,920] {scheduler_job.py:182} INFO - Started process (PID=1646) to work on /home/airflow/.local/lib/python3.6/site-packages/airflow/example_dags/tutorial_taskflow_api_etl.py
[2021-06-15 03:38:09,928] {scheduler_job.py:633} INFO - Processing file /home/airflow/.local/lib/python3.6/site-packages/airflow/example_dags/tutorial_taskflow_api_etl.py for tasks to queue
[2021-06-15 03:38:09,933] {logging_mixin.py:104} INFO - [2021-06-15 03:38:09,932] {dagbag.py:487} INFO - Filling up the DagBag from /home/airflow/.local/lib/python3.6/site-packages/airflow/example_dags/tutorial_taskflow_api_etl.py
[2021-06-15 03:38:10,002] {scheduler_job.py:643} INFO - DAG(s) dict_keys(['tutorial_taskflow_api_etl']) retrieved from /home/airflow/.local/lib/python3.6/site-packages/airflow/example_dags/tutorial_taskflow_api_etl.py
[2021-06-15 03:38:10,773] {logging_mixin.py:104} INFO - [2021-06-15 03:38:10,773] {dag.py:1832} INFO - Sync 1 DAGs
[2021-06-15 03:38:10,832] {logging_mixin.py:104} INFO - [2021-06-15 03:38:10,832] {dag.py:2305} INFO - Setting next_dagrun for tutorial_taskflow_api_etl to None
[2021-06-15 03:38:10,889] {scheduler_job.py:190} INFO - Processing /home/airflow/.local/lib/python3.6/site-packages/airflow/example_dags/tutorial_taskflow_api_etl.py took 0.983 seconds
[2021-06-15 03:38:41,062] {scheduler_job.py:182} INFO - Started process (PID=1706) to work on /home/airflow/.local/lib/python3.6/site-packages/airflow/example_dags/tutorial_taskflow_api_etl.py
[2021-06-15 03:38:41,069] {scheduler_job.py:633} INFO - Processing file /home/airflow/.local/lib/python3.6/site-packages/airflow/example_dags/tutorial_taskflow_api_etl.py for tasks to queue
[2021-06-15 03:38:41,074] {logging_mixin.py:104} INFO - [2021-06-15 03:38:41,073] {dagbag.py:487} INFO - Filling up the DagBag from /home/airflow/.local/lib/python3.6/site-packages/airflow/example_dags/tutorial_taskflow_api_etl.py
[2021-06-15 03:38:41,139] {scheduler_job.py:643} INFO - DAG(s) dict_keys(['tutorial_taskflow_api_etl']) retrieved from /home/airflow/.local/lib/python3.6/site-packages/airflow/example_dags/tutorial_taskflow_api_etl.py
[2021-06-15 03:38:41,227] {logging_mixin.py:104} INFO - [2021-06-15 03:38:41,226] {dag.py:1832} INFO - Sync 1 DAGs
[2021-06-15 03:38:41,289] {logging_mixin.py:104} INFO - [2021-06-15 03:38:41,289] {dag.py:2305} INFO - Setting next_dagrun for tutorial_taskflow_api_etl to None
[2021-06-15 03:38:41,345] {scheduler_job.py:190} INFO - Processing /home/airflow/.local/lib/python3.6/site-packages/airflow/example_dags/tutorial_taskflow_api_etl.py took 0.297 seconds
[2021-06-15 03:39:12,409] {scheduler_job.py:182} INFO - Started process (PID=1763) to work on /home/airflow/.local/lib/python3.6/site-packages/airflow/example_dags/tutorial_taskflow_api_etl.py
[2021-06-15 03:39:12,416] {scheduler_job.py:633} INFO - Processing file /home/airflow/.local/lib/python3.6/site-packages/airflow/example_dags/tutorial_taskflow_api_etl.py for tasks to queue
[2021-06-15 03:39:12,423] {logging_mixin.py:104} INFO - [2021-06-15 03:39:12,422] {dagbag.py:487} INFO - Filling up the DagBag from /home/airflow/.local/lib/python3.6/site-packages/airflow/example_dags/tutorial_taskflow_api_etl.py
[2021-06-15 03:39:12,502] {scheduler_job.py:643} INFO - DAG(s) dict_keys(['tutorial_taskflow_api_etl']) retrieved from /home/airflow/.local/lib/python3.6/site-packages/airflow/example_dags/tutorial_taskflow_api_etl.py
[2021-06-15 03:39:13,421] {logging_mixin.py:104} INFO - [2021-06-15 03:39:13,420] {dag.py:1832} INFO - Sync 1 DAGs
[2021-06-15 03:39:13,483] {logging_mixin.py:104} INFO - [2021-06-15 03:39:13,483] {dag.py:2305} INFO - Setting next_dagrun for tutorial_taskflow_api_etl to None
[2021-06-15 03:39:13,530] {scheduler_job.py:190} INFO - Processing /home/airflow/.local/lib/python3.6/site-packages/airflow/example_dags/tutorial_taskflow_api_etl.py took 1.135 seconds
[2021-06-15 03:39:44,839] {scheduler_job.py:182} INFO - Started process (PID=1834) to work on /home/airflow/.local/lib/python3.6/site-packages/airflow/example_dags/tutorial_taskflow_api_etl.py
[2021-06-15 03:39:44,849] {scheduler_job.py:633} INFO - Processing file /home/airflow/.local/lib/python3.6/site-packages/airflow/example_dags/tutorial_taskflow_api_etl.py for tasks to queue
[2021-06-15 03:39:44,855] {logging_mixin.py:104} INFO - [2021-06-15 03:39:44,854] {dagbag.py:487} INFO - Filling up the DagBag from /home/airflow/.local/lib/python3.6/site-packages/airflow/example_dags/tutorial_taskflow_api_etl.py
[2021-06-15 03:39:44,974] {scheduler_job.py:643} INFO - DAG(s) dict_keys(['tutorial_taskflow_api_etl']) retrieved from /home/airflow/.local/lib/python3.6/site-packages/airflow/example_dags/tutorial_taskflow_api_etl.py
[2021-06-15 03:39:46,143] {logging_mixin.py:104} INFO - [2021-06-15 03:39:46,142] {dag.py:1832} INFO - Sync 1 DAGs
[2021-06-15 03:39:46,205] {logging_mixin.py:104} INFO - [2021-06-15 03:39:46,205] {dag.py:2305} INFO - Setting next_dagrun for tutorial_taskflow_api_etl to None
[2021-06-15 03:39:46,255] {scheduler_job.py:190} INFO - Processing /home/airflow/.local/lib/python3.6/site-packages/airflow/example_dags/tutorial_taskflow_api_etl.py took 1.447 seconds
[2021-06-15 03:40:16,752] {scheduler_job.py:182} INFO - Started process (PID=1901) to work on /home/airflow/.local/lib/python3.6/site-packages/airflow/example_dags/tutorial_taskflow_api_etl.py
[2021-06-15 03:40:16,776] {scheduler_job.py:633} INFO - Processing file /home/airflow/.local/lib/python3.6/site-packages/airflow/example_dags/tutorial_taskflow_api_etl.py for tasks to queue
[2021-06-15 03:40:16,783] {logging_mixin.py:104} INFO - [2021-06-15 03:40:16,782] {dagbag.py:487} INFO - Filling up the DagBag from /home/airflow/.local/lib/python3.6/site-packages/airflow/example_dags/tutorial_taskflow_api_etl.py
[2021-06-15 03:40:16,859] {scheduler_job.py:643} INFO - DAG(s) dict_keys(['tutorial_taskflow_api_etl']) retrieved from /home/airflow/.local/lib/python3.6/site-packages/airflow/example_dags/tutorial_taskflow_api_etl.py
[2021-06-15 03:40:17,772] {logging_mixin.py:104} INFO - [2021-06-15 03:40:17,771] {dag.py:1832} INFO - Sync 1 DAGs
[2021-06-15 03:40:17,831] {logging_mixin.py:104} INFO - [2021-06-15 03:40:17,830] {dag.py:2305} INFO - Setting next_dagrun for tutorial_taskflow_api_etl to None
[2021-06-15 03:40:17,879] {scheduler_job.py:190} INFO - Processing /home/airflow/.local/lib/python3.6/site-packages/airflow/example_dags/tutorial_taskflow_api_etl.py took 1.152 seconds
[2021-06-15 03:40:48,937] {scheduler_job.py:182} INFO - Started process (PID=1969) to work on /home/airflow/.local/lib/python3.6/site-packages/airflow/example_dags/tutorial_taskflow_api_etl.py
[2021-06-15 03:40:48,945] {scheduler_job.py:633} INFO - Processing file /home/airflow/.local/lib/python3.6/site-packages/airflow/example_dags/tutorial_taskflow_api_etl.py for tasks to queue
[2021-06-15 03:40:48,954] {logging_mixin.py:104} INFO - [2021-06-15 03:40:48,953] {dagbag.py:487} INFO - Filling up the DagBag from /home/airflow/.local/lib/python3.6/site-packages/airflow/example_dags/tutorial_taskflow_api_etl.py
[2021-06-15 03:40:49,051] {scheduler_job.py:643} INFO - DAG(s) dict_keys(['tutorial_taskflow_api_etl']) retrieved from /home/airflow/.local/lib/python3.6/site-packages/airflow/example_dags/tutorial_taskflow_api_etl.py
[2021-06-15 03:40:50,394] {logging_mixin.py:104} INFO - [2021-06-15 03:40:50,393] {dag.py:1832} INFO - Sync 1 DAGs
[2021-06-15 03:40:50,487] {logging_mixin.py:104} INFO - [2021-06-15 03:40:50,487] {dag.py:2305} INFO - Setting next_dagrun for tutorial_taskflow_api_etl to None
[2021-06-15 03:40:50,563] {scheduler_job.py:190} INFO - Processing /home/airflow/.local/lib/python3.6/site-packages/airflow/example_dags/tutorial_taskflow_api_etl.py took 1.645 seconds
[2021-06-15 03:41:21,305] {scheduler_job.py:182} INFO - Started process (PID=2031) to work on /home/airflow/.local/lib/python3.6/site-packages/airflow/example_dags/tutorial_taskflow_api_etl.py
[2021-06-15 03:41:21,314] {scheduler_job.py:633} INFO - Processing file /home/airflow/.local/lib/python3.6/site-packages/airflow/example_dags/tutorial_taskflow_api_etl.py for tasks to queue
[2021-06-15 03:41:21,322] {logging_mixin.py:104} INFO - [2021-06-15 03:41:21,321] {dagbag.py:487} INFO - Filling up the DagBag from /home/airflow/.local/lib/python3.6/site-packages/airflow/example_dags/tutorial_taskflow_api_etl.py
[2021-06-15 03:41:21,420] {scheduler_job.py:643} INFO - DAG(s) dict_keys(['tutorial_taskflow_api_etl']) retrieved from /home/airflow/.local/lib/python3.6/site-packages/airflow/example_dags/tutorial_taskflow_api_etl.py
[2021-06-15 03:41:22,558] {logging_mixin.py:104} INFO - [2021-06-15 03:41:22,558] {dag.py:1832} INFO - Sync 1 DAGs
[2021-06-15 03:41:22,639] {logging_mixin.py:104} INFO - [2021-06-15 03:41:22,638] {dag.py:2305} INFO - Setting next_dagrun for tutorial_taskflow_api_etl to None
[2021-06-15 03:41:22,701] {scheduler_job.py:190} INFO - Processing /home/airflow/.local/lib/python3.6/site-packages/airflow/example_dags/tutorial_taskflow_api_etl.py took 1.412 seconds
[2021-06-15 03:41:53,362] {scheduler_job.py:182} INFO - Started process (PID=2090) to work on /home/airflow/.local/lib/python3.6/site-packages/airflow/example_dags/tutorial_taskflow_api_etl.py
[2021-06-15 03:41:53,372] {scheduler_job.py:633} INFO - Processing file /home/airflow/.local/lib/python3.6/site-packages/airflow/example_dags/tutorial_taskflow_api_etl.py for tasks to queue
[2021-06-15 03:41:53,381] {logging_mixin.py:104} INFO - [2021-06-15 03:41:53,379] {dagbag.py:487} INFO - Filling up the DagBag from /home/airflow/.local/lib/python3.6/site-packages/airflow/example_dags/tutorial_taskflow_api_etl.py
[2021-06-15 03:41:53,479] {scheduler_job.py:643} INFO - DAG(s) dict_keys(['tutorial_taskflow_api_etl']) retrieved from /home/airflow/.local/lib/python3.6/site-packages/airflow/example_dags/tutorial_taskflow_api_etl.py
[2021-06-15 03:41:54,462] {logging_mixin.py:104} INFO - [2021-06-15 03:41:54,462] {dag.py:1832} INFO - Sync 1 DAGs
[2021-06-15 03:41:54,533] {logging_mixin.py:104} INFO - [2021-06-15 03:41:54,532] {dag.py:2305} INFO - Setting next_dagrun for tutorial_taskflow_api_etl to None
[2021-06-15 03:41:54,590] {scheduler_job.py:190} INFO - Processing /home/airflow/.local/lib/python3.6/site-packages/airflow/example_dags/tutorial_taskflow_api_etl.py took 1.249 seconds
[2021-06-15 03:42:25,228] {scheduler_job.py:182} INFO - Started process (PID=2159) to work on /home/airflow/.local/lib/python3.6/site-packages/airflow/example_dags/tutorial_taskflow_api_etl.py
[2021-06-15 03:42:25,258] {scheduler_job.py:633} INFO - Processing file /home/airflow/.local/lib/python3.6/site-packages/airflow/example_dags/tutorial_taskflow_api_etl.py for tasks to queue
[2021-06-15 03:42:25,267] {logging_mixin.py:104} INFO - [2021-06-15 03:42:25,266] {dagbag.py:487} INFO - Filling up the DagBag from /home/airflow/.local/lib/python3.6/site-packages/airflow/example_dags/tutorial_taskflow_api_etl.py
[2021-06-15 03:42:25,360] {scheduler_job.py:643} INFO - DAG(s) dict_keys(['tutorial_taskflow_api_etl']) retrieved from /home/airflow/.local/lib/python3.6/site-packages/airflow/example_dags/tutorial_taskflow_api_etl.py
[2021-06-15 03:42:26,557] {logging_mixin.py:104} INFO - [2021-06-15 03:42:26,557] {dag.py:1832} INFO - Sync 1 DAGs
[2021-06-15 03:42:26,624] {logging_mixin.py:104} INFO - [2021-06-15 03:42:26,623] {dag.py:2305} INFO - Setting next_dagrun for tutorial_taskflow_api_etl to None
[2021-06-15 03:42:26,674] {scheduler_job.py:190} INFO - Processing /home/airflow/.local/lib/python3.6/site-packages/airflow/example_dags/tutorial_taskflow_api_etl.py took 1.472 seconds
[2021-06-15 03:42:57,286] {scheduler_job.py:182} INFO - Started process (PID=2226) to work on /home/airflow/.local/lib/python3.6/site-packages/airflow/example_dags/tutorial_taskflow_api_etl.py
[2021-06-15 03:42:57,294] {scheduler_job.py:633} INFO - Processing file /home/airflow/.local/lib/python3.6/site-packages/airflow/example_dags/tutorial_taskflow_api_etl.py for tasks to queue
[2021-06-15 03:42:57,300] {logging_mixin.py:104} INFO - [2021-06-15 03:42:57,300] {dagbag.py:487} INFO - Filling up the DagBag from /home/airflow/.local/lib/python3.6/site-packages/airflow/example_dags/tutorial_taskflow_api_etl.py
[2021-06-15 03:42:57,378] {scheduler_job.py:643} INFO - DAG(s) dict_keys(['tutorial_taskflow_api_etl']) retrieved from /home/airflow/.local/lib/python3.6/site-packages/airflow/example_dags/tutorial_taskflow_api_etl.py
[2021-06-15 03:42:58,442] {logging_mixin.py:104} INFO - [2021-06-15 03:42:58,442] {dag.py:1832} INFO - Sync 1 DAGs
[2021-06-15 03:42:58,498] {logging_mixin.py:104} INFO - [2021-06-15 03:42:58,498] {dag.py:2305} INFO - Setting next_dagrun for tutorial_taskflow_api_etl to None
[2021-06-15 03:42:58,550] {scheduler_job.py:190} INFO - Processing /home/airflow/.local/lib/python3.6/site-packages/airflow/example_dags/tutorial_taskflow_api_etl.py took 1.279 seconds
[2021-06-15 03:43:29,028] {scheduler_job.py:182} INFO - Started process (PID=2287) to work on /home/airflow/.local/lib/python3.6/site-packages/airflow/example_dags/tutorial_taskflow_api_etl.py
[2021-06-15 03:43:29,035] {scheduler_job.py:633} INFO - Processing file /home/airflow/.local/lib/python3.6/site-packages/airflow/example_dags/tutorial_taskflow_api_etl.py for tasks to queue
[2021-06-15 03:43:29,041] {logging_mixin.py:104} INFO - [2021-06-15 03:43:29,040] {dagbag.py:487} INFO - Filling up the DagBag from /home/airflow/.local/lib/python3.6/site-packages/airflow/example_dags/tutorial_taskflow_api_etl.py
[2021-06-15 03:43:29,119] {scheduler_job.py:643} INFO - DAG(s) dict_keys(['tutorial_taskflow_api_etl']) retrieved from /home/airflow/.local/lib/python3.6/site-packages/airflow/example_dags/tutorial_taskflow_api_etl.py
[2021-06-15 03:43:30,067] {logging_mixin.py:104} INFO - [2021-06-15 03:43:30,065] {dag.py:1832} INFO - Sync 1 DAGs
[2021-06-15 03:43:30,142] {logging_mixin.py:104} INFO - [2021-06-15 03:43:30,141] {dag.py:2305} INFO - Setting next_dagrun for tutorial_taskflow_api_etl to None
[2021-06-15 03:43:30,192] {scheduler_job.py:190} INFO - Processing /home/airflow/.local/lib/python3.6/site-packages/airflow/example_dags/tutorial_taskflow_api_etl.py took 1.179 seconds
[2021-06-15 03:44:00,650] {scheduler_job.py:182} INFO - Started process (PID=2344) to work on /home/airflow/.local/lib/python3.6/site-packages/airflow/example_dags/tutorial_taskflow_api_etl.py
[2021-06-15 03:44:00,658] {scheduler_job.py:633} INFO - Processing file /home/airflow/.local/lib/python3.6/site-packages/airflow/example_dags/tutorial_taskflow_api_etl.py for tasks to queue
[2021-06-15 03:44:00,664] {logging_mixin.py:104} INFO - [2021-06-15 03:44:00,663] {dagbag.py:487} INFO - Filling up the DagBag from /home/airflow/.local/lib/python3.6/site-packages/airflow/example_dags/tutorial_taskflow_api_etl.py
[2021-06-15 03:44:00,773] {scheduler_job.py:643} INFO - DAG(s) dict_keys(['tutorial_taskflow_api_etl']) retrieved from /home/airflow/.local/lib/python3.6/site-packages/airflow/example_dags/tutorial_taskflow_api_etl.py
[2021-06-15 03:44:01,851] {logging_mixin.py:104} INFO - [2021-06-15 03:44:01,851] {dag.py:1832} INFO - Sync 1 DAGs
[2021-06-15 03:44:01,935] {logging_mixin.py:104} INFO - [2021-06-15 03:44:01,934] {dag.py:2305} INFO - Setting next_dagrun for tutorial_taskflow_api_etl to None
[2021-06-15 03:44:02,017] {scheduler_job.py:190} INFO - Processing /home/airflow/.local/lib/python3.6/site-packages/airflow/example_dags/tutorial_taskflow_api_etl.py took 1.384 seconds
[2021-06-15 03:44:32,217] {scheduler_job.py:182} INFO - Started process (PID=2414) to work on /home/airflow/.local/lib/python3.6/site-packages/airflow/example_dags/tutorial_taskflow_api_etl.py
[2021-06-15 03:44:32,227] {scheduler_job.py:633} INFO - Processing file /home/airflow/.local/lib/python3.6/site-packages/airflow/example_dags/tutorial_taskflow_api_etl.py for tasks to queue
[2021-06-15 03:44:32,233] {logging_mixin.py:104} INFO - [2021-06-15 03:44:32,233] {dagbag.py:487} INFO - Filling up the DagBag from /home/airflow/.local/lib/python3.6/site-packages/airflow/example_dags/tutorial_taskflow_api_etl.py
[2021-06-15 03:44:32,338] {scheduler_job.py:643} INFO - DAG(s) dict_keys(['tutorial_taskflow_api_etl']) retrieved from /home/airflow/.local/lib/python3.6/site-packages/airflow/example_dags/tutorial_taskflow_api_etl.py
[2021-06-15 03:44:33,248] {logging_mixin.py:104} INFO - [2021-06-15 03:44:33,248] {dag.py:1832} INFO - Sync 1 DAGs
[2021-06-15 03:44:33,319] {logging_mixin.py:104} INFO - [2021-06-15 03:44:33,318] {dag.py:2305} INFO - Setting next_dagrun for tutorial_taskflow_api_etl to None
[2021-06-15 03:44:33,369] {scheduler_job.py:190} INFO - Processing /home/airflow/.local/lib/python3.6/site-packages/airflow/example_dags/tutorial_taskflow_api_etl.py took 1.173 seconds
[2021-06-15 03:45:04,007] {scheduler_job.py:182} INFO - Started process (PID=2482) to work on /home/airflow/.local/lib/python3.6/site-packages/airflow/example_dags/tutorial_taskflow_api_etl.py
[2021-06-15 03:45:04,016] {scheduler_job.py:633} INFO - Processing file /home/airflow/.local/lib/python3.6/site-packages/airflow/example_dags/tutorial_taskflow_api_etl.py for tasks to queue
[2021-06-15 03:45:04,022] {logging_mixin.py:104} INFO - [2021-06-15 03:45:04,021] {dagbag.py:487} INFO - Filling up the DagBag from /home/airflow/.local/lib/python3.6/site-packages/airflow/example_dags/tutorial_taskflow_api_etl.py
[2021-06-15 03:45:04,112] {scheduler_job.py:643} INFO - DAG(s) dict_keys(['tutorial_taskflow_api_etl']) retrieved from /home/airflow/.local/lib/python3.6/site-packages/airflow/example_dags/tutorial_taskflow_api_etl.py
[2021-06-15 03:45:05,015] {logging_mixin.py:104} INFO - [2021-06-15 03:45:05,015] {dag.py:1832} INFO - Sync 1 DAGs
[2021-06-15 03:45:05,077] {logging_mixin.py:104} INFO - [2021-06-15 03:45:05,076] {dag.py:2305} INFO - Setting next_dagrun for tutorial_taskflow_api_etl to None
[2021-06-15 03:45:05,135] {scheduler_job.py:190} INFO - Processing /home/airflow/.local/lib/python3.6/site-packages/airflow/example_dags/tutorial_taskflow_api_etl.py took 1.149 seconds
[2021-06-15 03:45:35,237] {scheduler_job.py:182} INFO - Started process (PID=2540) to work on /home/airflow/.local/lib/python3.6/site-packages/airflow/example_dags/tutorial_taskflow_api_etl.py
[2021-06-15 03:45:35,247] {scheduler_job.py:633} INFO - Processing file /home/airflow/.local/lib/python3.6/site-packages/airflow/example_dags/tutorial_taskflow_api_etl.py for tasks to queue
[2021-06-15 03:45:35,252] {logging_mixin.py:104} INFO - [2021-06-15 03:45:35,251] {dagbag.py:487} INFO - Filling up the DagBag from /home/airflow/.local/lib/python3.6/site-packages/airflow/example_dags/tutorial_taskflow_api_etl.py
[2021-06-15 03:45:35,323] {scheduler_job.py:643} INFO - DAG(s) dict_keys(['tutorial_taskflow_api_etl']) retrieved from /home/airflow/.local/lib/python3.6/site-packages/airflow/example_dags/tutorial_taskflow_api_etl.py
[2021-06-15 03:45:36,121] {logging_mixin.py:104} INFO - [2021-06-15 03:45:36,120] {dag.py:1832} INFO - Sync 1 DAGs
[2021-06-15 03:45:36,176] {logging_mixin.py:104} INFO - [2021-06-15 03:45:36,176] {dag.py:2305} INFO - Setting next_dagrun for tutorial_taskflow_api_etl to None
[2021-06-15 03:45:36,228] {scheduler_job.py:190} INFO - Processing /home/airflow/.local/lib/python3.6/site-packages/airflow/example_dags/tutorial_taskflow_api_etl.py took 1.006 seconds
[2021-06-15 03:46:07,073] {scheduler_job.py:182} INFO - Started process (PID=2599) to work on /home/airflow/.local/lib/python3.6/site-packages/airflow/example_dags/tutorial_taskflow_api_etl.py
[2021-06-15 03:46:07,088] {scheduler_job.py:633} INFO - Processing file /home/airflow/.local/lib/python3.6/site-packages/airflow/example_dags/tutorial_taskflow_api_etl.py for tasks to queue
[2021-06-15 03:46:07,097] {logging_mixin.py:104} INFO - [2021-06-15 03:46:07,096] {dagbag.py:487} INFO - Filling up the DagBag from /home/airflow/.local/lib/python3.6/site-packages/airflow/example_dags/tutorial_taskflow_api_etl.py
[2021-06-15 03:46:07,239] {scheduler_job.py:643} INFO - DAG(s) dict_keys(['tutorial_taskflow_api_etl']) retrieved from /home/airflow/.local/lib/python3.6/site-packages/airflow/example_dags/tutorial_taskflow_api_etl.py
[2021-06-15 03:46:08,391] {logging_mixin.py:104} INFO - [2021-06-15 03:46:08,390] {dag.py:1832} INFO - Sync 1 DAGs
[2021-06-15 03:46:08,480] {logging_mixin.py:104} INFO - [2021-06-15 03:46:08,479] {dag.py:2305} INFO - Setting next_dagrun for tutorial_taskflow_api_etl to None
[2021-06-15 03:46:08,547] {scheduler_job.py:190} INFO - Processing /home/airflow/.local/lib/python3.6/site-packages/airflow/example_dags/tutorial_taskflow_api_etl.py took 1.545 seconds
[2021-06-15 03:46:39,131] {scheduler_job.py:182} INFO - Started process (PID=2668) to work on /home/airflow/.local/lib/python3.6/site-packages/airflow/example_dags/tutorial_taskflow_api_etl.py
[2021-06-15 03:46:39,138] {scheduler_job.py:633} INFO - Processing file /home/airflow/.local/lib/python3.6/site-packages/airflow/example_dags/tutorial_taskflow_api_etl.py for tasks to queue
[2021-06-15 03:46:39,143] {logging_mixin.py:104} INFO - [2021-06-15 03:46:39,143] {dagbag.py:487} INFO - Filling up the DagBag from /home/airflow/.local/lib/python3.6/site-packages/airflow/example_dags/tutorial_taskflow_api_etl.py
[2021-06-15 03:46:39,212] {scheduler_job.py:643} INFO - DAG(s) dict_keys(['tutorial_taskflow_api_etl']) retrieved from /home/airflow/.local/lib/python3.6/site-packages/airflow/example_dags/tutorial_taskflow_api_etl.py
[2021-06-15 03:46:40,051] {logging_mixin.py:104} INFO - [2021-06-15 03:46:40,050] {dag.py:1832} INFO - Sync 1 DAGs
[2021-06-15 03:46:40,115] {logging_mixin.py:104} INFO - [2021-06-15 03:46:40,114] {dag.py:2305} INFO - Setting next_dagrun for tutorial_taskflow_api_etl to None
[2021-06-15 03:46:40,174] {scheduler_job.py:190} INFO - Processing /home/airflow/.local/lib/python3.6/site-packages/airflow/example_dags/tutorial_taskflow_api_etl.py took 1.059 seconds
[2021-06-15 03:47:10,557] {scheduler_job.py:182} INFO - Started process (PID=2735) to work on /home/airflow/.local/lib/python3.6/site-packages/airflow/example_dags/tutorial_taskflow_api_etl.py
[2021-06-15 03:47:10,565] {scheduler_job.py:633} INFO - Processing file /home/airflow/.local/lib/python3.6/site-packages/airflow/example_dags/tutorial_taskflow_api_etl.py for tasks to queue
[2021-06-15 03:47:10,570] {logging_mixin.py:104} INFO - [2021-06-15 03:47:10,570] {dagbag.py:487} INFO - Filling up the DagBag from /home/airflow/.local/lib/python3.6/site-packages/airflow/example_dags/tutorial_taskflow_api_etl.py
[2021-06-15 03:47:10,639] {scheduler_job.py:643} INFO - DAG(s) dict_keys(['tutorial_taskflow_api_etl']) retrieved from /home/airflow/.local/lib/python3.6/site-packages/airflow/example_dags/tutorial_taskflow_api_etl.py
[2021-06-15 03:47:11,433] {logging_mixin.py:104} INFO - [2021-06-15 03:47:11,433] {dag.py:1832} INFO - Sync 1 DAGs
[2021-06-15 03:47:11,498] {logging_mixin.py:104} INFO - [2021-06-15 03:47:11,497] {dag.py:2305} INFO - Setting next_dagrun for tutorial_taskflow_api_etl to None
[2021-06-15 03:47:11,538] {scheduler_job.py:190} INFO - Processing /home/airflow/.local/lib/python3.6/site-packages/airflow/example_dags/tutorial_taskflow_api_etl.py took 0.994 seconds
[2021-06-15 03:47:41,919] {scheduler_job.py:182} INFO - Started process (PID=2803) to work on /home/airflow/.local/lib/python3.6/site-packages/airflow/example_dags/tutorial_taskflow_api_etl.py
[2021-06-15 03:47:41,926] {scheduler_job.py:633} INFO - Processing file /home/airflow/.local/lib/python3.6/site-packages/airflow/example_dags/tutorial_taskflow_api_etl.py for tasks to queue
[2021-06-15 03:47:41,932] {logging_mixin.py:104} INFO - [2021-06-15 03:47:41,932] {dagbag.py:487} INFO - Filling up the DagBag from /home/airflow/.local/lib/python3.6/site-packages/airflow/example_dags/tutorial_taskflow_api_etl.py
[2021-06-15 03:47:42,038] {scheduler_job.py:643} INFO - DAG(s) dict_keys(['tutorial_taskflow_api_etl']) retrieved from /home/airflow/.local/lib/python3.6/site-packages/airflow/example_dags/tutorial_taskflow_api_etl.py
[2021-06-15 03:47:43,130] {logging_mixin.py:104} INFO - [2021-06-15 03:47:43,129] {dag.py:1832} INFO - Sync 1 DAGs
[2021-06-15 03:47:43,207] {logging_mixin.py:104} INFO - [2021-06-15 03:47:43,206] {dag.py:2305} INFO - Setting next_dagrun for tutorial_taskflow_api_etl to None
[2021-06-15 03:47:43,257] {scheduler_job.py:190} INFO - Processing /home/airflow/.local/lib/python3.6/site-packages/airflow/example_dags/tutorial_taskflow_api_etl.py took 1.357 seconds
[2021-06-15 03:48:13,846] {scheduler_job.py:182} INFO - Started process (PID=2868) to work on /home/airflow/.local/lib/python3.6/site-packages/airflow/example_dags/tutorial_taskflow_api_etl.py
[2021-06-15 03:48:13,855] {scheduler_job.py:633} INFO - Processing file /home/airflow/.local/lib/python3.6/site-packages/airflow/example_dags/tutorial_taskflow_api_etl.py for tasks to queue
[2021-06-15 03:48:13,861] {logging_mixin.py:104} INFO - [2021-06-15 03:48:13,860] {dagbag.py:487} INFO - Filling up the DagBag from /home/airflow/.local/lib/python3.6/site-packages/airflow/example_dags/tutorial_taskflow_api_etl.py
[2021-06-15 03:48:13,968] {scheduler_job.py:643} INFO - DAG(s) dict_keys(['tutorial_taskflow_api_etl']) retrieved from /home/airflow/.local/lib/python3.6/site-packages/airflow/example_dags/tutorial_taskflow_api_etl.py
[2021-06-15 03:48:15,213] {logging_mixin.py:104} INFO - [2021-06-15 03:48:15,212] {dag.py:1832} INFO - Sync 1 DAGs
[2021-06-15 03:48:15,298] {logging_mixin.py:104} INFO - [2021-06-15 03:48:15,298] {dag.py:2305} INFO - Setting next_dagrun for tutorial_taskflow_api_etl to None
[2021-06-15 03:48:15,368] {scheduler_job.py:190} INFO - Processing /home/airflow/.local/lib/python3.6/site-packages/airflow/example_dags/tutorial_taskflow_api_etl.py took 1.538 seconds
[2021-06-15 03:48:46,116] {scheduler_job.py:182} INFO - Started process (PID=2931) to work on /home/airflow/.local/lib/python3.6/site-packages/airflow/example_dags/tutorial_taskflow_api_etl.py
[2021-06-15 03:48:46,125] {scheduler_job.py:633} INFO - Processing file /home/airflow/.local/lib/python3.6/site-packages/airflow/example_dags/tutorial_taskflow_api_etl.py for tasks to queue
[2021-06-15 03:48:46,130] {logging_mixin.py:104} INFO - [2021-06-15 03:48:46,130] {dagbag.py:487} INFO - Filling up the DagBag from /home/airflow/.local/lib/python3.6/site-packages/airflow/example_dags/tutorial_taskflow_api_etl.py
[2021-06-15 03:48:46,215] {scheduler_job.py:643} INFO - DAG(s) dict_keys(['tutorial_taskflow_api_etl']) retrieved from /home/airflow/.local/lib/python3.6/site-packages/airflow/example_dags/tutorial_taskflow_api_etl.py
[2021-06-15 03:48:47,047] {logging_mixin.py:104} INFO - [2021-06-15 03:48:47,046] {dag.py:1832} INFO - Sync 1 DAGs
[2021-06-15 03:48:47,099] {logging_mixin.py:104} INFO - [2021-06-15 03:48:47,099] {dag.py:2305} INFO - Setting next_dagrun for tutorial_taskflow_api_etl to None
[2021-06-15 03:48:47,144] {scheduler_job.py:190} INFO - Processing /home/airflow/.local/lib/python3.6/site-packages/airflow/example_dags/tutorial_taskflow_api_etl.py took 1.048 seconds
[2021-06-15 03:49:17,371] {scheduler_job.py:182} INFO - Started process (PID=2991) to work on /home/airflow/.local/lib/python3.6/site-packages/airflow/example_dags/tutorial_taskflow_api_etl.py
[2021-06-15 03:49:17,379] {scheduler_job.py:633} INFO - Processing file /home/airflow/.local/lib/python3.6/site-packages/airflow/example_dags/tutorial_taskflow_api_etl.py for tasks to queue
[2021-06-15 03:49:17,385] {logging_mixin.py:104} INFO - [2021-06-15 03:49:17,385] {dagbag.py:487} INFO - Filling up the DagBag from /home/airflow/.local/lib/python3.6/site-packages/airflow/example_dags/tutorial_taskflow_api_etl.py
[2021-06-15 03:49:17,494] {scheduler_job.py:643} INFO - DAG(s) dict_keys(['tutorial_taskflow_api_etl']) retrieved from /home/airflow/.local/lib/python3.6/site-packages/airflow/example_dags/tutorial_taskflow_api_etl.py
[2021-06-15 03:49:18,622] {logging_mixin.py:104} INFO - [2021-06-15 03:49:18,621] {dag.py:1832} INFO - Sync 1 DAGs
[2021-06-15 03:49:18,714] {logging_mixin.py:104} INFO - [2021-06-15 03:49:18,713] {dag.py:2305} INFO - Setting next_dagrun for tutorial_taskflow_api_etl to None
[2021-06-15 03:49:18,768] {scheduler_job.py:190} INFO - Processing /home/airflow/.local/lib/python3.6/site-packages/airflow/example_dags/tutorial_taskflow_api_etl.py took 1.416 seconds
