[2021-06-15 03:25:25,056] {scheduler_job.py:182} INFO - Started process (PID=80) to work on /home/airflow/.local/lib/python3.6/site-packages/airflow/example_dags/tutorial_etl_dag.py
[2021-06-15 03:25:25,064] {scheduler_job.py:633} INFO - Processing file /home/airflow/.local/lib/python3.6/site-packages/airflow/example_dags/tutorial_etl_dag.py for tasks to queue
[2021-06-15 03:25:25,069] {logging_mixin.py:104} INFO - [2021-06-15 03:25:25,069] {dagbag.py:487} INFO - Filling up the DagBag from /home/airflow/.local/lib/python3.6/site-packages/airflow/example_dags/tutorial_etl_dag.py
[2021-06-15 03:25:25,127] {scheduler_job.py:643} INFO - DAG(s) dict_keys(['tutorial_etl_dag']) retrieved from /home/airflow/.local/lib/python3.6/site-packages/airflow/example_dags/tutorial_etl_dag.py
[2021-06-15 03:25:25,982] {logging_mixin.py:104} INFO - [2021-06-15 03:25:25,981] {dag.py:1832} INFO - Sync 1 DAGs
[2021-06-15 03:25:26,062] {logging_mixin.py:104} INFO - [2021-06-15 03:25:26,061] {dag.py:2305} INFO - Setting next_dagrun for tutorial_etl_dag to None
[2021-06-15 03:25:26,115] {scheduler_job.py:190} INFO - Processing /home/airflow/.local/lib/python3.6/site-packages/airflow/example_dags/tutorial_etl_dag.py took 1.077 seconds
[2021-06-15 03:25:57,367] {scheduler_job.py:182} INFO - Started process (PID=142) to work on /home/airflow/.local/lib/python3.6/site-packages/airflow/example_dags/tutorial_etl_dag.py
[2021-06-15 03:25:57,396] {scheduler_job.py:633} INFO - Processing file /home/airflow/.local/lib/python3.6/site-packages/airflow/example_dags/tutorial_etl_dag.py for tasks to queue
[2021-06-15 03:25:57,417] {logging_mixin.py:104} INFO - [2021-06-15 03:25:57,416] {dagbag.py:487} INFO - Filling up the DagBag from /home/airflow/.local/lib/python3.6/site-packages/airflow/example_dags/tutorial_etl_dag.py
[2021-06-15 03:25:57,565] {scheduler_job.py:643} INFO - DAG(s) dict_keys(['tutorial_etl_dag']) retrieved from /home/airflow/.local/lib/python3.6/site-packages/airflow/example_dags/tutorial_etl_dag.py
[2021-06-15 03:25:57,814] {logging_mixin.py:104} INFO - [2021-06-15 03:25:57,813] {dag.py:1832} INFO - Sync 1 DAGs
[2021-06-15 03:25:57,977] {logging_mixin.py:104} INFO - [2021-06-15 03:25:57,976] {dag.py:2305} INFO - Setting next_dagrun for tutorial_etl_dag to None
[2021-06-15 03:25:58,107] {scheduler_job.py:190} INFO - Processing /home/airflow/.local/lib/python3.6/site-packages/airflow/example_dags/tutorial_etl_dag.py took 0.776 seconds
[2021-06-15 03:26:28,305] {scheduler_job.py:182} INFO - Started process (PID=202) to work on /home/airflow/.local/lib/python3.6/site-packages/airflow/example_dags/tutorial_etl_dag.py
[2021-06-15 03:26:28,313] {scheduler_job.py:633} INFO - Processing file /home/airflow/.local/lib/python3.6/site-packages/airflow/example_dags/tutorial_etl_dag.py for tasks to queue
[2021-06-15 03:26:28,320] {logging_mixin.py:104} INFO - [2021-06-15 03:26:28,319] {dagbag.py:487} INFO - Filling up the DagBag from /home/airflow/.local/lib/python3.6/site-packages/airflow/example_dags/tutorial_etl_dag.py
[2021-06-15 03:26:28,390] {scheduler_job.py:643} INFO - DAG(s) dict_keys(['tutorial_etl_dag']) retrieved from /home/airflow/.local/lib/python3.6/site-packages/airflow/example_dags/tutorial_etl_dag.py
[2021-06-15 03:26:28,508] {logging_mixin.py:104} INFO - [2021-06-15 03:26:28,508] {dag.py:1832} INFO - Sync 1 DAGs
[2021-06-15 03:26:28,593] {logging_mixin.py:104} INFO - [2021-06-15 03:26:28,592] {dag.py:2305} INFO - Setting next_dagrun for tutorial_etl_dag to None
[2021-06-15 03:26:28,645] {scheduler_job.py:190} INFO - Processing /home/airflow/.local/lib/python3.6/site-packages/airflow/example_dags/tutorial_etl_dag.py took 0.356 seconds
[2021-06-15 03:26:58,930] {scheduler_job.py:182} INFO - Started process (PID=259) to work on /home/airflow/.local/lib/python3.6/site-packages/airflow/example_dags/tutorial_etl_dag.py
[2021-06-15 03:26:58,940] {scheduler_job.py:633} INFO - Processing file /home/airflow/.local/lib/python3.6/site-packages/airflow/example_dags/tutorial_etl_dag.py for tasks to queue
[2021-06-15 03:26:58,949] {logging_mixin.py:104} INFO - [2021-06-15 03:26:58,948] {dagbag.py:487} INFO - Filling up the DagBag from /home/airflow/.local/lib/python3.6/site-packages/airflow/example_dags/tutorial_etl_dag.py
[2021-06-15 03:26:59,015] {scheduler_job.py:643} INFO - DAG(s) dict_keys(['tutorial_etl_dag']) retrieved from /home/airflow/.local/lib/python3.6/site-packages/airflow/example_dags/tutorial_etl_dag.py
[2021-06-15 03:26:59,126] {logging_mixin.py:104} INFO - [2021-06-15 03:26:59,125] {dag.py:1832} INFO - Sync 1 DAGs
[2021-06-15 03:26:59,202] {logging_mixin.py:104} INFO - [2021-06-15 03:26:59,202] {dag.py:2305} INFO - Setting next_dagrun for tutorial_etl_dag to None
[2021-06-15 03:26:59,272] {scheduler_job.py:190} INFO - Processing /home/airflow/.local/lib/python3.6/site-packages/airflow/example_dags/tutorial_etl_dag.py took 0.362 seconds
[2021-06-15 03:27:30,300] {scheduler_job.py:182} INFO - Started process (PID=326) to work on /home/airflow/.local/lib/python3.6/site-packages/airflow/example_dags/tutorial_etl_dag.py
[2021-06-15 03:27:30,310] {scheduler_job.py:633} INFO - Processing file /home/airflow/.local/lib/python3.6/site-packages/airflow/example_dags/tutorial_etl_dag.py for tasks to queue
[2021-06-15 03:27:30,318] {logging_mixin.py:104} INFO - [2021-06-15 03:27:30,317] {dagbag.py:487} INFO - Filling up the DagBag from /home/airflow/.local/lib/python3.6/site-packages/airflow/example_dags/tutorial_etl_dag.py
[2021-06-15 03:27:30,377] {scheduler_job.py:643} INFO - DAG(s) dict_keys(['tutorial_etl_dag']) retrieved from /home/airflow/.local/lib/python3.6/site-packages/airflow/example_dags/tutorial_etl_dag.py
[2021-06-15 03:27:30,494] {logging_mixin.py:104} INFO - [2021-06-15 03:27:30,493] {dag.py:1832} INFO - Sync 1 DAGs
[2021-06-15 03:27:30,582] {logging_mixin.py:104} INFO - [2021-06-15 03:27:30,582] {dag.py:2305} INFO - Setting next_dagrun for tutorial_etl_dag to None
[2021-06-15 03:27:30,637] {scheduler_job.py:190} INFO - Processing /home/airflow/.local/lib/python3.6/site-packages/airflow/example_dags/tutorial_etl_dag.py took 0.355 seconds
[2021-06-15 03:28:01,510] {scheduler_job.py:182} INFO - Started process (PID=394) to work on /home/airflow/.local/lib/python3.6/site-packages/airflow/example_dags/tutorial_etl_dag.py
[2021-06-15 03:28:01,517] {scheduler_job.py:633} INFO - Processing file /home/airflow/.local/lib/python3.6/site-packages/airflow/example_dags/tutorial_etl_dag.py for tasks to queue
[2021-06-15 03:28:01,523] {logging_mixin.py:104} INFO - [2021-06-15 03:28:01,523] {dagbag.py:487} INFO - Filling up the DagBag from /home/airflow/.local/lib/python3.6/site-packages/airflow/example_dags/tutorial_etl_dag.py
[2021-06-15 03:28:01,579] {scheduler_job.py:643} INFO - DAG(s) dict_keys(['tutorial_etl_dag']) retrieved from /home/airflow/.local/lib/python3.6/site-packages/airflow/example_dags/tutorial_etl_dag.py
[2021-06-15 03:28:01,690] {logging_mixin.py:104} INFO - [2021-06-15 03:28:01,689] {dag.py:1832} INFO - Sync 1 DAGs
[2021-06-15 03:28:01,759] {logging_mixin.py:104} INFO - [2021-06-15 03:28:01,759] {dag.py:2305} INFO - Setting next_dagrun for tutorial_etl_dag to None
[2021-06-15 03:28:01,806] {scheduler_job.py:190} INFO - Processing /home/airflow/.local/lib/python3.6/site-packages/airflow/example_dags/tutorial_etl_dag.py took 0.311 seconds
[2021-06-15 03:28:32,670] {scheduler_job.py:182} INFO - Started process (PID=461) to work on /home/airflow/.local/lib/python3.6/site-packages/airflow/example_dags/tutorial_etl_dag.py
[2021-06-15 03:28:32,681] {scheduler_job.py:633} INFO - Processing file /home/airflow/.local/lib/python3.6/site-packages/airflow/example_dags/tutorial_etl_dag.py for tasks to queue
[2021-06-15 03:28:32,687] {logging_mixin.py:104} INFO - [2021-06-15 03:28:32,687] {dagbag.py:487} INFO - Filling up the DagBag from /home/airflow/.local/lib/python3.6/site-packages/airflow/example_dags/tutorial_etl_dag.py
[2021-06-15 03:28:32,760] {scheduler_job.py:643} INFO - DAG(s) dict_keys(['tutorial_etl_dag']) retrieved from /home/airflow/.local/lib/python3.6/site-packages/airflow/example_dags/tutorial_etl_dag.py
[2021-06-15 03:28:32,910] {logging_mixin.py:104} INFO - [2021-06-15 03:28:32,909] {dag.py:1832} INFO - Sync 1 DAGs
[2021-06-15 03:28:32,994] {logging_mixin.py:104} INFO - [2021-06-15 03:28:32,994] {dag.py:2305} INFO - Setting next_dagrun for tutorial_etl_dag to None
[2021-06-15 03:28:33,047] {scheduler_job.py:190} INFO - Processing /home/airflow/.local/lib/python3.6/site-packages/airflow/example_dags/tutorial_etl_dag.py took 0.396 seconds
[2021-06-15 03:29:03,196] {scheduler_job.py:182} INFO - Started process (PID=519) to work on /home/airflow/.local/lib/python3.6/site-packages/airflow/example_dags/tutorial_etl_dag.py
[2021-06-15 03:29:03,205] {scheduler_job.py:633} INFO - Processing file /home/airflow/.local/lib/python3.6/site-packages/airflow/example_dags/tutorial_etl_dag.py for tasks to queue
[2021-06-15 03:29:03,210] {logging_mixin.py:104} INFO - [2021-06-15 03:29:03,210] {dagbag.py:487} INFO - Filling up the DagBag from /home/airflow/.local/lib/python3.6/site-packages/airflow/example_dags/tutorial_etl_dag.py
[2021-06-15 03:29:03,270] {scheduler_job.py:643} INFO - DAG(s) dict_keys(['tutorial_etl_dag']) retrieved from /home/airflow/.local/lib/python3.6/site-packages/airflow/example_dags/tutorial_etl_dag.py
[2021-06-15 03:29:03,378] {logging_mixin.py:104} INFO - [2021-06-15 03:29:03,378] {dag.py:1832} INFO - Sync 1 DAGs
[2021-06-15 03:29:03,461] {logging_mixin.py:104} INFO - [2021-06-15 03:29:03,461] {dag.py:2305} INFO - Setting next_dagrun for tutorial_etl_dag to None
[2021-06-15 03:29:03,509] {scheduler_job.py:190} INFO - Processing /home/airflow/.local/lib/python3.6/site-packages/airflow/example_dags/tutorial_etl_dag.py took 0.329 seconds
[2021-06-15 03:29:33,971] {scheduler_job.py:182} INFO - Started process (PID=577) to work on /home/airflow/.local/lib/python3.6/site-packages/airflow/example_dags/tutorial_etl_dag.py
[2021-06-15 03:29:33,979] {scheduler_job.py:633} INFO - Processing file /home/airflow/.local/lib/python3.6/site-packages/airflow/example_dags/tutorial_etl_dag.py for tasks to queue
[2021-06-15 03:29:33,985] {logging_mixin.py:104} INFO - [2021-06-15 03:29:33,985] {dagbag.py:487} INFO - Filling up the DagBag from /home/airflow/.local/lib/python3.6/site-packages/airflow/example_dags/tutorial_etl_dag.py
[2021-06-15 03:29:34,059] {scheduler_job.py:643} INFO - DAG(s) dict_keys(['tutorial_etl_dag']) retrieved from /home/airflow/.local/lib/python3.6/site-packages/airflow/example_dags/tutorial_etl_dag.py
[2021-06-15 03:29:34,167] {logging_mixin.py:104} INFO - [2021-06-15 03:29:34,166] {dag.py:1832} INFO - Sync 1 DAGs
[2021-06-15 03:29:34,240] {logging_mixin.py:104} INFO - [2021-06-15 03:29:34,240] {dag.py:2305} INFO - Setting next_dagrun for tutorial_etl_dag to None
[2021-06-15 03:29:34,286] {scheduler_job.py:190} INFO - Processing /home/airflow/.local/lib/python3.6/site-packages/airflow/example_dags/tutorial_etl_dag.py took 0.333 seconds
[2021-06-15 03:30:04,611] {scheduler_job.py:182} INFO - Started process (PID=643) to work on /home/airflow/.local/lib/python3.6/site-packages/airflow/example_dags/tutorial_etl_dag.py
[2021-06-15 03:30:04,621] {scheduler_job.py:633} INFO - Processing file /home/airflow/.local/lib/python3.6/site-packages/airflow/example_dags/tutorial_etl_dag.py for tasks to queue
[2021-06-15 03:30:04,626] {logging_mixin.py:104} INFO - [2021-06-15 03:30:04,626] {dagbag.py:487} INFO - Filling up the DagBag from /home/airflow/.local/lib/python3.6/site-packages/airflow/example_dags/tutorial_etl_dag.py
[2021-06-15 03:30:04,688] {scheduler_job.py:643} INFO - DAG(s) dict_keys(['tutorial_etl_dag']) retrieved from /home/airflow/.local/lib/python3.6/site-packages/airflow/example_dags/tutorial_etl_dag.py
[2021-06-15 03:30:04,801] {logging_mixin.py:104} INFO - [2021-06-15 03:30:04,800] {dag.py:1832} INFO - Sync 1 DAGs
[2021-06-15 03:30:04,871] {logging_mixin.py:104} INFO - [2021-06-15 03:30:04,871] {dag.py:2305} INFO - Setting next_dagrun for tutorial_etl_dag to None
[2021-06-15 03:30:04,914] {scheduler_job.py:190} INFO - Processing /home/airflow/.local/lib/python3.6/site-packages/airflow/example_dags/tutorial_etl_dag.py took 0.318 seconds
[2021-06-15 03:30:35,176] {scheduler_job.py:182} INFO - Started process (PID=711) to work on /home/airflow/.local/lib/python3.6/site-packages/airflow/example_dags/tutorial_etl_dag.py
[2021-06-15 03:30:35,183] {scheduler_job.py:633} INFO - Processing file /home/airflow/.local/lib/python3.6/site-packages/airflow/example_dags/tutorial_etl_dag.py for tasks to queue
[2021-06-15 03:30:35,188] {logging_mixin.py:104} INFO - [2021-06-15 03:30:35,187] {dagbag.py:487} INFO - Filling up the DagBag from /home/airflow/.local/lib/python3.6/site-packages/airflow/example_dags/tutorial_etl_dag.py
[2021-06-15 03:30:35,240] {scheduler_job.py:643} INFO - DAG(s) dict_keys(['tutorial_etl_dag']) retrieved from /home/airflow/.local/lib/python3.6/site-packages/airflow/example_dags/tutorial_etl_dag.py
[2021-06-15 03:30:35,331] {logging_mixin.py:104} INFO - [2021-06-15 03:30:35,330] {dag.py:1832} INFO - Sync 1 DAGs
[2021-06-15 03:30:35,391] {logging_mixin.py:104} INFO - [2021-06-15 03:30:35,391] {dag.py:2305} INFO - Setting next_dagrun for tutorial_etl_dag to None
[2021-06-15 03:30:35,428] {scheduler_job.py:190} INFO - Processing /home/airflow/.local/lib/python3.6/site-packages/airflow/example_dags/tutorial_etl_dag.py took 0.267 seconds
[2021-06-15 03:31:05,646] {scheduler_job.py:182} INFO - Started process (PID=771) to work on /home/airflow/.local/lib/python3.6/site-packages/airflow/example_dags/tutorial_etl_dag.py
[2021-06-15 03:31:05,653] {scheduler_job.py:633} INFO - Processing file /home/airflow/.local/lib/python3.6/site-packages/airflow/example_dags/tutorial_etl_dag.py for tasks to queue
[2021-06-15 03:31:05,659] {logging_mixin.py:104} INFO - [2021-06-15 03:31:05,658] {dagbag.py:487} INFO - Filling up the DagBag from /home/airflow/.local/lib/python3.6/site-packages/airflow/example_dags/tutorial_etl_dag.py
[2021-06-15 03:31:05,711] {scheduler_job.py:643} INFO - DAG(s) dict_keys(['tutorial_etl_dag']) retrieved from /home/airflow/.local/lib/python3.6/site-packages/airflow/example_dags/tutorial_etl_dag.py
[2021-06-15 03:31:05,823] {logging_mixin.py:104} INFO - [2021-06-15 03:31:05,823] {dag.py:1832} INFO - Sync 1 DAGs
[2021-06-15 03:31:05,904] {logging_mixin.py:104} INFO - [2021-06-15 03:31:05,903] {dag.py:2305} INFO - Setting next_dagrun for tutorial_etl_dag to None
[2021-06-15 03:31:05,942] {scheduler_job.py:190} INFO - Processing /home/airflow/.local/lib/python3.6/site-packages/airflow/example_dags/tutorial_etl_dag.py took 0.312 seconds
[2021-06-15 03:31:36,363] {scheduler_job.py:182} INFO - Started process (PID=829) to work on /home/airflow/.local/lib/python3.6/site-packages/airflow/example_dags/tutorial_etl_dag.py
[2021-06-15 03:31:36,371] {scheduler_job.py:633} INFO - Processing file /home/airflow/.local/lib/python3.6/site-packages/airflow/example_dags/tutorial_etl_dag.py for tasks to queue
[2021-06-15 03:31:36,377] {logging_mixin.py:104} INFO - [2021-06-15 03:31:36,376] {dagbag.py:487} INFO - Filling up the DagBag from /home/airflow/.local/lib/python3.6/site-packages/airflow/example_dags/tutorial_etl_dag.py
[2021-06-15 03:31:36,444] {scheduler_job.py:643} INFO - DAG(s) dict_keys(['tutorial_etl_dag']) retrieved from /home/airflow/.local/lib/python3.6/site-packages/airflow/example_dags/tutorial_etl_dag.py
[2021-06-15 03:31:36,540] {logging_mixin.py:104} INFO - [2021-06-15 03:31:36,539] {dag.py:1832} INFO - Sync 1 DAGs
[2021-06-15 03:31:36,614] {logging_mixin.py:104} INFO - [2021-06-15 03:31:36,614] {dag.py:2305} INFO - Setting next_dagrun for tutorial_etl_dag to None
[2021-06-15 03:31:36,656] {scheduler_job.py:190} INFO - Processing /home/airflow/.local/lib/python3.6/site-packages/airflow/example_dags/tutorial_etl_dag.py took 0.310 seconds
[2021-06-15 03:32:06,848] {scheduler_job.py:182} INFO - Started process (PID=896) to work on /home/airflow/.local/lib/python3.6/site-packages/airflow/example_dags/tutorial_etl_dag.py
[2021-06-15 03:32:06,858] {scheduler_job.py:633} INFO - Processing file /home/airflow/.local/lib/python3.6/site-packages/airflow/example_dags/tutorial_etl_dag.py for tasks to queue
[2021-06-15 03:32:06,878] {logging_mixin.py:104} INFO - [2021-06-15 03:32:06,878] {dagbag.py:487} INFO - Filling up the DagBag from /home/airflow/.local/lib/python3.6/site-packages/airflow/example_dags/tutorial_etl_dag.py
[2021-06-15 03:32:07,007] {scheduler_job.py:643} INFO - DAG(s) dict_keys(['tutorial_etl_dag']) retrieved from /home/airflow/.local/lib/python3.6/site-packages/airflow/example_dags/tutorial_etl_dag.py
[2021-06-15 03:32:07,101] {logging_mixin.py:104} INFO - [2021-06-15 03:32:07,101] {dag.py:1832} INFO - Sync 1 DAGs
[2021-06-15 03:32:07,172] {logging_mixin.py:104} INFO - [2021-06-15 03:32:07,171] {dag.py:2305} INFO - Setting next_dagrun for tutorial_etl_dag to None
[2021-06-15 03:32:07,212] {scheduler_job.py:190} INFO - Processing /home/airflow/.local/lib/python3.6/site-packages/airflow/example_dags/tutorial_etl_dag.py took 0.378 seconds
[2021-06-15 03:32:37,550] {scheduler_job.py:182} INFO - Started process (PID=964) to work on /home/airflow/.local/lib/python3.6/site-packages/airflow/example_dags/tutorial_etl_dag.py
[2021-06-15 03:32:37,564] {scheduler_job.py:633} INFO - Processing file /home/airflow/.local/lib/python3.6/site-packages/airflow/example_dags/tutorial_etl_dag.py for tasks to queue
[2021-06-15 03:32:37,574] {logging_mixin.py:104} INFO - [2021-06-15 03:32:37,572] {dagbag.py:487} INFO - Filling up the DagBag from /home/airflow/.local/lib/python3.6/site-packages/airflow/example_dags/tutorial_etl_dag.py
[2021-06-15 03:32:37,699] {scheduler_job.py:643} INFO - DAG(s) dict_keys(['tutorial_etl_dag']) retrieved from /home/airflow/.local/lib/python3.6/site-packages/airflow/example_dags/tutorial_etl_dag.py
[2021-06-15 03:32:37,831] {logging_mixin.py:104} INFO - [2021-06-15 03:32:37,830] {dag.py:1832} INFO - Sync 1 DAGs
[2021-06-15 03:32:37,955] {logging_mixin.py:104} INFO - [2021-06-15 03:32:37,954] {dag.py:2305} INFO - Setting next_dagrun for tutorial_etl_dag to None
[2021-06-15 03:32:38,041] {scheduler_job.py:190} INFO - Processing /home/airflow/.local/lib/python3.6/site-packages/airflow/example_dags/tutorial_etl_dag.py took 0.521 seconds
[2021-06-15 03:33:09,044] {scheduler_job.py:182} INFO - Started process (PID=1025) to work on /home/airflow/.local/lib/python3.6/site-packages/airflow/example_dags/tutorial_etl_dag.py
[2021-06-15 03:33:09,053] {scheduler_job.py:633} INFO - Processing file /home/airflow/.local/lib/python3.6/site-packages/airflow/example_dags/tutorial_etl_dag.py for tasks to queue
[2021-06-15 03:33:09,065] {logging_mixin.py:104} INFO - [2021-06-15 03:33:09,064] {dagbag.py:487} INFO - Filling up the DagBag from /home/airflow/.local/lib/python3.6/site-packages/airflow/example_dags/tutorial_etl_dag.py
[2021-06-15 03:33:09,128] {scheduler_job.py:643} INFO - DAG(s) dict_keys(['tutorial_etl_dag']) retrieved from /home/airflow/.local/lib/python3.6/site-packages/airflow/example_dags/tutorial_etl_dag.py
[2021-06-15 03:33:09,249] {logging_mixin.py:104} INFO - [2021-06-15 03:33:09,249] {dag.py:1832} INFO - Sync 1 DAGs
[2021-06-15 03:33:09,311] {logging_mixin.py:104} INFO - [2021-06-15 03:33:09,311] {dag.py:2305} INFO - Setting next_dagrun for tutorial_etl_dag to None
[2021-06-15 03:33:09,362] {scheduler_job.py:190} INFO - Processing /home/airflow/.local/lib/python3.6/site-packages/airflow/example_dags/tutorial_etl_dag.py took 0.379 seconds
[2021-06-15 03:33:39,591] {scheduler_job.py:182} INFO - Started process (PID=1082) to work on /home/airflow/.local/lib/python3.6/site-packages/airflow/example_dags/tutorial_etl_dag.py
[2021-06-15 03:33:39,598] {scheduler_job.py:633} INFO - Processing file /home/airflow/.local/lib/python3.6/site-packages/airflow/example_dags/tutorial_etl_dag.py for tasks to queue
[2021-06-15 03:33:39,604] {logging_mixin.py:104} INFO - [2021-06-15 03:33:39,603] {dagbag.py:487} INFO - Filling up the DagBag from /home/airflow/.local/lib/python3.6/site-packages/airflow/example_dags/tutorial_etl_dag.py
[2021-06-15 03:33:39,659] {scheduler_job.py:643} INFO - DAG(s) dict_keys(['tutorial_etl_dag']) retrieved from /home/airflow/.local/lib/python3.6/site-packages/airflow/example_dags/tutorial_etl_dag.py
[2021-06-15 03:33:39,822] {logging_mixin.py:104} INFO - [2021-06-15 03:33:39,822] {dag.py:1832} INFO - Sync 1 DAGs
[2021-06-15 03:33:39,899] {logging_mixin.py:104} INFO - [2021-06-15 03:33:39,899] {dag.py:2305} INFO - Setting next_dagrun for tutorial_etl_dag to None
[2021-06-15 03:33:39,945] {scheduler_job.py:190} INFO - Processing /home/airflow/.local/lib/python3.6/site-packages/airflow/example_dags/tutorial_etl_dag.py took 0.369 seconds
[2021-06-15 03:34:10,270] {scheduler_job.py:182} INFO - Started process (PID=1150) to work on /home/airflow/.local/lib/python3.6/site-packages/airflow/example_dags/tutorial_etl_dag.py
[2021-06-15 03:34:10,277] {scheduler_job.py:633} INFO - Processing file /home/airflow/.local/lib/python3.6/site-packages/airflow/example_dags/tutorial_etl_dag.py for tasks to queue
[2021-06-15 03:34:10,282] {logging_mixin.py:104} INFO - [2021-06-15 03:34:10,281] {dagbag.py:487} INFO - Filling up the DagBag from /home/airflow/.local/lib/python3.6/site-packages/airflow/example_dags/tutorial_etl_dag.py
[2021-06-15 03:34:10,342] {scheduler_job.py:643} INFO - DAG(s) dict_keys(['tutorial_etl_dag']) retrieved from /home/airflow/.local/lib/python3.6/site-packages/airflow/example_dags/tutorial_etl_dag.py
[2021-06-15 03:34:10,441] {logging_mixin.py:104} INFO - [2021-06-15 03:34:10,441] {dag.py:1832} INFO - Sync 1 DAGs
[2021-06-15 03:34:10,519] {logging_mixin.py:104} INFO - [2021-06-15 03:34:10,519] {dag.py:2305} INFO - Setting next_dagrun for tutorial_etl_dag to None
[2021-06-15 03:34:10,562] {scheduler_job.py:190} INFO - Processing /home/airflow/.local/lib/python3.6/site-packages/airflow/example_dags/tutorial_etl_dag.py took 0.307 seconds
[2021-06-15 03:34:41,016] {scheduler_job.py:182} INFO - Started process (PID=1216) to work on /home/airflow/.local/lib/python3.6/site-packages/airflow/example_dags/tutorial_etl_dag.py
[2021-06-15 03:34:41,023] {scheduler_job.py:633} INFO - Processing file /home/airflow/.local/lib/python3.6/site-packages/airflow/example_dags/tutorial_etl_dag.py for tasks to queue
[2021-06-15 03:34:41,028] {logging_mixin.py:104} INFO - [2021-06-15 03:34:41,028] {dagbag.py:487} INFO - Filling up the DagBag from /home/airflow/.local/lib/python3.6/site-packages/airflow/example_dags/tutorial_etl_dag.py
[2021-06-15 03:34:41,086] {scheduler_job.py:643} INFO - DAG(s) dict_keys(['tutorial_etl_dag']) retrieved from /home/airflow/.local/lib/python3.6/site-packages/airflow/example_dags/tutorial_etl_dag.py
[2021-06-15 03:34:41,199] {logging_mixin.py:104} INFO - [2021-06-15 03:34:41,199] {dag.py:1832} INFO - Sync 1 DAGs
[2021-06-15 03:34:41,275] {logging_mixin.py:104} INFO - [2021-06-15 03:34:41,274] {dag.py:2305} INFO - Setting next_dagrun for tutorial_etl_dag to None
[2021-06-15 03:34:41,336] {scheduler_job.py:190} INFO - Processing /home/airflow/.local/lib/python3.6/site-packages/airflow/example_dags/tutorial_etl_dag.py took 0.340 seconds
[2021-06-15 03:35:11,478] {scheduler_job.py:182} INFO - Started process (PID=1283) to work on /home/airflow/.local/lib/python3.6/site-packages/airflow/example_dags/tutorial_etl_dag.py
[2021-06-15 03:35:11,487] {scheduler_job.py:633} INFO - Processing file /home/airflow/.local/lib/python3.6/site-packages/airflow/example_dags/tutorial_etl_dag.py for tasks to queue
[2021-06-15 03:35:11,493] {logging_mixin.py:104} INFO - [2021-06-15 03:35:11,492] {dagbag.py:487} INFO - Filling up the DagBag from /home/airflow/.local/lib/python3.6/site-packages/airflow/example_dags/tutorial_etl_dag.py
[2021-06-15 03:35:11,550] {scheduler_job.py:643} INFO - DAG(s) dict_keys(['tutorial_etl_dag']) retrieved from /home/airflow/.local/lib/python3.6/site-packages/airflow/example_dags/tutorial_etl_dag.py
[2021-06-15 03:35:11,644] {logging_mixin.py:104} INFO - [2021-06-15 03:35:11,643] {dag.py:1832} INFO - Sync 1 DAGs
[2021-06-15 03:35:11,711] {logging_mixin.py:104} INFO - [2021-06-15 03:35:11,710] {dag.py:2305} INFO - Setting next_dagrun for tutorial_etl_dag to None
[2021-06-15 03:35:11,756] {scheduler_job.py:190} INFO - Processing /home/airflow/.local/lib/python3.6/site-packages/airflow/example_dags/tutorial_etl_dag.py took 0.293 seconds
[2021-06-15 03:35:41,922] {scheduler_job.py:182} INFO - Started process (PID=1333) to work on /home/airflow/.local/lib/python3.6/site-packages/airflow/example_dags/tutorial_etl_dag.py
[2021-06-15 03:35:41,935] {scheduler_job.py:633} INFO - Processing file /home/airflow/.local/lib/python3.6/site-packages/airflow/example_dags/tutorial_etl_dag.py for tasks to queue
[2021-06-15 03:35:41,941] {logging_mixin.py:104} INFO - [2021-06-15 03:35:41,941] {dagbag.py:487} INFO - Filling up the DagBag from /home/airflow/.local/lib/python3.6/site-packages/airflow/example_dags/tutorial_etl_dag.py
[2021-06-15 03:35:42,042] {scheduler_job.py:643} INFO - DAG(s) dict_keys(['tutorial_etl_dag']) retrieved from /home/airflow/.local/lib/python3.6/site-packages/airflow/example_dags/tutorial_etl_dag.py
[2021-06-15 03:35:42,193] {logging_mixin.py:104} INFO - [2021-06-15 03:35:42,192] {dag.py:1832} INFO - Sync 1 DAGs
[2021-06-15 03:35:42,331] {logging_mixin.py:104} INFO - [2021-06-15 03:35:42,331] {dag.py:2305} INFO - Setting next_dagrun for tutorial_etl_dag to None
[2021-06-15 03:35:42,390] {scheduler_job.py:190} INFO - Processing /home/airflow/.local/lib/python3.6/site-packages/airflow/example_dags/tutorial_etl_dag.py took 0.490 seconds
[2021-06-15 03:36:12,870] {scheduler_job.py:182} INFO - Started process (PID=1400) to work on /home/airflow/.local/lib/python3.6/site-packages/airflow/example_dags/tutorial_etl_dag.py
[2021-06-15 03:36:12,878] {scheduler_job.py:633} INFO - Processing file /home/airflow/.local/lib/python3.6/site-packages/airflow/example_dags/tutorial_etl_dag.py for tasks to queue
[2021-06-15 03:36:12,883] {logging_mixin.py:104} INFO - [2021-06-15 03:36:12,882] {dagbag.py:487} INFO - Filling up the DagBag from /home/airflow/.local/lib/python3.6/site-packages/airflow/example_dags/tutorial_etl_dag.py
[2021-06-15 03:36:12,941] {scheduler_job.py:643} INFO - DAG(s) dict_keys(['tutorial_etl_dag']) retrieved from /home/airflow/.local/lib/python3.6/site-packages/airflow/example_dags/tutorial_etl_dag.py
[2021-06-15 03:36:13,031] {logging_mixin.py:104} INFO - [2021-06-15 03:36:13,030] {dag.py:1832} INFO - Sync 1 DAGs
[2021-06-15 03:36:13,090] {logging_mixin.py:104} INFO - [2021-06-15 03:36:13,090] {dag.py:2305} INFO - Setting next_dagrun for tutorial_etl_dag to None
[2021-06-15 03:36:13,130] {scheduler_job.py:190} INFO - Processing /home/airflow/.local/lib/python3.6/site-packages/airflow/example_dags/tutorial_etl_dag.py took 0.277 seconds
[2021-06-15 03:36:43,878] {scheduler_job.py:182} INFO - Started process (PID=1468) to work on /home/airflow/.local/lib/python3.6/site-packages/airflow/example_dags/tutorial_etl_dag.py
[2021-06-15 03:36:43,888] {scheduler_job.py:633} INFO - Processing file /home/airflow/.local/lib/python3.6/site-packages/airflow/example_dags/tutorial_etl_dag.py for tasks to queue
[2021-06-15 03:36:43,898] {logging_mixin.py:104} INFO - [2021-06-15 03:36:43,897] {dagbag.py:487} INFO - Filling up the DagBag from /home/airflow/.local/lib/python3.6/site-packages/airflow/example_dags/tutorial_etl_dag.py
[2021-06-15 03:36:43,971] {scheduler_job.py:643} INFO - DAG(s) dict_keys(['tutorial_etl_dag']) retrieved from /home/airflow/.local/lib/python3.6/site-packages/airflow/example_dags/tutorial_etl_dag.py
[2021-06-15 03:36:44,065] {logging_mixin.py:104} INFO - [2021-06-15 03:36:44,064] {dag.py:1832} INFO - Sync 1 DAGs
[2021-06-15 03:36:44,138] {logging_mixin.py:104} INFO - [2021-06-15 03:36:44,137] {dag.py:2305} INFO - Setting next_dagrun for tutorial_etl_dag to None
[2021-06-15 03:36:44,180] {scheduler_job.py:190} INFO - Processing /home/airflow/.local/lib/python3.6/site-packages/airflow/example_dags/tutorial_etl_dag.py took 0.337 seconds
[2021-06-15 03:37:14,301] {scheduler_job.py:182} INFO - Started process (PID=1529) to work on /home/airflow/.local/lib/python3.6/site-packages/airflow/example_dags/tutorial_etl_dag.py
[2021-06-15 03:37:14,310] {scheduler_job.py:633} INFO - Processing file /home/airflow/.local/lib/python3.6/site-packages/airflow/example_dags/tutorial_etl_dag.py for tasks to queue
[2021-06-15 03:37:14,316] {logging_mixin.py:104} INFO - [2021-06-15 03:37:14,315] {dagbag.py:487} INFO - Filling up the DagBag from /home/airflow/.local/lib/python3.6/site-packages/airflow/example_dags/tutorial_etl_dag.py
[2021-06-15 03:37:14,375] {scheduler_job.py:643} INFO - DAG(s) dict_keys(['tutorial_etl_dag']) retrieved from /home/airflow/.local/lib/python3.6/site-packages/airflow/example_dags/tutorial_etl_dag.py
[2021-06-15 03:37:14,468] {logging_mixin.py:104} INFO - [2021-06-15 03:37:14,468] {dag.py:1832} INFO - Sync 1 DAGs
[2021-06-15 03:37:14,535] {logging_mixin.py:104} INFO - [2021-06-15 03:37:14,535] {dag.py:2305} INFO - Setting next_dagrun for tutorial_etl_dag to None
[2021-06-15 03:37:14,576] {scheduler_job.py:190} INFO - Processing /home/airflow/.local/lib/python3.6/site-packages/airflow/example_dags/tutorial_etl_dag.py took 0.290 seconds
[2021-06-15 03:37:44,796] {scheduler_job.py:182} INFO - Started process (PID=1585) to work on /home/airflow/.local/lib/python3.6/site-packages/airflow/example_dags/tutorial_etl_dag.py
[2021-06-15 03:37:44,803] {scheduler_job.py:633} INFO - Processing file /home/airflow/.local/lib/python3.6/site-packages/airflow/example_dags/tutorial_etl_dag.py for tasks to queue
[2021-06-15 03:37:44,809] {logging_mixin.py:104} INFO - [2021-06-15 03:37:44,808] {dagbag.py:487} INFO - Filling up the DagBag from /home/airflow/.local/lib/python3.6/site-packages/airflow/example_dags/tutorial_etl_dag.py
[2021-06-15 03:37:44,901] {scheduler_job.py:643} INFO - DAG(s) dict_keys(['tutorial_etl_dag']) retrieved from /home/airflow/.local/lib/python3.6/site-packages/airflow/example_dags/tutorial_etl_dag.py
[2021-06-15 03:37:45,072] {logging_mixin.py:104} INFO - [2021-06-15 03:37:45,071] {dag.py:1832} INFO - Sync 1 DAGs
[2021-06-15 03:37:45,157] {logging_mixin.py:104} INFO - [2021-06-15 03:37:45,157] {dag.py:2305} INFO - Setting next_dagrun for tutorial_etl_dag to None
[2021-06-15 03:37:45,226] {scheduler_job.py:190} INFO - Processing /home/airflow/.local/lib/python3.6/site-packages/airflow/example_dags/tutorial_etl_dag.py took 0.446 seconds
[2021-06-15 03:38:15,829] {scheduler_job.py:182} INFO - Started process (PID=1653) to work on /home/airflow/.local/lib/python3.6/site-packages/airflow/example_dags/tutorial_etl_dag.py
[2021-06-15 03:38:15,837] {scheduler_job.py:633} INFO - Processing file /home/airflow/.local/lib/python3.6/site-packages/airflow/example_dags/tutorial_etl_dag.py for tasks to queue
[2021-06-15 03:38:15,843] {logging_mixin.py:104} INFO - [2021-06-15 03:38:15,842] {dagbag.py:487} INFO - Filling up the DagBag from /home/airflow/.local/lib/python3.6/site-packages/airflow/example_dags/tutorial_etl_dag.py
[2021-06-15 03:38:15,898] {scheduler_job.py:643} INFO - DAG(s) dict_keys(['tutorial_etl_dag']) retrieved from /home/airflow/.local/lib/python3.6/site-packages/airflow/example_dags/tutorial_etl_dag.py
[2021-06-15 03:38:15,990] {logging_mixin.py:104} INFO - [2021-06-15 03:38:15,990] {dag.py:1832} INFO - Sync 1 DAGs
[2021-06-15 03:38:16,055] {logging_mixin.py:104} INFO - [2021-06-15 03:38:16,055] {dag.py:2305} INFO - Setting next_dagrun for tutorial_etl_dag to None
[2021-06-15 03:38:16,106] {scheduler_job.py:190} INFO - Processing /home/airflow/.local/lib/python3.6/site-packages/airflow/example_dags/tutorial_etl_dag.py took 0.291 seconds
[2021-06-15 03:38:46,677] {scheduler_job.py:182} INFO - Started process (PID=1720) to work on /home/airflow/.local/lib/python3.6/site-packages/airflow/example_dags/tutorial_etl_dag.py
[2021-06-15 03:38:46,684] {scheduler_job.py:633} INFO - Processing file /home/airflow/.local/lib/python3.6/site-packages/airflow/example_dags/tutorial_etl_dag.py for tasks to queue
[2021-06-15 03:38:46,689] {logging_mixin.py:104} INFO - [2021-06-15 03:38:46,688] {dagbag.py:487} INFO - Filling up the DagBag from /home/airflow/.local/lib/python3.6/site-packages/airflow/example_dags/tutorial_etl_dag.py
[2021-06-15 03:38:46,741] {scheduler_job.py:643} INFO - DAG(s) dict_keys(['tutorial_etl_dag']) retrieved from /home/airflow/.local/lib/python3.6/site-packages/airflow/example_dags/tutorial_etl_dag.py
[2021-06-15 03:38:46,846] {logging_mixin.py:104} INFO - [2021-06-15 03:38:46,846] {dag.py:1832} INFO - Sync 1 DAGs
[2021-06-15 03:38:46,912] {logging_mixin.py:104} INFO - [2021-06-15 03:38:46,912] {dag.py:2305} INFO - Setting next_dagrun for tutorial_etl_dag to None
[2021-06-15 03:38:46,955] {scheduler_job.py:190} INFO - Processing /home/airflow/.local/lib/python3.6/site-packages/airflow/example_dags/tutorial_etl_dag.py took 0.292 seconds
[2021-06-15 03:39:17,425] {scheduler_job.py:182} INFO - Started process (PID=1780) to work on /home/airflow/.local/lib/python3.6/site-packages/airflow/example_dags/tutorial_etl_dag.py
[2021-06-15 03:39:17,433] {scheduler_job.py:633} INFO - Processing file /home/airflow/.local/lib/python3.6/site-packages/airflow/example_dags/tutorial_etl_dag.py for tasks to queue
[2021-06-15 03:39:17,438] {logging_mixin.py:104} INFO - [2021-06-15 03:39:17,438] {dagbag.py:487} INFO - Filling up the DagBag from /home/airflow/.local/lib/python3.6/site-packages/airflow/example_dags/tutorial_etl_dag.py
[2021-06-15 03:39:17,502] {scheduler_job.py:643} INFO - DAG(s) dict_keys(['tutorial_etl_dag']) retrieved from /home/airflow/.local/lib/python3.6/site-packages/airflow/example_dags/tutorial_etl_dag.py
[2021-06-15 03:39:17,634] {logging_mixin.py:104} INFO - [2021-06-15 03:39:17,633] {dag.py:1832} INFO - Sync 1 DAGs
[2021-06-15 03:39:17,746] {logging_mixin.py:104} INFO - [2021-06-15 03:39:17,745] {dag.py:2305} INFO - Setting next_dagrun for tutorial_etl_dag to None
[2021-06-15 03:39:17,792] {scheduler_job.py:190} INFO - Processing /home/airflow/.local/lib/python3.6/site-packages/airflow/example_dags/tutorial_etl_dag.py took 0.382 seconds
[2021-06-15 03:39:48,036] {scheduler_job.py:182} INFO - Started process (PID=1845) to work on /home/airflow/.local/lib/python3.6/site-packages/airflow/example_dags/tutorial_etl_dag.py
[2021-06-15 03:39:48,043] {scheduler_job.py:633} INFO - Processing file /home/airflow/.local/lib/python3.6/site-packages/airflow/example_dags/tutorial_etl_dag.py for tasks to queue
[2021-06-15 03:39:48,052] {logging_mixin.py:104} INFO - [2021-06-15 03:39:48,051] {dagbag.py:487} INFO - Filling up the DagBag from /home/airflow/.local/lib/python3.6/site-packages/airflow/example_dags/tutorial_etl_dag.py
[2021-06-15 03:39:48,124] {scheduler_job.py:643} INFO - DAG(s) dict_keys(['tutorial_etl_dag']) retrieved from /home/airflow/.local/lib/python3.6/site-packages/airflow/example_dags/tutorial_etl_dag.py
[2021-06-15 03:39:48,266] {logging_mixin.py:104} INFO - [2021-06-15 03:39:48,265] {dag.py:1832} INFO - Sync 1 DAGs
[2021-06-15 03:39:48,402] {logging_mixin.py:104} INFO - [2021-06-15 03:39:48,402] {dag.py:2305} INFO - Setting next_dagrun for tutorial_etl_dag to None
[2021-06-15 03:39:48,490] {scheduler_job.py:190} INFO - Processing /home/airflow/.local/lib/python3.6/site-packages/airflow/example_dags/tutorial_etl_dag.py took 0.471 seconds
[2021-06-15 03:40:19,035] {scheduler_job.py:182} INFO - Started process (PID=1904) to work on /home/airflow/.local/lib/python3.6/site-packages/airflow/example_dags/tutorial_etl_dag.py
[2021-06-15 03:40:19,045] {scheduler_job.py:633} INFO - Processing file /home/airflow/.local/lib/python3.6/site-packages/airflow/example_dags/tutorial_etl_dag.py for tasks to queue
[2021-06-15 03:40:19,051] {logging_mixin.py:104} INFO - [2021-06-15 03:40:19,051] {dagbag.py:487} INFO - Filling up the DagBag from /home/airflow/.local/lib/python3.6/site-packages/airflow/example_dags/tutorial_etl_dag.py
[2021-06-15 03:40:19,111] {scheduler_job.py:643} INFO - DAG(s) dict_keys(['tutorial_etl_dag']) retrieved from /home/airflow/.local/lib/python3.6/site-packages/airflow/example_dags/tutorial_etl_dag.py
[2021-06-15 03:40:19,216] {logging_mixin.py:104} INFO - [2021-06-15 03:40:19,216] {dag.py:1832} INFO - Sync 1 DAGs
[2021-06-15 03:40:19,297] {logging_mixin.py:104} INFO - [2021-06-15 03:40:19,297] {dag.py:2305} INFO - Setting next_dagrun for tutorial_etl_dag to None
[2021-06-15 03:40:19,354] {scheduler_job.py:190} INFO - Processing /home/airflow/.local/lib/python3.6/site-packages/airflow/example_dags/tutorial_etl_dag.py took 0.334 seconds
[2021-06-15 03:40:50,697] {scheduler_job.py:182} INFO - Started process (PID=1972) to work on /home/airflow/.local/lib/python3.6/site-packages/airflow/example_dags/tutorial_etl_dag.py
[2021-06-15 03:40:50,708] {scheduler_job.py:633} INFO - Processing file /home/airflow/.local/lib/python3.6/site-packages/airflow/example_dags/tutorial_etl_dag.py for tasks to queue
[2021-06-15 03:40:50,716] {logging_mixin.py:104} INFO - [2021-06-15 03:40:50,716] {dagbag.py:487} INFO - Filling up the DagBag from /home/airflow/.local/lib/python3.6/site-packages/airflow/example_dags/tutorial_etl_dag.py
[2021-06-15 03:40:50,784] {scheduler_job.py:643} INFO - DAG(s) dict_keys(['tutorial_etl_dag']) retrieved from /home/airflow/.local/lib/python3.6/site-packages/airflow/example_dags/tutorial_etl_dag.py
[2021-06-15 03:40:50,920] {logging_mixin.py:104} INFO - [2021-06-15 03:40:50,919] {dag.py:1832} INFO - Sync 1 DAGs
[2021-06-15 03:40:51,018] {logging_mixin.py:104} INFO - [2021-06-15 03:40:51,017] {dag.py:2305} INFO - Setting next_dagrun for tutorial_etl_dag to None
[2021-06-15 03:40:51,078] {scheduler_job.py:190} INFO - Processing /home/airflow/.local/lib/python3.6/site-packages/airflow/example_dags/tutorial_etl_dag.py took 0.407 seconds
[2021-06-15 03:41:21,730] {scheduler_job.py:182} INFO - Started process (PID=2032) to work on /home/airflow/.local/lib/python3.6/site-packages/airflow/example_dags/tutorial_etl_dag.py
[2021-06-15 03:41:21,740] {scheduler_job.py:633} INFO - Processing file /home/airflow/.local/lib/python3.6/site-packages/airflow/example_dags/tutorial_etl_dag.py for tasks to queue
[2021-06-15 03:41:21,749] {logging_mixin.py:104} INFO - [2021-06-15 03:41:21,748] {dagbag.py:487} INFO - Filling up the DagBag from /home/airflow/.local/lib/python3.6/site-packages/airflow/example_dags/tutorial_etl_dag.py
[2021-06-15 03:41:21,839] {scheduler_job.py:643} INFO - DAG(s) dict_keys(['tutorial_etl_dag']) retrieved from /home/airflow/.local/lib/python3.6/site-packages/airflow/example_dags/tutorial_etl_dag.py
[2021-06-15 03:41:21,968] {logging_mixin.py:104} INFO - [2021-06-15 03:41:21,968] {dag.py:1832} INFO - Sync 1 DAGs
[2021-06-15 03:41:22,060] {logging_mixin.py:104} INFO - [2021-06-15 03:41:22,059] {dag.py:2305} INFO - Setting next_dagrun for tutorial_etl_dag to None
[2021-06-15 03:41:22,123] {scheduler_job.py:190} INFO - Processing /home/airflow/.local/lib/python3.6/site-packages/airflow/example_dags/tutorial_etl_dag.py took 0.411 seconds
[2021-06-15 03:41:52,913] {scheduler_job.py:182} INFO - Started process (PID=2089) to work on /home/airflow/.local/lib/python3.6/site-packages/airflow/example_dags/tutorial_etl_dag.py
[2021-06-15 03:41:52,922] {scheduler_job.py:633} INFO - Processing file /home/airflow/.local/lib/python3.6/site-packages/airflow/example_dags/tutorial_etl_dag.py for tasks to queue
[2021-06-15 03:41:52,929] {logging_mixin.py:104} INFO - [2021-06-15 03:41:52,928] {dagbag.py:487} INFO - Filling up the DagBag from /home/airflow/.local/lib/python3.6/site-packages/airflow/example_dags/tutorial_etl_dag.py
[2021-06-15 03:41:53,006] {scheduler_job.py:643} INFO - DAG(s) dict_keys(['tutorial_etl_dag']) retrieved from /home/airflow/.local/lib/python3.6/site-packages/airflow/example_dags/tutorial_etl_dag.py
[2021-06-15 03:41:53,124] {logging_mixin.py:104} INFO - [2021-06-15 03:41:53,123] {dag.py:1832} INFO - Sync 1 DAGs
[2021-06-15 03:41:53,202] {logging_mixin.py:104} INFO - [2021-06-15 03:41:53,202] {dag.py:2305} INFO - Setting next_dagrun for tutorial_etl_dag to None
[2021-06-15 03:41:53,255] {scheduler_job.py:190} INFO - Processing /home/airflow/.local/lib/python3.6/site-packages/airflow/example_dags/tutorial_etl_dag.py took 0.363 seconds
[2021-06-15 03:42:23,348] {scheduler_job.py:182} INFO - Started process (PID=2155) to work on /home/airflow/.local/lib/python3.6/site-packages/airflow/example_dags/tutorial_etl_dag.py
[2021-06-15 03:42:23,359] {scheduler_job.py:633} INFO - Processing file /home/airflow/.local/lib/python3.6/site-packages/airflow/example_dags/tutorial_etl_dag.py for tasks to queue
[2021-06-15 03:42:23,364] {logging_mixin.py:104} INFO - [2021-06-15 03:42:23,363] {dagbag.py:487} INFO - Filling up the DagBag from /home/airflow/.local/lib/python3.6/site-packages/airflow/example_dags/tutorial_etl_dag.py
[2021-06-15 03:42:23,414] {scheduler_job.py:643} INFO - DAG(s) dict_keys(['tutorial_etl_dag']) retrieved from /home/airflow/.local/lib/python3.6/site-packages/airflow/example_dags/tutorial_etl_dag.py
[2021-06-15 03:42:23,505] {logging_mixin.py:104} INFO - [2021-06-15 03:42:23,505] {dag.py:1832} INFO - Sync 1 DAGs
[2021-06-15 03:42:23,571] {logging_mixin.py:104} INFO - [2021-06-15 03:42:23,571] {dag.py:2305} INFO - Setting next_dagrun for tutorial_etl_dag to None
[2021-06-15 03:42:23,610] {scheduler_job.py:190} INFO - Processing /home/airflow/.local/lib/python3.6/site-packages/airflow/example_dags/tutorial_etl_dag.py took 0.276 seconds
[2021-06-15 03:42:54,460] {scheduler_job.py:182} INFO - Started process (PID=2215) to work on /home/airflow/.local/lib/python3.6/site-packages/airflow/example_dags/tutorial_etl_dag.py
[2021-06-15 03:42:54,467] {scheduler_job.py:633} INFO - Processing file /home/airflow/.local/lib/python3.6/site-packages/airflow/example_dags/tutorial_etl_dag.py for tasks to queue
[2021-06-15 03:42:54,474] {logging_mixin.py:104} INFO - [2021-06-15 03:42:54,473] {dagbag.py:487} INFO - Filling up the DagBag from /home/airflow/.local/lib/python3.6/site-packages/airflow/example_dags/tutorial_etl_dag.py
[2021-06-15 03:42:54,534] {scheduler_job.py:643} INFO - DAG(s) dict_keys(['tutorial_etl_dag']) retrieved from /home/airflow/.local/lib/python3.6/site-packages/airflow/example_dags/tutorial_etl_dag.py
[2021-06-15 03:42:54,655] {logging_mixin.py:104} INFO - [2021-06-15 03:42:54,654] {dag.py:1832} INFO - Sync 1 DAGs
[2021-06-15 03:42:54,731] {logging_mixin.py:104} INFO - [2021-06-15 03:42:54,731] {dag.py:2305} INFO - Setting next_dagrun for tutorial_etl_dag to None
[2021-06-15 03:42:54,785] {scheduler_job.py:190} INFO - Processing /home/airflow/.local/lib/python3.6/site-packages/airflow/example_dags/tutorial_etl_dag.py took 0.339 seconds
[2021-06-15 03:43:25,470] {scheduler_job.py:182} INFO - Started process (PID=2272) to work on /home/airflow/.local/lib/python3.6/site-packages/airflow/example_dags/tutorial_etl_dag.py
[2021-06-15 03:43:25,478] {scheduler_job.py:633} INFO - Processing file /home/airflow/.local/lib/python3.6/site-packages/airflow/example_dags/tutorial_etl_dag.py for tasks to queue
[2021-06-15 03:43:25,489] {logging_mixin.py:104} INFO - [2021-06-15 03:43:25,488] {dagbag.py:487} INFO - Filling up the DagBag from /home/airflow/.local/lib/python3.6/site-packages/airflow/example_dags/tutorial_etl_dag.py
[2021-06-15 03:43:25,569] {scheduler_job.py:643} INFO - DAG(s) dict_keys(['tutorial_etl_dag']) retrieved from /home/airflow/.local/lib/python3.6/site-packages/airflow/example_dags/tutorial_etl_dag.py
[2021-06-15 03:43:25,709] {logging_mixin.py:104} INFO - [2021-06-15 03:43:25,709] {dag.py:1832} INFO - Sync 1 DAGs
[2021-06-15 03:43:25,805] {logging_mixin.py:104} INFO - [2021-06-15 03:43:25,805] {dag.py:2305} INFO - Setting next_dagrun for tutorial_etl_dag to None
[2021-06-15 03:43:25,870] {scheduler_job.py:190} INFO - Processing /home/airflow/.local/lib/python3.6/site-packages/airflow/example_dags/tutorial_etl_dag.py took 0.423 seconds
[2021-06-15 03:43:56,538] {scheduler_job.py:182} INFO - Started process (PID=2339) to work on /home/airflow/.local/lib/python3.6/site-packages/airflow/example_dags/tutorial_etl_dag.py
[2021-06-15 03:43:56,546] {scheduler_job.py:633} INFO - Processing file /home/airflow/.local/lib/python3.6/site-packages/airflow/example_dags/tutorial_etl_dag.py for tasks to queue
[2021-06-15 03:43:56,554] {logging_mixin.py:104} INFO - [2021-06-15 03:43:56,553] {dagbag.py:487} INFO - Filling up the DagBag from /home/airflow/.local/lib/python3.6/site-packages/airflow/example_dags/tutorial_etl_dag.py
[2021-06-15 03:43:56,632] {scheduler_job.py:643} INFO - DAG(s) dict_keys(['tutorial_etl_dag']) retrieved from /home/airflow/.local/lib/python3.6/site-packages/airflow/example_dags/tutorial_etl_dag.py
[2021-06-15 03:43:56,786] {logging_mixin.py:104} INFO - [2021-06-15 03:43:56,786] {dag.py:1832} INFO - Sync 1 DAGs
[2021-06-15 03:43:56,915] {logging_mixin.py:104} INFO - [2021-06-15 03:43:56,914] {dag.py:2305} INFO - Setting next_dagrun for tutorial_etl_dag to None
[2021-06-15 03:43:56,996] {scheduler_job.py:190} INFO - Processing /home/airflow/.local/lib/python3.6/site-packages/airflow/example_dags/tutorial_etl_dag.py took 0.479 seconds
[2021-06-15 03:44:27,484] {scheduler_job.py:182} INFO - Started process (PID=2407) to work on /home/airflow/.local/lib/python3.6/site-packages/airflow/example_dags/tutorial_etl_dag.py
[2021-06-15 03:44:27,494] {scheduler_job.py:633} INFO - Processing file /home/airflow/.local/lib/python3.6/site-packages/airflow/example_dags/tutorial_etl_dag.py for tasks to queue
[2021-06-15 03:44:27,503] {logging_mixin.py:104} INFO - [2021-06-15 03:44:27,502] {dagbag.py:487} INFO - Filling up the DagBag from /home/airflow/.local/lib/python3.6/site-packages/airflow/example_dags/tutorial_etl_dag.py
[2021-06-15 03:44:27,577] {scheduler_job.py:643} INFO - DAG(s) dict_keys(['tutorial_etl_dag']) retrieved from /home/airflow/.local/lib/python3.6/site-packages/airflow/example_dags/tutorial_etl_dag.py
[2021-06-15 03:44:27,724] {logging_mixin.py:104} INFO - [2021-06-15 03:44:27,724] {dag.py:1832} INFO - Sync 1 DAGs
[2021-06-15 03:44:27,804] {logging_mixin.py:104} INFO - [2021-06-15 03:44:27,804] {dag.py:2305} INFO - Setting next_dagrun for tutorial_etl_dag to None
[2021-06-15 03:44:27,862] {scheduler_job.py:190} INFO - Processing /home/airflow/.local/lib/python3.6/site-packages/airflow/example_dags/tutorial_etl_dag.py took 0.397 seconds
[2021-06-15 03:44:58,813] {scheduler_job.py:182} INFO - Started process (PID=2466) to work on /home/airflow/.local/lib/python3.6/site-packages/airflow/example_dags/tutorial_etl_dag.py
[2021-06-15 03:44:58,821] {scheduler_job.py:633} INFO - Processing file /home/airflow/.local/lib/python3.6/site-packages/airflow/example_dags/tutorial_etl_dag.py for tasks to queue
[2021-06-15 03:44:58,828] {logging_mixin.py:104} INFO - [2021-06-15 03:44:58,827] {dagbag.py:487} INFO - Filling up the DagBag from /home/airflow/.local/lib/python3.6/site-packages/airflow/example_dags/tutorial_etl_dag.py
[2021-06-15 03:44:58,892] {scheduler_job.py:643} INFO - DAG(s) dict_keys(['tutorial_etl_dag']) retrieved from /home/airflow/.local/lib/python3.6/site-packages/airflow/example_dags/tutorial_etl_dag.py
[2021-06-15 03:44:59,007] {logging_mixin.py:104} INFO - [2021-06-15 03:44:59,006] {dag.py:1832} INFO - Sync 1 DAGs
[2021-06-15 03:44:59,107] {logging_mixin.py:104} INFO - [2021-06-15 03:44:59,107] {dag.py:2305} INFO - Setting next_dagrun for tutorial_etl_dag to None
[2021-06-15 03:44:59,167] {scheduler_job.py:190} INFO - Processing /home/airflow/.local/lib/python3.6/site-packages/airflow/example_dags/tutorial_etl_dag.py took 0.375 seconds
[2021-06-15 03:45:29,837] {scheduler_job.py:182} INFO - Started process (PID=2523) to work on /home/airflow/.local/lib/python3.6/site-packages/airflow/example_dags/tutorial_etl_dag.py
[2021-06-15 03:45:29,856] {scheduler_job.py:633} INFO - Processing file /home/airflow/.local/lib/python3.6/site-packages/airflow/example_dags/tutorial_etl_dag.py for tasks to queue
[2021-06-15 03:45:29,863] {logging_mixin.py:104} INFO - [2021-06-15 03:45:29,862] {dagbag.py:487} INFO - Filling up the DagBag from /home/airflow/.local/lib/python3.6/site-packages/airflow/example_dags/tutorial_etl_dag.py
[2021-06-15 03:45:29,929] {scheduler_job.py:643} INFO - DAG(s) dict_keys(['tutorial_etl_dag']) retrieved from /home/airflow/.local/lib/python3.6/site-packages/airflow/example_dags/tutorial_etl_dag.py
[2021-06-15 03:45:30,032] {logging_mixin.py:104} INFO - [2021-06-15 03:45:30,032] {dag.py:1832} INFO - Sync 1 DAGs
[2021-06-15 03:45:30,105] {logging_mixin.py:104} INFO - [2021-06-15 03:45:30,105] {dag.py:2305} INFO - Setting next_dagrun for tutorial_etl_dag to None
[2021-06-15 03:45:30,152] {scheduler_job.py:190} INFO - Processing /home/airflow/.local/lib/python3.6/site-packages/airflow/example_dags/tutorial_etl_dag.py took 0.364 seconds
[2021-06-15 03:46:01,028] {scheduler_job.py:182} INFO - Started process (PID=2590) to work on /home/airflow/.local/lib/python3.6/site-packages/airflow/example_dags/tutorial_etl_dag.py
[2021-06-15 03:46:01,045] {scheduler_job.py:633} INFO - Processing file /home/airflow/.local/lib/python3.6/site-packages/airflow/example_dags/tutorial_etl_dag.py for tasks to queue
[2021-06-15 03:46:01,054] {logging_mixin.py:104} INFO - [2021-06-15 03:46:01,053] {dagbag.py:487} INFO - Filling up the DagBag from /home/airflow/.local/lib/python3.6/site-packages/airflow/example_dags/tutorial_etl_dag.py
[2021-06-15 03:46:01,152] {scheduler_job.py:643} INFO - DAG(s) dict_keys(['tutorial_etl_dag']) retrieved from /home/airflow/.local/lib/python3.6/site-packages/airflow/example_dags/tutorial_etl_dag.py
[2021-06-15 03:46:01,359] {logging_mixin.py:104} INFO - [2021-06-15 03:46:01,358] {dag.py:1832} INFO - Sync 1 DAGs
[2021-06-15 03:46:01,515] {logging_mixin.py:104} INFO - [2021-06-15 03:46:01,514] {dag.py:2305} INFO - Setting next_dagrun for tutorial_etl_dag to None
[2021-06-15 03:46:01,597] {scheduler_job.py:190} INFO - Processing /home/airflow/.local/lib/python3.6/site-packages/airflow/example_dags/tutorial_etl_dag.py took 0.608 seconds
[2021-06-15 03:46:32,371] {scheduler_job.py:182} INFO - Started process (PID=2651) to work on /home/airflow/.local/lib/python3.6/site-packages/airflow/example_dags/tutorial_etl_dag.py
[2021-06-15 03:46:32,379] {scheduler_job.py:633} INFO - Processing file /home/airflow/.local/lib/python3.6/site-packages/airflow/example_dags/tutorial_etl_dag.py for tasks to queue
[2021-06-15 03:46:32,385] {logging_mixin.py:104} INFO - [2021-06-15 03:46:32,384] {dagbag.py:487} INFO - Filling up the DagBag from /home/airflow/.local/lib/python3.6/site-packages/airflow/example_dags/tutorial_etl_dag.py
[2021-06-15 03:46:32,446] {scheduler_job.py:643} INFO - DAG(s) dict_keys(['tutorial_etl_dag']) retrieved from /home/airflow/.local/lib/python3.6/site-packages/airflow/example_dags/tutorial_etl_dag.py
[2021-06-15 03:46:32,549] {logging_mixin.py:104} INFO - [2021-06-15 03:46:32,548] {dag.py:1832} INFO - Sync 1 DAGs
[2021-06-15 03:46:32,628] {logging_mixin.py:104} INFO - [2021-06-15 03:46:32,627] {dag.py:2305} INFO - Setting next_dagrun for tutorial_etl_dag to None
[2021-06-15 03:46:32,672] {scheduler_job.py:190} INFO - Processing /home/airflow/.local/lib/python3.6/site-packages/airflow/example_dags/tutorial_etl_dag.py took 0.319 seconds
[2021-06-15 03:47:03,230] {scheduler_job.py:182} INFO - Started process (PID=2715) to work on /home/airflow/.local/lib/python3.6/site-packages/airflow/example_dags/tutorial_etl_dag.py
[2021-06-15 03:47:03,235] {scheduler_job.py:633} INFO - Processing file /home/airflow/.local/lib/python3.6/site-packages/airflow/example_dags/tutorial_etl_dag.py for tasks to queue
[2021-06-15 03:47:03,241] {logging_mixin.py:104} INFO - [2021-06-15 03:47:03,240] {dagbag.py:487} INFO - Filling up the DagBag from /home/airflow/.local/lib/python3.6/site-packages/airflow/example_dags/tutorial_etl_dag.py
[2021-06-15 03:47:03,297] {scheduler_job.py:643} INFO - DAG(s) dict_keys(['tutorial_etl_dag']) retrieved from /home/airflow/.local/lib/python3.6/site-packages/airflow/example_dags/tutorial_etl_dag.py
[2021-06-15 03:47:03,387] {logging_mixin.py:104} INFO - [2021-06-15 03:47:03,386] {dag.py:1832} INFO - Sync 1 DAGs
[2021-06-15 03:47:03,452] {logging_mixin.py:104} INFO - [2021-06-15 03:47:03,452] {dag.py:2305} INFO - Setting next_dagrun for tutorial_etl_dag to None
[2021-06-15 03:47:03,493] {scheduler_job.py:190} INFO - Processing /home/airflow/.local/lib/python3.6/site-packages/airflow/example_dags/tutorial_etl_dag.py took 0.277 seconds
[2021-06-15 03:47:33,627] {scheduler_job.py:182} INFO - Started process (PID=2775) to work on /home/airflow/.local/lib/python3.6/site-packages/airflow/example_dags/tutorial_etl_dag.py
[2021-06-15 03:47:33,637] {scheduler_job.py:633} INFO - Processing file /home/airflow/.local/lib/python3.6/site-packages/airflow/example_dags/tutorial_etl_dag.py for tasks to queue
[2021-06-15 03:47:33,654] {logging_mixin.py:104} INFO - [2021-06-15 03:47:33,653] {dagbag.py:487} INFO - Filling up the DagBag from /home/airflow/.local/lib/python3.6/site-packages/airflow/example_dags/tutorial_etl_dag.py
[2021-06-15 03:47:33,707] {scheduler_job.py:643} INFO - DAG(s) dict_keys(['tutorial_etl_dag']) retrieved from /home/airflow/.local/lib/python3.6/site-packages/airflow/example_dags/tutorial_etl_dag.py
[2021-06-15 03:47:33,794] {logging_mixin.py:104} INFO - [2021-06-15 03:47:33,793] {dag.py:1832} INFO - Sync 1 DAGs
[2021-06-15 03:47:33,856] {logging_mixin.py:104} INFO - [2021-06-15 03:47:33,856] {dag.py:2305} INFO - Setting next_dagrun for tutorial_etl_dag to None
[2021-06-15 03:47:33,895] {scheduler_job.py:190} INFO - Processing /home/airflow/.local/lib/python3.6/site-packages/airflow/example_dags/tutorial_etl_dag.py took 0.282 seconds
[2021-06-15 03:48:04,517] {scheduler_job.py:182} INFO - Started process (PID=2843) to work on /home/airflow/.local/lib/python3.6/site-packages/airflow/example_dags/tutorial_etl_dag.py
[2021-06-15 03:48:04,526] {scheduler_job.py:633} INFO - Processing file /home/airflow/.local/lib/python3.6/site-packages/airflow/example_dags/tutorial_etl_dag.py for tasks to queue
[2021-06-15 03:48:04,533] {logging_mixin.py:104} INFO - [2021-06-15 03:48:04,532] {dagbag.py:487} INFO - Filling up the DagBag from /home/airflow/.local/lib/python3.6/site-packages/airflow/example_dags/tutorial_etl_dag.py
[2021-06-15 03:48:04,609] {scheduler_job.py:643} INFO - DAG(s) dict_keys(['tutorial_etl_dag']) retrieved from /home/airflow/.local/lib/python3.6/site-packages/airflow/example_dags/tutorial_etl_dag.py
[2021-06-15 03:48:04,710] {logging_mixin.py:104} INFO - [2021-06-15 03:48:04,709] {dag.py:1832} INFO - Sync 1 DAGs
[2021-06-15 03:48:04,785] {logging_mixin.py:104} INFO - [2021-06-15 03:48:04,784] {dag.py:2305} INFO - Setting next_dagrun for tutorial_etl_dag to None
[2021-06-15 03:48:04,825] {scheduler_job.py:190} INFO - Processing /home/airflow/.local/lib/python3.6/site-packages/airflow/example_dags/tutorial_etl_dag.py took 0.331 seconds
[2021-06-15 03:48:35,123] {scheduler_job.py:182} INFO - Started process (PID=2911) to work on /home/airflow/.local/lib/python3.6/site-packages/airflow/example_dags/tutorial_etl_dag.py
[2021-06-15 03:48:35,131] {scheduler_job.py:633} INFO - Processing file /home/airflow/.local/lib/python3.6/site-packages/airflow/example_dags/tutorial_etl_dag.py for tasks to queue
[2021-06-15 03:48:35,143] {logging_mixin.py:104} INFO - [2021-06-15 03:48:35,142] {dagbag.py:487} INFO - Filling up the DagBag from /home/airflow/.local/lib/python3.6/site-packages/airflow/example_dags/tutorial_etl_dag.py
[2021-06-15 03:48:35,224] {scheduler_job.py:643} INFO - DAG(s) dict_keys(['tutorial_etl_dag']) retrieved from /home/airflow/.local/lib/python3.6/site-packages/airflow/example_dags/tutorial_etl_dag.py
[2021-06-15 03:48:35,336] {logging_mixin.py:104} INFO - [2021-06-15 03:48:35,335] {dag.py:1832} INFO - Sync 1 DAGs
[2021-06-15 03:48:35,402] {logging_mixin.py:104} INFO - [2021-06-15 03:48:35,401] {dag.py:2305} INFO - Setting next_dagrun for tutorial_etl_dag to None
[2021-06-15 03:48:35,442] {scheduler_job.py:190} INFO - Processing /home/airflow/.local/lib/python3.6/site-packages/airflow/example_dags/tutorial_etl_dag.py took 0.341 seconds
[2021-06-15 03:49:05,717] {scheduler_job.py:182} INFO - Started process (PID=2971) to work on /home/airflow/.local/lib/python3.6/site-packages/airflow/example_dags/tutorial_etl_dag.py
[2021-06-15 03:49:05,724] {scheduler_job.py:633} INFO - Processing file /home/airflow/.local/lib/python3.6/site-packages/airflow/example_dags/tutorial_etl_dag.py for tasks to queue
[2021-06-15 03:49:05,730] {logging_mixin.py:104} INFO - [2021-06-15 03:49:05,729] {dagbag.py:487} INFO - Filling up the DagBag from /home/airflow/.local/lib/python3.6/site-packages/airflow/example_dags/tutorial_etl_dag.py
[2021-06-15 03:49:05,783] {scheduler_job.py:643} INFO - DAG(s) dict_keys(['tutorial_etl_dag']) retrieved from /home/airflow/.local/lib/python3.6/site-packages/airflow/example_dags/tutorial_etl_dag.py
[2021-06-15 03:49:05,883] {logging_mixin.py:104} INFO - [2021-06-15 03:49:05,882] {dag.py:1832} INFO - Sync 1 DAGs
[2021-06-15 03:49:05,949] {logging_mixin.py:104} INFO - [2021-06-15 03:49:05,948] {dag.py:2305} INFO - Setting next_dagrun for tutorial_etl_dag to None
[2021-06-15 03:49:05,992] {scheduler_job.py:190} INFO - Processing /home/airflow/.local/lib/python3.6/site-packages/airflow/example_dags/tutorial_etl_dag.py took 0.288 seconds
