[2021-06-11 05:38:04,640] {scheduler_job.py:182} INFO - Started process (PID=114) to work on /home/airflow/.local/lib/python3.6/site-packages/airflow/example_dags/example_skip_dag.py
[2021-06-11 05:38:04,642] {scheduler_job.py:633} INFO - Processing file /home/airflow/.local/lib/python3.6/site-packages/airflow/example_dags/example_skip_dag.py for tasks to queue
[2021-06-11 05:38:04,643] {logging_mixin.py:104} INFO - [2021-06-11 05:38:04,643] {dagbag.py:487} INFO - Filling up the DagBag from /home/airflow/.local/lib/python3.6/site-packages/airflow/example_dags/example_skip_dag.py
[2021-06-11 05:38:04,656] {scheduler_job.py:643} INFO - DAG(s) dict_keys(['example_skip_dag']) retrieved from /home/airflow/.local/lib/python3.6/site-packages/airflow/example_dags/example_skip_dag.py
[2021-06-11 05:38:06,250] {logging_mixin.py:104} INFO - [2021-06-11 05:38:06,250] {dag.py:1832} INFO - Sync 1 DAGs
[2021-06-11 05:38:06,259] {logging_mixin.py:104} INFO - [2021-06-11 05:38:06,258] {dag.py:1851} INFO - Creating ORM DAG for example_skip_dag
[2021-06-11 05:38:06,265] {logging_mixin.py:104} INFO - [2021-06-11 05:38:06,265] {dag.py:2305} INFO - Setting next_dagrun for example_skip_dag to 2021-06-09 00:00:00+00:00
[2021-06-11 05:38:06,275] {scheduler_job.py:190} INFO - Processing /home/airflow/.local/lib/python3.6/site-packages/airflow/example_dags/example_skip_dag.py took 1.639 seconds
[2021-06-11 05:38:36,353] {scheduler_job.py:182} INFO - Started process (PID=205) to work on /home/airflow/.local/lib/python3.6/site-packages/airflow/example_dags/example_skip_dag.py
[2021-06-11 05:38:36,355] {scheduler_job.py:633} INFO - Processing file /home/airflow/.local/lib/python3.6/site-packages/airflow/example_dags/example_skip_dag.py for tasks to queue
[2021-06-11 05:38:36,357] {logging_mixin.py:104} INFO - [2021-06-11 05:38:36,356] {dagbag.py:487} INFO - Filling up the DagBag from /home/airflow/.local/lib/python3.6/site-packages/airflow/example_dags/example_skip_dag.py
[2021-06-11 05:38:36,370] {scheduler_job.py:643} INFO - DAG(s) dict_keys(['example_skip_dag']) retrieved from /home/airflow/.local/lib/python3.6/site-packages/airflow/example_dags/example_skip_dag.py
[2021-06-11 05:38:36,395] {logging_mixin.py:104} INFO - [2021-06-11 05:38:36,395] {dag.py:1832} INFO - Sync 1 DAGs
[2021-06-11 05:38:36,411] {logging_mixin.py:104} INFO - [2021-06-11 05:38:36,411] {dag.py:2305} INFO - Setting next_dagrun for example_skip_dag to 2021-06-09 00:00:00+00:00
[2021-06-11 05:38:36,421] {scheduler_job.py:190} INFO - Processing /home/airflow/.local/lib/python3.6/site-packages/airflow/example_dags/example_skip_dag.py took 0.071 seconds
[2021-06-11 05:39:06,939] {scheduler_job.py:182} INFO - Started process (PID=270) to work on /home/airflow/.local/lib/python3.6/site-packages/airflow/example_dags/example_skip_dag.py
[2021-06-11 05:39:06,941] {scheduler_job.py:633} INFO - Processing file /home/airflow/.local/lib/python3.6/site-packages/airflow/example_dags/example_skip_dag.py for tasks to queue
[2021-06-11 05:39:06,942] {logging_mixin.py:104} INFO - [2021-06-11 05:39:06,942] {dagbag.py:487} INFO - Filling up the DagBag from /home/airflow/.local/lib/python3.6/site-packages/airflow/example_dags/example_skip_dag.py
[2021-06-11 05:39:06,956] {scheduler_job.py:643} INFO - DAG(s) dict_keys(['example_skip_dag']) retrieved from /home/airflow/.local/lib/python3.6/site-packages/airflow/example_dags/example_skip_dag.py
[2021-06-11 05:39:06,977] {logging_mixin.py:104} INFO - [2021-06-11 05:39:06,977] {dag.py:1832} INFO - Sync 1 DAGs
[2021-06-11 05:39:06,991] {logging_mixin.py:104} INFO - [2021-06-11 05:39:06,991] {dag.py:2305} INFO - Setting next_dagrun for example_skip_dag to 2021-06-09 00:00:00+00:00
[2021-06-11 05:39:07,001] {scheduler_job.py:190} INFO - Processing /home/airflow/.local/lib/python3.6/site-packages/airflow/example_dags/example_skip_dag.py took 0.066 seconds
[2021-06-11 05:39:37,293] {scheduler_job.py:182} INFO - Started process (PID=356) to work on /home/airflow/.local/lib/python3.6/site-packages/airflow/example_dags/example_skip_dag.py
[2021-06-11 05:39:37,295] {scheduler_job.py:633} INFO - Processing file /home/airflow/.local/lib/python3.6/site-packages/airflow/example_dags/example_skip_dag.py for tasks to queue
[2021-06-11 05:39:37,296] {logging_mixin.py:104} INFO - [2021-06-11 05:39:37,296] {dagbag.py:487} INFO - Filling up the DagBag from /home/airflow/.local/lib/python3.6/site-packages/airflow/example_dags/example_skip_dag.py
[2021-06-11 05:39:37,310] {scheduler_job.py:643} INFO - DAG(s) dict_keys(['example_skip_dag']) retrieved from /home/airflow/.local/lib/python3.6/site-packages/airflow/example_dags/example_skip_dag.py
[2021-06-11 05:39:37,332] {logging_mixin.py:104} INFO - [2021-06-11 05:39:37,331] {dag.py:1832} INFO - Sync 1 DAGs
[2021-06-11 05:39:37,347] {logging_mixin.py:104} INFO - [2021-06-11 05:39:37,347] {dag.py:2305} INFO - Setting next_dagrun for example_skip_dag to 2021-06-09 00:00:00+00:00
[2021-06-11 05:39:37,356] {scheduler_job.py:190} INFO - Processing /home/airflow/.local/lib/python3.6/site-packages/airflow/example_dags/example_skip_dag.py took 0.067 seconds
[2021-06-11 05:40:07,979] {scheduler_job.py:182} INFO - Started process (PID=441) to work on /home/airflow/.local/lib/python3.6/site-packages/airflow/example_dags/example_skip_dag.py
[2021-06-11 05:40:07,982] {scheduler_job.py:633} INFO - Processing file /home/airflow/.local/lib/python3.6/site-packages/airflow/example_dags/example_skip_dag.py for tasks to queue
[2021-06-11 05:40:07,983] {logging_mixin.py:104} INFO - [2021-06-11 05:40:07,983] {dagbag.py:487} INFO - Filling up the DagBag from /home/airflow/.local/lib/python3.6/site-packages/airflow/example_dags/example_skip_dag.py
[2021-06-11 05:40:07,996] {scheduler_job.py:643} INFO - DAG(s) dict_keys(['example_skip_dag']) retrieved from /home/airflow/.local/lib/python3.6/site-packages/airflow/example_dags/example_skip_dag.py
[2021-06-11 05:40:08,019] {logging_mixin.py:104} INFO - [2021-06-11 05:40:08,019] {dag.py:1832} INFO - Sync 1 DAGs
[2021-06-11 05:40:08,034] {logging_mixin.py:104} INFO - [2021-06-11 05:40:08,034] {dag.py:2305} INFO - Setting next_dagrun for example_skip_dag to 2021-06-09 00:00:00+00:00
[2021-06-11 05:40:08,044] {scheduler_job.py:190} INFO - Processing /home/airflow/.local/lib/python3.6/site-packages/airflow/example_dags/example_skip_dag.py took 0.069 seconds
[2021-06-11 05:40:38,297] {scheduler_job.py:182} INFO - Started process (PID=507) to work on /home/airflow/.local/lib/python3.6/site-packages/airflow/example_dags/example_skip_dag.py
[2021-06-11 05:40:38,299] {scheduler_job.py:633} INFO - Processing file /home/airflow/.local/lib/python3.6/site-packages/airflow/example_dags/example_skip_dag.py for tasks to queue
[2021-06-11 05:40:38,300] {logging_mixin.py:104} INFO - [2021-06-11 05:40:38,300] {dagbag.py:487} INFO - Filling up the DagBag from /home/airflow/.local/lib/python3.6/site-packages/airflow/example_dags/example_skip_dag.py
[2021-06-11 05:40:38,314] {scheduler_job.py:643} INFO - DAG(s) dict_keys(['example_skip_dag']) retrieved from /home/airflow/.local/lib/python3.6/site-packages/airflow/example_dags/example_skip_dag.py
[2021-06-11 05:40:38,337] {logging_mixin.py:104} INFO - [2021-06-11 05:40:38,337] {dag.py:1832} INFO - Sync 1 DAGs
[2021-06-11 05:40:38,352] {logging_mixin.py:104} INFO - [2021-06-11 05:40:38,352] {dag.py:2305} INFO - Setting next_dagrun for example_skip_dag to 2021-06-09 00:00:00+00:00
[2021-06-11 05:40:38,361] {scheduler_job.py:190} INFO - Processing /home/airflow/.local/lib/python3.6/site-packages/airflow/example_dags/example_skip_dag.py took 0.069 seconds
[2021-06-11 05:41:08,733] {scheduler_job.py:182} INFO - Started process (PID=590) to work on /home/airflow/.local/lib/python3.6/site-packages/airflow/example_dags/example_skip_dag.py
[2021-06-11 05:41:08,734] {scheduler_job.py:633} INFO - Processing file /home/airflow/.local/lib/python3.6/site-packages/airflow/example_dags/example_skip_dag.py for tasks to queue
[2021-06-11 05:41:08,735] {logging_mixin.py:104} INFO - [2021-06-11 05:41:08,735] {dagbag.py:487} INFO - Filling up the DagBag from /home/airflow/.local/lib/python3.6/site-packages/airflow/example_dags/example_skip_dag.py
[2021-06-11 05:41:08,747] {scheduler_job.py:643} INFO - DAG(s) dict_keys(['example_skip_dag']) retrieved from /home/airflow/.local/lib/python3.6/site-packages/airflow/example_dags/example_skip_dag.py
[2021-06-11 05:41:08,775] {logging_mixin.py:104} INFO - [2021-06-11 05:41:08,775] {dag.py:1832} INFO - Sync 1 DAGs
[2021-06-11 05:41:08,797] {logging_mixin.py:104} INFO - [2021-06-11 05:41:08,797] {dag.py:2305} INFO - Setting next_dagrun for example_skip_dag to 2021-06-09 00:00:00+00:00
[2021-06-11 05:41:08,808] {scheduler_job.py:190} INFO - Processing /home/airflow/.local/lib/python3.6/site-packages/airflow/example_dags/example_skip_dag.py took 0.079 seconds
[2021-06-11 05:41:39,163] {scheduler_job.py:182} INFO - Started process (PID=673) to work on /home/airflow/.local/lib/python3.6/site-packages/airflow/example_dags/example_skip_dag.py
[2021-06-11 05:41:39,165] {scheduler_job.py:633} INFO - Processing file /home/airflow/.local/lib/python3.6/site-packages/airflow/example_dags/example_skip_dag.py for tasks to queue
[2021-06-11 05:41:39,166] {logging_mixin.py:104} INFO - [2021-06-11 05:41:39,166] {dagbag.py:487} INFO - Filling up the DagBag from /home/airflow/.local/lib/python3.6/site-packages/airflow/example_dags/example_skip_dag.py
[2021-06-11 05:41:39,180] {scheduler_job.py:643} INFO - DAG(s) dict_keys(['example_skip_dag']) retrieved from /home/airflow/.local/lib/python3.6/site-packages/airflow/example_dags/example_skip_dag.py
[2021-06-11 05:41:39,207] {logging_mixin.py:104} INFO - [2021-06-11 05:41:39,207] {dag.py:1832} INFO - Sync 1 DAGs
[2021-06-11 05:41:39,224] {logging_mixin.py:104} INFO - [2021-06-11 05:41:39,224] {dag.py:2305} INFO - Setting next_dagrun for example_skip_dag to 2021-06-09 00:00:00+00:00
[2021-06-11 05:41:39,236] {scheduler_job.py:190} INFO - Processing /home/airflow/.local/lib/python3.6/site-packages/airflow/example_dags/example_skip_dag.py took 0.077 seconds
[2021-06-11 05:42:09,824] {scheduler_job.py:182} INFO - Started process (PID=740) to work on /home/airflow/.local/lib/python3.6/site-packages/airflow/example_dags/example_skip_dag.py
[2021-06-11 05:42:09,826] {scheduler_job.py:633} INFO - Processing file /home/airflow/.local/lib/python3.6/site-packages/airflow/example_dags/example_skip_dag.py for tasks to queue
[2021-06-11 05:42:09,827] {logging_mixin.py:104} INFO - [2021-06-11 05:42:09,827] {dagbag.py:487} INFO - Filling up the DagBag from /home/airflow/.local/lib/python3.6/site-packages/airflow/example_dags/example_skip_dag.py
[2021-06-11 05:42:09,840] {scheduler_job.py:643} INFO - DAG(s) dict_keys(['example_skip_dag']) retrieved from /home/airflow/.local/lib/python3.6/site-packages/airflow/example_dags/example_skip_dag.py
[2021-06-11 05:42:09,861] {logging_mixin.py:104} INFO - [2021-06-11 05:42:09,861] {dag.py:1832} INFO - Sync 1 DAGs
[2021-06-11 05:42:09,877] {logging_mixin.py:104} INFO - [2021-06-11 05:42:09,877] {dag.py:2305} INFO - Setting next_dagrun for example_skip_dag to 2021-06-09 00:00:00+00:00
[2021-06-11 05:42:09,888] {scheduler_job.py:190} INFO - Processing /home/airflow/.local/lib/python3.6/site-packages/airflow/example_dags/example_skip_dag.py took 0.069 seconds
[2021-06-11 05:42:40,722] {scheduler_job.py:182} INFO - Started process (PID=825) to work on /home/airflow/.local/lib/python3.6/site-packages/airflow/example_dags/example_skip_dag.py
[2021-06-11 05:42:40,724] {scheduler_job.py:633} INFO - Processing file /home/airflow/.local/lib/python3.6/site-packages/airflow/example_dags/example_skip_dag.py for tasks to queue
[2021-06-11 05:42:40,725] {logging_mixin.py:104} INFO - [2021-06-11 05:42:40,725] {dagbag.py:487} INFO - Filling up the DagBag from /home/airflow/.local/lib/python3.6/site-packages/airflow/example_dags/example_skip_dag.py
[2021-06-11 05:42:40,739] {scheduler_job.py:643} INFO - DAG(s) dict_keys(['example_skip_dag']) retrieved from /home/airflow/.local/lib/python3.6/site-packages/airflow/example_dags/example_skip_dag.py
[2021-06-11 05:42:40,762] {logging_mixin.py:104} INFO - [2021-06-11 05:42:40,761] {dag.py:1832} INFO - Sync 1 DAGs
[2021-06-11 05:42:40,777] {logging_mixin.py:104} INFO - [2021-06-11 05:42:40,777] {dag.py:2305} INFO - Setting next_dagrun for example_skip_dag to 2021-06-09 00:00:00+00:00
[2021-06-11 05:42:40,788] {scheduler_job.py:190} INFO - Processing /home/airflow/.local/lib/python3.6/site-packages/airflow/example_dags/example_skip_dag.py took 0.071 seconds
[2021-06-11 05:43:10,837] {scheduler_job.py:182} INFO - Started process (PID=910) to work on /home/airflow/.local/lib/python3.6/site-packages/airflow/example_dags/example_skip_dag.py
[2021-06-11 05:43:10,839] {scheduler_job.py:633} INFO - Processing file /home/airflow/.local/lib/python3.6/site-packages/airflow/example_dags/example_skip_dag.py for tasks to queue
[2021-06-11 05:43:10,841] {logging_mixin.py:104} INFO - [2021-06-11 05:43:10,841] {dagbag.py:487} INFO - Filling up the DagBag from /home/airflow/.local/lib/python3.6/site-packages/airflow/example_dags/example_skip_dag.py
[2021-06-11 05:43:10,854] {scheduler_job.py:643} INFO - DAG(s) dict_keys(['example_skip_dag']) retrieved from /home/airflow/.local/lib/python3.6/site-packages/airflow/example_dags/example_skip_dag.py
[2021-06-11 05:43:10,882] {logging_mixin.py:104} INFO - [2021-06-11 05:43:10,882] {dag.py:1832} INFO - Sync 1 DAGs
[2021-06-11 05:43:10,898] {logging_mixin.py:104} INFO - [2021-06-11 05:43:10,898] {dag.py:2305} INFO - Setting next_dagrun for example_skip_dag to 2021-06-09 00:00:00+00:00
[2021-06-11 05:43:10,909] {scheduler_job.py:190} INFO - Processing /home/airflow/.local/lib/python3.6/site-packages/airflow/example_dags/example_skip_dag.py took 0.077 seconds
[2021-06-11 05:43:41,664] {scheduler_job.py:182} INFO - Started process (PID=976) to work on /home/airflow/.local/lib/python3.6/site-packages/airflow/example_dags/example_skip_dag.py
[2021-06-11 05:43:41,666] {scheduler_job.py:633} INFO - Processing file /home/airflow/.local/lib/python3.6/site-packages/airflow/example_dags/example_skip_dag.py for tasks to queue
[2021-06-11 05:43:41,668] {logging_mixin.py:104} INFO - [2021-06-11 05:43:41,668] {dagbag.py:487} INFO - Filling up the DagBag from /home/airflow/.local/lib/python3.6/site-packages/airflow/example_dags/example_skip_dag.py
[2021-06-11 05:43:41,681] {scheduler_job.py:643} INFO - DAG(s) dict_keys(['example_skip_dag']) retrieved from /home/airflow/.local/lib/python3.6/site-packages/airflow/example_dags/example_skip_dag.py
[2021-06-11 05:43:41,704] {logging_mixin.py:104} INFO - [2021-06-11 05:43:41,704] {dag.py:1832} INFO - Sync 1 DAGs
[2021-06-11 05:43:41,721] {logging_mixin.py:104} INFO - [2021-06-11 05:43:41,720] {dag.py:2305} INFO - Setting next_dagrun for example_skip_dag to 2021-06-09 00:00:00+00:00
[2021-06-11 05:43:41,732] {scheduler_job.py:190} INFO - Processing /home/airflow/.local/lib/python3.6/site-packages/airflow/example_dags/example_skip_dag.py took 0.072 seconds
[2021-06-11 05:44:12,292] {scheduler_job.py:182} INFO - Started process (PID=1059) to work on /home/airflow/.local/lib/python3.6/site-packages/airflow/example_dags/example_skip_dag.py
[2021-06-11 05:44:12,294] {scheduler_job.py:633} INFO - Processing file /home/airflow/.local/lib/python3.6/site-packages/airflow/example_dags/example_skip_dag.py for tasks to queue
[2021-06-11 05:44:12,295] {logging_mixin.py:104} INFO - [2021-06-11 05:44:12,295] {dagbag.py:487} INFO - Filling up the DagBag from /home/airflow/.local/lib/python3.6/site-packages/airflow/example_dags/example_skip_dag.py
[2021-06-11 05:44:12,307] {scheduler_job.py:643} INFO - DAG(s) dict_keys(['example_skip_dag']) retrieved from /home/airflow/.local/lib/python3.6/site-packages/airflow/example_dags/example_skip_dag.py
[2021-06-11 05:44:12,328] {logging_mixin.py:104} INFO - [2021-06-11 05:44:12,328] {dag.py:1832} INFO - Sync 1 DAGs
[2021-06-11 05:44:12,344] {logging_mixin.py:104} INFO - [2021-06-11 05:44:12,344] {dag.py:2305} INFO - Setting next_dagrun for example_skip_dag to 2021-06-09 00:00:00+00:00
[2021-06-11 05:44:12,354] {scheduler_job.py:190} INFO - Processing /home/airflow/.local/lib/python3.6/site-packages/airflow/example_dags/example_skip_dag.py took 0.066 seconds
[2021-06-11 05:44:43,172] {scheduler_job.py:182} INFO - Started process (PID=1141) to work on /home/airflow/.local/lib/python3.6/site-packages/airflow/example_dags/example_skip_dag.py
[2021-06-11 05:44:43,186] {scheduler_job.py:633} INFO - Processing file /home/airflow/.local/lib/python3.6/site-packages/airflow/example_dags/example_skip_dag.py for tasks to queue
[2021-06-11 05:44:43,188] {logging_mixin.py:104} INFO - [2021-06-11 05:44:43,188] {dagbag.py:487} INFO - Filling up the DagBag from /home/airflow/.local/lib/python3.6/site-packages/airflow/example_dags/example_skip_dag.py
[2021-06-11 05:44:43,202] {scheduler_job.py:643} INFO - DAG(s) dict_keys(['example_skip_dag']) retrieved from /home/airflow/.local/lib/python3.6/site-packages/airflow/example_dags/example_skip_dag.py
[2021-06-11 05:44:43,232] {logging_mixin.py:104} INFO - [2021-06-11 05:44:43,232] {dag.py:1832} INFO - Sync 1 DAGs
[2021-06-11 05:44:43,250] {logging_mixin.py:104} INFO - [2021-06-11 05:44:43,250] {dag.py:2305} INFO - Setting next_dagrun for example_skip_dag to 2021-06-09 00:00:00+00:00
[2021-06-11 05:44:43,261] {scheduler_job.py:190} INFO - Processing /home/airflow/.local/lib/python3.6/site-packages/airflow/example_dags/example_skip_dag.py took 0.094 seconds
[2021-06-11 05:45:13,535] {scheduler_job.py:182} INFO - Started process (PID=1208) to work on /home/airflow/.local/lib/python3.6/site-packages/airflow/example_dags/example_skip_dag.py
[2021-06-11 05:45:13,537] {scheduler_job.py:633} INFO - Processing file /home/airflow/.local/lib/python3.6/site-packages/airflow/example_dags/example_skip_dag.py for tasks to queue
[2021-06-11 05:45:13,538] {logging_mixin.py:104} INFO - [2021-06-11 05:45:13,538] {dagbag.py:487} INFO - Filling up the DagBag from /home/airflow/.local/lib/python3.6/site-packages/airflow/example_dags/example_skip_dag.py
[2021-06-11 05:45:13,552] {scheduler_job.py:643} INFO - DAG(s) dict_keys(['example_skip_dag']) retrieved from /home/airflow/.local/lib/python3.6/site-packages/airflow/example_dags/example_skip_dag.py
[2021-06-11 05:45:13,580] {logging_mixin.py:104} INFO - [2021-06-11 05:45:13,580] {dag.py:1832} INFO - Sync 1 DAGs
[2021-06-11 05:45:13,600] {logging_mixin.py:104} INFO - [2021-06-11 05:45:13,599] {dag.py:2305} INFO - Setting next_dagrun for example_skip_dag to 2021-06-09 00:00:00+00:00
[2021-06-11 05:45:13,615] {scheduler_job.py:190} INFO - Processing /home/airflow/.local/lib/python3.6/site-packages/airflow/example_dags/example_skip_dag.py took 0.083 seconds
[2021-06-11 05:45:43,853] {scheduler_job.py:182} INFO - Started process (PID=1293) to work on /home/airflow/.local/lib/python3.6/site-packages/airflow/example_dags/example_skip_dag.py
[2021-06-11 05:45:43,855] {scheduler_job.py:633} INFO - Processing file /home/airflow/.local/lib/python3.6/site-packages/airflow/example_dags/example_skip_dag.py for tasks to queue
[2021-06-11 05:45:43,856] {logging_mixin.py:104} INFO - [2021-06-11 05:45:43,856] {dagbag.py:487} INFO - Filling up the DagBag from /home/airflow/.local/lib/python3.6/site-packages/airflow/example_dags/example_skip_dag.py
[2021-06-11 05:45:43,867] {scheduler_job.py:643} INFO - DAG(s) dict_keys(['example_skip_dag']) retrieved from /home/airflow/.local/lib/python3.6/site-packages/airflow/example_dags/example_skip_dag.py
[2021-06-11 05:45:43,889] {logging_mixin.py:104} INFO - [2021-06-11 05:45:43,889] {dag.py:1832} INFO - Sync 1 DAGs
[2021-06-11 05:45:43,904] {logging_mixin.py:104} INFO - [2021-06-11 05:45:43,904] {dag.py:2305} INFO - Setting next_dagrun for example_skip_dag to 2021-06-09 00:00:00+00:00
[2021-06-11 05:45:43,916] {scheduler_job.py:190} INFO - Processing /home/airflow/.local/lib/python3.6/site-packages/airflow/example_dags/example_skip_dag.py took 0.066 seconds
[2021-06-11 05:46:14,847] {scheduler_job.py:182} INFO - Started process (PID=1369) to work on /home/airflow/.local/lib/python3.6/site-packages/airflow/example_dags/example_skip_dag.py
[2021-06-11 05:46:14,849] {scheduler_job.py:633} INFO - Processing file /home/airflow/.local/lib/python3.6/site-packages/airflow/example_dags/example_skip_dag.py for tasks to queue
[2021-06-11 05:46:14,850] {logging_mixin.py:104} INFO - [2021-06-11 05:46:14,850] {dagbag.py:487} INFO - Filling up the DagBag from /home/airflow/.local/lib/python3.6/site-packages/airflow/example_dags/example_skip_dag.py
[2021-06-11 05:46:14,863] {scheduler_job.py:643} INFO - DAG(s) dict_keys(['example_skip_dag']) retrieved from /home/airflow/.local/lib/python3.6/site-packages/airflow/example_dags/example_skip_dag.py
[2021-06-11 05:46:14,888] {logging_mixin.py:104} INFO - [2021-06-11 05:46:14,888] {dag.py:1832} INFO - Sync 1 DAGs
[2021-06-11 05:46:14,906] {logging_mixin.py:104} INFO - [2021-06-11 05:46:14,905] {dag.py:2305} INFO - Setting next_dagrun for example_skip_dag to 2021-06-09 00:00:00+00:00
[2021-06-11 05:46:14,917] {scheduler_job.py:190} INFO - Processing /home/airflow/.local/lib/python3.6/site-packages/airflow/example_dags/example_skip_dag.py took 0.073 seconds
[2021-06-11 05:46:45,178] {scheduler_job.py:182} INFO - Started process (PID=1443) to work on /home/airflow/.local/lib/python3.6/site-packages/airflow/example_dags/example_skip_dag.py
[2021-06-11 05:46:45,180] {scheduler_job.py:633} INFO - Processing file /home/airflow/.local/lib/python3.6/site-packages/airflow/example_dags/example_skip_dag.py for tasks to queue
[2021-06-11 05:46:45,182] {logging_mixin.py:104} INFO - [2021-06-11 05:46:45,181] {dagbag.py:487} INFO - Filling up the DagBag from /home/airflow/.local/lib/python3.6/site-packages/airflow/example_dags/example_skip_dag.py
[2021-06-11 05:46:45,194] {scheduler_job.py:643} INFO - DAG(s) dict_keys(['example_skip_dag']) retrieved from /home/airflow/.local/lib/python3.6/site-packages/airflow/example_dags/example_skip_dag.py
[2021-06-11 05:46:45,219] {logging_mixin.py:104} INFO - [2021-06-11 05:46:45,219] {dag.py:1832} INFO - Sync 1 DAGs
[2021-06-11 05:46:45,236] {logging_mixin.py:104} INFO - [2021-06-11 05:46:45,236] {dag.py:2305} INFO - Setting next_dagrun for example_skip_dag to 2021-06-09 00:00:00+00:00
[2021-06-11 05:46:45,248] {scheduler_job.py:190} INFO - Processing /home/airflow/.local/lib/python3.6/site-packages/airflow/example_dags/example_skip_dag.py took 0.074 seconds
[2021-06-11 05:47:15,605] {scheduler_job.py:182} INFO - Started process (PID=1526) to work on /home/airflow/.local/lib/python3.6/site-packages/airflow/example_dags/example_skip_dag.py
[2021-06-11 05:47:15,606] {scheduler_job.py:633} INFO - Processing file /home/airflow/.local/lib/python3.6/site-packages/airflow/example_dags/example_skip_dag.py for tasks to queue
[2021-06-11 05:47:15,608] {logging_mixin.py:104} INFO - [2021-06-11 05:47:15,608] {dagbag.py:487} INFO - Filling up the DagBag from /home/airflow/.local/lib/python3.6/site-packages/airflow/example_dags/example_skip_dag.py
[2021-06-11 05:47:15,622] {scheduler_job.py:643} INFO - DAG(s) dict_keys(['example_skip_dag']) retrieved from /home/airflow/.local/lib/python3.6/site-packages/airflow/example_dags/example_skip_dag.py
[2021-06-11 05:47:15,658] {logging_mixin.py:104} INFO - [2021-06-11 05:47:15,658] {dag.py:1832} INFO - Sync 1 DAGs
[2021-06-11 05:47:15,676] {logging_mixin.py:104} INFO - [2021-06-11 05:47:15,676] {dag.py:2305} INFO - Setting next_dagrun for example_skip_dag to 2021-06-09 00:00:00+00:00
[2021-06-11 05:47:15,687] {scheduler_job.py:190} INFO - Processing /home/airflow/.local/lib/python3.6/site-packages/airflow/example_dags/example_skip_dag.py took 0.087 seconds
[2021-06-11 05:47:45,958] {scheduler_job.py:182} INFO - Started process (PID=1593) to work on /home/airflow/.local/lib/python3.6/site-packages/airflow/example_dags/example_skip_dag.py
[2021-06-11 05:47:45,960] {scheduler_job.py:633} INFO - Processing file /home/airflow/.local/lib/python3.6/site-packages/airflow/example_dags/example_skip_dag.py for tasks to queue
[2021-06-11 05:47:45,961] {logging_mixin.py:104} INFO - [2021-06-11 05:47:45,961] {dagbag.py:487} INFO - Filling up the DagBag from /home/airflow/.local/lib/python3.6/site-packages/airflow/example_dags/example_skip_dag.py
[2021-06-11 05:47:45,974] {scheduler_job.py:643} INFO - DAG(s) dict_keys(['example_skip_dag']) retrieved from /home/airflow/.local/lib/python3.6/site-packages/airflow/example_dags/example_skip_dag.py
[2021-06-11 05:47:45,996] {logging_mixin.py:104} INFO - [2021-06-11 05:47:45,996] {dag.py:1832} INFO - Sync 1 DAGs
[2021-06-11 05:47:46,012] {logging_mixin.py:104} INFO - [2021-06-11 05:47:46,012] {dag.py:2305} INFO - Setting next_dagrun for example_skip_dag to 2021-06-09 00:00:00+00:00
[2021-06-11 05:47:46,022] {scheduler_job.py:190} INFO - Processing /home/airflow/.local/lib/python3.6/site-packages/airflow/example_dags/example_skip_dag.py took 0.068 seconds
[2021-06-11 05:48:16,201] {scheduler_job.py:182} INFO - Started process (PID=1678) to work on /home/airflow/.local/lib/python3.6/site-packages/airflow/example_dags/example_skip_dag.py
[2021-06-11 05:48:16,203] {scheduler_job.py:633} INFO - Processing file /home/airflow/.local/lib/python3.6/site-packages/airflow/example_dags/example_skip_dag.py for tasks to queue
[2021-06-11 05:48:16,204] {logging_mixin.py:104} INFO - [2021-06-11 05:48:16,204] {dagbag.py:487} INFO - Filling up the DagBag from /home/airflow/.local/lib/python3.6/site-packages/airflow/example_dags/example_skip_dag.py
[2021-06-11 05:48:16,216] {scheduler_job.py:643} INFO - DAG(s) dict_keys(['example_skip_dag']) retrieved from /home/airflow/.local/lib/python3.6/site-packages/airflow/example_dags/example_skip_dag.py
[2021-06-11 05:48:16,239] {logging_mixin.py:104} INFO - [2021-06-11 05:48:16,239] {dag.py:1832} INFO - Sync 1 DAGs
[2021-06-11 05:48:16,254] {logging_mixin.py:104} INFO - [2021-06-11 05:48:16,254] {dag.py:2305} INFO - Setting next_dagrun for example_skip_dag to 2021-06-09 00:00:00+00:00
[2021-06-11 05:48:16,265] {scheduler_job.py:190} INFO - Processing /home/airflow/.local/lib/python3.6/site-packages/airflow/example_dags/example_skip_dag.py took 0.067 seconds
[2021-06-11 05:48:47,082] {scheduler_job.py:182} INFO - Started process (PID=1763) to work on /home/airflow/.local/lib/python3.6/site-packages/airflow/example_dags/example_skip_dag.py
[2021-06-11 05:48:47,085] {scheduler_job.py:633} INFO - Processing file /home/airflow/.local/lib/python3.6/site-packages/airflow/example_dags/example_skip_dag.py for tasks to queue
[2021-06-11 05:48:47,087] {logging_mixin.py:104} INFO - [2021-06-11 05:48:47,087] {dagbag.py:487} INFO - Filling up the DagBag from /home/airflow/.local/lib/python3.6/site-packages/airflow/example_dags/example_skip_dag.py
[2021-06-11 05:48:47,107] {scheduler_job.py:643} INFO - DAG(s) dict_keys(['example_skip_dag']) retrieved from /home/airflow/.local/lib/python3.6/site-packages/airflow/example_dags/example_skip_dag.py
[2021-06-11 05:48:47,140] {logging_mixin.py:104} INFO - [2021-06-11 05:48:47,140] {dag.py:1832} INFO - Sync 1 DAGs
[2021-06-11 05:48:47,159] {logging_mixin.py:104} INFO - [2021-06-11 05:48:47,159] {dag.py:2305} INFO - Setting next_dagrun for example_skip_dag to 2021-06-09 00:00:00+00:00
[2021-06-11 05:48:47,181] {scheduler_job.py:190} INFO - Processing /home/airflow/.local/lib/python3.6/site-packages/airflow/example_dags/example_skip_dag.py took 0.109 seconds
[2021-06-11 05:49:18,467] {scheduler_job.py:182} INFO - Started process (PID=1829) to work on /home/airflow/.local/lib/python3.6/site-packages/airflow/example_dags/example_skip_dag.py
[2021-06-11 05:49:18,469] {scheduler_job.py:633} INFO - Processing file /home/airflow/.local/lib/python3.6/site-packages/airflow/example_dags/example_skip_dag.py for tasks to queue
[2021-06-11 05:49:18,472] {logging_mixin.py:104} INFO - [2021-06-11 05:49:18,471] {dagbag.py:487} INFO - Filling up the DagBag from /home/airflow/.local/lib/python3.6/site-packages/airflow/example_dags/example_skip_dag.py
[2021-06-11 05:49:18,488] {scheduler_job.py:643} INFO - DAG(s) dict_keys(['example_skip_dag']) retrieved from /home/airflow/.local/lib/python3.6/site-packages/airflow/example_dags/example_skip_dag.py
[2021-06-11 05:49:18,527] {logging_mixin.py:104} INFO - [2021-06-11 05:49:18,527] {dag.py:1832} INFO - Sync 1 DAGs
[2021-06-11 05:49:18,553] {logging_mixin.py:104} INFO - [2021-06-11 05:49:18,553] {dag.py:2305} INFO - Setting next_dagrun for example_skip_dag to 2021-06-09 00:00:00+00:00
[2021-06-11 05:49:18,569] {scheduler_job.py:190} INFO - Processing /home/airflow/.local/lib/python3.6/site-packages/airflow/example_dags/example_skip_dag.py took 0.107 seconds
[2021-06-11 05:49:49,453] {scheduler_job.py:182} INFO - Started process (PID=1911) to work on /home/airflow/.local/lib/python3.6/site-packages/airflow/example_dags/example_skip_dag.py
[2021-06-11 05:49:49,456] {scheduler_job.py:633} INFO - Processing file /home/airflow/.local/lib/python3.6/site-packages/airflow/example_dags/example_skip_dag.py for tasks to queue
[2021-06-11 05:49:49,457] {logging_mixin.py:104} INFO - [2021-06-11 05:49:49,457] {dagbag.py:487} INFO - Filling up the DagBag from /home/airflow/.local/lib/python3.6/site-packages/airflow/example_dags/example_skip_dag.py
[2021-06-11 05:49:49,476] {scheduler_job.py:643} INFO - DAG(s) dict_keys(['example_skip_dag']) retrieved from /home/airflow/.local/lib/python3.6/site-packages/airflow/example_dags/example_skip_dag.py
[2021-06-11 05:49:49,503] {logging_mixin.py:104} INFO - [2021-06-11 05:49:49,503] {dag.py:1832} INFO - Sync 1 DAGs
[2021-06-11 05:49:49,526] {logging_mixin.py:104} INFO - [2021-06-11 05:49:49,526] {dag.py:2305} INFO - Setting next_dagrun for example_skip_dag to 2021-06-09 00:00:00+00:00
[2021-06-11 05:49:49,537] {scheduler_job.py:190} INFO - Processing /home/airflow/.local/lib/python3.6/site-packages/airflow/example_dags/example_skip_dag.py took 0.088 seconds
[2021-06-11 05:50:19,876] {scheduler_job.py:182} INFO - Started process (PID=1996) to work on /home/airflow/.local/lib/python3.6/site-packages/airflow/example_dags/example_skip_dag.py
[2021-06-11 05:50:19,878] {scheduler_job.py:633} INFO - Processing file /home/airflow/.local/lib/python3.6/site-packages/airflow/example_dags/example_skip_dag.py for tasks to queue
[2021-06-11 05:50:19,880] {logging_mixin.py:104} INFO - [2021-06-11 05:50:19,880] {dagbag.py:487} INFO - Filling up the DagBag from /home/airflow/.local/lib/python3.6/site-packages/airflow/example_dags/example_skip_dag.py
[2021-06-11 05:50:19,893] {scheduler_job.py:643} INFO - DAG(s) dict_keys(['example_skip_dag']) retrieved from /home/airflow/.local/lib/python3.6/site-packages/airflow/example_dags/example_skip_dag.py
[2021-06-11 05:50:19,920] {logging_mixin.py:104} INFO - [2021-06-11 05:50:19,920] {dag.py:1832} INFO - Sync 1 DAGs
[2021-06-11 05:50:19,940] {logging_mixin.py:104} INFO - [2021-06-11 05:50:19,940] {dag.py:2305} INFO - Setting next_dagrun for example_skip_dag to 2021-06-09 00:00:00+00:00
[2021-06-11 05:50:19,955] {scheduler_job.py:190} INFO - Processing /home/airflow/.local/lib/python3.6/site-packages/airflow/example_dags/example_skip_dag.py took 0.083 seconds
[2021-06-11 05:50:50,980] {scheduler_job.py:182} INFO - Started process (PID=2063) to work on /home/airflow/.local/lib/python3.6/site-packages/airflow/example_dags/example_skip_dag.py
[2021-06-11 05:50:50,981] {scheduler_job.py:633} INFO - Processing file /home/airflow/.local/lib/python3.6/site-packages/airflow/example_dags/example_skip_dag.py for tasks to queue
[2021-06-11 05:50:50,982] {logging_mixin.py:104} INFO - [2021-06-11 05:50:50,982] {dagbag.py:487} INFO - Filling up the DagBag from /home/airflow/.local/lib/python3.6/site-packages/airflow/example_dags/example_skip_dag.py
[2021-06-11 05:50:50,994] {scheduler_job.py:643} INFO - DAG(s) dict_keys(['example_skip_dag']) retrieved from /home/airflow/.local/lib/python3.6/site-packages/airflow/example_dags/example_skip_dag.py
[2021-06-11 05:50:51,015] {logging_mixin.py:104} INFO - [2021-06-11 05:50:51,015] {dag.py:1832} INFO - Sync 1 DAGs
[2021-06-11 05:50:51,030] {logging_mixin.py:104} INFO - [2021-06-11 05:50:51,030] {dag.py:2305} INFO - Setting next_dagrun for example_skip_dag to 2021-06-09 00:00:00+00:00
[2021-06-11 05:50:51,039] {scheduler_job.py:190} INFO - Processing /home/airflow/.local/lib/python3.6/site-packages/airflow/example_dags/example_skip_dag.py took 0.063 seconds
[2021-06-11 05:51:21,235] {scheduler_job.py:182} INFO - Started process (PID=2147) to work on /home/airflow/.local/lib/python3.6/site-packages/airflow/example_dags/example_skip_dag.py
[2021-06-11 05:51:21,236] {scheduler_job.py:633} INFO - Processing file /home/airflow/.local/lib/python3.6/site-packages/airflow/example_dags/example_skip_dag.py for tasks to queue
[2021-06-11 05:51:21,237] {logging_mixin.py:104} INFO - [2021-06-11 05:51:21,237] {dagbag.py:487} INFO - Filling up the DagBag from /home/airflow/.local/lib/python3.6/site-packages/airflow/example_dags/example_skip_dag.py
[2021-06-11 05:51:21,250] {scheduler_job.py:643} INFO - DAG(s) dict_keys(['example_skip_dag']) retrieved from /home/airflow/.local/lib/python3.6/site-packages/airflow/example_dags/example_skip_dag.py
[2021-06-11 05:51:21,273] {logging_mixin.py:104} INFO - [2021-06-11 05:51:21,272] {dag.py:1832} INFO - Sync 1 DAGs
[2021-06-11 05:51:21,290] {logging_mixin.py:104} INFO - [2021-06-11 05:51:21,289] {dag.py:2305} INFO - Setting next_dagrun for example_skip_dag to 2021-06-09 00:00:00+00:00
[2021-06-11 05:51:21,299] {scheduler_job.py:190} INFO - Processing /home/airflow/.local/lib/python3.6/site-packages/airflow/example_dags/example_skip_dag.py took 0.068 seconds
[2021-06-11 05:51:51,589] {scheduler_job.py:182} INFO - Started process (PID=2225) to work on /home/airflow/.local/lib/python3.6/site-packages/airflow/example_dags/example_skip_dag.py
[2021-06-11 05:51:51,590] {scheduler_job.py:633} INFO - Processing file /home/airflow/.local/lib/python3.6/site-packages/airflow/example_dags/example_skip_dag.py for tasks to queue
[2021-06-11 05:51:51,592] {logging_mixin.py:104} INFO - [2021-06-11 05:51:51,591] {dagbag.py:487} INFO - Filling up the DagBag from /home/airflow/.local/lib/python3.6/site-packages/airflow/example_dags/example_skip_dag.py
[2021-06-11 05:51:51,603] {scheduler_job.py:643} INFO - DAG(s) dict_keys(['example_skip_dag']) retrieved from /home/airflow/.local/lib/python3.6/site-packages/airflow/example_dags/example_skip_dag.py
[2021-06-11 05:51:51,630] {logging_mixin.py:104} INFO - [2021-06-11 05:51:51,629] {dag.py:1832} INFO - Sync 1 DAGs
[2021-06-11 05:51:51,648] {logging_mixin.py:104} INFO - [2021-06-11 05:51:51,647] {dag.py:2305} INFO - Setting next_dagrun for example_skip_dag to 2021-06-09 00:00:00+00:00
[2021-06-11 05:51:51,660] {scheduler_job.py:190} INFO - Processing /home/airflow/.local/lib/python3.6/site-packages/airflow/example_dags/example_skip_dag.py took 0.075 seconds
[2021-06-11 05:52:22,810] {scheduler_job.py:182} INFO - Started process (PID=2298) to work on /home/airflow/.local/lib/python3.6/site-packages/airflow/example_dags/example_skip_dag.py
[2021-06-11 05:52:22,812] {scheduler_job.py:633} INFO - Processing file /home/airflow/.local/lib/python3.6/site-packages/airflow/example_dags/example_skip_dag.py for tasks to queue
[2021-06-11 05:52:22,813] {logging_mixin.py:104} INFO - [2021-06-11 05:52:22,813] {dagbag.py:487} INFO - Filling up the DagBag from /home/airflow/.local/lib/python3.6/site-packages/airflow/example_dags/example_skip_dag.py
[2021-06-11 05:52:22,825] {scheduler_job.py:643} INFO - DAG(s) dict_keys(['example_skip_dag']) retrieved from /home/airflow/.local/lib/python3.6/site-packages/airflow/example_dags/example_skip_dag.py
[2021-06-11 05:52:22,846] {logging_mixin.py:104} INFO - [2021-06-11 05:52:22,846] {dag.py:1832} INFO - Sync 1 DAGs
[2021-06-11 05:52:22,862] {logging_mixin.py:104} INFO - [2021-06-11 05:52:22,862] {dag.py:2305} INFO - Setting next_dagrun for example_skip_dag to 2021-06-09 00:00:00+00:00
[2021-06-11 05:52:22,872] {scheduler_job.py:190} INFO - Processing /home/airflow/.local/lib/python3.6/site-packages/airflow/example_dags/example_skip_dag.py took 0.064 seconds
[2021-06-11 05:52:53,294] {scheduler_job.py:182} INFO - Started process (PID=2382) to work on /home/airflow/.local/lib/python3.6/site-packages/airflow/example_dags/example_skip_dag.py
[2021-06-11 05:52:53,296] {scheduler_job.py:633} INFO - Processing file /home/airflow/.local/lib/python3.6/site-packages/airflow/example_dags/example_skip_dag.py for tasks to queue
[2021-06-11 05:52:53,297] {logging_mixin.py:104} INFO - [2021-06-11 05:52:53,297] {dagbag.py:487} INFO - Filling up the DagBag from /home/airflow/.local/lib/python3.6/site-packages/airflow/example_dags/example_skip_dag.py
[2021-06-11 05:52:53,308] {scheduler_job.py:643} INFO - DAG(s) dict_keys(['example_skip_dag']) retrieved from /home/airflow/.local/lib/python3.6/site-packages/airflow/example_dags/example_skip_dag.py
[2021-06-11 05:52:53,329] {logging_mixin.py:104} INFO - [2021-06-11 05:52:53,329] {dag.py:1832} INFO - Sync 1 DAGs
[2021-06-11 05:52:53,345] {logging_mixin.py:104} INFO - [2021-06-11 05:52:53,345] {dag.py:2305} INFO - Setting next_dagrun for example_skip_dag to 2021-06-09 00:00:00+00:00
[2021-06-11 05:52:53,355] {scheduler_job.py:190} INFO - Processing /home/airflow/.local/lib/python3.6/site-packages/airflow/example_dags/example_skip_dag.py took 0.064 seconds
[2021-06-11 05:53:23,991] {scheduler_job.py:182} INFO - Started process (PID=2466) to work on /home/airflow/.local/lib/python3.6/site-packages/airflow/example_dags/example_skip_dag.py
[2021-06-11 05:53:23,993] {scheduler_job.py:633} INFO - Processing file /home/airflow/.local/lib/python3.6/site-packages/airflow/example_dags/example_skip_dag.py for tasks to queue
[2021-06-11 05:53:23,994] {logging_mixin.py:104} INFO - [2021-06-11 05:53:23,994] {dagbag.py:487} INFO - Filling up the DagBag from /home/airflow/.local/lib/python3.6/site-packages/airflow/example_dags/example_skip_dag.py
[2021-06-11 05:53:24,015] {scheduler_job.py:643} INFO - DAG(s) dict_keys(['example_skip_dag']) retrieved from /home/airflow/.local/lib/python3.6/site-packages/airflow/example_dags/example_skip_dag.py
[2021-06-11 05:53:24,048] {logging_mixin.py:104} INFO - [2021-06-11 05:53:24,048] {dag.py:1832} INFO - Sync 1 DAGs
[2021-06-11 05:53:24,074] {logging_mixin.py:104} INFO - [2021-06-11 05:53:24,073] {dag.py:2305} INFO - Setting next_dagrun for example_skip_dag to 2021-06-09 00:00:00+00:00
[2021-06-11 05:53:24,086] {scheduler_job.py:190} INFO - Processing /home/airflow/.local/lib/python3.6/site-packages/airflow/example_dags/example_skip_dag.py took 0.100 seconds
