[2021-06-11 05:37:48,824] {scheduler_job.py:182} INFO - Started process (PID=61) to work on /home/airflow/.local/lib/python3.6/site-packages/airflow/example_dags/example_branch_operator.py
[2021-06-11 05:37:48,827] {scheduler_job.py:633} INFO - Processing file /home/airflow/.local/lib/python3.6/site-packages/airflow/example_dags/example_branch_operator.py for tasks to queue
[2021-06-11 05:37:48,828] {logging_mixin.py:104} INFO - [2021-06-11 05:37:48,828] {dagbag.py:487} INFO - Filling up the DagBag from /home/airflow/.local/lib/python3.6/site-packages/airflow/example_dags/example_branch_operator.py
[2021-06-11 05:37:48,857] {scheduler_job.py:643} INFO - DAG(s) dict_keys(['example_branch_operator']) retrieved from /home/airflow/.local/lib/python3.6/site-packages/airflow/example_dags/example_branch_operator.py
[2021-06-11 05:37:50,509] {logging_mixin.py:104} INFO - [2021-06-11 05:37:50,509] {dag.py:1832} INFO - Sync 1 DAGs
[2021-06-11 05:37:50,517] {logging_mixin.py:104} INFO - [2021-06-11 05:37:50,516] {dag.py:1851} INFO - Creating ORM DAG for example_branch_operator
[2021-06-11 05:37:50,524] {logging_mixin.py:104} INFO - [2021-06-11 05:37:50,524] {dag.py:2305} INFO - Setting next_dagrun for example_branch_operator to 2021-06-09 00:00:00+00:00
[2021-06-11 05:37:50,534] {scheduler_job.py:190} INFO - Processing /home/airflow/.local/lib/python3.6/site-packages/airflow/example_dags/example_branch_operator.py took 1.715 seconds
[2021-06-11 05:38:20,622] {scheduler_job.py:182} INFO - Started process (PID=153) to work on /home/airflow/.local/lib/python3.6/site-packages/airflow/example_dags/example_branch_operator.py
[2021-06-11 05:38:20,623] {scheduler_job.py:633} INFO - Processing file /home/airflow/.local/lib/python3.6/site-packages/airflow/example_dags/example_branch_operator.py for tasks to queue
[2021-06-11 05:38:20,625] {logging_mixin.py:104} INFO - [2021-06-11 05:38:20,624] {dagbag.py:487} INFO - Filling up the DagBag from /home/airflow/.local/lib/python3.6/site-packages/airflow/example_dags/example_branch_operator.py
[2021-06-11 05:38:20,640] {scheduler_job.py:643} INFO - DAG(s) dict_keys(['example_branch_operator']) retrieved from /home/airflow/.local/lib/python3.6/site-packages/airflow/example_dags/example_branch_operator.py
[2021-06-11 05:38:20,663] {logging_mixin.py:104} INFO - [2021-06-11 05:38:20,663] {dag.py:1832} INFO - Sync 1 DAGs
[2021-06-11 05:38:20,682] {logging_mixin.py:104} INFO - [2021-06-11 05:38:20,682] {dag.py:2305} INFO - Setting next_dagrun for example_branch_operator to 2021-06-09 00:00:00+00:00
[2021-06-11 05:38:20,694] {scheduler_job.py:190} INFO - Processing /home/airflow/.local/lib/python3.6/site-packages/airflow/example_dags/example_branch_operator.py took 0.076 seconds
[2021-06-11 05:38:51,204] {scheduler_job.py:182} INFO - Started process (PID=235) to work on /home/airflow/.local/lib/python3.6/site-packages/airflow/example_dags/example_branch_operator.py
[2021-06-11 05:38:51,205] {scheduler_job.py:633} INFO - Processing file /home/airflow/.local/lib/python3.6/site-packages/airflow/example_dags/example_branch_operator.py for tasks to queue
[2021-06-11 05:38:51,207] {logging_mixin.py:104} INFO - [2021-06-11 05:38:51,206] {dagbag.py:487} INFO - Filling up the DagBag from /home/airflow/.local/lib/python3.6/site-packages/airflow/example_dags/example_branch_operator.py
[2021-06-11 05:38:51,225] {scheduler_job.py:643} INFO - DAG(s) dict_keys(['example_branch_operator']) retrieved from /home/airflow/.local/lib/python3.6/site-packages/airflow/example_dags/example_branch_operator.py
[2021-06-11 05:38:51,248] {logging_mixin.py:104} INFO - [2021-06-11 05:38:51,248] {dag.py:1832} INFO - Sync 1 DAGs
[2021-06-11 05:38:51,267] {logging_mixin.py:104} INFO - [2021-06-11 05:38:51,266] {dag.py:2305} INFO - Setting next_dagrun for example_branch_operator to 2021-06-09 00:00:00+00:00
[2021-06-11 05:38:51,278] {scheduler_job.py:190} INFO - Processing /home/airflow/.local/lib/python3.6/site-packages/airflow/example_dags/example_branch_operator.py took 0.079 seconds
[2021-06-11 05:39:21,366] {scheduler_job.py:182} INFO - Started process (PID=319) to work on /home/airflow/.local/lib/python3.6/site-packages/airflow/example_dags/example_branch_operator.py
[2021-06-11 05:39:21,368] {scheduler_job.py:633} INFO - Processing file /home/airflow/.local/lib/python3.6/site-packages/airflow/example_dags/example_branch_operator.py for tasks to queue
[2021-06-11 05:39:21,370] {logging_mixin.py:104} INFO - [2021-06-11 05:39:21,369] {dagbag.py:487} INFO - Filling up the DagBag from /home/airflow/.local/lib/python3.6/site-packages/airflow/example_dags/example_branch_operator.py
[2021-06-11 05:39:21,387] {scheduler_job.py:643} INFO - DAG(s) dict_keys(['example_branch_operator']) retrieved from /home/airflow/.local/lib/python3.6/site-packages/airflow/example_dags/example_branch_operator.py
[2021-06-11 05:39:21,409] {logging_mixin.py:104} INFO - [2021-06-11 05:39:21,409] {dag.py:1832} INFO - Sync 1 DAGs
[2021-06-11 05:39:21,427] {logging_mixin.py:104} INFO - [2021-06-11 05:39:21,427] {dag.py:2305} INFO - Setting next_dagrun for example_branch_operator to 2021-06-09 00:00:00+00:00
[2021-06-11 05:39:21,438] {scheduler_job.py:190} INFO - Processing /home/airflow/.local/lib/python3.6/site-packages/airflow/example_dags/example_branch_operator.py took 0.076 seconds
[2021-06-11 05:39:52,122] {scheduler_job.py:182} INFO - Started process (PID=387) to work on /home/airflow/.local/lib/python3.6/site-packages/airflow/example_dags/example_branch_operator.py
[2021-06-11 05:39:52,124] {scheduler_job.py:633} INFO - Processing file /home/airflow/.local/lib/python3.6/site-packages/airflow/example_dags/example_branch_operator.py for tasks to queue
[2021-06-11 05:39:52,125] {logging_mixin.py:104} INFO - [2021-06-11 05:39:52,125] {dagbag.py:487} INFO - Filling up the DagBag from /home/airflow/.local/lib/python3.6/site-packages/airflow/example_dags/example_branch_operator.py
[2021-06-11 05:39:52,143] {scheduler_job.py:643} INFO - DAG(s) dict_keys(['example_branch_operator']) retrieved from /home/airflow/.local/lib/python3.6/site-packages/airflow/example_dags/example_branch_operator.py
[2021-06-11 05:39:52,166] {logging_mixin.py:104} INFO - [2021-06-11 05:39:52,166] {dag.py:1832} INFO - Sync 1 DAGs
[2021-06-11 05:39:52,184] {logging_mixin.py:104} INFO - [2021-06-11 05:39:52,184] {dag.py:2305} INFO - Setting next_dagrun for example_branch_operator to 2021-06-09 00:00:00+00:00
[2021-06-11 05:39:52,194] {scheduler_job.py:190} INFO - Processing /home/airflow/.local/lib/python3.6/site-packages/airflow/example_dags/example_branch_operator.py took 0.076 seconds
[2021-06-11 05:40:22,539] {scheduler_job.py:182} INFO - Started process (PID=471) to work on /home/airflow/.local/lib/python3.6/site-packages/airflow/example_dags/example_branch_operator.py
[2021-06-11 05:40:22,540] {scheduler_job.py:633} INFO - Processing file /home/airflow/.local/lib/python3.6/site-packages/airflow/example_dags/example_branch_operator.py for tasks to queue
[2021-06-11 05:40:22,542] {logging_mixin.py:104} INFO - [2021-06-11 05:40:22,542] {dagbag.py:487} INFO - Filling up the DagBag from /home/airflow/.local/lib/python3.6/site-packages/airflow/example_dags/example_branch_operator.py
[2021-06-11 05:40:22,557] {scheduler_job.py:643} INFO - DAG(s) dict_keys(['example_branch_operator']) retrieved from /home/airflow/.local/lib/python3.6/site-packages/airflow/example_dags/example_branch_operator.py
[2021-06-11 05:40:22,578] {logging_mixin.py:104} INFO - [2021-06-11 05:40:22,577] {dag.py:1832} INFO - Sync 1 DAGs
[2021-06-11 05:40:22,595] {logging_mixin.py:104} INFO - [2021-06-11 05:40:22,595] {dag.py:2305} INFO - Setting next_dagrun for example_branch_operator to 2021-06-09 00:00:00+00:00
[2021-06-11 05:40:22,605] {scheduler_job.py:190} INFO - Processing /home/airflow/.local/lib/python3.6/site-packages/airflow/example_dags/example_branch_operator.py took 0.070 seconds
[2021-06-11 05:40:52,947] {scheduler_job.py:182} INFO - Started process (PID=555) to work on /home/airflow/.local/lib/python3.6/site-packages/airflow/example_dags/example_branch_operator.py
[2021-06-11 05:40:52,949] {scheduler_job.py:633} INFO - Processing file /home/airflow/.local/lib/python3.6/site-packages/airflow/example_dags/example_branch_operator.py for tasks to queue
[2021-06-11 05:40:52,951] {logging_mixin.py:104} INFO - [2021-06-11 05:40:52,950] {dagbag.py:487} INFO - Filling up the DagBag from /home/airflow/.local/lib/python3.6/site-packages/airflow/example_dags/example_branch_operator.py
[2021-06-11 05:40:52,969] {scheduler_job.py:643} INFO - DAG(s) dict_keys(['example_branch_operator']) retrieved from /home/airflow/.local/lib/python3.6/site-packages/airflow/example_dags/example_branch_operator.py
[2021-06-11 05:40:52,992] {logging_mixin.py:104} INFO - [2021-06-11 05:40:52,992] {dag.py:1832} INFO - Sync 1 DAGs
[2021-06-11 05:40:53,009] {logging_mixin.py:104} INFO - [2021-06-11 05:40:53,009] {dag.py:2305} INFO - Setting next_dagrun for example_branch_operator to 2021-06-09 00:00:00+00:00
[2021-06-11 05:40:53,019] {scheduler_job.py:190} INFO - Processing /home/airflow/.local/lib/python3.6/site-packages/airflow/example_dags/example_branch_operator.py took 0.076 seconds
[2021-06-11 05:41:23,552] {scheduler_job.py:182} INFO - Started process (PID=620) to work on /home/airflow/.local/lib/python3.6/site-packages/airflow/example_dags/example_branch_operator.py
[2021-06-11 05:41:23,553] {scheduler_job.py:633} INFO - Processing file /home/airflow/.local/lib/python3.6/site-packages/airflow/example_dags/example_branch_operator.py for tasks to queue
[2021-06-11 05:41:23,555] {logging_mixin.py:104} INFO - [2021-06-11 05:41:23,554] {dagbag.py:487} INFO - Filling up the DagBag from /home/airflow/.local/lib/python3.6/site-packages/airflow/example_dags/example_branch_operator.py
[2021-06-11 05:41:23,575] {scheduler_job.py:643} INFO - DAG(s) dict_keys(['example_branch_operator']) retrieved from /home/airflow/.local/lib/python3.6/site-packages/airflow/example_dags/example_branch_operator.py
[2021-06-11 05:41:23,596] {logging_mixin.py:104} INFO - [2021-06-11 05:41:23,595] {dag.py:1832} INFO - Sync 1 DAGs
[2021-06-11 05:41:23,613] {logging_mixin.py:104} INFO - [2021-06-11 05:41:23,613] {dag.py:2305} INFO - Setting next_dagrun for example_branch_operator to 2021-06-09 00:00:00+00:00
[2021-06-11 05:41:23,624] {scheduler_job.py:190} INFO - Processing /home/airflow/.local/lib/python3.6/site-packages/airflow/example_dags/example_branch_operator.py took 0.076 seconds
[2021-06-11 05:41:53,803] {scheduler_job.py:182} INFO - Started process (PID=704) to work on /home/airflow/.local/lib/python3.6/site-packages/airflow/example_dags/example_branch_operator.py
[2021-06-11 05:41:53,805] {scheduler_job.py:633} INFO - Processing file /home/airflow/.local/lib/python3.6/site-packages/airflow/example_dags/example_branch_operator.py for tasks to queue
[2021-06-11 05:41:53,806] {logging_mixin.py:104} INFO - [2021-06-11 05:41:53,806] {dagbag.py:487} INFO - Filling up the DagBag from /home/airflow/.local/lib/python3.6/site-packages/airflow/example_dags/example_branch_operator.py
[2021-06-11 05:41:53,822] {scheduler_job.py:643} INFO - DAG(s) dict_keys(['example_branch_operator']) retrieved from /home/airflow/.local/lib/python3.6/site-packages/airflow/example_dags/example_branch_operator.py
[2021-06-11 05:41:53,847] {logging_mixin.py:104} INFO - [2021-06-11 05:41:53,847] {dag.py:1832} INFO - Sync 1 DAGs
[2021-06-11 05:41:53,867] {logging_mixin.py:104} INFO - [2021-06-11 05:41:53,867] {dag.py:2305} INFO - Setting next_dagrun for example_branch_operator to 2021-06-09 00:00:00+00:00
[2021-06-11 05:41:53,877] {scheduler_job.py:190} INFO - Processing /home/airflow/.local/lib/python3.6/site-packages/airflow/example_dags/example_branch_operator.py took 0.077 seconds
[2021-06-11 05:42:24,598] {scheduler_job.py:182} INFO - Started process (PID=789) to work on /home/airflow/.local/lib/python3.6/site-packages/airflow/example_dags/example_branch_operator.py
[2021-06-11 05:42:24,600] {scheduler_job.py:633} INFO - Processing file /home/airflow/.local/lib/python3.6/site-packages/airflow/example_dags/example_branch_operator.py for tasks to queue
[2021-06-11 05:42:24,602] {logging_mixin.py:104} INFO - [2021-06-11 05:42:24,601] {dagbag.py:487} INFO - Filling up the DagBag from /home/airflow/.local/lib/python3.6/site-packages/airflow/example_dags/example_branch_operator.py
[2021-06-11 05:42:24,618] {scheduler_job.py:643} INFO - DAG(s) dict_keys(['example_branch_operator']) retrieved from /home/airflow/.local/lib/python3.6/site-packages/airflow/example_dags/example_branch_operator.py
[2021-06-11 05:42:24,641] {logging_mixin.py:104} INFO - [2021-06-11 05:42:24,641] {dag.py:1832} INFO - Sync 1 DAGs
[2021-06-11 05:42:24,659] {logging_mixin.py:104} INFO - [2021-06-11 05:42:24,659] {dag.py:2305} INFO - Setting next_dagrun for example_branch_operator to 2021-06-09 00:00:00+00:00
[2021-06-11 05:42:24,670] {scheduler_job.py:190} INFO - Processing /home/airflow/.local/lib/python3.6/site-packages/airflow/example_dags/example_branch_operator.py took 0.075 seconds
[2021-06-11 05:42:54,782] {scheduler_job.py:182} INFO - Started process (PID=855) to work on /home/airflow/.local/lib/python3.6/site-packages/airflow/example_dags/example_branch_operator.py
[2021-06-11 05:42:54,784] {scheduler_job.py:633} INFO - Processing file /home/airflow/.local/lib/python3.6/site-packages/airflow/example_dags/example_branch_operator.py for tasks to queue
[2021-06-11 05:42:54,786] {logging_mixin.py:104} INFO - [2021-06-11 05:42:54,785] {dagbag.py:487} INFO - Filling up the DagBag from /home/airflow/.local/lib/python3.6/site-packages/airflow/example_dags/example_branch_operator.py
[2021-06-11 05:42:54,803] {scheduler_job.py:643} INFO - DAG(s) dict_keys(['example_branch_operator']) retrieved from /home/airflow/.local/lib/python3.6/site-packages/airflow/example_dags/example_branch_operator.py
[2021-06-11 05:42:54,828] {logging_mixin.py:104} INFO - [2021-06-11 05:42:54,828] {dag.py:1832} INFO - Sync 1 DAGs
[2021-06-11 05:42:54,850] {logging_mixin.py:104} INFO - [2021-06-11 05:42:54,850] {dag.py:2305} INFO - Setting next_dagrun for example_branch_operator to 2021-06-09 00:00:00+00:00
[2021-06-11 05:42:54,860] {scheduler_job.py:190} INFO - Processing /home/airflow/.local/lib/python3.6/site-packages/airflow/example_dags/example_branch_operator.py took 0.082 seconds
[2021-06-11 05:43:25,540] {scheduler_job.py:182} INFO - Started process (PID=940) to work on /home/airflow/.local/lib/python3.6/site-packages/airflow/example_dags/example_branch_operator.py
[2021-06-11 05:43:25,559] {scheduler_job.py:633} INFO - Processing file /home/airflow/.local/lib/python3.6/site-packages/airflow/example_dags/example_branch_operator.py for tasks to queue
[2021-06-11 05:43:25,561] {logging_mixin.py:104} INFO - [2021-06-11 05:43:25,560] {dagbag.py:487} INFO - Filling up the DagBag from /home/airflow/.local/lib/python3.6/site-packages/airflow/example_dags/example_branch_operator.py
[2021-06-11 05:43:25,577] {scheduler_job.py:643} INFO - DAG(s) dict_keys(['example_branch_operator']) retrieved from /home/airflow/.local/lib/python3.6/site-packages/airflow/example_dags/example_branch_operator.py
[2021-06-11 05:43:25,601] {logging_mixin.py:104} INFO - [2021-06-11 05:43:25,601] {dag.py:1832} INFO - Sync 1 DAGs
[2021-06-11 05:43:25,630] {logging_mixin.py:104} INFO - [2021-06-11 05:43:25,630] {dag.py:2305} INFO - Setting next_dagrun for example_branch_operator to 2021-06-09 00:00:00+00:00
[2021-06-11 05:43:25,640] {scheduler_job.py:190} INFO - Processing /home/airflow/.local/lib/python3.6/site-packages/airflow/example_dags/example_branch_operator.py took 0.104 seconds
[2021-06-11 05:43:56,299] {scheduler_job.py:182} INFO - Started process (PID=1023) to work on /home/airflow/.local/lib/python3.6/site-packages/airflow/example_dags/example_branch_operator.py
[2021-06-11 05:43:56,309] {scheduler_job.py:633} INFO - Processing file /home/airflow/.local/lib/python3.6/site-packages/airflow/example_dags/example_branch_operator.py for tasks to queue
[2021-06-11 05:43:56,310] {logging_mixin.py:104} INFO - [2021-06-11 05:43:56,310] {dagbag.py:487} INFO - Filling up the DagBag from /home/airflow/.local/lib/python3.6/site-packages/airflow/example_dags/example_branch_operator.py
[2021-06-11 05:43:56,325] {scheduler_job.py:643} INFO - DAG(s) dict_keys(['example_branch_operator']) retrieved from /home/airflow/.local/lib/python3.6/site-packages/airflow/example_dags/example_branch_operator.py
[2021-06-11 05:43:56,352] {logging_mixin.py:104} INFO - [2021-06-11 05:43:56,352] {dag.py:1832} INFO - Sync 1 DAGs
[2021-06-11 05:43:56,371] {logging_mixin.py:104} INFO - [2021-06-11 05:43:56,371] {dag.py:2305} INFO - Setting next_dagrun for example_branch_operator to 2021-06-09 00:00:00+00:00
[2021-06-11 05:43:56,382] {scheduler_job.py:190} INFO - Processing /home/airflow/.local/lib/python3.6/site-packages/airflow/example_dags/example_branch_operator.py took 0.085 seconds
[2021-06-11 05:44:27,048] {scheduler_job.py:182} INFO - Started process (PID=1089) to work on /home/airflow/.local/lib/python3.6/site-packages/airflow/example_dags/example_branch_operator.py
[2021-06-11 05:44:27,050] {scheduler_job.py:633} INFO - Processing file /home/airflow/.local/lib/python3.6/site-packages/airflow/example_dags/example_branch_operator.py for tasks to queue
[2021-06-11 05:44:27,052] {logging_mixin.py:104} INFO - [2021-06-11 05:44:27,051] {dagbag.py:487} INFO - Filling up the DagBag from /home/airflow/.local/lib/python3.6/site-packages/airflow/example_dags/example_branch_operator.py
[2021-06-11 05:44:27,067] {scheduler_job.py:643} INFO - DAG(s) dict_keys(['example_branch_operator']) retrieved from /home/airflow/.local/lib/python3.6/site-packages/airflow/example_dags/example_branch_operator.py
[2021-06-11 05:44:27,090] {logging_mixin.py:104} INFO - [2021-06-11 05:44:27,090] {dag.py:1832} INFO - Sync 1 DAGs
[2021-06-11 05:44:27,112] {logging_mixin.py:104} INFO - [2021-06-11 05:44:27,111] {dag.py:2305} INFO - Setting next_dagrun for example_branch_operator to 2021-06-09 00:00:00+00:00
[2021-06-11 05:44:27,123] {scheduler_job.py:190} INFO - Processing /home/airflow/.local/lib/python3.6/site-packages/airflow/example_dags/example_branch_operator.py took 0.078 seconds
[2021-06-11 05:44:58,048] {scheduler_job.py:182} INFO - Started process (PID=1172) to work on /home/airflow/.local/lib/python3.6/site-packages/airflow/example_dags/example_branch_operator.py
[2021-06-11 05:44:58,050] {scheduler_job.py:633} INFO - Processing file /home/airflow/.local/lib/python3.6/site-packages/airflow/example_dags/example_branch_operator.py for tasks to queue
[2021-06-11 05:44:58,052] {logging_mixin.py:104} INFO - [2021-06-11 05:44:58,052] {dagbag.py:487} INFO - Filling up the DagBag from /home/airflow/.local/lib/python3.6/site-packages/airflow/example_dags/example_branch_operator.py
[2021-06-11 05:44:58,069] {scheduler_job.py:643} INFO - DAG(s) dict_keys(['example_branch_operator']) retrieved from /home/airflow/.local/lib/python3.6/site-packages/airflow/example_dags/example_branch_operator.py
[2021-06-11 05:44:58,097] {logging_mixin.py:104} INFO - [2021-06-11 05:44:58,097] {dag.py:1832} INFO - Sync 1 DAGs
[2021-06-11 05:44:58,119] {logging_mixin.py:104} INFO - [2021-06-11 05:44:58,119] {dag.py:2305} INFO - Setting next_dagrun for example_branch_operator to 2021-06-09 00:00:00+00:00
[2021-06-11 05:44:58,129] {scheduler_job.py:190} INFO - Processing /home/airflow/.local/lib/python3.6/site-packages/airflow/example_dags/example_branch_operator.py took 0.085 seconds
[2021-06-11 05:45:28,559] {scheduler_job.py:182} INFO - Started process (PID=1250) to work on /home/airflow/.local/lib/python3.6/site-packages/airflow/example_dags/example_branch_operator.py
[2021-06-11 05:45:28,561] {scheduler_job.py:633} INFO - Processing file /home/airflow/.local/lib/python3.6/site-packages/airflow/example_dags/example_branch_operator.py for tasks to queue
[2021-06-11 05:45:28,562] {logging_mixin.py:104} INFO - [2021-06-11 05:45:28,562] {dagbag.py:487} INFO - Filling up the DagBag from /home/airflow/.local/lib/python3.6/site-packages/airflow/example_dags/example_branch_operator.py
[2021-06-11 05:45:28,580] {scheduler_job.py:643} INFO - DAG(s) dict_keys(['example_branch_operator']) retrieved from /home/airflow/.local/lib/python3.6/site-packages/airflow/example_dags/example_branch_operator.py
[2021-06-11 05:45:28,607] {logging_mixin.py:104} INFO - [2021-06-11 05:45:28,607] {dag.py:1832} INFO - Sync 1 DAGs
[2021-06-11 05:45:28,628] {logging_mixin.py:104} INFO - [2021-06-11 05:45:28,628] {dag.py:2305} INFO - Setting next_dagrun for example_branch_operator to 2021-06-09 00:00:00+00:00
[2021-06-11 05:45:28,639] {scheduler_job.py:190} INFO - Processing /home/airflow/.local/lib/python3.6/site-packages/airflow/example_dags/example_branch_operator.py took 0.084 seconds
[2021-06-11 05:45:58,769] {scheduler_job.py:182} INFO - Started process (PID=1324) to work on /home/airflow/.local/lib/python3.6/site-packages/airflow/example_dags/example_branch_operator.py
[2021-06-11 05:45:58,771] {scheduler_job.py:633} INFO - Processing file /home/airflow/.local/lib/python3.6/site-packages/airflow/example_dags/example_branch_operator.py for tasks to queue
[2021-06-11 05:45:58,772] {logging_mixin.py:104} INFO - [2021-06-11 05:45:58,772] {dagbag.py:487} INFO - Filling up the DagBag from /home/airflow/.local/lib/python3.6/site-packages/airflow/example_dags/example_branch_operator.py
[2021-06-11 05:45:58,790] {scheduler_job.py:643} INFO - DAG(s) dict_keys(['example_branch_operator']) retrieved from /home/airflow/.local/lib/python3.6/site-packages/airflow/example_dags/example_branch_operator.py
[2021-06-11 05:45:58,819] {logging_mixin.py:104} INFO - [2021-06-11 05:45:58,819] {dag.py:1832} INFO - Sync 1 DAGs
[2021-06-11 05:45:58,841] {logging_mixin.py:104} INFO - [2021-06-11 05:45:58,841] {dag.py:2305} INFO - Setting next_dagrun for example_branch_operator to 2021-06-09 00:00:00+00:00
[2021-06-11 05:45:58,857] {scheduler_job.py:190} INFO - Processing /home/airflow/.local/lib/python3.6/site-packages/airflow/example_dags/example_branch_operator.py took 0.092 seconds
[2021-06-11 05:46:28,911] {scheduler_job.py:182} INFO - Started process (PID=1406) to work on /home/airflow/.local/lib/python3.6/site-packages/airflow/example_dags/example_branch_operator.py
[2021-06-11 05:46:28,912] {scheduler_job.py:633} INFO - Processing file /home/airflow/.local/lib/python3.6/site-packages/airflow/example_dags/example_branch_operator.py for tasks to queue
[2021-06-11 05:46:28,914] {logging_mixin.py:104} INFO - [2021-06-11 05:46:28,914] {dagbag.py:487} INFO - Filling up the DagBag from /home/airflow/.local/lib/python3.6/site-packages/airflow/example_dags/example_branch_operator.py
[2021-06-11 05:46:28,932] {scheduler_job.py:643} INFO - DAG(s) dict_keys(['example_branch_operator']) retrieved from /home/airflow/.local/lib/python3.6/site-packages/airflow/example_dags/example_branch_operator.py
[2021-06-11 05:46:28,956] {logging_mixin.py:104} INFO - [2021-06-11 05:46:28,956] {dag.py:1832} INFO - Sync 1 DAGs
[2021-06-11 05:46:28,975] {logging_mixin.py:104} INFO - [2021-06-11 05:46:28,975] {dag.py:2305} INFO - Setting next_dagrun for example_branch_operator to 2021-06-09 00:00:00+00:00
[2021-06-11 05:46:28,986] {scheduler_job.py:190} INFO - Processing /home/airflow/.local/lib/python3.6/site-packages/airflow/example_dags/example_branch_operator.py took 0.079 seconds
[2021-06-11 05:46:59,369] {scheduler_job.py:182} INFO - Started process (PID=1473) to work on /home/airflow/.local/lib/python3.6/site-packages/airflow/example_dags/example_branch_operator.py
[2021-06-11 05:46:59,370] {scheduler_job.py:633} INFO - Processing file /home/airflow/.local/lib/python3.6/site-packages/airflow/example_dags/example_branch_operator.py for tasks to queue
[2021-06-11 05:46:59,372] {logging_mixin.py:104} INFO - [2021-06-11 05:46:59,371] {dagbag.py:487} INFO - Filling up the DagBag from /home/airflow/.local/lib/python3.6/site-packages/airflow/example_dags/example_branch_operator.py
[2021-06-11 05:46:59,399] {scheduler_job.py:643} INFO - DAG(s) dict_keys(['example_branch_operator']) retrieved from /home/airflow/.local/lib/python3.6/site-packages/airflow/example_dags/example_branch_operator.py
[2021-06-11 05:46:59,428] {logging_mixin.py:104} INFO - [2021-06-11 05:46:59,428] {dag.py:1832} INFO - Sync 1 DAGs
[2021-06-11 05:46:59,457] {logging_mixin.py:104} INFO - [2021-06-11 05:46:59,457] {dag.py:2305} INFO - Setting next_dagrun for example_branch_operator to 2021-06-09 00:00:00+00:00
[2021-06-11 05:46:59,470] {scheduler_job.py:190} INFO - Processing /home/airflow/.local/lib/python3.6/site-packages/airflow/example_dags/example_branch_operator.py took 0.105 seconds
[2021-06-11 05:47:29,725] {scheduler_job.py:182} INFO - Started process (PID=1557) to work on /home/airflow/.local/lib/python3.6/site-packages/airflow/example_dags/example_branch_operator.py
[2021-06-11 05:47:29,727] {scheduler_job.py:633} INFO - Processing file /home/airflow/.local/lib/python3.6/site-packages/airflow/example_dags/example_branch_operator.py for tasks to queue
[2021-06-11 05:47:29,728] {logging_mixin.py:104} INFO - [2021-06-11 05:47:29,728] {dagbag.py:487} INFO - Filling up the DagBag from /home/airflow/.local/lib/python3.6/site-packages/airflow/example_dags/example_branch_operator.py
[2021-06-11 05:47:29,743] {scheduler_job.py:643} INFO - DAG(s) dict_keys(['example_branch_operator']) retrieved from /home/airflow/.local/lib/python3.6/site-packages/airflow/example_dags/example_branch_operator.py
[2021-06-11 05:47:29,765] {logging_mixin.py:104} INFO - [2021-06-11 05:47:29,765] {dag.py:1832} INFO - Sync 1 DAGs
[2021-06-11 05:47:29,783] {logging_mixin.py:104} INFO - [2021-06-11 05:47:29,783] {dag.py:2305} INFO - Setting next_dagrun for example_branch_operator to 2021-06-09 00:00:00+00:00
[2021-06-11 05:47:29,793] {scheduler_job.py:190} INFO - Processing /home/airflow/.local/lib/python3.6/site-packages/airflow/example_dags/example_branch_operator.py took 0.072 seconds
[2021-06-11 05:47:59,894] {scheduler_job.py:182} INFO - Started process (PID=1642) to work on /home/airflow/.local/lib/python3.6/site-packages/airflow/example_dags/example_branch_operator.py
[2021-06-11 05:47:59,896] {scheduler_job.py:633} INFO - Processing file /home/airflow/.local/lib/python3.6/site-packages/airflow/example_dags/example_branch_operator.py for tasks to queue
[2021-06-11 05:47:59,897] {logging_mixin.py:104} INFO - [2021-06-11 05:47:59,897] {dagbag.py:487} INFO - Filling up the DagBag from /home/airflow/.local/lib/python3.6/site-packages/airflow/example_dags/example_branch_operator.py
[2021-06-11 05:47:59,916] {scheduler_job.py:643} INFO - DAG(s) dict_keys(['example_branch_operator']) retrieved from /home/airflow/.local/lib/python3.6/site-packages/airflow/example_dags/example_branch_operator.py
[2021-06-11 05:47:59,944] {logging_mixin.py:104} INFO - [2021-06-11 05:47:59,944] {dag.py:1832} INFO - Sync 1 DAGs
[2021-06-11 05:47:59,971] {logging_mixin.py:104} INFO - [2021-06-11 05:47:59,971] {dag.py:2305} INFO - Setting next_dagrun for example_branch_operator to 2021-06-09 00:00:00+00:00
[2021-06-11 05:47:59,985] {scheduler_job.py:190} INFO - Processing /home/airflow/.local/lib/python3.6/site-packages/airflow/example_dags/example_branch_operator.py took 0.095 seconds
[2021-06-11 05:48:30,781] {scheduler_job.py:182} INFO - Started process (PID=1709) to work on /home/airflow/.local/lib/python3.6/site-packages/airflow/example_dags/example_branch_operator.py
[2021-06-11 05:48:30,783] {scheduler_job.py:633} INFO - Processing file /home/airflow/.local/lib/python3.6/site-packages/airflow/example_dags/example_branch_operator.py for tasks to queue
[2021-06-11 05:48:30,784] {logging_mixin.py:104} INFO - [2021-06-11 05:48:30,784] {dagbag.py:487} INFO - Filling up the DagBag from /home/airflow/.local/lib/python3.6/site-packages/airflow/example_dags/example_branch_operator.py
[2021-06-11 05:48:30,802] {scheduler_job.py:643} INFO - DAG(s) dict_keys(['example_branch_operator']) retrieved from /home/airflow/.local/lib/python3.6/site-packages/airflow/example_dags/example_branch_operator.py
[2021-06-11 05:48:30,826] {logging_mixin.py:104} INFO - [2021-06-11 05:48:30,826] {dag.py:1832} INFO - Sync 1 DAGs
[2021-06-11 05:48:30,846] {logging_mixin.py:104} INFO - [2021-06-11 05:48:30,846] {dag.py:2305} INFO - Setting next_dagrun for example_branch_operator to 2021-06-09 00:00:00+00:00
[2021-06-11 05:48:30,858] {scheduler_job.py:190} INFO - Processing /home/airflow/.local/lib/python3.6/site-packages/airflow/example_dags/example_branch_operator.py took 0.081 seconds
[2021-06-11 05:49:00,982] {scheduler_job.py:182} INFO - Started process (PID=1794) to work on /home/airflow/.local/lib/python3.6/site-packages/airflow/example_dags/example_branch_operator.py
[2021-06-11 05:49:00,984] {scheduler_job.py:633} INFO - Processing file /home/airflow/.local/lib/python3.6/site-packages/airflow/example_dags/example_branch_operator.py for tasks to queue
[2021-06-11 05:49:00,985] {logging_mixin.py:104} INFO - [2021-06-11 05:49:00,985] {dagbag.py:487} INFO - Filling up the DagBag from /home/airflow/.local/lib/python3.6/site-packages/airflow/example_dags/example_branch_operator.py
[2021-06-11 05:49:01,004] {scheduler_job.py:643} INFO - DAG(s) dict_keys(['example_branch_operator']) retrieved from /home/airflow/.local/lib/python3.6/site-packages/airflow/example_dags/example_branch_operator.py
[2021-06-11 05:49:01,056] {logging_mixin.py:104} INFO - [2021-06-11 05:49:01,055] {dag.py:1832} INFO - Sync 1 DAGs
[2021-06-11 05:49:01,087] {logging_mixin.py:104} INFO - [2021-06-11 05:49:01,087] {dag.py:2305} INFO - Setting next_dagrun for example_branch_operator to 2021-06-11 00:00:00+00:00
[2021-06-11 05:49:01,103] {scheduler_job.py:190} INFO - Processing /home/airflow/.local/lib/python3.6/site-packages/airflow/example_dags/example_branch_operator.py took 0.124 seconds
[2021-06-11 05:49:31,291] {scheduler_job.py:182} INFO - Started process (PID=1859) to work on /home/airflow/.local/lib/python3.6/site-packages/airflow/example_dags/example_branch_operator.py
[2021-06-11 05:49:31,292] {scheduler_job.py:633} INFO - Processing file /home/airflow/.local/lib/python3.6/site-packages/airflow/example_dags/example_branch_operator.py for tasks to queue
[2021-06-11 05:49:31,293] {logging_mixin.py:104} INFO - [2021-06-11 05:49:31,293] {dagbag.py:487} INFO - Filling up the DagBag from /home/airflow/.local/lib/python3.6/site-packages/airflow/example_dags/example_branch_operator.py
[2021-06-11 05:49:31,309] {scheduler_job.py:643} INFO - DAG(s) dict_keys(['example_branch_operator']) retrieved from /home/airflow/.local/lib/python3.6/site-packages/airflow/example_dags/example_branch_operator.py
[2021-06-11 05:49:31,332] {logging_mixin.py:104} INFO - [2021-06-11 05:49:31,332] {dag.py:1832} INFO - Sync 1 DAGs
[2021-06-11 05:49:31,348] {logging_mixin.py:104} INFO - [2021-06-11 05:49:31,347] {dag.py:2305} INFO - Setting next_dagrun for example_branch_operator to 2021-06-11 00:00:00+00:00
[2021-06-11 05:49:31,358] {scheduler_job.py:190} INFO - Processing /home/airflow/.local/lib/python3.6/site-packages/airflow/example_dags/example_branch_operator.py took 0.071 seconds
[2021-06-11 05:50:01,657] {scheduler_job.py:182} INFO - Started process (PID=1941) to work on /home/airflow/.local/lib/python3.6/site-packages/airflow/example_dags/example_branch_operator.py
[2021-06-11 05:50:01,659] {scheduler_job.py:633} INFO - Processing file /home/airflow/.local/lib/python3.6/site-packages/airflow/example_dags/example_branch_operator.py for tasks to queue
[2021-06-11 05:50:01,661] {logging_mixin.py:104} INFO - [2021-06-11 05:50:01,661] {dagbag.py:487} INFO - Filling up the DagBag from /home/airflow/.local/lib/python3.6/site-packages/airflow/example_dags/example_branch_operator.py
[2021-06-11 05:50:01,678] {scheduler_job.py:643} INFO - DAG(s) dict_keys(['example_branch_operator']) retrieved from /home/airflow/.local/lib/python3.6/site-packages/airflow/example_dags/example_branch_operator.py
[2021-06-11 05:50:01,706] {logging_mixin.py:104} INFO - [2021-06-11 05:50:01,705] {dag.py:1832} INFO - Sync 1 DAGs
[2021-06-11 05:50:01,728] {logging_mixin.py:104} INFO - [2021-06-11 05:50:01,728] {dag.py:2305} INFO - Setting next_dagrun for example_branch_operator to 2021-06-11 00:00:00+00:00
[2021-06-11 05:50:01,741] {scheduler_job.py:190} INFO - Processing /home/airflow/.local/lib/python3.6/site-packages/airflow/example_dags/example_branch_operator.py took 0.087 seconds
[2021-06-11 05:50:32,667] {scheduler_job.py:182} INFO - Started process (PID=2027) to work on /home/airflow/.local/lib/python3.6/site-packages/airflow/example_dags/example_branch_operator.py
[2021-06-11 05:50:32,668] {scheduler_job.py:633} INFO - Processing file /home/airflow/.local/lib/python3.6/site-packages/airflow/example_dags/example_branch_operator.py for tasks to queue
[2021-06-11 05:50:32,670] {logging_mixin.py:104} INFO - [2021-06-11 05:50:32,670] {dagbag.py:487} INFO - Filling up the DagBag from /home/airflow/.local/lib/python3.6/site-packages/airflow/example_dags/example_branch_operator.py
[2021-06-11 05:50:32,688] {scheduler_job.py:643} INFO - DAG(s) dict_keys(['example_branch_operator']) retrieved from /home/airflow/.local/lib/python3.6/site-packages/airflow/example_dags/example_branch_operator.py
[2021-06-11 05:50:32,712] {logging_mixin.py:104} INFO - [2021-06-11 05:50:32,712] {dag.py:1832} INFO - Sync 1 DAGs
[2021-06-11 05:50:32,729] {logging_mixin.py:104} INFO - [2021-06-11 05:50:32,729] {dag.py:2305} INFO - Setting next_dagrun for example_branch_operator to 2021-06-11 00:00:00+00:00
[2021-06-11 05:50:32,742] {scheduler_job.py:190} INFO - Processing /home/airflow/.local/lib/python3.6/site-packages/airflow/example_dags/example_branch_operator.py took 0.079 seconds
[2021-06-11 05:51:02,997] {scheduler_job.py:182} INFO - Started process (PID=2093) to work on /home/airflow/.local/lib/python3.6/site-packages/airflow/example_dags/example_branch_operator.py
[2021-06-11 05:51:03,000] {scheduler_job.py:633} INFO - Processing file /home/airflow/.local/lib/python3.6/site-packages/airflow/example_dags/example_branch_operator.py for tasks to queue
[2021-06-11 05:51:03,001] {logging_mixin.py:104} INFO - [2021-06-11 05:51:03,001] {dagbag.py:487} INFO - Filling up the DagBag from /home/airflow/.local/lib/python3.6/site-packages/airflow/example_dags/example_branch_operator.py
[2021-06-11 05:51:03,019] {scheduler_job.py:643} INFO - DAG(s) dict_keys(['example_branch_operator']) retrieved from /home/airflow/.local/lib/python3.6/site-packages/airflow/example_dags/example_branch_operator.py
[2021-06-11 05:51:03,042] {logging_mixin.py:104} INFO - [2021-06-11 05:51:03,041] {dag.py:1832} INFO - Sync 1 DAGs
[2021-06-11 05:51:03,058] {logging_mixin.py:104} INFO - [2021-06-11 05:51:03,058] {dag.py:2305} INFO - Setting next_dagrun for example_branch_operator to 2021-06-11 00:00:00+00:00
[2021-06-11 05:51:03,069] {scheduler_job.py:190} INFO - Processing /home/airflow/.local/lib/python3.6/site-packages/airflow/example_dags/example_branch_operator.py took 0.076 seconds
[2021-06-11 05:51:33,260] {scheduler_job.py:182} INFO - Started process (PID=2178) to work on /home/airflow/.local/lib/python3.6/site-packages/airflow/example_dags/example_branch_operator.py
[2021-06-11 05:51:33,261] {scheduler_job.py:633} INFO - Processing file /home/airflow/.local/lib/python3.6/site-packages/airflow/example_dags/example_branch_operator.py for tasks to queue
[2021-06-11 05:51:33,262] {logging_mixin.py:104} INFO - [2021-06-11 05:51:33,262] {dagbag.py:487} INFO - Filling up the DagBag from /home/airflow/.local/lib/python3.6/site-packages/airflow/example_dags/example_branch_operator.py
[2021-06-11 05:51:33,278] {scheduler_job.py:643} INFO - DAG(s) dict_keys(['example_branch_operator']) retrieved from /home/airflow/.local/lib/python3.6/site-packages/airflow/example_dags/example_branch_operator.py
[2021-06-11 05:51:33,301] {logging_mixin.py:104} INFO - [2021-06-11 05:51:33,301] {dag.py:1832} INFO - Sync 1 DAGs
[2021-06-11 05:51:33,318] {logging_mixin.py:104} INFO - [2021-06-11 05:51:33,317] {dag.py:2305} INFO - Setting next_dagrun for example_branch_operator to 2021-06-11 00:00:00+00:00
[2021-06-11 05:51:33,328] {scheduler_job.py:190} INFO - Processing /home/airflow/.local/lib/python3.6/site-packages/airflow/example_dags/example_branch_operator.py took 0.072 seconds
[2021-06-11 05:52:03,602] {scheduler_job.py:182} INFO - Started process (PID=2263) to work on /home/airflow/.local/lib/python3.6/site-packages/airflow/example_dags/example_branch_operator.py
[2021-06-11 05:52:03,604] {scheduler_job.py:633} INFO - Processing file /home/airflow/.local/lib/python3.6/site-packages/airflow/example_dags/example_branch_operator.py for tasks to queue
[2021-06-11 05:52:03,605] {logging_mixin.py:104} INFO - [2021-06-11 05:52:03,605] {dagbag.py:487} INFO - Filling up the DagBag from /home/airflow/.local/lib/python3.6/site-packages/airflow/example_dags/example_branch_operator.py
[2021-06-11 05:52:03,625] {scheduler_job.py:643} INFO - DAG(s) dict_keys(['example_branch_operator']) retrieved from /home/airflow/.local/lib/python3.6/site-packages/airflow/example_dags/example_branch_operator.py
[2021-06-11 05:52:03,659] {logging_mixin.py:104} INFO - [2021-06-11 05:52:03,659] {dag.py:1832} INFO - Sync 1 DAGs
[2021-06-11 05:52:03,681] {logging_mixin.py:104} INFO - [2021-06-11 05:52:03,681] {dag.py:2305} INFO - Setting next_dagrun for example_branch_operator to 2021-06-11 00:00:00+00:00
[2021-06-11 05:52:03,693] {scheduler_job.py:190} INFO - Processing /home/airflow/.local/lib/python3.6/site-packages/airflow/example_dags/example_branch_operator.py took 0.094 seconds
[2021-06-11 05:52:34,302] {scheduler_job.py:182} INFO - Started process (PID=2329) to work on /home/airflow/.local/lib/python3.6/site-packages/airflow/example_dags/example_branch_operator.py
[2021-06-11 05:52:34,304] {scheduler_job.py:633} INFO - Processing file /home/airflow/.local/lib/python3.6/site-packages/airflow/example_dags/example_branch_operator.py for tasks to queue
[2021-06-11 05:52:34,306] {logging_mixin.py:104} INFO - [2021-06-11 05:52:34,305] {dagbag.py:487} INFO - Filling up the DagBag from /home/airflow/.local/lib/python3.6/site-packages/airflow/example_dags/example_branch_operator.py
[2021-06-11 05:52:34,324] {scheduler_job.py:643} INFO - DAG(s) dict_keys(['example_branch_operator']) retrieved from /home/airflow/.local/lib/python3.6/site-packages/airflow/example_dags/example_branch_operator.py
[2021-06-11 05:52:34,346] {logging_mixin.py:104} INFO - [2021-06-11 05:52:34,346] {dag.py:1832} INFO - Sync 1 DAGs
[2021-06-11 05:52:34,363] {logging_mixin.py:104} INFO - [2021-06-11 05:52:34,363] {dag.py:2305} INFO - Setting next_dagrun for example_branch_operator to 2021-06-11 00:00:00+00:00
[2021-06-11 05:52:34,373] {scheduler_job.py:190} INFO - Processing /home/airflow/.local/lib/python3.6/site-packages/airflow/example_dags/example_branch_operator.py took 0.075 seconds
[2021-06-11 05:53:04,923] {scheduler_job.py:182} INFO - Started process (PID=2413) to work on /home/airflow/.local/lib/python3.6/site-packages/airflow/example_dags/example_branch_operator.py
[2021-06-11 05:53:04,924] {scheduler_job.py:633} INFO - Processing file /home/airflow/.local/lib/python3.6/site-packages/airflow/example_dags/example_branch_operator.py for tasks to queue
[2021-06-11 05:53:04,926] {logging_mixin.py:104} INFO - [2021-06-11 05:53:04,926] {dagbag.py:487} INFO - Filling up the DagBag from /home/airflow/.local/lib/python3.6/site-packages/airflow/example_dags/example_branch_operator.py
[2021-06-11 05:53:04,944] {scheduler_job.py:643} INFO - DAG(s) dict_keys(['example_branch_operator']) retrieved from /home/airflow/.local/lib/python3.6/site-packages/airflow/example_dags/example_branch_operator.py
[2021-06-11 05:53:04,968] {logging_mixin.py:104} INFO - [2021-06-11 05:53:04,968] {dag.py:1832} INFO - Sync 1 DAGs
[2021-06-11 05:53:04,986] {logging_mixin.py:104} INFO - [2021-06-11 05:53:04,986] {dag.py:2305} INFO - Setting next_dagrun for example_branch_operator to 2021-06-11 00:00:00+00:00
[2021-06-11 05:53:04,998] {scheduler_job.py:190} INFO - Processing /home/airflow/.local/lib/python3.6/site-packages/airflow/example_dags/example_branch_operator.py took 0.078 seconds
[2021-06-11 05:53:35,438] {scheduler_job.py:182} INFO - Started process (PID=2489) to work on /home/airflow/.local/lib/python3.6/site-packages/airflow/example_dags/example_branch_operator.py
[2021-06-11 05:53:35,440] {scheduler_job.py:633} INFO - Processing file /home/airflow/.local/lib/python3.6/site-packages/airflow/example_dags/example_branch_operator.py for tasks to queue
[2021-06-11 05:53:35,442] {logging_mixin.py:104} INFO - [2021-06-11 05:53:35,442] {dagbag.py:487} INFO - Filling up the DagBag from /home/airflow/.local/lib/python3.6/site-packages/airflow/example_dags/example_branch_operator.py
[2021-06-11 05:53:35,462] {scheduler_job.py:643} INFO - DAG(s) dict_keys(['example_branch_operator']) retrieved from /home/airflow/.local/lib/python3.6/site-packages/airflow/example_dags/example_branch_operator.py
[2021-06-11 05:53:35,499] {logging_mixin.py:104} INFO - [2021-06-11 05:53:35,498] {dag.py:1832} INFO - Sync 1 DAGs
[2021-06-11 05:53:35,528] {logging_mixin.py:104} INFO - [2021-06-11 05:53:35,528] {dag.py:2305} INFO - Setting next_dagrun for example_branch_operator to 2021-06-11 00:00:00+00:00
[2021-06-11 05:53:35,543] {scheduler_job.py:190} INFO - Processing /home/airflow/.local/lib/python3.6/site-packages/airflow/example_dags/example_branch_operator.py took 0.108 seconds
