[2021-06-11 05:38:06,315] {scheduler_job.py:182} INFO - Started process (PID=118) to work on /home/airflow/.local/lib/python3.6/site-packages/airflow/example_dags/example_external_task_marker_dag.py
[2021-06-11 05:38:06,316] {scheduler_job.py:633} INFO - Processing file /home/airflow/.local/lib/python3.6/site-packages/airflow/example_dags/example_external_task_marker_dag.py for tasks to queue
[2021-06-11 05:38:06,317] {logging_mixin.py:104} INFO - [2021-06-11 05:38:06,317] {dagbag.py:487} INFO - Filling up the DagBag from /home/airflow/.local/lib/python3.6/site-packages/airflow/example_dags/example_external_task_marker_dag.py
[2021-06-11 05:38:06,332] {scheduler_job.py:643} INFO - DAG(s) dict_keys(['example_external_task_marker_parent', 'example_external_task_marker_child']) retrieved from /home/airflow/.local/lib/python3.6/site-packages/airflow/example_dags/example_external_task_marker_dag.py
[2021-06-11 05:38:07,931] {logging_mixin.py:104} INFO - [2021-06-11 05:38:07,931] {dag.py:1832} INFO - Sync 2 DAGs
[2021-06-11 05:38:07,941] {logging_mixin.py:104} INFO - [2021-06-11 05:38:07,940] {dag.py:1851} INFO - Creating ORM DAG for example_external_task_marker_child
[2021-06-11 05:38:07,943] {logging_mixin.py:104} INFO - [2021-06-11 05:38:07,943] {dag.py:1851} INFO - Creating ORM DAG for example_external_task_marker_parent
[2021-06-11 05:38:07,949] {logging_mixin.py:104} INFO - [2021-06-11 05:38:07,949] {dag.py:2305} INFO - Setting next_dagrun for example_external_task_marker_child to None
[2021-06-11 05:38:07,950] {logging_mixin.py:104} INFO - [2021-06-11 05:38:07,950] {dag.py:2305} INFO - Setting next_dagrun for example_external_task_marker_parent to None
[2021-06-11 05:38:07,961] {scheduler_job.py:190} INFO - Processing /home/airflow/.local/lib/python3.6/site-packages/airflow/example_dags/example_external_task_marker_dag.py took 1.650 seconds
[2021-06-11 05:38:38,460] {scheduler_job.py:182} INFO - Started process (PID=207) to work on /home/airflow/.local/lib/python3.6/site-packages/airflow/example_dags/example_external_task_marker_dag.py
[2021-06-11 05:38:38,461] {scheduler_job.py:633} INFO - Processing file /home/airflow/.local/lib/python3.6/site-packages/airflow/example_dags/example_external_task_marker_dag.py for tasks to queue
[2021-06-11 05:38:38,463] {logging_mixin.py:104} INFO - [2021-06-11 05:38:38,462] {dagbag.py:487} INFO - Filling up the DagBag from /home/airflow/.local/lib/python3.6/site-packages/airflow/example_dags/example_external_task_marker_dag.py
[2021-06-11 05:38:38,481] {scheduler_job.py:643} INFO - DAG(s) dict_keys(['example_external_task_marker_parent', 'example_external_task_marker_child']) retrieved from /home/airflow/.local/lib/python3.6/site-packages/airflow/example_dags/example_external_task_marker_dag.py
[2021-06-11 05:38:38,509] {logging_mixin.py:104} INFO - [2021-06-11 05:38:38,509] {dag.py:1832} INFO - Sync 2 DAGs
[2021-06-11 05:38:38,525] {logging_mixin.py:104} INFO - [2021-06-11 05:38:38,525] {dag.py:2305} INFO - Setting next_dagrun for example_external_task_marker_child to None
[2021-06-11 05:38:38,527] {logging_mixin.py:104} INFO - [2021-06-11 05:38:38,527] {dag.py:2305} INFO - Setting next_dagrun for example_external_task_marker_parent to None
[2021-06-11 05:38:38,537] {scheduler_job.py:190} INFO - Processing /home/airflow/.local/lib/python3.6/site-packages/airflow/example_dags/example_external_task_marker_dag.py took 0.081 seconds
[2021-06-11 05:39:09,022] {scheduler_job.py:182} INFO - Started process (PID=290) to work on /home/airflow/.local/lib/python3.6/site-packages/airflow/example_dags/example_external_task_marker_dag.py
[2021-06-11 05:39:09,023] {scheduler_job.py:633} INFO - Processing file /home/airflow/.local/lib/python3.6/site-packages/airflow/example_dags/example_external_task_marker_dag.py for tasks to queue
[2021-06-11 05:39:09,024] {logging_mixin.py:104} INFO - [2021-06-11 05:39:09,024] {dagbag.py:487} INFO - Filling up the DagBag from /home/airflow/.local/lib/python3.6/site-packages/airflow/example_dags/example_external_task_marker_dag.py
[2021-06-11 05:39:09,037] {scheduler_job.py:643} INFO - DAG(s) dict_keys(['example_external_task_marker_parent', 'example_external_task_marker_child']) retrieved from /home/airflow/.local/lib/python3.6/site-packages/airflow/example_dags/example_external_task_marker_dag.py
[2021-06-11 05:39:09,062] {logging_mixin.py:104} INFO - [2021-06-11 05:39:09,062] {dag.py:1832} INFO - Sync 2 DAGs
[2021-06-11 05:39:09,078] {logging_mixin.py:104} INFO - [2021-06-11 05:39:09,078] {dag.py:2305} INFO - Setting next_dagrun for example_external_task_marker_child to None
[2021-06-11 05:39:09,080] {logging_mixin.py:104} INFO - [2021-06-11 05:39:09,080] {dag.py:2305} INFO - Setting next_dagrun for example_external_task_marker_parent to None
[2021-06-11 05:39:09,093] {scheduler_job.py:190} INFO - Processing /home/airflow/.local/lib/python3.6/site-packages/airflow/example_dags/example_external_task_marker_dag.py took 0.074 seconds
[2021-06-11 05:39:39,317] {scheduler_job.py:182} INFO - Started process (PID=357) to work on /home/airflow/.local/lib/python3.6/site-packages/airflow/example_dags/example_external_task_marker_dag.py
[2021-06-11 05:39:39,318] {scheduler_job.py:633} INFO - Processing file /home/airflow/.local/lib/python3.6/site-packages/airflow/example_dags/example_external_task_marker_dag.py for tasks to queue
[2021-06-11 05:39:39,320] {logging_mixin.py:104} INFO - [2021-06-11 05:39:39,320] {dagbag.py:487} INFO - Filling up the DagBag from /home/airflow/.local/lib/python3.6/site-packages/airflow/example_dags/example_external_task_marker_dag.py
[2021-06-11 05:39:39,335] {scheduler_job.py:643} INFO - DAG(s) dict_keys(['example_external_task_marker_parent', 'example_external_task_marker_child']) retrieved from /home/airflow/.local/lib/python3.6/site-packages/airflow/example_dags/example_external_task_marker_dag.py
[2021-06-11 05:39:39,606] {logging_mixin.py:104} INFO - [2021-06-11 05:39:39,606] {dag.py:1832} INFO - Sync 2 DAGs
[2021-06-11 05:39:39,617] {logging_mixin.py:104} INFO - [2021-06-11 05:39:39,617] {dag.py:2305} INFO - Setting next_dagrun for example_external_task_marker_child to None
[2021-06-11 05:39:39,619] {logging_mixin.py:104} INFO - [2021-06-11 05:39:39,619] {dag.py:2305} INFO - Setting next_dagrun for example_external_task_marker_parent to None
[2021-06-11 05:39:39,629] {scheduler_job.py:190} INFO - Processing /home/airflow/.local/lib/python3.6/site-packages/airflow/example_dags/example_external_task_marker_dag.py took 0.317 seconds
[2021-06-11 05:40:10,068] {scheduler_job.py:182} INFO - Started process (PID=443) to work on /home/airflow/.local/lib/python3.6/site-packages/airflow/example_dags/example_external_task_marker_dag.py
[2021-06-11 05:40:10,071] {scheduler_job.py:633} INFO - Processing file /home/airflow/.local/lib/python3.6/site-packages/airflow/example_dags/example_external_task_marker_dag.py for tasks to queue
[2021-06-11 05:40:10,072] {logging_mixin.py:104} INFO - [2021-06-11 05:40:10,072] {dagbag.py:487} INFO - Filling up the DagBag from /home/airflow/.local/lib/python3.6/site-packages/airflow/example_dags/example_external_task_marker_dag.py
[2021-06-11 05:40:10,084] {scheduler_job.py:643} INFO - DAG(s) dict_keys(['example_external_task_marker_parent', 'example_external_task_marker_child']) retrieved from /home/airflow/.local/lib/python3.6/site-packages/airflow/example_dags/example_external_task_marker_dag.py
[2021-06-11 05:40:10,337] {logging_mixin.py:104} INFO - [2021-06-11 05:40:10,337] {dag.py:1832} INFO - Sync 2 DAGs
[2021-06-11 05:40:10,348] {logging_mixin.py:104} INFO - [2021-06-11 05:40:10,348] {dag.py:2305} INFO - Setting next_dagrun for example_external_task_marker_child to None
[2021-06-11 05:40:10,349] {logging_mixin.py:104} INFO - [2021-06-11 05:40:10,349] {dag.py:2305} INFO - Setting next_dagrun for example_external_task_marker_parent to None
[2021-06-11 05:40:10,361] {scheduler_job.py:190} INFO - Processing /home/airflow/.local/lib/python3.6/site-packages/airflow/example_dags/example_external_task_marker_dag.py took 0.296 seconds
[2021-06-11 05:40:41,410] {scheduler_job.py:182} INFO - Started process (PID=526) to work on /home/airflow/.local/lib/python3.6/site-packages/airflow/example_dags/example_external_task_marker_dag.py
[2021-06-11 05:40:41,412] {scheduler_job.py:633} INFO - Processing file /home/airflow/.local/lib/python3.6/site-packages/airflow/example_dags/example_external_task_marker_dag.py for tasks to queue
[2021-06-11 05:40:41,413] {logging_mixin.py:104} INFO - [2021-06-11 05:40:41,413] {dagbag.py:487} INFO - Filling up the DagBag from /home/airflow/.local/lib/python3.6/site-packages/airflow/example_dags/example_external_task_marker_dag.py
[2021-06-11 05:40:41,427] {scheduler_job.py:643} INFO - DAG(s) dict_keys(['example_external_task_marker_parent', 'example_external_task_marker_child']) retrieved from /home/airflow/.local/lib/python3.6/site-packages/airflow/example_dags/example_external_task_marker_dag.py
[2021-06-11 05:40:41,451] {logging_mixin.py:104} INFO - [2021-06-11 05:40:41,451] {dag.py:1832} INFO - Sync 2 DAGs
[2021-06-11 05:40:41,470] {logging_mixin.py:104} INFO - [2021-06-11 05:40:41,470] {dag.py:2305} INFO - Setting next_dagrun for example_external_task_marker_child to None
[2021-06-11 05:40:41,472] {logging_mixin.py:104} INFO - [2021-06-11 05:40:41,472] {dag.py:2305} INFO - Setting next_dagrun for example_external_task_marker_parent to None
[2021-06-11 05:40:41,482] {scheduler_job.py:190} INFO - Processing /home/airflow/.local/lib/python3.6/site-packages/airflow/example_dags/example_external_task_marker_dag.py took 0.076 seconds
[2021-06-11 05:41:11,843] {scheduler_job.py:182} INFO - Started process (PID=592) to work on /home/airflow/.local/lib/python3.6/site-packages/airflow/example_dags/example_external_task_marker_dag.py
[2021-06-11 05:41:11,845] {scheduler_job.py:633} INFO - Processing file /home/airflow/.local/lib/python3.6/site-packages/airflow/example_dags/example_external_task_marker_dag.py for tasks to queue
[2021-06-11 05:41:11,846] {logging_mixin.py:104} INFO - [2021-06-11 05:41:11,846] {dagbag.py:487} INFO - Filling up the DagBag from /home/airflow/.local/lib/python3.6/site-packages/airflow/example_dags/example_external_task_marker_dag.py
[2021-06-11 05:41:11,860] {scheduler_job.py:643} INFO - DAG(s) dict_keys(['example_external_task_marker_parent', 'example_external_task_marker_child']) retrieved from /home/airflow/.local/lib/python3.6/site-packages/airflow/example_dags/example_external_task_marker_dag.py
[2021-06-11 05:41:11,887] {logging_mixin.py:104} INFO - [2021-06-11 05:41:11,887] {dag.py:1832} INFO - Sync 2 DAGs
[2021-06-11 05:41:11,904] {logging_mixin.py:104} INFO - [2021-06-11 05:41:11,904] {dag.py:2305} INFO - Setting next_dagrun for example_external_task_marker_child to None
[2021-06-11 05:41:11,905] {logging_mixin.py:104} INFO - [2021-06-11 05:41:11,905] {dag.py:2305} INFO - Setting next_dagrun for example_external_task_marker_parent to None
[2021-06-11 05:41:11,916] {scheduler_job.py:190} INFO - Processing /home/airflow/.local/lib/python3.6/site-packages/airflow/example_dags/example_external_task_marker_dag.py took 0.078 seconds
[2021-06-11 05:41:42,267] {scheduler_job.py:182} INFO - Started process (PID=675) to work on /home/airflow/.local/lib/python3.6/site-packages/airflow/example_dags/example_external_task_marker_dag.py
[2021-06-11 05:41:42,268] {scheduler_job.py:633} INFO - Processing file /home/airflow/.local/lib/python3.6/site-packages/airflow/example_dags/example_external_task_marker_dag.py for tasks to queue
[2021-06-11 05:41:42,270] {logging_mixin.py:104} INFO - [2021-06-11 05:41:42,269] {dagbag.py:487} INFO - Filling up the DagBag from /home/airflow/.local/lib/python3.6/site-packages/airflow/example_dags/example_external_task_marker_dag.py
[2021-06-11 05:41:42,282] {scheduler_job.py:643} INFO - DAG(s) dict_keys(['example_external_task_marker_parent', 'example_external_task_marker_child']) retrieved from /home/airflow/.local/lib/python3.6/site-packages/airflow/example_dags/example_external_task_marker_dag.py
[2021-06-11 05:41:42,309] {logging_mixin.py:104} INFO - [2021-06-11 05:41:42,309] {dag.py:1832} INFO - Sync 2 DAGs
[2021-06-11 05:41:42,326] {logging_mixin.py:104} INFO - [2021-06-11 05:41:42,326] {dag.py:2305} INFO - Setting next_dagrun for example_external_task_marker_child to None
[2021-06-11 05:41:42,328] {logging_mixin.py:104} INFO - [2021-06-11 05:41:42,328] {dag.py:2305} INFO - Setting next_dagrun for example_external_task_marker_parent to None
[2021-06-11 05:41:42,338] {scheduler_job.py:190} INFO - Processing /home/airflow/.local/lib/python3.6/site-packages/airflow/example_dags/example_external_task_marker_dag.py took 0.075 seconds
[2021-06-11 05:42:12,842] {scheduler_job.py:182} INFO - Started process (PID=760) to work on /home/airflow/.local/lib/python3.6/site-packages/airflow/example_dags/example_external_task_marker_dag.py
[2021-06-11 05:42:12,843] {scheduler_job.py:633} INFO - Processing file /home/airflow/.local/lib/python3.6/site-packages/airflow/example_dags/example_external_task_marker_dag.py for tasks to queue
[2021-06-11 05:42:12,844] {logging_mixin.py:104} INFO - [2021-06-11 05:42:12,844] {dagbag.py:487} INFO - Filling up the DagBag from /home/airflow/.local/lib/python3.6/site-packages/airflow/example_dags/example_external_task_marker_dag.py
[2021-06-11 05:42:12,857] {scheduler_job.py:643} INFO - DAG(s) dict_keys(['example_external_task_marker_parent', 'example_external_task_marker_child']) retrieved from /home/airflow/.local/lib/python3.6/site-packages/airflow/example_dags/example_external_task_marker_dag.py
[2021-06-11 05:42:13,123] {logging_mixin.py:104} INFO - [2021-06-11 05:42:13,123] {dag.py:1832} INFO - Sync 2 DAGs
[2021-06-11 05:42:13,135] {logging_mixin.py:104} INFO - [2021-06-11 05:42:13,135] {dag.py:2305} INFO - Setting next_dagrun for example_external_task_marker_child to None
[2021-06-11 05:42:13,137] {logging_mixin.py:104} INFO - [2021-06-11 05:42:13,137] {dag.py:2305} INFO - Setting next_dagrun for example_external_task_marker_parent to None
[2021-06-11 05:42:13,148] {scheduler_job.py:190} INFO - Processing /home/airflow/.local/lib/python3.6/site-packages/airflow/example_dags/example_external_task_marker_dag.py took 0.309 seconds
[2021-06-11 05:42:43,768] {scheduler_job.py:182} INFO - Started process (PID=827) to work on /home/airflow/.local/lib/python3.6/site-packages/airflow/example_dags/example_external_task_marker_dag.py
[2021-06-11 05:42:43,769] {scheduler_job.py:633} INFO - Processing file /home/airflow/.local/lib/python3.6/site-packages/airflow/example_dags/example_external_task_marker_dag.py for tasks to queue
[2021-06-11 05:42:43,771] {logging_mixin.py:104} INFO - [2021-06-11 05:42:43,770] {dagbag.py:487} INFO - Filling up the DagBag from /home/airflow/.local/lib/python3.6/site-packages/airflow/example_dags/example_external_task_marker_dag.py
[2021-06-11 05:42:43,783] {scheduler_job.py:643} INFO - DAG(s) dict_keys(['example_external_task_marker_parent', 'example_external_task_marker_child']) retrieved from /home/airflow/.local/lib/python3.6/site-packages/airflow/example_dags/example_external_task_marker_dag.py
[2021-06-11 05:42:44,060] {logging_mixin.py:104} INFO - [2021-06-11 05:42:44,060] {dag.py:1832} INFO - Sync 2 DAGs
[2021-06-11 05:42:44,072] {logging_mixin.py:104} INFO - [2021-06-11 05:42:44,072] {dag.py:2305} INFO - Setting next_dagrun for example_external_task_marker_child to None
[2021-06-11 05:42:44,074] {logging_mixin.py:104} INFO - [2021-06-11 05:42:44,074] {dag.py:2305} INFO - Setting next_dagrun for example_external_task_marker_parent to None
[2021-06-11 05:42:44,084] {scheduler_job.py:190} INFO - Processing /home/airflow/.local/lib/python3.6/site-packages/airflow/example_dags/example_external_task_marker_dag.py took 0.320 seconds
[2021-06-11 05:43:14,940] {scheduler_job.py:182} INFO - Started process (PID=912) to work on /home/airflow/.local/lib/python3.6/site-packages/airflow/example_dags/example_external_task_marker_dag.py
[2021-06-11 05:43:14,941] {scheduler_job.py:633} INFO - Processing file /home/airflow/.local/lib/python3.6/site-packages/airflow/example_dags/example_external_task_marker_dag.py for tasks to queue
[2021-06-11 05:43:14,942] {logging_mixin.py:104} INFO - [2021-06-11 05:43:14,942] {dagbag.py:487} INFO - Filling up the DagBag from /home/airflow/.local/lib/python3.6/site-packages/airflow/example_dags/example_external_task_marker_dag.py
[2021-06-11 05:43:14,954] {scheduler_job.py:643} INFO - DAG(s) dict_keys(['example_external_task_marker_parent', 'example_external_task_marker_child']) retrieved from /home/airflow/.local/lib/python3.6/site-packages/airflow/example_dags/example_external_task_marker_dag.py
[2021-06-11 05:43:14,981] {logging_mixin.py:104} INFO - [2021-06-11 05:43:14,980] {dag.py:1832} INFO - Sync 2 DAGs
[2021-06-11 05:43:14,997] {logging_mixin.py:104} INFO - [2021-06-11 05:43:14,996] {dag.py:2305} INFO - Setting next_dagrun for example_external_task_marker_child to None
[2021-06-11 05:43:14,998] {logging_mixin.py:104} INFO - [2021-06-11 05:43:14,998] {dag.py:2305} INFO - Setting next_dagrun for example_external_task_marker_parent to None
[2021-06-11 05:43:15,009] {scheduler_job.py:190} INFO - Processing /home/airflow/.local/lib/python3.6/site-packages/airflow/example_dags/example_external_task_marker_dag.py took 0.073 seconds
[2021-06-11 05:43:45,762] {scheduler_job.py:182} INFO - Started process (PID=995) to work on /home/airflow/.local/lib/python3.6/site-packages/airflow/example_dags/example_external_task_marker_dag.py
[2021-06-11 05:43:45,764] {scheduler_job.py:633} INFO - Processing file /home/airflow/.local/lib/python3.6/site-packages/airflow/example_dags/example_external_task_marker_dag.py for tasks to queue
[2021-06-11 05:43:45,765] {logging_mixin.py:104} INFO - [2021-06-11 05:43:45,765] {dagbag.py:487} INFO - Filling up the DagBag from /home/airflow/.local/lib/python3.6/site-packages/airflow/example_dags/example_external_task_marker_dag.py
[2021-06-11 05:43:45,778] {scheduler_job.py:643} INFO - DAG(s) dict_keys(['example_external_task_marker_parent', 'example_external_task_marker_child']) retrieved from /home/airflow/.local/lib/python3.6/site-packages/airflow/example_dags/example_external_task_marker_dag.py
[2021-06-11 05:43:45,805] {logging_mixin.py:104} INFO - [2021-06-11 05:43:45,805] {dag.py:1832} INFO - Sync 2 DAGs
[2021-06-11 05:43:45,821] {logging_mixin.py:104} INFO - [2021-06-11 05:43:45,821] {dag.py:2305} INFO - Setting next_dagrun for example_external_task_marker_child to None
[2021-06-11 05:43:45,823] {logging_mixin.py:104} INFO - [2021-06-11 05:43:45,822] {dag.py:2305} INFO - Setting next_dagrun for example_external_task_marker_parent to None
[2021-06-11 05:43:45,834] {scheduler_job.py:190} INFO - Processing /home/airflow/.local/lib/python3.6/site-packages/airflow/example_dags/example_external_task_marker_dag.py took 0.077 seconds
[2021-06-11 05:44:16,396] {scheduler_job.py:182} INFO - Started process (PID=1061) to work on /home/airflow/.local/lib/python3.6/site-packages/airflow/example_dags/example_external_task_marker_dag.py
[2021-06-11 05:44:16,397] {scheduler_job.py:633} INFO - Processing file /home/airflow/.local/lib/python3.6/site-packages/airflow/example_dags/example_external_task_marker_dag.py for tasks to queue
[2021-06-11 05:44:16,399] {logging_mixin.py:104} INFO - [2021-06-11 05:44:16,399] {dagbag.py:487} INFO - Filling up the DagBag from /home/airflow/.local/lib/python3.6/site-packages/airflow/example_dags/example_external_task_marker_dag.py
[2021-06-11 05:44:16,413] {scheduler_job.py:643} INFO - DAG(s) dict_keys(['example_external_task_marker_parent', 'example_external_task_marker_child']) retrieved from /home/airflow/.local/lib/python3.6/site-packages/airflow/example_dags/example_external_task_marker_dag.py
[2021-06-11 05:44:16,658] {logging_mixin.py:104} INFO - [2021-06-11 05:44:16,658] {dag.py:1832} INFO - Sync 2 DAGs
[2021-06-11 05:44:16,668] {logging_mixin.py:104} INFO - [2021-06-11 05:44:16,668] {dag.py:2305} INFO - Setting next_dagrun for example_external_task_marker_child to None
[2021-06-11 05:44:16,669] {logging_mixin.py:104} INFO - [2021-06-11 05:44:16,669] {dag.py:2305} INFO - Setting next_dagrun for example_external_task_marker_parent to None
[2021-06-11 05:44:16,681] {scheduler_job.py:190} INFO - Processing /home/airflow/.local/lib/python3.6/site-packages/airflow/example_dags/example_external_task_marker_dag.py took 0.289 seconds
[2021-06-11 05:44:47,296] {scheduler_job.py:182} INFO - Started process (PID=1143) to work on /home/airflow/.local/lib/python3.6/site-packages/airflow/example_dags/example_external_task_marker_dag.py
[2021-06-11 05:44:47,298] {scheduler_job.py:633} INFO - Processing file /home/airflow/.local/lib/python3.6/site-packages/airflow/example_dags/example_external_task_marker_dag.py for tasks to queue
[2021-06-11 05:44:47,299] {logging_mixin.py:104} INFO - [2021-06-11 05:44:47,299] {dagbag.py:487} INFO - Filling up the DagBag from /home/airflow/.local/lib/python3.6/site-packages/airflow/example_dags/example_external_task_marker_dag.py
[2021-06-11 05:44:47,311] {scheduler_job.py:643} INFO - DAG(s) dict_keys(['example_external_task_marker_parent', 'example_external_task_marker_child']) retrieved from /home/airflow/.local/lib/python3.6/site-packages/airflow/example_dags/example_external_task_marker_dag.py
[2021-06-11 05:44:47,588] {logging_mixin.py:104} INFO - [2021-06-11 05:44:47,587] {dag.py:1832} INFO - Sync 2 DAGs
[2021-06-11 05:44:47,600] {logging_mixin.py:104} INFO - [2021-06-11 05:44:47,600] {dag.py:2305} INFO - Setting next_dagrun for example_external_task_marker_child to None
[2021-06-11 05:44:47,601] {logging_mixin.py:104} INFO - [2021-06-11 05:44:47,601] {dag.py:2305} INFO - Setting next_dagrun for example_external_task_marker_parent to None
[2021-06-11 05:44:47,613] {scheduler_job.py:190} INFO - Processing /home/airflow/.local/lib/python3.6/site-packages/airflow/example_dags/example_external_task_marker_dag.py took 0.321 seconds
[2021-06-11 05:45:17,649] {scheduler_job.py:182} INFO - Started process (PID=1227) to work on /home/airflow/.local/lib/python3.6/site-packages/airflow/example_dags/example_external_task_marker_dag.py
[2021-06-11 05:45:17,651] {scheduler_job.py:633} INFO - Processing file /home/airflow/.local/lib/python3.6/site-packages/airflow/example_dags/example_external_task_marker_dag.py for tasks to queue
[2021-06-11 05:45:17,653] {logging_mixin.py:104} INFO - [2021-06-11 05:45:17,653] {dagbag.py:487} INFO - Filling up the DagBag from /home/airflow/.local/lib/python3.6/site-packages/airflow/example_dags/example_external_task_marker_dag.py
[2021-06-11 05:45:17,669] {scheduler_job.py:643} INFO - DAG(s) dict_keys(['example_external_task_marker_parent', 'example_external_task_marker_child']) retrieved from /home/airflow/.local/lib/python3.6/site-packages/airflow/example_dags/example_external_task_marker_dag.py
[2021-06-11 05:45:17,952] {logging_mixin.py:104} INFO - [2021-06-11 05:45:17,952] {dag.py:1832} INFO - Sync 2 DAGs
[2021-06-11 05:45:17,978] {logging_mixin.py:104} INFO - [2021-06-11 05:45:17,978] {dag.py:2305} INFO - Setting next_dagrun for example_external_task_marker_child to None
[2021-06-11 05:45:17,979] {logging_mixin.py:104} INFO - [2021-06-11 05:45:17,979] {dag.py:2305} INFO - Setting next_dagrun for example_external_task_marker_parent to None
[2021-06-11 05:45:17,992] {scheduler_job.py:190} INFO - Processing /home/airflow/.local/lib/python3.6/site-packages/airflow/example_dags/example_external_task_marker_dag.py took 0.348 seconds
[2021-06-11 05:45:48,908] {scheduler_job.py:182} INFO - Started process (PID=1295) to work on /home/airflow/.local/lib/python3.6/site-packages/airflow/example_dags/example_external_task_marker_dag.py
[2021-06-11 05:45:48,909] {scheduler_job.py:633} INFO - Processing file /home/airflow/.local/lib/python3.6/site-packages/airflow/example_dags/example_external_task_marker_dag.py for tasks to queue
[2021-06-11 05:45:48,911] {logging_mixin.py:104} INFO - [2021-06-11 05:45:48,910] {dagbag.py:487} INFO - Filling up the DagBag from /home/airflow/.local/lib/python3.6/site-packages/airflow/example_dags/example_external_task_marker_dag.py
[2021-06-11 05:45:48,923] {scheduler_job.py:643} INFO - DAG(s) dict_keys(['example_external_task_marker_parent', 'example_external_task_marker_child']) retrieved from /home/airflow/.local/lib/python3.6/site-packages/airflow/example_dags/example_external_task_marker_dag.py
[2021-06-11 05:45:48,951] {logging_mixin.py:104} INFO - [2021-06-11 05:45:48,951] {dag.py:1832} INFO - Sync 2 DAGs
[2021-06-11 05:45:48,967] {logging_mixin.py:104} INFO - [2021-06-11 05:45:48,967] {dag.py:2305} INFO - Setting next_dagrun for example_external_task_marker_child to None
[2021-06-11 05:45:48,969] {logging_mixin.py:104} INFO - [2021-06-11 05:45:48,969] {dag.py:2305} INFO - Setting next_dagrun for example_external_task_marker_parent to None
[2021-06-11 05:45:48,980] {scheduler_job.py:190} INFO - Processing /home/airflow/.local/lib/python3.6/site-packages/airflow/example_dags/example_external_task_marker_dag.py took 0.076 seconds
[2021-06-11 05:46:19,873] {scheduler_job.py:182} INFO - Started process (PID=1378) to work on /home/airflow/.local/lib/python3.6/site-packages/airflow/example_dags/example_external_task_marker_dag.py
[2021-06-11 05:46:19,875] {scheduler_job.py:633} INFO - Processing file /home/airflow/.local/lib/python3.6/site-packages/airflow/example_dags/example_external_task_marker_dag.py for tasks to queue
[2021-06-11 05:46:19,876] {logging_mixin.py:104} INFO - [2021-06-11 05:46:19,876] {dagbag.py:487} INFO - Filling up the DagBag from /home/airflow/.local/lib/python3.6/site-packages/airflow/example_dags/example_external_task_marker_dag.py
[2021-06-11 05:46:19,889] {scheduler_job.py:643} INFO - DAG(s) dict_keys(['example_external_task_marker_parent', 'example_external_task_marker_child']) retrieved from /home/airflow/.local/lib/python3.6/site-packages/airflow/example_dags/example_external_task_marker_dag.py
[2021-06-11 05:46:20,184] {logging_mixin.py:104} INFO - [2021-06-11 05:46:20,184] {dag.py:1832} INFO - Sync 2 DAGs
[2021-06-11 05:46:20,199] {logging_mixin.py:104} INFO - [2021-06-11 05:46:20,199] {dag.py:2305} INFO - Setting next_dagrun for example_external_task_marker_child to None
[2021-06-11 05:46:20,200] {logging_mixin.py:104} INFO - [2021-06-11 05:46:20,200] {dag.py:2305} INFO - Setting next_dagrun for example_external_task_marker_parent to None
[2021-06-11 05:46:20,212] {scheduler_job.py:190} INFO - Processing /home/airflow/.local/lib/python3.6/site-packages/airflow/example_dags/example_external_task_marker_dag.py took 0.343 seconds
[2021-06-11 05:46:50,286] {scheduler_job.py:182} INFO - Started process (PID=1462) to work on /home/airflow/.local/lib/python3.6/site-packages/airflow/example_dags/example_external_task_marker_dag.py
[2021-06-11 05:46:50,288] {scheduler_job.py:633} INFO - Processing file /home/airflow/.local/lib/python3.6/site-packages/airflow/example_dags/example_external_task_marker_dag.py for tasks to queue
[2021-06-11 05:46:50,289] {logging_mixin.py:104} INFO - [2021-06-11 05:46:50,289] {dagbag.py:487} INFO - Filling up the DagBag from /home/airflow/.local/lib/python3.6/site-packages/airflow/example_dags/example_external_task_marker_dag.py
[2021-06-11 05:46:50,306] {scheduler_job.py:643} INFO - DAG(s) dict_keys(['example_external_task_marker_parent', 'example_external_task_marker_child']) retrieved from /home/airflow/.local/lib/python3.6/site-packages/airflow/example_dags/example_external_task_marker_dag.py
[2021-06-11 05:46:50,601] {logging_mixin.py:104} INFO - [2021-06-11 05:46:50,601] {dag.py:1832} INFO - Sync 2 DAGs
[2021-06-11 05:46:50,615] {logging_mixin.py:104} INFO - [2021-06-11 05:46:50,615] {dag.py:2305} INFO - Setting next_dagrun for example_external_task_marker_child to None
[2021-06-11 05:46:50,617] {logging_mixin.py:104} INFO - [2021-06-11 05:46:50,616] {dag.py:2305} INFO - Setting next_dagrun for example_external_task_marker_parent to None
[2021-06-11 05:46:50,630] {scheduler_job.py:190} INFO - Processing /home/airflow/.local/lib/python3.6/site-packages/airflow/example_dags/example_external_task_marker_dag.py took 0.350 seconds
[2021-06-11 05:47:20,727] {scheduler_job.py:182} INFO - Started process (PID=1528) to work on /home/airflow/.local/lib/python3.6/site-packages/airflow/example_dags/example_external_task_marker_dag.py
[2021-06-11 05:47:20,728] {scheduler_job.py:633} INFO - Processing file /home/airflow/.local/lib/python3.6/site-packages/airflow/example_dags/example_external_task_marker_dag.py for tasks to queue
[2021-06-11 05:47:20,729] {logging_mixin.py:104} INFO - [2021-06-11 05:47:20,729] {dagbag.py:487} INFO - Filling up the DagBag from /home/airflow/.local/lib/python3.6/site-packages/airflow/example_dags/example_external_task_marker_dag.py
[2021-06-11 05:47:20,742] {scheduler_job.py:643} INFO - DAG(s) dict_keys(['example_external_task_marker_parent', 'example_external_task_marker_child']) retrieved from /home/airflow/.local/lib/python3.6/site-packages/airflow/example_dags/example_external_task_marker_dag.py
[2021-06-11 05:47:21,013] {logging_mixin.py:104} INFO - [2021-06-11 05:47:21,013] {dag.py:1832} INFO - Sync 2 DAGs
[2021-06-11 05:47:21,026] {logging_mixin.py:104} INFO - [2021-06-11 05:47:21,026] {dag.py:2305} INFO - Setting next_dagrun for example_external_task_marker_child to None
[2021-06-11 05:47:21,027] {logging_mixin.py:104} INFO - [2021-06-11 05:47:21,027] {dag.py:2305} INFO - Setting next_dagrun for example_external_task_marker_parent to None
[2021-06-11 05:47:21,038] {scheduler_job.py:190} INFO - Processing /home/airflow/.local/lib/python3.6/site-packages/airflow/example_dags/example_external_task_marker_dag.py took 0.315 seconds
[2021-06-11 05:47:51,992] {scheduler_job.py:182} INFO - Started process (PID=1613) to work on /home/airflow/.local/lib/python3.6/site-packages/airflow/example_dags/example_external_task_marker_dag.py
[2021-06-11 05:47:51,994] {scheduler_job.py:633} INFO - Processing file /home/airflow/.local/lib/python3.6/site-packages/airflow/example_dags/example_external_task_marker_dag.py for tasks to queue
[2021-06-11 05:47:51,996] {logging_mixin.py:104} INFO - [2021-06-11 05:47:51,995] {dagbag.py:487} INFO - Filling up the DagBag from /home/airflow/.local/lib/python3.6/site-packages/airflow/example_dags/example_external_task_marker_dag.py
[2021-06-11 05:47:52,008] {scheduler_job.py:643} INFO - DAG(s) dict_keys(['example_external_task_marker_parent', 'example_external_task_marker_child']) retrieved from /home/airflow/.local/lib/python3.6/site-packages/airflow/example_dags/example_external_task_marker_dag.py
[2021-06-11 05:47:52,037] {logging_mixin.py:104} INFO - [2021-06-11 05:47:52,037] {dag.py:1832} INFO - Sync 2 DAGs
[2021-06-11 05:47:52,055] {logging_mixin.py:104} INFO - [2021-06-11 05:47:52,055] {dag.py:2305} INFO - Setting next_dagrun for example_external_task_marker_child to None
[2021-06-11 05:47:52,057] {logging_mixin.py:104} INFO - [2021-06-11 05:47:52,057] {dag.py:2305} INFO - Setting next_dagrun for example_external_task_marker_parent to None
[2021-06-11 05:47:52,070] {scheduler_job.py:190} INFO - Processing /home/airflow/.local/lib/python3.6/site-packages/airflow/example_dags/example_external_task_marker_dag.py took 0.082 seconds
[2021-06-11 05:48:22,244] {scheduler_job.py:182} INFO - Started process (PID=1687) to work on /home/airflow/.local/lib/python3.6/site-packages/airflow/example_dags/example_external_task_marker_dag.py
[2021-06-11 05:48:22,248] {scheduler_job.py:633} INFO - Processing file /home/airflow/.local/lib/python3.6/site-packages/airflow/example_dags/example_external_task_marker_dag.py for tasks to queue
[2021-06-11 05:48:22,250] {logging_mixin.py:104} INFO - [2021-06-11 05:48:22,249] {dagbag.py:487} INFO - Filling up the DagBag from /home/airflow/.local/lib/python3.6/site-packages/airflow/example_dags/example_external_task_marker_dag.py
[2021-06-11 05:48:22,267] {scheduler_job.py:643} INFO - DAG(s) dict_keys(['example_external_task_marker_parent', 'example_external_task_marker_child']) retrieved from /home/airflow/.local/lib/python3.6/site-packages/airflow/example_dags/example_external_task_marker_dag.py
[2021-06-11 05:48:22,608] {logging_mixin.py:104} INFO - [2021-06-11 05:48:22,608] {dag.py:1832} INFO - Sync 2 DAGs
[2021-06-11 05:48:22,623] {logging_mixin.py:104} INFO - [2021-06-11 05:48:22,623] {dag.py:2305} INFO - Setting next_dagrun for example_external_task_marker_child to None
[2021-06-11 05:48:22,624] {logging_mixin.py:104} INFO - [2021-06-11 05:48:22,624] {dag.py:2305} INFO - Setting next_dagrun for example_external_task_marker_parent to None
[2021-06-11 05:48:22,634] {scheduler_job.py:190} INFO - Processing /home/airflow/.local/lib/python3.6/site-packages/airflow/example_dags/example_external_task_marker_dag.py took 0.396 seconds
[2021-06-11 05:48:53,116] {scheduler_job.py:182} INFO - Started process (PID=1765) to work on /home/airflow/.local/lib/python3.6/site-packages/airflow/example_dags/example_external_task_marker_dag.py
[2021-06-11 05:48:53,118] {scheduler_job.py:633} INFO - Processing file /home/airflow/.local/lib/python3.6/site-packages/airflow/example_dags/example_external_task_marker_dag.py for tasks to queue
[2021-06-11 05:48:53,123] {logging_mixin.py:104} INFO - [2021-06-11 05:48:53,123] {dagbag.py:487} INFO - Filling up the DagBag from /home/airflow/.local/lib/python3.6/site-packages/airflow/example_dags/example_external_task_marker_dag.py
[2021-06-11 05:48:53,138] {scheduler_job.py:643} INFO - DAG(s) dict_keys(['example_external_task_marker_parent', 'example_external_task_marker_child']) retrieved from /home/airflow/.local/lib/python3.6/site-packages/airflow/example_dags/example_external_task_marker_dag.py
[2021-06-11 05:48:53,415] {logging_mixin.py:104} INFO - [2021-06-11 05:48:53,415] {dag.py:1832} INFO - Sync 2 DAGs
[2021-06-11 05:48:53,430] {logging_mixin.py:104} INFO - [2021-06-11 05:48:53,430] {dag.py:2305} INFO - Setting next_dagrun for example_external_task_marker_child to None
[2021-06-11 05:48:53,432] {logging_mixin.py:104} INFO - [2021-06-11 05:48:53,432] {dag.py:2305} INFO - Setting next_dagrun for example_external_task_marker_parent to None
[2021-06-11 05:48:53,445] {scheduler_job.py:190} INFO - Processing /home/airflow/.local/lib/python3.6/site-packages/airflow/example_dags/example_external_task_marker_dag.py took 0.333 seconds
[2021-06-11 05:49:23,585] {scheduler_job.py:182} INFO - Started process (PID=1848) to work on /home/airflow/.local/lib/python3.6/site-packages/airflow/example_dags/example_external_task_marker_dag.py
[2021-06-11 05:49:23,587] {scheduler_job.py:633} INFO - Processing file /home/airflow/.local/lib/python3.6/site-packages/airflow/example_dags/example_external_task_marker_dag.py for tasks to queue
[2021-06-11 05:49:23,592] {logging_mixin.py:104} INFO - [2021-06-11 05:49:23,591] {dagbag.py:487} INFO - Filling up the DagBag from /home/airflow/.local/lib/python3.6/site-packages/airflow/example_dags/example_external_task_marker_dag.py
[2021-06-11 05:49:23,615] {scheduler_job.py:643} INFO - DAG(s) dict_keys(['example_external_task_marker_parent', 'example_external_task_marker_child']) retrieved from /home/airflow/.local/lib/python3.6/site-packages/airflow/example_dags/example_external_task_marker_dag.py
[2021-06-11 05:49:23,653] {logging_mixin.py:104} INFO - [2021-06-11 05:49:23,652] {dag.py:1832} INFO - Sync 2 DAGs
[2021-06-11 05:49:23,683] {logging_mixin.py:104} INFO - [2021-06-11 05:49:23,682] {dag.py:2305} INFO - Setting next_dagrun for example_external_task_marker_child to None
[2021-06-11 05:49:23,685] {logging_mixin.py:104} INFO - [2021-06-11 05:49:23,685] {dag.py:2305} INFO - Setting next_dagrun for example_external_task_marker_parent to None
[2021-06-11 05:49:23,700] {scheduler_job.py:190} INFO - Processing /home/airflow/.local/lib/python3.6/site-packages/airflow/example_dags/example_external_task_marker_dag.py took 0.127 seconds
[2021-06-11 05:49:54,571] {scheduler_job.py:182} INFO - Started process (PID=1913) to work on /home/airflow/.local/lib/python3.6/site-packages/airflow/example_dags/example_external_task_marker_dag.py
[2021-06-11 05:49:54,573] {scheduler_job.py:633} INFO - Processing file /home/airflow/.local/lib/python3.6/site-packages/airflow/example_dags/example_external_task_marker_dag.py for tasks to queue
[2021-06-11 05:49:54,574] {logging_mixin.py:104} INFO - [2021-06-11 05:49:54,574] {dagbag.py:487} INFO - Filling up the DagBag from /home/airflow/.local/lib/python3.6/site-packages/airflow/example_dags/example_external_task_marker_dag.py
[2021-06-11 05:49:54,585] {scheduler_job.py:643} INFO - DAG(s) dict_keys(['example_external_task_marker_parent', 'example_external_task_marker_child']) retrieved from /home/airflow/.local/lib/python3.6/site-packages/airflow/example_dags/example_external_task_marker_dag.py
[2021-06-11 05:49:54,855] {logging_mixin.py:104} INFO - [2021-06-11 05:49:54,855] {dag.py:1832} INFO - Sync 2 DAGs
[2021-06-11 05:49:54,867] {logging_mixin.py:104} INFO - [2021-06-11 05:49:54,867] {dag.py:2305} INFO - Setting next_dagrun for example_external_task_marker_child to None
[2021-06-11 05:49:54,869] {logging_mixin.py:104} INFO - [2021-06-11 05:49:54,869] {dag.py:2305} INFO - Setting next_dagrun for example_external_task_marker_parent to None
[2021-06-11 05:49:54,879] {scheduler_job.py:190} INFO - Processing /home/airflow/.local/lib/python3.6/site-packages/airflow/example_dags/example_external_task_marker_dag.py took 0.312 seconds
[2021-06-11 05:50:24,959] {scheduler_job.py:182} INFO - Started process (PID=1998) to work on /home/airflow/.local/lib/python3.6/site-packages/airflow/example_dags/example_external_task_marker_dag.py
[2021-06-11 05:50:24,961] {scheduler_job.py:633} INFO - Processing file /home/airflow/.local/lib/python3.6/site-packages/airflow/example_dags/example_external_task_marker_dag.py for tasks to queue
[2021-06-11 05:50:24,962] {logging_mixin.py:104} INFO - [2021-06-11 05:50:24,962] {dagbag.py:487} INFO - Filling up the DagBag from /home/airflow/.local/lib/python3.6/site-packages/airflow/example_dags/example_external_task_marker_dag.py
[2021-06-11 05:50:24,975] {scheduler_job.py:643} INFO - DAG(s) dict_keys(['example_external_task_marker_parent', 'example_external_task_marker_child']) retrieved from /home/airflow/.local/lib/python3.6/site-packages/airflow/example_dags/example_external_task_marker_dag.py
[2021-06-11 05:50:25,255] {logging_mixin.py:104} INFO - [2021-06-11 05:50:25,255] {dag.py:1832} INFO - Sync 2 DAGs
[2021-06-11 05:50:25,267] {logging_mixin.py:104} INFO - [2021-06-11 05:50:25,267] {dag.py:2305} INFO - Setting next_dagrun for example_external_task_marker_child to None
[2021-06-11 05:50:25,268] {logging_mixin.py:104} INFO - [2021-06-11 05:50:25,268] {dag.py:2305} INFO - Setting next_dagrun for example_external_task_marker_parent to None
[2021-06-11 05:50:25,280] {scheduler_job.py:190} INFO - Processing /home/airflow/.local/lib/python3.6/site-packages/airflow/example_dags/example_external_task_marker_dag.py took 0.325 seconds
[2021-06-11 05:50:56,045] {scheduler_job.py:182} INFO - Started process (PID=2082) to work on /home/airflow/.local/lib/python3.6/site-packages/airflow/example_dags/example_external_task_marker_dag.py
[2021-06-11 05:50:56,047] {scheduler_job.py:633} INFO - Processing file /home/airflow/.local/lib/python3.6/site-packages/airflow/example_dags/example_external_task_marker_dag.py for tasks to queue
[2021-06-11 05:50:56,049] {logging_mixin.py:104} INFO - [2021-06-11 05:50:56,049] {dagbag.py:487} INFO - Filling up the DagBag from /home/airflow/.local/lib/python3.6/site-packages/airflow/example_dags/example_external_task_marker_dag.py
[2021-06-11 05:50:56,062] {scheduler_job.py:643} INFO - DAG(s) dict_keys(['example_external_task_marker_parent', 'example_external_task_marker_child']) retrieved from /home/airflow/.local/lib/python3.6/site-packages/airflow/example_dags/example_external_task_marker_dag.py
[2021-06-11 05:50:56,326] {logging_mixin.py:104} INFO - [2021-06-11 05:50:56,326] {dag.py:1832} INFO - Sync 2 DAGs
[2021-06-11 05:50:56,337] {logging_mixin.py:104} INFO - [2021-06-11 05:50:56,337] {dag.py:2305} INFO - Setting next_dagrun for example_external_task_marker_child to None
[2021-06-11 05:50:56,338] {logging_mixin.py:104} INFO - [2021-06-11 05:50:56,338] {dag.py:2305} INFO - Setting next_dagrun for example_external_task_marker_parent to None
[2021-06-11 05:50:56,348] {scheduler_job.py:190} INFO - Processing /home/airflow/.local/lib/python3.6/site-packages/airflow/example_dags/example_external_task_marker_dag.py took 0.306 seconds
[2021-06-11 05:51:27,276] {scheduler_job.py:182} INFO - Started process (PID=2149) to work on /home/airflow/.local/lib/python3.6/site-packages/airflow/example_dags/example_external_task_marker_dag.py
[2021-06-11 05:51:27,278] {scheduler_job.py:633} INFO - Processing file /home/airflow/.local/lib/python3.6/site-packages/airflow/example_dags/example_external_task_marker_dag.py for tasks to queue
[2021-06-11 05:51:27,279] {logging_mixin.py:104} INFO - [2021-06-11 05:51:27,279] {dagbag.py:487} INFO - Filling up the DagBag from /home/airflow/.local/lib/python3.6/site-packages/airflow/example_dags/example_external_task_marker_dag.py
[2021-06-11 05:51:27,292] {scheduler_job.py:643} INFO - DAG(s) dict_keys(['example_external_task_marker_parent', 'example_external_task_marker_child']) retrieved from /home/airflow/.local/lib/python3.6/site-packages/airflow/example_dags/example_external_task_marker_dag.py
[2021-06-11 05:51:27,318] {logging_mixin.py:104} INFO - [2021-06-11 05:51:27,318] {dag.py:1832} INFO - Sync 2 DAGs
[2021-06-11 05:51:27,336] {logging_mixin.py:104} INFO - [2021-06-11 05:51:27,336] {dag.py:2305} INFO - Setting next_dagrun for example_external_task_marker_child to None
[2021-06-11 05:51:27,338] {logging_mixin.py:104} INFO - [2021-06-11 05:51:27,338] {dag.py:2305} INFO - Setting next_dagrun for example_external_task_marker_parent to None
[2021-06-11 05:51:27,349] {scheduler_job.py:190} INFO - Processing /home/airflow/.local/lib/python3.6/site-packages/airflow/example_dags/example_external_task_marker_dag.py took 0.077 seconds
[2021-06-11 05:51:57,671] {scheduler_job.py:182} INFO - Started process (PID=2233) to work on /home/airflow/.local/lib/python3.6/site-packages/airflow/example_dags/example_external_task_marker_dag.py
[2021-06-11 05:51:57,673] {scheduler_job.py:633} INFO - Processing file /home/airflow/.local/lib/python3.6/site-packages/airflow/example_dags/example_external_task_marker_dag.py for tasks to queue
[2021-06-11 05:51:57,674] {logging_mixin.py:104} INFO - [2021-06-11 05:51:57,674] {dagbag.py:487} INFO - Filling up the DagBag from /home/airflow/.local/lib/python3.6/site-packages/airflow/example_dags/example_external_task_marker_dag.py
[2021-06-11 05:51:57,686] {scheduler_job.py:643} INFO - DAG(s) dict_keys(['example_external_task_marker_parent', 'example_external_task_marker_child']) retrieved from /home/airflow/.local/lib/python3.6/site-packages/airflow/example_dags/example_external_task_marker_dag.py
[2021-06-11 05:51:57,713] {logging_mixin.py:104} INFO - [2021-06-11 05:51:57,713] {dag.py:1832} INFO - Sync 2 DAGs
[2021-06-11 05:51:57,729] {logging_mixin.py:104} INFO - [2021-06-11 05:51:57,729] {dag.py:2305} INFO - Setting next_dagrun for example_external_task_marker_child to None
[2021-06-11 05:51:57,731] {logging_mixin.py:104} INFO - [2021-06-11 05:51:57,731] {dag.py:2305} INFO - Setting next_dagrun for example_external_task_marker_parent to None
[2021-06-11 05:51:57,740] {scheduler_job.py:190} INFO - Processing /home/airflow/.local/lib/python3.6/site-packages/airflow/example_dags/example_external_task_marker_dag.py took 0.073 seconds
[2021-06-11 05:52:27,844] {scheduler_job.py:182} INFO - Started process (PID=2317) to work on /home/airflow/.local/lib/python3.6/site-packages/airflow/example_dags/example_external_task_marker_dag.py
[2021-06-11 05:52:27,846] {scheduler_job.py:633} INFO - Processing file /home/airflow/.local/lib/python3.6/site-packages/airflow/example_dags/example_external_task_marker_dag.py for tasks to queue
[2021-06-11 05:52:27,847] {logging_mixin.py:104} INFO - [2021-06-11 05:52:27,847] {dagbag.py:487} INFO - Filling up the DagBag from /home/airflow/.local/lib/python3.6/site-packages/airflow/example_dags/example_external_task_marker_dag.py
[2021-06-11 05:52:27,863] {scheduler_job.py:643} INFO - DAG(s) dict_keys(['example_external_task_marker_parent', 'example_external_task_marker_child']) retrieved from /home/airflow/.local/lib/python3.6/site-packages/airflow/example_dags/example_external_task_marker_dag.py
[2021-06-11 05:52:27,891] {logging_mixin.py:104} INFO - [2021-06-11 05:52:27,891] {dag.py:1832} INFO - Sync 2 DAGs
[2021-06-11 05:52:27,908] {logging_mixin.py:104} INFO - [2021-06-11 05:52:27,907] {dag.py:2305} INFO - Setting next_dagrun for example_external_task_marker_child to None
[2021-06-11 05:52:27,909] {logging_mixin.py:104} INFO - [2021-06-11 05:52:27,909] {dag.py:2305} INFO - Setting next_dagrun for example_external_task_marker_parent to None
[2021-06-11 05:52:27,920] {scheduler_job.py:190} INFO - Processing /home/airflow/.local/lib/python3.6/site-packages/airflow/example_dags/example_external_task_marker_dag.py took 0.080 seconds
[2021-06-11 05:52:58,334] {scheduler_job.py:182} INFO - Started process (PID=2383) to work on /home/airflow/.local/lib/python3.6/site-packages/airflow/example_dags/example_external_task_marker_dag.py
[2021-06-11 05:52:58,335] {scheduler_job.py:633} INFO - Processing file /home/airflow/.local/lib/python3.6/site-packages/airflow/example_dags/example_external_task_marker_dag.py for tasks to queue
[2021-06-11 05:52:58,337] {logging_mixin.py:104} INFO - [2021-06-11 05:52:58,337] {dagbag.py:487} INFO - Filling up the DagBag from /home/airflow/.local/lib/python3.6/site-packages/airflow/example_dags/example_external_task_marker_dag.py
[2021-06-11 05:52:58,350] {scheduler_job.py:643} INFO - DAG(s) dict_keys(['example_external_task_marker_parent', 'example_external_task_marker_child']) retrieved from /home/airflow/.local/lib/python3.6/site-packages/airflow/example_dags/example_external_task_marker_dag.py
[2021-06-11 05:52:58,627] {logging_mixin.py:104} INFO - [2021-06-11 05:52:58,626] {dag.py:1832} INFO - Sync 2 DAGs
[2021-06-11 05:52:58,639] {logging_mixin.py:104} INFO - [2021-06-11 05:52:58,639] {dag.py:2305} INFO - Setting next_dagrun for example_external_task_marker_child to None
[2021-06-11 05:52:58,641] {logging_mixin.py:104} INFO - [2021-06-11 05:52:58,641] {dag.py:2305} INFO - Setting next_dagrun for example_external_task_marker_parent to None
[2021-06-11 05:52:58,654] {scheduler_job.py:190} INFO - Processing /home/airflow/.local/lib/python3.6/site-packages/airflow/example_dags/example_external_task_marker_dag.py took 0.325 seconds
[2021-06-11 05:53:29,023] {scheduler_job.py:182} INFO - Started process (PID=2467) to work on /home/airflow/.local/lib/python3.6/site-packages/airflow/example_dags/example_external_task_marker_dag.py
[2021-06-11 05:53:29,024] {scheduler_job.py:633} INFO - Processing file /home/airflow/.local/lib/python3.6/site-packages/airflow/example_dags/example_external_task_marker_dag.py for tasks to queue
[2021-06-11 05:53:29,025] {logging_mixin.py:104} INFO - [2021-06-11 05:53:29,025] {dagbag.py:487} INFO - Filling up the DagBag from /home/airflow/.local/lib/python3.6/site-packages/airflow/example_dags/example_external_task_marker_dag.py
[2021-06-11 05:53:29,038] {scheduler_job.py:643} INFO - DAG(s) dict_keys(['example_external_task_marker_parent', 'example_external_task_marker_child']) retrieved from /home/airflow/.local/lib/python3.6/site-packages/airflow/example_dags/example_external_task_marker_dag.py
[2021-06-11 05:53:29,062] {logging_mixin.py:104} INFO - [2021-06-11 05:53:29,062] {dag.py:1832} INFO - Sync 2 DAGs
[2021-06-11 05:53:29,078] {logging_mixin.py:104} INFO - [2021-06-11 05:53:29,078] {dag.py:2305} INFO - Setting next_dagrun for example_external_task_marker_child to None
[2021-06-11 05:53:29,079] {logging_mixin.py:104} INFO - [2021-06-11 05:53:29,079] {dag.py:2305} INFO - Setting next_dagrun for example_external_task_marker_parent to None
[2021-06-11 05:53:29,089] {scheduler_job.py:190} INFO - Processing /home/airflow/.local/lib/python3.6/site-packages/airflow/example_dags/example_external_task_marker_dag.py took 0.071 seconds
