[2021-06-11 05:38:02,904] {scheduler_job.py:182} INFO - Started process (PID=109) to work on /home/airflow/.local/lib/python3.6/site-packages/airflow/example_dags/example_branch_datetime_operator.py
[2021-06-11 05:38:02,905] {scheduler_job.py:633} INFO - Processing file /home/airflow/.local/lib/python3.6/site-packages/airflow/example_dags/example_branch_datetime_operator.py for tasks to queue
[2021-06-11 05:38:02,906] {logging_mixin.py:104} INFO - [2021-06-11 05:38:02,906] {dagbag.py:487} INFO - Filling up the DagBag from /home/airflow/.local/lib/python3.6/site-packages/airflow/example_dags/example_branch_datetime_operator.py
[2021-06-11 05:38:02,921] {scheduler_job.py:643} INFO - DAG(s) dict_keys(['example_branch_datetime_operator_2']) retrieved from /home/airflow/.local/lib/python3.6/site-packages/airflow/example_dags/example_branch_datetime_operator.py
[2021-06-11 05:38:04,515] {logging_mixin.py:104} INFO - [2021-06-11 05:38:04,515] {dag.py:1832} INFO - Sync 1 DAGs
[2021-06-11 05:38:04,524] {logging_mixin.py:104} INFO - [2021-06-11 05:38:04,523] {dag.py:1851} INFO - Creating ORM DAG for example_branch_datetime_operator_2
[2021-06-11 05:38:04,532] {logging_mixin.py:104} INFO - [2021-06-11 05:38:04,532] {dag.py:2305} INFO - Setting next_dagrun for example_branch_datetime_operator_2 to 2021-06-09 00:00:00+00:00
[2021-06-11 05:38:04,543] {scheduler_job.py:190} INFO - Processing /home/airflow/.local/lib/python3.6/site-packages/airflow/example_dags/example_branch_datetime_operator.py took 1.643 seconds
[2021-06-11 05:38:35,247] {scheduler_job.py:182} INFO - Started process (PID=202) to work on /home/airflow/.local/lib/python3.6/site-packages/airflow/example_dags/example_branch_datetime_operator.py
[2021-06-11 05:38:35,249] {scheduler_job.py:633} INFO - Processing file /home/airflow/.local/lib/python3.6/site-packages/airflow/example_dags/example_branch_datetime_operator.py for tasks to queue
[2021-06-11 05:38:35,250] {logging_mixin.py:104} INFO - [2021-06-11 05:38:35,250] {dagbag.py:487} INFO - Filling up the DagBag from /home/airflow/.local/lib/python3.6/site-packages/airflow/example_dags/example_branch_datetime_operator.py
[2021-06-11 05:38:35,263] {scheduler_job.py:643} INFO - DAG(s) dict_keys(['example_branch_datetime_operator_2']) retrieved from /home/airflow/.local/lib/python3.6/site-packages/airflow/example_dags/example_branch_datetime_operator.py
[2021-06-11 05:38:35,293] {logging_mixin.py:104} INFO - [2021-06-11 05:38:35,293] {dag.py:1832} INFO - Sync 1 DAGs
[2021-06-11 05:38:35,313] {logging_mixin.py:104} INFO - [2021-06-11 05:38:35,313] {dag.py:2305} INFO - Setting next_dagrun for example_branch_datetime_operator_2 to 2021-06-09 00:00:00+00:00
[2021-06-11 05:38:35,329] {scheduler_job.py:190} INFO - Processing /home/airflow/.local/lib/python3.6/site-packages/airflow/example_dags/example_branch_datetime_operator.py took 0.086 seconds
[2021-06-11 05:39:05,915] {scheduler_job.py:182} INFO - Started process (PID=267) to work on /home/airflow/.local/lib/python3.6/site-packages/airflow/example_dags/example_branch_datetime_operator.py
[2021-06-11 05:39:05,917] {scheduler_job.py:633} INFO - Processing file /home/airflow/.local/lib/python3.6/site-packages/airflow/example_dags/example_branch_datetime_operator.py for tasks to queue
[2021-06-11 05:39:05,919] {logging_mixin.py:104} INFO - [2021-06-11 05:39:05,919] {dagbag.py:487} INFO - Filling up the DagBag from /home/airflow/.local/lib/python3.6/site-packages/airflow/example_dags/example_branch_datetime_operator.py
[2021-06-11 05:39:05,935] {scheduler_job.py:643} INFO - DAG(s) dict_keys(['example_branch_datetime_operator_2']) retrieved from /home/airflow/.local/lib/python3.6/site-packages/airflow/example_dags/example_branch_datetime_operator.py
[2021-06-11 05:39:05,957] {logging_mixin.py:104} INFO - [2021-06-11 05:39:05,957] {dag.py:1832} INFO - Sync 1 DAGs
[2021-06-11 05:39:05,975] {logging_mixin.py:104} INFO - [2021-06-11 05:39:05,975] {dag.py:2305} INFO - Setting next_dagrun for example_branch_datetime_operator_2 to 2021-06-09 00:00:00+00:00
[2021-06-11 05:39:05,987] {scheduler_job.py:190} INFO - Processing /home/airflow/.local/lib/python3.6/site-packages/airflow/example_dags/example_branch_datetime_operator.py took 0.076 seconds
[2021-06-11 05:39:36,192] {scheduler_job.py:182} INFO - Started process (PID=353) to work on /home/airflow/.local/lib/python3.6/site-packages/airflow/example_dags/example_branch_datetime_operator.py
[2021-06-11 05:39:36,194] {scheduler_job.py:633} INFO - Processing file /home/airflow/.local/lib/python3.6/site-packages/airflow/example_dags/example_branch_datetime_operator.py for tasks to queue
[2021-06-11 05:39:36,196] {logging_mixin.py:104} INFO - [2021-06-11 05:39:36,196] {dagbag.py:487} INFO - Filling up the DagBag from /home/airflow/.local/lib/python3.6/site-packages/airflow/example_dags/example_branch_datetime_operator.py
[2021-06-11 05:39:36,211] {scheduler_job.py:643} INFO - DAG(s) dict_keys(['example_branch_datetime_operator_2']) retrieved from /home/airflow/.local/lib/python3.6/site-packages/airflow/example_dags/example_branch_datetime_operator.py
[2021-06-11 05:39:36,234] {logging_mixin.py:104} INFO - [2021-06-11 05:39:36,234] {dag.py:1832} INFO - Sync 1 DAGs
[2021-06-11 05:39:36,252] {logging_mixin.py:104} INFO - [2021-06-11 05:39:36,251] {dag.py:2305} INFO - Setting next_dagrun for example_branch_datetime_operator_2 to 2021-06-09 00:00:00+00:00
[2021-06-11 05:39:36,261] {scheduler_job.py:190} INFO - Processing /home/airflow/.local/lib/python3.6/site-packages/airflow/example_dags/example_branch_datetime_operator.py took 0.073 seconds
[2021-06-11 05:40:06,958] {scheduler_job.py:182} INFO - Started process (PID=438) to work on /home/airflow/.local/lib/python3.6/site-packages/airflow/example_dags/example_branch_datetime_operator.py
[2021-06-11 05:40:06,960] {scheduler_job.py:633} INFO - Processing file /home/airflow/.local/lib/python3.6/site-packages/airflow/example_dags/example_branch_datetime_operator.py for tasks to queue
[2021-06-11 05:40:06,962] {logging_mixin.py:104} INFO - [2021-06-11 05:40:06,962] {dagbag.py:487} INFO - Filling up the DagBag from /home/airflow/.local/lib/python3.6/site-packages/airflow/example_dags/example_branch_datetime_operator.py
[2021-06-11 05:40:06,976] {scheduler_job.py:643} INFO - DAG(s) dict_keys(['example_branch_datetime_operator_2']) retrieved from /home/airflow/.local/lib/python3.6/site-packages/airflow/example_dags/example_branch_datetime_operator.py
[2021-06-11 05:40:06,999] {logging_mixin.py:104} INFO - [2021-06-11 05:40:06,999] {dag.py:1832} INFO - Sync 1 DAGs
[2021-06-11 05:40:07,017] {logging_mixin.py:104} INFO - [2021-06-11 05:40:07,017] {dag.py:2305} INFO - Setting next_dagrun for example_branch_datetime_operator_2 to 2021-06-09 00:00:00+00:00
[2021-06-11 05:40:07,026] {scheduler_job.py:190} INFO - Processing /home/airflow/.local/lib/python3.6/site-packages/airflow/example_dags/example_branch_datetime_operator.py took 0.073 seconds
[2021-06-11 05:40:37,280] {scheduler_job.py:182} INFO - Started process (PID=504) to work on /home/airflow/.local/lib/python3.6/site-packages/airflow/example_dags/example_branch_datetime_operator.py
[2021-06-11 05:40:37,282] {scheduler_job.py:633} INFO - Processing file /home/airflow/.local/lib/python3.6/site-packages/airflow/example_dags/example_branch_datetime_operator.py for tasks to queue
[2021-06-11 05:40:37,283] {logging_mixin.py:104} INFO - [2021-06-11 05:40:37,283] {dagbag.py:487} INFO - Filling up the DagBag from /home/airflow/.local/lib/python3.6/site-packages/airflow/example_dags/example_branch_datetime_operator.py
[2021-06-11 05:40:37,299] {scheduler_job.py:643} INFO - DAG(s) dict_keys(['example_branch_datetime_operator_2']) retrieved from /home/airflow/.local/lib/python3.6/site-packages/airflow/example_dags/example_branch_datetime_operator.py
[2021-06-11 05:40:37,321] {logging_mixin.py:104} INFO - [2021-06-11 05:40:37,321] {dag.py:1832} INFO - Sync 1 DAGs
[2021-06-11 05:40:37,339] {logging_mixin.py:104} INFO - [2021-06-11 05:40:37,339] {dag.py:2305} INFO - Setting next_dagrun for example_branch_datetime_operator_2 to 2021-06-09 00:00:00+00:00
[2021-06-11 05:40:37,348] {scheduler_job.py:190} INFO - Processing /home/airflow/.local/lib/python3.6/site-packages/airflow/example_dags/example_branch_datetime_operator.py took 0.073 seconds
[2021-06-11 05:41:07,641] {scheduler_job.py:182} INFO - Started process (PID=587) to work on /home/airflow/.local/lib/python3.6/site-packages/airflow/example_dags/example_branch_datetime_operator.py
[2021-06-11 05:41:07,643] {scheduler_job.py:633} INFO - Processing file /home/airflow/.local/lib/python3.6/site-packages/airflow/example_dags/example_branch_datetime_operator.py for tasks to queue
[2021-06-11 05:41:07,644] {logging_mixin.py:104} INFO - [2021-06-11 05:41:07,644] {dagbag.py:487} INFO - Filling up the DagBag from /home/airflow/.local/lib/python3.6/site-packages/airflow/example_dags/example_branch_datetime_operator.py
[2021-06-11 05:41:07,659] {scheduler_job.py:643} INFO - DAG(s) dict_keys(['example_branch_datetime_operator_2']) retrieved from /home/airflow/.local/lib/python3.6/site-packages/airflow/example_dags/example_branch_datetime_operator.py
[2021-06-11 05:41:07,682] {logging_mixin.py:104} INFO - [2021-06-11 05:41:07,681] {dag.py:1832} INFO - Sync 1 DAGs
[2021-06-11 05:41:07,700] {logging_mixin.py:104} INFO - [2021-06-11 05:41:07,700] {dag.py:2305} INFO - Setting next_dagrun for example_branch_datetime_operator_2 to 2021-06-09 00:00:00+00:00
[2021-06-11 05:41:07,710] {scheduler_job.py:190} INFO - Processing /home/airflow/.local/lib/python3.6/site-packages/airflow/example_dags/example_branch_datetime_operator.py took 0.073 seconds
[2021-06-11 05:41:38,147] {scheduler_job.py:182} INFO - Started process (PID=670) to work on /home/airflow/.local/lib/python3.6/site-packages/airflow/example_dags/example_branch_datetime_operator.py
[2021-06-11 05:41:38,150] {scheduler_job.py:633} INFO - Processing file /home/airflow/.local/lib/python3.6/site-packages/airflow/example_dags/example_branch_datetime_operator.py for tasks to queue
[2021-06-11 05:41:38,153] {logging_mixin.py:104} INFO - [2021-06-11 05:41:38,152] {dagbag.py:487} INFO - Filling up the DagBag from /home/airflow/.local/lib/python3.6/site-packages/airflow/example_dags/example_branch_datetime_operator.py
[2021-06-11 05:41:38,169] {scheduler_job.py:643} INFO - DAG(s) dict_keys(['example_branch_datetime_operator_2']) retrieved from /home/airflow/.local/lib/python3.6/site-packages/airflow/example_dags/example_branch_datetime_operator.py
[2021-06-11 05:41:38,195] {logging_mixin.py:104} INFO - [2021-06-11 05:41:38,195] {dag.py:1832} INFO - Sync 1 DAGs
[2021-06-11 05:41:38,216] {logging_mixin.py:104} INFO - [2021-06-11 05:41:38,216] {dag.py:2305} INFO - Setting next_dagrun for example_branch_datetime_operator_2 to 2021-06-09 00:00:00+00:00
[2021-06-11 05:41:38,230] {scheduler_job.py:190} INFO - Processing /home/airflow/.local/lib/python3.6/site-packages/airflow/example_dags/example_branch_datetime_operator.py took 0.087 seconds
[2021-06-11 05:42:08,708] {scheduler_job.py:182} INFO - Started process (PID=737) to work on /home/airflow/.local/lib/python3.6/site-packages/airflow/example_dags/example_branch_datetime_operator.py
[2021-06-11 05:42:08,710] {scheduler_job.py:633} INFO - Processing file /home/airflow/.local/lib/python3.6/site-packages/airflow/example_dags/example_branch_datetime_operator.py for tasks to queue
[2021-06-11 05:42:08,711] {logging_mixin.py:104} INFO - [2021-06-11 05:42:08,711] {dagbag.py:487} INFO - Filling up the DagBag from /home/airflow/.local/lib/python3.6/site-packages/airflow/example_dags/example_branch_datetime_operator.py
[2021-06-11 05:42:08,725] {scheduler_job.py:643} INFO - DAG(s) dict_keys(['example_branch_datetime_operator_2']) retrieved from /home/airflow/.local/lib/python3.6/site-packages/airflow/example_dags/example_branch_datetime_operator.py
[2021-06-11 05:42:08,757] {logging_mixin.py:104} INFO - [2021-06-11 05:42:08,757] {dag.py:1832} INFO - Sync 1 DAGs
[2021-06-11 05:42:08,779] {logging_mixin.py:104} INFO - [2021-06-11 05:42:08,779] {dag.py:2305} INFO - Setting next_dagrun for example_branch_datetime_operator_2 to 2021-06-09 00:00:00+00:00
[2021-06-11 05:42:08,791] {scheduler_job.py:190} INFO - Processing /home/airflow/.local/lib/python3.6/site-packages/airflow/example_dags/example_branch_datetime_operator.py took 0.087 seconds
[2021-06-11 05:42:39,624] {scheduler_job.py:182} INFO - Started process (PID=822) to work on /home/airflow/.local/lib/python3.6/site-packages/airflow/example_dags/example_branch_datetime_operator.py
[2021-06-11 05:42:39,626] {scheduler_job.py:633} INFO - Processing file /home/airflow/.local/lib/python3.6/site-packages/airflow/example_dags/example_branch_datetime_operator.py for tasks to queue
[2021-06-11 05:42:39,627] {logging_mixin.py:104} INFO - [2021-06-11 05:42:39,627] {dagbag.py:487} INFO - Filling up the DagBag from /home/airflow/.local/lib/python3.6/site-packages/airflow/example_dags/example_branch_datetime_operator.py
[2021-06-11 05:42:39,642] {scheduler_job.py:643} INFO - DAG(s) dict_keys(['example_branch_datetime_operator_2']) retrieved from /home/airflow/.local/lib/python3.6/site-packages/airflow/example_dags/example_branch_datetime_operator.py
[2021-06-11 05:42:39,665] {logging_mixin.py:104} INFO - [2021-06-11 05:42:39,665] {dag.py:1832} INFO - Sync 1 DAGs
[2021-06-11 05:42:39,684] {logging_mixin.py:104} INFO - [2021-06-11 05:42:39,684] {dag.py:2305} INFO - Setting next_dagrun for example_branch_datetime_operator_2 to 2021-06-09 00:00:00+00:00
[2021-06-11 05:42:39,693] {scheduler_job.py:190} INFO - Processing /home/airflow/.local/lib/python3.6/site-packages/airflow/example_dags/example_branch_datetime_operator.py took 0.074 seconds
[2021-06-11 05:43:09,825] {scheduler_job.py:182} INFO - Started process (PID=900) to work on /home/airflow/.local/lib/python3.6/site-packages/airflow/example_dags/example_branch_datetime_operator.py
[2021-06-11 05:43:09,826] {scheduler_job.py:633} INFO - Processing file /home/airflow/.local/lib/python3.6/site-packages/airflow/example_dags/example_branch_datetime_operator.py for tasks to queue
[2021-06-11 05:43:09,828] {logging_mixin.py:104} INFO - [2021-06-11 05:43:09,828] {dagbag.py:487} INFO - Filling up the DagBag from /home/airflow/.local/lib/python3.6/site-packages/airflow/example_dags/example_branch_datetime_operator.py
[2021-06-11 05:43:09,841] {scheduler_job.py:643} INFO - DAG(s) dict_keys(['example_branch_datetime_operator_2']) retrieved from /home/airflow/.local/lib/python3.6/site-packages/airflow/example_dags/example_branch_datetime_operator.py
[2021-06-11 05:43:09,865] {logging_mixin.py:104} INFO - [2021-06-11 05:43:09,865] {dag.py:1832} INFO - Sync 1 DAGs
[2021-06-11 05:43:09,884] {logging_mixin.py:104} INFO - [2021-06-11 05:43:09,884] {dag.py:2305} INFO - Setting next_dagrun for example_branch_datetime_operator_2 to 2021-06-09 00:00:00+00:00
[2021-06-11 05:43:09,895] {scheduler_job.py:190} INFO - Processing /home/airflow/.local/lib/python3.6/site-packages/airflow/example_dags/example_branch_datetime_operator.py took 0.075 seconds
[2021-06-11 05:43:40,638] {scheduler_job.py:182} INFO - Started process (PID=973) to work on /home/airflow/.local/lib/python3.6/site-packages/airflow/example_dags/example_branch_datetime_operator.py
[2021-06-11 05:43:40,641] {scheduler_job.py:633} INFO - Processing file /home/airflow/.local/lib/python3.6/site-packages/airflow/example_dags/example_branch_datetime_operator.py for tasks to queue
[2021-06-11 05:43:40,642] {logging_mixin.py:104} INFO - [2021-06-11 05:43:40,642] {dagbag.py:487} INFO - Filling up the DagBag from /home/airflow/.local/lib/python3.6/site-packages/airflow/example_dags/example_branch_datetime_operator.py
[2021-06-11 05:43:40,659] {scheduler_job.py:643} INFO - DAG(s) dict_keys(['example_branch_datetime_operator_2']) retrieved from /home/airflow/.local/lib/python3.6/site-packages/airflow/example_dags/example_branch_datetime_operator.py
[2021-06-11 05:43:40,681] {logging_mixin.py:104} INFO - [2021-06-11 05:43:40,681] {dag.py:1832} INFO - Sync 1 DAGs
[2021-06-11 05:43:40,699] {logging_mixin.py:104} INFO - [2021-06-11 05:43:40,699] {dag.py:2305} INFO - Setting next_dagrun for example_branch_datetime_operator_2 to 2021-06-09 00:00:00+00:00
[2021-06-11 05:43:40,709] {scheduler_job.py:190} INFO - Processing /home/airflow/.local/lib/python3.6/site-packages/airflow/example_dags/example_branch_datetime_operator.py took 0.075 seconds
[2021-06-11 05:44:11,275] {scheduler_job.py:182} INFO - Started process (PID=1056) to work on /home/airflow/.local/lib/python3.6/site-packages/airflow/example_dags/example_branch_datetime_operator.py
[2021-06-11 05:44:11,276] {scheduler_job.py:633} INFO - Processing file /home/airflow/.local/lib/python3.6/site-packages/airflow/example_dags/example_branch_datetime_operator.py for tasks to queue
[2021-06-11 05:44:11,277] {logging_mixin.py:104} INFO - [2021-06-11 05:44:11,277] {dagbag.py:487} INFO - Filling up the DagBag from /home/airflow/.local/lib/python3.6/site-packages/airflow/example_dags/example_branch_datetime_operator.py
[2021-06-11 05:44:11,290] {scheduler_job.py:643} INFO - DAG(s) dict_keys(['example_branch_datetime_operator_2']) retrieved from /home/airflow/.local/lib/python3.6/site-packages/airflow/example_dags/example_branch_datetime_operator.py
[2021-06-11 05:44:11,313] {logging_mixin.py:104} INFO - [2021-06-11 05:44:11,313] {dag.py:1832} INFO - Sync 1 DAGs
[2021-06-11 05:44:11,331] {logging_mixin.py:104} INFO - [2021-06-11 05:44:11,331] {dag.py:2305} INFO - Setting next_dagrun for example_branch_datetime_operator_2 to 2021-06-09 00:00:00+00:00
[2021-06-11 05:44:11,341] {scheduler_job.py:190} INFO - Processing /home/airflow/.local/lib/python3.6/site-packages/airflow/example_dags/example_branch_datetime_operator.py took 0.070 seconds
[2021-06-11 05:44:42,154] {scheduler_job.py:182} INFO - Started process (PID=1131) to work on /home/airflow/.local/lib/python3.6/site-packages/airflow/example_dags/example_branch_datetime_operator.py
[2021-06-11 05:44:42,157] {scheduler_job.py:633} INFO - Processing file /home/airflow/.local/lib/python3.6/site-packages/airflow/example_dags/example_branch_datetime_operator.py for tasks to queue
[2021-06-11 05:44:42,159] {logging_mixin.py:104} INFO - [2021-06-11 05:44:42,159] {dagbag.py:487} INFO - Filling up the DagBag from /home/airflow/.local/lib/python3.6/site-packages/airflow/example_dags/example_branch_datetime_operator.py
[2021-06-11 05:44:42,172] {scheduler_job.py:643} INFO - DAG(s) dict_keys(['example_branch_datetime_operator_2']) retrieved from /home/airflow/.local/lib/python3.6/site-packages/airflow/example_dags/example_branch_datetime_operator.py
[2021-06-11 05:44:42,204] {logging_mixin.py:104} INFO - [2021-06-11 05:44:42,204] {dag.py:1832} INFO - Sync 1 DAGs
[2021-06-11 05:44:42,231] {logging_mixin.py:104} INFO - [2021-06-11 05:44:42,231] {dag.py:2305} INFO - Setting next_dagrun for example_branch_datetime_operator_2 to 2021-06-09 00:00:00+00:00
[2021-06-11 05:44:42,243] {scheduler_job.py:190} INFO - Processing /home/airflow/.local/lib/python3.6/site-packages/airflow/example_dags/example_branch_datetime_operator.py took 0.093 seconds
[2021-06-11 05:45:12,366] {scheduler_job.py:182} INFO - Started process (PID=1205) to work on /home/airflow/.local/lib/python3.6/site-packages/airflow/example_dags/example_branch_datetime_operator.py
[2021-06-11 05:45:12,369] {scheduler_job.py:633} INFO - Processing file /home/airflow/.local/lib/python3.6/site-packages/airflow/example_dags/example_branch_datetime_operator.py for tasks to queue
[2021-06-11 05:45:12,371] {logging_mixin.py:104} INFO - [2021-06-11 05:45:12,371] {dagbag.py:487} INFO - Filling up the DagBag from /home/airflow/.local/lib/python3.6/site-packages/airflow/example_dags/example_branch_datetime_operator.py
[2021-06-11 05:45:12,389] {scheduler_job.py:643} INFO - DAG(s) dict_keys(['example_branch_datetime_operator_2']) retrieved from /home/airflow/.local/lib/python3.6/site-packages/airflow/example_dags/example_branch_datetime_operator.py
[2021-06-11 05:45:12,422] {logging_mixin.py:104} INFO - [2021-06-11 05:45:12,422] {dag.py:1832} INFO - Sync 1 DAGs
[2021-06-11 05:45:12,460] {logging_mixin.py:104} INFO - [2021-06-11 05:45:12,459] {dag.py:2305} INFO - Setting next_dagrun for example_branch_datetime_operator_2 to 2021-06-09 00:00:00+00:00
[2021-06-11 05:45:12,485] {scheduler_job.py:190} INFO - Processing /home/airflow/.local/lib/python3.6/site-packages/airflow/example_dags/example_branch_datetime_operator.py took 0.123 seconds
[2021-06-11 05:45:42,713] {scheduler_job.py:182} INFO - Started process (PID=1290) to work on /home/airflow/.local/lib/python3.6/site-packages/airflow/example_dags/example_branch_datetime_operator.py
[2021-06-11 05:45:42,714] {scheduler_job.py:633} INFO - Processing file /home/airflow/.local/lib/python3.6/site-packages/airflow/example_dags/example_branch_datetime_operator.py for tasks to queue
[2021-06-11 05:45:42,716] {logging_mixin.py:104} INFO - [2021-06-11 05:45:42,716] {dagbag.py:487} INFO - Filling up the DagBag from /home/airflow/.local/lib/python3.6/site-packages/airflow/example_dags/example_branch_datetime_operator.py
[2021-06-11 05:45:42,736] {scheduler_job.py:643} INFO - DAG(s) dict_keys(['example_branch_datetime_operator_2']) retrieved from /home/airflow/.local/lib/python3.6/site-packages/airflow/example_dags/example_branch_datetime_operator.py
[2021-06-11 05:45:42,777] {logging_mixin.py:104} INFO - [2021-06-11 05:45:42,777] {dag.py:1832} INFO - Sync 1 DAGs
[2021-06-11 05:45:42,802] {logging_mixin.py:104} INFO - [2021-06-11 05:45:42,802] {dag.py:2305} INFO - Setting next_dagrun for example_branch_datetime_operator_2 to 2021-06-09 00:00:00+00:00
[2021-06-11 05:45:42,821] {scheduler_job.py:190} INFO - Processing /home/airflow/.local/lib/python3.6/site-packages/airflow/example_dags/example_branch_datetime_operator.py took 0.112 seconds
[2021-06-11 05:46:13,830] {scheduler_job.py:182} INFO - Started process (PID=1356) to work on /home/airflow/.local/lib/python3.6/site-packages/airflow/example_dags/example_branch_datetime_operator.py
[2021-06-11 05:46:13,832] {scheduler_job.py:633} INFO - Processing file /home/airflow/.local/lib/python3.6/site-packages/airflow/example_dags/example_branch_datetime_operator.py for tasks to queue
[2021-06-11 05:46:13,833] {logging_mixin.py:104} INFO - [2021-06-11 05:46:13,833] {dagbag.py:487} INFO - Filling up the DagBag from /home/airflow/.local/lib/python3.6/site-packages/airflow/example_dags/example_branch_datetime_operator.py
[2021-06-11 05:46:13,847] {scheduler_job.py:643} INFO - DAG(s) dict_keys(['example_branch_datetime_operator_2']) retrieved from /home/airflow/.local/lib/python3.6/site-packages/airflow/example_dags/example_branch_datetime_operator.py
[2021-06-11 05:46:13,875] {logging_mixin.py:104} INFO - [2021-06-11 05:46:13,875] {dag.py:1832} INFO - Sync 1 DAGs
[2021-06-11 05:46:13,897] {logging_mixin.py:104} INFO - [2021-06-11 05:46:13,897] {dag.py:2305} INFO - Setting next_dagrun for example_branch_datetime_operator_2 to 2021-06-09 00:00:00+00:00
[2021-06-11 05:46:13,909] {scheduler_job.py:190} INFO - Processing /home/airflow/.local/lib/python3.6/site-packages/airflow/example_dags/example_branch_datetime_operator.py took 0.083 seconds
[2021-06-11 05:46:43,965] {scheduler_job.py:182} INFO - Started process (PID=1440) to work on /home/airflow/.local/lib/python3.6/site-packages/airflow/example_dags/example_branch_datetime_operator.py
[2021-06-11 05:46:43,967] {scheduler_job.py:633} INFO - Processing file /home/airflow/.local/lib/python3.6/site-packages/airflow/example_dags/example_branch_datetime_operator.py for tasks to queue
[2021-06-11 05:46:43,968] {logging_mixin.py:104} INFO - [2021-06-11 05:46:43,968] {dagbag.py:487} INFO - Filling up the DagBag from /home/airflow/.local/lib/python3.6/site-packages/airflow/example_dags/example_branch_datetime_operator.py
[2021-06-11 05:46:43,982] {scheduler_job.py:643} INFO - DAG(s) dict_keys(['example_branch_datetime_operator_2']) retrieved from /home/airflow/.local/lib/python3.6/site-packages/airflow/example_dags/example_branch_datetime_operator.py
[2021-06-11 05:46:44,008] {logging_mixin.py:104} INFO - [2021-06-11 05:46:44,008] {dag.py:1832} INFO - Sync 1 DAGs
[2021-06-11 05:46:44,028] {logging_mixin.py:104} INFO - [2021-06-11 05:46:44,028] {dag.py:2305} INFO - Setting next_dagrun for example_branch_datetime_operator_2 to 2021-06-09 00:00:00+00:00
[2021-06-11 05:46:44,039] {scheduler_job.py:190} INFO - Processing /home/airflow/.local/lib/python3.6/site-packages/airflow/example_dags/example_branch_datetime_operator.py took 0.077 seconds
[2021-06-11 05:47:14,390] {scheduler_job.py:182} INFO - Started process (PID=1523) to work on /home/airflow/.local/lib/python3.6/site-packages/airflow/example_dags/example_branch_datetime_operator.py
[2021-06-11 05:47:14,391] {scheduler_job.py:633} INFO - Processing file /home/airflow/.local/lib/python3.6/site-packages/airflow/example_dags/example_branch_datetime_operator.py for tasks to queue
[2021-06-11 05:47:14,393] {logging_mixin.py:104} INFO - [2021-06-11 05:47:14,392] {dagbag.py:487} INFO - Filling up the DagBag from /home/airflow/.local/lib/python3.6/site-packages/airflow/example_dags/example_branch_datetime_operator.py
[2021-06-11 05:47:14,407] {scheduler_job.py:643} INFO - DAG(s) dict_keys(['example_branch_datetime_operator_2']) retrieved from /home/airflow/.local/lib/python3.6/site-packages/airflow/example_dags/example_branch_datetime_operator.py
[2021-06-11 05:47:14,433] {logging_mixin.py:104} INFO - [2021-06-11 05:47:14,432] {dag.py:1832} INFO - Sync 1 DAGs
[2021-06-11 05:47:14,458] {logging_mixin.py:104} INFO - [2021-06-11 05:47:14,457] {dag.py:2305} INFO - Setting next_dagrun for example_branch_datetime_operator_2 to 2021-06-09 00:00:00+00:00
[2021-06-11 05:47:14,475] {scheduler_job.py:190} INFO - Processing /home/airflow/.local/lib/python3.6/site-packages/airflow/example_dags/example_branch_datetime_operator.py took 0.093 seconds
[2021-06-11 05:47:44,604] {scheduler_job.py:182} INFO - Started process (PID=1589) to work on /home/airflow/.local/lib/python3.6/site-packages/airflow/example_dags/example_branch_datetime_operator.py
[2021-06-11 05:47:44,606] {scheduler_job.py:633} INFO - Processing file /home/airflow/.local/lib/python3.6/site-packages/airflow/example_dags/example_branch_datetime_operator.py for tasks to queue
[2021-06-11 05:47:44,607] {logging_mixin.py:104} INFO - [2021-06-11 05:47:44,607] {dagbag.py:487} INFO - Filling up the DagBag from /home/airflow/.local/lib/python3.6/site-packages/airflow/example_dags/example_branch_datetime_operator.py
[2021-06-11 05:47:44,619] {scheduler_job.py:643} INFO - DAG(s) dict_keys(['example_branch_datetime_operator_2']) retrieved from /home/airflow/.local/lib/python3.6/site-packages/airflow/example_dags/example_branch_datetime_operator.py
[2021-06-11 05:47:44,642] {logging_mixin.py:104} INFO - [2021-06-11 05:47:44,642] {dag.py:1832} INFO - Sync 1 DAGs
[2021-06-11 05:47:44,666] {logging_mixin.py:104} INFO - [2021-06-11 05:47:44,666] {dag.py:2305} INFO - Setting next_dagrun for example_branch_datetime_operator_2 to 2021-06-09 00:00:00+00:00
[2021-06-11 05:47:44,676] {scheduler_job.py:190} INFO - Processing /home/airflow/.local/lib/python3.6/site-packages/airflow/example_dags/example_branch_datetime_operator.py took 0.076 seconds
[2021-06-11 05:48:14,702] {scheduler_job.py:182} INFO - Started process (PID=1673) to work on /home/airflow/.local/lib/python3.6/site-packages/airflow/example_dags/example_branch_datetime_operator.py
[2021-06-11 05:48:14,703] {scheduler_job.py:633} INFO - Processing file /home/airflow/.local/lib/python3.6/site-packages/airflow/example_dags/example_branch_datetime_operator.py for tasks to queue
[2021-06-11 05:48:14,705] {logging_mixin.py:104} INFO - [2021-06-11 05:48:14,705] {dagbag.py:487} INFO - Filling up the DagBag from /home/airflow/.local/lib/python3.6/site-packages/airflow/example_dags/example_branch_datetime_operator.py
[2021-06-11 05:48:14,717] {scheduler_job.py:643} INFO - DAG(s) dict_keys(['example_branch_datetime_operator_2']) retrieved from /home/airflow/.local/lib/python3.6/site-packages/airflow/example_dags/example_branch_datetime_operator.py
[2021-06-11 05:48:14,742] {logging_mixin.py:104} INFO - [2021-06-11 05:48:14,742] {dag.py:1832} INFO - Sync 1 DAGs
[2021-06-11 05:48:14,761] {logging_mixin.py:104} INFO - [2021-06-11 05:48:14,761] {dag.py:2305} INFO - Setting next_dagrun for example_branch_datetime_operator_2 to 2021-06-09 00:00:00+00:00
[2021-06-11 05:48:14,772] {scheduler_job.py:190} INFO - Processing /home/airflow/.local/lib/python3.6/site-packages/airflow/example_dags/example_branch_datetime_operator.py took 0.074 seconds
[2021-06-11 05:48:45,518] {scheduler_job.py:182} INFO - Started process (PID=1740) to work on /home/airflow/.local/lib/python3.6/site-packages/airflow/example_dags/example_branch_datetime_operator.py
[2021-06-11 05:48:45,521] {scheduler_job.py:633} INFO - Processing file /home/airflow/.local/lib/python3.6/site-packages/airflow/example_dags/example_branch_datetime_operator.py for tasks to queue
[2021-06-11 05:48:45,523] {logging_mixin.py:104} INFO - [2021-06-11 05:48:45,523] {dagbag.py:487} INFO - Filling up the DagBag from /home/airflow/.local/lib/python3.6/site-packages/airflow/example_dags/example_branch_datetime_operator.py
[2021-06-11 05:48:45,541] {scheduler_job.py:643} INFO - DAG(s) dict_keys(['example_branch_datetime_operator_2']) retrieved from /home/airflow/.local/lib/python3.6/site-packages/airflow/example_dags/example_branch_datetime_operator.py
[2021-06-11 05:48:45,579] {logging_mixin.py:104} INFO - [2021-06-11 05:48:45,579] {dag.py:1832} INFO - Sync 1 DAGs
[2021-06-11 05:48:45,617] {logging_mixin.py:104} INFO - [2021-06-11 05:48:45,617] {dag.py:2305} INFO - Setting next_dagrun for example_branch_datetime_operator_2 to 2021-06-09 00:00:00+00:00
[2021-06-11 05:48:45,640] {scheduler_job.py:190} INFO - Processing /home/airflow/.local/lib/python3.6/site-packages/airflow/example_dags/example_branch_datetime_operator.py took 0.129 seconds
[2021-06-11 05:49:15,855] {scheduler_job.py:182} INFO - Started process (PID=1824) to work on /home/airflow/.local/lib/python3.6/site-packages/airflow/example_dags/example_branch_datetime_operator.py
[2021-06-11 05:49:15,857] {scheduler_job.py:633} INFO - Processing file /home/airflow/.local/lib/python3.6/site-packages/airflow/example_dags/example_branch_datetime_operator.py for tasks to queue
[2021-06-11 05:49:15,858] {logging_mixin.py:104} INFO - [2021-06-11 05:49:15,858] {dagbag.py:487} INFO - Filling up the DagBag from /home/airflow/.local/lib/python3.6/site-packages/airflow/example_dags/example_branch_datetime_operator.py
[2021-06-11 05:49:15,873] {scheduler_job.py:643} INFO - DAG(s) dict_keys(['example_branch_datetime_operator_2']) retrieved from /home/airflow/.local/lib/python3.6/site-packages/airflow/example_dags/example_branch_datetime_operator.py
[2021-06-11 05:49:15,895] {logging_mixin.py:104} INFO - [2021-06-11 05:49:15,895] {dag.py:1832} INFO - Sync 1 DAGs
[2021-06-11 05:49:15,915] {logging_mixin.py:104} INFO - [2021-06-11 05:49:15,915] {dag.py:2305} INFO - Setting next_dagrun for example_branch_datetime_operator_2 to 2021-06-09 00:00:00+00:00
[2021-06-11 05:49:15,924] {scheduler_job.py:190} INFO - Processing /home/airflow/.local/lib/python3.6/site-packages/airflow/example_dags/example_branch_datetime_operator.py took 0.073 seconds
[2021-06-11 05:49:45,978] {scheduler_job.py:182} INFO - Started process (PID=1906) to work on /home/airflow/.local/lib/python3.6/site-packages/airflow/example_dags/example_branch_datetime_operator.py
[2021-06-11 05:49:45,981] {scheduler_job.py:633} INFO - Processing file /home/airflow/.local/lib/python3.6/site-packages/airflow/example_dags/example_branch_datetime_operator.py for tasks to queue
[2021-06-11 05:49:45,983] {logging_mixin.py:104} INFO - [2021-06-11 05:49:45,983] {dagbag.py:487} INFO - Filling up the DagBag from /home/airflow/.local/lib/python3.6/site-packages/airflow/example_dags/example_branch_datetime_operator.py
[2021-06-11 05:49:45,998] {scheduler_job.py:643} INFO - DAG(s) dict_keys(['example_branch_datetime_operator_2']) retrieved from /home/airflow/.local/lib/python3.6/site-packages/airflow/example_dags/example_branch_datetime_operator.py
[2021-06-11 05:49:46,023] {logging_mixin.py:104} INFO - [2021-06-11 05:49:46,023] {dag.py:1832} INFO - Sync 1 DAGs
[2021-06-11 05:49:46,043] {logging_mixin.py:104} INFO - [2021-06-11 05:49:46,043] {dag.py:2305} INFO - Setting next_dagrun for example_branch_datetime_operator_2 to 2021-06-09 00:00:00+00:00
[2021-06-11 05:49:46,056] {scheduler_job.py:190} INFO - Processing /home/airflow/.local/lib/python3.6/site-packages/airflow/example_dags/example_branch_datetime_operator.py took 0.083 seconds
[2021-06-11 05:50:16,185] {scheduler_job.py:182} INFO - Started process (PID=1973) to work on /home/airflow/.local/lib/python3.6/site-packages/airflow/example_dags/example_branch_datetime_operator.py
[2021-06-11 05:50:16,187] {scheduler_job.py:633} INFO - Processing file /home/airflow/.local/lib/python3.6/site-packages/airflow/example_dags/example_branch_datetime_operator.py for tasks to queue
[2021-06-11 05:50:16,188] {logging_mixin.py:104} INFO - [2021-06-11 05:50:16,188] {dagbag.py:487} INFO - Filling up the DagBag from /home/airflow/.local/lib/python3.6/site-packages/airflow/example_dags/example_branch_datetime_operator.py
[2021-06-11 05:50:16,201] {scheduler_job.py:643} INFO - DAG(s) dict_keys(['example_branch_datetime_operator_2']) retrieved from /home/airflow/.local/lib/python3.6/site-packages/airflow/example_dags/example_branch_datetime_operator.py
[2021-06-11 05:50:16,226] {logging_mixin.py:104} INFO - [2021-06-11 05:50:16,226] {dag.py:1832} INFO - Sync 1 DAGs
[2021-06-11 05:50:16,245] {logging_mixin.py:104} INFO - [2021-06-11 05:50:16,244] {dag.py:2305} INFO - Setting next_dagrun for example_branch_datetime_operator_2 to 2021-06-09 00:00:00+00:00
[2021-06-11 05:50:16,255] {scheduler_job.py:190} INFO - Processing /home/airflow/.local/lib/python3.6/site-packages/airflow/example_dags/example_branch_datetime_operator.py took 0.073 seconds
[2021-06-11 05:50:46,493] {scheduler_job.py:182} INFO - Started process (PID=2058) to work on /home/airflow/.local/lib/python3.6/site-packages/airflow/example_dags/example_branch_datetime_operator.py
[2021-06-11 05:50:46,495] {scheduler_job.py:633} INFO - Processing file /home/airflow/.local/lib/python3.6/site-packages/airflow/example_dags/example_branch_datetime_operator.py for tasks to queue
[2021-06-11 05:50:46,496] {logging_mixin.py:104} INFO - [2021-06-11 05:50:46,496] {dagbag.py:487} INFO - Filling up the DagBag from /home/airflow/.local/lib/python3.6/site-packages/airflow/example_dags/example_branch_datetime_operator.py
[2021-06-11 05:50:46,512] {scheduler_job.py:643} INFO - DAG(s) dict_keys(['example_branch_datetime_operator_2']) retrieved from /home/airflow/.local/lib/python3.6/site-packages/airflow/example_dags/example_branch_datetime_operator.py
[2021-06-11 05:50:46,535] {logging_mixin.py:104} INFO - [2021-06-11 05:50:46,535] {dag.py:1832} INFO - Sync 1 DAGs
[2021-06-11 05:50:46,553] {logging_mixin.py:104} INFO - [2021-06-11 05:50:46,553] {dag.py:2305} INFO - Setting next_dagrun for example_branch_datetime_operator_2 to 2021-06-09 00:00:00+00:00
[2021-06-11 05:50:46,565] {scheduler_job.py:190} INFO - Processing /home/airflow/.local/lib/python3.6/site-packages/airflow/example_dags/example_branch_datetime_operator.py took 0.077 seconds
[2021-06-11 05:51:16,830] {scheduler_job.py:182} INFO - Started process (PID=2135) to work on /home/airflow/.local/lib/python3.6/site-packages/airflow/example_dags/example_branch_datetime_operator.py
[2021-06-11 05:51:16,832] {scheduler_job.py:633} INFO - Processing file /home/airflow/.local/lib/python3.6/site-packages/airflow/example_dags/example_branch_datetime_operator.py for tasks to queue
[2021-06-11 05:51:16,833] {logging_mixin.py:104} INFO - [2021-06-11 05:51:16,833] {dagbag.py:487} INFO - Filling up the DagBag from /home/airflow/.local/lib/python3.6/site-packages/airflow/example_dags/example_branch_datetime_operator.py
[2021-06-11 05:51:16,844] {scheduler_job.py:643} INFO - DAG(s) dict_keys(['example_branch_datetime_operator_2']) retrieved from /home/airflow/.local/lib/python3.6/site-packages/airflow/example_dags/example_branch_datetime_operator.py
[2021-06-11 05:51:16,874] {logging_mixin.py:104} INFO - [2021-06-11 05:51:16,874] {dag.py:1832} INFO - Sync 1 DAGs
[2021-06-11 05:51:16,899] {logging_mixin.py:104} INFO - [2021-06-11 05:51:16,899] {dag.py:2305} INFO - Setting next_dagrun for example_branch_datetime_operator_2 to 2021-06-09 00:00:00+00:00
[2021-06-11 05:51:16,912] {scheduler_job.py:190} INFO - Processing /home/airflow/.local/lib/python3.6/site-packages/airflow/example_dags/example_branch_datetime_operator.py took 0.086 seconds
[2021-06-11 05:51:47,219] {scheduler_job.py:182} INFO - Started process (PID=2209) to work on /home/airflow/.local/lib/python3.6/site-packages/airflow/example_dags/example_branch_datetime_operator.py
[2021-06-11 05:51:47,221] {scheduler_job.py:633} INFO - Processing file /home/airflow/.local/lib/python3.6/site-packages/airflow/example_dags/example_branch_datetime_operator.py for tasks to queue
[2021-06-11 05:51:47,222] {logging_mixin.py:104} INFO - [2021-06-11 05:51:47,222] {dagbag.py:487} INFO - Filling up the DagBag from /home/airflow/.local/lib/python3.6/site-packages/airflow/example_dags/example_branch_datetime_operator.py
[2021-06-11 05:51:47,234] {scheduler_job.py:643} INFO - DAG(s) dict_keys(['example_branch_datetime_operator_2']) retrieved from /home/airflow/.local/lib/python3.6/site-packages/airflow/example_dags/example_branch_datetime_operator.py
[2021-06-11 05:51:47,261] {logging_mixin.py:104} INFO - [2021-06-11 05:51:47,260] {dag.py:1832} INFO - Sync 1 DAGs
[2021-06-11 05:51:47,280] {logging_mixin.py:104} INFO - [2021-06-11 05:51:47,280] {dag.py:2305} INFO - Setting next_dagrun for example_branch_datetime_operator_2 to 2021-06-09 00:00:00+00:00
[2021-06-11 05:51:47,291] {scheduler_job.py:190} INFO - Processing /home/airflow/.local/lib/python3.6/site-packages/airflow/example_dags/example_branch_datetime_operator.py took 0.075 seconds
[2021-06-11 05:52:17,407] {scheduler_job.py:182} INFO - Started process (PID=2293) to work on /home/airflow/.local/lib/python3.6/site-packages/airflow/example_dags/example_branch_datetime_operator.py
[2021-06-11 05:52:17,409] {scheduler_job.py:633} INFO - Processing file /home/airflow/.local/lib/python3.6/site-packages/airflow/example_dags/example_branch_datetime_operator.py for tasks to queue
[2021-06-11 05:52:17,410] {logging_mixin.py:104} INFO - [2021-06-11 05:52:17,410] {dagbag.py:487} INFO - Filling up the DagBag from /home/airflow/.local/lib/python3.6/site-packages/airflow/example_dags/example_branch_datetime_operator.py
[2021-06-11 05:52:17,425] {scheduler_job.py:643} INFO - DAG(s) dict_keys(['example_branch_datetime_operator_2']) retrieved from /home/airflow/.local/lib/python3.6/site-packages/airflow/example_dags/example_branch_datetime_operator.py
[2021-06-11 05:52:17,447] {logging_mixin.py:104} INFO - [2021-06-11 05:52:17,447] {dag.py:1832} INFO - Sync 1 DAGs
[2021-06-11 05:52:17,468] {logging_mixin.py:104} INFO - [2021-06-11 05:52:17,468] {dag.py:2305} INFO - Setting next_dagrun for example_branch_datetime_operator_2 to 2021-06-09 00:00:00+00:00
[2021-06-11 05:52:17,478] {scheduler_job.py:190} INFO - Processing /home/airflow/.local/lib/python3.6/site-packages/airflow/example_dags/example_branch_datetime_operator.py took 0.075 seconds
[2021-06-11 05:52:47,998] {scheduler_job.py:182} INFO - Started process (PID=2360) to work on /home/airflow/.local/lib/python3.6/site-packages/airflow/example_dags/example_branch_datetime_operator.py
[2021-06-11 05:52:48,001] {scheduler_job.py:633} INFO - Processing file /home/airflow/.local/lib/python3.6/site-packages/airflow/example_dags/example_branch_datetime_operator.py for tasks to queue
[2021-06-11 05:52:48,003] {logging_mixin.py:104} INFO - [2021-06-11 05:52:48,003] {dagbag.py:487} INFO - Filling up the DagBag from /home/airflow/.local/lib/python3.6/site-packages/airflow/example_dags/example_branch_datetime_operator.py
[2021-06-11 05:52:48,015] {scheduler_job.py:643} INFO - DAG(s) dict_keys(['example_branch_datetime_operator_2']) retrieved from /home/airflow/.local/lib/python3.6/site-packages/airflow/example_dags/example_branch_datetime_operator.py
[2021-06-11 05:52:48,045] {logging_mixin.py:104} INFO - [2021-06-11 05:52:48,045] {dag.py:1832} INFO - Sync 1 DAGs
[2021-06-11 05:52:48,070] {logging_mixin.py:104} INFO - [2021-06-11 05:52:48,070] {dag.py:2305} INFO - Setting next_dagrun for example_branch_datetime_operator_2 to 2021-06-09 00:00:00+00:00
[2021-06-11 05:52:48,084] {scheduler_job.py:190} INFO - Processing /home/airflow/.local/lib/python3.6/site-packages/airflow/example_dags/example_branch_datetime_operator.py took 0.089 seconds
[2021-06-11 05:53:18,588] {scheduler_job.py:182} INFO - Started process (PID=2444) to work on /home/airflow/.local/lib/python3.6/site-packages/airflow/example_dags/example_branch_datetime_operator.py
[2021-06-11 05:53:18,589] {scheduler_job.py:633} INFO - Processing file /home/airflow/.local/lib/python3.6/site-packages/airflow/example_dags/example_branch_datetime_operator.py for tasks to queue
[2021-06-11 05:53:18,590] {logging_mixin.py:104} INFO - [2021-06-11 05:53:18,590] {dagbag.py:487} INFO - Filling up the DagBag from /home/airflow/.local/lib/python3.6/site-packages/airflow/example_dags/example_branch_datetime_operator.py
[2021-06-11 05:53:18,602] {scheduler_job.py:643} INFO - DAG(s) dict_keys(['example_branch_datetime_operator_2']) retrieved from /home/airflow/.local/lib/python3.6/site-packages/airflow/example_dags/example_branch_datetime_operator.py
[2021-06-11 05:53:18,624] {logging_mixin.py:104} INFO - [2021-06-11 05:53:18,624] {dag.py:1832} INFO - Sync 1 DAGs
[2021-06-11 05:53:18,642] {logging_mixin.py:104} INFO - [2021-06-11 05:53:18,642] {dag.py:2305} INFO - Setting next_dagrun for example_branch_datetime_operator_2 to 2021-06-09 00:00:00+00:00
[2021-06-11 05:53:18,651] {scheduler_job.py:190} INFO - Processing /home/airflow/.local/lib/python3.6/site-packages/airflow/example_dags/example_branch_datetime_operator.py took 0.067 seconds
[2021-06-11 05:53:49,091] {scheduler_job.py:182} INFO - Started process (PID=2527) to work on /home/airflow/.local/lib/python3.6/site-packages/airflow/example_dags/example_branch_datetime_operator.py
[2021-06-11 05:53:49,092] {scheduler_job.py:633} INFO - Processing file /home/airflow/.local/lib/python3.6/site-packages/airflow/example_dags/example_branch_datetime_operator.py for tasks to queue
[2021-06-11 05:53:49,093] {logging_mixin.py:104} INFO - [2021-06-11 05:53:49,093] {dagbag.py:487} INFO - Filling up the DagBag from /home/airflow/.local/lib/python3.6/site-packages/airflow/example_dags/example_branch_datetime_operator.py
[2021-06-11 05:53:49,106] {scheduler_job.py:643} INFO - DAG(s) dict_keys(['example_branch_datetime_operator_2']) retrieved from /home/airflow/.local/lib/python3.6/site-packages/airflow/example_dags/example_branch_datetime_operator.py
[2021-06-11 05:53:49,127] {logging_mixin.py:104} INFO - [2021-06-11 05:53:49,127] {dag.py:1832} INFO - Sync 1 DAGs
[2021-06-11 05:53:49,143] {logging_mixin.py:104} INFO - [2021-06-11 05:53:49,143] {dag.py:2305} INFO - Setting next_dagrun for example_branch_datetime_operator_2 to 2021-06-09 00:00:00+00:00
[2021-06-11 05:53:49,151] {scheduler_job.py:190} INFO - Processing /home/airflow/.local/lib/python3.6/site-packages/airflow/example_dags/example_branch_datetime_operator.py took 0.064 seconds
[2021-06-11 05:54:19,711] {scheduler_job.py:182} INFO - Started process (PID=2594) to work on /home/airflow/.local/lib/python3.6/site-packages/airflow/example_dags/example_branch_datetime_operator.py
[2021-06-11 05:54:19,713] {scheduler_job.py:633} INFO - Processing file /home/airflow/.local/lib/python3.6/site-packages/airflow/example_dags/example_branch_datetime_operator.py for tasks to queue
[2021-06-11 05:54:19,714] {logging_mixin.py:104} INFO - [2021-06-11 05:54:19,714] {dagbag.py:487} INFO - Filling up the DagBag from /home/airflow/.local/lib/python3.6/site-packages/airflow/example_dags/example_branch_datetime_operator.py
[2021-06-11 05:54:19,730] {scheduler_job.py:643} INFO - DAG(s) dict_keys(['example_branch_datetime_operator_2']) retrieved from /home/airflow/.local/lib/python3.6/site-packages/airflow/example_dags/example_branch_datetime_operator.py
[2021-06-11 05:54:19,754] {logging_mixin.py:104} INFO - [2021-06-11 05:54:19,754] {dag.py:1832} INFO - Sync 1 DAGs
[2021-06-11 05:54:19,771] {logging_mixin.py:104} INFO - [2021-06-11 05:54:19,771] {dag.py:2305} INFO - Setting next_dagrun for example_branch_datetime_operator_2 to 2021-06-09 00:00:00+00:00
[2021-06-11 05:54:19,781] {scheduler_job.py:190} INFO - Processing /home/airflow/.local/lib/python3.6/site-packages/airflow/example_dags/example_branch_datetime_operator.py took 0.074 seconds
[2021-06-11 05:54:50,440] {scheduler_job.py:182} INFO - Started process (PID=2677) to work on /home/airflow/.local/lib/python3.6/site-packages/airflow/example_dags/example_branch_datetime_operator.py
[2021-06-11 05:54:50,442] {scheduler_job.py:633} INFO - Processing file /home/airflow/.local/lib/python3.6/site-packages/airflow/example_dags/example_branch_datetime_operator.py for tasks to queue
[2021-06-11 05:54:50,443] {logging_mixin.py:104} INFO - [2021-06-11 05:54:50,443] {dagbag.py:487} INFO - Filling up the DagBag from /home/airflow/.local/lib/python3.6/site-packages/airflow/example_dags/example_branch_datetime_operator.py
[2021-06-11 05:54:50,455] {scheduler_job.py:643} INFO - DAG(s) dict_keys(['example_branch_datetime_operator_2']) retrieved from /home/airflow/.local/lib/python3.6/site-packages/airflow/example_dags/example_branch_datetime_operator.py
[2021-06-11 05:54:50,477] {logging_mixin.py:104} INFO - [2021-06-11 05:54:50,477] {dag.py:1832} INFO - Sync 1 DAGs
[2021-06-11 05:54:50,494] {logging_mixin.py:104} INFO - [2021-06-11 05:54:50,494] {dag.py:2305} INFO - Setting next_dagrun for example_branch_datetime_operator_2 to 2021-06-09 00:00:00+00:00
[2021-06-11 05:54:50,504] {scheduler_job.py:190} INFO - Processing /home/airflow/.local/lib/python3.6/site-packages/airflow/example_dags/example_branch_datetime_operator.py took 0.067 seconds
[2021-06-11 05:55:21,108] {scheduler_job.py:182} INFO - Started process (PID=2761) to work on /home/airflow/.local/lib/python3.6/site-packages/airflow/example_dags/example_branch_datetime_operator.py
[2021-06-11 05:55:21,111] {scheduler_job.py:633} INFO - Processing file /home/airflow/.local/lib/python3.6/site-packages/airflow/example_dags/example_branch_datetime_operator.py for tasks to queue
[2021-06-11 05:55:21,112] {logging_mixin.py:104} INFO - [2021-06-11 05:55:21,112] {dagbag.py:487} INFO - Filling up the DagBag from /home/airflow/.local/lib/python3.6/site-packages/airflow/example_dags/example_branch_datetime_operator.py
[2021-06-11 05:55:21,126] {scheduler_job.py:643} INFO - DAG(s) dict_keys(['example_branch_datetime_operator_2']) retrieved from /home/airflow/.local/lib/python3.6/site-packages/airflow/example_dags/example_branch_datetime_operator.py
[2021-06-11 05:55:21,151] {logging_mixin.py:104} INFO - [2021-06-11 05:55:21,151] {dag.py:1832} INFO - Sync 1 DAGs
[2021-06-11 05:55:21,171] {logging_mixin.py:104} INFO - [2021-06-11 05:55:21,170] {dag.py:2305} INFO - Setting next_dagrun for example_branch_datetime_operator_2 to 2021-06-09 00:00:00+00:00
[2021-06-11 05:55:21,181] {scheduler_job.py:190} INFO - Processing /home/airflow/.local/lib/python3.6/site-packages/airflow/example_dags/example_branch_datetime_operator.py took 0.076 seconds
[2021-06-11 05:55:51,582] {scheduler_job.py:182} INFO - Started process (PID=2827) to work on /home/airflow/.local/lib/python3.6/site-packages/airflow/example_dags/example_branch_datetime_operator.py
[2021-06-11 05:55:51,583] {scheduler_job.py:633} INFO - Processing file /home/airflow/.local/lib/python3.6/site-packages/airflow/example_dags/example_branch_datetime_operator.py for tasks to queue
[2021-06-11 05:55:51,585] {logging_mixin.py:104} INFO - [2021-06-11 05:55:51,585] {dagbag.py:487} INFO - Filling up the DagBag from /home/airflow/.local/lib/python3.6/site-packages/airflow/example_dags/example_branch_datetime_operator.py
[2021-06-11 05:55:51,597] {scheduler_job.py:643} INFO - DAG(s) dict_keys(['example_branch_datetime_operator_2']) retrieved from /home/airflow/.local/lib/python3.6/site-packages/airflow/example_dags/example_branch_datetime_operator.py
[2021-06-11 05:55:51,620] {logging_mixin.py:104} INFO - [2021-06-11 05:55:51,620] {dag.py:1832} INFO - Sync 1 DAGs
[2021-06-11 05:55:51,640] {logging_mixin.py:104} INFO - [2021-06-11 05:55:51,640] {dag.py:2305} INFO - Setting next_dagrun for example_branch_datetime_operator_2 to 2021-06-09 00:00:00+00:00
[2021-06-11 05:55:51,651] {scheduler_job.py:190} INFO - Processing /home/airflow/.local/lib/python3.6/site-packages/airflow/example_dags/example_branch_datetime_operator.py took 0.072 seconds
[2021-06-11 05:56:22,243] {scheduler_job.py:182} INFO - Started process (PID=2912) to work on /home/airflow/.local/lib/python3.6/site-packages/airflow/example_dags/example_branch_datetime_operator.py
[2021-06-11 05:56:22,245] {scheduler_job.py:633} INFO - Processing file /home/airflow/.local/lib/python3.6/site-packages/airflow/example_dags/example_branch_datetime_operator.py for tasks to queue
[2021-06-11 05:56:22,247] {logging_mixin.py:104} INFO - [2021-06-11 05:56:22,247] {dagbag.py:487} INFO - Filling up the DagBag from /home/airflow/.local/lib/python3.6/site-packages/airflow/example_dags/example_branch_datetime_operator.py
[2021-06-11 05:56:22,266] {scheduler_job.py:643} INFO - DAG(s) dict_keys(['example_branch_datetime_operator_2']) retrieved from /home/airflow/.local/lib/python3.6/site-packages/airflow/example_dags/example_branch_datetime_operator.py
[2021-06-11 05:56:22,300] {logging_mixin.py:104} INFO - [2021-06-11 05:56:22,300] {dag.py:1832} INFO - Sync 1 DAGs
[2021-06-11 05:56:22,324] {logging_mixin.py:104} INFO - [2021-06-11 05:56:22,324] {dag.py:2305} INFO - Setting next_dagrun for example_branch_datetime_operator_2 to 2021-06-09 00:00:00+00:00
[2021-06-11 05:56:22,344] {scheduler_job.py:190} INFO - Processing /home/airflow/.local/lib/python3.6/site-packages/airflow/example_dags/example_branch_datetime_operator.py took 0.105 seconds
[2021-06-11 05:56:52,739] {scheduler_job.py:182} INFO - Started process (PID=2998) to work on /home/airflow/.local/lib/python3.6/site-packages/airflow/example_dags/example_branch_datetime_operator.py
[2021-06-11 05:56:52,741] {scheduler_job.py:633} INFO - Processing file /home/airflow/.local/lib/python3.6/site-packages/airflow/example_dags/example_branch_datetime_operator.py for tasks to queue
[2021-06-11 05:56:52,742] {logging_mixin.py:104} INFO - [2021-06-11 05:56:52,742] {dagbag.py:487} INFO - Filling up the DagBag from /home/airflow/.local/lib/python3.6/site-packages/airflow/example_dags/example_branch_datetime_operator.py
[2021-06-11 05:56:52,754] {scheduler_job.py:643} INFO - DAG(s) dict_keys(['example_branch_datetime_operator_2']) retrieved from /home/airflow/.local/lib/python3.6/site-packages/airflow/example_dags/example_branch_datetime_operator.py
[2021-06-11 05:56:52,777] {logging_mixin.py:104} INFO - [2021-06-11 05:56:52,776] {dag.py:1832} INFO - Sync 1 DAGs
[2021-06-11 05:56:52,797] {logging_mixin.py:104} INFO - [2021-06-11 05:56:52,796] {dag.py:2305} INFO - Setting next_dagrun for example_branch_datetime_operator_2 to 2021-06-09 00:00:00+00:00
[2021-06-11 05:56:52,807] {scheduler_job.py:190} INFO - Processing /home/airflow/.local/lib/python3.6/site-packages/airflow/example_dags/example_branch_datetime_operator.py took 0.071 seconds
[2021-06-11 05:57:23,060] {scheduler_job.py:182} INFO - Started process (PID=3063) to work on /home/airflow/.local/lib/python3.6/site-packages/airflow/example_dags/example_branch_datetime_operator.py
[2021-06-11 05:57:23,062] {scheduler_job.py:633} INFO - Processing file /home/airflow/.local/lib/python3.6/site-packages/airflow/example_dags/example_branch_datetime_operator.py for tasks to queue
[2021-06-11 05:57:23,063] {logging_mixin.py:104} INFO - [2021-06-11 05:57:23,062] {dagbag.py:487} INFO - Filling up the DagBag from /home/airflow/.local/lib/python3.6/site-packages/airflow/example_dags/example_branch_datetime_operator.py
[2021-06-11 05:57:23,074] {scheduler_job.py:643} INFO - DAG(s) dict_keys(['example_branch_datetime_operator_2']) retrieved from /home/airflow/.local/lib/python3.6/site-packages/airflow/example_dags/example_branch_datetime_operator.py
[2021-06-11 05:57:23,095] {logging_mixin.py:104} INFO - [2021-06-11 05:57:23,094] {dag.py:1832} INFO - Sync 1 DAGs
[2021-06-11 05:57:23,112] {logging_mixin.py:104} INFO - [2021-06-11 05:57:23,112] {dag.py:2305} INFO - Setting next_dagrun for example_branch_datetime_operator_2 to 2021-06-09 00:00:00+00:00
[2021-06-11 05:57:23,121] {scheduler_job.py:190} INFO - Processing /home/airflow/.local/lib/python3.6/site-packages/airflow/example_dags/example_branch_datetime_operator.py took 0.063 seconds
[2021-06-11 05:57:53,249] {scheduler_job.py:182} INFO - Started process (PID=3146) to work on /home/airflow/.local/lib/python3.6/site-packages/airflow/example_dags/example_branch_datetime_operator.py
[2021-06-11 05:57:53,250] {scheduler_job.py:633} INFO - Processing file /home/airflow/.local/lib/python3.6/site-packages/airflow/example_dags/example_branch_datetime_operator.py for tasks to queue
[2021-06-11 05:57:53,252] {logging_mixin.py:104} INFO - [2021-06-11 05:57:53,252] {dagbag.py:487} INFO - Filling up the DagBag from /home/airflow/.local/lib/python3.6/site-packages/airflow/example_dags/example_branch_datetime_operator.py
[2021-06-11 05:57:53,264] {scheduler_job.py:643} INFO - DAG(s) dict_keys(['example_branch_datetime_operator_2']) retrieved from /home/airflow/.local/lib/python3.6/site-packages/airflow/example_dags/example_branch_datetime_operator.py
[2021-06-11 05:57:53,286] {logging_mixin.py:104} INFO - [2021-06-11 05:57:53,286] {dag.py:1832} INFO - Sync 1 DAGs
[2021-06-11 05:57:53,305] {logging_mixin.py:104} INFO - [2021-06-11 05:57:53,304] {dag.py:2305} INFO - Setting next_dagrun for example_branch_datetime_operator_2 to 2021-06-09 00:00:00+00:00
[2021-06-11 05:57:53,315] {scheduler_job.py:190} INFO - Processing /home/airflow/.local/lib/python3.6/site-packages/airflow/example_dags/example_branch_datetime_operator.py took 0.069 seconds
[2021-06-11 05:58:23,364] {scheduler_job.py:182} INFO - Started process (PID=3230) to work on /home/airflow/.local/lib/python3.6/site-packages/airflow/example_dags/example_branch_datetime_operator.py
[2021-06-11 05:58:23,368] {scheduler_job.py:633} INFO - Processing file /home/airflow/.local/lib/python3.6/site-packages/airflow/example_dags/example_branch_datetime_operator.py for tasks to queue
[2021-06-11 05:58:23,371] {logging_mixin.py:104} INFO - [2021-06-11 05:58:23,371] {dagbag.py:487} INFO - Filling up the DagBag from /home/airflow/.local/lib/python3.6/site-packages/airflow/example_dags/example_branch_datetime_operator.py
[2021-06-11 05:58:23,390] {scheduler_job.py:643} INFO - DAG(s) dict_keys(['example_branch_datetime_operator_2']) retrieved from /home/airflow/.local/lib/python3.6/site-packages/airflow/example_dags/example_branch_datetime_operator.py
[2021-06-11 05:58:23,419] {logging_mixin.py:104} INFO - [2021-06-11 05:58:23,419] {dag.py:1832} INFO - Sync 1 DAGs
[2021-06-11 05:58:23,445] {logging_mixin.py:104} INFO - [2021-06-11 05:58:23,444] {dag.py:2305} INFO - Setting next_dagrun for example_branch_datetime_operator_2 to 2021-06-09 00:00:00+00:00
[2021-06-11 05:58:23,459] {scheduler_job.py:190} INFO - Processing /home/airflow/.local/lib/python3.6/site-packages/airflow/example_dags/example_branch_datetime_operator.py took 0.100 seconds
[2021-06-11 05:58:53,718] {scheduler_job.py:182} INFO - Started process (PID=3298) to work on /home/airflow/.local/lib/python3.6/site-packages/airflow/example_dags/example_branch_datetime_operator.py
[2021-06-11 05:58:53,719] {scheduler_job.py:633} INFO - Processing file /home/airflow/.local/lib/python3.6/site-packages/airflow/example_dags/example_branch_datetime_operator.py for tasks to queue
[2021-06-11 05:58:53,721] {logging_mixin.py:104} INFO - [2021-06-11 05:58:53,721] {dagbag.py:487} INFO - Filling up the DagBag from /home/airflow/.local/lib/python3.6/site-packages/airflow/example_dags/example_branch_datetime_operator.py
[2021-06-11 05:58:53,736] {scheduler_job.py:643} INFO - DAG(s) dict_keys(['example_branch_datetime_operator_2']) retrieved from /home/airflow/.local/lib/python3.6/site-packages/airflow/example_dags/example_branch_datetime_operator.py
[2021-06-11 05:58:53,759] {logging_mixin.py:104} INFO - [2021-06-11 05:58:53,759] {dag.py:1832} INFO - Sync 1 DAGs
[2021-06-11 05:58:53,778] {logging_mixin.py:104} INFO - [2021-06-11 05:58:53,778] {dag.py:2305} INFO - Setting next_dagrun for example_branch_datetime_operator_2 to 2021-06-09 00:00:00+00:00
[2021-06-11 05:58:53,788] {scheduler_job.py:190} INFO - Processing /home/airflow/.local/lib/python3.6/site-packages/airflow/example_dags/example_branch_datetime_operator.py took 0.074 seconds
[2021-06-11 05:59:23,813] {scheduler_job.py:182} INFO - Started process (PID=3382) to work on /home/airflow/.local/lib/python3.6/site-packages/airflow/example_dags/example_branch_datetime_operator.py
[2021-06-11 05:59:23,814] {scheduler_job.py:633} INFO - Processing file /home/airflow/.local/lib/python3.6/site-packages/airflow/example_dags/example_branch_datetime_operator.py for tasks to queue
[2021-06-11 05:59:23,815] {logging_mixin.py:104} INFO - [2021-06-11 05:59:23,815] {dagbag.py:487} INFO - Filling up the DagBag from /home/airflow/.local/lib/python3.6/site-packages/airflow/example_dags/example_branch_datetime_operator.py
[2021-06-11 05:59:23,829] {scheduler_job.py:643} INFO - DAG(s) dict_keys(['example_branch_datetime_operator_2']) retrieved from /home/airflow/.local/lib/python3.6/site-packages/airflow/example_dags/example_branch_datetime_operator.py
[2021-06-11 05:59:23,854] {logging_mixin.py:104} INFO - [2021-06-11 05:59:23,854] {dag.py:1832} INFO - Sync 1 DAGs
[2021-06-11 05:59:23,873] {logging_mixin.py:104} INFO - [2021-06-11 05:59:23,873] {dag.py:2305} INFO - Setting next_dagrun for example_branch_datetime_operator_2 to 2021-06-09 00:00:00+00:00
[2021-06-11 05:59:23,883] {scheduler_job.py:190} INFO - Processing /home/airflow/.local/lib/python3.6/site-packages/airflow/example_dags/example_branch_datetime_operator.py took 0.074 seconds
[2021-06-11 05:59:54,761] {scheduler_job.py:182} INFO - Started process (PID=3458) to work on /home/airflow/.local/lib/python3.6/site-packages/airflow/example_dags/example_branch_datetime_operator.py
[2021-06-11 05:59:54,763] {scheduler_job.py:633} INFO - Processing file /home/airflow/.local/lib/python3.6/site-packages/airflow/example_dags/example_branch_datetime_operator.py for tasks to queue
[2021-06-11 05:59:54,764] {logging_mixin.py:104} INFO - [2021-06-11 05:59:54,764] {dagbag.py:487} INFO - Filling up the DagBag from /home/airflow/.local/lib/python3.6/site-packages/airflow/example_dags/example_branch_datetime_operator.py
[2021-06-11 05:59:54,777] {scheduler_job.py:643} INFO - DAG(s) dict_keys(['example_branch_datetime_operator_2']) retrieved from /home/airflow/.local/lib/python3.6/site-packages/airflow/example_dags/example_branch_datetime_operator.py
[2021-06-11 05:59:54,801] {logging_mixin.py:104} INFO - [2021-06-11 05:59:54,801] {dag.py:1832} INFO - Sync 1 DAGs
[2021-06-11 05:59:54,821] {logging_mixin.py:104} INFO - [2021-06-11 05:59:54,821] {dag.py:2305} INFO - Setting next_dagrun for example_branch_datetime_operator_2 to 2021-06-09 00:00:00+00:00
[2021-06-11 05:59:54,832] {scheduler_job.py:190} INFO - Processing /home/airflow/.local/lib/python3.6/site-packages/airflow/example_dags/example_branch_datetime_operator.py took 0.075 seconds
[2021-06-11 06:00:24,923] {scheduler_job.py:182} INFO - Started process (PID=3530) to work on /home/airflow/.local/lib/python3.6/site-packages/airflow/example_dags/example_branch_datetime_operator.py
[2021-06-11 06:00:24,925] {scheduler_job.py:633} INFO - Processing file /home/airflow/.local/lib/python3.6/site-packages/airflow/example_dags/example_branch_datetime_operator.py for tasks to queue
[2021-06-11 06:00:24,926] {logging_mixin.py:104} INFO - [2021-06-11 06:00:24,926] {dagbag.py:487} INFO - Filling up the DagBag from /home/airflow/.local/lib/python3.6/site-packages/airflow/example_dags/example_branch_datetime_operator.py
[2021-06-11 06:00:24,940] {scheduler_job.py:643} INFO - DAG(s) dict_keys(['example_branch_datetime_operator_2']) retrieved from /home/airflow/.local/lib/python3.6/site-packages/airflow/example_dags/example_branch_datetime_operator.py
[2021-06-11 06:00:24,975] {logging_mixin.py:104} INFO - [2021-06-11 06:00:24,975] {dag.py:1832} INFO - Sync 1 DAGs
[2021-06-11 06:00:24,994] {logging_mixin.py:104} INFO - [2021-06-11 06:00:24,994] {dag.py:2305} INFO - Setting next_dagrun for example_branch_datetime_operator_2 to 2021-06-09 00:00:00+00:00
[2021-06-11 06:00:25,015] {scheduler_job.py:190} INFO - Processing /home/airflow/.local/lib/python3.6/site-packages/airflow/example_dags/example_branch_datetime_operator.py took 0.095 seconds
[2021-06-11 06:00:55,299] {scheduler_job.py:182} INFO - Started process (PID=3612) to work on /home/airflow/.local/lib/python3.6/site-packages/airflow/example_dags/example_branch_datetime_operator.py
[2021-06-11 06:00:55,300] {scheduler_job.py:633} INFO - Processing file /home/airflow/.local/lib/python3.6/site-packages/airflow/example_dags/example_branch_datetime_operator.py for tasks to queue
[2021-06-11 06:00:55,302] {logging_mixin.py:104} INFO - [2021-06-11 06:00:55,302] {dagbag.py:487} INFO - Filling up the DagBag from /home/airflow/.local/lib/python3.6/site-packages/airflow/example_dags/example_branch_datetime_operator.py
[2021-06-11 06:00:55,314] {scheduler_job.py:643} INFO - DAG(s) dict_keys(['example_branch_datetime_operator_2']) retrieved from /home/airflow/.local/lib/python3.6/site-packages/airflow/example_dags/example_branch_datetime_operator.py
[2021-06-11 06:00:55,336] {logging_mixin.py:104} INFO - [2021-06-11 06:00:55,336] {dag.py:1832} INFO - Sync 1 DAGs
[2021-06-11 06:00:55,355] {logging_mixin.py:104} INFO - [2021-06-11 06:00:55,355] {dag.py:2305} INFO - Setting next_dagrun for example_branch_datetime_operator_2 to 2021-06-09 00:00:00+00:00
[2021-06-11 06:00:55,366] {scheduler_job.py:190} INFO - Processing /home/airflow/.local/lib/python3.6/site-packages/airflow/example_dags/example_branch_datetime_operator.py took 0.071 seconds
[2021-06-11 06:01:25,483] {scheduler_job.py:182} INFO - Started process (PID=3679) to work on /home/airflow/.local/lib/python3.6/site-packages/airflow/example_dags/example_branch_datetime_operator.py
[2021-06-11 06:01:25,485] {scheduler_job.py:633} INFO - Processing file /home/airflow/.local/lib/python3.6/site-packages/airflow/example_dags/example_branch_datetime_operator.py for tasks to queue
[2021-06-11 06:01:25,487] {logging_mixin.py:104} INFO - [2021-06-11 06:01:25,486] {dagbag.py:487} INFO - Filling up the DagBag from /home/airflow/.local/lib/python3.6/site-packages/airflow/example_dags/example_branch_datetime_operator.py
[2021-06-11 06:01:25,500] {scheduler_job.py:643} INFO - DAG(s) dict_keys(['example_branch_datetime_operator_2']) retrieved from /home/airflow/.local/lib/python3.6/site-packages/airflow/example_dags/example_branch_datetime_operator.py
[2021-06-11 06:01:25,525] {logging_mixin.py:104} INFO - [2021-06-11 06:01:25,525] {dag.py:1832} INFO - Sync 1 DAGs
[2021-06-11 06:01:25,546] {logging_mixin.py:104} INFO - [2021-06-11 06:01:25,545] {dag.py:2305} INFO - Setting next_dagrun for example_branch_datetime_operator_2 to 2021-06-09 00:00:00+00:00
[2021-06-11 06:01:25,556] {scheduler_job.py:190} INFO - Processing /home/airflow/.local/lib/python3.6/site-packages/airflow/example_dags/example_branch_datetime_operator.py took 0.076 seconds
[2021-06-11 06:01:55,735] {scheduler_job.py:182} INFO - Started process (PID=3763) to work on /home/airflow/.local/lib/python3.6/site-packages/airflow/example_dags/example_branch_datetime_operator.py
[2021-06-11 06:01:55,737] {scheduler_job.py:633} INFO - Processing file /home/airflow/.local/lib/python3.6/site-packages/airflow/example_dags/example_branch_datetime_operator.py for tasks to queue
[2021-06-11 06:01:55,738] {logging_mixin.py:104} INFO - [2021-06-11 06:01:55,738] {dagbag.py:487} INFO - Filling up the DagBag from /home/airflow/.local/lib/python3.6/site-packages/airflow/example_dags/example_branch_datetime_operator.py
[2021-06-11 06:01:55,751] {scheduler_job.py:643} INFO - DAG(s) dict_keys(['example_branch_datetime_operator_2']) retrieved from /home/airflow/.local/lib/python3.6/site-packages/airflow/example_dags/example_branch_datetime_operator.py
[2021-06-11 06:01:55,773] {logging_mixin.py:104} INFO - [2021-06-11 06:01:55,773] {dag.py:1832} INFO - Sync 1 DAGs
[2021-06-11 06:01:55,792] {logging_mixin.py:104} INFO - [2021-06-11 06:01:55,792] {dag.py:2305} INFO - Setting next_dagrun for example_branch_datetime_operator_2 to 2021-06-09 00:00:00+00:00
[2021-06-11 06:01:55,802] {scheduler_job.py:190} INFO - Processing /home/airflow/.local/lib/python3.6/site-packages/airflow/example_dags/example_branch_datetime_operator.py took 0.071 seconds
[2021-06-11 06:02:26,393] {scheduler_job.py:182} INFO - Started process (PID=3847) to work on /home/airflow/.local/lib/python3.6/site-packages/airflow/example_dags/example_branch_datetime_operator.py
[2021-06-11 06:02:26,395] {scheduler_job.py:633} INFO - Processing file /home/airflow/.local/lib/python3.6/site-packages/airflow/example_dags/example_branch_datetime_operator.py for tasks to queue
[2021-06-11 06:02:26,396] {logging_mixin.py:104} INFO - [2021-06-11 06:02:26,396] {dagbag.py:487} INFO - Filling up the DagBag from /home/airflow/.local/lib/python3.6/site-packages/airflow/example_dags/example_branch_datetime_operator.py
[2021-06-11 06:02:26,414] {scheduler_job.py:643} INFO - DAG(s) dict_keys(['example_branch_datetime_operator_2']) retrieved from /home/airflow/.local/lib/python3.6/site-packages/airflow/example_dags/example_branch_datetime_operator.py
[2021-06-11 06:02:26,449] {logging_mixin.py:104} INFO - [2021-06-11 06:02:26,448] {dag.py:1832} INFO - Sync 1 DAGs
[2021-06-11 06:02:26,473] {logging_mixin.py:104} INFO - [2021-06-11 06:02:26,473] {dag.py:2305} INFO - Setting next_dagrun for example_branch_datetime_operator_2 to 2021-06-09 00:00:00+00:00
[2021-06-11 06:02:26,489] {scheduler_job.py:190} INFO - Processing /home/airflow/.local/lib/python3.6/site-packages/airflow/example_dags/example_branch_datetime_operator.py took 0.100 seconds
[2021-06-11 06:02:56,945] {scheduler_job.py:182} INFO - Started process (PID=3915) to work on /home/airflow/.local/lib/python3.6/site-packages/airflow/example_dags/example_branch_datetime_operator.py
[2021-06-11 06:02:56,947] {scheduler_job.py:633} INFO - Processing file /home/airflow/.local/lib/python3.6/site-packages/airflow/example_dags/example_branch_datetime_operator.py for tasks to queue
[2021-06-11 06:02:56,948] {logging_mixin.py:104} INFO - [2021-06-11 06:02:56,948] {dagbag.py:487} INFO - Filling up the DagBag from /home/airflow/.local/lib/python3.6/site-packages/airflow/example_dags/example_branch_datetime_operator.py
[2021-06-11 06:02:56,963] {scheduler_job.py:643} INFO - DAG(s) dict_keys(['example_branch_datetime_operator_2']) retrieved from /home/airflow/.local/lib/python3.6/site-packages/airflow/example_dags/example_branch_datetime_operator.py
[2021-06-11 06:02:56,989] {logging_mixin.py:104} INFO - [2021-06-11 06:02:56,989] {dag.py:1832} INFO - Sync 1 DAGs
[2021-06-11 06:02:57,010] {logging_mixin.py:104} INFO - [2021-06-11 06:02:57,010] {dag.py:2305} INFO - Setting next_dagrun for example_branch_datetime_operator_2 to 2021-06-09 00:00:00+00:00
[2021-06-11 06:02:57,022] {scheduler_job.py:190} INFO - Processing /home/airflow/.local/lib/python3.6/site-packages/airflow/example_dags/example_branch_datetime_operator.py took 0.081 seconds
[2021-06-11 06:03:27,920] {scheduler_job.py:182} INFO - Started process (PID=4000) to work on /home/airflow/.local/lib/python3.6/site-packages/airflow/example_dags/example_branch_datetime_operator.py
[2021-06-11 06:03:27,921] {scheduler_job.py:633} INFO - Processing file /home/airflow/.local/lib/python3.6/site-packages/airflow/example_dags/example_branch_datetime_operator.py for tasks to queue
[2021-06-11 06:03:27,923] {logging_mixin.py:104} INFO - [2021-06-11 06:03:27,923] {dagbag.py:487} INFO - Filling up the DagBag from /home/airflow/.local/lib/python3.6/site-packages/airflow/example_dags/example_branch_datetime_operator.py
[2021-06-11 06:03:27,936] {scheduler_job.py:643} INFO - DAG(s) dict_keys(['example_branch_datetime_operator_2']) retrieved from /home/airflow/.local/lib/python3.6/site-packages/airflow/example_dags/example_branch_datetime_operator.py
[2021-06-11 06:03:27,961] {logging_mixin.py:104} INFO - [2021-06-11 06:03:27,960] {dag.py:1832} INFO - Sync 1 DAGs
[2021-06-11 06:03:27,979] {logging_mixin.py:104} INFO - [2021-06-11 06:03:27,978] {dag.py:2305} INFO - Setting next_dagrun for example_branch_datetime_operator_2 to 2021-06-09 00:00:00+00:00
[2021-06-11 06:03:27,990] {scheduler_job.py:190} INFO - Processing /home/airflow/.local/lib/python3.6/site-packages/airflow/example_dags/example_branch_datetime_operator.py took 0.074 seconds
[2021-06-11 06:03:58,026] {scheduler_job.py:182} INFO - Started process (PID=4067) to work on /home/airflow/.local/lib/python3.6/site-packages/airflow/example_dags/example_branch_datetime_operator.py
[2021-06-11 06:03:58,028] {scheduler_job.py:633} INFO - Processing file /home/airflow/.local/lib/python3.6/site-packages/airflow/example_dags/example_branch_datetime_operator.py for tasks to queue
[2021-06-11 06:03:58,029] {logging_mixin.py:104} INFO - [2021-06-11 06:03:58,029] {dagbag.py:487} INFO - Filling up the DagBag from /home/airflow/.local/lib/python3.6/site-packages/airflow/example_dags/example_branch_datetime_operator.py
[2021-06-11 06:03:58,043] {scheduler_job.py:643} INFO - DAG(s) dict_keys(['example_branch_datetime_operator_2']) retrieved from /home/airflow/.local/lib/python3.6/site-packages/airflow/example_dags/example_branch_datetime_operator.py
[2021-06-11 06:03:58,068] {logging_mixin.py:104} INFO - [2021-06-11 06:03:58,068] {dag.py:1832} INFO - Sync 1 DAGs
[2021-06-11 06:03:58,090] {logging_mixin.py:104} INFO - [2021-06-11 06:03:58,089] {dag.py:2305} INFO - Setting next_dagrun for example_branch_datetime_operator_2 to 2021-06-09 00:00:00+00:00
[2021-06-11 06:03:58,100] {scheduler_job.py:190} INFO - Processing /home/airflow/.local/lib/python3.6/site-packages/airflow/example_dags/example_branch_datetime_operator.py took 0.077 seconds
[2021-06-11 06:04:28,251] {scheduler_job.py:182} INFO - Started process (PID=4153) to work on /home/airflow/.local/lib/python3.6/site-packages/airflow/example_dags/example_branch_datetime_operator.py
[2021-06-11 06:04:28,253] {scheduler_job.py:633} INFO - Processing file /home/airflow/.local/lib/python3.6/site-packages/airflow/example_dags/example_branch_datetime_operator.py for tasks to queue
[2021-06-11 06:04:28,254] {logging_mixin.py:104} INFO - [2021-06-11 06:04:28,254] {dagbag.py:487} INFO - Filling up the DagBag from /home/airflow/.local/lib/python3.6/site-packages/airflow/example_dags/example_branch_datetime_operator.py
[2021-06-11 06:04:28,269] {scheduler_job.py:643} INFO - DAG(s) dict_keys(['example_branch_datetime_operator_2']) retrieved from /home/airflow/.local/lib/python3.6/site-packages/airflow/example_dags/example_branch_datetime_operator.py
[2021-06-11 06:04:28,292] {logging_mixin.py:104} INFO - [2021-06-11 06:04:28,292] {dag.py:1832} INFO - Sync 1 DAGs
[2021-06-11 06:04:28,310] {logging_mixin.py:104} INFO - [2021-06-11 06:04:28,310] {dag.py:2305} INFO - Setting next_dagrun for example_branch_datetime_operator_2 to 2021-06-09 00:00:00+00:00
[2021-06-11 06:04:28,320] {scheduler_job.py:190} INFO - Processing /home/airflow/.local/lib/python3.6/site-packages/airflow/example_dags/example_branch_datetime_operator.py took 0.073 seconds
[2021-06-11 06:04:58,709] {scheduler_job.py:182} INFO - Started process (PID=4239) to work on /home/airflow/.local/lib/python3.6/site-packages/airflow/example_dags/example_branch_datetime_operator.py
[2021-06-11 06:04:58,712] {scheduler_job.py:633} INFO - Processing file /home/airflow/.local/lib/python3.6/site-packages/airflow/example_dags/example_branch_datetime_operator.py for tasks to queue
[2021-06-11 06:04:58,713] {logging_mixin.py:104} INFO - [2021-06-11 06:04:58,713] {dagbag.py:487} INFO - Filling up the DagBag from /home/airflow/.local/lib/python3.6/site-packages/airflow/example_dags/example_branch_datetime_operator.py
[2021-06-11 06:04:58,725] {scheduler_job.py:643} INFO - DAG(s) dict_keys(['example_branch_datetime_operator_2']) retrieved from /home/airflow/.local/lib/python3.6/site-packages/airflow/example_dags/example_branch_datetime_operator.py
[2021-06-11 06:04:58,749] {logging_mixin.py:104} INFO - [2021-06-11 06:04:58,749] {dag.py:1832} INFO - Sync 1 DAGs
[2021-06-11 06:04:58,767] {logging_mixin.py:104} INFO - [2021-06-11 06:04:58,767] {dag.py:2305} INFO - Setting next_dagrun for example_branch_datetime_operator_2 to 2021-06-09 00:00:00+00:00
[2021-06-11 06:04:58,777] {scheduler_job.py:190} INFO - Processing /home/airflow/.local/lib/python3.6/site-packages/airflow/example_dags/example_branch_datetime_operator.py took 0.072 seconds
[2021-06-11 06:05:29,021] {scheduler_job.py:182} INFO - Started process (PID=4306) to work on /home/airflow/.local/lib/python3.6/site-packages/airflow/example_dags/example_branch_datetime_operator.py
[2021-06-11 06:05:29,023] {scheduler_job.py:633} INFO - Processing file /home/airflow/.local/lib/python3.6/site-packages/airflow/example_dags/example_branch_datetime_operator.py for tasks to queue
[2021-06-11 06:05:29,024] {logging_mixin.py:104} INFO - [2021-06-11 06:05:29,024] {dagbag.py:487} INFO - Filling up the DagBag from /home/airflow/.local/lib/python3.6/site-packages/airflow/example_dags/example_branch_datetime_operator.py
[2021-06-11 06:05:29,037] {scheduler_job.py:643} INFO - DAG(s) dict_keys(['example_branch_datetime_operator_2']) retrieved from /home/airflow/.local/lib/python3.6/site-packages/airflow/example_dags/example_branch_datetime_operator.py
[2021-06-11 06:05:29,059] {logging_mixin.py:104} INFO - [2021-06-11 06:05:29,059] {dag.py:1832} INFO - Sync 1 DAGs
[2021-06-11 06:05:29,078] {logging_mixin.py:104} INFO - [2021-06-11 06:05:29,078] {dag.py:2305} INFO - Setting next_dagrun for example_branch_datetime_operator_2 to 2021-06-09 00:00:00+00:00
[2021-06-11 06:05:29,088] {scheduler_job.py:190} INFO - Processing /home/airflow/.local/lib/python3.6/site-packages/airflow/example_dags/example_branch_datetime_operator.py took 0.071 seconds
[2021-06-11 06:05:59,967] {scheduler_job.py:182} INFO - Started process (PID=4391) to work on /home/airflow/.local/lib/python3.6/site-packages/airflow/example_dags/example_branch_datetime_operator.py
[2021-06-11 06:05:59,969] {scheduler_job.py:633} INFO - Processing file /home/airflow/.local/lib/python3.6/site-packages/airflow/example_dags/example_branch_datetime_operator.py for tasks to queue
[2021-06-11 06:05:59,970] {logging_mixin.py:104} INFO - [2021-06-11 06:05:59,970] {dagbag.py:487} INFO - Filling up the DagBag from /home/airflow/.local/lib/python3.6/site-packages/airflow/example_dags/example_branch_datetime_operator.py
[2021-06-11 06:05:59,986] {scheduler_job.py:643} INFO - DAG(s) dict_keys(['example_branch_datetime_operator_2']) retrieved from /home/airflow/.local/lib/python3.6/site-packages/airflow/example_dags/example_branch_datetime_operator.py
[2021-06-11 06:06:00,011] {logging_mixin.py:104} INFO - [2021-06-11 06:06:00,011] {dag.py:1832} INFO - Sync 1 DAGs
[2021-06-11 06:06:00,031] {logging_mixin.py:104} INFO - [2021-06-11 06:06:00,031] {dag.py:2305} INFO - Setting next_dagrun for example_branch_datetime_operator_2 to 2021-06-09 00:00:00+00:00
[2021-06-11 06:06:00,043] {scheduler_job.py:190} INFO - Processing /home/airflow/.local/lib/python3.6/site-packages/airflow/example_dags/example_branch_datetime_operator.py took 0.080 seconds
[2021-06-11 06:06:30,700] {scheduler_job.py:182} INFO - Started process (PID=4477) to work on /home/airflow/.local/lib/python3.6/site-packages/airflow/example_dags/example_branch_datetime_operator.py
[2021-06-11 06:06:30,702] {scheduler_job.py:633} INFO - Processing file /home/airflow/.local/lib/python3.6/site-packages/airflow/example_dags/example_branch_datetime_operator.py for tasks to queue
[2021-06-11 06:06:30,704] {logging_mixin.py:104} INFO - [2021-06-11 06:06:30,703] {dagbag.py:487} INFO - Filling up the DagBag from /home/airflow/.local/lib/python3.6/site-packages/airflow/example_dags/example_branch_datetime_operator.py
[2021-06-11 06:06:30,726] {scheduler_job.py:643} INFO - DAG(s) dict_keys(['example_branch_datetime_operator_2']) retrieved from /home/airflow/.local/lib/python3.6/site-packages/airflow/example_dags/example_branch_datetime_operator.py
[2021-06-11 06:06:30,753] {logging_mixin.py:104} INFO - [2021-06-11 06:06:30,753] {dag.py:1832} INFO - Sync 1 DAGs
[2021-06-11 06:06:30,776] {logging_mixin.py:104} INFO - [2021-06-11 06:06:30,776] {dag.py:2305} INFO - Setting next_dagrun for example_branch_datetime_operator_2 to 2021-06-09 00:00:00+00:00
[2021-06-11 06:06:30,788] {scheduler_job.py:190} INFO - Processing /home/airflow/.local/lib/python3.6/site-packages/airflow/example_dags/example_branch_datetime_operator.py took 0.093 seconds
[2021-06-11 06:07:00,967] {scheduler_job.py:182} INFO - Started process (PID=4544) to work on /home/airflow/.local/lib/python3.6/site-packages/airflow/example_dags/example_branch_datetime_operator.py
[2021-06-11 06:07:00,972] {scheduler_job.py:633} INFO - Processing file /home/airflow/.local/lib/python3.6/site-packages/airflow/example_dags/example_branch_datetime_operator.py for tasks to queue
[2021-06-11 06:07:00,975] {logging_mixin.py:104} INFO - [2021-06-11 06:07:00,974] {dagbag.py:487} INFO - Filling up the DagBag from /home/airflow/.local/lib/python3.6/site-packages/airflow/example_dags/example_branch_datetime_operator.py
[2021-06-11 06:07:00,993] {scheduler_job.py:643} INFO - DAG(s) dict_keys(['example_branch_datetime_operator_2']) retrieved from /home/airflow/.local/lib/python3.6/site-packages/airflow/example_dags/example_branch_datetime_operator.py
[2021-06-11 06:07:01,042] {logging_mixin.py:104} INFO - [2021-06-11 06:07:01,042] {dag.py:1832} INFO - Sync 1 DAGs
[2021-06-11 06:07:01,075] {logging_mixin.py:104} INFO - [2021-06-11 06:07:01,075] {dag.py:2305} INFO - Setting next_dagrun for example_branch_datetime_operator_2 to 2021-06-09 00:00:00+00:00
[2021-06-11 06:07:01,089] {scheduler_job.py:190} INFO - Processing /home/airflow/.local/lib/python3.6/site-packages/airflow/example_dags/example_branch_datetime_operator.py took 0.126 seconds
[2021-06-11 06:07:31,303] {scheduler_job.py:182} INFO - Started process (PID=4628) to work on /home/airflow/.local/lib/python3.6/site-packages/airflow/example_dags/example_branch_datetime_operator.py
[2021-06-11 06:07:31,305] {scheduler_job.py:633} INFO - Processing file /home/airflow/.local/lib/python3.6/site-packages/airflow/example_dags/example_branch_datetime_operator.py for tasks to queue
[2021-06-11 06:07:31,306] {logging_mixin.py:104} INFO - [2021-06-11 06:07:31,306] {dagbag.py:487} INFO - Filling up the DagBag from /home/airflow/.local/lib/python3.6/site-packages/airflow/example_dags/example_branch_datetime_operator.py
[2021-06-11 06:07:31,321] {scheduler_job.py:643} INFO - DAG(s) dict_keys(['example_branch_datetime_operator_2']) retrieved from /home/airflow/.local/lib/python3.6/site-packages/airflow/example_dags/example_branch_datetime_operator.py
[2021-06-11 06:07:31,348] {logging_mixin.py:104} INFO - [2021-06-11 06:07:31,348] {dag.py:1832} INFO - Sync 1 DAGs
[2021-06-11 06:07:31,370] {logging_mixin.py:104} INFO - [2021-06-11 06:07:31,370] {dag.py:2305} INFO - Setting next_dagrun for example_branch_datetime_operator_2 to 2021-06-09 00:00:00+00:00
[2021-06-11 06:07:31,383] {scheduler_job.py:190} INFO - Processing /home/airflow/.local/lib/python3.6/site-packages/airflow/example_dags/example_branch_datetime_operator.py took 0.084 seconds
[2021-06-11 06:08:01,429] {scheduler_job.py:182} INFO - Started process (PID=4695) to work on /home/airflow/.local/lib/python3.6/site-packages/airflow/example_dags/example_branch_datetime_operator.py
[2021-06-11 06:08:01,431] {scheduler_job.py:633} INFO - Processing file /home/airflow/.local/lib/python3.6/site-packages/airflow/example_dags/example_branch_datetime_operator.py for tasks to queue
[2021-06-11 06:08:01,432] {logging_mixin.py:104} INFO - [2021-06-11 06:08:01,432] {dagbag.py:487} INFO - Filling up the DagBag from /home/airflow/.local/lib/python3.6/site-packages/airflow/example_dags/example_branch_datetime_operator.py
[2021-06-11 06:08:01,446] {scheduler_job.py:643} INFO - DAG(s) dict_keys(['example_branch_datetime_operator_2']) retrieved from /home/airflow/.local/lib/python3.6/site-packages/airflow/example_dags/example_branch_datetime_operator.py
[2021-06-11 06:08:01,473] {logging_mixin.py:104} INFO - [2021-06-11 06:08:01,473] {dag.py:1832} INFO - Sync 1 DAGs
[2021-06-11 06:08:01,494] {logging_mixin.py:104} INFO - [2021-06-11 06:08:01,494] {dag.py:2305} INFO - Setting next_dagrun for example_branch_datetime_operator_2 to 2021-06-09 00:00:00+00:00
[2021-06-11 06:08:01,507] {scheduler_job.py:190} INFO - Processing /home/airflow/.local/lib/python3.6/site-packages/airflow/example_dags/example_branch_datetime_operator.py took 0.081 seconds
[2021-06-11 06:08:31,634] {scheduler_job.py:182} INFO - Started process (PID=4779) to work on /home/airflow/.local/lib/python3.6/site-packages/airflow/example_dags/example_branch_datetime_operator.py
[2021-06-11 06:08:31,637] {scheduler_job.py:633} INFO - Processing file /home/airflow/.local/lib/python3.6/site-packages/airflow/example_dags/example_branch_datetime_operator.py for tasks to queue
[2021-06-11 06:08:31,640] {logging_mixin.py:104} INFO - [2021-06-11 06:08:31,640] {dagbag.py:487} INFO - Filling up the DagBag from /home/airflow/.local/lib/python3.6/site-packages/airflow/example_dags/example_branch_datetime_operator.py
[2021-06-11 06:08:31,657] {scheduler_job.py:643} INFO - DAG(s) dict_keys(['example_branch_datetime_operator_2']) retrieved from /home/airflow/.local/lib/python3.6/site-packages/airflow/example_dags/example_branch_datetime_operator.py
[2021-06-11 06:08:31,683] {logging_mixin.py:104} INFO - [2021-06-11 06:08:31,683] {dag.py:1832} INFO - Sync 1 DAGs
[2021-06-11 06:08:31,706] {logging_mixin.py:104} INFO - [2021-06-11 06:08:31,706] {dag.py:2305} INFO - Setting next_dagrun for example_branch_datetime_operator_2 to 2021-06-09 00:00:00+00:00
[2021-06-11 06:08:31,721] {scheduler_job.py:190} INFO - Processing /home/airflow/.local/lib/python3.6/site-packages/airflow/example_dags/example_branch_datetime_operator.py took 0.091 seconds
[2021-06-11 06:09:02,287] {scheduler_job.py:182} INFO - Started process (PID=4862) to work on /home/airflow/.local/lib/python3.6/site-packages/airflow/example_dags/example_branch_datetime_operator.py
[2021-06-11 06:09:02,291] {scheduler_job.py:633} INFO - Processing file /home/airflow/.local/lib/python3.6/site-packages/airflow/example_dags/example_branch_datetime_operator.py for tasks to queue
[2021-06-11 06:09:02,293] {logging_mixin.py:104} INFO - [2021-06-11 06:09:02,293] {dagbag.py:487} INFO - Filling up the DagBag from /home/airflow/.local/lib/python3.6/site-packages/airflow/example_dags/example_branch_datetime_operator.py
[2021-06-11 06:09:02,324] {scheduler_job.py:643} INFO - DAG(s) dict_keys(['example_branch_datetime_operator_2']) retrieved from /home/airflow/.local/lib/python3.6/site-packages/airflow/example_dags/example_branch_datetime_operator.py
[2021-06-11 06:09:02,365] {logging_mixin.py:104} INFO - [2021-06-11 06:09:02,365] {dag.py:1832} INFO - Sync 1 DAGs
[2021-06-11 06:09:02,384] {logging_mixin.py:104} INFO - [2021-06-11 06:09:02,384] {dag.py:2305} INFO - Setting next_dagrun for example_branch_datetime_operator_2 to 2021-06-09 00:00:00+00:00
[2021-06-11 06:09:02,394] {scheduler_job.py:190} INFO - Processing /home/airflow/.local/lib/python3.6/site-packages/airflow/example_dags/example_branch_datetime_operator.py took 0.111 seconds
[2021-06-11 06:09:32,850] {scheduler_job.py:182} INFO - Started process (PID=4928) to work on /home/airflow/.local/lib/python3.6/site-packages/airflow/example_dags/example_branch_datetime_operator.py
[2021-06-11 06:09:32,852] {scheduler_job.py:633} INFO - Processing file /home/airflow/.local/lib/python3.6/site-packages/airflow/example_dags/example_branch_datetime_operator.py for tasks to queue
[2021-06-11 06:09:32,854] {logging_mixin.py:104} INFO - [2021-06-11 06:09:32,853] {dagbag.py:487} INFO - Filling up the DagBag from /home/airflow/.local/lib/python3.6/site-packages/airflow/example_dags/example_branch_datetime_operator.py
[2021-06-11 06:09:32,869] {scheduler_job.py:643} INFO - DAG(s) dict_keys(['example_branch_datetime_operator_2']) retrieved from /home/airflow/.local/lib/python3.6/site-packages/airflow/example_dags/example_branch_datetime_operator.py
[2021-06-11 06:09:32,893] {logging_mixin.py:104} INFO - [2021-06-11 06:09:32,893] {dag.py:1832} INFO - Sync 1 DAGs
[2021-06-11 06:09:32,910] {logging_mixin.py:104} INFO - [2021-06-11 06:09:32,910] {dag.py:2305} INFO - Setting next_dagrun for example_branch_datetime_operator_2 to 2021-06-09 00:00:00+00:00
[2021-06-11 06:09:32,920] {scheduler_job.py:190} INFO - Processing /home/airflow/.local/lib/python3.6/site-packages/airflow/example_dags/example_branch_datetime_operator.py took 0.074 seconds
