[2021-06-11 05:37:52,409] {scheduler_job.py:182} INFO - Started process (PID=69) to work on /home/airflow/.local/lib/python3.6/site-packages/airflow/example_dags/example_bash_operator.py
[2021-06-11 05:37:52,410] {scheduler_job.py:633} INFO - Processing file /home/airflow/.local/lib/python3.6/site-packages/airflow/example_dags/example_bash_operator.py for tasks to queue
[2021-06-11 05:37:52,411] {logging_mixin.py:104} INFO - [2021-06-11 05:37:52,411] {dagbag.py:487} INFO - Filling up the DagBag from /home/airflow/.local/lib/python3.6/site-packages/airflow/example_dags/example_bash_operator.py
[2021-06-11 05:37:52,428] {scheduler_job.py:643} INFO - DAG(s) dict_keys(['example_bash_operator']) retrieved from /home/airflow/.local/lib/python3.6/site-packages/airflow/example_dags/example_bash_operator.py
[2021-06-11 05:37:54,073] {logging_mixin.py:104} INFO - [2021-06-11 05:37:54,073] {dag.py:1832} INFO - Sync 1 DAGs
[2021-06-11 05:37:54,082] {logging_mixin.py:104} INFO - [2021-06-11 05:37:54,081] {dag.py:1851} INFO - Creating ORM DAG for example_bash_operator
[2021-06-11 05:37:54,089] {logging_mixin.py:104} INFO - [2021-06-11 05:37:54,089] {dag.py:2305} INFO - Setting next_dagrun for example_bash_operator to 2021-06-09 00:00:00+00:00
[2021-06-11 05:37:54,099] {scheduler_job.py:190} INFO - Processing /home/airflow/.local/lib/python3.6/site-packages/airflow/example_dags/example_bash_operator.py took 1.728 seconds
[2021-06-11 05:38:24,742] {scheduler_job.py:182} INFO - Started process (PID=174) to work on /home/airflow/.local/lib/python3.6/site-packages/airflow/example_dags/example_bash_operator.py
[2021-06-11 05:38:24,746] {scheduler_job.py:633} INFO - Processing file /home/airflow/.local/lib/python3.6/site-packages/airflow/example_dags/example_bash_operator.py for tasks to queue
[2021-06-11 05:38:24,747] {logging_mixin.py:104} INFO - [2021-06-11 05:38:24,747] {dagbag.py:487} INFO - Filling up the DagBag from /home/airflow/.local/lib/python3.6/site-packages/airflow/example_dags/example_bash_operator.py
[2021-06-11 05:38:24,767] {scheduler_job.py:643} INFO - DAG(s) dict_keys(['example_bash_operator']) retrieved from /home/airflow/.local/lib/python3.6/site-packages/airflow/example_dags/example_bash_operator.py
[2021-06-11 05:38:24,790] {logging_mixin.py:104} INFO - [2021-06-11 05:38:24,790] {dag.py:1832} INFO - Sync 1 DAGs
[2021-06-11 05:38:24,809] {logging_mixin.py:104} INFO - [2021-06-11 05:38:24,809] {dag.py:2305} INFO - Setting next_dagrun for example_bash_operator to 2021-06-09 00:00:00+00:00
[2021-06-11 05:38:24,820] {scheduler_job.py:190} INFO - Processing /home/airflow/.local/lib/python3.6/site-packages/airflow/example_dags/example_bash_operator.py took 0.081 seconds
[2021-06-11 05:38:55,384] {scheduler_job.py:182} INFO - Started process (PID=239) to work on /home/airflow/.local/lib/python3.6/site-packages/airflow/example_dags/example_bash_operator.py
[2021-06-11 05:38:55,386] {scheduler_job.py:633} INFO - Processing file /home/airflow/.local/lib/python3.6/site-packages/airflow/example_dags/example_bash_operator.py for tasks to queue
[2021-06-11 05:38:55,388] {logging_mixin.py:104} INFO - [2021-06-11 05:38:55,388] {dagbag.py:487} INFO - Filling up the DagBag from /home/airflow/.local/lib/python3.6/site-packages/airflow/example_dags/example_bash_operator.py
[2021-06-11 05:38:55,406] {scheduler_job.py:643} INFO - DAG(s) dict_keys(['example_bash_operator']) retrieved from /home/airflow/.local/lib/python3.6/site-packages/airflow/example_dags/example_bash_operator.py
[2021-06-11 05:38:55,428] {logging_mixin.py:104} INFO - [2021-06-11 05:38:55,428] {dag.py:1832} INFO - Sync 1 DAGs
[2021-06-11 05:38:55,446] {logging_mixin.py:104} INFO - [2021-06-11 05:38:55,446] {dag.py:2305} INFO - Setting next_dagrun for example_bash_operator to 2021-06-09 00:00:00+00:00
[2021-06-11 05:38:55,456] {scheduler_job.py:190} INFO - Processing /home/airflow/.local/lib/python3.6/site-packages/airflow/example_dags/example_bash_operator.py took 0.076 seconds
[2021-06-11 05:39:25,523] {scheduler_job.py:182} INFO - Started process (PID=323) to work on /home/airflow/.local/lib/python3.6/site-packages/airflow/example_dags/example_bash_operator.py
[2021-06-11 05:39:25,526] {scheduler_job.py:633} INFO - Processing file /home/airflow/.local/lib/python3.6/site-packages/airflow/example_dags/example_bash_operator.py for tasks to queue
[2021-06-11 05:39:25,527] {logging_mixin.py:104} INFO - [2021-06-11 05:39:25,527] {dagbag.py:487} INFO - Filling up the DagBag from /home/airflow/.local/lib/python3.6/site-packages/airflow/example_dags/example_bash_operator.py
[2021-06-11 05:39:25,544] {scheduler_job.py:643} INFO - DAG(s) dict_keys(['example_bash_operator']) retrieved from /home/airflow/.local/lib/python3.6/site-packages/airflow/example_dags/example_bash_operator.py
[2021-06-11 05:39:25,567] {logging_mixin.py:104} INFO - [2021-06-11 05:39:25,567] {dag.py:1832} INFO - Sync 1 DAGs
[2021-06-11 05:39:25,585] {logging_mixin.py:104} INFO - [2021-06-11 05:39:25,585] {dag.py:2305} INFO - Setting next_dagrun for example_bash_operator to 2021-06-09 00:00:00+00:00
[2021-06-11 05:39:25,595] {scheduler_job.py:190} INFO - Processing /home/airflow/.local/lib/python3.6/site-packages/airflow/example_dags/example_bash_operator.py took 0.076 seconds
[2021-06-11 05:39:56,282] {scheduler_job.py:182} INFO - Started process (PID=409) to work on /home/airflow/.local/lib/python3.6/site-packages/airflow/example_dags/example_bash_operator.py
[2021-06-11 05:39:56,285] {scheduler_job.py:633} INFO - Processing file /home/airflow/.local/lib/python3.6/site-packages/airflow/example_dags/example_bash_operator.py for tasks to queue
[2021-06-11 05:39:56,286] {logging_mixin.py:104} INFO - [2021-06-11 05:39:56,286] {dagbag.py:487} INFO - Filling up the DagBag from /home/airflow/.local/lib/python3.6/site-packages/airflow/example_dags/example_bash_operator.py
[2021-06-11 05:39:56,303] {scheduler_job.py:643} INFO - DAG(s) dict_keys(['example_bash_operator']) retrieved from /home/airflow/.local/lib/python3.6/site-packages/airflow/example_dags/example_bash_operator.py
[2021-06-11 05:39:56,325] {logging_mixin.py:104} INFO - [2021-06-11 05:39:56,325] {dag.py:1832} INFO - Sync 1 DAGs
[2021-06-11 05:39:56,342] {logging_mixin.py:104} INFO - [2021-06-11 05:39:56,342] {dag.py:2305} INFO - Setting next_dagrun for example_bash_operator to 2021-06-09 00:00:00+00:00
[2021-06-11 05:39:56,352] {scheduler_job.py:190} INFO - Processing /home/airflow/.local/lib/python3.6/site-packages/airflow/example_dags/example_bash_operator.py took 0.074 seconds
[2021-06-11 05:40:26,704] {scheduler_job.py:182} INFO - Started process (PID=475) to work on /home/airflow/.local/lib/python3.6/site-packages/airflow/example_dags/example_bash_operator.py
[2021-06-11 05:40:26,706] {scheduler_job.py:633} INFO - Processing file /home/airflow/.local/lib/python3.6/site-packages/airflow/example_dags/example_bash_operator.py for tasks to queue
[2021-06-11 05:40:26,707] {logging_mixin.py:104} INFO - [2021-06-11 05:40:26,707] {dagbag.py:487} INFO - Filling up the DagBag from /home/airflow/.local/lib/python3.6/site-packages/airflow/example_dags/example_bash_operator.py
[2021-06-11 05:40:26,725] {scheduler_job.py:643} INFO - DAG(s) dict_keys(['example_bash_operator']) retrieved from /home/airflow/.local/lib/python3.6/site-packages/airflow/example_dags/example_bash_operator.py
[2021-06-11 05:40:26,747] {logging_mixin.py:104} INFO - [2021-06-11 05:40:26,747] {dag.py:1832} INFO - Sync 1 DAGs
[2021-06-11 05:40:26,765] {logging_mixin.py:104} INFO - [2021-06-11 05:40:26,765] {dag.py:2305} INFO - Setting next_dagrun for example_bash_operator to 2021-06-09 00:00:00+00:00
[2021-06-11 05:40:26,775] {scheduler_job.py:190} INFO - Processing /home/airflow/.local/lib/python3.6/site-packages/airflow/example_dags/example_bash_operator.py took 0.075 seconds
[2021-06-11 05:40:57,100] {scheduler_job.py:182} INFO - Started process (PID=559) to work on /home/airflow/.local/lib/python3.6/site-packages/airflow/example_dags/example_bash_operator.py
[2021-06-11 05:40:57,102] {scheduler_job.py:633} INFO - Processing file /home/airflow/.local/lib/python3.6/site-packages/airflow/example_dags/example_bash_operator.py for tasks to queue
[2021-06-11 05:40:57,103] {logging_mixin.py:104} INFO - [2021-06-11 05:40:57,103] {dagbag.py:487} INFO - Filling up the DagBag from /home/airflow/.local/lib/python3.6/site-packages/airflow/example_dags/example_bash_operator.py
[2021-06-11 05:40:57,117] {scheduler_job.py:643} INFO - DAG(s) dict_keys(['example_bash_operator']) retrieved from /home/airflow/.local/lib/python3.6/site-packages/airflow/example_dags/example_bash_operator.py
[2021-06-11 05:40:57,141] {logging_mixin.py:104} INFO - [2021-06-11 05:40:57,141] {dag.py:1832} INFO - Sync 1 DAGs
[2021-06-11 05:40:57,160] {logging_mixin.py:104} INFO - [2021-06-11 05:40:57,160] {dag.py:2305} INFO - Setting next_dagrun for example_bash_operator to 2021-06-09 00:00:00+00:00
[2021-06-11 05:40:57,171] {scheduler_job.py:190} INFO - Processing /home/airflow/.local/lib/python3.6/site-packages/airflow/example_dags/example_bash_operator.py took 0.074 seconds
[2021-06-11 05:41:27,766] {scheduler_job.py:182} INFO - Started process (PID=642) to work on /home/airflow/.local/lib/python3.6/site-packages/airflow/example_dags/example_bash_operator.py
[2021-06-11 05:41:27,768] {scheduler_job.py:633} INFO - Processing file /home/airflow/.local/lib/python3.6/site-packages/airflow/example_dags/example_bash_operator.py for tasks to queue
[2021-06-11 05:41:27,769] {logging_mixin.py:104} INFO - [2021-06-11 05:41:27,769] {dagbag.py:487} INFO - Filling up the DagBag from /home/airflow/.local/lib/python3.6/site-packages/airflow/example_dags/example_bash_operator.py
[2021-06-11 05:41:27,784] {scheduler_job.py:643} INFO - DAG(s) dict_keys(['example_bash_operator']) retrieved from /home/airflow/.local/lib/python3.6/site-packages/airflow/example_dags/example_bash_operator.py
[2021-06-11 05:41:27,809] {logging_mixin.py:104} INFO - [2021-06-11 05:41:27,809] {dag.py:1832} INFO - Sync 1 DAGs
[2021-06-11 05:41:27,829] {logging_mixin.py:104} INFO - [2021-06-11 05:41:27,829] {dag.py:2305} INFO - Setting next_dagrun for example_bash_operator to 2021-06-09 00:00:00+00:00
[2021-06-11 05:41:27,840] {scheduler_job.py:190} INFO - Processing /home/airflow/.local/lib/python3.6/site-packages/airflow/example_dags/example_bash_operator.py took 0.078 seconds
[2021-06-11 05:41:58,011] {scheduler_job.py:182} INFO - Started process (PID=708) to work on /home/airflow/.local/lib/python3.6/site-packages/airflow/example_dags/example_bash_operator.py
[2021-06-11 05:41:58,013] {scheduler_job.py:633} INFO - Processing file /home/airflow/.local/lib/python3.6/site-packages/airflow/example_dags/example_bash_operator.py for tasks to queue
[2021-06-11 05:41:58,014] {logging_mixin.py:104} INFO - [2021-06-11 05:41:58,014] {dagbag.py:487} INFO - Filling up the DagBag from /home/airflow/.local/lib/python3.6/site-packages/airflow/example_dags/example_bash_operator.py
[2021-06-11 05:41:58,030] {scheduler_job.py:643} INFO - DAG(s) dict_keys(['example_bash_operator']) retrieved from /home/airflow/.local/lib/python3.6/site-packages/airflow/example_dags/example_bash_operator.py
[2021-06-11 05:41:58,052] {logging_mixin.py:104} INFO - [2021-06-11 05:41:58,052] {dag.py:1832} INFO - Sync 1 DAGs
[2021-06-11 05:41:58,071] {logging_mixin.py:104} INFO - [2021-06-11 05:41:58,071] {dag.py:2305} INFO - Setting next_dagrun for example_bash_operator to 2021-06-09 00:00:00+00:00
[2021-06-11 05:41:58,082] {scheduler_job.py:190} INFO - Processing /home/airflow/.local/lib/python3.6/site-packages/airflow/example_dags/example_bash_operator.py took 0.074 seconds
[2021-06-11 05:42:28,810] {scheduler_job.py:182} INFO - Started process (PID=793) to work on /home/airflow/.local/lib/python3.6/site-packages/airflow/example_dags/example_bash_operator.py
[2021-06-11 05:42:28,812] {scheduler_job.py:633} INFO - Processing file /home/airflow/.local/lib/python3.6/site-packages/airflow/example_dags/example_bash_operator.py for tasks to queue
[2021-06-11 05:42:28,813] {logging_mixin.py:104} INFO - [2021-06-11 05:42:28,813] {dagbag.py:487} INFO - Filling up the DagBag from /home/airflow/.local/lib/python3.6/site-packages/airflow/example_dags/example_bash_operator.py
[2021-06-11 05:42:28,832] {scheduler_job.py:643} INFO - DAG(s) dict_keys(['example_bash_operator']) retrieved from /home/airflow/.local/lib/python3.6/site-packages/airflow/example_dags/example_bash_operator.py
[2021-06-11 05:42:28,855] {logging_mixin.py:104} INFO - [2021-06-11 05:42:28,855] {dag.py:1832} INFO - Sync 1 DAGs
[2021-06-11 05:42:28,874] {logging_mixin.py:104} INFO - [2021-06-11 05:42:28,874] {dag.py:2305} INFO - Setting next_dagrun for example_bash_operator to 2021-06-09 00:00:00+00:00
[2021-06-11 05:42:28,884] {scheduler_job.py:190} INFO - Processing /home/airflow/.local/lib/python3.6/site-packages/airflow/example_dags/example_bash_operator.py took 0.078 seconds
[2021-06-11 05:42:59,095] {scheduler_job.py:182} INFO - Started process (PID=878) to work on /home/airflow/.local/lib/python3.6/site-packages/airflow/example_dags/example_bash_operator.py
[2021-06-11 05:42:59,097] {scheduler_job.py:633} INFO - Processing file /home/airflow/.local/lib/python3.6/site-packages/airflow/example_dags/example_bash_operator.py for tasks to queue
[2021-06-11 05:42:59,098] {logging_mixin.py:104} INFO - [2021-06-11 05:42:59,098] {dagbag.py:487} INFO - Filling up the DagBag from /home/airflow/.local/lib/python3.6/site-packages/airflow/example_dags/example_bash_operator.py
[2021-06-11 05:42:59,118] {scheduler_job.py:643} INFO - DAG(s) dict_keys(['example_bash_operator']) retrieved from /home/airflow/.local/lib/python3.6/site-packages/airflow/example_dags/example_bash_operator.py
[2021-06-11 05:42:59,141] {logging_mixin.py:104} INFO - [2021-06-11 05:42:59,141] {dag.py:1832} INFO - Sync 1 DAGs
[2021-06-11 05:42:59,160] {logging_mixin.py:104} INFO - [2021-06-11 05:42:59,160] {dag.py:2305} INFO - Setting next_dagrun for example_bash_operator to 2021-06-09 00:00:00+00:00
[2021-06-11 05:42:59,170] {scheduler_job.py:190} INFO - Processing /home/airflow/.local/lib/python3.6/site-packages/airflow/example_dags/example_bash_operator.py took 0.080 seconds
[2021-06-11 05:43:29,781] {scheduler_job.py:182} INFO - Started process (PID=944) to work on /home/airflow/.local/lib/python3.6/site-packages/airflow/example_dags/example_bash_operator.py
[2021-06-11 05:43:29,783] {scheduler_job.py:633} INFO - Processing file /home/airflow/.local/lib/python3.6/site-packages/airflow/example_dags/example_bash_operator.py for tasks to queue
[2021-06-11 05:43:29,785] {logging_mixin.py:104} INFO - [2021-06-11 05:43:29,784] {dagbag.py:487} INFO - Filling up the DagBag from /home/airflow/.local/lib/python3.6/site-packages/airflow/example_dags/example_bash_operator.py
[2021-06-11 05:43:29,800] {scheduler_job.py:643} INFO - DAG(s) dict_keys(['example_bash_operator']) retrieved from /home/airflow/.local/lib/python3.6/site-packages/airflow/example_dags/example_bash_operator.py
[2021-06-11 05:43:29,823] {logging_mixin.py:104} INFO - [2021-06-11 05:43:29,823] {dag.py:1832} INFO - Sync 1 DAGs
[2021-06-11 05:43:29,841] {logging_mixin.py:104} INFO - [2021-06-11 05:43:29,841] {dag.py:2305} INFO - Setting next_dagrun for example_bash_operator to 2021-06-09 00:00:00+00:00
[2021-06-11 05:43:29,851] {scheduler_job.py:190} INFO - Processing /home/airflow/.local/lib/python3.6/site-packages/airflow/example_dags/example_bash_operator.py took 0.073 seconds
[2021-06-11 05:44:00,527] {scheduler_job.py:182} INFO - Started process (PID=1027) to work on /home/airflow/.local/lib/python3.6/site-packages/airflow/example_dags/example_bash_operator.py
[2021-06-11 05:44:00,528] {scheduler_job.py:633} INFO - Processing file /home/airflow/.local/lib/python3.6/site-packages/airflow/example_dags/example_bash_operator.py for tasks to queue
[2021-06-11 05:44:00,529] {logging_mixin.py:104} INFO - [2021-06-11 05:44:00,529] {dagbag.py:487} INFO - Filling up the DagBag from /home/airflow/.local/lib/python3.6/site-packages/airflow/example_dags/example_bash_operator.py
[2021-06-11 05:44:00,544] {scheduler_job.py:643} INFO - DAG(s) dict_keys(['example_bash_operator']) retrieved from /home/airflow/.local/lib/python3.6/site-packages/airflow/example_dags/example_bash_operator.py
[2021-06-11 05:44:00,565] {logging_mixin.py:104} INFO - [2021-06-11 05:44:00,565] {dag.py:1832} INFO - Sync 1 DAGs
[2021-06-11 05:44:00,581] {logging_mixin.py:104} INFO - [2021-06-11 05:44:00,581] {dag.py:2305} INFO - Setting next_dagrun for example_bash_operator to 2021-06-09 00:00:00+00:00
[2021-06-11 05:44:00,591] {scheduler_job.py:190} INFO - Processing /home/airflow/.local/lib/python3.6/site-packages/airflow/example_dags/example_bash_operator.py took 0.068 seconds
[2021-06-11 05:44:31,297] {scheduler_job.py:182} INFO - Started process (PID=1110) to work on /home/airflow/.local/lib/python3.6/site-packages/airflow/example_dags/example_bash_operator.py
[2021-06-11 05:44:31,299] {scheduler_job.py:633} INFO - Processing file /home/airflow/.local/lib/python3.6/site-packages/airflow/example_dags/example_bash_operator.py for tasks to queue
[2021-06-11 05:44:31,301] {logging_mixin.py:104} INFO - [2021-06-11 05:44:31,301] {dagbag.py:487} INFO - Filling up the DagBag from /home/airflow/.local/lib/python3.6/site-packages/airflow/example_dags/example_bash_operator.py
[2021-06-11 05:44:31,322] {scheduler_job.py:643} INFO - DAG(s) dict_keys(['example_bash_operator']) retrieved from /home/airflow/.local/lib/python3.6/site-packages/airflow/example_dags/example_bash_operator.py
[2021-06-11 05:44:31,353] {logging_mixin.py:104} INFO - [2021-06-11 05:44:31,353] {dag.py:1832} INFO - Sync 1 DAGs
[2021-06-11 05:44:31,383] {logging_mixin.py:104} INFO - [2021-06-11 05:44:31,383] {dag.py:2305} INFO - Setting next_dagrun for example_bash_operator to 2021-06-09 00:00:00+00:00
[2021-06-11 05:44:31,410] {scheduler_job.py:190} INFO - Processing /home/airflow/.local/lib/python3.6/site-packages/airflow/example_dags/example_bash_operator.py took 0.118 seconds
[2021-06-11 05:45:02,311] {scheduler_job.py:182} INFO - Started process (PID=1176) to work on /home/airflow/.local/lib/python3.6/site-packages/airflow/example_dags/example_bash_operator.py
[2021-06-11 05:45:02,315] {scheduler_job.py:633} INFO - Processing file /home/airflow/.local/lib/python3.6/site-packages/airflow/example_dags/example_bash_operator.py for tasks to queue
[2021-06-11 05:45:02,317] {logging_mixin.py:104} INFO - [2021-06-11 05:45:02,316] {dagbag.py:487} INFO - Filling up the DagBag from /home/airflow/.local/lib/python3.6/site-packages/airflow/example_dags/example_bash_operator.py
[2021-06-11 05:45:02,332] {scheduler_job.py:643} INFO - DAG(s) dict_keys(['example_bash_operator']) retrieved from /home/airflow/.local/lib/python3.6/site-packages/airflow/example_dags/example_bash_operator.py
[2021-06-11 05:45:02,355] {logging_mixin.py:104} INFO - [2021-06-11 05:45:02,355] {dag.py:1832} INFO - Sync 1 DAGs
[2021-06-11 05:45:02,373] {logging_mixin.py:104} INFO - [2021-06-11 05:45:02,373] {dag.py:2305} INFO - Setting next_dagrun for example_bash_operator to 2021-06-09 00:00:00+00:00
[2021-06-11 05:45:02,394] {scheduler_job.py:190} INFO - Processing /home/airflow/.local/lib/python3.6/site-packages/airflow/example_dags/example_bash_operator.py took 0.089 seconds
[2021-06-11 05:45:32,904] {scheduler_job.py:182} INFO - Started process (PID=1261) to work on /home/airflow/.local/lib/python3.6/site-packages/airflow/example_dags/example_bash_operator.py
[2021-06-11 05:45:32,906] {scheduler_job.py:633} INFO - Processing file /home/airflow/.local/lib/python3.6/site-packages/airflow/example_dags/example_bash_operator.py for tasks to queue
[2021-06-11 05:45:32,908] {logging_mixin.py:104} INFO - [2021-06-11 05:45:32,908] {dagbag.py:487} INFO - Filling up the DagBag from /home/airflow/.local/lib/python3.6/site-packages/airflow/example_dags/example_bash_operator.py
[2021-06-11 05:45:32,934] {scheduler_job.py:643} INFO - DAG(s) dict_keys(['example_bash_operator']) retrieved from /home/airflow/.local/lib/python3.6/site-packages/airflow/example_dags/example_bash_operator.py
[2021-06-11 05:45:32,961] {logging_mixin.py:104} INFO - [2021-06-11 05:45:32,961] {dag.py:1832} INFO - Sync 1 DAGs
[2021-06-11 05:45:32,989] {logging_mixin.py:104} INFO - [2021-06-11 05:45:32,989] {dag.py:2305} INFO - Setting next_dagrun for example_bash_operator to 2021-06-09 00:00:00+00:00
[2021-06-11 05:45:33,005] {scheduler_job.py:190} INFO - Processing /home/airflow/.local/lib/python3.6/site-packages/airflow/example_dags/example_bash_operator.py took 0.107 seconds
[2021-06-11 05:46:03,063] {scheduler_job.py:182} INFO - Started process (PID=1337) to work on /home/airflow/.local/lib/python3.6/site-packages/airflow/example_dags/example_bash_operator.py
[2021-06-11 05:46:03,065] {scheduler_job.py:633} INFO - Processing file /home/airflow/.local/lib/python3.6/site-packages/airflow/example_dags/example_bash_operator.py for tasks to queue
[2021-06-11 05:46:03,066] {logging_mixin.py:104} INFO - [2021-06-11 05:46:03,066] {dagbag.py:487} INFO - Filling up the DagBag from /home/airflow/.local/lib/python3.6/site-packages/airflow/example_dags/example_bash_operator.py
[2021-06-11 05:46:03,083] {scheduler_job.py:643} INFO - DAG(s) dict_keys(['example_bash_operator']) retrieved from /home/airflow/.local/lib/python3.6/site-packages/airflow/example_dags/example_bash_operator.py
[2021-06-11 05:46:03,109] {logging_mixin.py:104} INFO - [2021-06-11 05:46:03,109] {dag.py:1832} INFO - Sync 1 DAGs
[2021-06-11 05:46:03,129] {logging_mixin.py:104} INFO - [2021-06-11 05:46:03,129] {dag.py:2305} INFO - Setting next_dagrun for example_bash_operator to 2021-06-09 00:00:00+00:00
[2021-06-11 05:46:03,142] {scheduler_job.py:190} INFO - Processing /home/airflow/.local/lib/python3.6/site-packages/airflow/example_dags/example_bash_operator.py took 0.084 seconds
[2021-06-11 05:46:33,221] {scheduler_job.py:182} INFO - Started process (PID=1410) to work on /home/airflow/.local/lib/python3.6/site-packages/airflow/example_dags/example_bash_operator.py
[2021-06-11 05:46:33,224] {scheduler_job.py:633} INFO - Processing file /home/airflow/.local/lib/python3.6/site-packages/airflow/example_dags/example_bash_operator.py for tasks to queue
[2021-06-11 05:46:33,225] {logging_mixin.py:104} INFO - [2021-06-11 05:46:33,225] {dagbag.py:487} INFO - Filling up the DagBag from /home/airflow/.local/lib/python3.6/site-packages/airflow/example_dags/example_bash_operator.py
[2021-06-11 05:46:33,242] {scheduler_job.py:643} INFO - DAG(s) dict_keys(['example_bash_operator']) retrieved from /home/airflow/.local/lib/python3.6/site-packages/airflow/example_dags/example_bash_operator.py
[2021-06-11 05:46:33,267] {logging_mixin.py:104} INFO - [2021-06-11 05:46:33,267] {dag.py:1832} INFO - Sync 1 DAGs
[2021-06-11 05:46:33,296] {logging_mixin.py:104} INFO - [2021-06-11 05:46:33,296] {dag.py:2305} INFO - Setting next_dagrun for example_bash_operator to 2021-06-09 00:00:00+00:00
[2021-06-11 05:46:33,310] {scheduler_job.py:190} INFO - Processing /home/airflow/.local/lib/python3.6/site-packages/airflow/example_dags/example_bash_operator.py took 0.095 seconds
[2021-06-11 05:47:03,517] {scheduler_job.py:182} INFO - Started process (PID=1493) to work on /home/airflow/.local/lib/python3.6/site-packages/airflow/example_dags/example_bash_operator.py
[2021-06-11 05:47:03,519] {scheduler_job.py:633} INFO - Processing file /home/airflow/.local/lib/python3.6/site-packages/airflow/example_dags/example_bash_operator.py for tasks to queue
[2021-06-11 05:47:03,521] {logging_mixin.py:104} INFO - [2021-06-11 05:47:03,521] {dagbag.py:487} INFO - Filling up the DagBag from /home/airflow/.local/lib/python3.6/site-packages/airflow/example_dags/example_bash_operator.py
[2021-06-11 05:47:03,540] {scheduler_job.py:643} INFO - DAG(s) dict_keys(['example_bash_operator']) retrieved from /home/airflow/.local/lib/python3.6/site-packages/airflow/example_dags/example_bash_operator.py
[2021-06-11 05:47:03,583] {logging_mixin.py:104} INFO - [2021-06-11 05:47:03,582] {dag.py:1832} INFO - Sync 1 DAGs
[2021-06-11 05:47:03,610] {logging_mixin.py:104} INFO - [2021-06-11 05:47:03,610] {dag.py:2305} INFO - Setting next_dagrun for example_bash_operator to 2021-06-09 00:00:00+00:00
[2021-06-11 05:47:03,622] {scheduler_job.py:190} INFO - Processing /home/airflow/.local/lib/python3.6/site-packages/airflow/example_dags/example_bash_operator.py took 0.110 seconds
[2021-06-11 05:47:33,852] {scheduler_job.py:182} INFO - Started process (PID=1560) to work on /home/airflow/.local/lib/python3.6/site-packages/airflow/example_dags/example_bash_operator.py
[2021-06-11 05:47:33,856] {scheduler_job.py:633} INFO - Processing file /home/airflow/.local/lib/python3.6/site-packages/airflow/example_dags/example_bash_operator.py for tasks to queue
[2021-06-11 05:47:33,859] {logging_mixin.py:104} INFO - [2021-06-11 05:47:33,859] {dagbag.py:487} INFO - Filling up the DagBag from /home/airflow/.local/lib/python3.6/site-packages/airflow/example_dags/example_bash_operator.py
[2021-06-11 05:47:33,889] {scheduler_job.py:643} INFO - DAG(s) dict_keys(['example_bash_operator']) retrieved from /home/airflow/.local/lib/python3.6/site-packages/airflow/example_dags/example_bash_operator.py
[2021-06-11 05:47:33,919] {logging_mixin.py:104} INFO - [2021-06-11 05:47:33,919] {dag.py:1832} INFO - Sync 1 DAGs
[2021-06-11 05:47:33,938] {logging_mixin.py:104} INFO - [2021-06-11 05:47:33,938] {dag.py:2305} INFO - Setting next_dagrun for example_bash_operator to 2021-06-09 00:00:00+00:00
[2021-06-11 05:47:33,956] {scheduler_job.py:190} INFO - Processing /home/airflow/.local/lib/python3.6/site-packages/airflow/example_dags/example_bash_operator.py took 0.108 seconds
[2021-06-11 05:48:04,053] {scheduler_job.py:182} INFO - Started process (PID=1645) to work on /home/airflow/.local/lib/python3.6/site-packages/airflow/example_dags/example_bash_operator.py
[2021-06-11 05:48:04,055] {scheduler_job.py:633} INFO - Processing file /home/airflow/.local/lib/python3.6/site-packages/airflow/example_dags/example_bash_operator.py for tasks to queue
[2021-06-11 05:48:04,056] {logging_mixin.py:104} INFO - [2021-06-11 05:48:04,056] {dagbag.py:487} INFO - Filling up the DagBag from /home/airflow/.local/lib/python3.6/site-packages/airflow/example_dags/example_bash_operator.py
[2021-06-11 05:48:04,078] {scheduler_job.py:643} INFO - DAG(s) dict_keys(['example_bash_operator']) retrieved from /home/airflow/.local/lib/python3.6/site-packages/airflow/example_dags/example_bash_operator.py
[2021-06-11 05:48:04,105] {logging_mixin.py:104} INFO - [2021-06-11 05:48:04,105] {dag.py:1832} INFO - Sync 1 DAGs
[2021-06-11 05:48:04,124] {logging_mixin.py:104} INFO - [2021-06-11 05:48:04,124] {dag.py:2305} INFO - Setting next_dagrun for example_bash_operator to 2021-06-09 00:00:00+00:00
[2021-06-11 05:48:04,135] {scheduler_job.py:190} INFO - Processing /home/airflow/.local/lib/python3.6/site-packages/airflow/example_dags/example_bash_operator.py took 0.085 seconds
[2021-06-11 05:48:34,928] {scheduler_job.py:182} INFO - Started process (PID=1730) to work on /home/airflow/.local/lib/python3.6/site-packages/airflow/example_dags/example_bash_operator.py
[2021-06-11 05:48:34,932] {scheduler_job.py:633} INFO - Processing file /home/airflow/.local/lib/python3.6/site-packages/airflow/example_dags/example_bash_operator.py for tasks to queue
[2021-06-11 05:48:34,936] {logging_mixin.py:104} INFO - [2021-06-11 05:48:34,935] {dagbag.py:487} INFO - Filling up the DagBag from /home/airflow/.local/lib/python3.6/site-packages/airflow/example_dags/example_bash_operator.py
[2021-06-11 05:48:35,004] {scheduler_job.py:643} INFO - DAG(s) dict_keys(['example_bash_operator']) retrieved from /home/airflow/.local/lib/python3.6/site-packages/airflow/example_dags/example_bash_operator.py
[2021-06-11 05:48:35,035] {logging_mixin.py:104} INFO - [2021-06-11 05:48:35,034] {dag.py:1832} INFO - Sync 1 DAGs
[2021-06-11 05:48:35,055] {logging_mixin.py:104} INFO - [2021-06-11 05:48:35,055] {dag.py:2305} INFO - Setting next_dagrun for example_bash_operator to 2021-06-09 00:00:00+00:00
[2021-06-11 05:48:35,066] {scheduler_job.py:190} INFO - Processing /home/airflow/.local/lib/python3.6/site-packages/airflow/example_dags/example_bash_operator.py took 0.145 seconds
[2021-06-11 05:49:05,173] {scheduler_job.py:182} INFO - Started process (PID=1797) to work on /home/airflow/.local/lib/python3.6/site-packages/airflow/example_dags/example_bash_operator.py
[2021-06-11 05:49:05,175] {scheduler_job.py:633} INFO - Processing file /home/airflow/.local/lib/python3.6/site-packages/airflow/example_dags/example_bash_operator.py for tasks to queue
[2021-06-11 05:49:05,176] {logging_mixin.py:104} INFO - [2021-06-11 05:49:05,176] {dagbag.py:487} INFO - Filling up the DagBag from /home/airflow/.local/lib/python3.6/site-packages/airflow/example_dags/example_bash_operator.py
[2021-06-11 05:49:05,192] {scheduler_job.py:643} INFO - DAG(s) dict_keys(['example_bash_operator']) retrieved from /home/airflow/.local/lib/python3.6/site-packages/airflow/example_dags/example_bash_operator.py
[2021-06-11 05:49:05,219] {logging_mixin.py:104} INFO - [2021-06-11 05:49:05,219] {dag.py:1832} INFO - Sync 1 DAGs
[2021-06-11 05:49:05,239] {logging_mixin.py:104} INFO - [2021-06-11 05:49:05,239] {dag.py:2305} INFO - Setting next_dagrun for example_bash_operator to 2021-06-09 00:00:00+00:00
[2021-06-11 05:49:05,251] {scheduler_job.py:190} INFO - Processing /home/airflow/.local/lib/python3.6/site-packages/airflow/example_dags/example_bash_operator.py took 0.081 seconds
[2021-06-11 05:49:35,418] {scheduler_job.py:182} INFO - Started process (PID=1879) to work on /home/airflow/.local/lib/python3.6/site-packages/airflow/example_dags/example_bash_operator.py
[2021-06-11 05:49:35,420] {scheduler_job.py:633} INFO - Processing file /home/airflow/.local/lib/python3.6/site-packages/airflow/example_dags/example_bash_operator.py for tasks to queue
[2021-06-11 05:49:35,422] {logging_mixin.py:104} INFO - [2021-06-11 05:49:35,421] {dagbag.py:487} INFO - Filling up the DagBag from /home/airflow/.local/lib/python3.6/site-packages/airflow/example_dags/example_bash_operator.py
[2021-06-11 05:49:35,438] {scheduler_job.py:643} INFO - DAG(s) dict_keys(['example_bash_operator']) retrieved from /home/airflow/.local/lib/python3.6/site-packages/airflow/example_dags/example_bash_operator.py
[2021-06-11 05:49:35,461] {logging_mixin.py:104} INFO - [2021-06-11 05:49:35,461] {dag.py:1832} INFO - Sync 1 DAGs
[2021-06-11 05:49:35,481] {logging_mixin.py:104} INFO - [2021-06-11 05:49:35,480] {dag.py:2305} INFO - Setting next_dagrun for example_bash_operator to 2021-06-09 00:00:00+00:00
[2021-06-11 05:49:35,492] {scheduler_job.py:190} INFO - Processing /home/airflow/.local/lib/python3.6/site-packages/airflow/example_dags/example_bash_operator.py took 0.078 seconds
[2021-06-11 05:50:05,805] {scheduler_job.py:182} INFO - Started process (PID=1944) to work on /home/airflow/.local/lib/python3.6/site-packages/airflow/example_dags/example_bash_operator.py
[2021-06-11 05:50:05,807] {scheduler_job.py:633} INFO - Processing file /home/airflow/.local/lib/python3.6/site-packages/airflow/example_dags/example_bash_operator.py for tasks to queue
[2021-06-11 05:50:05,808] {logging_mixin.py:104} INFO - [2021-06-11 05:50:05,808] {dagbag.py:487} INFO - Filling up the DagBag from /home/airflow/.local/lib/python3.6/site-packages/airflow/example_dags/example_bash_operator.py
[2021-06-11 05:50:05,824] {scheduler_job.py:643} INFO - DAG(s) dict_keys(['example_bash_operator']) retrieved from /home/airflow/.local/lib/python3.6/site-packages/airflow/example_dags/example_bash_operator.py
[2021-06-11 05:50:05,853] {logging_mixin.py:104} INFO - [2021-06-11 05:50:05,853] {dag.py:1832} INFO - Sync 1 DAGs
[2021-06-11 05:50:05,873] {logging_mixin.py:104} INFO - [2021-06-11 05:50:05,873] {dag.py:2305} INFO - Setting next_dagrun for example_bash_operator to 2021-06-09 00:00:00+00:00
[2021-06-11 05:50:05,884] {scheduler_job.py:190} INFO - Processing /home/airflow/.local/lib/python3.6/site-packages/airflow/example_dags/example_bash_operator.py took 0.083 seconds
[2021-06-11 05:50:36,797] {scheduler_job.py:182} INFO - Started process (PID=2030) to work on /home/airflow/.local/lib/python3.6/site-packages/airflow/example_dags/example_bash_operator.py
[2021-06-11 05:50:36,798] {scheduler_job.py:633} INFO - Processing file /home/airflow/.local/lib/python3.6/site-packages/airflow/example_dags/example_bash_operator.py for tasks to queue
[2021-06-11 05:50:36,800] {logging_mixin.py:104} INFO - [2021-06-11 05:50:36,800] {dagbag.py:487} INFO - Filling up the DagBag from /home/airflow/.local/lib/python3.6/site-packages/airflow/example_dags/example_bash_operator.py
[2021-06-11 05:50:36,814] {scheduler_job.py:643} INFO - DAG(s) dict_keys(['example_bash_operator']) retrieved from /home/airflow/.local/lib/python3.6/site-packages/airflow/example_dags/example_bash_operator.py
[2021-06-11 05:50:36,837] {logging_mixin.py:104} INFO - [2021-06-11 05:50:36,837] {dag.py:1832} INFO - Sync 1 DAGs
[2021-06-11 05:50:36,856] {logging_mixin.py:104} INFO - [2021-06-11 05:50:36,856] {dag.py:2305} INFO - Setting next_dagrun for example_bash_operator to 2021-06-09 00:00:00+00:00
[2021-06-11 05:50:36,866] {scheduler_job.py:190} INFO - Processing /home/airflow/.local/lib/python3.6/site-packages/airflow/example_dags/example_bash_operator.py took 0.072 seconds
[2021-06-11 05:51:07,120] {scheduler_job.py:182} INFO - Started process (PID=2114) to work on /home/airflow/.local/lib/python3.6/site-packages/airflow/example_dags/example_bash_operator.py
[2021-06-11 05:51:07,122] {scheduler_job.py:633} INFO - Processing file /home/airflow/.local/lib/python3.6/site-packages/airflow/example_dags/example_bash_operator.py for tasks to queue
[2021-06-11 05:51:07,123] {logging_mixin.py:104} INFO - [2021-06-11 05:51:07,123] {dagbag.py:487} INFO - Filling up the DagBag from /home/airflow/.local/lib/python3.6/site-packages/airflow/example_dags/example_bash_operator.py
[2021-06-11 05:51:07,138] {scheduler_job.py:643} INFO - DAG(s) dict_keys(['example_bash_operator']) retrieved from /home/airflow/.local/lib/python3.6/site-packages/airflow/example_dags/example_bash_operator.py
[2021-06-11 05:51:07,163] {logging_mixin.py:104} INFO - [2021-06-11 05:51:07,163] {dag.py:1832} INFO - Sync 1 DAGs
[2021-06-11 05:51:07,184] {logging_mixin.py:104} INFO - [2021-06-11 05:51:07,184] {dag.py:2305} INFO - Setting next_dagrun for example_bash_operator to 2021-06-09 00:00:00+00:00
[2021-06-11 05:51:07,194] {scheduler_job.py:190} INFO - Processing /home/airflow/.local/lib/python3.6/site-packages/airflow/example_dags/example_bash_operator.py took 0.077 seconds
[2021-06-11 05:51:37,381] {scheduler_job.py:182} INFO - Started process (PID=2181) to work on /home/airflow/.local/lib/python3.6/site-packages/airflow/example_dags/example_bash_operator.py
[2021-06-11 05:51:37,383] {scheduler_job.py:633} INFO - Processing file /home/airflow/.local/lib/python3.6/site-packages/airflow/example_dags/example_bash_operator.py for tasks to queue
[2021-06-11 05:51:37,385] {logging_mixin.py:104} INFO - [2021-06-11 05:51:37,384] {dagbag.py:487} INFO - Filling up the DagBag from /home/airflow/.local/lib/python3.6/site-packages/airflow/example_dags/example_bash_operator.py
[2021-06-11 05:51:37,404] {scheduler_job.py:643} INFO - DAG(s) dict_keys(['example_bash_operator']) retrieved from /home/airflow/.local/lib/python3.6/site-packages/airflow/example_dags/example_bash_operator.py
[2021-06-11 05:51:37,431] {logging_mixin.py:104} INFO - [2021-06-11 05:51:37,431] {dag.py:1832} INFO - Sync 1 DAGs
[2021-06-11 05:51:37,454] {logging_mixin.py:104} INFO - [2021-06-11 05:51:37,454] {dag.py:2305} INFO - Setting next_dagrun for example_bash_operator to 2021-06-09 00:00:00+00:00
[2021-06-11 05:51:37,466] {scheduler_job.py:190} INFO - Processing /home/airflow/.local/lib/python3.6/site-packages/airflow/example_dags/example_bash_operator.py took 0.089 seconds
[2021-06-11 05:52:07,751] {scheduler_job.py:182} INFO - Started process (PID=2266) to work on /home/airflow/.local/lib/python3.6/site-packages/airflow/example_dags/example_bash_operator.py
[2021-06-11 05:52:07,753] {scheduler_job.py:633} INFO - Processing file /home/airflow/.local/lib/python3.6/site-packages/airflow/example_dags/example_bash_operator.py for tasks to queue
[2021-06-11 05:52:07,754] {logging_mixin.py:104} INFO - [2021-06-11 05:52:07,754] {dagbag.py:487} INFO - Filling up the DagBag from /home/airflow/.local/lib/python3.6/site-packages/airflow/example_dags/example_bash_operator.py
[2021-06-11 05:52:07,769] {scheduler_job.py:643} INFO - DAG(s) dict_keys(['example_bash_operator']) retrieved from /home/airflow/.local/lib/python3.6/site-packages/airflow/example_dags/example_bash_operator.py
[2021-06-11 05:52:07,794] {logging_mixin.py:104} INFO - [2021-06-11 05:52:07,794] {dag.py:1832} INFO - Sync 1 DAGs
[2021-06-11 05:52:07,812] {logging_mixin.py:104} INFO - [2021-06-11 05:52:07,812] {dag.py:2305} INFO - Setting next_dagrun for example_bash_operator to 2021-06-09 00:00:00+00:00
[2021-06-11 05:52:07,823] {scheduler_job.py:190} INFO - Processing /home/airflow/.local/lib/python3.6/site-packages/airflow/example_dags/example_bash_operator.py took 0.076 seconds
[2021-06-11 05:52:38,433] {scheduler_job.py:182} INFO - Started process (PID=2350) to work on /home/airflow/.local/lib/python3.6/site-packages/airflow/example_dags/example_bash_operator.py
[2021-06-11 05:52:38,435] {scheduler_job.py:633} INFO - Processing file /home/airflow/.local/lib/python3.6/site-packages/airflow/example_dags/example_bash_operator.py for tasks to queue
[2021-06-11 05:52:38,436] {logging_mixin.py:104} INFO - [2021-06-11 05:52:38,436] {dagbag.py:487} INFO - Filling up the DagBag from /home/airflow/.local/lib/python3.6/site-packages/airflow/example_dags/example_bash_operator.py
[2021-06-11 05:52:38,452] {scheduler_job.py:643} INFO - DAG(s) dict_keys(['example_bash_operator']) retrieved from /home/airflow/.local/lib/python3.6/site-packages/airflow/example_dags/example_bash_operator.py
[2021-06-11 05:52:38,475] {logging_mixin.py:104} INFO - [2021-06-11 05:52:38,475] {dag.py:1832} INFO - Sync 1 DAGs
[2021-06-11 05:52:38,494] {logging_mixin.py:104} INFO - [2021-06-11 05:52:38,494] {dag.py:2305} INFO - Setting next_dagrun for example_bash_operator to 2021-06-09 00:00:00+00:00
[2021-06-11 05:52:38,505] {scheduler_job.py:190} INFO - Processing /home/airflow/.local/lib/python3.6/site-packages/airflow/example_dags/example_bash_operator.py took 0.075 seconds
[2021-06-11 05:53:09,051] {scheduler_job.py:182} INFO - Started process (PID=2416) to work on /home/airflow/.local/lib/python3.6/site-packages/airflow/example_dags/example_bash_operator.py
[2021-06-11 05:53:09,053] {scheduler_job.py:633} INFO - Processing file /home/airflow/.local/lib/python3.6/site-packages/airflow/example_dags/example_bash_operator.py for tasks to queue
[2021-06-11 05:53:09,054] {logging_mixin.py:104} INFO - [2021-06-11 05:53:09,054] {dagbag.py:487} INFO - Filling up the DagBag from /home/airflow/.local/lib/python3.6/site-packages/airflow/example_dags/example_bash_operator.py
[2021-06-11 05:53:09,069] {scheduler_job.py:643} INFO - DAG(s) dict_keys(['example_bash_operator']) retrieved from /home/airflow/.local/lib/python3.6/site-packages/airflow/example_dags/example_bash_operator.py
[2021-06-11 05:53:09,091] {logging_mixin.py:104} INFO - [2021-06-11 05:53:09,091] {dag.py:1832} INFO - Sync 1 DAGs
[2021-06-11 05:53:09,111] {logging_mixin.py:104} INFO - [2021-06-11 05:53:09,111] {dag.py:2305} INFO - Setting next_dagrun for example_bash_operator to 2021-06-09 00:00:00+00:00
[2021-06-11 05:53:09,123] {scheduler_job.py:190} INFO - Processing /home/airflow/.local/lib/python3.6/site-packages/airflow/example_dags/example_bash_operator.py took 0.075 seconds
[2021-06-11 05:53:39,616] {scheduler_job.py:182} INFO - Started process (PID=2499) to work on /home/airflow/.local/lib/python3.6/site-packages/airflow/example_dags/example_bash_operator.py
[2021-06-11 05:53:39,618] {scheduler_job.py:633} INFO - Processing file /home/airflow/.local/lib/python3.6/site-packages/airflow/example_dags/example_bash_operator.py for tasks to queue
[2021-06-11 05:53:39,619] {logging_mixin.py:104} INFO - [2021-06-11 05:53:39,619] {dagbag.py:487} INFO - Filling up the DagBag from /home/airflow/.local/lib/python3.6/site-packages/airflow/example_dags/example_bash_operator.py
[2021-06-11 05:53:39,634] {scheduler_job.py:643} INFO - DAG(s) dict_keys(['example_bash_operator']) retrieved from /home/airflow/.local/lib/python3.6/site-packages/airflow/example_dags/example_bash_operator.py
[2021-06-11 05:53:39,659] {logging_mixin.py:104} INFO - [2021-06-11 05:53:39,658] {dag.py:1832} INFO - Sync 1 DAGs
[2021-06-11 05:53:39,678] {logging_mixin.py:104} INFO - [2021-06-11 05:53:39,678] {dag.py:2305} INFO - Setting next_dagrun for example_bash_operator to 2021-06-09 00:00:00+00:00
[2021-06-11 05:53:39,689] {scheduler_job.py:190} INFO - Processing /home/airflow/.local/lib/python3.6/site-packages/airflow/example_dags/example_bash_operator.py took 0.076 seconds
[2021-06-11 05:54:10,213] {scheduler_job.py:182} INFO - Started process (PID=2584) to work on /home/airflow/.local/lib/python3.6/site-packages/airflow/example_dags/example_bash_operator.py
[2021-06-11 05:54:10,214] {scheduler_job.py:633} INFO - Processing file /home/airflow/.local/lib/python3.6/site-packages/airflow/example_dags/example_bash_operator.py for tasks to queue
[2021-06-11 05:54:10,215] {logging_mixin.py:104} INFO - [2021-06-11 05:54:10,215] {dagbag.py:487} INFO - Filling up the DagBag from /home/airflow/.local/lib/python3.6/site-packages/airflow/example_dags/example_bash_operator.py
[2021-06-11 05:54:10,231] {scheduler_job.py:643} INFO - DAG(s) dict_keys(['example_bash_operator']) retrieved from /home/airflow/.local/lib/python3.6/site-packages/airflow/example_dags/example_bash_operator.py
[2021-06-11 05:54:10,252] {logging_mixin.py:104} INFO - [2021-06-11 05:54:10,252] {dag.py:1832} INFO - Sync 1 DAGs
[2021-06-11 05:54:10,269] {logging_mixin.py:104} INFO - [2021-06-11 05:54:10,269] {dag.py:2305} INFO - Setting next_dagrun for example_bash_operator to 2021-06-09 00:00:00+00:00
[2021-06-11 05:54:10,280] {scheduler_job.py:190} INFO - Processing /home/airflow/.local/lib/python3.6/site-packages/airflow/example_dags/example_bash_operator.py took 0.071 seconds
[2021-06-11 05:54:40,851] {scheduler_job.py:182} INFO - Started process (PID=2650) to work on /home/airflow/.local/lib/python3.6/site-packages/airflow/example_dags/example_bash_operator.py
[2021-06-11 05:54:40,853] {scheduler_job.py:633} INFO - Processing file /home/airflow/.local/lib/python3.6/site-packages/airflow/example_dags/example_bash_operator.py for tasks to queue
[2021-06-11 05:54:40,854] {logging_mixin.py:104} INFO - [2021-06-11 05:54:40,854] {dagbag.py:487} INFO - Filling up the DagBag from /home/airflow/.local/lib/python3.6/site-packages/airflow/example_dags/example_bash_operator.py
[2021-06-11 05:54:40,870] {scheduler_job.py:643} INFO - DAG(s) dict_keys(['example_bash_operator']) retrieved from /home/airflow/.local/lib/python3.6/site-packages/airflow/example_dags/example_bash_operator.py
[2021-06-11 05:54:40,891] {logging_mixin.py:104} INFO - [2021-06-11 05:54:40,891] {dag.py:1832} INFO - Sync 1 DAGs
[2021-06-11 05:54:40,909] {logging_mixin.py:104} INFO - [2021-06-11 05:54:40,909] {dag.py:2305} INFO - Setting next_dagrun for example_bash_operator to 2021-06-09 00:00:00+00:00
[2021-06-11 05:54:40,919] {scheduler_job.py:190} INFO - Processing /home/airflow/.local/lib/python3.6/site-packages/airflow/example_dags/example_bash_operator.py took 0.071 seconds
[2021-06-11 05:55:11,647] {scheduler_job.py:182} INFO - Started process (PID=2734) to work on /home/airflow/.local/lib/python3.6/site-packages/airflow/example_dags/example_bash_operator.py
[2021-06-11 05:55:11,648] {scheduler_job.py:633} INFO - Processing file /home/airflow/.local/lib/python3.6/site-packages/airflow/example_dags/example_bash_operator.py for tasks to queue
[2021-06-11 05:55:11,650] {logging_mixin.py:104} INFO - [2021-06-11 05:55:11,649] {dagbag.py:487} INFO - Filling up the DagBag from /home/airflow/.local/lib/python3.6/site-packages/airflow/example_dags/example_bash_operator.py
[2021-06-11 05:55:11,673] {scheduler_job.py:643} INFO - DAG(s) dict_keys(['example_bash_operator']) retrieved from /home/airflow/.local/lib/python3.6/site-packages/airflow/example_dags/example_bash_operator.py
[2021-06-11 05:55:11,707] {logging_mixin.py:104} INFO - [2021-06-11 05:55:11,707] {dag.py:1832} INFO - Sync 1 DAGs
[2021-06-11 05:55:11,724] {logging_mixin.py:104} INFO - [2021-06-11 05:55:11,724] {dag.py:2305} INFO - Setting next_dagrun for example_bash_operator to 2021-06-09 00:00:00+00:00
[2021-06-11 05:55:11,734] {scheduler_job.py:190} INFO - Processing /home/airflow/.local/lib/python3.6/site-packages/airflow/example_dags/example_bash_operator.py took 0.104 seconds
[2021-06-11 05:55:42,118] {scheduler_job.py:182} INFO - Started process (PID=2817) to work on /home/airflow/.local/lib/python3.6/site-packages/airflow/example_dags/example_bash_operator.py
[2021-06-11 05:55:42,120] {scheduler_job.py:633} INFO - Processing file /home/airflow/.local/lib/python3.6/site-packages/airflow/example_dags/example_bash_operator.py for tasks to queue
[2021-06-11 05:55:42,121] {logging_mixin.py:104} INFO - [2021-06-11 05:55:42,121] {dagbag.py:487} INFO - Filling up the DagBag from /home/airflow/.local/lib/python3.6/site-packages/airflow/example_dags/example_bash_operator.py
[2021-06-11 05:55:42,137] {scheduler_job.py:643} INFO - DAG(s) dict_keys(['example_bash_operator']) retrieved from /home/airflow/.local/lib/python3.6/site-packages/airflow/example_dags/example_bash_operator.py
[2021-06-11 05:55:42,162] {logging_mixin.py:104} INFO - [2021-06-11 05:55:42,162] {dag.py:1832} INFO - Sync 1 DAGs
[2021-06-11 05:55:42,181] {logging_mixin.py:104} INFO - [2021-06-11 05:55:42,181] {dag.py:2305} INFO - Setting next_dagrun for example_bash_operator to 2021-06-09 00:00:00+00:00
[2021-06-11 05:55:42,192] {scheduler_job.py:190} INFO - Processing /home/airflow/.local/lib/python3.6/site-packages/airflow/example_dags/example_bash_operator.py took 0.077 seconds
[2021-06-11 05:56:12,714] {scheduler_job.py:182} INFO - Started process (PID=2884) to work on /home/airflow/.local/lib/python3.6/site-packages/airflow/example_dags/example_bash_operator.py
[2021-06-11 05:56:12,716] {scheduler_job.py:633} INFO - Processing file /home/airflow/.local/lib/python3.6/site-packages/airflow/example_dags/example_bash_operator.py for tasks to queue
[2021-06-11 05:56:12,718] {logging_mixin.py:104} INFO - [2021-06-11 05:56:12,718] {dagbag.py:487} INFO - Filling up the DagBag from /home/airflow/.local/lib/python3.6/site-packages/airflow/example_dags/example_bash_operator.py
[2021-06-11 05:56:12,735] {scheduler_job.py:643} INFO - DAG(s) dict_keys(['example_bash_operator']) retrieved from /home/airflow/.local/lib/python3.6/site-packages/airflow/example_dags/example_bash_operator.py
[2021-06-11 05:56:12,758] {logging_mixin.py:104} INFO - [2021-06-11 05:56:12,758] {dag.py:1832} INFO - Sync 1 DAGs
[2021-06-11 05:56:12,778] {logging_mixin.py:104} INFO - [2021-06-11 05:56:12,778] {dag.py:2305} INFO - Setting next_dagrun for example_bash_operator to 2021-06-09 00:00:00+00:00
[2021-06-11 05:56:12,788] {scheduler_job.py:190} INFO - Processing /home/airflow/.local/lib/python3.6/site-packages/airflow/example_dags/example_bash_operator.py took 0.078 seconds
[2021-06-11 05:56:43,241] {scheduler_job.py:182} INFO - Started process (PID=2970) to work on /home/airflow/.local/lib/python3.6/site-packages/airflow/example_dags/example_bash_operator.py
[2021-06-11 05:56:43,243] {scheduler_job.py:633} INFO - Processing file /home/airflow/.local/lib/python3.6/site-packages/airflow/example_dags/example_bash_operator.py for tasks to queue
[2021-06-11 05:56:43,244] {logging_mixin.py:104} INFO - [2021-06-11 05:56:43,244] {dagbag.py:487} INFO - Filling up the DagBag from /home/airflow/.local/lib/python3.6/site-packages/airflow/example_dags/example_bash_operator.py
[2021-06-11 05:56:43,259] {scheduler_job.py:643} INFO - DAG(s) dict_keys(['example_bash_operator']) retrieved from /home/airflow/.local/lib/python3.6/site-packages/airflow/example_dags/example_bash_operator.py
[2021-06-11 05:56:43,282] {logging_mixin.py:104} INFO - [2021-06-11 05:56:43,282] {dag.py:1832} INFO - Sync 1 DAGs
[2021-06-11 05:56:43,303] {logging_mixin.py:104} INFO - [2021-06-11 05:56:43,303] {dag.py:2305} INFO - Setting next_dagrun for example_bash_operator to 2021-06-09 00:00:00+00:00
[2021-06-11 05:56:43,313] {scheduler_job.py:190} INFO - Processing /home/airflow/.local/lib/python3.6/site-packages/airflow/example_dags/example_bash_operator.py took 0.076 seconds
[2021-06-11 05:57:13,345] {scheduler_job.py:182} INFO - Started process (PID=3046) to work on /home/airflow/.local/lib/python3.6/site-packages/airflow/example_dags/example_bash_operator.py
[2021-06-11 05:57:13,347] {scheduler_job.py:633} INFO - Processing file /home/airflow/.local/lib/python3.6/site-packages/airflow/example_dags/example_bash_operator.py for tasks to queue
[2021-06-11 05:57:13,349] {logging_mixin.py:104} INFO - [2021-06-11 05:57:13,348] {dagbag.py:487} INFO - Filling up the DagBag from /home/airflow/.local/lib/python3.6/site-packages/airflow/example_dags/example_bash_operator.py
[2021-06-11 05:57:13,365] {scheduler_job.py:643} INFO - DAG(s) dict_keys(['example_bash_operator']) retrieved from /home/airflow/.local/lib/python3.6/site-packages/airflow/example_dags/example_bash_operator.py
[2021-06-11 05:57:13,392] {logging_mixin.py:104} INFO - [2021-06-11 05:57:13,392] {dag.py:1832} INFO - Sync 1 DAGs
[2021-06-11 05:57:13,419] {logging_mixin.py:104} INFO - [2021-06-11 05:57:13,419] {dag.py:2305} INFO - Setting next_dagrun for example_bash_operator to 2021-06-09 00:00:00+00:00
[2021-06-11 05:57:13,434] {scheduler_job.py:190} INFO - Processing /home/airflow/.local/lib/python3.6/site-packages/airflow/example_dags/example_bash_operator.py took 0.093 seconds
[2021-06-11 05:57:43,500] {scheduler_job.py:182} INFO - Started process (PID=3118) to work on /home/airflow/.local/lib/python3.6/site-packages/airflow/example_dags/example_bash_operator.py
[2021-06-11 05:57:43,502] {scheduler_job.py:633} INFO - Processing file /home/airflow/.local/lib/python3.6/site-packages/airflow/example_dags/example_bash_operator.py for tasks to queue
[2021-06-11 05:57:43,504] {logging_mixin.py:104} INFO - [2021-06-11 05:57:43,503] {dagbag.py:487} INFO - Filling up the DagBag from /home/airflow/.local/lib/python3.6/site-packages/airflow/example_dags/example_bash_operator.py
[2021-06-11 05:57:43,520] {scheduler_job.py:643} INFO - DAG(s) dict_keys(['example_bash_operator']) retrieved from /home/airflow/.local/lib/python3.6/site-packages/airflow/example_dags/example_bash_operator.py
[2021-06-11 05:57:43,543] {logging_mixin.py:104} INFO - [2021-06-11 05:57:43,543] {dag.py:1832} INFO - Sync 1 DAGs
[2021-06-11 05:57:43,563] {logging_mixin.py:104} INFO - [2021-06-11 05:57:43,563] {dag.py:2305} INFO - Setting next_dagrun for example_bash_operator to 2021-06-09 00:00:00+00:00
[2021-06-11 05:57:43,574] {scheduler_job.py:190} INFO - Processing /home/airflow/.local/lib/python3.6/site-packages/airflow/example_dags/example_bash_operator.py took 0.077 seconds
[2021-06-11 05:58:13,745] {scheduler_job.py:182} INFO - Started process (PID=3203) to work on /home/airflow/.local/lib/python3.6/site-packages/airflow/example_dags/example_bash_operator.py
[2021-06-11 05:58:13,747] {scheduler_job.py:633} INFO - Processing file /home/airflow/.local/lib/python3.6/site-packages/airflow/example_dags/example_bash_operator.py for tasks to queue
[2021-06-11 05:58:13,749] {logging_mixin.py:104} INFO - [2021-06-11 05:58:13,748] {dagbag.py:487} INFO - Filling up the DagBag from /home/airflow/.local/lib/python3.6/site-packages/airflow/example_dags/example_bash_operator.py
[2021-06-11 05:58:13,765] {scheduler_job.py:643} INFO - DAG(s) dict_keys(['example_bash_operator']) retrieved from /home/airflow/.local/lib/python3.6/site-packages/airflow/example_dags/example_bash_operator.py
[2021-06-11 05:58:13,789] {logging_mixin.py:104} INFO - [2021-06-11 05:58:13,789] {dag.py:1832} INFO - Sync 1 DAGs
[2021-06-11 05:58:13,808] {logging_mixin.py:104} INFO - [2021-06-11 05:58:13,807] {dag.py:2305} INFO - Setting next_dagrun for example_bash_operator to 2021-06-09 00:00:00+00:00
[2021-06-11 05:58:13,817] {scheduler_job.py:190} INFO - Processing /home/airflow/.local/lib/python3.6/site-packages/airflow/example_dags/example_bash_operator.py took 0.076 seconds
[2021-06-11 05:58:43,882] {scheduler_job.py:182} INFO - Started process (PID=3269) to work on /home/airflow/.local/lib/python3.6/site-packages/airflow/example_dags/example_bash_operator.py
[2021-06-11 05:58:43,884] {scheduler_job.py:633} INFO - Processing file /home/airflow/.local/lib/python3.6/site-packages/airflow/example_dags/example_bash_operator.py for tasks to queue
[2021-06-11 05:58:43,885] {logging_mixin.py:104} INFO - [2021-06-11 05:58:43,885] {dagbag.py:487} INFO - Filling up the DagBag from /home/airflow/.local/lib/python3.6/site-packages/airflow/example_dags/example_bash_operator.py
[2021-06-11 05:58:43,905] {scheduler_job.py:643} INFO - DAG(s) dict_keys(['example_bash_operator']) retrieved from /home/airflow/.local/lib/python3.6/site-packages/airflow/example_dags/example_bash_operator.py
[2021-06-11 05:58:43,929] {logging_mixin.py:104} INFO - [2021-06-11 05:58:43,929] {dag.py:1832} INFO - Sync 1 DAGs
[2021-06-11 05:58:43,949] {logging_mixin.py:104} INFO - [2021-06-11 05:58:43,948] {dag.py:2305} INFO - Setting next_dagrun for example_bash_operator to 2021-06-09 00:00:00+00:00
[2021-06-11 05:58:43,961] {scheduler_job.py:190} INFO - Processing /home/airflow/.local/lib/python3.6/site-packages/airflow/example_dags/example_bash_operator.py took 0.083 seconds
[2021-06-11 05:59:14,124] {scheduler_job.py:182} INFO - Started process (PID=3355) to work on /home/airflow/.local/lib/python3.6/site-packages/airflow/example_dags/example_bash_operator.py
[2021-06-11 05:59:14,126] {scheduler_job.py:633} INFO - Processing file /home/airflow/.local/lib/python3.6/site-packages/airflow/example_dags/example_bash_operator.py for tasks to queue
[2021-06-11 05:59:14,127] {logging_mixin.py:104} INFO - [2021-06-11 05:59:14,127] {dagbag.py:487} INFO - Filling up the DagBag from /home/airflow/.local/lib/python3.6/site-packages/airflow/example_dags/example_bash_operator.py
[2021-06-11 05:59:14,143] {scheduler_job.py:643} INFO - DAG(s) dict_keys(['example_bash_operator']) retrieved from /home/airflow/.local/lib/python3.6/site-packages/airflow/example_dags/example_bash_operator.py
[2021-06-11 05:59:14,167] {logging_mixin.py:104} INFO - [2021-06-11 05:59:14,167] {dag.py:1832} INFO - Sync 1 DAGs
[2021-06-11 05:59:14,189] {logging_mixin.py:104} INFO - [2021-06-11 05:59:14,189] {dag.py:2305} INFO - Setting next_dagrun for example_bash_operator to 2021-06-09 00:00:00+00:00
[2021-06-11 05:59:14,200] {scheduler_job.py:190} INFO - Processing /home/airflow/.local/lib/python3.6/site-packages/airflow/example_dags/example_bash_operator.py took 0.080 seconds
[2021-06-11 05:59:44,287] {scheduler_job.py:182} INFO - Started process (PID=3438) to work on /home/airflow/.local/lib/python3.6/site-packages/airflow/example_dags/example_bash_operator.py
[2021-06-11 05:59:44,289] {scheduler_job.py:633} INFO - Processing file /home/airflow/.local/lib/python3.6/site-packages/airflow/example_dags/example_bash_operator.py for tasks to queue
[2021-06-11 05:59:44,290] {logging_mixin.py:104} INFO - [2021-06-11 05:59:44,290] {dagbag.py:487} INFO - Filling up the DagBag from /home/airflow/.local/lib/python3.6/site-packages/airflow/example_dags/example_bash_operator.py
[2021-06-11 05:59:44,304] {scheduler_job.py:643} INFO - DAG(s) dict_keys(['example_bash_operator']) retrieved from /home/airflow/.local/lib/python3.6/site-packages/airflow/example_dags/example_bash_operator.py
[2021-06-11 05:59:44,329] {logging_mixin.py:104} INFO - [2021-06-11 05:59:44,329] {dag.py:1832} INFO - Sync 1 DAGs
[2021-06-11 05:59:44,348] {logging_mixin.py:104} INFO - [2021-06-11 05:59:44,348] {dag.py:2305} INFO - Setting next_dagrun for example_bash_operator to 2021-06-09 00:00:00+00:00
[2021-06-11 05:59:44,358] {scheduler_job.py:190} INFO - Processing /home/airflow/.local/lib/python3.6/site-packages/airflow/example_dags/example_bash_operator.py took 0.075 seconds
[2021-06-11 06:00:14,425] {scheduler_job.py:182} INFO - Started process (PID=3504) to work on /home/airflow/.local/lib/python3.6/site-packages/airflow/example_dags/example_bash_operator.py
[2021-06-11 06:00:14,427] {scheduler_job.py:633} INFO - Processing file /home/airflow/.local/lib/python3.6/site-packages/airflow/example_dags/example_bash_operator.py for tasks to queue
[2021-06-11 06:00:14,429] {logging_mixin.py:104} INFO - [2021-06-11 06:00:14,429] {dagbag.py:487} INFO - Filling up the DagBag from /home/airflow/.local/lib/python3.6/site-packages/airflow/example_dags/example_bash_operator.py
[2021-06-11 06:00:14,445] {scheduler_job.py:643} INFO - DAG(s) dict_keys(['example_bash_operator']) retrieved from /home/airflow/.local/lib/python3.6/site-packages/airflow/example_dags/example_bash_operator.py
[2021-06-11 06:00:14,471] {logging_mixin.py:104} INFO - [2021-06-11 06:00:14,471] {dag.py:1832} INFO - Sync 1 DAGs
[2021-06-11 06:00:14,491] {logging_mixin.py:104} INFO - [2021-06-11 06:00:14,490] {dag.py:2305} INFO - Setting next_dagrun for example_bash_operator to 2021-06-09 00:00:00+00:00
[2021-06-11 06:00:14,502] {scheduler_job.py:190} INFO - Processing /home/airflow/.local/lib/python3.6/site-packages/airflow/example_dags/example_bash_operator.py took 0.080 seconds
[2021-06-11 06:00:44,887] {scheduler_job.py:182} INFO - Started process (PID=3586) to work on /home/airflow/.local/lib/python3.6/site-packages/airflow/example_dags/example_bash_operator.py
[2021-06-11 06:00:44,890] {scheduler_job.py:633} INFO - Processing file /home/airflow/.local/lib/python3.6/site-packages/airflow/example_dags/example_bash_operator.py for tasks to queue
[2021-06-11 06:00:44,891] {logging_mixin.py:104} INFO - [2021-06-11 06:00:44,891] {dagbag.py:487} INFO - Filling up the DagBag from /home/airflow/.local/lib/python3.6/site-packages/airflow/example_dags/example_bash_operator.py
[2021-06-11 06:00:44,909] {scheduler_job.py:643} INFO - DAG(s) dict_keys(['example_bash_operator']) retrieved from /home/airflow/.local/lib/python3.6/site-packages/airflow/example_dags/example_bash_operator.py
[2021-06-11 06:00:44,933] {logging_mixin.py:104} INFO - [2021-06-11 06:00:44,933] {dag.py:1832} INFO - Sync 1 DAGs
[2021-06-11 06:00:44,953] {logging_mixin.py:104} INFO - [2021-06-11 06:00:44,953] {dag.py:2305} INFO - Setting next_dagrun for example_bash_operator to 2021-06-09 00:00:00+00:00
[2021-06-11 06:00:44,963] {scheduler_job.py:190} INFO - Processing /home/airflow/.local/lib/python3.6/site-packages/airflow/example_dags/example_bash_operator.py took 0.082 seconds
[2021-06-11 06:01:15,057] {scheduler_job.py:182} INFO - Started process (PID=3659) to work on /home/airflow/.local/lib/python3.6/site-packages/airflow/example_dags/example_bash_operator.py
[2021-06-11 06:01:15,059] {scheduler_job.py:633} INFO - Processing file /home/airflow/.local/lib/python3.6/site-packages/airflow/example_dags/example_bash_operator.py for tasks to queue
[2021-06-11 06:01:15,060] {logging_mixin.py:104} INFO - [2021-06-11 06:01:15,060] {dagbag.py:487} INFO - Filling up the DagBag from /home/airflow/.local/lib/python3.6/site-packages/airflow/example_dags/example_bash_operator.py
[2021-06-11 06:01:15,079] {scheduler_job.py:643} INFO - DAG(s) dict_keys(['example_bash_operator']) retrieved from /home/airflow/.local/lib/python3.6/site-packages/airflow/example_dags/example_bash_operator.py
[2021-06-11 06:01:15,103] {logging_mixin.py:104} INFO - [2021-06-11 06:01:15,103] {dag.py:1832} INFO - Sync 1 DAGs
[2021-06-11 06:01:15,123] {logging_mixin.py:104} INFO - [2021-06-11 06:01:15,123] {dag.py:2305} INFO - Setting next_dagrun for example_bash_operator to 2021-06-09 00:00:00+00:00
[2021-06-11 06:01:15,136] {scheduler_job.py:190} INFO - Processing /home/airflow/.local/lib/python3.6/site-packages/airflow/example_dags/example_bash_operator.py took 0.082 seconds
[2021-06-11 06:01:45,419] {scheduler_job.py:182} INFO - Started process (PID=3737) to work on /home/airflow/.local/lib/python3.6/site-packages/airflow/example_dags/example_bash_operator.py
[2021-06-11 06:01:45,421] {scheduler_job.py:633} INFO - Processing file /home/airflow/.local/lib/python3.6/site-packages/airflow/example_dags/example_bash_operator.py for tasks to queue
[2021-06-11 06:01:45,422] {logging_mixin.py:104} INFO - [2021-06-11 06:01:45,422] {dagbag.py:487} INFO - Filling up the DagBag from /home/airflow/.local/lib/python3.6/site-packages/airflow/example_dags/example_bash_operator.py
[2021-06-11 06:01:45,438] {scheduler_job.py:643} INFO - DAG(s) dict_keys(['example_bash_operator']) retrieved from /home/airflow/.local/lib/python3.6/site-packages/airflow/example_dags/example_bash_operator.py
[2021-06-11 06:01:45,461] {logging_mixin.py:104} INFO - [2021-06-11 06:01:45,461] {dag.py:1832} INFO - Sync 1 DAGs
[2021-06-11 06:01:45,481] {logging_mixin.py:104} INFO - [2021-06-11 06:01:45,481] {dag.py:2305} INFO - Setting next_dagrun for example_bash_operator to 2021-06-09 00:00:00+00:00
[2021-06-11 06:01:45,493] {scheduler_job.py:190} INFO - Processing /home/airflow/.local/lib/python3.6/site-packages/airflow/example_dags/example_bash_operator.py took 0.077 seconds
[2021-06-11 06:02:16,099] {scheduler_job.py:182} INFO - Started process (PID=3821) to work on /home/airflow/.local/lib/python3.6/site-packages/airflow/example_dags/example_bash_operator.py
[2021-06-11 06:02:16,101] {scheduler_job.py:633} INFO - Processing file /home/airflow/.local/lib/python3.6/site-packages/airflow/example_dags/example_bash_operator.py for tasks to queue
[2021-06-11 06:02:16,103] {logging_mixin.py:104} INFO - [2021-06-11 06:02:16,103] {dagbag.py:487} INFO - Filling up the DagBag from /home/airflow/.local/lib/python3.6/site-packages/airflow/example_dags/example_bash_operator.py
[2021-06-11 06:02:16,123] {scheduler_job.py:643} INFO - DAG(s) dict_keys(['example_bash_operator']) retrieved from /home/airflow/.local/lib/python3.6/site-packages/airflow/example_dags/example_bash_operator.py
[2021-06-11 06:02:16,151] {logging_mixin.py:104} INFO - [2021-06-11 06:02:16,150] {dag.py:1832} INFO - Sync 1 DAGs
[2021-06-11 06:02:16,170] {logging_mixin.py:104} INFO - [2021-06-11 06:02:16,170] {dag.py:2305} INFO - Setting next_dagrun for example_bash_operator to 2021-06-09 00:00:00+00:00
[2021-06-11 06:02:16,181] {scheduler_job.py:190} INFO - Processing /home/airflow/.local/lib/python3.6/site-packages/airflow/example_dags/example_bash_operator.py took 0.086 seconds
[2021-06-11 06:02:46,538] {scheduler_job.py:182} INFO - Started process (PID=3888) to work on /home/airflow/.local/lib/python3.6/site-packages/airflow/example_dags/example_bash_operator.py
[2021-06-11 06:02:46,540] {scheduler_job.py:633} INFO - Processing file /home/airflow/.local/lib/python3.6/site-packages/airflow/example_dags/example_bash_operator.py for tasks to queue
[2021-06-11 06:02:46,542] {logging_mixin.py:104} INFO - [2021-06-11 06:02:46,542] {dagbag.py:487} INFO - Filling up the DagBag from /home/airflow/.local/lib/python3.6/site-packages/airflow/example_dags/example_bash_operator.py
[2021-06-11 06:02:46,561] {scheduler_job.py:643} INFO - DAG(s) dict_keys(['example_bash_operator']) retrieved from /home/airflow/.local/lib/python3.6/site-packages/airflow/example_dags/example_bash_operator.py
[2021-06-11 06:02:46,590] {logging_mixin.py:104} INFO - [2021-06-11 06:02:46,590] {dag.py:1832} INFO - Sync 1 DAGs
[2021-06-11 06:02:46,611] {logging_mixin.py:104} INFO - [2021-06-11 06:02:46,611] {dag.py:2305} INFO - Setting next_dagrun for example_bash_operator to 2021-06-09 00:00:00+00:00
[2021-06-11 06:02:46,624] {scheduler_job.py:190} INFO - Processing /home/airflow/.local/lib/python3.6/site-packages/airflow/example_dags/example_bash_operator.py took 0.090 seconds
[2021-06-11 06:03:17,556] {scheduler_job.py:182} INFO - Started process (PID=3974) to work on /home/airflow/.local/lib/python3.6/site-packages/airflow/example_dags/example_bash_operator.py
[2021-06-11 06:03:17,558] {scheduler_job.py:633} INFO - Processing file /home/airflow/.local/lib/python3.6/site-packages/airflow/example_dags/example_bash_operator.py for tasks to queue
[2021-06-11 06:03:17,559] {logging_mixin.py:104} INFO - [2021-06-11 06:03:17,559] {dagbag.py:487} INFO - Filling up the DagBag from /home/airflow/.local/lib/python3.6/site-packages/airflow/example_dags/example_bash_operator.py
[2021-06-11 06:03:17,576] {scheduler_job.py:643} INFO - DAG(s) dict_keys(['example_bash_operator']) retrieved from /home/airflow/.local/lib/python3.6/site-packages/airflow/example_dags/example_bash_operator.py
[2021-06-11 06:03:17,600] {logging_mixin.py:104} INFO - [2021-06-11 06:03:17,599] {dag.py:1832} INFO - Sync 1 DAGs
[2021-06-11 06:03:17,618] {logging_mixin.py:104} INFO - [2021-06-11 06:03:17,618] {dag.py:2305} INFO - Setting next_dagrun for example_bash_operator to 2021-06-09 00:00:00+00:00
[2021-06-11 06:03:17,628] {scheduler_job.py:190} INFO - Processing /home/airflow/.local/lib/python3.6/site-packages/airflow/example_dags/example_bash_operator.py took 0.076 seconds
[2021-06-11 06:03:47,759] {scheduler_job.py:182} INFO - Started process (PID=4051) to work on /home/airflow/.local/lib/python3.6/site-packages/airflow/example_dags/example_bash_operator.py
[2021-06-11 06:03:47,768] {scheduler_job.py:633} INFO - Processing file /home/airflow/.local/lib/python3.6/site-packages/airflow/example_dags/example_bash_operator.py for tasks to queue
[2021-06-11 06:03:47,769] {logging_mixin.py:104} INFO - [2021-06-11 06:03:47,769] {dagbag.py:487} INFO - Filling up the DagBag from /home/airflow/.local/lib/python3.6/site-packages/airflow/example_dags/example_bash_operator.py
[2021-06-11 06:03:47,788] {scheduler_job.py:643} INFO - DAG(s) dict_keys(['example_bash_operator']) retrieved from /home/airflow/.local/lib/python3.6/site-packages/airflow/example_dags/example_bash_operator.py
[2021-06-11 06:03:47,812] {logging_mixin.py:104} INFO - [2021-06-11 06:03:47,811] {dag.py:1832} INFO - Sync 1 DAGs
[2021-06-11 06:03:47,831] {logging_mixin.py:104} INFO - [2021-06-11 06:03:47,831] {dag.py:2305} INFO - Setting next_dagrun for example_bash_operator to 2021-06-09 00:00:00+00:00
[2021-06-11 06:03:47,842] {scheduler_job.py:190} INFO - Processing /home/airflow/.local/lib/python3.6/site-packages/airflow/example_dags/example_bash_operator.py took 0.098 seconds
[2021-06-11 06:04:18,524] {scheduler_job.py:182} INFO - Started process (PID=4124) to work on /home/airflow/.local/lib/python3.6/site-packages/airflow/example_dags/example_bash_operator.py
[2021-06-11 06:04:18,525] {scheduler_job.py:633} INFO - Processing file /home/airflow/.local/lib/python3.6/site-packages/airflow/example_dags/example_bash_operator.py for tasks to queue
[2021-06-11 06:04:18,527] {logging_mixin.py:104} INFO - [2021-06-11 06:04:18,527] {dagbag.py:487} INFO - Filling up the DagBag from /home/airflow/.local/lib/python3.6/site-packages/airflow/example_dags/example_bash_operator.py
[2021-06-11 06:04:18,544] {scheduler_job.py:643} INFO - DAG(s) dict_keys(['example_bash_operator']) retrieved from /home/airflow/.local/lib/python3.6/site-packages/airflow/example_dags/example_bash_operator.py
[2021-06-11 06:04:18,569] {logging_mixin.py:104} INFO - [2021-06-11 06:04:18,569] {dag.py:1832} INFO - Sync 1 DAGs
[2021-06-11 06:04:18,590] {logging_mixin.py:104} INFO - [2021-06-11 06:04:18,590] {dag.py:2305} INFO - Setting next_dagrun for example_bash_operator to 2021-06-09 00:00:00+00:00
[2021-06-11 06:04:18,603] {scheduler_job.py:190} INFO - Processing /home/airflow/.local/lib/python3.6/site-packages/airflow/example_dags/example_bash_operator.py took 0.084 seconds
[2021-06-11 06:04:48,638] {scheduler_job.py:182} INFO - Started process (PID=4210) to work on /home/airflow/.local/lib/python3.6/site-packages/airflow/example_dags/example_bash_operator.py
[2021-06-11 06:04:48,640] {scheduler_job.py:633} INFO - Processing file /home/airflow/.local/lib/python3.6/site-packages/airflow/example_dags/example_bash_operator.py for tasks to queue
[2021-06-11 06:04:48,642] {logging_mixin.py:104} INFO - [2021-06-11 06:04:48,641] {dagbag.py:487} INFO - Filling up the DagBag from /home/airflow/.local/lib/python3.6/site-packages/airflow/example_dags/example_bash_operator.py
[2021-06-11 06:04:48,656] {scheduler_job.py:643} INFO - DAG(s) dict_keys(['example_bash_operator']) retrieved from /home/airflow/.local/lib/python3.6/site-packages/airflow/example_dags/example_bash_operator.py
[2021-06-11 06:04:48,679] {logging_mixin.py:104} INFO - [2021-06-11 06:04:48,679] {dag.py:1832} INFO - Sync 1 DAGs
[2021-06-11 06:04:48,700] {logging_mixin.py:104} INFO - [2021-06-11 06:04:48,700] {dag.py:2305} INFO - Setting next_dagrun for example_bash_operator to 2021-06-09 00:00:00+00:00
[2021-06-11 06:04:48,710] {scheduler_job.py:190} INFO - Processing /home/airflow/.local/lib/python3.6/site-packages/airflow/example_dags/example_bash_operator.py took 0.076 seconds
[2021-06-11 06:05:19,035] {scheduler_job.py:182} INFO - Started process (PID=4278) to work on /home/airflow/.local/lib/python3.6/site-packages/airflow/example_dags/example_bash_operator.py
[2021-06-11 06:05:19,036] {scheduler_job.py:633} INFO - Processing file /home/airflow/.local/lib/python3.6/site-packages/airflow/example_dags/example_bash_operator.py for tasks to queue
[2021-06-11 06:05:19,037] {logging_mixin.py:104} INFO - [2021-06-11 06:05:19,037] {dagbag.py:487} INFO - Filling up the DagBag from /home/airflow/.local/lib/python3.6/site-packages/airflow/example_dags/example_bash_operator.py
[2021-06-11 06:05:19,053] {scheduler_job.py:643} INFO - DAG(s) dict_keys(['example_bash_operator']) retrieved from /home/airflow/.local/lib/python3.6/site-packages/airflow/example_dags/example_bash_operator.py
[2021-06-11 06:05:19,076] {logging_mixin.py:104} INFO - [2021-06-11 06:05:19,076] {dag.py:1832} INFO - Sync 1 DAGs
[2021-06-11 06:05:19,100] {logging_mixin.py:104} INFO - [2021-06-11 06:05:19,100] {dag.py:2305} INFO - Setting next_dagrun for example_bash_operator to 2021-06-09 00:00:00+00:00
[2021-06-11 06:05:19,111] {scheduler_job.py:190} INFO - Processing /home/airflow/.local/lib/python3.6/site-packages/airflow/example_dags/example_bash_operator.py took 0.080 seconds
[2021-06-11 06:05:49,265] {scheduler_job.py:182} INFO - Started process (PID=4362) to work on /home/airflow/.local/lib/python3.6/site-packages/airflow/example_dags/example_bash_operator.py
[2021-06-11 06:05:49,269] {scheduler_job.py:633} INFO - Processing file /home/airflow/.local/lib/python3.6/site-packages/airflow/example_dags/example_bash_operator.py for tasks to queue
[2021-06-11 06:05:49,271] {logging_mixin.py:104} INFO - [2021-06-11 06:05:49,271] {dagbag.py:487} INFO - Filling up the DagBag from /home/airflow/.local/lib/python3.6/site-packages/airflow/example_dags/example_bash_operator.py
[2021-06-11 06:05:49,294] {scheduler_job.py:643} INFO - DAG(s) dict_keys(['example_bash_operator']) retrieved from /home/airflow/.local/lib/python3.6/site-packages/airflow/example_dags/example_bash_operator.py
[2021-06-11 06:05:49,318] {logging_mixin.py:104} INFO - [2021-06-11 06:05:49,318] {dag.py:1832} INFO - Sync 1 DAGs
[2021-06-11 06:05:49,340] {logging_mixin.py:104} INFO - [2021-06-11 06:05:49,339] {dag.py:2305} INFO - Setting next_dagrun for example_bash_operator to 2021-06-09 00:00:00+00:00
[2021-06-11 06:05:49,350] {scheduler_job.py:190} INFO - Processing /home/airflow/.local/lib/python3.6/site-packages/airflow/example_dags/example_bash_operator.py took 0.091 seconds
[2021-06-11 06:06:20,019] {scheduler_job.py:182} INFO - Started process (PID=4448) to work on /home/airflow/.local/lib/python3.6/site-packages/airflow/example_dags/example_bash_operator.py
[2021-06-11 06:06:20,021] {scheduler_job.py:633} INFO - Processing file /home/airflow/.local/lib/python3.6/site-packages/airflow/example_dags/example_bash_operator.py for tasks to queue
[2021-06-11 06:06:20,022] {logging_mixin.py:104} INFO - [2021-06-11 06:06:20,022] {dagbag.py:487} INFO - Filling up the DagBag from /home/airflow/.local/lib/python3.6/site-packages/airflow/example_dags/example_bash_operator.py
[2021-06-11 06:06:20,037] {scheduler_job.py:643} INFO - DAG(s) dict_keys(['example_bash_operator']) retrieved from /home/airflow/.local/lib/python3.6/site-packages/airflow/example_dags/example_bash_operator.py
[2021-06-11 06:06:20,060] {logging_mixin.py:104} INFO - [2021-06-11 06:06:20,060] {dag.py:1832} INFO - Sync 1 DAGs
[2021-06-11 06:06:20,078] {logging_mixin.py:104} INFO - [2021-06-11 06:06:20,078] {dag.py:2305} INFO - Setting next_dagrun for example_bash_operator to 2021-06-09 00:00:00+00:00
[2021-06-11 06:06:20,089] {scheduler_job.py:190} INFO - Processing /home/airflow/.local/lib/python3.6/site-packages/airflow/example_dags/example_bash_operator.py took 0.074 seconds
[2021-06-11 06:06:50,141] {scheduler_job.py:182} INFO - Started process (PID=4516) to work on /home/airflow/.local/lib/python3.6/site-packages/airflow/example_dags/example_bash_operator.py
[2021-06-11 06:06:50,143] {scheduler_job.py:633} INFO - Processing file /home/airflow/.local/lib/python3.6/site-packages/airflow/example_dags/example_bash_operator.py for tasks to queue
[2021-06-11 06:06:50,145] {logging_mixin.py:104} INFO - [2021-06-11 06:06:50,145] {dagbag.py:487} INFO - Filling up the DagBag from /home/airflow/.local/lib/python3.6/site-packages/airflow/example_dags/example_bash_operator.py
[2021-06-11 06:06:50,161] {scheduler_job.py:643} INFO - DAG(s) dict_keys(['example_bash_operator']) retrieved from /home/airflow/.local/lib/python3.6/site-packages/airflow/example_dags/example_bash_operator.py
[2021-06-11 06:06:50,185] {logging_mixin.py:104} INFO - [2021-06-11 06:06:50,185] {dag.py:1832} INFO - Sync 1 DAGs
[2021-06-11 06:06:50,204] {logging_mixin.py:104} INFO - [2021-06-11 06:06:50,204] {dag.py:2305} INFO - Setting next_dagrun for example_bash_operator to 2021-06-09 00:00:00+00:00
[2021-06-11 06:06:50,215] {scheduler_job.py:190} INFO - Processing /home/airflow/.local/lib/python3.6/site-packages/airflow/example_dags/example_bash_operator.py took 0.078 seconds
[2021-06-11 06:07:20,338] {scheduler_job.py:182} INFO - Started process (PID=4600) to work on /home/airflow/.local/lib/python3.6/site-packages/airflow/example_dags/example_bash_operator.py
[2021-06-11 06:07:20,340] {scheduler_job.py:633} INFO - Processing file /home/airflow/.local/lib/python3.6/site-packages/airflow/example_dags/example_bash_operator.py for tasks to queue
[2021-06-11 06:07:20,342] {logging_mixin.py:104} INFO - [2021-06-11 06:07:20,342] {dagbag.py:487} INFO - Filling up the DagBag from /home/airflow/.local/lib/python3.6/site-packages/airflow/example_dags/example_bash_operator.py
[2021-06-11 06:07:20,363] {scheduler_job.py:643} INFO - DAG(s) dict_keys(['example_bash_operator']) retrieved from /home/airflow/.local/lib/python3.6/site-packages/airflow/example_dags/example_bash_operator.py
[2021-06-11 06:07:20,395] {logging_mixin.py:104} INFO - [2021-06-11 06:07:20,395] {dag.py:1832} INFO - Sync 1 DAGs
[2021-06-11 06:07:20,421] {logging_mixin.py:104} INFO - [2021-06-11 06:07:20,421] {dag.py:2305} INFO - Setting next_dagrun for example_bash_operator to 2021-06-09 00:00:00+00:00
[2021-06-11 06:07:20,436] {scheduler_job.py:190} INFO - Processing /home/airflow/.local/lib/python3.6/site-packages/airflow/example_dags/example_bash_operator.py took 0.102 seconds
[2021-06-11 06:07:50,579] {scheduler_job.py:182} INFO - Started process (PID=4667) to work on /home/airflow/.local/lib/python3.6/site-packages/airflow/example_dags/example_bash_operator.py
[2021-06-11 06:07:50,581] {scheduler_job.py:633} INFO - Processing file /home/airflow/.local/lib/python3.6/site-packages/airflow/example_dags/example_bash_operator.py for tasks to queue
[2021-06-11 06:07:50,583] {logging_mixin.py:104} INFO - [2021-06-11 06:07:50,583] {dagbag.py:487} INFO - Filling up the DagBag from /home/airflow/.local/lib/python3.6/site-packages/airflow/example_dags/example_bash_operator.py
[2021-06-11 06:07:50,600] {scheduler_job.py:643} INFO - DAG(s) dict_keys(['example_bash_operator']) retrieved from /home/airflow/.local/lib/python3.6/site-packages/airflow/example_dags/example_bash_operator.py
[2021-06-11 06:07:50,630] {logging_mixin.py:104} INFO - [2021-06-11 06:07:50,630] {dag.py:1832} INFO - Sync 1 DAGs
[2021-06-11 06:07:50,659] {logging_mixin.py:104} INFO - [2021-06-11 06:07:50,658] {dag.py:2305} INFO - Setting next_dagrun for example_bash_operator to 2021-06-09 00:00:00+00:00
[2021-06-11 06:07:50,671] {scheduler_job.py:190} INFO - Processing /home/airflow/.local/lib/python3.6/site-packages/airflow/example_dags/example_bash_operator.py took 0.097 seconds
[2021-06-11 06:08:20,834] {scheduler_job.py:182} INFO - Started process (PID=4751) to work on /home/airflow/.local/lib/python3.6/site-packages/airflow/example_dags/example_bash_operator.py
[2021-06-11 06:08:20,837] {scheduler_job.py:633} INFO - Processing file /home/airflow/.local/lib/python3.6/site-packages/airflow/example_dags/example_bash_operator.py for tasks to queue
[2021-06-11 06:08:20,838] {logging_mixin.py:104} INFO - [2021-06-11 06:08:20,838] {dagbag.py:487} INFO - Filling up the DagBag from /home/airflow/.local/lib/python3.6/site-packages/airflow/example_dags/example_bash_operator.py
[2021-06-11 06:08:20,856] {scheduler_job.py:643} INFO - DAG(s) dict_keys(['example_bash_operator']) retrieved from /home/airflow/.local/lib/python3.6/site-packages/airflow/example_dags/example_bash_operator.py
[2021-06-11 06:08:20,882] {logging_mixin.py:104} INFO - [2021-06-11 06:08:20,882] {dag.py:1832} INFO - Sync 1 DAGs
[2021-06-11 06:08:20,902] {logging_mixin.py:104} INFO - [2021-06-11 06:08:20,902] {dag.py:2305} INFO - Setting next_dagrun for example_bash_operator to 2021-06-09 00:00:00+00:00
[2021-06-11 06:08:20,918] {scheduler_job.py:190} INFO - Processing /home/airflow/.local/lib/python3.6/site-packages/airflow/example_dags/example_bash_operator.py took 0.088 seconds
[2021-06-11 06:08:51,660] {scheduler_job.py:182} INFO - Started process (PID=4833) to work on /home/airflow/.local/lib/python3.6/site-packages/airflow/example_dags/example_bash_operator.py
[2021-06-11 06:08:51,663] {scheduler_job.py:633} INFO - Processing file /home/airflow/.local/lib/python3.6/site-packages/airflow/example_dags/example_bash_operator.py for tasks to queue
[2021-06-11 06:08:51,664] {logging_mixin.py:104} INFO - [2021-06-11 06:08:51,664] {dagbag.py:487} INFO - Filling up the DagBag from /home/airflow/.local/lib/python3.6/site-packages/airflow/example_dags/example_bash_operator.py
[2021-06-11 06:08:51,681] {scheduler_job.py:643} INFO - DAG(s) dict_keys(['example_bash_operator']) retrieved from /home/airflow/.local/lib/python3.6/site-packages/airflow/example_dags/example_bash_operator.py
[2021-06-11 06:08:51,704] {logging_mixin.py:104} INFO - [2021-06-11 06:08:51,704] {dag.py:1832} INFO - Sync 1 DAGs
[2021-06-11 06:08:51,722] {logging_mixin.py:104} INFO - [2021-06-11 06:08:51,722] {dag.py:2305} INFO - Setting next_dagrun for example_bash_operator to 2021-06-09 00:00:00+00:00
[2021-06-11 06:08:51,733] {scheduler_job.py:190} INFO - Processing /home/airflow/.local/lib/python3.6/site-packages/airflow/example_dags/example_bash_operator.py took 0.077 seconds
[2021-06-11 06:09:22,183] {scheduler_job.py:182} INFO - Started process (PID=4899) to work on /home/airflow/.local/lib/python3.6/site-packages/airflow/example_dags/example_bash_operator.py
[2021-06-11 06:09:22,185] {scheduler_job.py:633} INFO - Processing file /home/airflow/.local/lib/python3.6/site-packages/airflow/example_dags/example_bash_operator.py for tasks to queue
[2021-06-11 06:09:22,186] {logging_mixin.py:104} INFO - [2021-06-11 06:09:22,186] {dagbag.py:487} INFO - Filling up the DagBag from /home/airflow/.local/lib/python3.6/site-packages/airflow/example_dags/example_bash_operator.py
[2021-06-11 06:09:22,202] {scheduler_job.py:643} INFO - DAG(s) dict_keys(['example_bash_operator']) retrieved from /home/airflow/.local/lib/python3.6/site-packages/airflow/example_dags/example_bash_operator.py
[2021-06-11 06:09:22,224] {logging_mixin.py:104} INFO - [2021-06-11 06:09:22,223] {dag.py:1832} INFO - Sync 1 DAGs
[2021-06-11 06:09:22,242] {logging_mixin.py:104} INFO - [2021-06-11 06:09:22,241] {dag.py:2305} INFO - Setting next_dagrun for example_bash_operator to 2021-06-09 00:00:00+00:00
[2021-06-11 06:09:22,252] {scheduler_job.py:190} INFO - Processing /home/airflow/.local/lib/python3.6/site-packages/airflow/example_dags/example_bash_operator.py took 0.073 seconds
