[2021-06-11 05:37:42,459] {scheduler_job.py:182} INFO - Started process (PID=36) to work on /home/airflow/.local/lib/python3.6/site-packages/airflow/example_dags/example_trigger_controller_dag.py
[2021-06-11 05:37:42,461] {scheduler_job.py:633} INFO - Processing file /home/airflow/.local/lib/python3.6/site-packages/airflow/example_dags/example_trigger_controller_dag.py for tasks to queue
[2021-06-11 05:37:42,463] {logging_mixin.py:104} INFO - [2021-06-11 05:37:42,462] {dagbag.py:487} INFO - Filling up the DagBag from /home/airflow/.local/lib/python3.6/site-packages/airflow/example_dags/example_trigger_controller_dag.py
[2021-06-11 05:37:42,484] {scheduler_job.py:643} INFO - DAG(s) dict_keys(['example_trigger_controller_dag']) retrieved from /home/airflow/.local/lib/python3.6/site-packages/airflow/example_dags/example_trigger_controller_dag.py
[2021-06-11 05:37:46,589] {logging_mixin.py:104} INFO - [2021-06-11 05:37:46,589] {dag.py:1832} INFO - Sync 1 DAGs
[2021-06-11 05:37:46,599] {logging_mixin.py:104} INFO - [2021-06-11 05:37:46,598] {dag.py:1851} INFO - Creating ORM DAG for example_trigger_controller_dag
[2021-06-11 05:37:46,604] {logging_mixin.py:104} INFO - [2021-06-11 05:37:46,604] {dag.py:2305} INFO - Setting next_dagrun for example_trigger_controller_dag to 2021-06-09 00:00:00+00:00
[2021-06-11 05:37:46,617] {scheduler_job.py:190} INFO - Processing /home/airflow/.local/lib/python3.6/site-packages/airflow/example_dags/example_trigger_controller_dag.py took 4.163 seconds
[2021-06-11 05:38:17,395] {scheduler_job.py:182} INFO - Started process (PID=149) to work on /home/airflow/.local/lib/python3.6/site-packages/airflow/example_dags/example_trigger_controller_dag.py
[2021-06-11 05:38:17,397] {scheduler_job.py:633} INFO - Processing file /home/airflow/.local/lib/python3.6/site-packages/airflow/example_dags/example_trigger_controller_dag.py for tasks to queue
[2021-06-11 05:38:17,399] {logging_mixin.py:104} INFO - [2021-06-11 05:38:17,398] {dagbag.py:487} INFO - Filling up the DagBag from /home/airflow/.local/lib/python3.6/site-packages/airflow/example_dags/example_trigger_controller_dag.py
[2021-06-11 05:38:17,410] {scheduler_job.py:643} INFO - DAG(s) dict_keys(['example_trigger_controller_dag']) retrieved from /home/airflow/.local/lib/python3.6/site-packages/airflow/example_dags/example_trigger_controller_dag.py
[2021-06-11 05:38:17,439] {logging_mixin.py:104} INFO - [2021-06-11 05:38:17,439] {dag.py:1832} INFO - Sync 1 DAGs
[2021-06-11 05:38:17,456] {logging_mixin.py:104} INFO - [2021-06-11 05:38:17,456] {dag.py:2305} INFO - Setting next_dagrun for example_trigger_controller_dag to 2021-06-09 00:00:00+00:00
[2021-06-11 05:38:17,466] {scheduler_job.py:190} INFO - Processing /home/airflow/.local/lib/python3.6/site-packages/airflow/example_dags/example_trigger_controller_dag.py took 0.074 seconds
[2021-06-11 05:38:48,002] {scheduler_job.py:182} INFO - Started process (PID=231) to work on /home/airflow/.local/lib/python3.6/site-packages/airflow/example_dags/example_trigger_controller_dag.py
[2021-06-11 05:38:48,004] {scheduler_job.py:633} INFO - Processing file /home/airflow/.local/lib/python3.6/site-packages/airflow/example_dags/example_trigger_controller_dag.py for tasks to queue
[2021-06-11 05:38:48,005] {logging_mixin.py:104} INFO - [2021-06-11 05:38:48,005] {dagbag.py:487} INFO - Filling up the DagBag from /home/airflow/.local/lib/python3.6/site-packages/airflow/example_dags/example_trigger_controller_dag.py
[2021-06-11 05:38:48,016] {scheduler_job.py:643} INFO - DAG(s) dict_keys(['example_trigger_controller_dag']) retrieved from /home/airflow/.local/lib/python3.6/site-packages/airflow/example_dags/example_trigger_controller_dag.py
[2021-06-11 05:38:48,039] {logging_mixin.py:104} INFO - [2021-06-11 05:38:48,039] {dag.py:1832} INFO - Sync 1 DAGs
[2021-06-11 05:38:48,054] {logging_mixin.py:104} INFO - [2021-06-11 05:38:48,054] {dag.py:2305} INFO - Setting next_dagrun for example_trigger_controller_dag to 2021-06-09 00:00:00+00:00
[2021-06-11 05:38:48,064] {scheduler_job.py:190} INFO - Processing /home/airflow/.local/lib/python3.6/site-packages/airflow/example_dags/example_trigger_controller_dag.py took 0.065 seconds
[2021-06-11 05:39:18,272] {scheduler_job.py:182} INFO - Started process (PID=297) to work on /home/airflow/.local/lib/python3.6/site-packages/airflow/example_dags/example_trigger_controller_dag.py
[2021-06-11 05:39:18,273] {scheduler_job.py:633} INFO - Processing file /home/airflow/.local/lib/python3.6/site-packages/airflow/example_dags/example_trigger_controller_dag.py for tasks to queue
[2021-06-11 05:39:18,274] {logging_mixin.py:104} INFO - [2021-06-11 05:39:18,274] {dagbag.py:487} INFO - Filling up the DagBag from /home/airflow/.local/lib/python3.6/site-packages/airflow/example_dags/example_trigger_controller_dag.py
[2021-06-11 05:39:18,285] {scheduler_job.py:643} INFO - DAG(s) dict_keys(['example_trigger_controller_dag']) retrieved from /home/airflow/.local/lib/python3.6/site-packages/airflow/example_dags/example_trigger_controller_dag.py
[2021-06-11 05:39:18,308] {logging_mixin.py:104} INFO - [2021-06-11 05:39:18,308] {dag.py:1832} INFO - Sync 1 DAGs
[2021-06-11 05:39:18,322] {logging_mixin.py:104} INFO - [2021-06-11 05:39:18,322] {dag.py:2305} INFO - Setting next_dagrun for example_trigger_controller_dag to 2021-06-09 00:00:00+00:00
[2021-06-11 05:39:18,332] {scheduler_job.py:190} INFO - Processing /home/airflow/.local/lib/python3.6/site-packages/airflow/example_dags/example_trigger_controller_dag.py took 0.063 seconds
[2021-06-11 05:39:48,924] {scheduler_job.py:182} INFO - Started process (PID=383) to work on /home/airflow/.local/lib/python3.6/site-packages/airflow/example_dags/example_trigger_controller_dag.py
[2021-06-11 05:39:48,926] {scheduler_job.py:633} INFO - Processing file /home/airflow/.local/lib/python3.6/site-packages/airflow/example_dags/example_trigger_controller_dag.py for tasks to queue
[2021-06-11 05:39:48,928] {logging_mixin.py:104} INFO - [2021-06-11 05:39:48,927] {dagbag.py:487} INFO - Filling up the DagBag from /home/airflow/.local/lib/python3.6/site-packages/airflow/example_dags/example_trigger_controller_dag.py
[2021-06-11 05:39:48,938] {scheduler_job.py:643} INFO - DAG(s) dict_keys(['example_trigger_controller_dag']) retrieved from /home/airflow/.local/lib/python3.6/site-packages/airflow/example_dags/example_trigger_controller_dag.py
[2021-06-11 05:39:48,963] {logging_mixin.py:104} INFO - [2021-06-11 05:39:48,963] {dag.py:1832} INFO - Sync 1 DAGs
[2021-06-11 05:39:48,980] {logging_mixin.py:104} INFO - [2021-06-11 05:39:48,980] {dag.py:2305} INFO - Setting next_dagrun for example_trigger_controller_dag to 2021-06-09 00:00:00+00:00
[2021-06-11 05:39:48,990] {scheduler_job.py:190} INFO - Processing /home/airflow/.local/lib/python3.6/site-packages/airflow/example_dags/example_trigger_controller_dag.py took 0.069 seconds
[2021-06-11 05:40:19,337] {scheduler_job.py:182} INFO - Started process (PID=467) to work on /home/airflow/.local/lib/python3.6/site-packages/airflow/example_dags/example_trigger_controller_dag.py
[2021-06-11 05:40:19,339] {scheduler_job.py:633} INFO - Processing file /home/airflow/.local/lib/python3.6/site-packages/airflow/example_dags/example_trigger_controller_dag.py for tasks to queue
[2021-06-11 05:40:19,340] {logging_mixin.py:104} INFO - [2021-06-11 05:40:19,340] {dagbag.py:487} INFO - Filling up the DagBag from /home/airflow/.local/lib/python3.6/site-packages/airflow/example_dags/example_trigger_controller_dag.py
[2021-06-11 05:40:19,353] {scheduler_job.py:643} INFO - DAG(s) dict_keys(['example_trigger_controller_dag']) retrieved from /home/airflow/.local/lib/python3.6/site-packages/airflow/example_dags/example_trigger_controller_dag.py
[2021-06-11 05:40:19,379] {logging_mixin.py:104} INFO - [2021-06-11 05:40:19,379] {dag.py:1832} INFO - Sync 1 DAGs
[2021-06-11 05:40:19,394] {logging_mixin.py:104} INFO - [2021-06-11 05:40:19,394] {dag.py:2305} INFO - Setting next_dagrun for example_trigger_controller_dag to 2021-06-09 00:00:00+00:00
[2021-06-11 05:40:19,404] {scheduler_job.py:190} INFO - Processing /home/airflow/.local/lib/python3.6/site-packages/airflow/example_dags/example_trigger_controller_dag.py took 0.071 seconds
[2021-06-11 05:40:49,849] {scheduler_job.py:182} INFO - Started process (PID=533) to work on /home/airflow/.local/lib/python3.6/site-packages/airflow/example_dags/example_trigger_controller_dag.py
[2021-06-11 05:40:49,851] {scheduler_job.py:633} INFO - Processing file /home/airflow/.local/lib/python3.6/site-packages/airflow/example_dags/example_trigger_controller_dag.py for tasks to queue
[2021-06-11 05:40:49,853] {logging_mixin.py:104} INFO - [2021-06-11 05:40:49,852] {dagbag.py:487} INFO - Filling up the DagBag from /home/airflow/.local/lib/python3.6/site-packages/airflow/example_dags/example_trigger_controller_dag.py
[2021-06-11 05:40:49,865] {scheduler_job.py:643} INFO - DAG(s) dict_keys(['example_trigger_controller_dag']) retrieved from /home/airflow/.local/lib/python3.6/site-packages/airflow/example_dags/example_trigger_controller_dag.py
[2021-06-11 05:40:49,886] {logging_mixin.py:104} INFO - [2021-06-11 05:40:49,886] {dag.py:1832} INFO - Sync 1 DAGs
[2021-06-11 05:40:49,901] {logging_mixin.py:104} INFO - [2021-06-11 05:40:49,901] {dag.py:2305} INFO - Setting next_dagrun for example_trigger_controller_dag to 2021-06-09 00:00:00+00:00
[2021-06-11 05:40:49,911] {scheduler_job.py:190} INFO - Processing /home/airflow/.local/lib/python3.6/site-packages/airflow/example_dags/example_trigger_controller_dag.py took 0.065 seconds
[2021-06-11 05:41:20,336] {scheduler_job.py:182} INFO - Started process (PID=616) to work on /home/airflow/.local/lib/python3.6/site-packages/airflow/example_dags/example_trigger_controller_dag.py
[2021-06-11 05:41:20,339] {scheduler_job.py:633} INFO - Processing file /home/airflow/.local/lib/python3.6/site-packages/airflow/example_dags/example_trigger_controller_dag.py for tasks to queue
[2021-06-11 05:41:20,343] {logging_mixin.py:104} INFO - [2021-06-11 05:41:20,342] {dagbag.py:487} INFO - Filling up the DagBag from /home/airflow/.local/lib/python3.6/site-packages/airflow/example_dags/example_trigger_controller_dag.py
[2021-06-11 05:41:20,360] {scheduler_job.py:643} INFO - DAG(s) dict_keys(['example_trigger_controller_dag']) retrieved from /home/airflow/.local/lib/python3.6/site-packages/airflow/example_dags/example_trigger_controller_dag.py
[2021-06-11 05:41:20,402] {logging_mixin.py:104} INFO - [2021-06-11 05:41:20,402] {dag.py:1832} INFO - Sync 1 DAGs
[2021-06-11 05:41:20,433] {logging_mixin.py:104} INFO - [2021-06-11 05:41:20,433] {dag.py:2305} INFO - Setting next_dagrun for example_trigger_controller_dag to 2021-06-09 00:00:00+00:00
[2021-06-11 05:41:20,445] {scheduler_job.py:190} INFO - Processing /home/airflow/.local/lib/python3.6/site-packages/airflow/example_dags/example_trigger_controller_dag.py took 0.113 seconds
[2021-06-11 05:41:50,724] {scheduler_job.py:182} INFO - Started process (PID=700) to work on /home/airflow/.local/lib/python3.6/site-packages/airflow/example_dags/example_trigger_controller_dag.py
[2021-06-11 05:41:50,726] {scheduler_job.py:633} INFO - Processing file /home/airflow/.local/lib/python3.6/site-packages/airflow/example_dags/example_trigger_controller_dag.py for tasks to queue
[2021-06-11 05:41:50,727] {logging_mixin.py:104} INFO - [2021-06-11 05:41:50,727] {dagbag.py:487} INFO - Filling up the DagBag from /home/airflow/.local/lib/python3.6/site-packages/airflow/example_dags/example_trigger_controller_dag.py
[2021-06-11 05:41:50,739] {scheduler_job.py:643} INFO - DAG(s) dict_keys(['example_trigger_controller_dag']) retrieved from /home/airflow/.local/lib/python3.6/site-packages/airflow/example_dags/example_trigger_controller_dag.py
[2021-06-11 05:41:50,764] {logging_mixin.py:104} INFO - [2021-06-11 05:41:50,764] {dag.py:1832} INFO - Sync 1 DAGs
[2021-06-11 05:41:50,788] {logging_mixin.py:104} INFO - [2021-06-11 05:41:50,788] {dag.py:2305} INFO - Setting next_dagrun for example_trigger_controller_dag to 2021-06-09 00:00:00+00:00
[2021-06-11 05:41:50,798] {scheduler_job.py:190} INFO - Processing /home/airflow/.local/lib/python3.6/site-packages/airflow/example_dags/example_trigger_controller_dag.py took 0.077 seconds
[2021-06-11 05:42:21,433] {scheduler_job.py:182} INFO - Started process (PID=767) to work on /home/airflow/.local/lib/python3.6/site-packages/airflow/example_dags/example_trigger_controller_dag.py
[2021-06-11 05:42:21,435] {scheduler_job.py:633} INFO - Processing file /home/airflow/.local/lib/python3.6/site-packages/airflow/example_dags/example_trigger_controller_dag.py for tasks to queue
[2021-06-11 05:42:21,436] {logging_mixin.py:104} INFO - [2021-06-11 05:42:21,436] {dagbag.py:487} INFO - Filling up the DagBag from /home/airflow/.local/lib/python3.6/site-packages/airflow/example_dags/example_trigger_controller_dag.py
[2021-06-11 05:42:21,449] {scheduler_job.py:643} INFO - DAG(s) dict_keys(['example_trigger_controller_dag']) retrieved from /home/airflow/.local/lib/python3.6/site-packages/airflow/example_dags/example_trigger_controller_dag.py
[2021-06-11 05:42:21,473] {logging_mixin.py:104} INFO - [2021-06-11 05:42:21,473] {dag.py:1832} INFO - Sync 1 DAGs
[2021-06-11 05:42:21,491] {logging_mixin.py:104} INFO - [2021-06-11 05:42:21,491] {dag.py:2305} INFO - Setting next_dagrun for example_trigger_controller_dag to 2021-06-09 00:00:00+00:00
[2021-06-11 05:42:21,501] {scheduler_job.py:190} INFO - Processing /home/airflow/.local/lib/python3.6/site-packages/airflow/example_dags/example_trigger_controller_dag.py took 0.072 seconds
[2021-06-11 05:42:51,608] {scheduler_job.py:182} INFO - Started process (PID=851) to work on /home/airflow/.local/lib/python3.6/site-packages/airflow/example_dags/example_trigger_controller_dag.py
[2021-06-11 05:42:51,610] {scheduler_job.py:633} INFO - Processing file /home/airflow/.local/lib/python3.6/site-packages/airflow/example_dags/example_trigger_controller_dag.py for tasks to queue
[2021-06-11 05:42:51,611] {logging_mixin.py:104} INFO - [2021-06-11 05:42:51,611] {dagbag.py:487} INFO - Filling up the DagBag from /home/airflow/.local/lib/python3.6/site-packages/airflow/example_dags/example_trigger_controller_dag.py
[2021-06-11 05:42:51,627] {scheduler_job.py:643} INFO - DAG(s) dict_keys(['example_trigger_controller_dag']) retrieved from /home/airflow/.local/lib/python3.6/site-packages/airflow/example_dags/example_trigger_controller_dag.py
[2021-06-11 05:42:51,655] {logging_mixin.py:104} INFO - [2021-06-11 05:42:51,655] {dag.py:1832} INFO - Sync 1 DAGs
[2021-06-11 05:42:51,672] {logging_mixin.py:104} INFO - [2021-06-11 05:42:51,672] {dag.py:2305} INFO - Setting next_dagrun for example_trigger_controller_dag to 2021-06-09 00:00:00+00:00
[2021-06-11 05:42:51,683] {scheduler_job.py:190} INFO - Processing /home/airflow/.local/lib/python3.6/site-packages/airflow/example_dags/example_trigger_controller_dag.py took 0.079 seconds
[2021-06-11 05:43:22,371] {scheduler_job.py:182} INFO - Started process (PID=936) to work on /home/airflow/.local/lib/python3.6/site-packages/airflow/example_dags/example_trigger_controller_dag.py
[2021-06-11 05:43:22,373] {scheduler_job.py:633} INFO - Processing file /home/airflow/.local/lib/python3.6/site-packages/airflow/example_dags/example_trigger_controller_dag.py for tasks to queue
[2021-06-11 05:43:22,374] {logging_mixin.py:104} INFO - [2021-06-11 05:43:22,374] {dagbag.py:487} INFO - Filling up the DagBag from /home/airflow/.local/lib/python3.6/site-packages/airflow/example_dags/example_trigger_controller_dag.py
[2021-06-11 05:43:22,390] {scheduler_job.py:643} INFO - DAG(s) dict_keys(['example_trigger_controller_dag']) retrieved from /home/airflow/.local/lib/python3.6/site-packages/airflow/example_dags/example_trigger_controller_dag.py
[2021-06-11 05:43:22,419] {logging_mixin.py:104} INFO - [2021-06-11 05:43:22,419] {dag.py:1832} INFO - Sync 1 DAGs
[2021-06-11 05:43:22,436] {logging_mixin.py:104} INFO - [2021-06-11 05:43:22,436] {dag.py:2305} INFO - Setting next_dagrun for example_trigger_controller_dag to 2021-06-09 00:00:00+00:00
[2021-06-11 05:43:22,447] {scheduler_job.py:190} INFO - Processing /home/airflow/.local/lib/python3.6/site-packages/airflow/example_dags/example_trigger_controller_dag.py took 0.079 seconds
[2021-06-11 05:43:53,155] {scheduler_job.py:182} INFO - Started process (PID=1002) to work on /home/airflow/.local/lib/python3.6/site-packages/airflow/example_dags/example_trigger_controller_dag.py
[2021-06-11 05:43:53,156] {scheduler_job.py:633} INFO - Processing file /home/airflow/.local/lib/python3.6/site-packages/airflow/example_dags/example_trigger_controller_dag.py for tasks to queue
[2021-06-11 05:43:53,157] {logging_mixin.py:104} INFO - [2021-06-11 05:43:53,157] {dagbag.py:487} INFO - Filling up the DagBag from /home/airflow/.local/lib/python3.6/site-packages/airflow/example_dags/example_trigger_controller_dag.py
[2021-06-11 05:43:53,168] {scheduler_job.py:643} INFO - DAG(s) dict_keys(['example_trigger_controller_dag']) retrieved from /home/airflow/.local/lib/python3.6/site-packages/airflow/example_dags/example_trigger_controller_dag.py
[2021-06-11 05:43:53,190] {logging_mixin.py:104} INFO - [2021-06-11 05:43:53,190] {dag.py:1832} INFO - Sync 1 DAGs
[2021-06-11 05:43:53,206] {logging_mixin.py:104} INFO - [2021-06-11 05:43:53,206] {dag.py:2305} INFO - Setting next_dagrun for example_trigger_controller_dag to 2021-06-09 00:00:00+00:00
[2021-06-11 05:43:53,215] {scheduler_job.py:190} INFO - Processing /home/airflow/.local/lib/python3.6/site-packages/airflow/example_dags/example_trigger_controller_dag.py took 0.064 seconds
[2021-06-11 05:44:23,933] {scheduler_job.py:182} INFO - Started process (PID=1085) to work on /home/airflow/.local/lib/python3.6/site-packages/airflow/example_dags/example_trigger_controller_dag.py
[2021-06-11 05:44:23,935] {scheduler_job.py:633} INFO - Processing file /home/airflow/.local/lib/python3.6/site-packages/airflow/example_dags/example_trigger_controller_dag.py for tasks to queue
[2021-06-11 05:44:23,936] {logging_mixin.py:104} INFO - [2021-06-11 05:44:23,936] {dagbag.py:487} INFO - Filling up the DagBag from /home/airflow/.local/lib/python3.6/site-packages/airflow/example_dags/example_trigger_controller_dag.py
[2021-06-11 05:44:23,948] {scheduler_job.py:643} INFO - DAG(s) dict_keys(['example_trigger_controller_dag']) retrieved from /home/airflow/.local/lib/python3.6/site-packages/airflow/example_dags/example_trigger_controller_dag.py
[2021-06-11 05:44:23,969] {logging_mixin.py:104} INFO - [2021-06-11 05:44:23,969] {dag.py:1832} INFO - Sync 1 DAGs
[2021-06-11 05:44:23,984] {logging_mixin.py:104} INFO - [2021-06-11 05:44:23,984] {dag.py:2305} INFO - Setting next_dagrun for example_trigger_controller_dag to 2021-06-09 00:00:00+00:00
[2021-06-11 05:44:23,993] {scheduler_job.py:190} INFO - Processing /home/airflow/.local/lib/python3.6/site-packages/airflow/example_dags/example_trigger_controller_dag.py took 0.065 seconds
[2021-06-11 05:44:54,853] {scheduler_job.py:182} INFO - Started process (PID=1168) to work on /home/airflow/.local/lib/python3.6/site-packages/airflow/example_dags/example_trigger_controller_dag.py
[2021-06-11 05:44:54,855] {scheduler_job.py:633} INFO - Processing file /home/airflow/.local/lib/python3.6/site-packages/airflow/example_dags/example_trigger_controller_dag.py for tasks to queue
[2021-06-11 05:44:54,856] {logging_mixin.py:104} INFO - [2021-06-11 05:44:54,856] {dagbag.py:487} INFO - Filling up the DagBag from /home/airflow/.local/lib/python3.6/site-packages/airflow/example_dags/example_trigger_controller_dag.py
[2021-06-11 05:44:54,867] {scheduler_job.py:643} INFO - DAG(s) dict_keys(['example_trigger_controller_dag']) retrieved from /home/airflow/.local/lib/python3.6/site-packages/airflow/example_dags/example_trigger_controller_dag.py
[2021-06-11 05:44:54,896] {logging_mixin.py:104} INFO - [2021-06-11 05:44:54,896] {dag.py:1832} INFO - Sync 1 DAGs
[2021-06-11 05:44:54,920] {logging_mixin.py:104} INFO - [2021-06-11 05:44:54,920] {dag.py:2305} INFO - Setting next_dagrun for example_trigger_controller_dag to 2021-06-09 00:00:00+00:00
[2021-06-11 05:44:54,929] {scheduler_job.py:190} INFO - Processing /home/airflow/.local/lib/python3.6/site-packages/airflow/example_dags/example_trigger_controller_dag.py took 0.080 seconds
[2021-06-11 05:45:25,372] {scheduler_job.py:182} INFO - Started process (PID=1235) to work on /home/airflow/.local/lib/python3.6/site-packages/airflow/example_dags/example_trigger_controller_dag.py
[2021-06-11 05:45:25,374] {scheduler_job.py:633} INFO - Processing file /home/airflow/.local/lib/python3.6/site-packages/airflow/example_dags/example_trigger_controller_dag.py for tasks to queue
[2021-06-11 05:45:25,375] {logging_mixin.py:104} INFO - [2021-06-11 05:45:25,375] {dagbag.py:487} INFO - Filling up the DagBag from /home/airflow/.local/lib/python3.6/site-packages/airflow/example_dags/example_trigger_controller_dag.py
[2021-06-11 05:45:25,388] {scheduler_job.py:643} INFO - DAG(s) dict_keys(['example_trigger_controller_dag']) retrieved from /home/airflow/.local/lib/python3.6/site-packages/airflow/example_dags/example_trigger_controller_dag.py
[2021-06-11 05:45:25,412] {logging_mixin.py:104} INFO - [2021-06-11 05:45:25,412] {dag.py:1832} INFO - Sync 1 DAGs
[2021-06-11 05:45:25,427] {logging_mixin.py:104} INFO - [2021-06-11 05:45:25,426] {dag.py:2305} INFO - Setting next_dagrun for example_trigger_controller_dag to 2021-06-09 00:00:00+00:00
[2021-06-11 05:45:25,436] {scheduler_job.py:190} INFO - Processing /home/airflow/.local/lib/python3.6/site-packages/airflow/example_dags/example_trigger_controller_dag.py took 0.068 seconds
[2021-06-11 05:45:55,551] {scheduler_job.py:182} INFO - Started process (PID=1320) to work on /home/airflow/.local/lib/python3.6/site-packages/airflow/example_dags/example_trigger_controller_dag.py
[2021-06-11 05:45:55,553] {scheduler_job.py:633} INFO - Processing file /home/airflow/.local/lib/python3.6/site-packages/airflow/example_dags/example_trigger_controller_dag.py for tasks to queue
[2021-06-11 05:45:55,554] {logging_mixin.py:104} INFO - [2021-06-11 05:45:55,554] {dagbag.py:487} INFO - Filling up the DagBag from /home/airflow/.local/lib/python3.6/site-packages/airflow/example_dags/example_trigger_controller_dag.py
[2021-06-11 05:45:55,567] {scheduler_job.py:643} INFO - DAG(s) dict_keys(['example_trigger_controller_dag']) retrieved from /home/airflow/.local/lib/python3.6/site-packages/airflow/example_dags/example_trigger_controller_dag.py
[2021-06-11 05:45:55,588] {logging_mixin.py:104} INFO - [2021-06-11 05:45:55,588] {dag.py:1832} INFO - Sync 1 DAGs
[2021-06-11 05:45:55,603] {logging_mixin.py:104} INFO - [2021-06-11 05:45:55,603] {dag.py:2305} INFO - Setting next_dagrun for example_trigger_controller_dag to 2021-06-09 00:00:00+00:00
[2021-06-11 05:45:55,614] {scheduler_job.py:190} INFO - Processing /home/airflow/.local/lib/python3.6/site-packages/airflow/example_dags/example_trigger_controller_dag.py took 0.067 seconds
[2021-06-11 05:46:25,795] {scheduler_job.py:182} INFO - Started process (PID=1393) to work on /home/airflow/.local/lib/python3.6/site-packages/airflow/example_dags/example_trigger_controller_dag.py
[2021-06-11 05:46:25,797] {scheduler_job.py:633} INFO - Processing file /home/airflow/.local/lib/python3.6/site-packages/airflow/example_dags/example_trigger_controller_dag.py for tasks to queue
[2021-06-11 05:46:25,798] {logging_mixin.py:104} INFO - [2021-06-11 05:46:25,798] {dagbag.py:487} INFO - Filling up the DagBag from /home/airflow/.local/lib/python3.6/site-packages/airflow/example_dags/example_trigger_controller_dag.py
[2021-06-11 05:46:25,810] {scheduler_job.py:643} INFO - DAG(s) dict_keys(['example_trigger_controller_dag']) retrieved from /home/airflow/.local/lib/python3.6/site-packages/airflow/example_dags/example_trigger_controller_dag.py
[2021-06-11 05:46:25,834] {logging_mixin.py:104} INFO - [2021-06-11 05:46:25,834] {dag.py:1832} INFO - Sync 1 DAGs
[2021-06-11 05:46:25,851] {logging_mixin.py:104} INFO - [2021-06-11 05:46:25,851] {dag.py:2305} INFO - Setting next_dagrun for example_trigger_controller_dag to 2021-06-09 00:00:00+00:00
[2021-06-11 05:46:25,862] {scheduler_job.py:190} INFO - Processing /home/airflow/.local/lib/python3.6/site-packages/airflow/example_dags/example_trigger_controller_dag.py took 0.070 seconds
[2021-06-11 05:46:56,143] {scheduler_job.py:182} INFO - Started process (PID=1469) to work on /home/airflow/.local/lib/python3.6/site-packages/airflow/example_dags/example_trigger_controller_dag.py
[2021-06-11 05:46:56,146] {scheduler_job.py:633} INFO - Processing file /home/airflow/.local/lib/python3.6/site-packages/airflow/example_dags/example_trigger_controller_dag.py for tasks to queue
[2021-06-11 05:46:56,147] {logging_mixin.py:104} INFO - [2021-06-11 05:46:56,147] {dagbag.py:487} INFO - Filling up the DagBag from /home/airflow/.local/lib/python3.6/site-packages/airflow/example_dags/example_trigger_controller_dag.py
[2021-06-11 05:46:56,158] {scheduler_job.py:643} INFO - DAG(s) dict_keys(['example_trigger_controller_dag']) retrieved from /home/airflow/.local/lib/python3.6/site-packages/airflow/example_dags/example_trigger_controller_dag.py
[2021-06-11 05:46:56,182] {logging_mixin.py:104} INFO - [2021-06-11 05:46:56,182] {dag.py:1832} INFO - Sync 1 DAGs
[2021-06-11 05:46:56,200] {logging_mixin.py:104} INFO - [2021-06-11 05:46:56,200] {dag.py:2305} INFO - Setting next_dagrun for example_trigger_controller_dag to 2021-06-09 00:00:00+00:00
[2021-06-11 05:46:56,210] {scheduler_job.py:190} INFO - Processing /home/airflow/.local/lib/python3.6/site-packages/airflow/example_dags/example_trigger_controller_dag.py took 0.070 seconds
[2021-06-11 05:47:26,518] {scheduler_job.py:182} INFO - Started process (PID=1553) to work on /home/airflow/.local/lib/python3.6/site-packages/airflow/example_dags/example_trigger_controller_dag.py
[2021-06-11 05:47:26,520] {scheduler_job.py:633} INFO - Processing file /home/airflow/.local/lib/python3.6/site-packages/airflow/example_dags/example_trigger_controller_dag.py for tasks to queue
[2021-06-11 05:47:26,521] {logging_mixin.py:104} INFO - [2021-06-11 05:47:26,521] {dagbag.py:487} INFO - Filling up the DagBag from /home/airflow/.local/lib/python3.6/site-packages/airflow/example_dags/example_trigger_controller_dag.py
[2021-06-11 05:47:26,533] {scheduler_job.py:643} INFO - DAG(s) dict_keys(['example_trigger_controller_dag']) retrieved from /home/airflow/.local/lib/python3.6/site-packages/airflow/example_dags/example_trigger_controller_dag.py
[2021-06-11 05:47:26,556] {logging_mixin.py:104} INFO - [2021-06-11 05:47:26,556] {dag.py:1832} INFO - Sync 1 DAGs
[2021-06-11 05:47:26,574] {logging_mixin.py:104} INFO - [2021-06-11 05:47:26,574] {dag.py:2305} INFO - Setting next_dagrun for example_trigger_controller_dag to 2021-06-09 00:00:00+00:00
[2021-06-11 05:47:26,585] {scheduler_job.py:190} INFO - Processing /home/airflow/.local/lib/python3.6/site-packages/airflow/example_dags/example_trigger_controller_dag.py took 0.072 seconds
[2021-06-11 05:47:56,754] {scheduler_job.py:182} INFO - Started process (PID=1620) to work on /home/airflow/.local/lib/python3.6/site-packages/airflow/example_dags/example_trigger_controller_dag.py
[2021-06-11 05:47:56,756] {scheduler_job.py:633} INFO - Processing file /home/airflow/.local/lib/python3.6/site-packages/airflow/example_dags/example_trigger_controller_dag.py for tasks to queue
[2021-06-11 05:47:56,757] {logging_mixin.py:104} INFO - [2021-06-11 05:47:56,757] {dagbag.py:487} INFO - Filling up the DagBag from /home/airflow/.local/lib/python3.6/site-packages/airflow/example_dags/example_trigger_controller_dag.py
[2021-06-11 05:47:56,769] {scheduler_job.py:643} INFO - DAG(s) dict_keys(['example_trigger_controller_dag']) retrieved from /home/airflow/.local/lib/python3.6/site-packages/airflow/example_dags/example_trigger_controller_dag.py
[2021-06-11 05:47:56,793] {logging_mixin.py:104} INFO - [2021-06-11 05:47:56,793] {dag.py:1832} INFO - Sync 1 DAGs
[2021-06-11 05:47:56,809] {logging_mixin.py:104} INFO - [2021-06-11 05:47:56,809] {dag.py:2305} INFO - Setting next_dagrun for example_trigger_controller_dag to 2021-06-09 00:00:00+00:00
[2021-06-11 05:47:56,819] {scheduler_job.py:190} INFO - Processing /home/airflow/.local/lib/python3.6/site-packages/airflow/example_dags/example_trigger_controller_dag.py took 0.068 seconds
[2021-06-11 05:48:27,557] {scheduler_job.py:182} INFO - Started process (PID=1705) to work on /home/airflow/.local/lib/python3.6/site-packages/airflow/example_dags/example_trigger_controller_dag.py
[2021-06-11 05:48:27,560] {scheduler_job.py:633} INFO - Processing file /home/airflow/.local/lib/python3.6/site-packages/airflow/example_dags/example_trigger_controller_dag.py for tasks to queue
[2021-06-11 05:48:27,564] {logging_mixin.py:104} INFO - [2021-06-11 05:48:27,564] {dagbag.py:487} INFO - Filling up the DagBag from /home/airflow/.local/lib/python3.6/site-packages/airflow/example_dags/example_trigger_controller_dag.py
[2021-06-11 05:48:27,579] {scheduler_job.py:643} INFO - DAG(s) dict_keys(['example_trigger_controller_dag']) retrieved from /home/airflow/.local/lib/python3.6/site-packages/airflow/example_dags/example_trigger_controller_dag.py
[2021-06-11 05:48:27,610] {logging_mixin.py:104} INFO - [2021-06-11 05:48:27,610] {dag.py:1832} INFO - Sync 1 DAGs
[2021-06-11 05:48:27,633] {logging_mixin.py:104} INFO - [2021-06-11 05:48:27,633] {dag.py:2305} INFO - Setting next_dagrun for example_trigger_controller_dag to 2021-06-09 00:00:00+00:00
[2021-06-11 05:48:27,646] {scheduler_job.py:190} INFO - Processing /home/airflow/.local/lib/python3.6/site-packages/airflow/example_dags/example_trigger_controller_dag.py took 0.094 seconds
[2021-06-11 05:48:57,671] {scheduler_job.py:182} INFO - Started process (PID=1781) to work on /home/airflow/.local/lib/python3.6/site-packages/airflow/example_dags/example_trigger_controller_dag.py
[2021-06-11 05:48:57,673] {scheduler_job.py:633} INFO - Processing file /home/airflow/.local/lib/python3.6/site-packages/airflow/example_dags/example_trigger_controller_dag.py for tasks to queue
[2021-06-11 05:48:57,674] {logging_mixin.py:104} INFO - [2021-06-11 05:48:57,674] {dagbag.py:487} INFO - Filling up the DagBag from /home/airflow/.local/lib/python3.6/site-packages/airflow/example_dags/example_trigger_controller_dag.py
[2021-06-11 05:48:57,688] {scheduler_job.py:643} INFO - DAG(s) dict_keys(['example_trigger_controller_dag']) retrieved from /home/airflow/.local/lib/python3.6/site-packages/airflow/example_dags/example_trigger_controller_dag.py
[2021-06-11 05:48:57,713] {logging_mixin.py:104} INFO - [2021-06-11 05:48:57,712] {dag.py:1832} INFO - Sync 1 DAGs
[2021-06-11 05:48:57,730] {logging_mixin.py:104} INFO - [2021-06-11 05:48:57,729] {dag.py:2305} INFO - Setting next_dagrun for example_trigger_controller_dag to 2021-06-09 00:00:00+00:00
[2021-06-11 05:48:57,741] {scheduler_job.py:190} INFO - Processing /home/airflow/.local/lib/python3.6/site-packages/airflow/example_dags/example_trigger_controller_dag.py took 0.073 seconds
[2021-06-11 05:49:28,084] {scheduler_job.py:182} INFO - Started process (PID=1855) to work on /home/airflow/.local/lib/python3.6/site-packages/airflow/example_dags/example_trigger_controller_dag.py
[2021-06-11 05:49:28,086] {scheduler_job.py:633} INFO - Processing file /home/airflow/.local/lib/python3.6/site-packages/airflow/example_dags/example_trigger_controller_dag.py for tasks to queue
[2021-06-11 05:49:28,087] {logging_mixin.py:104} INFO - [2021-06-11 05:49:28,087] {dagbag.py:487} INFO - Filling up the DagBag from /home/airflow/.local/lib/python3.6/site-packages/airflow/example_dags/example_trigger_controller_dag.py
[2021-06-11 05:49:28,099] {scheduler_job.py:643} INFO - DAG(s) dict_keys(['example_trigger_controller_dag']) retrieved from /home/airflow/.local/lib/python3.6/site-packages/airflow/example_dags/example_trigger_controller_dag.py
[2021-06-11 05:49:28,121] {logging_mixin.py:104} INFO - [2021-06-11 05:49:28,121] {dag.py:1832} INFO - Sync 1 DAGs
[2021-06-11 05:49:28,137] {logging_mixin.py:104} INFO - [2021-06-11 05:49:28,137] {dag.py:2305} INFO - Setting next_dagrun for example_trigger_controller_dag to 2021-06-09 00:00:00+00:00
[2021-06-11 05:49:28,146] {scheduler_job.py:190} INFO - Processing /home/airflow/.local/lib/python3.6/site-packages/airflow/example_dags/example_trigger_controller_dag.py took 0.066 seconds
[2021-06-11 05:49:58,451] {scheduler_job.py:182} INFO - Started process (PID=1937) to work on /home/airflow/.local/lib/python3.6/site-packages/airflow/example_dags/example_trigger_controller_dag.py
[2021-06-11 05:49:58,454] {scheduler_job.py:633} INFO - Processing file /home/airflow/.local/lib/python3.6/site-packages/airflow/example_dags/example_trigger_controller_dag.py for tasks to queue
[2021-06-11 05:49:58,455] {logging_mixin.py:104} INFO - [2021-06-11 05:49:58,455] {dagbag.py:487} INFO - Filling up the DagBag from /home/airflow/.local/lib/python3.6/site-packages/airflow/example_dags/example_trigger_controller_dag.py
[2021-06-11 05:49:58,466] {scheduler_job.py:643} INFO - DAG(s) dict_keys(['example_trigger_controller_dag']) retrieved from /home/airflow/.local/lib/python3.6/site-packages/airflow/example_dags/example_trigger_controller_dag.py
[2021-06-11 05:49:58,490] {logging_mixin.py:104} INFO - [2021-06-11 05:49:58,490] {dag.py:1832} INFO - Sync 1 DAGs
[2021-06-11 05:49:58,508] {logging_mixin.py:104} INFO - [2021-06-11 05:49:58,508] {dag.py:2305} INFO - Setting next_dagrun for example_trigger_controller_dag to 2021-06-09 00:00:00+00:00
[2021-06-11 05:49:58,520] {scheduler_job.py:190} INFO - Processing /home/airflow/.local/lib/python3.6/site-packages/airflow/example_dags/example_trigger_controller_dag.py took 0.072 seconds
[2021-06-11 05:50:28,551] {scheduler_job.py:182} INFO - Started process (PID=2005) to work on /home/airflow/.local/lib/python3.6/site-packages/airflow/example_dags/example_trigger_controller_dag.py
[2021-06-11 05:50:28,553] {scheduler_job.py:633} INFO - Processing file /home/airflow/.local/lib/python3.6/site-packages/airflow/example_dags/example_trigger_controller_dag.py for tasks to queue
[2021-06-11 05:50:28,554] {logging_mixin.py:104} INFO - [2021-06-11 05:50:28,554] {dagbag.py:487} INFO - Filling up the DagBag from /home/airflow/.local/lib/python3.6/site-packages/airflow/example_dags/example_trigger_controller_dag.py
[2021-06-11 05:50:28,566] {scheduler_job.py:643} INFO - DAG(s) dict_keys(['example_trigger_controller_dag']) retrieved from /home/airflow/.local/lib/python3.6/site-packages/airflow/example_dags/example_trigger_controller_dag.py
[2021-06-11 05:50:28,589] {logging_mixin.py:104} INFO - [2021-06-11 05:50:28,589] {dag.py:1832} INFO - Sync 1 DAGs
[2021-06-11 05:50:28,605] {logging_mixin.py:104} INFO - [2021-06-11 05:50:28,605] {dag.py:2305} INFO - Setting next_dagrun for example_trigger_controller_dag to 2021-06-09 00:00:00+00:00
[2021-06-11 05:50:28,615] {scheduler_job.py:190} INFO - Processing /home/airflow/.local/lib/python3.6/site-packages/airflow/example_dags/example_trigger_controller_dag.py took 0.068 seconds
[2021-06-11 05:50:58,877] {scheduler_job.py:182} INFO - Started process (PID=2089) to work on /home/airflow/.local/lib/python3.6/site-packages/airflow/example_dags/example_trigger_controller_dag.py
[2021-06-11 05:50:58,879] {scheduler_job.py:633} INFO - Processing file /home/airflow/.local/lib/python3.6/site-packages/airflow/example_dags/example_trigger_controller_dag.py for tasks to queue
[2021-06-11 05:50:58,880] {logging_mixin.py:104} INFO - [2021-06-11 05:50:58,880] {dagbag.py:487} INFO - Filling up the DagBag from /home/airflow/.local/lib/python3.6/site-packages/airflow/example_dags/example_trigger_controller_dag.py
[2021-06-11 05:50:58,891] {scheduler_job.py:643} INFO - DAG(s) dict_keys(['example_trigger_controller_dag']) retrieved from /home/airflow/.local/lib/python3.6/site-packages/airflow/example_dags/example_trigger_controller_dag.py
[2021-06-11 05:50:58,917] {logging_mixin.py:104} INFO - [2021-06-11 05:50:58,916] {dag.py:1832} INFO - Sync 1 DAGs
[2021-06-11 05:50:58,935] {logging_mixin.py:104} INFO - [2021-06-11 05:50:58,935] {dag.py:2305} INFO - Setting next_dagrun for example_trigger_controller_dag to 2021-06-09 00:00:00+00:00
[2021-06-11 05:50:58,945] {scheduler_job.py:190} INFO - Processing /home/airflow/.local/lib/python3.6/site-packages/airflow/example_dags/example_trigger_controller_dag.py took 0.072 seconds
[2021-06-11 05:51:29,751] {scheduler_job.py:182} INFO - Started process (PID=2173) to work on /home/airflow/.local/lib/python3.6/site-packages/airflow/example_dags/example_trigger_controller_dag.py
[2021-06-11 05:51:29,752] {scheduler_job.py:633} INFO - Processing file /home/airflow/.local/lib/python3.6/site-packages/airflow/example_dags/example_trigger_controller_dag.py for tasks to queue
[2021-06-11 05:51:29,753] {logging_mixin.py:104} INFO - [2021-06-11 05:51:29,753] {dagbag.py:487} INFO - Filling up the DagBag from /home/airflow/.local/lib/python3.6/site-packages/airflow/example_dags/example_trigger_controller_dag.py
[2021-06-11 05:51:29,764] {scheduler_job.py:643} INFO - DAG(s) dict_keys(['example_trigger_controller_dag']) retrieved from /home/airflow/.local/lib/python3.6/site-packages/airflow/example_dags/example_trigger_controller_dag.py
[2021-06-11 05:51:29,786] {logging_mixin.py:104} INFO - [2021-06-11 05:51:29,785] {dag.py:1832} INFO - Sync 1 DAGs
[2021-06-11 05:51:29,802] {logging_mixin.py:104} INFO - [2021-06-11 05:51:29,802] {dag.py:2305} INFO - Setting next_dagrun for example_trigger_controller_dag to 2021-06-09 00:00:00+00:00
[2021-06-11 05:51:29,812] {scheduler_job.py:190} INFO - Processing /home/airflow/.local/lib/python3.6/site-packages/airflow/example_dags/example_trigger_controller_dag.py took 0.065 seconds
[2021-06-11 05:52:00,057] {scheduler_job.py:182} INFO - Started process (PID=2240) to work on /home/airflow/.local/lib/python3.6/site-packages/airflow/example_dags/example_trigger_controller_dag.py
[2021-06-11 05:52:00,059] {scheduler_job.py:633} INFO - Processing file /home/airflow/.local/lib/python3.6/site-packages/airflow/example_dags/example_trigger_controller_dag.py for tasks to queue
[2021-06-11 05:52:00,061] {logging_mixin.py:104} INFO - [2021-06-11 05:52:00,060] {dagbag.py:487} INFO - Filling up the DagBag from /home/airflow/.local/lib/python3.6/site-packages/airflow/example_dags/example_trigger_controller_dag.py
[2021-06-11 05:52:00,073] {scheduler_job.py:643} INFO - DAG(s) dict_keys(['example_trigger_controller_dag']) retrieved from /home/airflow/.local/lib/python3.6/site-packages/airflow/example_dags/example_trigger_controller_dag.py
[2021-06-11 05:52:00,100] {logging_mixin.py:104} INFO - [2021-06-11 05:52:00,100] {dag.py:1832} INFO - Sync 1 DAGs
[2021-06-11 05:52:00,119] {logging_mixin.py:104} INFO - [2021-06-11 05:52:00,119] {dag.py:2305} INFO - Setting next_dagrun for example_trigger_controller_dag to 2021-06-09 00:00:00+00:00
[2021-06-11 05:52:00,133] {scheduler_job.py:190} INFO - Processing /home/airflow/.local/lib/python3.6/site-packages/airflow/example_dags/example_trigger_controller_dag.py took 0.080 seconds
[2021-06-11 05:52:30,170] {scheduler_job.py:182} INFO - Started process (PID=2324) to work on /home/airflow/.local/lib/python3.6/site-packages/airflow/example_dags/example_trigger_controller_dag.py
[2021-06-11 05:52:30,172] {scheduler_job.py:633} INFO - Processing file /home/airflow/.local/lib/python3.6/site-packages/airflow/example_dags/example_trigger_controller_dag.py for tasks to queue
[2021-06-11 05:52:30,174] {logging_mixin.py:104} INFO - [2021-06-11 05:52:30,173] {dagbag.py:487} INFO - Filling up the DagBag from /home/airflow/.local/lib/python3.6/site-packages/airflow/example_dags/example_trigger_controller_dag.py
[2021-06-11 05:52:30,186] {scheduler_job.py:643} INFO - DAG(s) dict_keys(['example_trigger_controller_dag']) retrieved from /home/airflow/.local/lib/python3.6/site-packages/airflow/example_dags/example_trigger_controller_dag.py
[2021-06-11 05:52:30,210] {logging_mixin.py:104} INFO - [2021-06-11 05:52:30,210] {dag.py:1832} INFO - Sync 1 DAGs
[2021-06-11 05:52:30,225] {logging_mixin.py:104} INFO - [2021-06-11 05:52:30,225] {dag.py:2305} INFO - Setting next_dagrun for example_trigger_controller_dag to 2021-06-09 00:00:00+00:00
[2021-06-11 05:52:30,234] {scheduler_job.py:190} INFO - Processing /home/airflow/.local/lib/python3.6/site-packages/airflow/example_dags/example_trigger_controller_dag.py took 0.068 seconds
[2021-06-11 05:53:00,694] {scheduler_job.py:182} INFO - Started process (PID=2401) to work on /home/airflow/.local/lib/python3.6/site-packages/airflow/example_dags/example_trigger_controller_dag.py
[2021-06-11 05:53:00,696] {scheduler_job.py:633} INFO - Processing file /home/airflow/.local/lib/python3.6/site-packages/airflow/example_dags/example_trigger_controller_dag.py for tasks to queue
[2021-06-11 05:53:00,697] {logging_mixin.py:104} INFO - [2021-06-11 05:53:00,697] {dagbag.py:487} INFO - Filling up the DagBag from /home/airflow/.local/lib/python3.6/site-packages/airflow/example_dags/example_trigger_controller_dag.py
[2021-06-11 05:53:00,709] {scheduler_job.py:643} INFO - DAG(s) dict_keys(['example_trigger_controller_dag']) retrieved from /home/airflow/.local/lib/python3.6/site-packages/airflow/example_dags/example_trigger_controller_dag.py
[2021-06-11 05:53:00,733] {logging_mixin.py:104} INFO - [2021-06-11 05:53:00,733] {dag.py:1832} INFO - Sync 1 DAGs
[2021-06-11 05:53:00,750] {logging_mixin.py:104} INFO - [2021-06-11 05:53:00,750] {dag.py:2305} INFO - Setting next_dagrun for example_trigger_controller_dag to 2021-06-09 00:00:00+00:00
[2021-06-11 05:53:00,761] {scheduler_job.py:190} INFO - Processing /home/airflow/.local/lib/python3.6/site-packages/airflow/example_dags/example_trigger_controller_dag.py took 0.070 seconds
[2021-06-11 05:53:31,239] {scheduler_job.py:182} INFO - Started process (PID=2474) to work on /home/airflow/.local/lib/python3.6/site-packages/airflow/example_dags/example_trigger_controller_dag.py
[2021-06-11 05:53:31,241] {scheduler_job.py:633} INFO - Processing file /home/airflow/.local/lib/python3.6/site-packages/airflow/example_dags/example_trigger_controller_dag.py for tasks to queue
[2021-06-11 05:53:31,242] {logging_mixin.py:104} INFO - [2021-06-11 05:53:31,242] {dagbag.py:487} INFO - Filling up the DagBag from /home/airflow/.local/lib/python3.6/site-packages/airflow/example_dags/example_trigger_controller_dag.py
[2021-06-11 05:53:31,255] {scheduler_job.py:643} INFO - DAG(s) dict_keys(['example_trigger_controller_dag']) retrieved from /home/airflow/.local/lib/python3.6/site-packages/airflow/example_dags/example_trigger_controller_dag.py
[2021-06-11 05:53:31,277] {logging_mixin.py:104} INFO - [2021-06-11 05:53:31,277] {dag.py:1832} INFO - Sync 1 DAGs
[2021-06-11 05:53:31,292] {logging_mixin.py:104} INFO - [2021-06-11 05:53:31,292] {dag.py:2305} INFO - Setting next_dagrun for example_trigger_controller_dag to 2021-06-09 00:00:00+00:00
[2021-06-11 05:53:31,301] {scheduler_job.py:190} INFO - Processing /home/airflow/.local/lib/python3.6/site-packages/airflow/example_dags/example_trigger_controller_dag.py took 0.066 seconds
