[2021-06-11 05:37:57,826] {scheduler_job.py:182} INFO - Started process (PID=81) to work on /home/airflow/.local/lib/python3.6/site-packages/airflow/example_dags/example_python_operator.py
[2021-06-11 05:37:57,828] {scheduler_job.py:633} INFO - Processing file /home/airflow/.local/lib/python3.6/site-packages/airflow/example_dags/example_python_operator.py for tasks to queue
[2021-06-11 05:37:57,829] {logging_mixin.py:104} INFO - [2021-06-11 05:37:57,829] {dagbag.py:487} INFO - Filling up the DagBag from /home/airflow/.local/lib/python3.6/site-packages/airflow/example_dags/example_python_operator.py
[2021-06-11 05:37:57,843] {scheduler_job.py:643} INFO - DAG(s) dict_keys(['example_python_operator']) retrieved from /home/airflow/.local/lib/python3.6/site-packages/airflow/example_dags/example_python_operator.py
[2021-06-11 05:37:59,403] {logging_mixin.py:104} INFO - [2021-06-11 05:37:59,403] {dag.py:1832} INFO - Sync 1 DAGs
[2021-06-11 05:37:59,416] {logging_mixin.py:104} INFO - [2021-06-11 05:37:59,415] {dag.py:1851} INFO - Creating ORM DAG for example_python_operator
[2021-06-11 05:37:59,422] {logging_mixin.py:104} INFO - [2021-06-11 05:37:59,422] {dag.py:2305} INFO - Setting next_dagrun for example_python_operator to None
[2021-06-11 05:37:59,437] {scheduler_job.py:190} INFO - Processing /home/airflow/.local/lib/python3.6/site-packages/airflow/example_dags/example_python_operator.py took 1.614 seconds
[2021-06-11 05:38:29,942] {scheduler_job.py:182} INFO - Started process (PID=180) to work on /home/airflow/.local/lib/python3.6/site-packages/airflow/example_dags/example_python_operator.py
[2021-06-11 05:38:29,944] {scheduler_job.py:633} INFO - Processing file /home/airflow/.local/lib/python3.6/site-packages/airflow/example_dags/example_python_operator.py for tasks to queue
[2021-06-11 05:38:29,945] {logging_mixin.py:104} INFO - [2021-06-11 05:38:29,945] {dagbag.py:487} INFO - Filling up the DagBag from /home/airflow/.local/lib/python3.6/site-packages/airflow/example_dags/example_python_operator.py
[2021-06-11 05:38:29,960] {scheduler_job.py:643} INFO - DAG(s) dict_keys(['example_python_operator']) retrieved from /home/airflow/.local/lib/python3.6/site-packages/airflow/example_dags/example_python_operator.py
[2021-06-11 05:38:29,983] {logging_mixin.py:104} INFO - [2021-06-11 05:38:29,983] {dag.py:1832} INFO - Sync 1 DAGs
[2021-06-11 05:38:30,007] {logging_mixin.py:104} INFO - [2021-06-11 05:38:30,007] {dag.py:2305} INFO - Setting next_dagrun for example_python_operator to None
[2021-06-11 05:38:30,018] {scheduler_job.py:190} INFO - Processing /home/airflow/.local/lib/python3.6/site-packages/airflow/example_dags/example_python_operator.py took 0.079 seconds
[2021-06-11 05:39:00,628] {scheduler_job.py:182} INFO - Started process (PID=262) to work on /home/airflow/.local/lib/python3.6/site-packages/airflow/example_dags/example_python_operator.py
[2021-06-11 05:39:00,630] {scheduler_job.py:633} INFO - Processing file /home/airflow/.local/lib/python3.6/site-packages/airflow/example_dags/example_python_operator.py for tasks to queue
[2021-06-11 05:39:00,631] {logging_mixin.py:104} INFO - [2021-06-11 05:39:00,631] {dagbag.py:487} INFO - Filling up the DagBag from /home/airflow/.local/lib/python3.6/site-packages/airflow/example_dags/example_python_operator.py
[2021-06-11 05:39:00,644] {scheduler_job.py:643} INFO - DAG(s) dict_keys(['example_python_operator']) retrieved from /home/airflow/.local/lib/python3.6/site-packages/airflow/example_dags/example_python_operator.py
[2021-06-11 05:39:00,668] {logging_mixin.py:104} INFO - [2021-06-11 05:39:00,668] {dag.py:1832} INFO - Sync 1 DAGs
[2021-06-11 05:39:00,683] {logging_mixin.py:104} INFO - [2021-06-11 05:39:00,683] {dag.py:2305} INFO - Setting next_dagrun for example_python_operator to None
[2021-06-11 05:39:00,692] {scheduler_job.py:190} INFO - Processing /home/airflow/.local/lib/python3.6/site-packages/airflow/example_dags/example_python_operator.py took 0.068 seconds
[2021-06-11 05:39:30,747] {scheduler_job.py:182} INFO - Started process (PID=329) to work on /home/airflow/.local/lib/python3.6/site-packages/airflow/example_dags/example_python_operator.py
[2021-06-11 05:39:30,749] {scheduler_job.py:633} INFO - Processing file /home/airflow/.local/lib/python3.6/site-packages/airflow/example_dags/example_python_operator.py for tasks to queue
[2021-06-11 05:39:30,750] {logging_mixin.py:104} INFO - [2021-06-11 05:39:30,750] {dagbag.py:487} INFO - Filling up the DagBag from /home/airflow/.local/lib/python3.6/site-packages/airflow/example_dags/example_python_operator.py
[2021-06-11 05:39:30,766] {scheduler_job.py:643} INFO - DAG(s) dict_keys(['example_python_operator']) retrieved from /home/airflow/.local/lib/python3.6/site-packages/airflow/example_dags/example_python_operator.py
[2021-06-11 05:39:30,794] {logging_mixin.py:104} INFO - [2021-06-11 05:39:30,794] {dag.py:1832} INFO - Sync 1 DAGs
[2021-06-11 05:39:30,813] {logging_mixin.py:104} INFO - [2021-06-11 05:39:30,813] {dag.py:2305} INFO - Setting next_dagrun for example_python_operator to None
[2021-06-11 05:39:30,824] {scheduler_job.py:190} INFO - Processing /home/airflow/.local/lib/python3.6/site-packages/airflow/example_dags/example_python_operator.py took 0.082 seconds
[2021-06-11 05:40:01,533] {scheduler_job.py:182} INFO - Started process (PID=415) to work on /home/airflow/.local/lib/python3.6/site-packages/airflow/example_dags/example_python_operator.py
[2021-06-11 05:40:01,535] {scheduler_job.py:633} INFO - Processing file /home/airflow/.local/lib/python3.6/site-packages/airflow/example_dags/example_python_operator.py for tasks to queue
[2021-06-11 05:40:01,537] {logging_mixin.py:104} INFO - [2021-06-11 05:40:01,536] {dagbag.py:487} INFO - Filling up the DagBag from /home/airflow/.local/lib/python3.6/site-packages/airflow/example_dags/example_python_operator.py
[2021-06-11 05:40:01,549] {scheduler_job.py:643} INFO - DAG(s) dict_keys(['example_python_operator']) retrieved from /home/airflow/.local/lib/python3.6/site-packages/airflow/example_dags/example_python_operator.py
[2021-06-11 05:40:01,577] {logging_mixin.py:104} INFO - [2021-06-11 05:40:01,577] {dag.py:1832} INFO - Sync 1 DAGs
[2021-06-11 05:40:01,595] {logging_mixin.py:104} INFO - [2021-06-11 05:40:01,594] {dag.py:2305} INFO - Setting next_dagrun for example_python_operator to None
[2021-06-11 05:40:01,605] {scheduler_job.py:190} INFO - Processing /home/airflow/.local/lib/python3.6/site-packages/airflow/example_dags/example_python_operator.py took 0.076 seconds
[2021-06-11 05:40:31,858] {scheduler_job.py:182} INFO - Started process (PID=499) to work on /home/airflow/.local/lib/python3.6/site-packages/airflow/example_dags/example_python_operator.py
[2021-06-11 05:40:31,860] {scheduler_job.py:633} INFO - Processing file /home/airflow/.local/lib/python3.6/site-packages/airflow/example_dags/example_python_operator.py for tasks to queue
[2021-06-11 05:40:31,861] {logging_mixin.py:104} INFO - [2021-06-11 05:40:31,861] {dagbag.py:487} INFO - Filling up the DagBag from /home/airflow/.local/lib/python3.6/site-packages/airflow/example_dags/example_python_operator.py
[2021-06-11 05:40:31,877] {scheduler_job.py:643} INFO - DAG(s) dict_keys(['example_python_operator']) retrieved from /home/airflow/.local/lib/python3.6/site-packages/airflow/example_dags/example_python_operator.py
[2021-06-11 05:40:31,903] {logging_mixin.py:104} INFO - [2021-06-11 05:40:31,902] {dag.py:1832} INFO - Sync 1 DAGs
[2021-06-11 05:40:31,917] {logging_mixin.py:104} INFO - [2021-06-11 05:40:31,917] {dag.py:2305} INFO - Setting next_dagrun for example_python_operator to None
[2021-06-11 05:40:31,926] {scheduler_job.py:190} INFO - Processing /home/airflow/.local/lib/python3.6/site-packages/airflow/example_dags/example_python_operator.py took 0.073 seconds
[2021-06-11 05:41:02,398] {scheduler_job.py:182} INFO - Started process (PID=575) to work on /home/airflow/.local/lib/python3.6/site-packages/airflow/example_dags/example_python_operator.py
[2021-06-11 05:41:02,400] {scheduler_job.py:633} INFO - Processing file /home/airflow/.local/lib/python3.6/site-packages/airflow/example_dags/example_python_operator.py for tasks to queue
[2021-06-11 05:41:02,401] {logging_mixin.py:104} INFO - [2021-06-11 05:41:02,401] {dagbag.py:487} INFO - Filling up the DagBag from /home/airflow/.local/lib/python3.6/site-packages/airflow/example_dags/example_python_operator.py
[2021-06-11 05:41:02,417] {scheduler_job.py:643} INFO - DAG(s) dict_keys(['example_python_operator']) retrieved from /home/airflow/.local/lib/python3.6/site-packages/airflow/example_dags/example_python_operator.py
[2021-06-11 05:41:02,444] {logging_mixin.py:104} INFO - [2021-06-11 05:41:02,444] {dag.py:1832} INFO - Sync 1 DAGs
[2021-06-11 05:41:02,466] {logging_mixin.py:104} INFO - [2021-06-11 05:41:02,466] {dag.py:2305} INFO - Setting next_dagrun for example_python_operator to None
[2021-06-11 05:41:02,495] {scheduler_job.py:190} INFO - Processing /home/airflow/.local/lib/python3.6/site-packages/airflow/example_dags/example_python_operator.py took 0.101 seconds
[2021-06-11 05:41:32,996] {scheduler_job.py:182} INFO - Started process (PID=648) to work on /home/airflow/.local/lib/python3.6/site-packages/airflow/example_dags/example_python_operator.py
[2021-06-11 05:41:32,997] {scheduler_job.py:633} INFO - Processing file /home/airflow/.local/lib/python3.6/site-packages/airflow/example_dags/example_python_operator.py for tasks to queue
[2021-06-11 05:41:32,999] {logging_mixin.py:104} INFO - [2021-06-11 05:41:32,999] {dagbag.py:487} INFO - Filling up the DagBag from /home/airflow/.local/lib/python3.6/site-packages/airflow/example_dags/example_python_operator.py
[2021-06-11 05:41:33,015] {scheduler_job.py:643} INFO - DAG(s) dict_keys(['example_python_operator']) retrieved from /home/airflow/.local/lib/python3.6/site-packages/airflow/example_dags/example_python_operator.py
[2021-06-11 05:41:33,043] {logging_mixin.py:104} INFO - [2021-06-11 05:41:33,043] {dag.py:1832} INFO - Sync 1 DAGs
[2021-06-11 05:41:33,063] {logging_mixin.py:104} INFO - [2021-06-11 05:41:33,062] {dag.py:2305} INFO - Setting next_dagrun for example_python_operator to None
[2021-06-11 05:41:33,078] {scheduler_job.py:190} INFO - Processing /home/airflow/.local/lib/python3.6/site-packages/airflow/example_dags/example_python_operator.py took 0.086 seconds
[2021-06-11 05:42:03,242] {scheduler_job.py:182} INFO - Started process (PID=732) to work on /home/airflow/.local/lib/python3.6/site-packages/airflow/example_dags/example_python_operator.py
[2021-06-11 05:42:03,244] {scheduler_job.py:633} INFO - Processing file /home/airflow/.local/lib/python3.6/site-packages/airflow/example_dags/example_python_operator.py for tasks to queue
[2021-06-11 05:42:03,246] {logging_mixin.py:104} INFO - [2021-06-11 05:42:03,246] {dagbag.py:487} INFO - Filling up the DagBag from /home/airflow/.local/lib/python3.6/site-packages/airflow/example_dags/example_python_operator.py
[2021-06-11 05:42:03,263] {scheduler_job.py:643} INFO - DAG(s) dict_keys(['example_python_operator']) retrieved from /home/airflow/.local/lib/python3.6/site-packages/airflow/example_dags/example_python_operator.py
[2021-06-11 05:42:03,285] {logging_mixin.py:104} INFO - [2021-06-11 05:42:03,285] {dag.py:1832} INFO - Sync 1 DAGs
[2021-06-11 05:42:03,301] {logging_mixin.py:104} INFO - [2021-06-11 05:42:03,301] {dag.py:2305} INFO - Setting next_dagrun for example_python_operator to None
[2021-06-11 05:42:03,313] {scheduler_job.py:190} INFO - Processing /home/airflow/.local/lib/python3.6/site-packages/airflow/example_dags/example_python_operator.py took 0.075 seconds
[2021-06-11 05:42:34,136] {scheduler_job.py:182} INFO - Started process (PID=799) to work on /home/airflow/.local/lib/python3.6/site-packages/airflow/example_dags/example_python_operator.py
[2021-06-11 05:42:34,137] {scheduler_job.py:633} INFO - Processing file /home/airflow/.local/lib/python3.6/site-packages/airflow/example_dags/example_python_operator.py for tasks to queue
[2021-06-11 05:42:34,138] {logging_mixin.py:104} INFO - [2021-06-11 05:42:34,138] {dagbag.py:487} INFO - Filling up the DagBag from /home/airflow/.local/lib/python3.6/site-packages/airflow/example_dags/example_python_operator.py
[2021-06-11 05:42:34,153] {scheduler_job.py:643} INFO - DAG(s) dict_keys(['example_python_operator']) retrieved from /home/airflow/.local/lib/python3.6/site-packages/airflow/example_dags/example_python_operator.py
[2021-06-11 05:42:34,180] {logging_mixin.py:104} INFO - [2021-06-11 05:42:34,180] {dag.py:1832} INFO - Sync 1 DAGs
[2021-06-11 05:42:34,197] {logging_mixin.py:104} INFO - [2021-06-11 05:42:34,197] {dag.py:2305} INFO - Setting next_dagrun for example_python_operator to None
[2021-06-11 05:42:34,209] {scheduler_job.py:190} INFO - Processing /home/airflow/.local/lib/python3.6/site-packages/airflow/example_dags/example_python_operator.py took 0.077 seconds
[2021-06-11 05:43:04,357] {scheduler_job.py:182} INFO - Started process (PID=884) to work on /home/airflow/.local/lib/python3.6/site-packages/airflow/example_dags/example_python_operator.py
[2021-06-11 05:43:04,358] {scheduler_job.py:633} INFO - Processing file /home/airflow/.local/lib/python3.6/site-packages/airflow/example_dags/example_python_operator.py for tasks to queue
[2021-06-11 05:43:04,360] {logging_mixin.py:104} INFO - [2021-06-11 05:43:04,360] {dagbag.py:487} INFO - Filling up the DagBag from /home/airflow/.local/lib/python3.6/site-packages/airflow/example_dags/example_python_operator.py
[2021-06-11 05:43:04,376] {scheduler_job.py:643} INFO - DAG(s) dict_keys(['example_python_operator']) retrieved from /home/airflow/.local/lib/python3.6/site-packages/airflow/example_dags/example_python_operator.py
[2021-06-11 05:43:04,397] {logging_mixin.py:104} INFO - [2021-06-11 05:43:04,397] {dag.py:1832} INFO - Sync 1 DAGs
[2021-06-11 05:43:04,412] {logging_mixin.py:104} INFO - [2021-06-11 05:43:04,412] {dag.py:2305} INFO - Setting next_dagrun for example_python_operator to None
[2021-06-11 05:43:04,422] {scheduler_job.py:190} INFO - Processing /home/airflow/.local/lib/python3.6/site-packages/airflow/example_dags/example_python_operator.py took 0.069 seconds
[2021-06-11 05:43:35,007] {scheduler_job.py:182} INFO - Started process (PID=968) to work on /home/airflow/.local/lib/python3.6/site-packages/airflow/example_dags/example_python_operator.py
[2021-06-11 05:43:35,008] {scheduler_job.py:633} INFO - Processing file /home/airflow/.local/lib/python3.6/site-packages/airflow/example_dags/example_python_operator.py for tasks to queue
[2021-06-11 05:43:35,009] {logging_mixin.py:104} INFO - [2021-06-11 05:43:35,009] {dagbag.py:487} INFO - Filling up the DagBag from /home/airflow/.local/lib/python3.6/site-packages/airflow/example_dags/example_python_operator.py
[2021-06-11 05:43:35,022] {scheduler_job.py:643} INFO - DAG(s) dict_keys(['example_python_operator']) retrieved from /home/airflow/.local/lib/python3.6/site-packages/airflow/example_dags/example_python_operator.py
[2021-06-11 05:43:35,043] {logging_mixin.py:104} INFO - [2021-06-11 05:43:35,043] {dag.py:1832} INFO - Sync 1 DAGs
[2021-06-11 05:43:35,058] {logging_mixin.py:104} INFO - [2021-06-11 05:43:35,058] {dag.py:2305} INFO - Setting next_dagrun for example_python_operator to None
[2021-06-11 05:43:35,068] {scheduler_job.py:190} INFO - Processing /home/airflow/.local/lib/python3.6/site-packages/airflow/example_dags/example_python_operator.py took 0.065 seconds
[2021-06-11 05:44:05,821] {scheduler_job.py:182} INFO - Started process (PID=1033) to work on /home/airflow/.local/lib/python3.6/site-packages/airflow/example_dags/example_python_operator.py
[2021-06-11 05:44:05,823] {scheduler_job.py:633} INFO - Processing file /home/airflow/.local/lib/python3.6/site-packages/airflow/example_dags/example_python_operator.py for tasks to queue
[2021-06-11 05:44:05,824] {logging_mixin.py:104} INFO - [2021-06-11 05:44:05,824] {dagbag.py:487} INFO - Filling up the DagBag from /home/airflow/.local/lib/python3.6/site-packages/airflow/example_dags/example_python_operator.py
[2021-06-11 05:44:05,837] {scheduler_job.py:643} INFO - DAG(s) dict_keys(['example_python_operator']) retrieved from /home/airflow/.local/lib/python3.6/site-packages/airflow/example_dags/example_python_operator.py
[2021-06-11 05:44:05,860] {logging_mixin.py:104} INFO - [2021-06-11 05:44:05,860] {dag.py:1832} INFO - Sync 1 DAGs
[2021-06-11 05:44:05,877] {logging_mixin.py:104} INFO - [2021-06-11 05:44:05,877] {dag.py:2305} INFO - Setting next_dagrun for example_python_operator to None
[2021-06-11 05:44:05,886] {scheduler_job.py:190} INFO - Processing /home/airflow/.local/lib/python3.6/site-packages/airflow/example_dags/example_python_operator.py took 0.068 seconds
[2021-06-11 05:44:36,689] {scheduler_job.py:182} INFO - Started process (PID=1116) to work on /home/airflow/.local/lib/python3.6/site-packages/airflow/example_dags/example_python_operator.py
[2021-06-11 05:44:36,691] {scheduler_job.py:633} INFO - Processing file /home/airflow/.local/lib/python3.6/site-packages/airflow/example_dags/example_python_operator.py for tasks to queue
[2021-06-11 05:44:36,692] {logging_mixin.py:104} INFO - [2021-06-11 05:44:36,692] {dagbag.py:487} INFO - Filling up the DagBag from /home/airflow/.local/lib/python3.6/site-packages/airflow/example_dags/example_python_operator.py
[2021-06-11 05:44:36,705] {scheduler_job.py:643} INFO - DAG(s) dict_keys(['example_python_operator']) retrieved from /home/airflow/.local/lib/python3.6/site-packages/airflow/example_dags/example_python_operator.py
[2021-06-11 05:44:36,728] {logging_mixin.py:104} INFO - [2021-06-11 05:44:36,728] {dag.py:1832} INFO - Sync 1 DAGs
[2021-06-11 05:44:36,744] {logging_mixin.py:104} INFO - [2021-06-11 05:44:36,744] {dag.py:2305} INFO - Setting next_dagrun for example_python_operator to None
[2021-06-11 05:44:36,755] {scheduler_job.py:190} INFO - Processing /home/airflow/.local/lib/python3.6/site-packages/airflow/example_dags/example_python_operator.py took 0.071 seconds
[2021-06-11 05:45:06,847] {scheduler_job.py:182} INFO - Started process (PID=1200) to work on /home/airflow/.local/lib/python3.6/site-packages/airflow/example_dags/example_python_operator.py
[2021-06-11 05:45:06,848] {scheduler_job.py:633} INFO - Processing file /home/airflow/.local/lib/python3.6/site-packages/airflow/example_dags/example_python_operator.py for tasks to queue
[2021-06-11 05:45:06,849] {logging_mixin.py:104} INFO - [2021-06-11 05:45:06,849] {dagbag.py:487} INFO - Filling up the DagBag from /home/airflow/.local/lib/python3.6/site-packages/airflow/example_dags/example_python_operator.py
[2021-06-11 05:45:06,863] {scheduler_job.py:643} INFO - DAG(s) dict_keys(['example_python_operator']) retrieved from /home/airflow/.local/lib/python3.6/site-packages/airflow/example_dags/example_python_operator.py
[2021-06-11 05:45:06,884] {logging_mixin.py:104} INFO - [2021-06-11 05:45:06,884] {dag.py:1832} INFO - Sync 1 DAGs
[2021-06-11 05:45:06,899] {logging_mixin.py:104} INFO - [2021-06-11 05:45:06,899] {dag.py:2305} INFO - Setting next_dagrun for example_python_operator to None
[2021-06-11 05:45:06,908] {scheduler_job.py:190} INFO - Processing /home/airflow/.local/lib/python3.6/site-packages/airflow/example_dags/example_python_operator.py took 0.064 seconds
[2021-06-11 05:45:37,204] {scheduler_job.py:182} INFO - Started process (PID=1267) to work on /home/airflow/.local/lib/python3.6/site-packages/airflow/example_dags/example_python_operator.py
[2021-06-11 05:45:37,206] {scheduler_job.py:633} INFO - Processing file /home/airflow/.local/lib/python3.6/site-packages/airflow/example_dags/example_python_operator.py for tasks to queue
[2021-06-11 05:45:37,208] {logging_mixin.py:104} INFO - [2021-06-11 05:45:37,207] {dagbag.py:487} INFO - Filling up the DagBag from /home/airflow/.local/lib/python3.6/site-packages/airflow/example_dags/example_python_operator.py
[2021-06-11 05:45:37,223] {scheduler_job.py:643} INFO - DAG(s) dict_keys(['example_python_operator']) retrieved from /home/airflow/.local/lib/python3.6/site-packages/airflow/example_dags/example_python_operator.py
[2021-06-11 05:45:37,244] {logging_mixin.py:104} INFO - [2021-06-11 05:45:37,244] {dag.py:1832} INFO - Sync 1 DAGs
[2021-06-11 05:45:37,260] {logging_mixin.py:104} INFO - [2021-06-11 05:45:37,260] {dag.py:2305} INFO - Setting next_dagrun for example_python_operator to None
[2021-06-11 05:45:37,270] {scheduler_job.py:190} INFO - Processing /home/airflow/.local/lib/python3.6/site-packages/airflow/example_dags/example_python_operator.py took 0.069 seconds
[2021-06-11 05:46:07,361] {scheduler_job.py:182} INFO - Started process (PID=1351) to work on /home/airflow/.local/lib/python3.6/site-packages/airflow/example_dags/example_python_operator.py
[2021-06-11 05:46:07,363] {scheduler_job.py:633} INFO - Processing file /home/airflow/.local/lib/python3.6/site-packages/airflow/example_dags/example_python_operator.py for tasks to queue
[2021-06-11 05:46:07,364] {logging_mixin.py:104} INFO - [2021-06-11 05:46:07,364] {dagbag.py:487} INFO - Filling up the DagBag from /home/airflow/.local/lib/python3.6/site-packages/airflow/example_dags/example_python_operator.py
[2021-06-11 05:46:07,379] {scheduler_job.py:643} INFO - DAG(s) dict_keys(['example_python_operator']) retrieved from /home/airflow/.local/lib/python3.6/site-packages/airflow/example_dags/example_python_operator.py
[2021-06-11 05:46:07,404] {logging_mixin.py:104} INFO - [2021-06-11 05:46:07,404] {dag.py:1832} INFO - Sync 1 DAGs
[2021-06-11 05:46:07,421] {logging_mixin.py:104} INFO - [2021-06-11 05:46:07,420] {dag.py:2305} INFO - Setting next_dagrun for example_python_operator to None
[2021-06-11 05:46:07,431] {scheduler_job.py:190} INFO - Processing /home/airflow/.local/lib/python3.6/site-packages/airflow/example_dags/example_python_operator.py took 0.074 seconds
[2021-06-11 05:46:37,663] {scheduler_job.py:182} INFO - Started process (PID=1428) to work on /home/airflow/.local/lib/python3.6/site-packages/airflow/example_dags/example_python_operator.py
[2021-06-11 05:46:37,664] {scheduler_job.py:633} INFO - Processing file /home/airflow/.local/lib/python3.6/site-packages/airflow/example_dags/example_python_operator.py for tasks to queue
[2021-06-11 05:46:37,666] {logging_mixin.py:104} INFO - [2021-06-11 05:46:37,666] {dagbag.py:487} INFO - Filling up the DagBag from /home/airflow/.local/lib/python3.6/site-packages/airflow/example_dags/example_python_operator.py
[2021-06-11 05:46:37,684] {scheduler_job.py:643} INFO - DAG(s) dict_keys(['example_python_operator']) retrieved from /home/airflow/.local/lib/python3.6/site-packages/airflow/example_dags/example_python_operator.py
[2021-06-11 05:46:37,708] {logging_mixin.py:104} INFO - [2021-06-11 05:46:37,708] {dag.py:1832} INFO - Sync 1 DAGs
[2021-06-11 05:46:37,730] {logging_mixin.py:104} INFO - [2021-06-11 05:46:37,730] {dag.py:2305} INFO - Setting next_dagrun for example_python_operator to None
[2021-06-11 05:46:37,739] {scheduler_job.py:190} INFO - Processing /home/airflow/.local/lib/python3.6/site-packages/airflow/example_dags/example_python_operator.py took 0.079 seconds
[2021-06-11 05:47:07,843] {scheduler_job.py:182} INFO - Started process (PID=1500) to work on /home/airflow/.local/lib/python3.6/site-packages/airflow/example_dags/example_python_operator.py
[2021-06-11 05:47:07,845] {scheduler_job.py:633} INFO - Processing file /home/airflow/.local/lib/python3.6/site-packages/airflow/example_dags/example_python_operator.py for tasks to queue
[2021-06-11 05:47:07,846] {logging_mixin.py:104} INFO - [2021-06-11 05:47:07,846] {dagbag.py:487} INFO - Filling up the DagBag from /home/airflow/.local/lib/python3.6/site-packages/airflow/example_dags/example_python_operator.py
[2021-06-11 05:47:07,861] {scheduler_job.py:643} INFO - DAG(s) dict_keys(['example_python_operator']) retrieved from /home/airflow/.local/lib/python3.6/site-packages/airflow/example_dags/example_python_operator.py
[2021-06-11 05:47:07,886] {logging_mixin.py:104} INFO - [2021-06-11 05:47:07,886] {dag.py:1832} INFO - Sync 1 DAGs
[2021-06-11 05:47:07,903] {logging_mixin.py:104} INFO - [2021-06-11 05:47:07,902] {dag.py:2305} INFO - Setting next_dagrun for example_python_operator to None
[2021-06-11 05:47:07,912] {scheduler_job.py:190} INFO - Processing /home/airflow/.local/lib/python3.6/site-packages/airflow/example_dags/example_python_operator.py took 0.072 seconds
[2021-06-11 05:47:38,364] {scheduler_job.py:182} INFO - Started process (PID=1585) to work on /home/airflow/.local/lib/python3.6/site-packages/airflow/example_dags/example_python_operator.py
[2021-06-11 05:47:38,366] {scheduler_job.py:633} INFO - Processing file /home/airflow/.local/lib/python3.6/site-packages/airflow/example_dags/example_python_operator.py for tasks to queue
[2021-06-11 05:47:38,368] {logging_mixin.py:104} INFO - [2021-06-11 05:47:38,368] {dagbag.py:487} INFO - Filling up the DagBag from /home/airflow/.local/lib/python3.6/site-packages/airflow/example_dags/example_python_operator.py
[2021-06-11 05:47:38,381] {scheduler_job.py:643} INFO - DAG(s) dict_keys(['example_python_operator']) retrieved from /home/airflow/.local/lib/python3.6/site-packages/airflow/example_dags/example_python_operator.py
[2021-06-11 05:47:38,405] {logging_mixin.py:104} INFO - [2021-06-11 05:47:38,405] {dag.py:1832} INFO - Sync 1 DAGs
[2021-06-11 05:47:38,423] {logging_mixin.py:104} INFO - [2021-06-11 05:47:38,423] {dag.py:2305} INFO - Setting next_dagrun for example_python_operator to None
[2021-06-11 05:47:38,435] {scheduler_job.py:190} INFO - Processing /home/airflow/.local/lib/python3.6/site-packages/airflow/example_dags/example_python_operator.py took 0.074 seconds
[2021-06-11 05:48:08,535] {scheduler_job.py:182} INFO - Started process (PID=1652) to work on /home/airflow/.local/lib/python3.6/site-packages/airflow/example_dags/example_python_operator.py
[2021-06-11 05:48:08,536] {scheduler_job.py:633} INFO - Processing file /home/airflow/.local/lib/python3.6/site-packages/airflow/example_dags/example_python_operator.py for tasks to queue
[2021-06-11 05:48:08,538] {logging_mixin.py:104} INFO - [2021-06-11 05:48:08,538] {dagbag.py:487} INFO - Filling up the DagBag from /home/airflow/.local/lib/python3.6/site-packages/airflow/example_dags/example_python_operator.py
[2021-06-11 05:48:08,552] {scheduler_job.py:643} INFO - DAG(s) dict_keys(['example_python_operator']) retrieved from /home/airflow/.local/lib/python3.6/site-packages/airflow/example_dags/example_python_operator.py
[2021-06-11 05:48:08,587] {logging_mixin.py:104} INFO - [2021-06-11 05:48:08,586] {dag.py:1832} INFO - Sync 1 DAGs
[2021-06-11 05:48:08,603] {logging_mixin.py:104} INFO - [2021-06-11 05:48:08,603] {dag.py:2305} INFO - Setting next_dagrun for example_python_operator to None
[2021-06-11 05:48:08,615] {scheduler_job.py:190} INFO - Processing /home/airflow/.local/lib/python3.6/site-packages/airflow/example_dags/example_python_operator.py took 0.084 seconds
[2021-06-11 05:48:39,394] {scheduler_job.py:182} INFO - Started process (PID=1737) to work on /home/airflow/.local/lib/python3.6/site-packages/airflow/example_dags/example_python_operator.py
[2021-06-11 05:48:39,396] {scheduler_job.py:633} INFO - Processing file /home/airflow/.local/lib/python3.6/site-packages/airflow/example_dags/example_python_operator.py for tasks to queue
[2021-06-11 05:48:39,397] {logging_mixin.py:104} INFO - [2021-06-11 05:48:39,397] {dagbag.py:487} INFO - Filling up the DagBag from /home/airflow/.local/lib/python3.6/site-packages/airflow/example_dags/example_python_operator.py
[2021-06-11 05:48:39,410] {scheduler_job.py:643} INFO - DAG(s) dict_keys(['example_python_operator']) retrieved from /home/airflow/.local/lib/python3.6/site-packages/airflow/example_dags/example_python_operator.py
[2021-06-11 05:48:39,434] {logging_mixin.py:104} INFO - [2021-06-11 05:48:39,433] {dag.py:1832} INFO - Sync 1 DAGs
[2021-06-11 05:48:39,450] {logging_mixin.py:104} INFO - [2021-06-11 05:48:39,450] {dag.py:2305} INFO - Setting next_dagrun for example_python_operator to None
[2021-06-11 05:48:39,461] {scheduler_job.py:190} INFO - Processing /home/airflow/.local/lib/python3.6/site-packages/airflow/example_dags/example_python_operator.py took 0.070 seconds
[2021-06-11 05:49:09,727] {scheduler_job.py:182} INFO - Started process (PID=1814) to work on /home/airflow/.local/lib/python3.6/site-packages/airflow/example_dags/example_python_operator.py
[2021-06-11 05:49:09,729] {scheduler_job.py:633} INFO - Processing file /home/airflow/.local/lib/python3.6/site-packages/airflow/example_dags/example_python_operator.py for tasks to queue
[2021-06-11 05:49:09,731] {logging_mixin.py:104} INFO - [2021-06-11 05:49:09,730] {dagbag.py:487} INFO - Filling up the DagBag from /home/airflow/.local/lib/python3.6/site-packages/airflow/example_dags/example_python_operator.py
[2021-06-11 05:49:09,747] {scheduler_job.py:643} INFO - DAG(s) dict_keys(['example_python_operator']) retrieved from /home/airflow/.local/lib/python3.6/site-packages/airflow/example_dags/example_python_operator.py
[2021-06-11 05:49:09,773] {logging_mixin.py:104} INFO - [2021-06-11 05:49:09,772] {dag.py:1832} INFO - Sync 1 DAGs
[2021-06-11 05:49:09,792] {logging_mixin.py:104} INFO - [2021-06-11 05:49:09,792] {dag.py:2305} INFO - Setting next_dagrun for example_python_operator to None
[2021-06-11 05:49:09,803] {scheduler_job.py:190} INFO - Processing /home/airflow/.local/lib/python3.6/site-packages/airflow/example_dags/example_python_operator.py took 0.079 seconds
[2021-06-11 05:49:39,853] {scheduler_job.py:182} INFO - Started process (PID=1886) to work on /home/airflow/.local/lib/python3.6/site-packages/airflow/example_dags/example_python_operator.py
[2021-06-11 05:49:39,854] {scheduler_job.py:633} INFO - Processing file /home/airflow/.local/lib/python3.6/site-packages/airflow/example_dags/example_python_operator.py for tasks to queue
[2021-06-11 05:49:39,856] {logging_mixin.py:104} INFO - [2021-06-11 05:49:39,855] {dagbag.py:487} INFO - Filling up the DagBag from /home/airflow/.local/lib/python3.6/site-packages/airflow/example_dags/example_python_operator.py
[2021-06-11 05:49:39,869] {scheduler_job.py:643} INFO - DAG(s) dict_keys(['example_python_operator']) retrieved from /home/airflow/.local/lib/python3.6/site-packages/airflow/example_dags/example_python_operator.py
[2021-06-11 05:49:39,891] {logging_mixin.py:104} INFO - [2021-06-11 05:49:39,891] {dag.py:1832} INFO - Sync 1 DAGs
[2021-06-11 05:49:39,907] {logging_mixin.py:104} INFO - [2021-06-11 05:49:39,907] {dag.py:2305} INFO - Setting next_dagrun for example_python_operator to None
[2021-06-11 05:49:39,918] {scheduler_job.py:190} INFO - Processing /home/airflow/.local/lib/python3.6/site-packages/airflow/example_dags/example_python_operator.py took 0.069 seconds
[2021-06-11 05:50:10,069] {scheduler_job.py:182} INFO - Started process (PID=1970) to work on /home/airflow/.local/lib/python3.6/site-packages/airflow/example_dags/example_python_operator.py
[2021-06-11 05:50:10,071] {scheduler_job.py:633} INFO - Processing file /home/airflow/.local/lib/python3.6/site-packages/airflow/example_dags/example_python_operator.py for tasks to queue
[2021-06-11 05:50:10,072] {logging_mixin.py:104} INFO - [2021-06-11 05:50:10,072] {dagbag.py:487} INFO - Filling up the DagBag from /home/airflow/.local/lib/python3.6/site-packages/airflow/example_dags/example_python_operator.py
[2021-06-11 05:50:10,084] {scheduler_job.py:643} INFO - DAG(s) dict_keys(['example_python_operator']) retrieved from /home/airflow/.local/lib/python3.6/site-packages/airflow/example_dags/example_python_operator.py
[2021-06-11 05:50:10,108] {logging_mixin.py:104} INFO - [2021-06-11 05:50:10,107] {dag.py:1832} INFO - Sync 1 DAGs
[2021-06-11 05:50:10,122] {logging_mixin.py:104} INFO - [2021-06-11 05:50:10,122] {dag.py:2305} INFO - Setting next_dagrun for example_python_operator to None
[2021-06-11 05:50:10,133] {scheduler_job.py:190} INFO - Processing /home/airflow/.local/lib/python3.6/site-packages/airflow/example_dags/example_python_operator.py took 0.068 seconds
[2021-06-11 05:50:40,285] {scheduler_job.py:182} INFO - Started process (PID=2037) to work on /home/airflow/.local/lib/python3.6/site-packages/airflow/example_dags/example_python_operator.py
[2021-06-11 05:50:40,286] {scheduler_job.py:633} INFO - Processing file /home/airflow/.local/lib/python3.6/site-packages/airflow/example_dags/example_python_operator.py for tasks to queue
[2021-06-11 05:50:40,287] {logging_mixin.py:104} INFO - [2021-06-11 05:50:40,287] {dagbag.py:487} INFO - Filling up the DagBag from /home/airflow/.local/lib/python3.6/site-packages/airflow/example_dags/example_python_operator.py
[2021-06-11 05:50:40,300] {scheduler_job.py:643} INFO - DAG(s) dict_keys(['example_python_operator']) retrieved from /home/airflow/.local/lib/python3.6/site-packages/airflow/example_dags/example_python_operator.py
[2021-06-11 05:50:40,321] {logging_mixin.py:104} INFO - [2021-06-11 05:50:40,321] {dag.py:1832} INFO - Sync 1 DAGs
[2021-06-11 05:50:40,337] {logging_mixin.py:104} INFO - [2021-06-11 05:50:40,336] {dag.py:2305} INFO - Setting next_dagrun for example_python_operator to None
[2021-06-11 05:50:40,346] {scheduler_job.py:190} INFO - Processing /home/airflow/.local/lib/python3.6/site-packages/airflow/example_dags/example_python_operator.py took 0.065 seconds
[2021-06-11 05:51:10,634] {scheduler_job.py:182} INFO - Started process (PID=2121) to work on /home/airflow/.local/lib/python3.6/site-packages/airflow/example_dags/example_python_operator.py
[2021-06-11 05:51:10,635] {scheduler_job.py:633} INFO - Processing file /home/airflow/.local/lib/python3.6/site-packages/airflow/example_dags/example_python_operator.py for tasks to queue
[2021-06-11 05:51:10,636] {logging_mixin.py:104} INFO - [2021-06-11 05:51:10,636] {dagbag.py:487} INFO - Filling up the DagBag from /home/airflow/.local/lib/python3.6/site-packages/airflow/example_dags/example_python_operator.py
[2021-06-11 05:51:10,650] {scheduler_job.py:643} INFO - DAG(s) dict_keys(['example_python_operator']) retrieved from /home/airflow/.local/lib/python3.6/site-packages/airflow/example_dags/example_python_operator.py
[2021-06-11 05:51:10,672] {logging_mixin.py:104} INFO - [2021-06-11 05:51:10,672] {dag.py:1832} INFO - Sync 1 DAGs
[2021-06-11 05:51:10,688] {logging_mixin.py:104} INFO - [2021-06-11 05:51:10,688] {dag.py:2305} INFO - Setting next_dagrun for example_python_operator to None
[2021-06-11 05:51:10,697] {scheduler_job.py:190} INFO - Processing /home/airflow/.local/lib/python3.6/site-packages/airflow/example_dags/example_python_operator.py took 0.067 seconds
[2021-06-11 05:51:41,011] {scheduler_job.py:182} INFO - Started process (PID=2206) to work on /home/airflow/.local/lib/python3.6/site-packages/airflow/example_dags/example_python_operator.py
[2021-06-11 05:51:41,013] {scheduler_job.py:633} INFO - Processing file /home/airflow/.local/lib/python3.6/site-packages/airflow/example_dags/example_python_operator.py for tasks to queue
[2021-06-11 05:51:41,014] {logging_mixin.py:104} INFO - [2021-06-11 05:51:41,014] {dagbag.py:487} INFO - Filling up the DagBag from /home/airflow/.local/lib/python3.6/site-packages/airflow/example_dags/example_python_operator.py
[2021-06-11 05:51:41,030] {scheduler_job.py:643} INFO - DAG(s) dict_keys(['example_python_operator']) retrieved from /home/airflow/.local/lib/python3.6/site-packages/airflow/example_dags/example_python_operator.py
[2021-06-11 05:51:41,057] {logging_mixin.py:104} INFO - [2021-06-11 05:51:41,057] {dag.py:1832} INFO - Sync 1 DAGs
[2021-06-11 05:51:41,077] {logging_mixin.py:104} INFO - [2021-06-11 05:51:41,077] {dag.py:2305} INFO - Setting next_dagrun for example_python_operator to None
[2021-06-11 05:51:41,091] {scheduler_job.py:190} INFO - Processing /home/airflow/.local/lib/python3.6/site-packages/airflow/example_dags/example_python_operator.py took 0.084 seconds
[2021-06-11 05:52:12,056] {scheduler_job.py:182} INFO - Started process (PID=2273) to work on /home/airflow/.local/lib/python3.6/site-packages/airflow/example_dags/example_python_operator.py
[2021-06-11 05:52:12,057] {scheduler_job.py:633} INFO - Processing file /home/airflow/.local/lib/python3.6/site-packages/airflow/example_dags/example_python_operator.py for tasks to queue
[2021-06-11 05:52:12,058] {logging_mixin.py:104} INFO - [2021-06-11 05:52:12,058] {dagbag.py:487} INFO - Filling up the DagBag from /home/airflow/.local/lib/python3.6/site-packages/airflow/example_dags/example_python_operator.py
[2021-06-11 05:52:12,072] {scheduler_job.py:643} INFO - DAG(s) dict_keys(['example_python_operator']) retrieved from /home/airflow/.local/lib/python3.6/site-packages/airflow/example_dags/example_python_operator.py
[2021-06-11 05:52:12,095] {logging_mixin.py:104} INFO - [2021-06-11 05:52:12,095] {dag.py:1832} INFO - Sync 1 DAGs
[2021-06-11 05:52:12,110] {logging_mixin.py:104} INFO - [2021-06-11 05:52:12,110] {dag.py:2305} INFO - Setting next_dagrun for example_python_operator to None
[2021-06-11 05:52:12,121] {scheduler_job.py:190} INFO - Processing /home/airflow/.local/lib/python3.6/site-packages/airflow/example_dags/example_python_operator.py took 0.068 seconds
[2021-06-11 05:52:42,752] {scheduler_job.py:182} INFO - Started process (PID=2357) to work on /home/airflow/.local/lib/python3.6/site-packages/airflow/example_dags/example_python_operator.py
[2021-06-11 05:52:42,754] {scheduler_job.py:633} INFO - Processing file /home/airflow/.local/lib/python3.6/site-packages/airflow/example_dags/example_python_operator.py for tasks to queue
[2021-06-11 05:52:42,755] {logging_mixin.py:104} INFO - [2021-06-11 05:52:42,755] {dagbag.py:487} INFO - Filling up the DagBag from /home/airflow/.local/lib/python3.6/site-packages/airflow/example_dags/example_python_operator.py
[2021-06-11 05:52:42,774] {scheduler_job.py:643} INFO - DAG(s) dict_keys(['example_python_operator']) retrieved from /home/airflow/.local/lib/python3.6/site-packages/airflow/example_dags/example_python_operator.py
[2021-06-11 05:52:42,799] {logging_mixin.py:104} INFO - [2021-06-11 05:52:42,799] {dag.py:1832} INFO - Sync 1 DAGs
[2021-06-11 05:52:42,816] {logging_mixin.py:104} INFO - [2021-06-11 05:52:42,816] {dag.py:2305} INFO - Setting next_dagrun for example_python_operator to None
[2021-06-11 05:52:42,828] {scheduler_job.py:190} INFO - Processing /home/airflow/.local/lib/python3.6/site-packages/airflow/example_dags/example_python_operator.py took 0.079 seconds
[2021-06-11 05:53:13,374] {scheduler_job.py:182} INFO - Started process (PID=2441) to work on /home/airflow/.local/lib/python3.6/site-packages/airflow/example_dags/example_python_operator.py
[2021-06-11 05:53:13,376] {scheduler_job.py:633} INFO - Processing file /home/airflow/.local/lib/python3.6/site-packages/airflow/example_dags/example_python_operator.py for tasks to queue
[2021-06-11 05:53:13,378] {logging_mixin.py:104} INFO - [2021-06-11 05:53:13,378] {dagbag.py:487} INFO - Filling up the DagBag from /home/airflow/.local/lib/python3.6/site-packages/airflow/example_dags/example_python_operator.py
[2021-06-11 05:53:13,399] {scheduler_job.py:643} INFO - DAG(s) dict_keys(['example_python_operator']) retrieved from /home/airflow/.local/lib/python3.6/site-packages/airflow/example_dags/example_python_operator.py
[2021-06-11 05:53:13,422] {logging_mixin.py:104} INFO - [2021-06-11 05:53:13,422] {dag.py:1832} INFO - Sync 1 DAGs
[2021-06-11 05:53:13,437] {logging_mixin.py:104} INFO - [2021-06-11 05:53:13,437] {dag.py:2305} INFO - Setting next_dagrun for example_python_operator to None
[2021-06-11 05:53:13,447] {scheduler_job.py:190} INFO - Processing /home/airflow/.local/lib/python3.6/site-packages/airflow/example_dags/example_python_operator.py took 0.077 seconds
