[2021-06-11 05:37:59,446] {scheduler_job.py:182} INFO - Started process (PID=93) to work on /home/airflow/.local/lib/python3.6/site-packages/airflow/example_dags/example_trigger_target_dag.py
[2021-06-11 05:37:59,451] {scheduler_job.py:633} INFO - Processing file /home/airflow/.local/lib/python3.6/site-packages/airflow/example_dags/example_trigger_target_dag.py for tasks to queue
[2021-06-11 05:37:59,453] {logging_mixin.py:104} INFO - [2021-06-11 05:37:59,453] {dagbag.py:487} INFO - Filling up the DagBag from /home/airflow/.local/lib/python3.6/site-packages/airflow/example_dags/example_trigger_target_dag.py
[2021-06-11 05:37:59,476] {scheduler_job.py:643} INFO - DAG(s) dict_keys(['example_trigger_target_dag']) retrieved from /home/airflow/.local/lib/python3.6/site-packages/airflow/example_dags/example_trigger_target_dag.py
[2021-06-11 05:38:01,157] {logging_mixin.py:104} INFO - [2021-06-11 05:38:01,156] {dag.py:1832} INFO - Sync 1 DAGs
[2021-06-11 05:38:01,166] {logging_mixin.py:104} INFO - [2021-06-11 05:38:01,166] {dag.py:1851} INFO - Creating ORM DAG for example_trigger_target_dag
[2021-06-11 05:38:01,171] {logging_mixin.py:104} INFO - [2021-06-11 05:38:01,171] {dag.py:2305} INFO - Setting next_dagrun for example_trigger_target_dag to None
[2021-06-11 05:38:01,181] {scheduler_job.py:190} INFO - Processing /home/airflow/.local/lib/python3.6/site-packages/airflow/example_dags/example_trigger_target_dag.py took 1.740 seconds
[2021-06-11 05:38:32,041] {scheduler_job.py:182} INFO - Started process (PID=181) to work on /home/airflow/.local/lib/python3.6/site-packages/airflow/example_dags/example_trigger_target_dag.py
[2021-06-11 05:38:32,043] {scheduler_job.py:633} INFO - Processing file /home/airflow/.local/lib/python3.6/site-packages/airflow/example_dags/example_trigger_target_dag.py for tasks to queue
[2021-06-11 05:38:32,045] {logging_mixin.py:104} INFO - [2021-06-11 05:38:32,044] {dagbag.py:487} INFO - Filling up the DagBag from /home/airflow/.local/lib/python3.6/site-packages/airflow/example_dags/example_trigger_target_dag.py
[2021-06-11 05:38:32,062] {scheduler_job.py:643} INFO - DAG(s) dict_keys(['example_trigger_target_dag']) retrieved from /home/airflow/.local/lib/python3.6/site-packages/airflow/example_dags/example_trigger_target_dag.py
[2021-06-11 05:38:32,084] {logging_mixin.py:104} INFO - [2021-06-11 05:38:32,083] {dag.py:1832} INFO - Sync 1 DAGs
[2021-06-11 05:38:32,098] {logging_mixin.py:104} INFO - [2021-06-11 05:38:32,098] {dag.py:2305} INFO - Setting next_dagrun for example_trigger_target_dag to None
[2021-06-11 05:38:32,107] {scheduler_job.py:190} INFO - Processing /home/airflow/.local/lib/python3.6/site-packages/airflow/example_dags/example_trigger_target_dag.py took 0.070 seconds
[2021-06-11 05:39:02,720] {scheduler_job.py:182} INFO - Started process (PID=263) to work on /home/airflow/.local/lib/python3.6/site-packages/airflow/example_dags/example_trigger_target_dag.py
[2021-06-11 05:39:02,722] {scheduler_job.py:633} INFO - Processing file /home/airflow/.local/lib/python3.6/site-packages/airflow/example_dags/example_trigger_target_dag.py for tasks to queue
[2021-06-11 05:39:02,724] {logging_mixin.py:104} INFO - [2021-06-11 05:39:02,723] {dagbag.py:487} INFO - Filling up the DagBag from /home/airflow/.local/lib/python3.6/site-packages/airflow/example_dags/example_trigger_target_dag.py
[2021-06-11 05:39:02,739] {scheduler_job.py:643} INFO - DAG(s) dict_keys(['example_trigger_target_dag']) retrieved from /home/airflow/.local/lib/python3.6/site-packages/airflow/example_dags/example_trigger_target_dag.py
[2021-06-11 05:39:02,762] {logging_mixin.py:104} INFO - [2021-06-11 05:39:02,762] {dag.py:1832} INFO - Sync 1 DAGs
[2021-06-11 05:39:02,779] {logging_mixin.py:104} INFO - [2021-06-11 05:39:02,779] {dag.py:2305} INFO - Setting next_dagrun for example_trigger_target_dag to None
[2021-06-11 05:39:02,788] {scheduler_job.py:190} INFO - Processing /home/airflow/.local/lib/python3.6/site-packages/airflow/example_dags/example_trigger_target_dag.py took 0.073 seconds
[2021-06-11 05:39:32,841] {scheduler_job.py:182} INFO - Started process (PID=349) to work on /home/airflow/.local/lib/python3.6/site-packages/airflow/example_dags/example_trigger_target_dag.py
[2021-06-11 05:39:32,842] {scheduler_job.py:633} INFO - Processing file /home/airflow/.local/lib/python3.6/site-packages/airflow/example_dags/example_trigger_target_dag.py for tasks to queue
[2021-06-11 05:39:32,843] {logging_mixin.py:104} INFO - [2021-06-11 05:39:32,843] {dagbag.py:487} INFO - Filling up the DagBag from /home/airflow/.local/lib/python3.6/site-packages/airflow/example_dags/example_trigger_target_dag.py
[2021-06-11 05:39:32,857] {scheduler_job.py:643} INFO - DAG(s) dict_keys(['example_trigger_target_dag']) retrieved from /home/airflow/.local/lib/python3.6/site-packages/airflow/example_dags/example_trigger_target_dag.py
[2021-06-11 05:39:32,878] {logging_mixin.py:104} INFO - [2021-06-11 05:39:32,878] {dag.py:1832} INFO - Sync 1 DAGs
[2021-06-11 05:39:32,892] {logging_mixin.py:104} INFO - [2021-06-11 05:39:32,892] {dag.py:2305} INFO - Setting next_dagrun for example_trigger_target_dag to None
[2021-06-11 05:39:32,900] {scheduler_job.py:190} INFO - Processing /home/airflow/.local/lib/python3.6/site-packages/airflow/example_dags/example_trigger_target_dag.py took 0.063 seconds
[2021-06-11 05:40:03,614] {scheduler_job.py:182} INFO - Started process (PID=416) to work on /home/airflow/.local/lib/python3.6/site-packages/airflow/example_dags/example_trigger_target_dag.py
[2021-06-11 05:40:03,616] {scheduler_job.py:633} INFO - Processing file /home/airflow/.local/lib/python3.6/site-packages/airflow/example_dags/example_trigger_target_dag.py for tasks to queue
[2021-06-11 05:40:03,617] {logging_mixin.py:104} INFO - [2021-06-11 05:40:03,617] {dagbag.py:487} INFO - Filling up the DagBag from /home/airflow/.local/lib/python3.6/site-packages/airflow/example_dags/example_trigger_target_dag.py
[2021-06-11 05:40:03,633] {scheduler_job.py:643} INFO - DAG(s) dict_keys(['example_trigger_target_dag']) retrieved from /home/airflow/.local/lib/python3.6/site-packages/airflow/example_dags/example_trigger_target_dag.py
[2021-06-11 05:40:03,667] {logging_mixin.py:104} INFO - [2021-06-11 05:40:03,667] {dag.py:1832} INFO - Sync 1 DAGs
[2021-06-11 05:40:03,691] {logging_mixin.py:104} INFO - [2021-06-11 05:40:03,691] {dag.py:2305} INFO - Setting next_dagrun for example_trigger_target_dag to None
[2021-06-11 05:40:03,701] {scheduler_job.py:190} INFO - Processing /home/airflow/.local/lib/python3.6/site-packages/airflow/example_dags/example_trigger_target_dag.py took 0.092 seconds
[2021-06-11 05:40:33,950] {scheduler_job.py:182} INFO - Started process (PID=500) to work on /home/airflow/.local/lib/python3.6/site-packages/airflow/example_dags/example_trigger_target_dag.py
[2021-06-11 05:40:33,952] {scheduler_job.py:633} INFO - Processing file /home/airflow/.local/lib/python3.6/site-packages/airflow/example_dags/example_trigger_target_dag.py for tasks to queue
[2021-06-11 05:40:33,952] {logging_mixin.py:104} INFO - [2021-06-11 05:40:33,952] {dagbag.py:487} INFO - Filling up the DagBag from /home/airflow/.local/lib/python3.6/site-packages/airflow/example_dags/example_trigger_target_dag.py
[2021-06-11 05:40:33,965] {scheduler_job.py:643} INFO - DAG(s) dict_keys(['example_trigger_target_dag']) retrieved from /home/airflow/.local/lib/python3.6/site-packages/airflow/example_dags/example_trigger_target_dag.py
[2021-06-11 05:40:33,988] {logging_mixin.py:104} INFO - [2021-06-11 05:40:33,988] {dag.py:1832} INFO - Sync 1 DAGs
[2021-06-11 05:40:34,003] {logging_mixin.py:104} INFO - [2021-06-11 05:40:34,003] {dag.py:2305} INFO - Setting next_dagrun for example_trigger_target_dag to None
[2021-06-11 05:40:34,013] {scheduler_job.py:190} INFO - Processing /home/airflow/.local/lib/python3.6/site-packages/airflow/example_dags/example_trigger_target_dag.py took 0.067 seconds
[2021-06-11 05:41:04,513] {scheduler_job.py:182} INFO - Started process (PID=583) to work on /home/airflow/.local/lib/python3.6/site-packages/airflow/example_dags/example_trigger_target_dag.py
[2021-06-11 05:41:04,514] {scheduler_job.py:633} INFO - Processing file /home/airflow/.local/lib/python3.6/site-packages/airflow/example_dags/example_trigger_target_dag.py for tasks to queue
[2021-06-11 05:41:04,516] {logging_mixin.py:104} INFO - [2021-06-11 05:41:04,516] {dagbag.py:487} INFO - Filling up the DagBag from /home/airflow/.local/lib/python3.6/site-packages/airflow/example_dags/example_trigger_target_dag.py
[2021-06-11 05:41:04,532] {scheduler_job.py:643} INFO - DAG(s) dict_keys(['example_trigger_target_dag']) retrieved from /home/airflow/.local/lib/python3.6/site-packages/airflow/example_dags/example_trigger_target_dag.py
[2021-06-11 05:41:04,554] {logging_mixin.py:104} INFO - [2021-06-11 05:41:04,554] {dag.py:1832} INFO - Sync 1 DAGs
[2021-06-11 05:41:04,570] {logging_mixin.py:104} INFO - [2021-06-11 05:41:04,570] {dag.py:2305} INFO - Setting next_dagrun for example_trigger_target_dag to None
[2021-06-11 05:41:04,581] {scheduler_job.py:190} INFO - Processing /home/airflow/.local/lib/python3.6/site-packages/airflow/example_dags/example_trigger_target_dag.py took 0.072 seconds
[2021-06-11 05:41:35,018] {scheduler_job.py:182} INFO - Started process (PID=649) to work on /home/airflow/.local/lib/python3.6/site-packages/airflow/example_dags/example_trigger_target_dag.py
[2021-06-11 05:41:35,019] {scheduler_job.py:633} INFO - Processing file /home/airflow/.local/lib/python3.6/site-packages/airflow/example_dags/example_trigger_target_dag.py for tasks to queue
[2021-06-11 05:41:35,020] {logging_mixin.py:104} INFO - [2021-06-11 05:41:35,020] {dagbag.py:487} INFO - Filling up the DagBag from /home/airflow/.local/lib/python3.6/site-packages/airflow/example_dags/example_trigger_target_dag.py
[2021-06-11 05:41:35,035] {scheduler_job.py:643} INFO - DAG(s) dict_keys(['example_trigger_target_dag']) retrieved from /home/airflow/.local/lib/python3.6/site-packages/airflow/example_dags/example_trigger_target_dag.py
[2021-06-11 05:41:35,057] {logging_mixin.py:104} INFO - [2021-06-11 05:41:35,057] {dag.py:1832} INFO - Sync 1 DAGs
[2021-06-11 05:41:35,073] {logging_mixin.py:104} INFO - [2021-06-11 05:41:35,073] {dag.py:2305} INFO - Setting next_dagrun for example_trigger_target_dag to None
[2021-06-11 05:41:35,084] {scheduler_job.py:190} INFO - Processing /home/airflow/.local/lib/python3.6/site-packages/airflow/example_dags/example_trigger_target_dag.py took 0.069 seconds
[2021-06-11 05:42:05,330] {scheduler_job.py:182} INFO - Started process (PID=733) to work on /home/airflow/.local/lib/python3.6/site-packages/airflow/example_dags/example_trigger_target_dag.py
[2021-06-11 05:42:05,332] {scheduler_job.py:633} INFO - Processing file /home/airflow/.local/lib/python3.6/site-packages/airflow/example_dags/example_trigger_target_dag.py for tasks to queue
[2021-06-11 05:42:05,333] {logging_mixin.py:104} INFO - [2021-06-11 05:42:05,333] {dagbag.py:487} INFO - Filling up the DagBag from /home/airflow/.local/lib/python3.6/site-packages/airflow/example_dags/example_trigger_target_dag.py
[2021-06-11 05:42:05,349] {scheduler_job.py:643} INFO - DAG(s) dict_keys(['example_trigger_target_dag']) retrieved from /home/airflow/.local/lib/python3.6/site-packages/airflow/example_dags/example_trigger_target_dag.py
[2021-06-11 05:42:05,370] {logging_mixin.py:104} INFO - [2021-06-11 05:42:05,370] {dag.py:1832} INFO - Sync 1 DAGs
[2021-06-11 05:42:05,386] {logging_mixin.py:104} INFO - [2021-06-11 05:42:05,386] {dag.py:2305} INFO - Setting next_dagrun for example_trigger_target_dag to None
[2021-06-11 05:42:05,397] {scheduler_job.py:190} INFO - Processing /home/airflow/.local/lib/python3.6/site-packages/airflow/example_dags/example_trigger_target_dag.py took 0.071 seconds
[2021-06-11 05:42:36,250] {scheduler_job.py:182} INFO - Started process (PID=818) to work on /home/airflow/.local/lib/python3.6/site-packages/airflow/example_dags/example_trigger_target_dag.py
[2021-06-11 05:42:36,251] {scheduler_job.py:633} INFO - Processing file /home/airflow/.local/lib/python3.6/site-packages/airflow/example_dags/example_trigger_target_dag.py for tasks to queue
[2021-06-11 05:42:36,252] {logging_mixin.py:104} INFO - [2021-06-11 05:42:36,252] {dagbag.py:487} INFO - Filling up the DagBag from /home/airflow/.local/lib/python3.6/site-packages/airflow/example_dags/example_trigger_target_dag.py
[2021-06-11 05:42:36,266] {scheduler_job.py:643} INFO - DAG(s) dict_keys(['example_trigger_target_dag']) retrieved from /home/airflow/.local/lib/python3.6/site-packages/airflow/example_dags/example_trigger_target_dag.py
[2021-06-11 05:42:36,290] {logging_mixin.py:104} INFO - [2021-06-11 05:42:36,290] {dag.py:1832} INFO - Sync 1 DAGs
[2021-06-11 05:42:36,306] {logging_mixin.py:104} INFO - [2021-06-11 05:42:36,306] {dag.py:2305} INFO - Setting next_dagrun for example_trigger_target_dag to None
[2021-06-11 05:42:36,319] {scheduler_job.py:190} INFO - Processing /home/airflow/.local/lib/python3.6/site-packages/airflow/example_dags/example_trigger_target_dag.py took 0.072 seconds
[2021-06-11 05:43:06,373] {scheduler_job.py:182} INFO - Started process (PID=885) to work on /home/airflow/.local/lib/python3.6/site-packages/airflow/example_dags/example_trigger_target_dag.py
[2021-06-11 05:43:06,375] {scheduler_job.py:633} INFO - Processing file /home/airflow/.local/lib/python3.6/site-packages/airflow/example_dags/example_trigger_target_dag.py for tasks to queue
[2021-06-11 05:43:06,377] {logging_mixin.py:104} INFO - [2021-06-11 05:43:06,376] {dagbag.py:487} INFO - Filling up the DagBag from /home/airflow/.local/lib/python3.6/site-packages/airflow/example_dags/example_trigger_target_dag.py
[2021-06-11 05:43:06,392] {scheduler_job.py:643} INFO - DAG(s) dict_keys(['example_trigger_target_dag']) retrieved from /home/airflow/.local/lib/python3.6/site-packages/airflow/example_dags/example_trigger_target_dag.py
[2021-06-11 05:43:06,416] {logging_mixin.py:104} INFO - [2021-06-11 05:43:06,416] {dag.py:1832} INFO - Sync 1 DAGs
[2021-06-11 05:43:06,433] {logging_mixin.py:104} INFO - [2021-06-11 05:43:06,433] {dag.py:2305} INFO - Setting next_dagrun for example_trigger_target_dag to None
[2021-06-11 05:43:06,442] {scheduler_job.py:190} INFO - Processing /home/airflow/.local/lib/python3.6/site-packages/airflow/example_dags/example_trigger_target_dag.py took 0.073 seconds
[2021-06-11 05:43:37,096] {scheduler_job.py:182} INFO - Started process (PID=969) to work on /home/airflow/.local/lib/python3.6/site-packages/airflow/example_dags/example_trigger_target_dag.py
[2021-06-11 05:43:37,097] {scheduler_job.py:633} INFO - Processing file /home/airflow/.local/lib/python3.6/site-packages/airflow/example_dags/example_trigger_target_dag.py for tasks to queue
[2021-06-11 05:43:37,099] {logging_mixin.py:104} INFO - [2021-06-11 05:43:37,098] {dagbag.py:487} INFO - Filling up the DagBag from /home/airflow/.local/lib/python3.6/site-packages/airflow/example_dags/example_trigger_target_dag.py
[2021-06-11 05:43:37,113] {scheduler_job.py:643} INFO - DAG(s) dict_keys(['example_trigger_target_dag']) retrieved from /home/airflow/.local/lib/python3.6/site-packages/airflow/example_dags/example_trigger_target_dag.py
[2021-06-11 05:43:37,135] {logging_mixin.py:104} INFO - [2021-06-11 05:43:37,135] {dag.py:1832} INFO - Sync 1 DAGs
[2021-06-11 05:43:37,151] {logging_mixin.py:104} INFO - [2021-06-11 05:43:37,151] {dag.py:2305} INFO - Setting next_dagrun for example_trigger_target_dag to None
[2021-06-11 05:43:37,161] {scheduler_job.py:190} INFO - Processing /home/airflow/.local/lib/python3.6/site-packages/airflow/example_dags/example_trigger_target_dag.py took 0.068 seconds
[2021-06-11 05:44:07,853] {scheduler_job.py:182} INFO - Started process (PID=1052) to work on /home/airflow/.local/lib/python3.6/site-packages/airflow/example_dags/example_trigger_target_dag.py
[2021-06-11 05:44:07,855] {scheduler_job.py:633} INFO - Processing file /home/airflow/.local/lib/python3.6/site-packages/airflow/example_dags/example_trigger_target_dag.py for tasks to queue
[2021-06-11 05:44:07,859] {logging_mixin.py:104} INFO - [2021-06-11 05:44:07,859] {dagbag.py:487} INFO - Filling up the DagBag from /home/airflow/.local/lib/python3.6/site-packages/airflow/example_dags/example_trigger_target_dag.py
[2021-06-11 05:44:07,876] {scheduler_job.py:643} INFO - DAG(s) dict_keys(['example_trigger_target_dag']) retrieved from /home/airflow/.local/lib/python3.6/site-packages/airflow/example_dags/example_trigger_target_dag.py
[2021-06-11 05:44:07,904] {logging_mixin.py:104} INFO - [2021-06-11 05:44:07,904] {dag.py:1832} INFO - Sync 1 DAGs
[2021-06-11 05:44:07,922] {logging_mixin.py:104} INFO - [2021-06-11 05:44:07,921] {dag.py:2305} INFO - Setting next_dagrun for example_trigger_target_dag to None
[2021-06-11 05:44:07,932] {scheduler_job.py:190} INFO - Processing /home/airflow/.local/lib/python3.6/site-packages/airflow/example_dags/example_trigger_target_dag.py took 0.082 seconds
[2021-06-11 05:44:38,710] {scheduler_job.py:182} INFO - Started process (PID=1117) to work on /home/airflow/.local/lib/python3.6/site-packages/airflow/example_dags/example_trigger_target_dag.py
[2021-06-11 05:44:38,712] {scheduler_job.py:633} INFO - Processing file /home/airflow/.local/lib/python3.6/site-packages/airflow/example_dags/example_trigger_target_dag.py for tasks to queue
[2021-06-11 05:44:38,714] {logging_mixin.py:104} INFO - [2021-06-11 05:44:38,714] {dagbag.py:487} INFO - Filling up the DagBag from /home/airflow/.local/lib/python3.6/site-packages/airflow/example_dags/example_trigger_target_dag.py
[2021-06-11 05:44:38,729] {scheduler_job.py:643} INFO - DAG(s) dict_keys(['example_trigger_target_dag']) retrieved from /home/airflow/.local/lib/python3.6/site-packages/airflow/example_dags/example_trigger_target_dag.py
[2021-06-11 05:44:38,753] {logging_mixin.py:104} INFO - [2021-06-11 05:44:38,752] {dag.py:1832} INFO - Sync 1 DAGs
[2021-06-11 05:44:38,771] {logging_mixin.py:104} INFO - [2021-06-11 05:44:38,770] {dag.py:2305} INFO - Setting next_dagrun for example_trigger_target_dag to None
[2021-06-11 05:44:38,782] {scheduler_job.py:190} INFO - Processing /home/airflow/.local/lib/python3.6/site-packages/airflow/example_dags/example_trigger_target_dag.py took 0.077 seconds
[2021-06-11 05:45:08,865] {scheduler_job.py:182} INFO - Started process (PID=1201) to work on /home/airflow/.local/lib/python3.6/site-packages/airflow/example_dags/example_trigger_target_dag.py
[2021-06-11 05:45:08,867] {scheduler_job.py:633} INFO - Processing file /home/airflow/.local/lib/python3.6/site-packages/airflow/example_dags/example_trigger_target_dag.py for tasks to queue
[2021-06-11 05:45:08,868] {logging_mixin.py:104} INFO - [2021-06-11 05:45:08,868] {dagbag.py:487} INFO - Filling up the DagBag from /home/airflow/.local/lib/python3.6/site-packages/airflow/example_dags/example_trigger_target_dag.py
[2021-06-11 05:45:08,885] {scheduler_job.py:643} INFO - DAG(s) dict_keys(['example_trigger_target_dag']) retrieved from /home/airflow/.local/lib/python3.6/site-packages/airflow/example_dags/example_trigger_target_dag.py
[2021-06-11 05:45:08,909] {logging_mixin.py:104} INFO - [2021-06-11 05:45:08,909] {dag.py:1832} INFO - Sync 1 DAGs
[2021-06-11 05:45:08,925] {logging_mixin.py:104} INFO - [2021-06-11 05:45:08,925] {dag.py:2305} INFO - Setting next_dagrun for example_trigger_target_dag to None
[2021-06-11 05:45:08,936] {scheduler_job.py:190} INFO - Processing /home/airflow/.local/lib/python3.6/site-packages/airflow/example_dags/example_trigger_target_dag.py took 0.075 seconds
[2021-06-11 05:45:39,244] {scheduler_job.py:182} INFO - Started process (PID=1268) to work on /home/airflow/.local/lib/python3.6/site-packages/airflow/example_dags/example_trigger_target_dag.py
[2021-06-11 05:45:39,246] {scheduler_job.py:633} INFO - Processing file /home/airflow/.local/lib/python3.6/site-packages/airflow/example_dags/example_trigger_target_dag.py for tasks to queue
[2021-06-11 05:45:39,247] {logging_mixin.py:104} INFO - [2021-06-11 05:45:39,247] {dagbag.py:487} INFO - Filling up the DagBag from /home/airflow/.local/lib/python3.6/site-packages/airflow/example_dags/example_trigger_target_dag.py
[2021-06-11 05:45:39,262] {scheduler_job.py:643} INFO - DAG(s) dict_keys(['example_trigger_target_dag']) retrieved from /home/airflow/.local/lib/python3.6/site-packages/airflow/example_dags/example_trigger_target_dag.py
[2021-06-11 05:45:39,293] {logging_mixin.py:104} INFO - [2021-06-11 05:45:39,293] {dag.py:1832} INFO - Sync 1 DAGs
[2021-06-11 05:45:39,309] {logging_mixin.py:104} INFO - [2021-06-11 05:45:39,309] {dag.py:2305} INFO - Setting next_dagrun for example_trigger_target_dag to None
[2021-06-11 05:45:39,319] {scheduler_job.py:190} INFO - Processing /home/airflow/.local/lib/python3.6/site-packages/airflow/example_dags/example_trigger_target_dag.py took 0.078 seconds
[2021-06-11 05:46:09,371] {scheduler_job.py:182} INFO - Started process (PID=1352) to work on /home/airflow/.local/lib/python3.6/site-packages/airflow/example_dags/example_trigger_target_dag.py
[2021-06-11 05:46:09,373] {scheduler_job.py:633} INFO - Processing file /home/airflow/.local/lib/python3.6/site-packages/airflow/example_dags/example_trigger_target_dag.py for tasks to queue
[2021-06-11 05:46:09,375] {logging_mixin.py:104} INFO - [2021-06-11 05:46:09,375] {dagbag.py:487} INFO - Filling up the DagBag from /home/airflow/.local/lib/python3.6/site-packages/airflow/example_dags/example_trigger_target_dag.py
[2021-06-11 05:46:09,395] {scheduler_job.py:643} INFO - DAG(s) dict_keys(['example_trigger_target_dag']) retrieved from /home/airflow/.local/lib/python3.6/site-packages/airflow/example_dags/example_trigger_target_dag.py
[2021-06-11 05:46:09,421] {logging_mixin.py:104} INFO - [2021-06-11 05:46:09,421] {dag.py:1832} INFO - Sync 1 DAGs
[2021-06-11 05:46:09,438] {logging_mixin.py:104} INFO - [2021-06-11 05:46:09,438] {dag.py:2305} INFO - Setting next_dagrun for example_trigger_target_dag to None
[2021-06-11 05:46:09,455] {scheduler_job.py:190} INFO - Processing /home/airflow/.local/lib/python3.6/site-packages/airflow/example_dags/example_trigger_target_dag.py took 0.087 seconds
[2021-06-11 05:46:39,677] {scheduler_job.py:182} INFO - Started process (PID=1436) to work on /home/airflow/.local/lib/python3.6/site-packages/airflow/example_dags/example_trigger_target_dag.py
[2021-06-11 05:46:39,679] {scheduler_job.py:633} INFO - Processing file /home/airflow/.local/lib/python3.6/site-packages/airflow/example_dags/example_trigger_target_dag.py for tasks to queue
[2021-06-11 05:46:39,680] {logging_mixin.py:104} INFO - [2021-06-11 05:46:39,680] {dagbag.py:487} INFO - Filling up the DagBag from /home/airflow/.local/lib/python3.6/site-packages/airflow/example_dags/example_trigger_target_dag.py
[2021-06-11 05:46:39,694] {scheduler_job.py:643} INFO - DAG(s) dict_keys(['example_trigger_target_dag']) retrieved from /home/airflow/.local/lib/python3.6/site-packages/airflow/example_dags/example_trigger_target_dag.py
[2021-06-11 05:46:39,719] {logging_mixin.py:104} INFO - [2021-06-11 05:46:39,719] {dag.py:1832} INFO - Sync 1 DAGs
[2021-06-11 05:46:39,735] {logging_mixin.py:104} INFO - [2021-06-11 05:46:39,734] {dag.py:2305} INFO - Setting next_dagrun for example_trigger_target_dag to None
[2021-06-11 05:46:39,745] {scheduler_job.py:190} INFO - Processing /home/airflow/.local/lib/python3.6/site-packages/airflow/example_dags/example_trigger_target_dag.py took 0.072 seconds
[2021-06-11 05:47:09,937] {scheduler_job.py:182} INFO - Started process (PID=1501) to work on /home/airflow/.local/lib/python3.6/site-packages/airflow/example_dags/example_trigger_target_dag.py
[2021-06-11 05:47:09,939] {scheduler_job.py:633} INFO - Processing file /home/airflow/.local/lib/python3.6/site-packages/airflow/example_dags/example_trigger_target_dag.py for tasks to queue
[2021-06-11 05:47:09,941] {logging_mixin.py:104} INFO - [2021-06-11 05:47:09,941] {dagbag.py:487} INFO - Filling up the DagBag from /home/airflow/.local/lib/python3.6/site-packages/airflow/example_dags/example_trigger_target_dag.py
[2021-06-11 05:47:09,960] {scheduler_job.py:643} INFO - DAG(s) dict_keys(['example_trigger_target_dag']) retrieved from /home/airflow/.local/lib/python3.6/site-packages/airflow/example_dags/example_trigger_target_dag.py
[2021-06-11 05:47:10,002] {logging_mixin.py:104} INFO - [2021-06-11 05:47:10,001] {dag.py:1832} INFO - Sync 1 DAGs
[2021-06-11 05:47:10,023] {logging_mixin.py:104} INFO - [2021-06-11 05:47:10,023] {dag.py:2305} INFO - Setting next_dagrun for example_trigger_target_dag to None
[2021-06-11 05:47:10,036] {scheduler_job.py:190} INFO - Processing /home/airflow/.local/lib/python3.6/site-packages/airflow/example_dags/example_trigger_target_dag.py took 0.104 seconds
[2021-06-11 05:47:40,461] {scheduler_job.py:182} INFO - Started process (PID=1586) to work on /home/airflow/.local/lib/python3.6/site-packages/airflow/example_dags/example_trigger_target_dag.py
[2021-06-11 05:47:40,463] {scheduler_job.py:633} INFO - Processing file /home/airflow/.local/lib/python3.6/site-packages/airflow/example_dags/example_trigger_target_dag.py for tasks to queue
[2021-06-11 05:47:40,465] {logging_mixin.py:104} INFO - [2021-06-11 05:47:40,465] {dagbag.py:487} INFO - Filling up the DagBag from /home/airflow/.local/lib/python3.6/site-packages/airflow/example_dags/example_trigger_target_dag.py
[2021-06-11 05:47:40,480] {scheduler_job.py:643} INFO - DAG(s) dict_keys(['example_trigger_target_dag']) retrieved from /home/airflow/.local/lib/python3.6/site-packages/airflow/example_dags/example_trigger_target_dag.py
[2021-06-11 05:47:40,507] {logging_mixin.py:104} INFO - [2021-06-11 05:47:40,507] {dag.py:1832} INFO - Sync 1 DAGs
[2021-06-11 05:47:40,524] {logging_mixin.py:104} INFO - [2021-06-11 05:47:40,524] {dag.py:2305} INFO - Setting next_dagrun for example_trigger_target_dag to None
[2021-06-11 05:47:40,535] {scheduler_job.py:190} INFO - Processing /home/airflow/.local/lib/python3.6/site-packages/airflow/example_dags/example_trigger_target_dag.py took 0.079 seconds
[2021-06-11 05:48:10,568] {scheduler_job.py:182} INFO - Started process (PID=1663) to work on /home/airflow/.local/lib/python3.6/site-packages/airflow/example_dags/example_trigger_target_dag.py
[2021-06-11 05:48:10,571] {scheduler_job.py:633} INFO - Processing file /home/airflow/.local/lib/python3.6/site-packages/airflow/example_dags/example_trigger_target_dag.py for tasks to queue
[2021-06-11 05:48:10,572] {logging_mixin.py:104} INFO - [2021-06-11 05:48:10,572] {dagbag.py:487} INFO - Filling up the DagBag from /home/airflow/.local/lib/python3.6/site-packages/airflow/example_dags/example_trigger_target_dag.py
[2021-06-11 05:48:10,597] {scheduler_job.py:643} INFO - DAG(s) dict_keys(['example_trigger_target_dag']) retrieved from /home/airflow/.local/lib/python3.6/site-packages/airflow/example_dags/example_trigger_target_dag.py
[2021-06-11 05:48:10,628] {logging_mixin.py:104} INFO - [2021-06-11 05:48:10,628] {dag.py:1832} INFO - Sync 1 DAGs
[2021-06-11 05:48:10,655] {logging_mixin.py:104} INFO - [2021-06-11 05:48:10,655] {dag.py:2305} INFO - Setting next_dagrun for example_trigger_target_dag to None
[2021-06-11 05:48:10,668] {scheduler_job.py:190} INFO - Processing /home/airflow/.local/lib/python3.6/site-packages/airflow/example_dags/example_trigger_target_dag.py took 0.105 seconds
[2021-06-11 05:48:41,407] {scheduler_job.py:182} INFO - Started process (PID=1738) to work on /home/airflow/.local/lib/python3.6/site-packages/airflow/example_dags/example_trigger_target_dag.py
[2021-06-11 05:48:41,409] {scheduler_job.py:633} INFO - Processing file /home/airflow/.local/lib/python3.6/site-packages/airflow/example_dags/example_trigger_target_dag.py for tasks to queue
[2021-06-11 05:48:41,410] {logging_mixin.py:104} INFO - [2021-06-11 05:48:41,410] {dagbag.py:487} INFO - Filling up the DagBag from /home/airflow/.local/lib/python3.6/site-packages/airflow/example_dags/example_trigger_target_dag.py
[2021-06-11 05:48:41,427] {scheduler_job.py:643} INFO - DAG(s) dict_keys(['example_trigger_target_dag']) retrieved from /home/airflow/.local/lib/python3.6/site-packages/airflow/example_dags/example_trigger_target_dag.py
[2021-06-11 05:48:41,450] {logging_mixin.py:104} INFO - [2021-06-11 05:48:41,450] {dag.py:1832} INFO - Sync 1 DAGs
[2021-06-11 05:48:41,466] {logging_mixin.py:104} INFO - [2021-06-11 05:48:41,466] {dag.py:2305} INFO - Setting next_dagrun for example_trigger_target_dag to None
[2021-06-11 05:48:41,478] {scheduler_job.py:190} INFO - Processing /home/airflow/.local/lib/python3.6/site-packages/airflow/example_dags/example_trigger_target_dag.py took 0.074 seconds
[2021-06-11 05:49:11,832] {scheduler_job.py:182} INFO - Started process (PID=1822) to work on /home/airflow/.local/lib/python3.6/site-packages/airflow/example_dags/example_trigger_target_dag.py
[2021-06-11 05:49:11,835] {scheduler_job.py:633} INFO - Processing file /home/airflow/.local/lib/python3.6/site-packages/airflow/example_dags/example_trigger_target_dag.py for tasks to queue
[2021-06-11 05:49:11,836] {logging_mixin.py:104} INFO - [2021-06-11 05:49:11,836] {dagbag.py:487} INFO - Filling up the DagBag from /home/airflow/.local/lib/python3.6/site-packages/airflow/example_dags/example_trigger_target_dag.py
[2021-06-11 05:49:11,858] {scheduler_job.py:643} INFO - DAG(s) dict_keys(['example_trigger_target_dag']) retrieved from /home/airflow/.local/lib/python3.6/site-packages/airflow/example_dags/example_trigger_target_dag.py
[2021-06-11 05:49:11,892] {logging_mixin.py:104} INFO - [2021-06-11 05:49:11,892] {dag.py:1832} INFO - Sync 1 DAGs
[2021-06-11 05:49:11,915] {logging_mixin.py:104} INFO - [2021-06-11 05:49:11,915] {dag.py:2305} INFO - Setting next_dagrun for example_trigger_target_dag to None
[2021-06-11 05:49:11,932] {scheduler_job.py:190} INFO - Processing /home/airflow/.local/lib/python3.6/site-packages/airflow/example_dags/example_trigger_target_dag.py took 0.105 seconds
[2021-06-11 05:49:42,867] {scheduler_job.py:182} INFO - Started process (PID=1887) to work on /home/airflow/.local/lib/python3.6/site-packages/airflow/example_dags/example_trigger_target_dag.py
[2021-06-11 05:49:42,869] {scheduler_job.py:633} INFO - Processing file /home/airflow/.local/lib/python3.6/site-packages/airflow/example_dags/example_trigger_target_dag.py for tasks to queue
[2021-06-11 05:49:42,870] {logging_mixin.py:104} INFO - [2021-06-11 05:49:42,870] {dagbag.py:487} INFO - Filling up the DagBag from /home/airflow/.local/lib/python3.6/site-packages/airflow/example_dags/example_trigger_target_dag.py
[2021-06-11 05:49:42,884] {scheduler_job.py:643} INFO - DAG(s) dict_keys(['example_trigger_target_dag']) retrieved from /home/airflow/.local/lib/python3.6/site-packages/airflow/example_dags/example_trigger_target_dag.py
[2021-06-11 05:49:42,907] {logging_mixin.py:104} INFO - [2021-06-11 05:49:42,907] {dag.py:1832} INFO - Sync 1 DAGs
[2021-06-11 05:49:42,923] {logging_mixin.py:104} INFO - [2021-06-11 05:49:42,923] {dag.py:2305} INFO - Setting next_dagrun for example_trigger_target_dag to None
[2021-06-11 05:49:42,933] {scheduler_job.py:190} INFO - Processing /home/airflow/.local/lib/python3.6/site-packages/airflow/example_dags/example_trigger_target_dag.py took 0.068 seconds
[2021-06-11 05:50:13,078] {scheduler_job.py:182} INFO - Started process (PID=1971) to work on /home/airflow/.local/lib/python3.6/site-packages/airflow/example_dags/example_trigger_target_dag.py
[2021-06-11 05:50:13,080] {scheduler_job.py:633} INFO - Processing file /home/airflow/.local/lib/python3.6/site-packages/airflow/example_dags/example_trigger_target_dag.py for tasks to queue
[2021-06-11 05:50:13,082] {logging_mixin.py:104} INFO - [2021-06-11 05:50:13,081] {dagbag.py:487} INFO - Filling up the DagBag from /home/airflow/.local/lib/python3.6/site-packages/airflow/example_dags/example_trigger_target_dag.py
[2021-06-11 05:50:13,098] {scheduler_job.py:643} INFO - DAG(s) dict_keys(['example_trigger_target_dag']) retrieved from /home/airflow/.local/lib/python3.6/site-packages/airflow/example_dags/example_trigger_target_dag.py
[2021-06-11 05:50:13,120] {logging_mixin.py:104} INFO - [2021-06-11 05:50:13,120] {dag.py:1832} INFO - Sync 1 DAGs
[2021-06-11 05:50:13,135] {logging_mixin.py:104} INFO - [2021-06-11 05:50:13,135] {dag.py:2305} INFO - Setting next_dagrun for example_trigger_target_dag to None
[2021-06-11 05:50:13,146] {scheduler_job.py:190} INFO - Processing /home/airflow/.local/lib/python3.6/site-packages/airflow/example_dags/example_trigger_target_dag.py took 0.072 seconds
[2021-06-11 05:50:43,374] {scheduler_job.py:182} INFO - Started process (PID=2056) to work on /home/airflow/.local/lib/python3.6/site-packages/airflow/example_dags/example_trigger_target_dag.py
[2021-06-11 05:50:43,376] {scheduler_job.py:633} INFO - Processing file /home/airflow/.local/lib/python3.6/site-packages/airflow/example_dags/example_trigger_target_dag.py for tasks to queue
[2021-06-11 05:50:43,377] {logging_mixin.py:104} INFO - [2021-06-11 05:50:43,377] {dagbag.py:487} INFO - Filling up the DagBag from /home/airflow/.local/lib/python3.6/site-packages/airflow/example_dags/example_trigger_target_dag.py
[2021-06-11 05:50:43,391] {scheduler_job.py:643} INFO - DAG(s) dict_keys(['example_trigger_target_dag']) retrieved from /home/airflow/.local/lib/python3.6/site-packages/airflow/example_dags/example_trigger_target_dag.py
[2021-06-11 05:50:43,421] {logging_mixin.py:104} INFO - [2021-06-11 05:50:43,421] {dag.py:1832} INFO - Sync 1 DAGs
[2021-06-11 05:50:43,440] {logging_mixin.py:104} INFO - [2021-06-11 05:50:43,440] {dag.py:2305} INFO - Setting next_dagrun for example_trigger_target_dag to None
[2021-06-11 05:50:43,450] {scheduler_job.py:190} INFO - Processing /home/airflow/.local/lib/python3.6/site-packages/airflow/example_dags/example_trigger_target_dag.py took 0.079 seconds
[2021-06-11 05:51:13,723] {scheduler_job.py:182} INFO - Started process (PID=2122) to work on /home/airflow/.local/lib/python3.6/site-packages/airflow/example_dags/example_trigger_target_dag.py
[2021-06-11 05:51:13,725] {scheduler_job.py:633} INFO - Processing file /home/airflow/.local/lib/python3.6/site-packages/airflow/example_dags/example_trigger_target_dag.py for tasks to queue
[2021-06-11 05:51:13,726] {logging_mixin.py:104} INFO - [2021-06-11 05:51:13,726] {dagbag.py:487} INFO - Filling up the DagBag from /home/airflow/.local/lib/python3.6/site-packages/airflow/example_dags/example_trigger_target_dag.py
[2021-06-11 05:51:13,739] {scheduler_job.py:643} INFO - DAG(s) dict_keys(['example_trigger_target_dag']) retrieved from /home/airflow/.local/lib/python3.6/site-packages/airflow/example_dags/example_trigger_target_dag.py
[2021-06-11 05:51:13,763] {logging_mixin.py:104} INFO - [2021-06-11 05:51:13,763] {dag.py:1832} INFO - Sync 1 DAGs
[2021-06-11 05:51:13,779] {logging_mixin.py:104} INFO - [2021-06-11 05:51:13,778] {dag.py:2305} INFO - Setting next_dagrun for example_trigger_target_dag to None
[2021-06-11 05:51:13,789] {scheduler_job.py:190} INFO - Processing /home/airflow/.local/lib/python3.6/site-packages/airflow/example_dags/example_trigger_target_dag.py took 0.071 seconds
[2021-06-11 05:51:44,122] {scheduler_job.py:182} INFO - Started process (PID=2207) to work on /home/airflow/.local/lib/python3.6/site-packages/airflow/example_dags/example_trigger_target_dag.py
[2021-06-11 05:51:44,124] {scheduler_job.py:633} INFO - Processing file /home/airflow/.local/lib/python3.6/site-packages/airflow/example_dags/example_trigger_target_dag.py for tasks to queue
[2021-06-11 05:51:44,126] {logging_mixin.py:104} INFO - [2021-06-11 05:51:44,126] {dagbag.py:487} INFO - Filling up the DagBag from /home/airflow/.local/lib/python3.6/site-packages/airflow/example_dags/example_trigger_target_dag.py
[2021-06-11 05:51:44,141] {scheduler_job.py:643} INFO - DAG(s) dict_keys(['example_trigger_target_dag']) retrieved from /home/airflow/.local/lib/python3.6/site-packages/airflow/example_dags/example_trigger_target_dag.py
[2021-06-11 05:51:44,164] {logging_mixin.py:104} INFO - [2021-06-11 05:51:44,164] {dag.py:1832} INFO - Sync 1 DAGs
[2021-06-11 05:51:44,179] {logging_mixin.py:104} INFO - [2021-06-11 05:51:44,179] {dag.py:2305} INFO - Setting next_dagrun for example_trigger_target_dag to None
[2021-06-11 05:51:44,190] {scheduler_job.py:190} INFO - Processing /home/airflow/.local/lib/python3.6/site-packages/airflow/example_dags/example_trigger_target_dag.py took 0.072 seconds
[2021-06-11 05:52:14,290] {scheduler_job.py:182} INFO - Started process (PID=2284) to work on /home/airflow/.local/lib/python3.6/site-packages/airflow/example_dags/example_trigger_target_dag.py
[2021-06-11 05:52:14,293] {scheduler_job.py:633} INFO - Processing file /home/airflow/.local/lib/python3.6/site-packages/airflow/example_dags/example_trigger_target_dag.py for tasks to queue
[2021-06-11 05:52:14,295] {logging_mixin.py:104} INFO - [2021-06-11 05:52:14,294] {dagbag.py:487} INFO - Filling up the DagBag from /home/airflow/.local/lib/python3.6/site-packages/airflow/example_dags/example_trigger_target_dag.py
[2021-06-11 05:52:14,314] {scheduler_job.py:643} INFO - DAG(s) dict_keys(['example_trigger_target_dag']) retrieved from /home/airflow/.local/lib/python3.6/site-packages/airflow/example_dags/example_trigger_target_dag.py
[2021-06-11 05:52:14,345] {logging_mixin.py:104} INFO - [2021-06-11 05:52:14,344] {dag.py:1832} INFO - Sync 1 DAGs
[2021-06-11 05:52:14,362] {logging_mixin.py:104} INFO - [2021-06-11 05:52:14,362] {dag.py:2305} INFO - Setting next_dagrun for example_trigger_target_dag to None
[2021-06-11 05:52:14,376] {scheduler_job.py:190} INFO - Processing /home/airflow/.local/lib/python3.6/site-packages/airflow/example_dags/example_trigger_target_dag.py took 0.092 seconds
[2021-06-11 05:52:44,891] {scheduler_job.py:182} INFO - Started process (PID=2358) to work on /home/airflow/.local/lib/python3.6/site-packages/airflow/example_dags/example_trigger_target_dag.py
[2021-06-11 05:52:44,892] {scheduler_job.py:633} INFO - Processing file /home/airflow/.local/lib/python3.6/site-packages/airflow/example_dags/example_trigger_target_dag.py for tasks to queue
[2021-06-11 05:52:44,894] {logging_mixin.py:104} INFO - [2021-06-11 05:52:44,893] {dagbag.py:487} INFO - Filling up the DagBag from /home/airflow/.local/lib/python3.6/site-packages/airflow/example_dags/example_trigger_target_dag.py
[2021-06-11 05:52:44,908] {scheduler_job.py:643} INFO - DAG(s) dict_keys(['example_trigger_target_dag']) retrieved from /home/airflow/.local/lib/python3.6/site-packages/airflow/example_dags/example_trigger_target_dag.py
[2021-06-11 05:52:44,938] {logging_mixin.py:104} INFO - [2021-06-11 05:52:44,938] {dag.py:1832} INFO - Sync 1 DAGs
[2021-06-11 05:52:44,954] {logging_mixin.py:104} INFO - [2021-06-11 05:52:44,954] {dag.py:2305} INFO - Setting next_dagrun for example_trigger_target_dag to None
[2021-06-11 05:52:44,966] {scheduler_job.py:190} INFO - Processing /home/airflow/.local/lib/python3.6/site-packages/airflow/example_dags/example_trigger_target_dag.py took 0.080 seconds
[2021-06-11 05:53:15,491] {scheduler_job.py:182} INFO - Started process (PID=2442) to work on /home/airflow/.local/lib/python3.6/site-packages/airflow/example_dags/example_trigger_target_dag.py
[2021-06-11 05:53:15,493] {scheduler_job.py:633} INFO - Processing file /home/airflow/.local/lib/python3.6/site-packages/airflow/example_dags/example_trigger_target_dag.py for tasks to queue
[2021-06-11 05:53:15,494] {logging_mixin.py:104} INFO - [2021-06-11 05:53:15,494] {dagbag.py:487} INFO - Filling up the DagBag from /home/airflow/.local/lib/python3.6/site-packages/airflow/example_dags/example_trigger_target_dag.py
[2021-06-11 05:53:15,511] {scheduler_job.py:643} INFO - DAG(s) dict_keys(['example_trigger_target_dag']) retrieved from /home/airflow/.local/lib/python3.6/site-packages/airflow/example_dags/example_trigger_target_dag.py
[2021-06-11 05:53:15,532] {logging_mixin.py:104} INFO - [2021-06-11 05:53:15,532] {dag.py:1832} INFO - Sync 1 DAGs
[2021-06-11 05:53:15,547] {logging_mixin.py:104} INFO - [2021-06-11 05:53:15,547] {dag.py:2305} INFO - Setting next_dagrun for example_trigger_target_dag to None
[2021-06-11 05:53:15,557] {scheduler_job.py:190} INFO - Processing /home/airflow/.local/lib/python3.6/site-packages/airflow/example_dags/example_trigger_target_dag.py took 0.071 seconds
[2021-06-11 05:53:45,986] {scheduler_job.py:182} INFO - Started process (PID=2513) to work on /home/airflow/.local/lib/python3.6/site-packages/airflow/example_dags/example_trigger_target_dag.py
[2021-06-11 05:53:45,988] {scheduler_job.py:633} INFO - Processing file /home/airflow/.local/lib/python3.6/site-packages/airflow/example_dags/example_trigger_target_dag.py for tasks to queue
[2021-06-11 05:53:45,989] {logging_mixin.py:104} INFO - [2021-06-11 05:53:45,989] {dagbag.py:487} INFO - Filling up the DagBag from /home/airflow/.local/lib/python3.6/site-packages/airflow/example_dags/example_trigger_target_dag.py
[2021-06-11 05:53:46,003] {scheduler_job.py:643} INFO - DAG(s) dict_keys(['example_trigger_target_dag']) retrieved from /home/airflow/.local/lib/python3.6/site-packages/airflow/example_dags/example_trigger_target_dag.py
[2021-06-11 05:53:46,029] {logging_mixin.py:104} INFO - [2021-06-11 05:53:46,029] {dag.py:1832} INFO - Sync 1 DAGs
[2021-06-11 05:53:46,045] {logging_mixin.py:104} INFO - [2021-06-11 05:53:46,044] {dag.py:2305} INFO - Setting next_dagrun for example_trigger_target_dag to None
[2021-06-11 05:53:46,054] {scheduler_job.py:190} INFO - Processing /home/airflow/.local/lib/python3.6/site-packages/airflow/example_dags/example_trigger_target_dag.py took 0.072 seconds
[2021-06-11 05:54:16,602] {scheduler_job.py:182} INFO - Started process (PID=2592) to work on /home/airflow/.local/lib/python3.6/site-packages/airflow/example_dags/example_trigger_target_dag.py
[2021-06-11 05:54:16,604] {scheduler_job.py:633} INFO - Processing file /home/airflow/.local/lib/python3.6/site-packages/airflow/example_dags/example_trigger_target_dag.py for tasks to queue
[2021-06-11 05:54:16,605] {logging_mixin.py:104} INFO - [2021-06-11 05:54:16,605] {dagbag.py:487} INFO - Filling up the DagBag from /home/airflow/.local/lib/python3.6/site-packages/airflow/example_dags/example_trigger_target_dag.py
[2021-06-11 05:54:16,622] {scheduler_job.py:643} INFO - DAG(s) dict_keys(['example_trigger_target_dag']) retrieved from /home/airflow/.local/lib/python3.6/site-packages/airflow/example_dags/example_trigger_target_dag.py
[2021-06-11 05:54:16,644] {logging_mixin.py:104} INFO - [2021-06-11 05:54:16,644] {dag.py:1832} INFO - Sync 1 DAGs
[2021-06-11 05:54:16,659] {logging_mixin.py:104} INFO - [2021-06-11 05:54:16,658] {dag.py:2305} INFO - Setting next_dagrun for example_trigger_target_dag to None
[2021-06-11 05:54:16,669] {scheduler_job.py:190} INFO - Processing /home/airflow/.local/lib/python3.6/site-packages/airflow/example_dags/example_trigger_target_dag.py took 0.071 seconds
[2021-06-11 05:54:47,329] {scheduler_job.py:182} INFO - Started process (PID=2675) to work on /home/airflow/.local/lib/python3.6/site-packages/airflow/example_dags/example_trigger_target_dag.py
[2021-06-11 05:54:47,331] {scheduler_job.py:633} INFO - Processing file /home/airflow/.local/lib/python3.6/site-packages/airflow/example_dags/example_trigger_target_dag.py for tasks to queue
[2021-06-11 05:54:47,333] {logging_mixin.py:104} INFO - [2021-06-11 05:54:47,333] {dagbag.py:487} INFO - Filling up the DagBag from /home/airflow/.local/lib/python3.6/site-packages/airflow/example_dags/example_trigger_target_dag.py
[2021-06-11 05:54:47,347] {scheduler_job.py:643} INFO - DAG(s) dict_keys(['example_trigger_target_dag']) retrieved from /home/airflow/.local/lib/python3.6/site-packages/airflow/example_dags/example_trigger_target_dag.py
[2021-06-11 05:54:47,371] {logging_mixin.py:104} INFO - [2021-06-11 05:54:47,370] {dag.py:1832} INFO - Sync 1 DAGs
[2021-06-11 05:54:47,387] {logging_mixin.py:104} INFO - [2021-06-11 05:54:47,386] {dag.py:2305} INFO - Setting next_dagrun for example_trigger_target_dag to None
[2021-06-11 05:54:47,398] {scheduler_job.py:190} INFO - Processing /home/airflow/.local/lib/python3.6/site-packages/airflow/example_dags/example_trigger_target_dag.py took 0.072 seconds
[2021-06-11 05:55:18,007] {scheduler_job.py:182} INFO - Started process (PID=2752) to work on /home/airflow/.local/lib/python3.6/site-packages/airflow/example_dags/example_trigger_target_dag.py
[2021-06-11 05:55:18,009] {scheduler_job.py:633} INFO - Processing file /home/airflow/.local/lib/python3.6/site-packages/airflow/example_dags/example_trigger_target_dag.py for tasks to queue
[2021-06-11 05:55:18,010] {logging_mixin.py:104} INFO - [2021-06-11 05:55:18,010] {dagbag.py:487} INFO - Filling up the DagBag from /home/airflow/.local/lib/python3.6/site-packages/airflow/example_dags/example_trigger_target_dag.py
[2021-06-11 05:55:18,027] {scheduler_job.py:643} INFO - DAG(s) dict_keys(['example_trigger_target_dag']) retrieved from /home/airflow/.local/lib/python3.6/site-packages/airflow/example_dags/example_trigger_target_dag.py
[2021-06-11 05:55:18,050] {logging_mixin.py:104} INFO - [2021-06-11 05:55:18,050] {dag.py:1832} INFO - Sync 1 DAGs
[2021-06-11 05:55:18,066] {logging_mixin.py:104} INFO - [2021-06-11 05:55:18,065] {dag.py:2305} INFO - Setting next_dagrun for example_trigger_target_dag to None
[2021-06-11 05:55:18,076] {scheduler_job.py:190} INFO - Processing /home/airflow/.local/lib/python3.6/site-packages/airflow/example_dags/example_trigger_target_dag.py took 0.073 seconds
[2021-06-11 05:55:48,481] {scheduler_job.py:182} INFO - Started process (PID=2825) to work on /home/airflow/.local/lib/python3.6/site-packages/airflow/example_dags/example_trigger_target_dag.py
[2021-06-11 05:55:48,483] {scheduler_job.py:633} INFO - Processing file /home/airflow/.local/lib/python3.6/site-packages/airflow/example_dags/example_trigger_target_dag.py for tasks to queue
[2021-06-11 05:55:48,484] {logging_mixin.py:104} INFO - [2021-06-11 05:55:48,484] {dagbag.py:487} INFO - Filling up the DagBag from /home/airflow/.local/lib/python3.6/site-packages/airflow/example_dags/example_trigger_target_dag.py
[2021-06-11 05:55:48,499] {scheduler_job.py:643} INFO - DAG(s) dict_keys(['example_trigger_target_dag']) retrieved from /home/airflow/.local/lib/python3.6/site-packages/airflow/example_dags/example_trigger_target_dag.py
[2021-06-11 05:55:48,524] {logging_mixin.py:104} INFO - [2021-06-11 05:55:48,524] {dag.py:1832} INFO - Sync 1 DAGs
[2021-06-11 05:55:48,540] {logging_mixin.py:104} INFO - [2021-06-11 05:55:48,540] {dag.py:2305} INFO - Setting next_dagrun for example_trigger_target_dag to None
[2021-06-11 05:55:48,552] {scheduler_job.py:190} INFO - Processing /home/airflow/.local/lib/python3.6/site-packages/airflow/example_dags/example_trigger_target_dag.py took 0.075 seconds
[2021-06-11 05:56:19,137] {scheduler_job.py:182} INFO - Started process (PID=2910) to work on /home/airflow/.local/lib/python3.6/site-packages/airflow/example_dags/example_trigger_target_dag.py
[2021-06-11 05:56:19,139] {scheduler_job.py:633} INFO - Processing file /home/airflow/.local/lib/python3.6/site-packages/airflow/example_dags/example_trigger_target_dag.py for tasks to queue
[2021-06-11 05:56:19,140] {logging_mixin.py:104} INFO - [2021-06-11 05:56:19,140] {dagbag.py:487} INFO - Filling up the DagBag from /home/airflow/.local/lib/python3.6/site-packages/airflow/example_dags/example_trigger_target_dag.py
[2021-06-11 05:56:19,153] {scheduler_job.py:643} INFO - DAG(s) dict_keys(['example_trigger_target_dag']) retrieved from /home/airflow/.local/lib/python3.6/site-packages/airflow/example_dags/example_trigger_target_dag.py
[2021-06-11 05:56:19,180] {logging_mixin.py:104} INFO - [2021-06-11 05:56:19,180] {dag.py:1832} INFO - Sync 1 DAGs
[2021-06-11 05:56:19,197] {logging_mixin.py:104} INFO - [2021-06-11 05:56:19,197] {dag.py:2305} INFO - Setting next_dagrun for example_trigger_target_dag to None
[2021-06-11 05:56:19,209] {scheduler_job.py:190} INFO - Processing /home/airflow/.local/lib/python3.6/site-packages/airflow/example_dags/example_trigger_target_dag.py took 0.075 seconds
[2021-06-11 05:56:49,666] {scheduler_job.py:182} INFO - Started process (PID=2980) to work on /home/airflow/.local/lib/python3.6/site-packages/airflow/example_dags/example_trigger_target_dag.py
[2021-06-11 05:56:49,668] {scheduler_job.py:633} INFO - Processing file /home/airflow/.local/lib/python3.6/site-packages/airflow/example_dags/example_trigger_target_dag.py for tasks to queue
[2021-06-11 05:56:49,669] {logging_mixin.py:104} INFO - [2021-06-11 05:56:49,669] {dagbag.py:487} INFO - Filling up the DagBag from /home/airflow/.local/lib/python3.6/site-packages/airflow/example_dags/example_trigger_target_dag.py
[2021-06-11 05:56:49,689] {scheduler_job.py:643} INFO - DAG(s) dict_keys(['example_trigger_target_dag']) retrieved from /home/airflow/.local/lib/python3.6/site-packages/airflow/example_dags/example_trigger_target_dag.py
[2021-06-11 05:56:49,712] {logging_mixin.py:104} INFO - [2021-06-11 05:56:49,712] {dag.py:1832} INFO - Sync 1 DAGs
[2021-06-11 05:56:49,733] {logging_mixin.py:104} INFO - [2021-06-11 05:56:49,733] {dag.py:2305} INFO - Setting next_dagrun for example_trigger_target_dag to None
[2021-06-11 05:56:49,744] {scheduler_job.py:190} INFO - Processing /home/airflow/.local/lib/python3.6/site-packages/airflow/example_dags/example_trigger_target_dag.py took 0.081 seconds
[2021-06-11 05:57:19,987] {scheduler_job.py:182} INFO - Started process (PID=3061) to work on /home/airflow/.local/lib/python3.6/site-packages/airflow/example_dags/example_trigger_target_dag.py
[2021-06-11 05:57:19,989] {scheduler_job.py:633} INFO - Processing file /home/airflow/.local/lib/python3.6/site-packages/airflow/example_dags/example_trigger_target_dag.py for tasks to queue
[2021-06-11 05:57:19,990] {logging_mixin.py:104} INFO - [2021-06-11 05:57:19,990] {dagbag.py:487} INFO - Filling up the DagBag from /home/airflow/.local/lib/python3.6/site-packages/airflow/example_dags/example_trigger_target_dag.py
[2021-06-11 05:57:20,007] {scheduler_job.py:643} INFO - DAG(s) dict_keys(['example_trigger_target_dag']) retrieved from /home/airflow/.local/lib/python3.6/site-packages/airflow/example_dags/example_trigger_target_dag.py
[2021-06-11 05:57:20,031] {logging_mixin.py:104} INFO - [2021-06-11 05:57:20,031] {dag.py:1832} INFO - Sync 1 DAGs
[2021-06-11 05:57:20,053] {logging_mixin.py:104} INFO - [2021-06-11 05:57:20,053] {dag.py:2305} INFO - Setting next_dagrun for example_trigger_target_dag to None
[2021-06-11 05:57:20,063] {scheduler_job.py:190} INFO - Processing /home/airflow/.local/lib/python3.6/site-packages/airflow/example_dags/example_trigger_target_dag.py took 0.081 seconds
[2021-06-11 05:57:50,187] {scheduler_job.py:182} INFO - Started process (PID=3144) to work on /home/airflow/.local/lib/python3.6/site-packages/airflow/example_dags/example_trigger_target_dag.py
[2021-06-11 05:57:50,188] {scheduler_job.py:633} INFO - Processing file /home/airflow/.local/lib/python3.6/site-packages/airflow/example_dags/example_trigger_target_dag.py for tasks to queue
[2021-06-11 05:57:50,190] {logging_mixin.py:104} INFO - [2021-06-11 05:57:50,189] {dagbag.py:487} INFO - Filling up the DagBag from /home/airflow/.local/lib/python3.6/site-packages/airflow/example_dags/example_trigger_target_dag.py
[2021-06-11 05:57:50,203] {scheduler_job.py:643} INFO - DAG(s) dict_keys(['example_trigger_target_dag']) retrieved from /home/airflow/.local/lib/python3.6/site-packages/airflow/example_dags/example_trigger_target_dag.py
[2021-06-11 05:57:50,225] {logging_mixin.py:104} INFO - [2021-06-11 05:57:50,225] {dag.py:1832} INFO - Sync 1 DAGs
[2021-06-11 05:57:50,240] {logging_mixin.py:104} INFO - [2021-06-11 05:57:50,240] {dag.py:2305} INFO - Setting next_dagrun for example_trigger_target_dag to None
[2021-06-11 05:57:50,250] {scheduler_job.py:190} INFO - Processing /home/airflow/.local/lib/python3.6/site-packages/airflow/example_dags/example_trigger_target_dag.py took 0.067 seconds
[2021-06-11 05:58:21,170] {scheduler_job.py:182} INFO - Started process (PID=3211) to work on /home/airflow/.local/lib/python3.6/site-packages/airflow/example_dags/example_trigger_target_dag.py
[2021-06-11 05:58:21,171] {scheduler_job.py:633} INFO - Processing file /home/airflow/.local/lib/python3.6/site-packages/airflow/example_dags/example_trigger_target_dag.py for tasks to queue
[2021-06-11 05:58:21,172] {logging_mixin.py:104} INFO - [2021-06-11 05:58:21,172] {dagbag.py:487} INFO - Filling up the DagBag from /home/airflow/.local/lib/python3.6/site-packages/airflow/example_dags/example_trigger_target_dag.py
[2021-06-11 05:58:21,188] {scheduler_job.py:643} INFO - DAG(s) dict_keys(['example_trigger_target_dag']) retrieved from /home/airflow/.local/lib/python3.6/site-packages/airflow/example_dags/example_trigger_target_dag.py
[2021-06-11 05:58:21,213] {logging_mixin.py:104} INFO - [2021-06-11 05:58:21,212] {dag.py:1832} INFO - Sync 1 DAGs
[2021-06-11 05:58:21,231] {logging_mixin.py:104} INFO - [2021-06-11 05:58:21,231] {dag.py:2305} INFO - Setting next_dagrun for example_trigger_target_dag to None
[2021-06-11 05:58:21,244] {scheduler_job.py:190} INFO - Processing /home/airflow/.local/lib/python3.6/site-packages/airflow/example_dags/example_trigger_target_dag.py took 0.078 seconds
[2021-06-11 05:58:51,314] {scheduler_job.py:182} INFO - Started process (PID=3295) to work on /home/airflow/.local/lib/python3.6/site-packages/airflow/example_dags/example_trigger_target_dag.py
[2021-06-11 05:58:51,315] {scheduler_job.py:633} INFO - Processing file /home/airflow/.local/lib/python3.6/site-packages/airflow/example_dags/example_trigger_target_dag.py for tasks to queue
[2021-06-11 05:58:51,317] {logging_mixin.py:104} INFO - [2021-06-11 05:58:51,317] {dagbag.py:487} INFO - Filling up the DagBag from /home/airflow/.local/lib/python3.6/site-packages/airflow/example_dags/example_trigger_target_dag.py
[2021-06-11 05:58:51,333] {scheduler_job.py:643} INFO - DAG(s) dict_keys(['example_trigger_target_dag']) retrieved from /home/airflow/.local/lib/python3.6/site-packages/airflow/example_dags/example_trigger_target_dag.py
[2021-06-11 05:58:51,354] {logging_mixin.py:104} INFO - [2021-06-11 05:58:51,354] {dag.py:1832} INFO - Sync 1 DAGs
[2021-06-11 05:58:51,370] {logging_mixin.py:104} INFO - [2021-06-11 05:58:51,370] {dag.py:2305} INFO - Setting next_dagrun for example_trigger_target_dag to None
[2021-06-11 05:58:51,380] {scheduler_job.py:190} INFO - Processing /home/airflow/.local/lib/python3.6/site-packages/airflow/example_dags/example_trigger_target_dag.py took 0.070 seconds
[2021-06-11 05:59:21,424] {scheduler_job.py:182} INFO - Started process (PID=3379) to work on /home/airflow/.local/lib/python3.6/site-packages/airflow/example_dags/example_trigger_target_dag.py
[2021-06-11 05:59:21,425] {scheduler_job.py:633} INFO - Processing file /home/airflow/.local/lib/python3.6/site-packages/airflow/example_dags/example_trigger_target_dag.py for tasks to queue
[2021-06-11 05:59:21,427] {logging_mixin.py:104} INFO - [2021-06-11 05:59:21,426] {dagbag.py:487} INFO - Filling up the DagBag from /home/airflow/.local/lib/python3.6/site-packages/airflow/example_dags/example_trigger_target_dag.py
[2021-06-11 05:59:21,440] {scheduler_job.py:643} INFO - DAG(s) dict_keys(['example_trigger_target_dag']) retrieved from /home/airflow/.local/lib/python3.6/site-packages/airflow/example_dags/example_trigger_target_dag.py
[2021-06-11 05:59:21,462] {logging_mixin.py:104} INFO - [2021-06-11 05:59:21,462] {dag.py:1832} INFO - Sync 1 DAGs
[2021-06-11 05:59:21,478] {logging_mixin.py:104} INFO - [2021-06-11 05:59:21,478] {dag.py:2305} INFO - Setting next_dagrun for example_trigger_target_dag to None
[2021-06-11 05:59:21,489] {scheduler_job.py:190} INFO - Processing /home/airflow/.local/lib/python3.6/site-packages/airflow/example_dags/example_trigger_target_dag.py took 0.068 seconds
[2021-06-11 05:59:51,675] {scheduler_job.py:182} INFO - Started process (PID=3445) to work on /home/airflow/.local/lib/python3.6/site-packages/airflow/example_dags/example_trigger_target_dag.py
[2021-06-11 05:59:51,678] {scheduler_job.py:633} INFO - Processing file /home/airflow/.local/lib/python3.6/site-packages/airflow/example_dags/example_trigger_target_dag.py for tasks to queue
[2021-06-11 05:59:51,679] {logging_mixin.py:104} INFO - [2021-06-11 05:59:51,679] {dagbag.py:487} INFO - Filling up the DagBag from /home/airflow/.local/lib/python3.6/site-packages/airflow/example_dags/example_trigger_target_dag.py
[2021-06-11 05:59:51,692] {scheduler_job.py:643} INFO - DAG(s) dict_keys(['example_trigger_target_dag']) retrieved from /home/airflow/.local/lib/python3.6/site-packages/airflow/example_dags/example_trigger_target_dag.py
[2021-06-11 05:59:51,715] {logging_mixin.py:104} INFO - [2021-06-11 05:59:51,715] {dag.py:1832} INFO - Sync 1 DAGs
[2021-06-11 05:59:51,731] {logging_mixin.py:104} INFO - [2021-06-11 05:59:51,731] {dag.py:2305} INFO - Setting next_dagrun for example_trigger_target_dag to None
[2021-06-11 05:59:51,741] {scheduler_job.py:190} INFO - Processing /home/airflow/.local/lib/python3.6/site-packages/airflow/example_dags/example_trigger_target_dag.py took 0.070 seconds
[2021-06-11 06:00:21,862] {scheduler_job.py:182} INFO - Started process (PID=3528) to work on /home/airflow/.local/lib/python3.6/site-packages/airflow/example_dags/example_trigger_target_dag.py
[2021-06-11 06:00:21,864] {scheduler_job.py:633} INFO - Processing file /home/airflow/.local/lib/python3.6/site-packages/airflow/example_dags/example_trigger_target_dag.py for tasks to queue
[2021-06-11 06:00:21,865] {logging_mixin.py:104} INFO - [2021-06-11 06:00:21,865] {dagbag.py:487} INFO - Filling up the DagBag from /home/airflow/.local/lib/python3.6/site-packages/airflow/example_dags/example_trigger_target_dag.py
[2021-06-11 06:00:21,880] {scheduler_job.py:643} INFO - DAG(s) dict_keys(['example_trigger_target_dag']) retrieved from /home/airflow/.local/lib/python3.6/site-packages/airflow/example_dags/example_trigger_target_dag.py
[2021-06-11 06:00:21,902] {logging_mixin.py:104} INFO - [2021-06-11 06:00:21,902] {dag.py:1832} INFO - Sync 1 DAGs
[2021-06-11 06:00:21,918] {logging_mixin.py:104} INFO - [2021-06-11 06:00:21,918] {dag.py:2305} INFO - Setting next_dagrun for example_trigger_target_dag to None
[2021-06-11 06:00:21,929] {scheduler_job.py:190} INFO - Processing /home/airflow/.local/lib/python3.6/site-packages/airflow/example_dags/example_trigger_target_dag.py took 0.071 seconds
[2021-06-11 06:00:52,196] {scheduler_job.py:182} INFO - Started process (PID=3602) to work on /home/airflow/.local/lib/python3.6/site-packages/airflow/example_dags/example_trigger_target_dag.py
[2021-06-11 06:00:52,197] {scheduler_job.py:633} INFO - Processing file /home/airflow/.local/lib/python3.6/site-packages/airflow/example_dags/example_trigger_target_dag.py for tasks to queue
[2021-06-11 06:00:52,199] {logging_mixin.py:104} INFO - [2021-06-11 06:00:52,198] {dagbag.py:487} INFO - Filling up the DagBag from /home/airflow/.local/lib/python3.6/site-packages/airflow/example_dags/example_trigger_target_dag.py
[2021-06-11 06:00:52,214] {scheduler_job.py:643} INFO - DAG(s) dict_keys(['example_trigger_target_dag']) retrieved from /home/airflow/.local/lib/python3.6/site-packages/airflow/example_dags/example_trigger_target_dag.py
[2021-06-11 06:00:52,239] {logging_mixin.py:104} INFO - [2021-06-11 06:00:52,239] {dag.py:1832} INFO - Sync 1 DAGs
[2021-06-11 06:00:52,256] {logging_mixin.py:104} INFO - [2021-06-11 06:00:52,256] {dag.py:2305} INFO - Setting next_dagrun for example_trigger_target_dag to None
[2021-06-11 06:00:52,268] {scheduler_job.py:190} INFO - Processing /home/airflow/.local/lib/python3.6/site-packages/airflow/example_dags/example_trigger_target_dag.py took 0.077 seconds
[2021-06-11 06:01:22,367] {scheduler_job.py:182} INFO - Started process (PID=3677) to work on /home/airflow/.local/lib/python3.6/site-packages/airflow/example_dags/example_trigger_target_dag.py
[2021-06-11 06:01:22,369] {scheduler_job.py:633} INFO - Processing file /home/airflow/.local/lib/python3.6/site-packages/airflow/example_dags/example_trigger_target_dag.py for tasks to queue
[2021-06-11 06:01:22,370] {logging_mixin.py:104} INFO - [2021-06-11 06:01:22,370] {dagbag.py:487} INFO - Filling up the DagBag from /home/airflow/.local/lib/python3.6/site-packages/airflow/example_dags/example_trigger_target_dag.py
[2021-06-11 06:01:22,388] {scheduler_job.py:643} INFO - DAG(s) dict_keys(['example_trigger_target_dag']) retrieved from /home/airflow/.local/lib/python3.6/site-packages/airflow/example_dags/example_trigger_target_dag.py
[2021-06-11 06:01:22,418] {logging_mixin.py:104} INFO - [2021-06-11 06:01:22,418] {dag.py:1832} INFO - Sync 1 DAGs
[2021-06-11 06:01:22,436] {logging_mixin.py:104} INFO - [2021-06-11 06:01:22,436] {dag.py:2305} INFO - Setting next_dagrun for example_trigger_target_dag to None
[2021-06-11 06:01:22,451] {scheduler_job.py:190} INFO - Processing /home/airflow/.local/lib/python3.6/site-packages/airflow/example_dags/example_trigger_target_dag.py took 0.088 seconds
[2021-06-11 06:01:52,631] {scheduler_job.py:182} INFO - Started process (PID=3761) to work on /home/airflow/.local/lib/python3.6/site-packages/airflow/example_dags/example_trigger_target_dag.py
[2021-06-11 06:01:52,633] {scheduler_job.py:633} INFO - Processing file /home/airflow/.local/lib/python3.6/site-packages/airflow/example_dags/example_trigger_target_dag.py for tasks to queue
[2021-06-11 06:01:52,635] {logging_mixin.py:104} INFO - [2021-06-11 06:01:52,634] {dagbag.py:487} INFO - Filling up the DagBag from /home/airflow/.local/lib/python3.6/site-packages/airflow/example_dags/example_trigger_target_dag.py
[2021-06-11 06:01:52,651] {scheduler_job.py:643} INFO - DAG(s) dict_keys(['example_trigger_target_dag']) retrieved from /home/airflow/.local/lib/python3.6/site-packages/airflow/example_dags/example_trigger_target_dag.py
[2021-06-11 06:01:52,676] {logging_mixin.py:104} INFO - [2021-06-11 06:01:52,676] {dag.py:1832} INFO - Sync 1 DAGs
[2021-06-11 06:01:52,694] {logging_mixin.py:104} INFO - [2021-06-11 06:01:52,694] {dag.py:2305} INFO - Setting next_dagrun for example_trigger_target_dag to None
[2021-06-11 06:01:52,705] {scheduler_job.py:190} INFO - Processing /home/airflow/.local/lib/python3.6/site-packages/airflow/example_dags/example_trigger_target_dag.py took 0.077 seconds
[2021-06-11 06:02:23,289] {scheduler_job.py:182} INFO - Started process (PID=3828) to work on /home/airflow/.local/lib/python3.6/site-packages/airflow/example_dags/example_trigger_target_dag.py
[2021-06-11 06:02:23,293] {scheduler_job.py:633} INFO - Processing file /home/airflow/.local/lib/python3.6/site-packages/airflow/example_dags/example_trigger_target_dag.py for tasks to queue
[2021-06-11 06:02:23,294] {logging_mixin.py:104} INFO - [2021-06-11 06:02:23,294] {dagbag.py:487} INFO - Filling up the DagBag from /home/airflow/.local/lib/python3.6/site-packages/airflow/example_dags/example_trigger_target_dag.py
[2021-06-11 06:02:23,308] {scheduler_job.py:643} INFO - DAG(s) dict_keys(['example_trigger_target_dag']) retrieved from /home/airflow/.local/lib/python3.6/site-packages/airflow/example_dags/example_trigger_target_dag.py
[2021-06-11 06:02:23,333] {logging_mixin.py:104} INFO - [2021-06-11 06:02:23,333] {dag.py:1832} INFO - Sync 1 DAGs
[2021-06-11 06:02:23,352] {logging_mixin.py:104} INFO - [2021-06-11 06:02:23,352] {dag.py:2305} INFO - Setting next_dagrun for example_trigger_target_dag to None
[2021-06-11 06:02:23,362] {scheduler_job.py:190} INFO - Processing /home/airflow/.local/lib/python3.6/site-packages/airflow/example_dags/example_trigger_target_dag.py took 0.078 seconds
[2021-06-11 06:02:53,826] {scheduler_job.py:182} INFO - Started process (PID=3913) to work on /home/airflow/.local/lib/python3.6/site-packages/airflow/example_dags/example_trigger_target_dag.py
[2021-06-11 06:02:53,828] {scheduler_job.py:633} INFO - Processing file /home/airflow/.local/lib/python3.6/site-packages/airflow/example_dags/example_trigger_target_dag.py for tasks to queue
[2021-06-11 06:02:53,829] {logging_mixin.py:104} INFO - [2021-06-11 06:02:53,829] {dagbag.py:487} INFO - Filling up the DagBag from /home/airflow/.local/lib/python3.6/site-packages/airflow/example_dags/example_trigger_target_dag.py
[2021-06-11 06:02:53,848] {scheduler_job.py:643} INFO - DAG(s) dict_keys(['example_trigger_target_dag']) retrieved from /home/airflow/.local/lib/python3.6/site-packages/airflow/example_dags/example_trigger_target_dag.py
[2021-06-11 06:02:53,875] {logging_mixin.py:104} INFO - [2021-06-11 06:02:53,874] {dag.py:1832} INFO - Sync 1 DAGs
[2021-06-11 06:02:53,893] {logging_mixin.py:104} INFO - [2021-06-11 06:02:53,893] {dag.py:2305} INFO - Setting next_dagrun for example_trigger_target_dag to None
[2021-06-11 06:02:53,907] {scheduler_job.py:190} INFO - Processing /home/airflow/.local/lib/python3.6/site-packages/airflow/example_dags/example_trigger_target_dag.py took 0.085 seconds
[2021-06-11 06:03:24,784] {scheduler_job.py:182} INFO - Started process (PID=3998) to work on /home/airflow/.local/lib/python3.6/site-packages/airflow/example_dags/example_trigger_target_dag.py
[2021-06-11 06:03:24,786] {scheduler_job.py:633} INFO - Processing file /home/airflow/.local/lib/python3.6/site-packages/airflow/example_dags/example_trigger_target_dag.py for tasks to queue
[2021-06-11 06:03:24,788] {logging_mixin.py:104} INFO - [2021-06-11 06:03:24,788] {dagbag.py:487} INFO - Filling up the DagBag from /home/airflow/.local/lib/python3.6/site-packages/airflow/example_dags/example_trigger_target_dag.py
[2021-06-11 06:03:24,808] {scheduler_job.py:643} INFO - DAG(s) dict_keys(['example_trigger_target_dag']) retrieved from /home/airflow/.local/lib/python3.6/site-packages/airflow/example_dags/example_trigger_target_dag.py
[2021-06-11 06:03:24,855] {logging_mixin.py:104} INFO - [2021-06-11 06:03:24,854] {dag.py:1832} INFO - Sync 1 DAGs
[2021-06-11 06:03:24,872] {logging_mixin.py:104} INFO - [2021-06-11 06:03:24,872] {dag.py:2305} INFO - Setting next_dagrun for example_trigger_target_dag to None
[2021-06-11 06:03:24,886] {scheduler_job.py:190} INFO - Processing /home/airflow/.local/lib/python3.6/site-packages/airflow/example_dags/example_trigger_target_dag.py took 0.112 seconds
[2021-06-11 06:03:54,930] {scheduler_job.py:182} INFO - Started process (PID=4065) to work on /home/airflow/.local/lib/python3.6/site-packages/airflow/example_dags/example_trigger_target_dag.py
[2021-06-11 06:03:54,931] {scheduler_job.py:633} INFO - Processing file /home/airflow/.local/lib/python3.6/site-packages/airflow/example_dags/example_trigger_target_dag.py for tasks to queue
[2021-06-11 06:03:54,933] {logging_mixin.py:104} INFO - [2021-06-11 06:03:54,932] {dagbag.py:487} INFO - Filling up the DagBag from /home/airflow/.local/lib/python3.6/site-packages/airflow/example_dags/example_trigger_target_dag.py
[2021-06-11 06:03:54,948] {scheduler_job.py:643} INFO - DAG(s) dict_keys(['example_trigger_target_dag']) retrieved from /home/airflow/.local/lib/python3.6/site-packages/airflow/example_dags/example_trigger_target_dag.py
[2021-06-11 06:03:54,970] {logging_mixin.py:104} INFO - [2021-06-11 06:03:54,970] {dag.py:1832} INFO - Sync 1 DAGs
[2021-06-11 06:03:54,987] {logging_mixin.py:104} INFO - [2021-06-11 06:03:54,986] {dag.py:2305} INFO - Setting next_dagrun for example_trigger_target_dag to None
[2021-06-11 06:03:54,996] {scheduler_job.py:190} INFO - Processing /home/airflow/.local/lib/python3.6/site-packages/airflow/example_dags/example_trigger_target_dag.py took 0.070 seconds
[2021-06-11 06:04:25,151] {scheduler_job.py:182} INFO - Started process (PID=4151) to work on /home/airflow/.local/lib/python3.6/site-packages/airflow/example_dags/example_trigger_target_dag.py
[2021-06-11 06:04:25,153] {scheduler_job.py:633} INFO - Processing file /home/airflow/.local/lib/python3.6/site-packages/airflow/example_dags/example_trigger_target_dag.py for tasks to queue
[2021-06-11 06:04:25,154] {logging_mixin.py:104} INFO - [2021-06-11 06:04:25,154] {dagbag.py:487} INFO - Filling up the DagBag from /home/airflow/.local/lib/python3.6/site-packages/airflow/example_dags/example_trigger_target_dag.py
[2021-06-11 06:04:25,168] {scheduler_job.py:643} INFO - DAG(s) dict_keys(['example_trigger_target_dag']) retrieved from /home/airflow/.local/lib/python3.6/site-packages/airflow/example_dags/example_trigger_target_dag.py
[2021-06-11 06:04:25,191] {logging_mixin.py:104} INFO - [2021-06-11 06:04:25,191] {dag.py:1832} INFO - Sync 1 DAGs
[2021-06-11 06:04:25,206] {logging_mixin.py:104} INFO - [2021-06-11 06:04:25,206] {dag.py:2305} INFO - Setting next_dagrun for example_trigger_target_dag to None
[2021-06-11 06:04:25,216] {scheduler_job.py:190} INFO - Processing /home/airflow/.local/lib/python3.6/site-packages/airflow/example_dags/example_trigger_target_dag.py took 0.068 seconds
[2021-06-11 06:04:55,598] {scheduler_job.py:182} INFO - Started process (PID=4219) to work on /home/airflow/.local/lib/python3.6/site-packages/airflow/example_dags/example_trigger_target_dag.py
[2021-06-11 06:04:55,600] {scheduler_job.py:633} INFO - Processing file /home/airflow/.local/lib/python3.6/site-packages/airflow/example_dags/example_trigger_target_dag.py for tasks to queue
[2021-06-11 06:04:55,601] {logging_mixin.py:104} INFO - [2021-06-11 06:04:55,601] {dagbag.py:487} INFO - Filling up the DagBag from /home/airflow/.local/lib/python3.6/site-packages/airflow/example_dags/example_trigger_target_dag.py
[2021-06-11 06:04:55,616] {scheduler_job.py:643} INFO - DAG(s) dict_keys(['example_trigger_target_dag']) retrieved from /home/airflow/.local/lib/python3.6/site-packages/airflow/example_dags/example_trigger_target_dag.py
[2021-06-11 06:04:55,643] {logging_mixin.py:104} INFO - [2021-06-11 06:04:55,642] {dag.py:1832} INFO - Sync 1 DAGs
[2021-06-11 06:04:55,659] {logging_mixin.py:104} INFO - [2021-06-11 06:04:55,659] {dag.py:2305} INFO - Setting next_dagrun for example_trigger_target_dag to None
[2021-06-11 06:04:55,670] {scheduler_job.py:190} INFO - Processing /home/airflow/.local/lib/python3.6/site-packages/airflow/example_dags/example_trigger_target_dag.py took 0.076 seconds
[2021-06-11 06:05:25,906] {scheduler_job.py:182} INFO - Started process (PID=4304) to work on /home/airflow/.local/lib/python3.6/site-packages/airflow/example_dags/example_trigger_target_dag.py
[2021-06-11 06:05:25,908] {scheduler_job.py:633} INFO - Processing file /home/airflow/.local/lib/python3.6/site-packages/airflow/example_dags/example_trigger_target_dag.py for tasks to queue
[2021-06-11 06:05:25,910] {logging_mixin.py:104} INFO - [2021-06-11 06:05:25,910] {dagbag.py:487} INFO - Filling up the DagBag from /home/airflow/.local/lib/python3.6/site-packages/airflow/example_dags/example_trigger_target_dag.py
[2021-06-11 06:05:25,925] {scheduler_job.py:643} INFO - DAG(s) dict_keys(['example_trigger_target_dag']) retrieved from /home/airflow/.local/lib/python3.6/site-packages/airflow/example_dags/example_trigger_target_dag.py
[2021-06-11 06:05:25,949] {logging_mixin.py:104} INFO - [2021-06-11 06:05:25,949] {dag.py:1832} INFO - Sync 1 DAGs
[2021-06-11 06:05:25,966] {logging_mixin.py:104} INFO - [2021-06-11 06:05:25,966] {dag.py:2305} INFO - Setting next_dagrun for example_trigger_target_dag to None
[2021-06-11 06:05:25,978] {scheduler_job.py:190} INFO - Processing /home/airflow/.local/lib/python3.6/site-packages/airflow/example_dags/example_trigger_target_dag.py took 0.077 seconds
[2021-06-11 06:05:56,852] {scheduler_job.py:182} INFO - Started process (PID=4389) to work on /home/airflow/.local/lib/python3.6/site-packages/airflow/example_dags/example_trigger_target_dag.py
[2021-06-11 06:05:56,854] {scheduler_job.py:633} INFO - Processing file /home/airflow/.local/lib/python3.6/site-packages/airflow/example_dags/example_trigger_target_dag.py for tasks to queue
[2021-06-11 06:05:56,855] {logging_mixin.py:104} INFO - [2021-06-11 06:05:56,855] {dagbag.py:487} INFO - Filling up the DagBag from /home/airflow/.local/lib/python3.6/site-packages/airflow/example_dags/example_trigger_target_dag.py
[2021-06-11 06:05:56,870] {scheduler_job.py:643} INFO - DAG(s) dict_keys(['example_trigger_target_dag']) retrieved from /home/airflow/.local/lib/python3.6/site-packages/airflow/example_dags/example_trigger_target_dag.py
[2021-06-11 06:05:56,893] {logging_mixin.py:104} INFO - [2021-06-11 06:05:56,893] {dag.py:1832} INFO - Sync 1 DAGs
[2021-06-11 06:05:56,909] {logging_mixin.py:104} INFO - [2021-06-11 06:05:56,909] {dag.py:2305} INFO - Setting next_dagrun for example_trigger_target_dag to None
[2021-06-11 06:05:56,920] {scheduler_job.py:190} INFO - Processing /home/airflow/.local/lib/python3.6/site-packages/airflow/example_dags/example_trigger_target_dag.py took 0.072 seconds
[2021-06-11 06:06:27,564] {scheduler_job.py:182} INFO - Started process (PID=4457) to work on /home/airflow/.local/lib/python3.6/site-packages/airflow/example_dags/example_trigger_target_dag.py
[2021-06-11 06:06:27,566] {scheduler_job.py:633} INFO - Processing file /home/airflow/.local/lib/python3.6/site-packages/airflow/example_dags/example_trigger_target_dag.py for tasks to queue
[2021-06-11 06:06:27,568] {logging_mixin.py:104} INFO - [2021-06-11 06:06:27,567] {dagbag.py:487} INFO - Filling up the DagBag from /home/airflow/.local/lib/python3.6/site-packages/airflow/example_dags/example_trigger_target_dag.py
[2021-06-11 06:06:27,585] {scheduler_job.py:643} INFO - DAG(s) dict_keys(['example_trigger_target_dag']) retrieved from /home/airflow/.local/lib/python3.6/site-packages/airflow/example_dags/example_trigger_target_dag.py
[2021-06-11 06:06:27,610] {logging_mixin.py:104} INFO - [2021-06-11 06:06:27,610] {dag.py:1832} INFO - Sync 1 DAGs
[2021-06-11 06:06:27,629] {logging_mixin.py:104} INFO - [2021-06-11 06:06:27,629] {dag.py:2305} INFO - Setting next_dagrun for example_trigger_target_dag to None
[2021-06-11 06:06:27,642] {scheduler_job.py:190} INFO - Processing /home/airflow/.local/lib/python3.6/site-packages/airflow/example_dags/example_trigger_target_dag.py took 0.081 seconds
[2021-06-11 06:06:57,848] {scheduler_job.py:182} INFO - Started process (PID=4542) to work on /home/airflow/.local/lib/python3.6/site-packages/airflow/example_dags/example_trigger_target_dag.py
[2021-06-11 06:06:57,850] {scheduler_job.py:633} INFO - Processing file /home/airflow/.local/lib/python3.6/site-packages/airflow/example_dags/example_trigger_target_dag.py for tasks to queue
[2021-06-11 06:06:57,851] {logging_mixin.py:104} INFO - [2021-06-11 06:06:57,851] {dagbag.py:487} INFO - Filling up the DagBag from /home/airflow/.local/lib/python3.6/site-packages/airflow/example_dags/example_trigger_target_dag.py
[2021-06-11 06:06:57,867] {scheduler_job.py:643} INFO - DAG(s) dict_keys(['example_trigger_target_dag']) retrieved from /home/airflow/.local/lib/python3.6/site-packages/airflow/example_dags/example_trigger_target_dag.py
[2021-06-11 06:06:57,894] {logging_mixin.py:104} INFO - [2021-06-11 06:06:57,894] {dag.py:1832} INFO - Sync 1 DAGs
[2021-06-11 06:06:57,912] {logging_mixin.py:104} INFO - [2021-06-11 06:06:57,912] {dag.py:2305} INFO - Setting next_dagrun for example_trigger_target_dag to None
[2021-06-11 06:06:57,924] {scheduler_job.py:190} INFO - Processing /home/airflow/.local/lib/python3.6/site-packages/airflow/example_dags/example_trigger_target_dag.py took 0.080 seconds
[2021-06-11 06:07:28,168] {scheduler_job.py:182} INFO - Started process (PID=4616) to work on /home/airflow/.local/lib/python3.6/site-packages/airflow/example_dags/example_trigger_target_dag.py
[2021-06-11 06:07:28,170] {scheduler_job.py:633} INFO - Processing file /home/airflow/.local/lib/python3.6/site-packages/airflow/example_dags/example_trigger_target_dag.py for tasks to queue
[2021-06-11 06:07:28,172] {logging_mixin.py:104} INFO - [2021-06-11 06:07:28,172] {dagbag.py:487} INFO - Filling up the DagBag from /home/airflow/.local/lib/python3.6/site-packages/airflow/example_dags/example_trigger_target_dag.py
[2021-06-11 06:07:28,190] {scheduler_job.py:643} INFO - DAG(s) dict_keys(['example_trigger_target_dag']) retrieved from /home/airflow/.local/lib/python3.6/site-packages/airflow/example_dags/example_trigger_target_dag.py
[2021-06-11 06:07:28,225] {logging_mixin.py:104} INFO - [2021-06-11 06:07:28,225] {dag.py:1832} INFO - Sync 1 DAGs
[2021-06-11 06:07:28,246] {logging_mixin.py:104} INFO - [2021-06-11 06:07:28,246] {dag.py:2305} INFO - Setting next_dagrun for example_trigger_target_dag to None
[2021-06-11 06:07:28,261] {scheduler_job.py:190} INFO - Processing /home/airflow/.local/lib/python3.6/site-packages/airflow/example_dags/example_trigger_target_dag.py took 0.098 seconds
[2021-06-11 06:07:58,312] {scheduler_job.py:182} INFO - Started process (PID=4693) to work on /home/airflow/.local/lib/python3.6/site-packages/airflow/example_dags/example_trigger_target_dag.py
[2021-06-11 06:07:58,315] {scheduler_job.py:633} INFO - Processing file /home/airflow/.local/lib/python3.6/site-packages/airflow/example_dags/example_trigger_target_dag.py for tasks to queue
[2021-06-11 06:07:58,317] {logging_mixin.py:104} INFO - [2021-06-11 06:07:58,317] {dagbag.py:487} INFO - Filling up the DagBag from /home/airflow/.local/lib/python3.6/site-packages/airflow/example_dags/example_trigger_target_dag.py
[2021-06-11 06:07:58,335] {scheduler_job.py:643} INFO - DAG(s) dict_keys(['example_trigger_target_dag']) retrieved from /home/airflow/.local/lib/python3.6/site-packages/airflow/example_dags/example_trigger_target_dag.py
[2021-06-11 06:07:58,362] {logging_mixin.py:104} INFO - [2021-06-11 06:07:58,361] {dag.py:1832} INFO - Sync 1 DAGs
[2021-06-11 06:07:58,379] {logging_mixin.py:104} INFO - [2021-06-11 06:07:58,378] {dag.py:2305} INFO - Setting next_dagrun for example_trigger_target_dag to None
[2021-06-11 06:07:58,391] {scheduler_job.py:190} INFO - Processing /home/airflow/.local/lib/python3.6/site-packages/airflow/example_dags/example_trigger_target_dag.py took 0.083 seconds
[2021-06-11 06:08:28,512] {scheduler_job.py:182} INFO - Started process (PID=4777) to work on /home/airflow/.local/lib/python3.6/site-packages/airflow/example_dags/example_trigger_target_dag.py
[2021-06-11 06:08:28,514] {scheduler_job.py:633} INFO - Processing file /home/airflow/.local/lib/python3.6/site-packages/airflow/example_dags/example_trigger_target_dag.py for tasks to queue
[2021-06-11 06:08:28,516] {logging_mixin.py:104} INFO - [2021-06-11 06:08:28,516] {dagbag.py:487} INFO - Filling up the DagBag from /home/airflow/.local/lib/python3.6/site-packages/airflow/example_dags/example_trigger_target_dag.py
[2021-06-11 06:08:28,555] {scheduler_job.py:643} INFO - DAG(s) dict_keys(['example_trigger_target_dag']) retrieved from /home/airflow/.local/lib/python3.6/site-packages/airflow/example_dags/example_trigger_target_dag.py
[2021-06-11 06:08:28,588] {logging_mixin.py:104} INFO - [2021-06-11 06:08:28,587] {dag.py:1832} INFO - Sync 1 DAGs
[2021-06-11 06:08:28,611] {logging_mixin.py:104} INFO - [2021-06-11 06:08:28,611] {dag.py:2305} INFO - Setting next_dagrun for example_trigger_target_dag to None
[2021-06-11 06:08:28,621] {scheduler_job.py:190} INFO - Processing /home/airflow/.local/lib/python3.6/site-packages/airflow/example_dags/example_trigger_target_dag.py took 0.119 seconds
[2021-06-11 06:08:59,186] {scheduler_job.py:182} INFO - Started process (PID=4843) to work on /home/airflow/.local/lib/python3.6/site-packages/airflow/example_dags/example_trigger_target_dag.py
[2021-06-11 06:08:59,187] {scheduler_job.py:633} INFO - Processing file /home/airflow/.local/lib/python3.6/site-packages/airflow/example_dags/example_trigger_target_dag.py for tasks to queue
[2021-06-11 06:08:59,189] {logging_mixin.py:104} INFO - [2021-06-11 06:08:59,188] {dagbag.py:487} INFO - Filling up the DagBag from /home/airflow/.local/lib/python3.6/site-packages/airflow/example_dags/example_trigger_target_dag.py
[2021-06-11 06:08:59,203] {scheduler_job.py:643} INFO - DAG(s) dict_keys(['example_trigger_target_dag']) retrieved from /home/airflow/.local/lib/python3.6/site-packages/airflow/example_dags/example_trigger_target_dag.py
[2021-06-11 06:08:59,226] {logging_mixin.py:104} INFO - [2021-06-11 06:08:59,226] {dag.py:1832} INFO - Sync 1 DAGs
[2021-06-11 06:08:59,242] {logging_mixin.py:104} INFO - [2021-06-11 06:08:59,242] {dag.py:2305} INFO - Setting next_dagrun for example_trigger_target_dag to None
[2021-06-11 06:08:59,252] {scheduler_job.py:190} INFO - Processing /home/airflow/.local/lib/python3.6/site-packages/airflow/example_dags/example_trigger_target_dag.py took 0.070 seconds
[2021-06-11 06:09:29,750] {scheduler_job.py:182} INFO - Started process (PID=4926) to work on /home/airflow/.local/lib/python3.6/site-packages/airflow/example_dags/example_trigger_target_dag.py
[2021-06-11 06:09:29,752] {scheduler_job.py:633} INFO - Processing file /home/airflow/.local/lib/python3.6/site-packages/airflow/example_dags/example_trigger_target_dag.py for tasks to queue
[2021-06-11 06:09:29,754] {logging_mixin.py:104} INFO - [2021-06-11 06:09:29,753] {dagbag.py:487} INFO - Filling up the DagBag from /home/airflow/.local/lib/python3.6/site-packages/airflow/example_dags/example_trigger_target_dag.py
[2021-06-11 06:09:29,768] {scheduler_job.py:643} INFO - DAG(s) dict_keys(['example_trigger_target_dag']) retrieved from /home/airflow/.local/lib/python3.6/site-packages/airflow/example_dags/example_trigger_target_dag.py
[2021-06-11 06:09:29,789] {logging_mixin.py:104} INFO - [2021-06-11 06:09:29,789] {dag.py:1832} INFO - Sync 1 DAGs
[2021-06-11 06:09:29,804] {logging_mixin.py:104} INFO - [2021-06-11 06:09:29,804] {dag.py:2305} INFO - Setting next_dagrun for example_trigger_target_dag to None
[2021-06-11 06:09:29,813] {scheduler_job.py:190} INFO - Processing /home/airflow/.local/lib/python3.6/site-packages/airflow/example_dags/example_trigger_target_dag.py took 0.067 seconds
