[2021-06-11 05:38:08,000] {scheduler_job.py:182} INFO - Started process (PID=122) to work on /home/airflow/.local/lib/python3.6/site-packages/airflow/example_dags/example_xcom.py
[2021-06-11 05:38:08,001] {scheduler_job.py:633} INFO - Processing file /home/airflow/.local/lib/python3.6/site-packages/airflow/example_dags/example_xcom.py for tasks to queue
[2021-06-11 05:38:08,003] {logging_mixin.py:104} INFO - [2021-06-11 05:38:08,002] {dagbag.py:487} INFO - Filling up the DagBag from /home/airflow/.local/lib/python3.6/site-packages/airflow/example_dags/example_xcom.py
[2021-06-11 05:38:08,015] {scheduler_job.py:643} INFO - DAG(s) dict_keys(['example_xcom']) retrieved from /home/airflow/.local/lib/python3.6/site-packages/airflow/example_dags/example_xcom.py
[2021-06-11 05:38:09,613] {logging_mixin.py:104} INFO - [2021-06-11 05:38:09,613] {dag.py:1832} INFO - Sync 1 DAGs
[2021-06-11 05:38:09,623] {logging_mixin.py:104} INFO - [2021-06-11 05:38:09,622] {dag.py:1851} INFO - Creating ORM DAG for example_xcom
[2021-06-11 05:38:09,629] {logging_mixin.py:104} INFO - [2021-06-11 05:38:09,629] {dag.py:2305} INFO - Setting next_dagrun for example_xcom to 2021-06-09 00:00:00+00:00
[2021-06-11 05:38:09,645] {scheduler_job.py:190} INFO - Processing /home/airflow/.local/lib/python3.6/site-packages/airflow/example_dags/example_xcom.py took 1.649 seconds
[2021-06-11 05:38:39,813] {scheduler_job.py:182} INFO - Started process (PID=209) to work on /home/airflow/.local/lib/python3.6/site-packages/airflow/example_dags/example_xcom.py
[2021-06-11 05:38:39,814] {scheduler_job.py:633} INFO - Processing file /home/airflow/.local/lib/python3.6/site-packages/airflow/example_dags/example_xcom.py for tasks to queue
[2021-06-11 05:38:39,815] {logging_mixin.py:104} INFO - [2021-06-11 05:38:39,815] {dagbag.py:487} INFO - Filling up the DagBag from /home/airflow/.local/lib/python3.6/site-packages/airflow/example_dags/example_xcom.py
[2021-06-11 05:38:39,827] {scheduler_job.py:643} INFO - DAG(s) dict_keys(['example_xcom']) retrieved from /home/airflow/.local/lib/python3.6/site-packages/airflow/example_dags/example_xcom.py
[2021-06-11 05:38:39,849] {logging_mixin.py:104} INFO - [2021-06-11 05:38:39,848] {dag.py:1832} INFO - Sync 1 DAGs
[2021-06-11 05:38:39,864] {logging_mixin.py:104} INFO - [2021-06-11 05:38:39,864] {dag.py:2305} INFO - Setting next_dagrun for example_xcom to 2021-06-09 00:00:00+00:00
[2021-06-11 05:38:39,875] {scheduler_job.py:190} INFO - Processing /home/airflow/.local/lib/python3.6/site-packages/airflow/example_dags/example_xcom.py took 0.065 seconds
[2021-06-11 05:39:10,122] {scheduler_job.py:182} INFO - Started process (PID=292) to work on /home/airflow/.local/lib/python3.6/site-packages/airflow/example_dags/example_xcom.py
[2021-06-11 05:39:10,123] {scheduler_job.py:633} INFO - Processing file /home/airflow/.local/lib/python3.6/site-packages/airflow/example_dags/example_xcom.py for tasks to queue
[2021-06-11 05:39:10,124] {logging_mixin.py:104} INFO - [2021-06-11 05:39:10,124] {dagbag.py:487} INFO - Filling up the DagBag from /home/airflow/.local/lib/python3.6/site-packages/airflow/example_dags/example_xcom.py
[2021-06-11 05:39:10,136] {scheduler_job.py:643} INFO - DAG(s) dict_keys(['example_xcom']) retrieved from /home/airflow/.local/lib/python3.6/site-packages/airflow/example_dags/example_xcom.py
[2021-06-11 05:39:10,168] {logging_mixin.py:104} INFO - [2021-06-11 05:39:10,167] {dag.py:1832} INFO - Sync 1 DAGs
[2021-06-11 05:39:10,183] {logging_mixin.py:104} INFO - [2021-06-11 05:39:10,183] {dag.py:2305} INFO - Setting next_dagrun for example_xcom to 2021-06-09 00:00:00+00:00
[2021-06-11 05:39:10,193] {scheduler_job.py:190} INFO - Processing /home/airflow/.local/lib/python3.6/site-packages/airflow/example_dags/example_xcom.py took 0.075 seconds
[2021-06-11 05:39:40,661] {scheduler_job.py:182} INFO - Started process (PID=360) to work on /home/airflow/.local/lib/python3.6/site-packages/airflow/example_dags/example_xcom.py
[2021-06-11 05:39:40,664] {scheduler_job.py:633} INFO - Processing file /home/airflow/.local/lib/python3.6/site-packages/airflow/example_dags/example_xcom.py for tasks to queue
[2021-06-11 05:39:40,666] {logging_mixin.py:104} INFO - [2021-06-11 05:39:40,666] {dagbag.py:487} INFO - Filling up the DagBag from /home/airflow/.local/lib/python3.6/site-packages/airflow/example_dags/example_xcom.py
[2021-06-11 05:39:40,680] {scheduler_job.py:643} INFO - DAG(s) dict_keys(['example_xcom']) retrieved from /home/airflow/.local/lib/python3.6/site-packages/airflow/example_dags/example_xcom.py
[2021-06-11 05:39:40,706] {logging_mixin.py:104} INFO - [2021-06-11 05:39:40,706] {dag.py:1832} INFO - Sync 1 DAGs
[2021-06-11 05:39:40,722] {logging_mixin.py:104} INFO - [2021-06-11 05:39:40,722] {dag.py:2305} INFO - Setting next_dagrun for example_xcom to 2021-06-09 00:00:00+00:00
[2021-06-11 05:39:40,731] {scheduler_job.py:190} INFO - Processing /home/airflow/.local/lib/python3.6/site-packages/airflow/example_dags/example_xcom.py took 0.073 seconds
[2021-06-11 05:40:11,083] {scheduler_job.py:182} INFO - Started process (PID=445) to work on /home/airflow/.local/lib/python3.6/site-packages/airflow/example_dags/example_xcom.py
[2021-06-11 05:40:11,085] {scheduler_job.py:633} INFO - Processing file /home/airflow/.local/lib/python3.6/site-packages/airflow/example_dags/example_xcom.py for tasks to queue
[2021-06-11 05:40:11,087] {logging_mixin.py:104} INFO - [2021-06-11 05:40:11,086] {dagbag.py:487} INFO - Filling up the DagBag from /home/airflow/.local/lib/python3.6/site-packages/airflow/example_dags/example_xcom.py
[2021-06-11 05:40:11,100] {scheduler_job.py:643} INFO - DAG(s) dict_keys(['example_xcom']) retrieved from /home/airflow/.local/lib/python3.6/site-packages/airflow/example_dags/example_xcom.py
[2021-06-11 05:40:11,125] {logging_mixin.py:104} INFO - [2021-06-11 05:40:11,125] {dag.py:1832} INFO - Sync 1 DAGs
[2021-06-11 05:40:11,141] {logging_mixin.py:104} INFO - [2021-06-11 05:40:11,141] {dag.py:2305} INFO - Setting next_dagrun for example_xcom to 2021-06-09 00:00:00+00:00
[2021-06-11 05:40:11,151] {scheduler_job.py:190} INFO - Processing /home/airflow/.local/lib/python3.6/site-packages/airflow/example_dags/example_xcom.py took 0.071 seconds
[2021-06-11 05:40:41,596] {scheduler_job.py:182} INFO - Started process (PID=528) to work on /home/airflow/.local/lib/python3.6/site-packages/airflow/example_dags/example_xcom.py
[2021-06-11 05:40:41,598] {scheduler_job.py:633} INFO - Processing file /home/airflow/.local/lib/python3.6/site-packages/airflow/example_dags/example_xcom.py for tasks to queue
[2021-06-11 05:40:41,599] {logging_mixin.py:104} INFO - [2021-06-11 05:40:41,599] {dagbag.py:487} INFO - Filling up the DagBag from /home/airflow/.local/lib/python3.6/site-packages/airflow/example_dags/example_xcom.py
[2021-06-11 05:40:41,611] {scheduler_job.py:643} INFO - DAG(s) dict_keys(['example_xcom']) retrieved from /home/airflow/.local/lib/python3.6/site-packages/airflow/example_dags/example_xcom.py
[2021-06-11 05:40:41,635] {logging_mixin.py:104} INFO - [2021-06-11 05:40:41,635] {dag.py:1832} INFO - Sync 1 DAGs
[2021-06-11 05:40:41,652] {logging_mixin.py:104} INFO - [2021-06-11 05:40:41,651] {dag.py:2305} INFO - Setting next_dagrun for example_xcom to 2021-06-09 00:00:00+00:00
[2021-06-11 05:40:41,661] {scheduler_job.py:190} INFO - Processing /home/airflow/.local/lib/python3.6/site-packages/airflow/example_dags/example_xcom.py took 0.069 seconds
[2021-06-11 05:41:12,026] {scheduler_job.py:182} INFO - Started process (PID=594) to work on /home/airflow/.local/lib/python3.6/site-packages/airflow/example_dags/example_xcom.py
[2021-06-11 05:41:12,028] {scheduler_job.py:633} INFO - Processing file /home/airflow/.local/lib/python3.6/site-packages/airflow/example_dags/example_xcom.py for tasks to queue
[2021-06-11 05:41:12,029] {logging_mixin.py:104} INFO - [2021-06-11 05:41:12,029] {dagbag.py:487} INFO - Filling up the DagBag from /home/airflow/.local/lib/python3.6/site-packages/airflow/example_dags/example_xcom.py
[2021-06-11 05:41:12,042] {scheduler_job.py:643} INFO - DAG(s) dict_keys(['example_xcom']) retrieved from /home/airflow/.local/lib/python3.6/site-packages/airflow/example_dags/example_xcom.py
[2021-06-11 05:41:12,066] {logging_mixin.py:104} INFO - [2021-06-11 05:41:12,066] {dag.py:1832} INFO - Sync 1 DAGs
[2021-06-11 05:41:12,084] {logging_mixin.py:104} INFO - [2021-06-11 05:41:12,084] {dag.py:2305} INFO - Setting next_dagrun for example_xcom to 2021-06-09 00:00:00+00:00
[2021-06-11 05:41:12,096] {scheduler_job.py:190} INFO - Processing /home/airflow/.local/lib/python3.6/site-packages/airflow/example_dags/example_xcom.py took 0.074 seconds
[2021-06-11 05:41:42,451] {scheduler_job.py:182} INFO - Started process (PID=677) to work on /home/airflow/.local/lib/python3.6/site-packages/airflow/example_dags/example_xcom.py
[2021-06-11 05:41:42,452] {scheduler_job.py:633} INFO - Processing file /home/airflow/.local/lib/python3.6/site-packages/airflow/example_dags/example_xcom.py for tasks to queue
[2021-06-11 05:41:42,454] {logging_mixin.py:104} INFO - [2021-06-11 05:41:42,453] {dagbag.py:487} INFO - Filling up the DagBag from /home/airflow/.local/lib/python3.6/site-packages/airflow/example_dags/example_xcom.py
[2021-06-11 05:41:42,465] {scheduler_job.py:643} INFO - DAG(s) dict_keys(['example_xcom']) retrieved from /home/airflow/.local/lib/python3.6/site-packages/airflow/example_dags/example_xcom.py
[2021-06-11 05:41:42,489] {logging_mixin.py:104} INFO - [2021-06-11 05:41:42,489] {dag.py:1832} INFO - Sync 1 DAGs
[2021-06-11 05:41:42,508] {logging_mixin.py:104} INFO - [2021-06-11 05:41:42,508] {dag.py:2305} INFO - Setting next_dagrun for example_xcom to 2021-06-09 00:00:00+00:00
[2021-06-11 05:41:42,521] {scheduler_job.py:190} INFO - Processing /home/airflow/.local/lib/python3.6/site-packages/airflow/example_dags/example_xcom.py took 0.074 seconds
[2021-06-11 05:42:13,181] {scheduler_job.py:182} INFO - Started process (PID=762) to work on /home/airflow/.local/lib/python3.6/site-packages/airflow/example_dags/example_xcom.py
[2021-06-11 05:42:13,183] {scheduler_job.py:633} INFO - Processing file /home/airflow/.local/lib/python3.6/site-packages/airflow/example_dags/example_xcom.py for tasks to queue
[2021-06-11 05:42:13,184] {logging_mixin.py:104} INFO - [2021-06-11 05:42:13,184] {dagbag.py:487} INFO - Filling up the DagBag from /home/airflow/.local/lib/python3.6/site-packages/airflow/example_dags/example_xcom.py
[2021-06-11 05:42:13,197] {scheduler_job.py:643} INFO - DAG(s) dict_keys(['example_xcom']) retrieved from /home/airflow/.local/lib/python3.6/site-packages/airflow/example_dags/example_xcom.py
[2021-06-11 05:42:13,218] {logging_mixin.py:104} INFO - [2021-06-11 05:42:13,218] {dag.py:1832} INFO - Sync 1 DAGs
[2021-06-11 05:42:13,234] {logging_mixin.py:104} INFO - [2021-06-11 05:42:13,234] {dag.py:2305} INFO - Setting next_dagrun for example_xcom to 2021-06-09 00:00:00+00:00
[2021-06-11 05:42:13,244] {scheduler_job.py:190} INFO - Processing /home/airflow/.local/lib/python3.6/site-packages/airflow/example_dags/example_xcom.py took 0.066 seconds
[2021-06-11 05:42:44,124] {scheduler_job.py:182} INFO - Started process (PID=829) to work on /home/airflow/.local/lib/python3.6/site-packages/airflow/example_dags/example_xcom.py
[2021-06-11 05:42:44,126] {scheduler_job.py:633} INFO - Processing file /home/airflow/.local/lib/python3.6/site-packages/airflow/example_dags/example_xcom.py for tasks to queue
[2021-06-11 05:42:44,127] {logging_mixin.py:104} INFO - [2021-06-11 05:42:44,127] {dagbag.py:487} INFO - Filling up the DagBag from /home/airflow/.local/lib/python3.6/site-packages/airflow/example_dags/example_xcom.py
[2021-06-11 05:42:44,140] {scheduler_job.py:643} INFO - DAG(s) dict_keys(['example_xcom']) retrieved from /home/airflow/.local/lib/python3.6/site-packages/airflow/example_dags/example_xcom.py
[2021-06-11 05:42:44,161] {logging_mixin.py:104} INFO - [2021-06-11 05:42:44,161] {dag.py:1832} INFO - Sync 1 DAGs
[2021-06-11 05:42:44,177] {logging_mixin.py:104} INFO - [2021-06-11 05:42:44,177] {dag.py:2305} INFO - Setting next_dagrun for example_xcom to 2021-06-09 00:00:00+00:00
[2021-06-11 05:42:44,187] {scheduler_job.py:190} INFO - Processing /home/airflow/.local/lib/python3.6/site-packages/airflow/example_dags/example_xcom.py took 0.067 seconds
[2021-06-11 05:43:15,115] {scheduler_job.py:182} INFO - Started process (PID=914) to work on /home/airflow/.local/lib/python3.6/site-packages/airflow/example_dags/example_xcom.py
[2021-06-11 05:43:15,117] {scheduler_job.py:633} INFO - Processing file /home/airflow/.local/lib/python3.6/site-packages/airflow/example_dags/example_xcom.py for tasks to queue
[2021-06-11 05:43:15,118] {logging_mixin.py:104} INFO - [2021-06-11 05:43:15,118] {dagbag.py:487} INFO - Filling up the DagBag from /home/airflow/.local/lib/python3.6/site-packages/airflow/example_dags/example_xcom.py
[2021-06-11 05:43:15,130] {scheduler_job.py:643} INFO - DAG(s) dict_keys(['example_xcom']) retrieved from /home/airflow/.local/lib/python3.6/site-packages/airflow/example_dags/example_xcom.py
[2021-06-11 05:43:15,153] {logging_mixin.py:104} INFO - [2021-06-11 05:43:15,153] {dag.py:1832} INFO - Sync 1 DAGs
[2021-06-11 05:43:15,171] {logging_mixin.py:104} INFO - [2021-06-11 05:43:15,170] {dag.py:2305} INFO - Setting next_dagrun for example_xcom to 2021-06-09 00:00:00+00:00
[2021-06-11 05:43:15,182] {scheduler_job.py:190} INFO - Processing /home/airflow/.local/lib/python3.6/site-packages/airflow/example_dags/example_xcom.py took 0.071 seconds
[2021-06-11 05:43:45,945] {scheduler_job.py:182} INFO - Started process (PID=997) to work on /home/airflow/.local/lib/python3.6/site-packages/airflow/example_dags/example_xcom.py
[2021-06-11 05:43:45,947] {scheduler_job.py:633} INFO - Processing file /home/airflow/.local/lib/python3.6/site-packages/airflow/example_dags/example_xcom.py for tasks to queue
[2021-06-11 05:43:45,948] {logging_mixin.py:104} INFO - [2021-06-11 05:43:45,948] {dagbag.py:487} INFO - Filling up the DagBag from /home/airflow/.local/lib/python3.6/site-packages/airflow/example_dags/example_xcom.py
[2021-06-11 05:43:45,960] {scheduler_job.py:643} INFO - DAG(s) dict_keys(['example_xcom']) retrieved from /home/airflow/.local/lib/python3.6/site-packages/airflow/example_dags/example_xcom.py
[2021-06-11 05:43:45,985] {logging_mixin.py:104} INFO - [2021-06-11 05:43:45,985] {dag.py:1832} INFO - Sync 1 DAGs
[2021-06-11 05:43:46,007] {logging_mixin.py:104} INFO - [2021-06-11 05:43:46,007] {dag.py:2305} INFO - Setting next_dagrun for example_xcom to 2021-06-09 00:00:00+00:00
[2021-06-11 05:43:46,019] {scheduler_job.py:190} INFO - Processing /home/airflow/.local/lib/python3.6/site-packages/airflow/example_dags/example_xcom.py took 0.078 seconds
[2021-06-11 05:44:16,788] {scheduler_job.py:182} INFO - Started process (PID=1063) to work on /home/airflow/.local/lib/python3.6/site-packages/airflow/example_dags/example_xcom.py
[2021-06-11 05:44:16,789] {scheduler_job.py:633} INFO - Processing file /home/airflow/.local/lib/python3.6/site-packages/airflow/example_dags/example_xcom.py for tasks to queue
[2021-06-11 05:44:16,790] {logging_mixin.py:104} INFO - [2021-06-11 05:44:16,790] {dagbag.py:487} INFO - Filling up the DagBag from /home/airflow/.local/lib/python3.6/site-packages/airflow/example_dags/example_xcom.py
[2021-06-11 05:44:16,802] {scheduler_job.py:643} INFO - DAG(s) dict_keys(['example_xcom']) retrieved from /home/airflow/.local/lib/python3.6/site-packages/airflow/example_dags/example_xcom.py
[2021-06-11 05:44:16,823] {logging_mixin.py:104} INFO - [2021-06-11 05:44:16,823] {dag.py:1832} INFO - Sync 1 DAGs
[2021-06-11 05:44:16,838] {logging_mixin.py:104} INFO - [2021-06-11 05:44:16,838] {dag.py:2305} INFO - Setting next_dagrun for example_xcom to 2021-06-09 00:00:00+00:00
[2021-06-11 05:44:16,846] {scheduler_job.py:190} INFO - Processing /home/airflow/.local/lib/python3.6/site-packages/airflow/example_dags/example_xcom.py took 0.062 seconds
[2021-06-11 05:44:47,653] {scheduler_job.py:182} INFO - Started process (PID=1145) to work on /home/airflow/.local/lib/python3.6/site-packages/airflow/example_dags/example_xcom.py
[2021-06-11 05:44:47,656] {scheduler_job.py:633} INFO - Processing file /home/airflow/.local/lib/python3.6/site-packages/airflow/example_dags/example_xcom.py for tasks to queue
[2021-06-11 05:44:47,657] {logging_mixin.py:104} INFO - [2021-06-11 05:44:47,657] {dagbag.py:487} INFO - Filling up the DagBag from /home/airflow/.local/lib/python3.6/site-packages/airflow/example_dags/example_xcom.py
[2021-06-11 05:44:47,670] {scheduler_job.py:643} INFO - DAG(s) dict_keys(['example_xcom']) retrieved from /home/airflow/.local/lib/python3.6/site-packages/airflow/example_dags/example_xcom.py
[2021-06-11 05:44:47,695] {logging_mixin.py:104} INFO - [2021-06-11 05:44:47,695] {dag.py:1832} INFO - Sync 1 DAGs
[2021-06-11 05:44:47,712] {logging_mixin.py:104} INFO - [2021-06-11 05:44:47,711] {dag.py:2305} INFO - Setting next_dagrun for example_xcom to 2021-06-09 00:00:00+00:00
[2021-06-11 05:44:47,723] {scheduler_job.py:190} INFO - Processing /home/airflow/.local/lib/python3.6/site-packages/airflow/example_dags/example_xcom.py took 0.074 seconds
[2021-06-11 05:45:18,133] {scheduler_job.py:182} INFO - Started process (PID=1230) to work on /home/airflow/.local/lib/python3.6/site-packages/airflow/example_dags/example_xcom.py
[2021-06-11 05:45:18,135] {scheduler_job.py:633} INFO - Processing file /home/airflow/.local/lib/python3.6/site-packages/airflow/example_dags/example_xcom.py for tasks to queue
[2021-06-11 05:45:18,137] {logging_mixin.py:104} INFO - [2021-06-11 05:45:18,136] {dagbag.py:487} INFO - Filling up the DagBag from /home/airflow/.local/lib/python3.6/site-packages/airflow/example_dags/example_xcom.py
[2021-06-11 05:45:18,149] {scheduler_job.py:643} INFO - DAG(s) dict_keys(['example_xcom']) retrieved from /home/airflow/.local/lib/python3.6/site-packages/airflow/example_dags/example_xcom.py
[2021-06-11 05:45:18,173] {logging_mixin.py:104} INFO - [2021-06-11 05:45:18,173] {dag.py:1832} INFO - Sync 1 DAGs
[2021-06-11 05:45:18,192] {logging_mixin.py:104} INFO - [2021-06-11 05:45:18,192] {dag.py:2305} INFO - Setting next_dagrun for example_xcom to 2021-06-09 00:00:00+00:00
[2021-06-11 05:45:18,204] {scheduler_job.py:190} INFO - Processing /home/airflow/.local/lib/python3.6/site-packages/airflow/example_dags/example_xcom.py took 0.075 seconds
[2021-06-11 05:45:49,094] {scheduler_job.py:182} INFO - Started process (PID=1297) to work on /home/airflow/.local/lib/python3.6/site-packages/airflow/example_dags/example_xcom.py
[2021-06-11 05:45:49,096] {scheduler_job.py:633} INFO - Processing file /home/airflow/.local/lib/python3.6/site-packages/airflow/example_dags/example_xcom.py for tasks to queue
[2021-06-11 05:45:49,097] {logging_mixin.py:104} INFO - [2021-06-11 05:45:49,097] {dagbag.py:487} INFO - Filling up the DagBag from /home/airflow/.local/lib/python3.6/site-packages/airflow/example_dags/example_xcom.py
[2021-06-11 05:45:49,111] {scheduler_job.py:643} INFO - DAG(s) dict_keys(['example_xcom']) retrieved from /home/airflow/.local/lib/python3.6/site-packages/airflow/example_dags/example_xcom.py
[2021-06-11 05:45:49,136] {logging_mixin.py:104} INFO - [2021-06-11 05:45:49,136] {dag.py:1832} INFO - Sync 1 DAGs
[2021-06-11 05:45:49,160] {logging_mixin.py:104} INFO - [2021-06-11 05:45:49,160] {dag.py:2305} INFO - Setting next_dagrun for example_xcom to 2021-06-09 00:00:00+00:00
[2021-06-11 05:45:49,185] {scheduler_job.py:190} INFO - Processing /home/airflow/.local/lib/python3.6/site-packages/airflow/example_dags/example_xcom.py took 0.094 seconds
[2021-06-11 05:46:20,250] {scheduler_job.py:182} INFO - Started process (PID=1380) to work on /home/airflow/.local/lib/python3.6/site-packages/airflow/example_dags/example_xcom.py
[2021-06-11 05:46:20,251] {scheduler_job.py:633} INFO - Processing file /home/airflow/.local/lib/python3.6/site-packages/airflow/example_dags/example_xcom.py for tasks to queue
[2021-06-11 05:46:20,253] {logging_mixin.py:104} INFO - [2021-06-11 05:46:20,253] {dagbag.py:487} INFO - Filling up the DagBag from /home/airflow/.local/lib/python3.6/site-packages/airflow/example_dags/example_xcom.py
[2021-06-11 05:46:20,265] {scheduler_job.py:643} INFO - DAG(s) dict_keys(['example_xcom']) retrieved from /home/airflow/.local/lib/python3.6/site-packages/airflow/example_dags/example_xcom.py
[2021-06-11 05:46:20,291] {logging_mixin.py:104} INFO - [2021-06-11 05:46:20,291] {dag.py:1832} INFO - Sync 1 DAGs
[2021-06-11 05:46:20,307] {logging_mixin.py:104} INFO - [2021-06-11 05:46:20,307] {dag.py:2305} INFO - Setting next_dagrun for example_xcom to 2021-06-09 00:00:00+00:00
[2021-06-11 05:46:20,318] {scheduler_job.py:190} INFO - Processing /home/airflow/.local/lib/python3.6/site-packages/airflow/example_dags/example_xcom.py took 0.072 seconds
[2021-06-11 05:46:50,667] {scheduler_job.py:182} INFO - Started process (PID=1464) to work on /home/airflow/.local/lib/python3.6/site-packages/airflow/example_dags/example_xcom.py
[2021-06-11 05:46:50,669] {scheduler_job.py:633} INFO - Processing file /home/airflow/.local/lib/python3.6/site-packages/airflow/example_dags/example_xcom.py for tasks to queue
[2021-06-11 05:46:50,670] {logging_mixin.py:104} INFO - [2021-06-11 05:46:50,670] {dagbag.py:487} INFO - Filling up the DagBag from /home/airflow/.local/lib/python3.6/site-packages/airflow/example_dags/example_xcom.py
[2021-06-11 05:46:50,684] {scheduler_job.py:643} INFO - DAG(s) dict_keys(['example_xcom']) retrieved from /home/airflow/.local/lib/python3.6/site-packages/airflow/example_dags/example_xcom.py
[2021-06-11 05:46:50,709] {logging_mixin.py:104} INFO - [2021-06-11 05:46:50,709] {dag.py:1832} INFO - Sync 1 DAGs
[2021-06-11 05:46:50,726] {logging_mixin.py:104} INFO - [2021-06-11 05:46:50,726] {dag.py:2305} INFO - Setting next_dagrun for example_xcom to 2021-06-09 00:00:00+00:00
[2021-06-11 05:46:50,737] {scheduler_job.py:190} INFO - Processing /home/airflow/.local/lib/python3.6/site-packages/airflow/example_dags/example_xcom.py took 0.074 seconds
[2021-06-11 05:47:21,146] {scheduler_job.py:182} INFO - Started process (PID=1530) to work on /home/airflow/.local/lib/python3.6/site-packages/airflow/example_dags/example_xcom.py
[2021-06-11 05:47:21,147] {scheduler_job.py:633} INFO - Processing file /home/airflow/.local/lib/python3.6/site-packages/airflow/example_dags/example_xcom.py for tasks to queue
[2021-06-11 05:47:21,148] {logging_mixin.py:104} INFO - [2021-06-11 05:47:21,148] {dagbag.py:487} INFO - Filling up the DagBag from /home/airflow/.local/lib/python3.6/site-packages/airflow/example_dags/example_xcom.py
[2021-06-11 05:47:21,160] {scheduler_job.py:643} INFO - DAG(s) dict_keys(['example_xcom']) retrieved from /home/airflow/.local/lib/python3.6/site-packages/airflow/example_dags/example_xcom.py
[2021-06-11 05:47:21,181] {logging_mixin.py:104} INFO - [2021-06-11 05:47:21,181] {dag.py:1832} INFO - Sync 1 DAGs
[2021-06-11 05:47:21,195] {logging_mixin.py:104} INFO - [2021-06-11 05:47:21,195] {dag.py:2305} INFO - Setting next_dagrun for example_xcom to 2021-06-09 00:00:00+00:00
[2021-06-11 05:47:21,204] {scheduler_job.py:190} INFO - Processing /home/airflow/.local/lib/python3.6/site-packages/airflow/example_dags/example_xcom.py took 0.062 seconds
[2021-06-11 05:47:52,191] {scheduler_job.py:182} INFO - Started process (PID=1615) to work on /home/airflow/.local/lib/python3.6/site-packages/airflow/example_dags/example_xcom.py
[2021-06-11 05:47:52,193] {scheduler_job.py:633} INFO - Processing file /home/airflow/.local/lib/python3.6/site-packages/airflow/example_dags/example_xcom.py for tasks to queue
[2021-06-11 05:47:52,194] {logging_mixin.py:104} INFO - [2021-06-11 05:47:52,194] {dagbag.py:487} INFO - Filling up the DagBag from /home/airflow/.local/lib/python3.6/site-packages/airflow/example_dags/example_xcom.py
[2021-06-11 05:47:52,207] {scheduler_job.py:643} INFO - DAG(s) dict_keys(['example_xcom']) retrieved from /home/airflow/.local/lib/python3.6/site-packages/airflow/example_dags/example_xcom.py
[2021-06-11 05:47:52,232] {logging_mixin.py:104} INFO - [2021-06-11 05:47:52,232] {dag.py:1832} INFO - Sync 1 DAGs
[2021-06-11 05:47:52,252] {logging_mixin.py:104} INFO - [2021-06-11 05:47:52,252] {dag.py:2305} INFO - Setting next_dagrun for example_xcom to 2021-06-09 00:00:00+00:00
[2021-06-11 05:47:52,265] {scheduler_job.py:190} INFO - Processing /home/airflow/.local/lib/python3.6/site-packages/airflow/example_dags/example_xcom.py took 0.077 seconds
[2021-06-11 05:48:22,362] {scheduler_job.py:182} INFO - Started process (PID=1691) to work on /home/airflow/.local/lib/python3.6/site-packages/airflow/example_dags/example_xcom.py
[2021-06-11 05:48:22,366] {scheduler_job.py:633} INFO - Processing file /home/airflow/.local/lib/python3.6/site-packages/airflow/example_dags/example_xcom.py for tasks to queue
[2021-06-11 05:48:22,368] {logging_mixin.py:104} INFO - [2021-06-11 05:48:22,368] {dagbag.py:487} INFO - Filling up the DagBag from /home/airflow/.local/lib/python3.6/site-packages/airflow/example_dags/example_xcom.py
[2021-06-11 05:48:22,386] {scheduler_job.py:643} INFO - DAG(s) dict_keys(['example_xcom']) retrieved from /home/airflow/.local/lib/python3.6/site-packages/airflow/example_dags/example_xcom.py
[2021-06-11 05:48:22,423] {logging_mixin.py:104} INFO - [2021-06-11 05:48:22,423] {dag.py:1832} INFO - Sync 1 DAGs
[2021-06-11 05:48:22,446] {logging_mixin.py:104} INFO - [2021-06-11 05:48:22,446] {dag.py:2305} INFO - Setting next_dagrun for example_xcom to 2021-06-09 00:00:00+00:00
[2021-06-11 05:48:22,460] {scheduler_job.py:190} INFO - Processing /home/airflow/.local/lib/python3.6/site-packages/airflow/example_dags/example_xcom.py took 0.103 seconds
[2021-06-11 05:48:53,477] {scheduler_job.py:182} INFO - Started process (PID=1767) to work on /home/airflow/.local/lib/python3.6/site-packages/airflow/example_dags/example_xcom.py
[2021-06-11 05:48:53,479] {scheduler_job.py:633} INFO - Processing file /home/airflow/.local/lib/python3.6/site-packages/airflow/example_dags/example_xcom.py for tasks to queue
[2021-06-11 05:48:53,480] {logging_mixin.py:104} INFO - [2021-06-11 05:48:53,480] {dagbag.py:487} INFO - Filling up the DagBag from /home/airflow/.local/lib/python3.6/site-packages/airflow/example_dags/example_xcom.py
[2021-06-11 05:48:53,493] {scheduler_job.py:643} INFO - DAG(s) dict_keys(['example_xcom']) retrieved from /home/airflow/.local/lib/python3.6/site-packages/airflow/example_dags/example_xcom.py
[2021-06-11 05:48:53,518] {logging_mixin.py:104} INFO - [2021-06-11 05:48:53,518] {dag.py:1832} INFO - Sync 1 DAGs
[2021-06-11 05:48:53,535] {logging_mixin.py:104} INFO - [2021-06-11 05:48:53,535] {dag.py:2305} INFO - Setting next_dagrun for example_xcom to 2021-06-09 00:00:00+00:00
[2021-06-11 05:48:53,546] {scheduler_job.py:190} INFO - Processing /home/airflow/.local/lib/python3.6/site-packages/airflow/example_dags/example_xcom.py took 0.073 seconds
[2021-06-11 05:49:23,847] {scheduler_job.py:182} INFO - Started process (PID=1850) to work on /home/airflow/.local/lib/python3.6/site-packages/airflow/example_dags/example_xcom.py
[2021-06-11 05:49:23,850] {scheduler_job.py:633} INFO - Processing file /home/airflow/.local/lib/python3.6/site-packages/airflow/example_dags/example_xcom.py for tasks to queue
[2021-06-11 05:49:23,851] {logging_mixin.py:104} INFO - [2021-06-11 05:49:23,851] {dagbag.py:487} INFO - Filling up the DagBag from /home/airflow/.local/lib/python3.6/site-packages/airflow/example_dags/example_xcom.py
[2021-06-11 05:49:23,864] {scheduler_job.py:643} INFO - DAG(s) dict_keys(['example_xcom']) retrieved from /home/airflow/.local/lib/python3.6/site-packages/airflow/example_dags/example_xcom.py
[2021-06-11 05:49:23,889] {logging_mixin.py:104} INFO - [2021-06-11 05:49:23,889] {dag.py:1832} INFO - Sync 1 DAGs
[2021-06-11 05:49:23,909] {logging_mixin.py:104} INFO - [2021-06-11 05:49:23,908] {dag.py:2305} INFO - Setting next_dagrun for example_xcom to 2021-06-09 00:00:00+00:00
[2021-06-11 05:49:23,920] {scheduler_job.py:190} INFO - Processing /home/airflow/.local/lib/python3.6/site-packages/airflow/example_dags/example_xcom.py took 0.077 seconds
[2021-06-11 05:49:54,908] {scheduler_job.py:182} INFO - Started process (PID=1915) to work on /home/airflow/.local/lib/python3.6/site-packages/airflow/example_dags/example_xcom.py
[2021-06-11 05:49:54,910] {scheduler_job.py:633} INFO - Processing file /home/airflow/.local/lib/python3.6/site-packages/airflow/example_dags/example_xcom.py for tasks to queue
[2021-06-11 05:49:54,911] {logging_mixin.py:104} INFO - [2021-06-11 05:49:54,911] {dagbag.py:487} INFO - Filling up the DagBag from /home/airflow/.local/lib/python3.6/site-packages/airflow/example_dags/example_xcom.py
[2021-06-11 05:49:54,924] {scheduler_job.py:643} INFO - DAG(s) dict_keys(['example_xcom']) retrieved from /home/airflow/.local/lib/python3.6/site-packages/airflow/example_dags/example_xcom.py
[2021-06-11 05:49:54,947] {logging_mixin.py:104} INFO - [2021-06-11 05:49:54,946] {dag.py:1832} INFO - Sync 1 DAGs
[2021-06-11 05:49:54,962] {logging_mixin.py:104} INFO - [2021-06-11 05:49:54,962] {dag.py:2305} INFO - Setting next_dagrun for example_xcom to 2021-06-09 00:00:00+00:00
[2021-06-11 05:49:54,973] {scheduler_job.py:190} INFO - Processing /home/airflow/.local/lib/python3.6/site-packages/airflow/example_dags/example_xcom.py took 0.068 seconds
[2021-06-11 05:50:25,322] {scheduler_job.py:182} INFO - Started process (PID=2000) to work on /home/airflow/.local/lib/python3.6/site-packages/airflow/example_dags/example_xcom.py
[2021-06-11 05:50:25,323] {scheduler_job.py:633} INFO - Processing file /home/airflow/.local/lib/python3.6/site-packages/airflow/example_dags/example_xcom.py for tasks to queue
[2021-06-11 05:50:25,325] {logging_mixin.py:104} INFO - [2021-06-11 05:50:25,325] {dagbag.py:487} INFO - Filling up the DagBag from /home/airflow/.local/lib/python3.6/site-packages/airflow/example_dags/example_xcom.py
[2021-06-11 05:50:25,339] {scheduler_job.py:643} INFO - DAG(s) dict_keys(['example_xcom']) retrieved from /home/airflow/.local/lib/python3.6/site-packages/airflow/example_dags/example_xcom.py
[2021-06-11 05:50:25,365] {logging_mixin.py:104} INFO - [2021-06-11 05:50:25,365] {dag.py:1832} INFO - Sync 1 DAGs
[2021-06-11 05:50:25,384] {logging_mixin.py:104} INFO - [2021-06-11 05:50:25,384] {dag.py:2305} INFO - Setting next_dagrun for example_xcom to 2021-06-09 00:00:00+00:00
[2021-06-11 05:50:25,398] {scheduler_job.py:190} INFO - Processing /home/airflow/.local/lib/python3.6/site-packages/airflow/example_dags/example_xcom.py took 0.081 seconds
[2021-06-11 05:50:56,454] {scheduler_job.py:182} INFO - Started process (PID=2084) to work on /home/airflow/.local/lib/python3.6/site-packages/airflow/example_dags/example_xcom.py
[2021-06-11 05:50:56,456] {scheduler_job.py:633} INFO - Processing file /home/airflow/.local/lib/python3.6/site-packages/airflow/example_dags/example_xcom.py for tasks to queue
[2021-06-11 05:50:56,458] {logging_mixin.py:104} INFO - [2021-06-11 05:50:56,457] {dagbag.py:487} INFO - Filling up the DagBag from /home/airflow/.local/lib/python3.6/site-packages/airflow/example_dags/example_xcom.py
[2021-06-11 05:50:56,470] {scheduler_job.py:643} INFO - DAG(s) dict_keys(['example_xcom']) retrieved from /home/airflow/.local/lib/python3.6/site-packages/airflow/example_dags/example_xcom.py
[2021-06-11 05:50:56,492] {logging_mixin.py:104} INFO - [2021-06-11 05:50:56,492] {dag.py:1832} INFO - Sync 1 DAGs
[2021-06-11 05:50:56,507] {logging_mixin.py:104} INFO - [2021-06-11 05:50:56,507] {dag.py:2305} INFO - Setting next_dagrun for example_xcom to 2021-06-09 00:00:00+00:00
[2021-06-11 05:50:56,517] {scheduler_job.py:190} INFO - Processing /home/airflow/.local/lib/python3.6/site-packages/airflow/example_dags/example_xcom.py took 0.066 seconds
[2021-06-11 05:51:27,506] {scheduler_job.py:182} INFO - Started process (PID=2158) to work on /home/airflow/.local/lib/python3.6/site-packages/airflow/example_dags/example_xcom.py
[2021-06-11 05:51:27,509] {scheduler_job.py:633} INFO - Processing file /home/airflow/.local/lib/python3.6/site-packages/airflow/example_dags/example_xcom.py for tasks to queue
[2021-06-11 05:51:27,510] {logging_mixin.py:104} INFO - [2021-06-11 05:51:27,510] {dagbag.py:487} INFO - Filling up the DagBag from /home/airflow/.local/lib/python3.6/site-packages/airflow/example_dags/example_xcom.py
[2021-06-11 05:51:27,531] {scheduler_job.py:643} INFO - DAG(s) dict_keys(['example_xcom']) retrieved from /home/airflow/.local/lib/python3.6/site-packages/airflow/example_dags/example_xcom.py
[2021-06-11 05:51:27,567] {logging_mixin.py:104} INFO - [2021-06-11 05:51:27,567] {dag.py:1832} INFO - Sync 1 DAGs
[2021-06-11 05:51:27,592] {logging_mixin.py:104} INFO - [2021-06-11 05:51:27,592] {dag.py:2305} INFO - Setting next_dagrun for example_xcom to 2021-06-09 00:00:00+00:00
[2021-06-11 05:51:27,606] {scheduler_job.py:190} INFO - Processing /home/airflow/.local/lib/python3.6/site-packages/airflow/example_dags/example_xcom.py took 0.104 seconds
[2021-06-11 05:51:57,760] {scheduler_job.py:182} INFO - Started process (PID=2235) to work on /home/airflow/.local/lib/python3.6/site-packages/airflow/example_dags/example_xcom.py
[2021-06-11 05:51:57,762] {scheduler_job.py:633} INFO - Processing file /home/airflow/.local/lib/python3.6/site-packages/airflow/example_dags/example_xcom.py for tasks to queue
[2021-06-11 05:51:57,763] {logging_mixin.py:104} INFO - [2021-06-11 05:51:57,762] {dagbag.py:487} INFO - Filling up the DagBag from /home/airflow/.local/lib/python3.6/site-packages/airflow/example_dags/example_xcom.py
[2021-06-11 05:51:57,774] {scheduler_job.py:643} INFO - DAG(s) dict_keys(['example_xcom']) retrieved from /home/airflow/.local/lib/python3.6/site-packages/airflow/example_dags/example_xcom.py
[2021-06-11 05:51:57,796] {logging_mixin.py:104} INFO - [2021-06-11 05:51:57,796] {dag.py:1832} INFO - Sync 1 DAGs
[2021-06-11 05:51:57,812] {logging_mixin.py:104} INFO - [2021-06-11 05:51:57,812] {dag.py:2305} INFO - Setting next_dagrun for example_xcom to 2021-06-09 00:00:00+00:00
[2021-06-11 05:51:57,822] {scheduler_job.py:190} INFO - Processing /home/airflow/.local/lib/python3.6/site-packages/airflow/example_dags/example_xcom.py took 0.065 seconds
[2021-06-11 05:52:27,941] {scheduler_job.py:182} INFO - Started process (PID=2319) to work on /home/airflow/.local/lib/python3.6/site-packages/airflow/example_dags/example_xcom.py
[2021-06-11 05:52:27,943] {scheduler_job.py:633} INFO - Processing file /home/airflow/.local/lib/python3.6/site-packages/airflow/example_dags/example_xcom.py for tasks to queue
[2021-06-11 05:52:27,944] {logging_mixin.py:104} INFO - [2021-06-11 05:52:27,944] {dagbag.py:487} INFO - Filling up the DagBag from /home/airflow/.local/lib/python3.6/site-packages/airflow/example_dags/example_xcom.py
[2021-06-11 05:52:27,959] {scheduler_job.py:643} INFO - DAG(s) dict_keys(['example_xcom']) retrieved from /home/airflow/.local/lib/python3.6/site-packages/airflow/example_dags/example_xcom.py
[2021-06-11 05:52:27,981] {logging_mixin.py:104} INFO - [2021-06-11 05:52:27,981] {dag.py:1832} INFO - Sync 1 DAGs
[2021-06-11 05:52:27,997] {logging_mixin.py:104} INFO - [2021-06-11 05:52:27,997] {dag.py:2305} INFO - Setting next_dagrun for example_xcom to 2021-06-09 00:00:00+00:00
[2021-06-11 05:52:28,007] {scheduler_job.py:190} INFO - Processing /home/airflow/.local/lib/python3.6/site-packages/airflow/example_dags/example_xcom.py took 0.070 seconds
[2021-06-11 05:52:58,423] {scheduler_job.py:182} INFO - Started process (PID=2385) to work on /home/airflow/.local/lib/python3.6/site-packages/airflow/example_dags/example_xcom.py
[2021-06-11 05:52:58,425] {scheduler_job.py:633} INFO - Processing file /home/airflow/.local/lib/python3.6/site-packages/airflow/example_dags/example_xcom.py for tasks to queue
[2021-06-11 05:52:58,426] {logging_mixin.py:104} INFO - [2021-06-11 05:52:58,426] {dagbag.py:487} INFO - Filling up the DagBag from /home/airflow/.local/lib/python3.6/site-packages/airflow/example_dags/example_xcom.py
[2021-06-11 05:52:58,438] {scheduler_job.py:643} INFO - DAG(s) dict_keys(['example_xcom']) retrieved from /home/airflow/.local/lib/python3.6/site-packages/airflow/example_dags/example_xcom.py
[2021-06-11 05:52:58,465] {logging_mixin.py:104} INFO - [2021-06-11 05:52:58,465] {dag.py:1832} INFO - Sync 1 DAGs
[2021-06-11 05:52:58,482] {logging_mixin.py:104} INFO - [2021-06-11 05:52:58,482] {dag.py:2305} INFO - Setting next_dagrun for example_xcom to 2021-06-09 00:00:00+00:00
[2021-06-11 05:52:58,494] {scheduler_job.py:190} INFO - Processing /home/airflow/.local/lib/python3.6/site-packages/airflow/example_dags/example_xcom.py took 0.074 seconds
[2021-06-11 05:53:29,109] {scheduler_job.py:182} INFO - Started process (PID=2469) to work on /home/airflow/.local/lib/python3.6/site-packages/airflow/example_dags/example_xcom.py
[2021-06-11 05:53:29,110] {scheduler_job.py:633} INFO - Processing file /home/airflow/.local/lib/python3.6/site-packages/airflow/example_dags/example_xcom.py for tasks to queue
[2021-06-11 05:53:29,111] {logging_mixin.py:104} INFO - [2021-06-11 05:53:29,111] {dagbag.py:487} INFO - Filling up the DagBag from /home/airflow/.local/lib/python3.6/site-packages/airflow/example_dags/example_xcom.py
[2021-06-11 05:53:29,123] {scheduler_job.py:643} INFO - DAG(s) dict_keys(['example_xcom']) retrieved from /home/airflow/.local/lib/python3.6/site-packages/airflow/example_dags/example_xcom.py
[2021-06-11 05:53:29,145] {logging_mixin.py:104} INFO - [2021-06-11 05:53:29,145] {dag.py:1832} INFO - Sync 1 DAGs
[2021-06-11 05:53:29,160] {logging_mixin.py:104} INFO - [2021-06-11 05:53:29,160] {dag.py:2305} INFO - Setting next_dagrun for example_xcom to 2021-06-09 00:00:00+00:00
[2021-06-11 05:53:29,169] {scheduler_job.py:190} INFO - Processing /home/airflow/.local/lib/python3.6/site-packages/airflow/example_dags/example_xcom.py took 0.064 seconds
