[2021-06-11 05:38:01,227] {scheduler_job.py:182} INFO - Started process (PID=105) to work on /home/airflow/.local/lib/python3.6/site-packages/airflow/example_dags/example_branch_python_dop_operator_3.py
[2021-06-11 05:38:01,229] {scheduler_job.py:633} INFO - Processing file /home/airflow/.local/lib/python3.6/site-packages/airflow/example_dags/example_branch_python_dop_operator_3.py for tasks to queue
[2021-06-11 05:38:01,231] {logging_mixin.py:104} INFO - [2021-06-11 05:38:01,231] {dagbag.py:487} INFO - Filling up the DagBag from /home/airflow/.local/lib/python3.6/site-packages/airflow/example_dags/example_branch_python_dop_operator_3.py
[2021-06-11 05:38:01,255] {scheduler_job.py:643} INFO - DAG(s) dict_keys(['example_branch_dop_operator_v3']) retrieved from /home/airflow/.local/lib/python3.6/site-packages/airflow/example_dags/example_branch_python_dop_operator_3.py
[2021-06-11 05:38:02,834] {logging_mixin.py:104} INFO - [2021-06-11 05:38:02,834] {dag.py:1832} INFO - Sync 1 DAGs
[2021-06-11 05:38:02,843] {logging_mixin.py:104} INFO - [2021-06-11 05:38:02,842] {dag.py:1851} INFO - Creating ORM DAG for example_branch_dop_operator_v3
[2021-06-11 05:38:02,854] {logging_mixin.py:104} INFO - [2021-06-11 05:38:02,854] {dag.py:2305} INFO - Setting next_dagrun for example_branch_dop_operator_v3 to 2021-06-09 00:00:00+00:00
[2021-06-11 05:38:02,863] {scheduler_job.py:190} INFO - Processing /home/airflow/.local/lib/python3.6/site-packages/airflow/example_dags/example_branch_python_dop_operator_3.py took 1.640 seconds
[2021-06-11 05:38:33,135] {scheduler_job.py:182} INFO - Started process (PID=183) to work on /home/airflow/.local/lib/python3.6/site-packages/airflow/example_dags/example_branch_python_dop_operator_3.py
[2021-06-11 05:38:33,137] {scheduler_job.py:633} INFO - Processing file /home/airflow/.local/lib/python3.6/site-packages/airflow/example_dags/example_branch_python_dop_operator_3.py for tasks to queue
[2021-06-11 05:38:33,138] {logging_mixin.py:104} INFO - [2021-06-11 05:38:33,138] {dagbag.py:487} INFO - Filling up the DagBag from /home/airflow/.local/lib/python3.6/site-packages/airflow/example_dags/example_branch_python_dop_operator_3.py
[2021-06-11 05:38:33,155] {scheduler_job.py:643} INFO - DAG(s) dict_keys(['example_branch_dop_operator_v3']) retrieved from /home/airflow/.local/lib/python3.6/site-packages/airflow/example_dags/example_branch_python_dop_operator_3.py
[2021-06-11 05:38:33,179] {logging_mixin.py:104} INFO - [2021-06-11 05:38:33,179] {dag.py:1832} INFO - Sync 1 DAGs
[2021-06-11 05:38:33,200] {logging_mixin.py:104} INFO - [2021-06-11 05:38:33,200] {dag.py:2305} INFO - Setting next_dagrun for example_branch_dop_operator_v3 to 2021-06-09 00:00:00+00:00
[2021-06-11 05:38:33,210] {scheduler_job.py:190} INFO - Processing /home/airflow/.local/lib/python3.6/site-packages/airflow/example_dags/example_branch_python_dop_operator_3.py took 0.080 seconds
[2021-06-11 05:39:03,815] {scheduler_job.py:182} INFO - Started process (PID=265) to work on /home/airflow/.local/lib/python3.6/site-packages/airflow/example_dags/example_branch_python_dop_operator_3.py
[2021-06-11 05:39:03,816] {scheduler_job.py:633} INFO - Processing file /home/airflow/.local/lib/python3.6/site-packages/airflow/example_dags/example_branch_python_dop_operator_3.py for tasks to queue
[2021-06-11 05:39:03,817] {logging_mixin.py:104} INFO - [2021-06-11 05:39:03,817] {dagbag.py:487} INFO - Filling up the DagBag from /home/airflow/.local/lib/python3.6/site-packages/airflow/example_dags/example_branch_python_dop_operator_3.py
[2021-06-11 05:39:03,831] {scheduler_job.py:643} INFO - DAG(s) dict_keys(['example_branch_dop_operator_v3']) retrieved from /home/airflow/.local/lib/python3.6/site-packages/airflow/example_dags/example_branch_python_dop_operator_3.py
[2021-06-11 05:39:03,853] {logging_mixin.py:104} INFO - [2021-06-11 05:39:03,853] {dag.py:1832} INFO - Sync 1 DAGs
[2021-06-11 05:39:03,875] {logging_mixin.py:104} INFO - [2021-06-11 05:39:03,874] {dag.py:2305} INFO - Setting next_dagrun for example_branch_dop_operator_v3 to 2021-06-09 00:00:00+00:00
[2021-06-11 05:39:03,885] {scheduler_job.py:190} INFO - Processing /home/airflow/.local/lib/python3.6/site-packages/airflow/example_dags/example_branch_python_dop_operator_3.py took 0.074 seconds
[2021-06-11 05:39:33,923] {scheduler_job.py:182} INFO - Started process (PID=351) to work on /home/airflow/.local/lib/python3.6/site-packages/airflow/example_dags/example_branch_python_dop_operator_3.py
[2021-06-11 05:39:33,924] {scheduler_job.py:633} INFO - Processing file /home/airflow/.local/lib/python3.6/site-packages/airflow/example_dags/example_branch_python_dop_operator_3.py for tasks to queue
[2021-06-11 05:39:33,926] {logging_mixin.py:104} INFO - [2021-06-11 05:39:33,925] {dagbag.py:487} INFO - Filling up the DagBag from /home/airflow/.local/lib/python3.6/site-packages/airflow/example_dags/example_branch_python_dop_operator_3.py
[2021-06-11 05:39:33,940] {scheduler_job.py:643} INFO - DAG(s) dict_keys(['example_branch_dop_operator_v3']) retrieved from /home/airflow/.local/lib/python3.6/site-packages/airflow/example_dags/example_branch_python_dop_operator_3.py
[2021-06-11 05:39:33,960] {logging_mixin.py:104} INFO - [2021-06-11 05:39:33,960] {dag.py:1832} INFO - Sync 1 DAGs
[2021-06-11 05:39:33,980] {logging_mixin.py:104} INFO - [2021-06-11 05:39:33,980] {dag.py:2305} INFO - Setting next_dagrun for example_branch_dop_operator_v3 to 2021-06-09 00:00:00+00:00
[2021-06-11 05:39:33,990] {scheduler_job.py:190} INFO - Processing /home/airflow/.local/lib/python3.6/site-packages/airflow/example_dags/example_branch_python_dop_operator_3.py took 0.070 seconds
[2021-06-11 05:40:04,642] {scheduler_job.py:182} INFO - Started process (PID=418) to work on /home/airflow/.local/lib/python3.6/site-packages/airflow/example_dags/example_branch_python_dop_operator_3.py
[2021-06-11 05:40:04,645] {scheduler_job.py:633} INFO - Processing file /home/airflow/.local/lib/python3.6/site-packages/airflow/example_dags/example_branch_python_dop_operator_3.py for tasks to queue
[2021-06-11 05:40:04,646] {logging_mixin.py:104} INFO - [2021-06-11 05:40:04,646] {dagbag.py:487} INFO - Filling up the DagBag from /home/airflow/.local/lib/python3.6/site-packages/airflow/example_dags/example_branch_python_dop_operator_3.py
[2021-06-11 05:40:04,661] {scheduler_job.py:643} INFO - DAG(s) dict_keys(['example_branch_dop_operator_v3']) retrieved from /home/airflow/.local/lib/python3.6/site-packages/airflow/example_dags/example_branch_python_dop_operator_3.py
[2021-06-11 05:40:04,683] {logging_mixin.py:104} INFO - [2021-06-11 05:40:04,682] {dag.py:1832} INFO - Sync 1 DAGs
[2021-06-11 05:40:04,704] {logging_mixin.py:104} INFO - [2021-06-11 05:40:04,704] {dag.py:2305} INFO - Setting next_dagrun for example_branch_dop_operator_v3 to 2021-06-09 00:00:00+00:00
[2021-06-11 05:40:04,714] {scheduler_job.py:190} INFO - Processing /home/airflow/.local/lib/python3.6/site-packages/airflow/example_dags/example_branch_python_dop_operator_3.py took 0.076 seconds
[2021-06-11 05:40:34,964] {scheduler_job.py:182} INFO - Started process (PID=502) to work on /home/airflow/.local/lib/python3.6/site-packages/airflow/example_dags/example_branch_python_dop_operator_3.py
[2021-06-11 05:40:34,966] {scheduler_job.py:633} INFO - Processing file /home/airflow/.local/lib/python3.6/site-packages/airflow/example_dags/example_branch_python_dop_operator_3.py for tasks to queue
[2021-06-11 05:40:34,967] {logging_mixin.py:104} INFO - [2021-06-11 05:40:34,967] {dagbag.py:487} INFO - Filling up the DagBag from /home/airflow/.local/lib/python3.6/site-packages/airflow/example_dags/example_branch_python_dop_operator_3.py
[2021-06-11 05:40:34,980] {scheduler_job.py:643} INFO - DAG(s) dict_keys(['example_branch_dop_operator_v3']) retrieved from /home/airflow/.local/lib/python3.6/site-packages/airflow/example_dags/example_branch_python_dop_operator_3.py
[2021-06-11 05:40:35,004] {logging_mixin.py:104} INFO - [2021-06-11 05:40:35,004] {dag.py:1832} INFO - Sync 1 DAGs
[2021-06-11 05:40:35,025] {logging_mixin.py:104} INFO - [2021-06-11 05:40:35,025] {dag.py:2305} INFO - Setting next_dagrun for example_branch_dop_operator_v3 to 2021-06-09 00:00:00+00:00
[2021-06-11 05:40:35,035] {scheduler_job.py:190} INFO - Processing /home/airflow/.local/lib/python3.6/site-packages/airflow/example_dags/example_branch_python_dop_operator_3.py took 0.074 seconds
[2021-06-11 05:41:05,528] {scheduler_job.py:182} INFO - Started process (PID=585) to work on /home/airflow/.local/lib/python3.6/site-packages/airflow/example_dags/example_branch_python_dop_operator_3.py
[2021-06-11 05:41:05,530] {scheduler_job.py:633} INFO - Processing file /home/airflow/.local/lib/python3.6/site-packages/airflow/example_dags/example_branch_python_dop_operator_3.py for tasks to queue
[2021-06-11 05:41:05,531] {logging_mixin.py:104} INFO - [2021-06-11 05:41:05,531] {dagbag.py:487} INFO - Filling up the DagBag from /home/airflow/.local/lib/python3.6/site-packages/airflow/example_dags/example_branch_python_dop_operator_3.py
[2021-06-11 05:41:05,544] {scheduler_job.py:643} INFO - DAG(s) dict_keys(['example_branch_dop_operator_v3']) retrieved from /home/airflow/.local/lib/python3.6/site-packages/airflow/example_dags/example_branch_python_dop_operator_3.py
[2021-06-11 05:41:05,568] {logging_mixin.py:104} INFO - [2021-06-11 05:41:05,568] {dag.py:1832} INFO - Sync 1 DAGs
[2021-06-11 05:41:05,591] {logging_mixin.py:104} INFO - [2021-06-11 05:41:05,590] {dag.py:2305} INFO - Setting next_dagrun for example_branch_dop_operator_v3 to 2021-06-09 00:00:00+00:00
[2021-06-11 05:41:05,602] {scheduler_job.py:190} INFO - Processing /home/airflow/.local/lib/python3.6/site-packages/airflow/example_dags/example_branch_python_dop_operator_3.py took 0.077 seconds
[2021-06-11 05:41:36,028] {scheduler_job.py:182} INFO - Started process (PID=651) to work on /home/airflow/.local/lib/python3.6/site-packages/airflow/example_dags/example_branch_python_dop_operator_3.py
[2021-06-11 05:41:36,031] {scheduler_job.py:633} INFO - Processing file /home/airflow/.local/lib/python3.6/site-packages/airflow/example_dags/example_branch_python_dop_operator_3.py for tasks to queue
[2021-06-11 05:41:36,033] {logging_mixin.py:104} INFO - [2021-06-11 05:41:36,032] {dagbag.py:487} INFO - Filling up the DagBag from /home/airflow/.local/lib/python3.6/site-packages/airflow/example_dags/example_branch_python_dop_operator_3.py
[2021-06-11 05:41:36,052] {scheduler_job.py:643} INFO - DAG(s) dict_keys(['example_branch_dop_operator_v3']) retrieved from /home/airflow/.local/lib/python3.6/site-packages/airflow/example_dags/example_branch_python_dop_operator_3.py
[2021-06-11 05:41:36,080] {logging_mixin.py:104} INFO - [2021-06-11 05:41:36,080] {dag.py:1832} INFO - Sync 1 DAGs
[2021-06-11 05:41:36,104] {logging_mixin.py:104} INFO - [2021-06-11 05:41:36,103] {dag.py:2305} INFO - Setting next_dagrun for example_branch_dop_operator_v3 to 2021-06-09 00:00:00+00:00
[2021-06-11 05:41:36,115] {scheduler_job.py:190} INFO - Processing /home/airflow/.local/lib/python3.6/site-packages/airflow/example_dags/example_branch_python_dop_operator_3.py took 0.092 seconds
[2021-06-11 05:42:06,350] {scheduler_job.py:182} INFO - Started process (PID=735) to work on /home/airflow/.local/lib/python3.6/site-packages/airflow/example_dags/example_branch_python_dop_operator_3.py
[2021-06-11 05:42:06,351] {scheduler_job.py:633} INFO - Processing file /home/airflow/.local/lib/python3.6/site-packages/airflow/example_dags/example_branch_python_dop_operator_3.py for tasks to queue
[2021-06-11 05:42:06,353] {logging_mixin.py:104} INFO - [2021-06-11 05:42:06,353] {dagbag.py:487} INFO - Filling up the DagBag from /home/airflow/.local/lib/python3.6/site-packages/airflow/example_dags/example_branch_python_dop_operator_3.py
[2021-06-11 05:42:06,370] {scheduler_job.py:643} INFO - DAG(s) dict_keys(['example_branch_dop_operator_v3']) retrieved from /home/airflow/.local/lib/python3.6/site-packages/airflow/example_dags/example_branch_python_dop_operator_3.py
[2021-06-11 05:42:06,392] {logging_mixin.py:104} INFO - [2021-06-11 05:42:06,392] {dag.py:1832} INFO - Sync 1 DAGs
[2021-06-11 05:42:06,415] {logging_mixin.py:104} INFO - [2021-06-11 05:42:06,415] {dag.py:2305} INFO - Setting next_dagrun for example_branch_dop_operator_v3 to 2021-06-09 00:00:00+00:00
[2021-06-11 05:42:06,426] {scheduler_job.py:190} INFO - Processing /home/airflow/.local/lib/python3.6/site-packages/airflow/example_dags/example_branch_python_dop_operator_3.py took 0.080 seconds
[2021-06-11 05:42:37,265] {scheduler_job.py:182} INFO - Started process (PID=820) to work on /home/airflow/.local/lib/python3.6/site-packages/airflow/example_dags/example_branch_python_dop_operator_3.py
[2021-06-11 05:42:37,267] {scheduler_job.py:633} INFO - Processing file /home/airflow/.local/lib/python3.6/site-packages/airflow/example_dags/example_branch_python_dop_operator_3.py for tasks to queue
[2021-06-11 05:42:37,268] {logging_mixin.py:104} INFO - [2021-06-11 05:42:37,268] {dagbag.py:487} INFO - Filling up the DagBag from /home/airflow/.local/lib/python3.6/site-packages/airflow/example_dags/example_branch_python_dop_operator_3.py
[2021-06-11 05:42:37,285] {scheduler_job.py:643} INFO - DAG(s) dict_keys(['example_branch_dop_operator_v3']) retrieved from /home/airflow/.local/lib/python3.6/site-packages/airflow/example_dags/example_branch_python_dop_operator_3.py
[2021-06-11 05:42:37,313] {logging_mixin.py:104} INFO - [2021-06-11 05:42:37,313] {dag.py:1832} INFO - Sync 1 DAGs
[2021-06-11 05:42:37,336] {logging_mixin.py:104} INFO - [2021-06-11 05:42:37,336] {dag.py:2305} INFO - Setting next_dagrun for example_branch_dop_operator_v3 to 2021-06-09 00:00:00+00:00
[2021-06-11 05:42:37,357] {scheduler_job.py:190} INFO - Processing /home/airflow/.local/lib/python3.6/site-packages/airflow/example_dags/example_branch_python_dop_operator_3.py took 0.096 seconds
[2021-06-11 05:43:07,456] {scheduler_job.py:182} INFO - Started process (PID=886) to work on /home/airflow/.local/lib/python3.6/site-packages/airflow/example_dags/example_branch_python_dop_operator_3.py
[2021-06-11 05:43:07,458] {scheduler_job.py:633} INFO - Processing file /home/airflow/.local/lib/python3.6/site-packages/airflow/example_dags/example_branch_python_dop_operator_3.py for tasks to queue
[2021-06-11 05:43:07,459] {logging_mixin.py:104} INFO - [2021-06-11 05:43:07,459] {dagbag.py:487} INFO - Filling up the DagBag from /home/airflow/.local/lib/python3.6/site-packages/airflow/example_dags/example_branch_python_dop_operator_3.py
[2021-06-11 05:43:07,473] {scheduler_job.py:643} INFO - DAG(s) dict_keys(['example_branch_dop_operator_v3']) retrieved from /home/airflow/.local/lib/python3.6/site-packages/airflow/example_dags/example_branch_python_dop_operator_3.py
[2021-06-11 05:43:07,497] {logging_mixin.py:104} INFO - [2021-06-11 05:43:07,496] {dag.py:1832} INFO - Sync 1 DAGs
[2021-06-11 05:43:07,520] {logging_mixin.py:104} INFO - [2021-06-11 05:43:07,520] {dag.py:2305} INFO - Setting next_dagrun for example_branch_dop_operator_v3 to 2021-06-09 00:00:00+00:00
[2021-06-11 05:43:07,531] {scheduler_job.py:190} INFO - Processing /home/airflow/.local/lib/python3.6/site-packages/airflow/example_dags/example_branch_python_dop_operator_3.py took 0.078 seconds
[2021-06-11 05:43:38,115] {scheduler_job.py:182} INFO - Started process (PID=970) to work on /home/airflow/.local/lib/python3.6/site-packages/airflow/example_dags/example_branch_python_dop_operator_3.py
[2021-06-11 05:43:38,116] {scheduler_job.py:633} INFO - Processing file /home/airflow/.local/lib/python3.6/site-packages/airflow/example_dags/example_branch_python_dop_operator_3.py for tasks to queue
[2021-06-11 05:43:38,117] {logging_mixin.py:104} INFO - [2021-06-11 05:43:38,117] {dagbag.py:487} INFO - Filling up the DagBag from /home/airflow/.local/lib/python3.6/site-packages/airflow/example_dags/example_branch_python_dop_operator_3.py
[2021-06-11 05:43:38,131] {scheduler_job.py:643} INFO - DAG(s) dict_keys(['example_branch_dop_operator_v3']) retrieved from /home/airflow/.local/lib/python3.6/site-packages/airflow/example_dags/example_branch_python_dop_operator_3.py
[2021-06-11 05:43:38,153] {logging_mixin.py:104} INFO - [2021-06-11 05:43:38,153] {dag.py:1832} INFO - Sync 1 DAGs
[2021-06-11 05:43:38,175] {logging_mixin.py:104} INFO - [2021-06-11 05:43:38,175] {dag.py:2305} INFO - Setting next_dagrun for example_branch_dop_operator_v3 to 2021-06-09 00:00:00+00:00
[2021-06-11 05:43:38,183] {scheduler_job.py:190} INFO - Processing /home/airflow/.local/lib/python3.6/site-packages/airflow/example_dags/example_branch_python_dop_operator_3.py took 0.072 seconds
[2021-06-11 05:44:08,922] {scheduler_job.py:182} INFO - Started process (PID=1053) to work on /home/airflow/.local/lib/python3.6/site-packages/airflow/example_dags/example_branch_python_dop_operator_3.py
[2021-06-11 05:44:08,923] {scheduler_job.py:633} INFO - Processing file /home/airflow/.local/lib/python3.6/site-packages/airflow/example_dags/example_branch_python_dop_operator_3.py for tasks to queue
[2021-06-11 05:44:08,925] {logging_mixin.py:104} INFO - [2021-06-11 05:44:08,925] {dagbag.py:487} INFO - Filling up the DagBag from /home/airflow/.local/lib/python3.6/site-packages/airflow/example_dags/example_branch_python_dop_operator_3.py
[2021-06-11 05:44:08,940] {scheduler_job.py:643} INFO - DAG(s) dict_keys(['example_branch_dop_operator_v3']) retrieved from /home/airflow/.local/lib/python3.6/site-packages/airflow/example_dags/example_branch_python_dop_operator_3.py
[2021-06-11 05:44:08,963] {logging_mixin.py:104} INFO - [2021-06-11 05:44:08,962] {dag.py:1832} INFO - Sync 1 DAGs
[2021-06-11 05:44:08,985] {logging_mixin.py:104} INFO - [2021-06-11 05:44:08,984] {dag.py:2305} INFO - Setting next_dagrun for example_branch_dop_operator_v3 to 2021-06-09 00:00:00+00:00
[2021-06-11 05:44:08,998] {scheduler_job.py:190} INFO - Processing /home/airflow/.local/lib/python3.6/site-packages/airflow/example_dags/example_branch_python_dop_operator_3.py took 0.080 seconds
[2021-06-11 05:44:39,795] {scheduler_job.py:182} INFO - Started process (PID=1118) to work on /home/airflow/.local/lib/python3.6/site-packages/airflow/example_dags/example_branch_python_dop_operator_3.py
[2021-06-11 05:44:39,799] {scheduler_job.py:633} INFO - Processing file /home/airflow/.local/lib/python3.6/site-packages/airflow/example_dags/example_branch_python_dop_operator_3.py for tasks to queue
[2021-06-11 05:44:39,800] {logging_mixin.py:104} INFO - [2021-06-11 05:44:39,800] {dagbag.py:487} INFO - Filling up the DagBag from /home/airflow/.local/lib/python3.6/site-packages/airflow/example_dags/example_branch_python_dop_operator_3.py
[2021-06-11 05:44:39,815] {scheduler_job.py:643} INFO - DAG(s) dict_keys(['example_branch_dop_operator_v3']) retrieved from /home/airflow/.local/lib/python3.6/site-packages/airflow/example_dags/example_branch_python_dop_operator_3.py
[2021-06-11 05:44:39,838] {logging_mixin.py:104} INFO - [2021-06-11 05:44:39,838] {dag.py:1832} INFO - Sync 1 DAGs
[2021-06-11 05:44:39,861] {logging_mixin.py:104} INFO - [2021-06-11 05:44:39,861] {dag.py:2305} INFO - Setting next_dagrun for example_branch_dop_operator_v3 to 2021-06-09 00:00:00+00:00
[2021-06-11 05:44:39,872] {scheduler_job.py:190} INFO - Processing /home/airflow/.local/lib/python3.6/site-packages/airflow/example_dags/example_branch_python_dop_operator_3.py took 0.081 seconds
[2021-06-11 05:45:09,938] {scheduler_job.py:182} INFO - Started process (PID=1202) to work on /home/airflow/.local/lib/python3.6/site-packages/airflow/example_dags/example_branch_python_dop_operator_3.py
[2021-06-11 05:45:09,939] {scheduler_job.py:633} INFO - Processing file /home/airflow/.local/lib/python3.6/site-packages/airflow/example_dags/example_branch_python_dop_operator_3.py for tasks to queue
[2021-06-11 05:45:09,940] {logging_mixin.py:104} INFO - [2021-06-11 05:45:09,940] {dagbag.py:487} INFO - Filling up the DagBag from /home/airflow/.local/lib/python3.6/site-packages/airflow/example_dags/example_branch_python_dop_operator_3.py
[2021-06-11 05:45:09,954] {scheduler_job.py:643} INFO - DAG(s) dict_keys(['example_branch_dop_operator_v3']) retrieved from /home/airflow/.local/lib/python3.6/site-packages/airflow/example_dags/example_branch_python_dop_operator_3.py
[2021-06-11 05:45:09,978] {logging_mixin.py:104} INFO - [2021-06-11 05:45:09,978] {dag.py:1832} INFO - Sync 1 DAGs
[2021-06-11 05:45:10,005] {logging_mixin.py:104} INFO - [2021-06-11 05:45:10,005] {dag.py:2305} INFO - Setting next_dagrun for example_branch_dop_operator_v3 to 2021-06-09 00:00:00+00:00
[2021-06-11 05:45:10,015] {scheduler_job.py:190} INFO - Processing /home/airflow/.local/lib/python3.6/site-packages/airflow/example_dags/example_branch_python_dop_operator_3.py took 0.081 seconds
[2021-06-11 05:45:40,305] {scheduler_job.py:182} INFO - Started process (PID=1287) to work on /home/airflow/.local/lib/python3.6/site-packages/airflow/example_dags/example_branch_python_dop_operator_3.py
[2021-06-11 05:45:40,306] {scheduler_job.py:633} INFO - Processing file /home/airflow/.local/lib/python3.6/site-packages/airflow/example_dags/example_branch_python_dop_operator_3.py for tasks to queue
[2021-06-11 05:45:40,308] {logging_mixin.py:104} INFO - [2021-06-11 05:45:40,308] {dagbag.py:487} INFO - Filling up the DagBag from /home/airflow/.local/lib/python3.6/site-packages/airflow/example_dags/example_branch_python_dop_operator_3.py
[2021-06-11 05:45:40,321] {scheduler_job.py:643} INFO - DAG(s) dict_keys(['example_branch_dop_operator_v3']) retrieved from /home/airflow/.local/lib/python3.6/site-packages/airflow/example_dags/example_branch_python_dop_operator_3.py
[2021-06-11 05:45:40,344] {logging_mixin.py:104} INFO - [2021-06-11 05:45:40,344] {dag.py:1832} INFO - Sync 1 DAGs
[2021-06-11 05:45:40,368] {logging_mixin.py:104} INFO - [2021-06-11 05:45:40,368] {dag.py:2305} INFO - Setting next_dagrun for example_branch_dop_operator_v3 to 2021-06-09 00:00:00+00:00
[2021-06-11 05:45:40,378] {scheduler_job.py:190} INFO - Processing /home/airflow/.local/lib/python3.6/site-packages/airflow/example_dags/example_branch_python_dop_operator_3.py took 0.076 seconds
[2021-06-11 05:46:10,461] {scheduler_job.py:182} INFO - Started process (PID=1353) to work on /home/airflow/.local/lib/python3.6/site-packages/airflow/example_dags/example_branch_python_dop_operator_3.py
[2021-06-11 05:46:10,463] {scheduler_job.py:633} INFO - Processing file /home/airflow/.local/lib/python3.6/site-packages/airflow/example_dags/example_branch_python_dop_operator_3.py for tasks to queue
[2021-06-11 05:46:10,464] {logging_mixin.py:104} INFO - [2021-06-11 05:46:10,464] {dagbag.py:487} INFO - Filling up the DagBag from /home/airflow/.local/lib/python3.6/site-packages/airflow/example_dags/example_branch_python_dop_operator_3.py
[2021-06-11 05:46:10,479] {scheduler_job.py:643} INFO - DAG(s) dict_keys(['example_branch_dop_operator_v3']) retrieved from /home/airflow/.local/lib/python3.6/site-packages/airflow/example_dags/example_branch_python_dop_operator_3.py
[2021-06-11 05:46:10,504] {logging_mixin.py:104} INFO - [2021-06-11 05:46:10,503] {dag.py:1832} INFO - Sync 1 DAGs
[2021-06-11 05:46:10,533] {logging_mixin.py:104} INFO - [2021-06-11 05:46:10,533] {dag.py:2305} INFO - Setting next_dagrun for example_branch_dop_operator_v3 to 2021-06-09 00:00:00+00:00
[2021-06-11 05:46:10,546] {scheduler_job.py:190} INFO - Processing /home/airflow/.local/lib/python3.6/site-packages/airflow/example_dags/example_branch_python_dop_operator_3.py took 0.089 seconds
[2021-06-11 05:46:40,764] {scheduler_job.py:182} INFO - Started process (PID=1437) to work on /home/airflow/.local/lib/python3.6/site-packages/airflow/example_dags/example_branch_python_dop_operator_3.py
[2021-06-11 05:46:40,766] {scheduler_job.py:633} INFO - Processing file /home/airflow/.local/lib/python3.6/site-packages/airflow/example_dags/example_branch_python_dop_operator_3.py for tasks to queue
[2021-06-11 05:46:40,767] {logging_mixin.py:104} INFO - [2021-06-11 05:46:40,767] {dagbag.py:487} INFO - Filling up the DagBag from /home/airflow/.local/lib/python3.6/site-packages/airflow/example_dags/example_branch_python_dop_operator_3.py
[2021-06-11 05:46:40,781] {scheduler_job.py:643} INFO - DAG(s) dict_keys(['example_branch_dop_operator_v3']) retrieved from /home/airflow/.local/lib/python3.6/site-packages/airflow/example_dags/example_branch_python_dop_operator_3.py
[2021-06-11 05:46:40,803] {logging_mixin.py:104} INFO - [2021-06-11 05:46:40,802] {dag.py:1832} INFO - Sync 1 DAGs
[2021-06-11 05:46:40,822] {logging_mixin.py:104} INFO - [2021-06-11 05:46:40,822] {dag.py:2305} INFO - Setting next_dagrun for example_branch_dop_operator_v3 to 2021-06-09 00:00:00+00:00
[2021-06-11 05:46:40,834] {scheduler_job.py:190} INFO - Processing /home/airflow/.local/lib/python3.6/site-packages/airflow/example_dags/example_branch_python_dop_operator_3.py took 0.073 seconds
[2021-06-11 05:47:10,946] {scheduler_job.py:182} INFO - Started process (PID=1502) to work on /home/airflow/.local/lib/python3.6/site-packages/airflow/example_dags/example_branch_python_dop_operator_3.py
[2021-06-11 05:47:10,948] {scheduler_job.py:633} INFO - Processing file /home/airflow/.local/lib/python3.6/site-packages/airflow/example_dags/example_branch_python_dop_operator_3.py for tasks to queue
[2021-06-11 05:47:10,949] {logging_mixin.py:104} INFO - [2021-06-11 05:47:10,949] {dagbag.py:487} INFO - Filling up the DagBag from /home/airflow/.local/lib/python3.6/site-packages/airflow/example_dags/example_branch_python_dop_operator_3.py
[2021-06-11 05:47:10,964] {scheduler_job.py:643} INFO - DAG(s) dict_keys(['example_branch_dop_operator_v3']) retrieved from /home/airflow/.local/lib/python3.6/site-packages/airflow/example_dags/example_branch_python_dop_operator_3.py
[2021-06-11 05:47:10,986] {logging_mixin.py:104} INFO - [2021-06-11 05:47:10,986] {dag.py:1832} INFO - Sync 1 DAGs
[2021-06-11 05:47:11,010] {logging_mixin.py:104} INFO - [2021-06-11 05:47:11,010] {dag.py:2305} INFO - Setting next_dagrun for example_branch_dop_operator_v3 to 2021-06-09 00:00:00+00:00
[2021-06-11 05:47:11,022] {scheduler_job.py:190} INFO - Processing /home/airflow/.local/lib/python3.6/site-packages/airflow/example_dags/example_branch_python_dop_operator_3.py took 0.079 seconds
[2021-06-11 05:47:41,473] {scheduler_job.py:182} INFO - Started process (PID=1587) to work on /home/airflow/.local/lib/python3.6/site-packages/airflow/example_dags/example_branch_python_dop_operator_3.py
[2021-06-11 05:47:41,477] {scheduler_job.py:633} INFO - Processing file /home/airflow/.local/lib/python3.6/site-packages/airflow/example_dags/example_branch_python_dop_operator_3.py for tasks to queue
[2021-06-11 05:47:41,479] {logging_mixin.py:104} INFO - [2021-06-11 05:47:41,479] {dagbag.py:487} INFO - Filling up the DagBag from /home/airflow/.local/lib/python3.6/site-packages/airflow/example_dags/example_branch_python_dop_operator_3.py
[2021-06-11 05:47:41,500] {scheduler_job.py:643} INFO - DAG(s) dict_keys(['example_branch_dop_operator_v3']) retrieved from /home/airflow/.local/lib/python3.6/site-packages/airflow/example_dags/example_branch_python_dop_operator_3.py
[2021-06-11 05:47:41,539] {logging_mixin.py:104} INFO - [2021-06-11 05:47:41,539] {dag.py:1832} INFO - Sync 1 DAGs
[2021-06-11 05:47:41,571] {logging_mixin.py:104} INFO - [2021-06-11 05:47:41,571] {dag.py:2305} INFO - Setting next_dagrun for example_branch_dop_operator_v3 to 2021-06-09 00:00:00+00:00
[2021-06-11 05:47:41,586] {scheduler_job.py:190} INFO - Processing /home/airflow/.local/lib/python3.6/site-packages/airflow/example_dags/example_branch_python_dop_operator_3.py took 0.118 seconds
[2021-06-11 05:48:11,654] {scheduler_job.py:182} INFO - Started process (PID=1672) to work on /home/airflow/.local/lib/python3.6/site-packages/airflow/example_dags/example_branch_python_dop_operator_3.py
[2021-06-11 05:48:11,657] {scheduler_job.py:633} INFO - Processing file /home/airflow/.local/lib/python3.6/site-packages/airflow/example_dags/example_branch_python_dop_operator_3.py for tasks to queue
[2021-06-11 05:48:11,658] {logging_mixin.py:104} INFO - [2021-06-11 05:48:11,658] {dagbag.py:487} INFO - Filling up the DagBag from /home/airflow/.local/lib/python3.6/site-packages/airflow/example_dags/example_branch_python_dop_operator_3.py
[2021-06-11 05:48:11,675] {scheduler_job.py:643} INFO - DAG(s) dict_keys(['example_branch_dop_operator_v3']) retrieved from /home/airflow/.local/lib/python3.6/site-packages/airflow/example_dags/example_branch_python_dop_operator_3.py
[2021-06-11 05:48:11,707] {logging_mixin.py:104} INFO - [2021-06-11 05:48:11,706] {dag.py:1832} INFO - Sync 1 DAGs
[2021-06-11 05:48:11,737] {logging_mixin.py:104} INFO - [2021-06-11 05:48:11,737] {dag.py:2305} INFO - Setting next_dagrun for example_branch_dop_operator_v3 to 2021-06-09 00:00:00+00:00
[2021-06-11 05:48:11,751] {scheduler_job.py:190} INFO - Processing /home/airflow/.local/lib/python3.6/site-packages/airflow/example_dags/example_branch_python_dop_operator_3.py took 0.102 seconds
[2021-06-11 05:48:42,503] {scheduler_job.py:182} INFO - Started process (PID=1739) to work on /home/airflow/.local/lib/python3.6/site-packages/airflow/example_dags/example_branch_python_dop_operator_3.py
[2021-06-11 05:48:42,504] {scheduler_job.py:633} INFO - Processing file /home/airflow/.local/lib/python3.6/site-packages/airflow/example_dags/example_branch_python_dop_operator_3.py for tasks to queue
[2021-06-11 05:48:42,505] {logging_mixin.py:104} INFO - [2021-06-11 05:48:42,505] {dagbag.py:487} INFO - Filling up the DagBag from /home/airflow/.local/lib/python3.6/site-packages/airflow/example_dags/example_branch_python_dop_operator_3.py
[2021-06-11 05:48:42,519] {scheduler_job.py:643} INFO - DAG(s) dict_keys(['example_branch_dop_operator_v3']) retrieved from /home/airflow/.local/lib/python3.6/site-packages/airflow/example_dags/example_branch_python_dop_operator_3.py
[2021-06-11 05:48:42,542] {logging_mixin.py:104} INFO - [2021-06-11 05:48:42,542] {dag.py:1832} INFO - Sync 1 DAGs
[2021-06-11 05:48:42,565] {logging_mixin.py:104} INFO - [2021-06-11 05:48:42,565] {dag.py:2305} INFO - Setting next_dagrun for example_branch_dop_operator_v3 to 2021-06-09 00:00:00+00:00
[2021-06-11 05:48:42,575] {scheduler_job.py:190} INFO - Processing /home/airflow/.local/lib/python3.6/site-packages/airflow/example_dags/example_branch_python_dop_operator_3.py took 0.075 seconds
[2021-06-11 05:49:12,837] {scheduler_job.py:182} INFO - Started process (PID=1823) to work on /home/airflow/.local/lib/python3.6/site-packages/airflow/example_dags/example_branch_python_dop_operator_3.py
[2021-06-11 05:49:12,839] {scheduler_job.py:633} INFO - Processing file /home/airflow/.local/lib/python3.6/site-packages/airflow/example_dags/example_branch_python_dop_operator_3.py for tasks to queue
[2021-06-11 05:49:12,840] {logging_mixin.py:104} INFO - [2021-06-11 05:49:12,840] {dagbag.py:487} INFO - Filling up the DagBag from /home/airflow/.local/lib/python3.6/site-packages/airflow/example_dags/example_branch_python_dop_operator_3.py
[2021-06-11 05:49:12,856] {scheduler_job.py:643} INFO - DAG(s) dict_keys(['example_branch_dop_operator_v3']) retrieved from /home/airflow/.local/lib/python3.6/site-packages/airflow/example_dags/example_branch_python_dop_operator_3.py
[2021-06-11 05:49:12,880] {logging_mixin.py:104} INFO - [2021-06-11 05:49:12,880] {dag.py:1832} INFO - Sync 1 DAGs
[2021-06-11 05:49:12,905] {logging_mixin.py:104} INFO - [2021-06-11 05:49:12,905] {dag.py:2305} INFO - Setting next_dagrun for example_branch_dop_operator_v3 to 2021-06-09 00:00:00+00:00
[2021-06-11 05:49:12,918] {scheduler_job.py:190} INFO - Processing /home/airflow/.local/lib/python3.6/site-packages/airflow/example_dags/example_branch_python_dop_operator_3.py took 0.085 seconds
[2021-06-11 05:49:42,949] {scheduler_job.py:182} INFO - Started process (PID=1888) to work on /home/airflow/.local/lib/python3.6/site-packages/airflow/example_dags/example_branch_python_dop_operator_3.py
[2021-06-11 05:49:42,950] {scheduler_job.py:633} INFO - Processing file /home/airflow/.local/lib/python3.6/site-packages/airflow/example_dags/example_branch_python_dop_operator_3.py for tasks to queue
[2021-06-11 05:49:42,951] {logging_mixin.py:104} INFO - [2021-06-11 05:49:42,951] {dagbag.py:487} INFO - Filling up the DagBag from /home/airflow/.local/lib/python3.6/site-packages/airflow/example_dags/example_branch_python_dop_operator_3.py
[2021-06-11 05:49:42,967] {scheduler_job.py:643} INFO - DAG(s) dict_keys(['example_branch_dop_operator_v3']) retrieved from /home/airflow/.local/lib/python3.6/site-packages/airflow/example_dags/example_branch_python_dop_operator_3.py
[2021-06-11 05:49:42,989] {logging_mixin.py:104} INFO - [2021-06-11 05:49:42,989] {dag.py:1832} INFO - Sync 1 DAGs
[2021-06-11 05:49:43,014] {logging_mixin.py:104} INFO - [2021-06-11 05:49:43,014] {dag.py:2305} INFO - Setting next_dagrun for example_branch_dop_operator_v3 to 2021-06-09 00:00:00+00:00
[2021-06-11 05:49:43,025] {scheduler_job.py:190} INFO - Processing /home/airflow/.local/lib/python3.6/site-packages/airflow/example_dags/example_branch_python_dop_operator_3.py took 0.080 seconds
[2021-06-11 05:50:13,080] {scheduler_job.py:182} INFO - Started process (PID=1972) to work on /home/airflow/.local/lib/python3.6/site-packages/airflow/example_dags/example_branch_python_dop_operator_3.py
[2021-06-11 05:50:13,082] {scheduler_job.py:633} INFO - Processing file /home/airflow/.local/lib/python3.6/site-packages/airflow/example_dags/example_branch_python_dop_operator_3.py for tasks to queue
[2021-06-11 05:50:13,083] {logging_mixin.py:104} INFO - [2021-06-11 05:50:13,083] {dagbag.py:487} INFO - Filling up the DagBag from /home/airflow/.local/lib/python3.6/site-packages/airflow/example_dags/example_branch_python_dop_operator_3.py
[2021-06-11 05:50:13,096] {scheduler_job.py:643} INFO - DAG(s) dict_keys(['example_branch_dop_operator_v3']) retrieved from /home/airflow/.local/lib/python3.6/site-packages/airflow/example_dags/example_branch_python_dop_operator_3.py
[2021-06-11 05:50:13,120] {logging_mixin.py:104} INFO - [2021-06-11 05:50:13,120] {dag.py:1832} INFO - Sync 1 DAGs
[2021-06-11 05:50:13,143] {logging_mixin.py:104} INFO - [2021-06-11 05:50:13,143] {dag.py:2305} INFO - Setting next_dagrun for example_branch_dop_operator_v3 to 2021-06-09 00:00:00+00:00
[2021-06-11 05:50:13,153] {scheduler_job.py:190} INFO - Processing /home/airflow/.local/lib/python3.6/site-packages/airflow/example_dags/example_branch_python_dop_operator_3.py took 0.076 seconds
[2021-06-11 05:50:43,381] {scheduler_job.py:182} INFO - Started process (PID=2057) to work on /home/airflow/.local/lib/python3.6/site-packages/airflow/example_dags/example_branch_python_dop_operator_3.py
[2021-06-11 05:50:43,383] {scheduler_job.py:633} INFO - Processing file /home/airflow/.local/lib/python3.6/site-packages/airflow/example_dags/example_branch_python_dop_operator_3.py for tasks to queue
[2021-06-11 05:50:43,387] {logging_mixin.py:104} INFO - [2021-06-11 05:50:43,387] {dagbag.py:487} INFO - Filling up the DagBag from /home/airflow/.local/lib/python3.6/site-packages/airflow/example_dags/example_branch_python_dop_operator_3.py
[2021-06-11 05:50:43,402] {scheduler_job.py:643} INFO - DAG(s) dict_keys(['example_branch_dop_operator_v3']) retrieved from /home/airflow/.local/lib/python3.6/site-packages/airflow/example_dags/example_branch_python_dop_operator_3.py
[2021-06-11 05:50:43,435] {logging_mixin.py:104} INFO - [2021-06-11 05:50:43,435] {dag.py:1832} INFO - Sync 1 DAGs
[2021-06-11 05:50:43,460] {logging_mixin.py:104} INFO - [2021-06-11 05:50:43,459] {dag.py:2305} INFO - Setting next_dagrun for example_branch_dop_operator_v3 to 2021-06-09 00:00:00+00:00
[2021-06-11 05:50:43,522] {scheduler_job.py:190} INFO - Processing /home/airflow/.local/lib/python3.6/site-packages/airflow/example_dags/example_branch_python_dop_operator_3.py took 0.144 seconds
[2021-06-11 05:51:13,726] {scheduler_job.py:182} INFO - Started process (PID=2123) to work on /home/airflow/.local/lib/python3.6/site-packages/airflow/example_dags/example_branch_python_dop_operator_3.py
[2021-06-11 05:51:13,727] {scheduler_job.py:633} INFO - Processing file /home/airflow/.local/lib/python3.6/site-packages/airflow/example_dags/example_branch_python_dop_operator_3.py for tasks to queue
[2021-06-11 05:51:13,728] {logging_mixin.py:104} INFO - [2021-06-11 05:51:13,728] {dagbag.py:487} INFO - Filling up the DagBag from /home/airflow/.local/lib/python3.6/site-packages/airflow/example_dags/example_branch_python_dop_operator_3.py
[2021-06-11 05:51:13,742] {scheduler_job.py:643} INFO - DAG(s) dict_keys(['example_branch_dop_operator_v3']) retrieved from /home/airflow/.local/lib/python3.6/site-packages/airflow/example_dags/example_branch_python_dop_operator_3.py
[2021-06-11 05:51:13,765] {logging_mixin.py:104} INFO - [2021-06-11 05:51:13,764] {dag.py:1832} INFO - Sync 1 DAGs
[2021-06-11 05:51:13,789] {logging_mixin.py:104} INFO - [2021-06-11 05:51:13,789] {dag.py:2305} INFO - Setting next_dagrun for example_branch_dop_operator_v3 to 2021-06-09 00:00:00+00:00
[2021-06-11 05:51:13,803] {scheduler_job.py:190} INFO - Processing /home/airflow/.local/lib/python3.6/site-packages/airflow/example_dags/example_branch_python_dop_operator_3.py took 0.081 seconds
[2021-06-11 05:51:44,127] {scheduler_job.py:182} INFO - Started process (PID=2208) to work on /home/airflow/.local/lib/python3.6/site-packages/airflow/example_dags/example_branch_python_dop_operator_3.py
[2021-06-11 05:51:44,129] {scheduler_job.py:633} INFO - Processing file /home/airflow/.local/lib/python3.6/site-packages/airflow/example_dags/example_branch_python_dop_operator_3.py for tasks to queue
[2021-06-11 05:51:44,130] {logging_mixin.py:104} INFO - [2021-06-11 05:51:44,130] {dagbag.py:487} INFO - Filling up the DagBag from /home/airflow/.local/lib/python3.6/site-packages/airflow/example_dags/example_branch_python_dop_operator_3.py
[2021-06-11 05:51:44,144] {scheduler_job.py:643} INFO - DAG(s) dict_keys(['example_branch_dop_operator_v3']) retrieved from /home/airflow/.local/lib/python3.6/site-packages/airflow/example_dags/example_branch_python_dop_operator_3.py
[2021-06-11 05:51:44,166] {logging_mixin.py:104} INFO - [2021-06-11 05:51:44,166] {dag.py:1832} INFO - Sync 1 DAGs
[2021-06-11 05:51:44,188] {logging_mixin.py:104} INFO - [2021-06-11 05:51:44,188] {dag.py:2305} INFO - Setting next_dagrun for example_branch_dop_operator_v3 to 2021-06-09 00:00:00+00:00
[2021-06-11 05:51:44,198] {scheduler_job.py:190} INFO - Processing /home/airflow/.local/lib/python3.6/site-packages/airflow/example_dags/example_branch_python_dop_operator_3.py took 0.076 seconds
[2021-06-11 05:52:14,293] {scheduler_job.py:182} INFO - Started process (PID=2285) to work on /home/airflow/.local/lib/python3.6/site-packages/airflow/example_dags/example_branch_python_dop_operator_3.py
[2021-06-11 05:52:14,295] {scheduler_job.py:633} INFO - Processing file /home/airflow/.local/lib/python3.6/site-packages/airflow/example_dags/example_branch_python_dop_operator_3.py for tasks to queue
[2021-06-11 05:52:14,297] {logging_mixin.py:104} INFO - [2021-06-11 05:52:14,297] {dagbag.py:487} INFO - Filling up the DagBag from /home/airflow/.local/lib/python3.6/site-packages/airflow/example_dags/example_branch_python_dop_operator_3.py
[2021-06-11 05:52:14,311] {scheduler_job.py:643} INFO - DAG(s) dict_keys(['example_branch_dop_operator_v3']) retrieved from /home/airflow/.local/lib/python3.6/site-packages/airflow/example_dags/example_branch_python_dop_operator_3.py
[2021-06-11 05:52:14,338] {logging_mixin.py:104} INFO - [2021-06-11 05:52:14,337] {dag.py:1832} INFO - Sync 1 DAGs
[2021-06-11 05:52:14,362] {logging_mixin.py:104} INFO - [2021-06-11 05:52:14,362] {dag.py:2305} INFO - Setting next_dagrun for example_branch_dop_operator_v3 to 2021-06-09 00:00:00+00:00
[2021-06-11 05:52:14,372] {scheduler_job.py:190} INFO - Processing /home/airflow/.local/lib/python3.6/site-packages/airflow/example_dags/example_branch_python_dop_operator_3.py took 0.083 seconds
[2021-06-11 05:52:44,893] {scheduler_job.py:182} INFO - Started process (PID=2359) to work on /home/airflow/.local/lib/python3.6/site-packages/airflow/example_dags/example_branch_python_dop_operator_3.py
[2021-06-11 05:52:44,895] {scheduler_job.py:633} INFO - Processing file /home/airflow/.local/lib/python3.6/site-packages/airflow/example_dags/example_branch_python_dop_operator_3.py for tasks to queue
[2021-06-11 05:52:44,896] {logging_mixin.py:104} INFO - [2021-06-11 05:52:44,896] {dagbag.py:487} INFO - Filling up the DagBag from /home/airflow/.local/lib/python3.6/site-packages/airflow/example_dags/example_branch_python_dop_operator_3.py
[2021-06-11 05:52:44,911] {scheduler_job.py:643} INFO - DAG(s) dict_keys(['example_branch_dop_operator_v3']) retrieved from /home/airflow/.local/lib/python3.6/site-packages/airflow/example_dags/example_branch_python_dop_operator_3.py
[2021-06-11 05:52:44,938] {logging_mixin.py:104} INFO - [2021-06-11 05:52:44,938] {dag.py:1832} INFO - Sync 1 DAGs
[2021-06-11 05:52:44,961] {logging_mixin.py:104} INFO - [2021-06-11 05:52:44,961] {dag.py:2305} INFO - Setting next_dagrun for example_branch_dop_operator_v3 to 2021-06-09 00:00:00+00:00
[2021-06-11 05:52:44,972] {scheduler_job.py:190} INFO - Processing /home/airflow/.local/lib/python3.6/site-packages/airflow/example_dags/example_branch_python_dop_operator_3.py took 0.083 seconds
[2021-06-11 05:53:15,495] {scheduler_job.py:182} INFO - Started process (PID=2443) to work on /home/airflow/.local/lib/python3.6/site-packages/airflow/example_dags/example_branch_python_dop_operator_3.py
[2021-06-11 05:53:15,497] {scheduler_job.py:633} INFO - Processing file /home/airflow/.local/lib/python3.6/site-packages/airflow/example_dags/example_branch_python_dop_operator_3.py for tasks to queue
[2021-06-11 05:53:15,498] {logging_mixin.py:104} INFO - [2021-06-11 05:53:15,498] {dagbag.py:487} INFO - Filling up the DagBag from /home/airflow/.local/lib/python3.6/site-packages/airflow/example_dags/example_branch_python_dop_operator_3.py
[2021-06-11 05:53:15,514] {scheduler_job.py:643} INFO - DAG(s) dict_keys(['example_branch_dop_operator_v3']) retrieved from /home/airflow/.local/lib/python3.6/site-packages/airflow/example_dags/example_branch_python_dop_operator_3.py
[2021-06-11 05:53:15,535] {logging_mixin.py:104} INFO - [2021-06-11 05:53:15,535] {dag.py:1832} INFO - Sync 1 DAGs
[2021-06-11 05:53:15,557] {logging_mixin.py:104} INFO - [2021-06-11 05:53:15,557] {dag.py:2305} INFO - Setting next_dagrun for example_branch_dop_operator_v3 to 2021-06-09 00:00:00+00:00
[2021-06-11 05:53:15,567] {scheduler_job.py:190} INFO - Processing /home/airflow/.local/lib/python3.6/site-packages/airflow/example_dags/example_branch_python_dop_operator_3.py took 0.076 seconds
[2021-06-11 05:53:45,992] {scheduler_job.py:182} INFO - Started process (PID=2514) to work on /home/airflow/.local/lib/python3.6/site-packages/airflow/example_dags/example_branch_python_dop_operator_3.py
[2021-06-11 05:53:45,993] {scheduler_job.py:633} INFO - Processing file /home/airflow/.local/lib/python3.6/site-packages/airflow/example_dags/example_branch_python_dop_operator_3.py for tasks to queue
[2021-06-11 05:53:45,994] {logging_mixin.py:104} INFO - [2021-06-11 05:53:45,994] {dagbag.py:487} INFO - Filling up the DagBag from /home/airflow/.local/lib/python3.6/site-packages/airflow/example_dags/example_branch_python_dop_operator_3.py
[2021-06-11 05:53:46,012] {scheduler_job.py:643} INFO - DAG(s) dict_keys(['example_branch_dop_operator_v3']) retrieved from /home/airflow/.local/lib/python3.6/site-packages/airflow/example_dags/example_branch_python_dop_operator_3.py
[2021-06-11 05:53:46,036] {logging_mixin.py:104} INFO - [2021-06-11 05:53:46,036] {dag.py:1832} INFO - Sync 1 DAGs
[2021-06-11 05:53:46,058] {logging_mixin.py:104} INFO - [2021-06-11 05:53:46,058] {dag.py:2305} INFO - Setting next_dagrun for example_branch_dop_operator_v3 to 2021-06-09 00:00:00+00:00
[2021-06-11 05:53:46,068] {scheduler_job.py:190} INFO - Processing /home/airflow/.local/lib/python3.6/site-packages/airflow/example_dags/example_branch_python_dop_operator_3.py took 0.080 seconds
[2021-06-11 05:54:16,603] {scheduler_job.py:182} INFO - Started process (PID=2593) to work on /home/airflow/.local/lib/python3.6/site-packages/airflow/example_dags/example_branch_python_dop_operator_3.py
[2021-06-11 05:54:16,605] {scheduler_job.py:633} INFO - Processing file /home/airflow/.local/lib/python3.6/site-packages/airflow/example_dags/example_branch_python_dop_operator_3.py for tasks to queue
[2021-06-11 05:54:16,607] {logging_mixin.py:104} INFO - [2021-06-11 05:54:16,606] {dagbag.py:487} INFO - Filling up the DagBag from /home/airflow/.local/lib/python3.6/site-packages/airflow/example_dags/example_branch_python_dop_operator_3.py
[2021-06-11 05:54:16,622] {scheduler_job.py:643} INFO - DAG(s) dict_keys(['example_branch_dop_operator_v3']) retrieved from /home/airflow/.local/lib/python3.6/site-packages/airflow/example_dags/example_branch_python_dop_operator_3.py
[2021-06-11 05:54:16,644] {logging_mixin.py:104} INFO - [2021-06-11 05:54:16,644] {dag.py:1832} INFO - Sync 1 DAGs
[2021-06-11 05:54:16,666] {logging_mixin.py:104} INFO - [2021-06-11 05:54:16,665] {dag.py:2305} INFO - Setting next_dagrun for example_branch_dop_operator_v3 to 2021-06-09 00:00:00+00:00
[2021-06-11 05:54:16,675] {scheduler_job.py:190} INFO - Processing /home/airflow/.local/lib/python3.6/site-packages/airflow/example_dags/example_branch_python_dop_operator_3.py took 0.076 seconds
[2021-06-11 05:54:47,333] {scheduler_job.py:182} INFO - Started process (PID=2676) to work on /home/airflow/.local/lib/python3.6/site-packages/airflow/example_dags/example_branch_python_dop_operator_3.py
[2021-06-11 05:54:47,335] {scheduler_job.py:633} INFO - Processing file /home/airflow/.local/lib/python3.6/site-packages/airflow/example_dags/example_branch_python_dop_operator_3.py for tasks to queue
[2021-06-11 05:54:47,336] {logging_mixin.py:104} INFO - [2021-06-11 05:54:47,336] {dagbag.py:487} INFO - Filling up the DagBag from /home/airflow/.local/lib/python3.6/site-packages/airflow/example_dags/example_branch_python_dop_operator_3.py
[2021-06-11 05:54:47,350] {scheduler_job.py:643} INFO - DAG(s) dict_keys(['example_branch_dop_operator_v3']) retrieved from /home/airflow/.local/lib/python3.6/site-packages/airflow/example_dags/example_branch_python_dop_operator_3.py
[2021-06-11 05:54:47,372] {logging_mixin.py:104} INFO - [2021-06-11 05:54:47,372] {dag.py:1832} INFO - Sync 1 DAGs
[2021-06-11 05:54:47,396] {logging_mixin.py:104} INFO - [2021-06-11 05:54:47,396] {dag.py:2305} INFO - Setting next_dagrun for example_branch_dop_operator_v3 to 2021-06-09 00:00:00+00:00
[2021-06-11 05:54:47,408] {scheduler_job.py:190} INFO - Processing /home/airflow/.local/lib/python3.6/site-packages/airflow/example_dags/example_branch_python_dop_operator_3.py took 0.078 seconds
[2021-06-11 05:55:18,009] {scheduler_job.py:182} INFO - Started process (PID=2753) to work on /home/airflow/.local/lib/python3.6/site-packages/airflow/example_dags/example_branch_python_dop_operator_3.py
[2021-06-11 05:55:18,011] {scheduler_job.py:633} INFO - Processing file /home/airflow/.local/lib/python3.6/site-packages/airflow/example_dags/example_branch_python_dop_operator_3.py for tasks to queue
[2021-06-11 05:55:18,012] {logging_mixin.py:104} INFO - [2021-06-11 05:55:18,012] {dagbag.py:487} INFO - Filling up the DagBag from /home/airflow/.local/lib/python3.6/site-packages/airflow/example_dags/example_branch_python_dop_operator_3.py
[2021-06-11 05:55:18,028] {scheduler_job.py:643} INFO - DAG(s) dict_keys(['example_branch_dop_operator_v3']) retrieved from /home/airflow/.local/lib/python3.6/site-packages/airflow/example_dags/example_branch_python_dop_operator_3.py
[2021-06-11 05:55:18,050] {logging_mixin.py:104} INFO - [2021-06-11 05:55:18,050] {dag.py:1832} INFO - Sync 1 DAGs
[2021-06-11 05:55:18,072] {logging_mixin.py:104} INFO - [2021-06-11 05:55:18,072] {dag.py:2305} INFO - Setting next_dagrun for example_branch_dop_operator_v3 to 2021-06-09 00:00:00+00:00
[2021-06-11 05:55:18,085] {scheduler_job.py:190} INFO - Processing /home/airflow/.local/lib/python3.6/site-packages/airflow/example_dags/example_branch_python_dop_operator_3.py took 0.079 seconds
[2021-06-11 05:55:48,486] {scheduler_job.py:182} INFO - Started process (PID=2826) to work on /home/airflow/.local/lib/python3.6/site-packages/airflow/example_dags/example_branch_python_dop_operator_3.py
[2021-06-11 05:55:48,488] {scheduler_job.py:633} INFO - Processing file /home/airflow/.local/lib/python3.6/site-packages/airflow/example_dags/example_branch_python_dop_operator_3.py for tasks to queue
[2021-06-11 05:55:48,489] {logging_mixin.py:104} INFO - [2021-06-11 05:55:48,489] {dagbag.py:487} INFO - Filling up the DagBag from /home/airflow/.local/lib/python3.6/site-packages/airflow/example_dags/example_branch_python_dop_operator_3.py
[2021-06-11 05:55:48,504] {scheduler_job.py:643} INFO - DAG(s) dict_keys(['example_branch_dop_operator_v3']) retrieved from /home/airflow/.local/lib/python3.6/site-packages/airflow/example_dags/example_branch_python_dop_operator_3.py
[2021-06-11 05:55:48,527] {logging_mixin.py:104} INFO - [2021-06-11 05:55:48,527] {dag.py:1832} INFO - Sync 1 DAGs
[2021-06-11 05:55:48,551] {logging_mixin.py:104} INFO - [2021-06-11 05:55:48,551] {dag.py:2305} INFO - Setting next_dagrun for example_branch_dop_operator_v3 to 2021-06-09 00:00:00+00:00
[2021-06-11 05:55:48,563] {scheduler_job.py:190} INFO - Processing /home/airflow/.local/lib/python3.6/site-packages/airflow/example_dags/example_branch_python_dop_operator_3.py took 0.080 seconds
[2021-06-11 05:56:19,139] {scheduler_job.py:182} INFO - Started process (PID=2911) to work on /home/airflow/.local/lib/python3.6/site-packages/airflow/example_dags/example_branch_python_dop_operator_3.py
[2021-06-11 05:56:19,141] {scheduler_job.py:633} INFO - Processing file /home/airflow/.local/lib/python3.6/site-packages/airflow/example_dags/example_branch_python_dop_operator_3.py for tasks to queue
[2021-06-11 05:56:19,142] {logging_mixin.py:104} INFO - [2021-06-11 05:56:19,142] {dagbag.py:487} INFO - Filling up the DagBag from /home/airflow/.local/lib/python3.6/site-packages/airflow/example_dags/example_branch_python_dop_operator_3.py
[2021-06-11 05:56:19,155] {scheduler_job.py:643} INFO - DAG(s) dict_keys(['example_branch_dop_operator_v3']) retrieved from /home/airflow/.local/lib/python3.6/site-packages/airflow/example_dags/example_branch_python_dop_operator_3.py
[2021-06-11 05:56:19,180] {logging_mixin.py:104} INFO - [2021-06-11 05:56:19,180] {dag.py:1832} INFO - Sync 1 DAGs
[2021-06-11 05:56:19,205] {logging_mixin.py:104} INFO - [2021-06-11 05:56:19,204] {dag.py:2305} INFO - Setting next_dagrun for example_branch_dop_operator_v3 to 2021-06-09 00:00:00+00:00
[2021-06-11 05:56:19,218] {scheduler_job.py:190} INFO - Processing /home/airflow/.local/lib/python3.6/site-packages/airflow/example_dags/example_branch_python_dop_operator_3.py took 0.082 seconds
[2021-06-11 05:56:49,669] {scheduler_job.py:182} INFO - Started process (PID=2985) to work on /home/airflow/.local/lib/python3.6/site-packages/airflow/example_dags/example_branch_python_dop_operator_3.py
[2021-06-11 05:56:49,671] {scheduler_job.py:633} INFO - Processing file /home/airflow/.local/lib/python3.6/site-packages/airflow/example_dags/example_branch_python_dop_operator_3.py for tasks to queue
[2021-06-11 05:56:49,672] {logging_mixin.py:104} INFO - [2021-06-11 05:56:49,672] {dagbag.py:487} INFO - Filling up the DagBag from /home/airflow/.local/lib/python3.6/site-packages/airflow/example_dags/example_branch_python_dop_operator_3.py
[2021-06-11 05:56:49,691] {scheduler_job.py:643} INFO - DAG(s) dict_keys(['example_branch_dop_operator_v3']) retrieved from /home/airflow/.local/lib/python3.6/site-packages/airflow/example_dags/example_branch_python_dop_operator_3.py
[2021-06-11 05:56:49,714] {logging_mixin.py:104} INFO - [2021-06-11 05:56:49,714] {dag.py:1832} INFO - Sync 1 DAGs
[2021-06-11 05:56:49,739] {logging_mixin.py:104} INFO - [2021-06-11 05:56:49,738] {dag.py:2305} INFO - Setting next_dagrun for example_branch_dop_operator_v3 to 2021-06-09 00:00:00+00:00
[2021-06-11 05:56:49,750] {scheduler_job.py:190} INFO - Processing /home/airflow/.local/lib/python3.6/site-packages/airflow/example_dags/example_branch_python_dop_operator_3.py took 0.085 seconds
[2021-06-11 05:57:19,989] {scheduler_job.py:182} INFO - Started process (PID=3062) to work on /home/airflow/.local/lib/python3.6/site-packages/airflow/example_dags/example_branch_python_dop_operator_3.py
[2021-06-11 05:57:19,991] {scheduler_job.py:633} INFO - Processing file /home/airflow/.local/lib/python3.6/site-packages/airflow/example_dags/example_branch_python_dop_operator_3.py for tasks to queue
[2021-06-11 05:57:19,993] {logging_mixin.py:104} INFO - [2021-06-11 05:57:19,992] {dagbag.py:487} INFO - Filling up the DagBag from /home/airflow/.local/lib/python3.6/site-packages/airflow/example_dags/example_branch_python_dop_operator_3.py
[2021-06-11 05:57:20,008] {scheduler_job.py:643} INFO - DAG(s) dict_keys(['example_branch_dop_operator_v3']) retrieved from /home/airflow/.local/lib/python3.6/site-packages/airflow/example_dags/example_branch_python_dop_operator_3.py
[2021-06-11 05:57:20,030] {logging_mixin.py:104} INFO - [2021-06-11 05:57:20,030] {dag.py:1832} INFO - Sync 1 DAGs
[2021-06-11 05:57:20,061] {logging_mixin.py:104} INFO - [2021-06-11 05:57:20,061] {dag.py:2305} INFO - Setting next_dagrun for example_branch_dop_operator_v3 to 2021-06-09 00:00:00+00:00
[2021-06-11 05:57:20,072] {scheduler_job.py:190} INFO - Processing /home/airflow/.local/lib/python3.6/site-packages/airflow/example_dags/example_branch_python_dop_operator_3.py took 0.087 seconds
[2021-06-11 05:57:50,190] {scheduler_job.py:182} INFO - Started process (PID=3145) to work on /home/airflow/.local/lib/python3.6/site-packages/airflow/example_dags/example_branch_python_dop_operator_3.py
[2021-06-11 05:57:50,192] {scheduler_job.py:633} INFO - Processing file /home/airflow/.local/lib/python3.6/site-packages/airflow/example_dags/example_branch_python_dop_operator_3.py for tasks to queue
[2021-06-11 05:57:50,193] {logging_mixin.py:104} INFO - [2021-06-11 05:57:50,193] {dagbag.py:487} INFO - Filling up the DagBag from /home/airflow/.local/lib/python3.6/site-packages/airflow/example_dags/example_branch_python_dop_operator_3.py
[2021-06-11 05:57:50,206] {scheduler_job.py:643} INFO - DAG(s) dict_keys(['example_branch_dop_operator_v3']) retrieved from /home/airflow/.local/lib/python3.6/site-packages/airflow/example_dags/example_branch_python_dop_operator_3.py
[2021-06-11 05:57:50,227] {logging_mixin.py:104} INFO - [2021-06-11 05:57:50,227] {dag.py:1832} INFO - Sync 1 DAGs
[2021-06-11 05:57:50,249] {logging_mixin.py:104} INFO - [2021-06-11 05:57:50,249] {dag.py:2305} INFO - Setting next_dagrun for example_branch_dop_operator_v3 to 2021-06-09 00:00:00+00:00
[2021-06-11 05:57:50,260] {scheduler_job.py:190} INFO - Processing /home/airflow/.local/lib/python3.6/site-packages/airflow/example_dags/example_branch_python_dop_operator_3.py took 0.073 seconds
[2021-06-11 05:58:21,267] {scheduler_job.py:182} INFO - Started process (PID=3212) to work on /home/airflow/.local/lib/python3.6/site-packages/airflow/example_dags/example_branch_python_dop_operator_3.py
[2021-06-11 05:58:21,269] {scheduler_job.py:633} INFO - Processing file /home/airflow/.local/lib/python3.6/site-packages/airflow/example_dags/example_branch_python_dop_operator_3.py for tasks to queue
[2021-06-11 05:58:21,271] {logging_mixin.py:104} INFO - [2021-06-11 05:58:21,271] {dagbag.py:487} INFO - Filling up the DagBag from /home/airflow/.local/lib/python3.6/site-packages/airflow/example_dags/example_branch_python_dop_operator_3.py
[2021-06-11 05:58:21,286] {scheduler_job.py:643} INFO - DAG(s) dict_keys(['example_branch_dop_operator_v3']) retrieved from /home/airflow/.local/lib/python3.6/site-packages/airflow/example_dags/example_branch_python_dop_operator_3.py
[2021-06-11 05:58:21,314] {logging_mixin.py:104} INFO - [2021-06-11 05:58:21,314] {dag.py:1832} INFO - Sync 1 DAGs
[2021-06-11 05:58:21,340] {logging_mixin.py:104} INFO - [2021-06-11 05:58:21,340] {dag.py:2305} INFO - Setting next_dagrun for example_branch_dop_operator_v3 to 2021-06-09 00:00:00+00:00
[2021-06-11 05:58:21,353] {scheduler_job.py:190} INFO - Processing /home/airflow/.local/lib/python3.6/site-packages/airflow/example_dags/example_branch_python_dop_operator_3.py took 0.090 seconds
[2021-06-11 05:58:51,400] {scheduler_job.py:182} INFO - Started process (PID=3296) to work on /home/airflow/.local/lib/python3.6/site-packages/airflow/example_dags/example_branch_python_dop_operator_3.py
[2021-06-11 05:58:51,401] {scheduler_job.py:633} INFO - Processing file /home/airflow/.local/lib/python3.6/site-packages/airflow/example_dags/example_branch_python_dop_operator_3.py for tasks to queue
[2021-06-11 05:58:51,402] {logging_mixin.py:104} INFO - [2021-06-11 05:58:51,402] {dagbag.py:487} INFO - Filling up the DagBag from /home/airflow/.local/lib/python3.6/site-packages/airflow/example_dags/example_branch_python_dop_operator_3.py
[2021-06-11 05:58:51,416] {scheduler_job.py:643} INFO - DAG(s) dict_keys(['example_branch_dop_operator_v3']) retrieved from /home/airflow/.local/lib/python3.6/site-packages/airflow/example_dags/example_branch_python_dop_operator_3.py
[2021-06-11 05:58:51,438] {logging_mixin.py:104} INFO - [2021-06-11 05:58:51,438] {dag.py:1832} INFO - Sync 1 DAGs
[2021-06-11 05:58:51,460] {logging_mixin.py:104} INFO - [2021-06-11 05:58:51,460] {dag.py:2305} INFO - Setting next_dagrun for example_branch_dop_operator_v3 to 2021-06-09 00:00:00+00:00
[2021-06-11 05:58:51,471] {scheduler_job.py:190} INFO - Processing /home/airflow/.local/lib/python3.6/site-packages/airflow/example_dags/example_branch_python_dop_operator_3.py took 0.075 seconds
[2021-06-11 05:59:21,510] {scheduler_job.py:182} INFO - Started process (PID=3380) to work on /home/airflow/.local/lib/python3.6/site-packages/airflow/example_dags/example_branch_python_dop_operator_3.py
[2021-06-11 05:59:21,511] {scheduler_job.py:633} INFO - Processing file /home/airflow/.local/lib/python3.6/site-packages/airflow/example_dags/example_branch_python_dop_operator_3.py for tasks to queue
[2021-06-11 05:59:21,512] {logging_mixin.py:104} INFO - [2021-06-11 05:59:21,512] {dagbag.py:487} INFO - Filling up the DagBag from /home/airflow/.local/lib/python3.6/site-packages/airflow/example_dags/example_branch_python_dop_operator_3.py
[2021-06-11 05:59:21,526] {scheduler_job.py:643} INFO - DAG(s) dict_keys(['example_branch_dop_operator_v3']) retrieved from /home/airflow/.local/lib/python3.6/site-packages/airflow/example_dags/example_branch_python_dop_operator_3.py
[2021-06-11 05:59:21,549] {logging_mixin.py:104} INFO - [2021-06-11 05:59:21,549] {dag.py:1832} INFO - Sync 1 DAGs
[2021-06-11 05:59:21,571] {logging_mixin.py:104} INFO - [2021-06-11 05:59:21,571] {dag.py:2305} INFO - Setting next_dagrun for example_branch_dop_operator_v3 to 2021-06-09 00:00:00+00:00
[2021-06-11 05:59:21,583] {scheduler_job.py:190} INFO - Processing /home/airflow/.local/lib/python3.6/site-packages/airflow/example_dags/example_branch_python_dop_operator_3.py took 0.077 seconds
[2021-06-11 05:59:51,677] {scheduler_job.py:182} INFO - Started process (PID=3446) to work on /home/airflow/.local/lib/python3.6/site-packages/airflow/example_dags/example_branch_python_dop_operator_3.py
[2021-06-11 05:59:51,680] {scheduler_job.py:633} INFO - Processing file /home/airflow/.local/lib/python3.6/site-packages/airflow/example_dags/example_branch_python_dop_operator_3.py for tasks to queue
[2021-06-11 05:59:51,681] {logging_mixin.py:104} INFO - [2021-06-11 05:59:51,681] {dagbag.py:487} INFO - Filling up the DagBag from /home/airflow/.local/lib/python3.6/site-packages/airflow/example_dags/example_branch_python_dop_operator_3.py
[2021-06-11 05:59:51,694] {scheduler_job.py:643} INFO - DAG(s) dict_keys(['example_branch_dop_operator_v3']) retrieved from /home/airflow/.local/lib/python3.6/site-packages/airflow/example_dags/example_branch_python_dop_operator_3.py
[2021-06-11 05:59:51,716] {logging_mixin.py:104} INFO - [2021-06-11 05:59:51,716] {dag.py:1832} INFO - Sync 1 DAGs
[2021-06-11 05:59:51,739] {logging_mixin.py:104} INFO - [2021-06-11 05:59:51,739] {dag.py:2305} INFO - Setting next_dagrun for example_branch_dop_operator_v3 to 2021-06-09 00:00:00+00:00
[2021-06-11 05:59:51,749] {scheduler_job.py:190} INFO - Processing /home/airflow/.local/lib/python3.6/site-packages/airflow/example_dags/example_branch_python_dop_operator_3.py took 0.075 seconds
[2021-06-11 06:00:21,862] {scheduler_job.py:182} INFO - Started process (PID=3529) to work on /home/airflow/.local/lib/python3.6/site-packages/airflow/example_dags/example_branch_python_dop_operator_3.py
[2021-06-11 06:00:21,864] {scheduler_job.py:633} INFO - Processing file /home/airflow/.local/lib/python3.6/site-packages/airflow/example_dags/example_branch_python_dop_operator_3.py for tasks to queue
[2021-06-11 06:00:21,865] {logging_mixin.py:104} INFO - [2021-06-11 06:00:21,865] {dagbag.py:487} INFO - Filling up the DagBag from /home/airflow/.local/lib/python3.6/site-packages/airflow/example_dags/example_branch_python_dop_operator_3.py
[2021-06-11 06:00:21,880] {scheduler_job.py:643} INFO - DAG(s) dict_keys(['example_branch_dop_operator_v3']) retrieved from /home/airflow/.local/lib/python3.6/site-packages/airflow/example_dags/example_branch_python_dop_operator_3.py
[2021-06-11 06:00:21,902] {logging_mixin.py:104} INFO - [2021-06-11 06:00:21,902] {dag.py:1832} INFO - Sync 1 DAGs
[2021-06-11 06:00:21,925] {logging_mixin.py:104} INFO - [2021-06-11 06:00:21,925] {dag.py:2305} INFO - Setting next_dagrun for example_branch_dop_operator_v3 to 2021-06-09 00:00:00+00:00
[2021-06-11 06:00:21,936] {scheduler_job.py:190} INFO - Processing /home/airflow/.local/lib/python3.6/site-packages/airflow/example_dags/example_branch_python_dop_operator_3.py took 0.078 seconds
[2021-06-11 06:00:52,198] {scheduler_job.py:182} INFO - Started process (PID=3603) to work on /home/airflow/.local/lib/python3.6/site-packages/airflow/example_dags/example_branch_python_dop_operator_3.py
[2021-06-11 06:00:52,200] {scheduler_job.py:633} INFO - Processing file /home/airflow/.local/lib/python3.6/site-packages/airflow/example_dags/example_branch_python_dop_operator_3.py for tasks to queue
[2021-06-11 06:00:52,201] {logging_mixin.py:104} INFO - [2021-06-11 06:00:52,201] {dagbag.py:487} INFO - Filling up the DagBag from /home/airflow/.local/lib/python3.6/site-packages/airflow/example_dags/example_branch_python_dop_operator_3.py
[2021-06-11 06:00:52,216] {scheduler_job.py:643} INFO - DAG(s) dict_keys(['example_branch_dop_operator_v3']) retrieved from /home/airflow/.local/lib/python3.6/site-packages/airflow/example_dags/example_branch_python_dop_operator_3.py
[2021-06-11 06:00:52,240] {logging_mixin.py:104} INFO - [2021-06-11 06:00:52,239] {dag.py:1832} INFO - Sync 1 DAGs
[2021-06-11 06:00:52,264] {logging_mixin.py:104} INFO - [2021-06-11 06:00:52,264] {dag.py:2305} INFO - Setting next_dagrun for example_branch_dop_operator_v3 to 2021-06-09 00:00:00+00:00
[2021-06-11 06:00:52,275] {scheduler_job.py:190} INFO - Processing /home/airflow/.local/lib/python3.6/site-packages/airflow/example_dags/example_branch_python_dop_operator_3.py took 0.079 seconds
[2021-06-11 06:01:22,369] {scheduler_job.py:182} INFO - Started process (PID=3678) to work on /home/airflow/.local/lib/python3.6/site-packages/airflow/example_dags/example_branch_python_dop_operator_3.py
[2021-06-11 06:01:22,371] {scheduler_job.py:633} INFO - Processing file /home/airflow/.local/lib/python3.6/site-packages/airflow/example_dags/example_branch_python_dop_operator_3.py for tasks to queue
[2021-06-11 06:01:22,373] {logging_mixin.py:104} INFO - [2021-06-11 06:01:22,372] {dagbag.py:487} INFO - Filling up the DagBag from /home/airflow/.local/lib/python3.6/site-packages/airflow/example_dags/example_branch_python_dop_operator_3.py
[2021-06-11 06:01:22,389] {scheduler_job.py:643} INFO - DAG(s) dict_keys(['example_branch_dop_operator_v3']) retrieved from /home/airflow/.local/lib/python3.6/site-packages/airflow/example_dags/example_branch_python_dop_operator_3.py
[2021-06-11 06:01:22,417] {logging_mixin.py:104} INFO - [2021-06-11 06:01:22,417] {dag.py:1832} INFO - Sync 1 DAGs
[2021-06-11 06:01:22,445] {logging_mixin.py:104} INFO - [2021-06-11 06:01:22,445] {dag.py:2305} INFO - Setting next_dagrun for example_branch_dop_operator_v3 to 2021-06-09 00:00:00+00:00
[2021-06-11 06:01:22,460] {scheduler_job.py:190} INFO - Processing /home/airflow/.local/lib/python3.6/site-packages/airflow/example_dags/example_branch_python_dop_operator_3.py took 0.094 seconds
[2021-06-11 06:01:52,635] {scheduler_job.py:182} INFO - Started process (PID=3762) to work on /home/airflow/.local/lib/python3.6/site-packages/airflow/example_dags/example_branch_python_dop_operator_3.py
[2021-06-11 06:01:52,637] {scheduler_job.py:633} INFO - Processing file /home/airflow/.local/lib/python3.6/site-packages/airflow/example_dags/example_branch_python_dop_operator_3.py for tasks to queue
[2021-06-11 06:01:52,639] {logging_mixin.py:104} INFO - [2021-06-11 06:01:52,639] {dagbag.py:487} INFO - Filling up the DagBag from /home/airflow/.local/lib/python3.6/site-packages/airflow/example_dags/example_branch_python_dop_operator_3.py
[2021-06-11 06:01:52,657] {scheduler_job.py:643} INFO - DAG(s) dict_keys(['example_branch_dop_operator_v3']) retrieved from /home/airflow/.local/lib/python3.6/site-packages/airflow/example_dags/example_branch_python_dop_operator_3.py
[2021-06-11 06:01:52,681] {logging_mixin.py:104} INFO - [2021-06-11 06:01:52,681] {dag.py:1832} INFO - Sync 1 DAGs
[2021-06-11 06:01:52,708] {logging_mixin.py:104} INFO - [2021-06-11 06:01:52,708] {dag.py:2305} INFO - Setting next_dagrun for example_branch_dop_operator_v3 to 2021-06-09 00:00:00+00:00
[2021-06-11 06:01:52,720] {scheduler_job.py:190} INFO - Processing /home/airflow/.local/lib/python3.6/site-packages/airflow/example_dags/example_branch_python_dop_operator_3.py took 0.088 seconds
[2021-06-11 06:02:23,291] {scheduler_job.py:182} INFO - Started process (PID=3829) to work on /home/airflow/.local/lib/python3.6/site-packages/airflow/example_dags/example_branch_python_dop_operator_3.py
[2021-06-11 06:02:23,293] {scheduler_job.py:633} INFO - Processing file /home/airflow/.local/lib/python3.6/site-packages/airflow/example_dags/example_branch_python_dop_operator_3.py for tasks to queue
[2021-06-11 06:02:23,294] {logging_mixin.py:104} INFO - [2021-06-11 06:02:23,294] {dagbag.py:487} INFO - Filling up the DagBag from /home/airflow/.local/lib/python3.6/site-packages/airflow/example_dags/example_branch_python_dop_operator_3.py
[2021-06-11 06:02:23,308] {scheduler_job.py:643} INFO - DAG(s) dict_keys(['example_branch_dop_operator_v3']) retrieved from /home/airflow/.local/lib/python3.6/site-packages/airflow/example_dags/example_branch_python_dop_operator_3.py
[2021-06-11 06:02:23,333] {logging_mixin.py:104} INFO - [2021-06-11 06:02:23,333] {dag.py:1832} INFO - Sync 1 DAGs
[2021-06-11 06:02:23,361] {logging_mixin.py:104} INFO - [2021-06-11 06:02:23,361] {dag.py:2305} INFO - Setting next_dagrun for example_branch_dop_operator_v3 to 2021-06-09 00:00:00+00:00
[2021-06-11 06:02:23,374] {scheduler_job.py:190} INFO - Processing /home/airflow/.local/lib/python3.6/site-packages/airflow/example_dags/example_branch_python_dop_operator_3.py took 0.086 seconds
[2021-06-11 06:02:53,826] {scheduler_job.py:182} INFO - Started process (PID=3914) to work on /home/airflow/.local/lib/python3.6/site-packages/airflow/example_dags/example_branch_python_dop_operator_3.py
[2021-06-11 06:02:53,828] {scheduler_job.py:633} INFO - Processing file /home/airflow/.local/lib/python3.6/site-packages/airflow/example_dags/example_branch_python_dop_operator_3.py for tasks to queue
[2021-06-11 06:02:53,829] {logging_mixin.py:104} INFO - [2021-06-11 06:02:53,829] {dagbag.py:487} INFO - Filling up the DagBag from /home/airflow/.local/lib/python3.6/site-packages/airflow/example_dags/example_branch_python_dop_operator_3.py
[2021-06-11 06:02:53,846] {scheduler_job.py:643} INFO - DAG(s) dict_keys(['example_branch_dop_operator_v3']) retrieved from /home/airflow/.local/lib/python3.6/site-packages/airflow/example_dags/example_branch_python_dop_operator_3.py
[2021-06-11 06:02:53,874] {logging_mixin.py:104} INFO - [2021-06-11 06:02:53,874] {dag.py:1832} INFO - Sync 1 DAGs
[2021-06-11 06:02:53,900] {logging_mixin.py:104} INFO - [2021-06-11 06:02:53,900] {dag.py:2305} INFO - Setting next_dagrun for example_branch_dop_operator_v3 to 2021-06-09 00:00:00+00:00
[2021-06-11 06:02:53,916] {scheduler_job.py:190} INFO - Processing /home/airflow/.local/lib/python3.6/site-packages/airflow/example_dags/example_branch_python_dop_operator_3.py took 0.094 seconds
[2021-06-11 06:03:24,782] {scheduler_job.py:182} INFO - Started process (PID=3999) to work on /home/airflow/.local/lib/python3.6/site-packages/airflow/example_dags/example_branch_python_dop_operator_3.py
[2021-06-11 06:03:24,784] {scheduler_job.py:633} INFO - Processing file /home/airflow/.local/lib/python3.6/site-packages/airflow/example_dags/example_branch_python_dop_operator_3.py for tasks to queue
[2021-06-11 06:03:24,786] {logging_mixin.py:104} INFO - [2021-06-11 06:03:24,786] {dagbag.py:487} INFO - Filling up the DagBag from /home/airflow/.local/lib/python3.6/site-packages/airflow/example_dags/example_branch_python_dop_operator_3.py
[2021-06-11 06:03:24,806] {scheduler_job.py:643} INFO - DAG(s) dict_keys(['example_branch_dop_operator_v3']) retrieved from /home/airflow/.local/lib/python3.6/site-packages/airflow/example_dags/example_branch_python_dop_operator_3.py
[2021-06-11 06:03:24,850] {logging_mixin.py:104} INFO - [2021-06-11 06:03:24,849] {dag.py:1832} INFO - Sync 1 DAGs
[2021-06-11 06:03:24,878] {logging_mixin.py:104} INFO - [2021-06-11 06:03:24,877] {dag.py:2305} INFO - Setting next_dagrun for example_branch_dop_operator_v3 to 2021-06-09 00:00:00+00:00
[2021-06-11 06:03:24,894] {scheduler_job.py:190} INFO - Processing /home/airflow/.local/lib/python3.6/site-packages/airflow/example_dags/example_branch_python_dop_operator_3.py took 0.117 seconds
[2021-06-11 06:03:54,933] {scheduler_job.py:182} INFO - Started process (PID=4066) to work on /home/airflow/.local/lib/python3.6/site-packages/airflow/example_dags/example_branch_python_dop_operator_3.py
[2021-06-11 06:03:54,934] {scheduler_job.py:633} INFO - Processing file /home/airflow/.local/lib/python3.6/site-packages/airflow/example_dags/example_branch_python_dop_operator_3.py for tasks to queue
[2021-06-11 06:03:54,935] {logging_mixin.py:104} INFO - [2021-06-11 06:03:54,935] {dagbag.py:487} INFO - Filling up the DagBag from /home/airflow/.local/lib/python3.6/site-packages/airflow/example_dags/example_branch_python_dop_operator_3.py
[2021-06-11 06:03:54,950] {scheduler_job.py:643} INFO - DAG(s) dict_keys(['example_branch_dop_operator_v3']) retrieved from /home/airflow/.local/lib/python3.6/site-packages/airflow/example_dags/example_branch_python_dop_operator_3.py
[2021-06-11 06:03:54,972] {logging_mixin.py:104} INFO - [2021-06-11 06:03:54,972] {dag.py:1832} INFO - Sync 1 DAGs
[2021-06-11 06:03:54,994] {logging_mixin.py:104} INFO - [2021-06-11 06:03:54,994] {dag.py:2305} INFO - Setting next_dagrun for example_branch_dop_operator_v3 to 2021-06-09 00:00:00+00:00
[2021-06-11 06:03:55,004] {scheduler_job.py:190} INFO - Processing /home/airflow/.local/lib/python3.6/site-packages/airflow/example_dags/example_branch_python_dop_operator_3.py took 0.075 seconds
[2021-06-11 06:04:25,154] {scheduler_job.py:182} INFO - Started process (PID=4152) to work on /home/airflow/.local/lib/python3.6/site-packages/airflow/example_dags/example_branch_python_dop_operator_3.py
[2021-06-11 06:04:25,156] {scheduler_job.py:633} INFO - Processing file /home/airflow/.local/lib/python3.6/site-packages/airflow/example_dags/example_branch_python_dop_operator_3.py for tasks to queue
[2021-06-11 06:04:25,157] {logging_mixin.py:104} INFO - [2021-06-11 06:04:25,156] {dagbag.py:487} INFO - Filling up the DagBag from /home/airflow/.local/lib/python3.6/site-packages/airflow/example_dags/example_branch_python_dop_operator_3.py
[2021-06-11 06:04:25,171] {scheduler_job.py:643} INFO - DAG(s) dict_keys(['example_branch_dop_operator_v3']) retrieved from /home/airflow/.local/lib/python3.6/site-packages/airflow/example_dags/example_branch_python_dop_operator_3.py
[2021-06-11 06:04:25,195] {logging_mixin.py:104} INFO - [2021-06-11 06:04:25,195] {dag.py:1832} INFO - Sync 1 DAGs
[2021-06-11 06:04:25,217] {logging_mixin.py:104} INFO - [2021-06-11 06:04:25,217] {dag.py:2305} INFO - Setting next_dagrun for example_branch_dop_operator_v3 to 2021-06-09 00:00:00+00:00
[2021-06-11 06:04:25,229] {scheduler_job.py:190} INFO - Processing /home/airflow/.local/lib/python3.6/site-packages/airflow/example_dags/example_branch_python_dop_operator_3.py took 0.078 seconds
[2021-06-11 06:04:55,601] {scheduler_job.py:182} INFO - Started process (PID=4220) to work on /home/airflow/.local/lib/python3.6/site-packages/airflow/example_dags/example_branch_python_dop_operator_3.py
[2021-06-11 06:04:55,603] {scheduler_job.py:633} INFO - Processing file /home/airflow/.local/lib/python3.6/site-packages/airflow/example_dags/example_branch_python_dop_operator_3.py for tasks to queue
[2021-06-11 06:04:55,605] {logging_mixin.py:104} INFO - [2021-06-11 06:04:55,605] {dagbag.py:487} INFO - Filling up the DagBag from /home/airflow/.local/lib/python3.6/site-packages/airflow/example_dags/example_branch_python_dop_operator_3.py
[2021-06-11 06:04:55,619] {scheduler_job.py:643} INFO - DAG(s) dict_keys(['example_branch_dop_operator_v3']) retrieved from /home/airflow/.local/lib/python3.6/site-packages/airflow/example_dags/example_branch_python_dop_operator_3.py
[2021-06-11 06:04:55,642] {logging_mixin.py:104} INFO - [2021-06-11 06:04:55,642] {dag.py:1832} INFO - Sync 1 DAGs
[2021-06-11 06:04:55,666] {logging_mixin.py:104} INFO - [2021-06-11 06:04:55,666] {dag.py:2305} INFO - Setting next_dagrun for example_branch_dop_operator_v3 to 2021-06-09 00:00:00+00:00
[2021-06-11 06:04:55,678] {scheduler_job.py:190} INFO - Processing /home/airflow/.local/lib/python3.6/site-packages/airflow/example_dags/example_branch_python_dop_operator_3.py took 0.081 seconds
[2021-06-11 06:05:25,909] {scheduler_job.py:182} INFO - Started process (PID=4305) to work on /home/airflow/.local/lib/python3.6/site-packages/airflow/example_dags/example_branch_python_dop_operator_3.py
[2021-06-11 06:05:25,911] {scheduler_job.py:633} INFO - Processing file /home/airflow/.local/lib/python3.6/site-packages/airflow/example_dags/example_branch_python_dop_operator_3.py for tasks to queue
[2021-06-11 06:05:25,912] {logging_mixin.py:104} INFO - [2021-06-11 06:05:25,912] {dagbag.py:487} INFO - Filling up the DagBag from /home/airflow/.local/lib/python3.6/site-packages/airflow/example_dags/example_branch_python_dop_operator_3.py
[2021-06-11 06:05:25,927] {scheduler_job.py:643} INFO - DAG(s) dict_keys(['example_branch_dop_operator_v3']) retrieved from /home/airflow/.local/lib/python3.6/site-packages/airflow/example_dags/example_branch_python_dop_operator_3.py
[2021-06-11 06:05:25,950] {logging_mixin.py:104} INFO - [2021-06-11 06:05:25,950] {dag.py:1832} INFO - Sync 1 DAGs
[2021-06-11 06:05:25,973] {logging_mixin.py:104} INFO - [2021-06-11 06:05:25,973] {dag.py:2305} INFO - Setting next_dagrun for example_branch_dop_operator_v3 to 2021-06-09 00:00:00+00:00
[2021-06-11 06:05:25,983] {scheduler_job.py:190} INFO - Processing /home/airflow/.local/lib/python3.6/site-packages/airflow/example_dags/example_branch_python_dop_operator_3.py took 0.078 seconds
[2021-06-11 06:05:56,852] {scheduler_job.py:182} INFO - Started process (PID=4390) to work on /home/airflow/.local/lib/python3.6/site-packages/airflow/example_dags/example_branch_python_dop_operator_3.py
[2021-06-11 06:05:56,854] {scheduler_job.py:633} INFO - Processing file /home/airflow/.local/lib/python3.6/site-packages/airflow/example_dags/example_branch_python_dop_operator_3.py for tasks to queue
[2021-06-11 06:05:56,855] {logging_mixin.py:104} INFO - [2021-06-11 06:05:56,855] {dagbag.py:487} INFO - Filling up the DagBag from /home/airflow/.local/lib/python3.6/site-packages/airflow/example_dags/example_branch_python_dop_operator_3.py
[2021-06-11 06:05:56,870] {scheduler_job.py:643} INFO - DAG(s) dict_keys(['example_branch_dop_operator_v3']) retrieved from /home/airflow/.local/lib/python3.6/site-packages/airflow/example_dags/example_branch_python_dop_operator_3.py
[2021-06-11 06:05:56,893] {logging_mixin.py:104} INFO - [2021-06-11 06:05:56,893] {dag.py:1832} INFO - Sync 1 DAGs
[2021-06-11 06:05:56,918] {logging_mixin.py:104} INFO - [2021-06-11 06:05:56,918] {dag.py:2305} INFO - Setting next_dagrun for example_branch_dop_operator_v3 to 2021-06-09 00:00:00+00:00
[2021-06-11 06:05:56,929] {scheduler_job.py:190} INFO - Processing /home/airflow/.local/lib/python3.6/site-packages/airflow/example_dags/example_branch_python_dop_operator_3.py took 0.081 seconds
[2021-06-11 06:06:27,565] {scheduler_job.py:182} INFO - Started process (PID=4458) to work on /home/airflow/.local/lib/python3.6/site-packages/airflow/example_dags/example_branch_python_dop_operator_3.py
[2021-06-11 06:06:27,566] {scheduler_job.py:633} INFO - Processing file /home/airflow/.local/lib/python3.6/site-packages/airflow/example_dags/example_branch_python_dop_operator_3.py for tasks to queue
[2021-06-11 06:06:27,568] {logging_mixin.py:104} INFO - [2021-06-11 06:06:27,567] {dagbag.py:487} INFO - Filling up the DagBag from /home/airflow/.local/lib/python3.6/site-packages/airflow/example_dags/example_branch_python_dop_operator_3.py
[2021-06-11 06:06:27,585] {scheduler_job.py:643} INFO - DAG(s) dict_keys(['example_branch_dop_operator_v3']) retrieved from /home/airflow/.local/lib/python3.6/site-packages/airflow/example_dags/example_branch_python_dop_operator_3.py
[2021-06-11 06:06:27,610] {logging_mixin.py:104} INFO - [2021-06-11 06:06:27,610] {dag.py:1832} INFO - Sync 1 DAGs
[2021-06-11 06:06:27,633] {logging_mixin.py:104} INFO - [2021-06-11 06:06:27,633] {dag.py:2305} INFO - Setting next_dagrun for example_branch_dop_operator_v3 to 2021-06-09 00:00:00+00:00
[2021-06-11 06:06:27,644] {scheduler_job.py:190} INFO - Processing /home/airflow/.local/lib/python3.6/site-packages/airflow/example_dags/example_branch_python_dop_operator_3.py took 0.083 seconds
[2021-06-11 06:06:57,849] {scheduler_job.py:182} INFO - Started process (PID=4543) to work on /home/airflow/.local/lib/python3.6/site-packages/airflow/example_dags/example_branch_python_dop_operator_3.py
[2021-06-11 06:06:57,851] {scheduler_job.py:633} INFO - Processing file /home/airflow/.local/lib/python3.6/site-packages/airflow/example_dags/example_branch_python_dop_operator_3.py for tasks to queue
[2021-06-11 06:06:57,853] {logging_mixin.py:104} INFO - [2021-06-11 06:06:57,853] {dagbag.py:487} INFO - Filling up the DagBag from /home/airflow/.local/lib/python3.6/site-packages/airflow/example_dags/example_branch_python_dop_operator_3.py
[2021-06-11 06:06:57,871] {scheduler_job.py:643} INFO - DAG(s) dict_keys(['example_branch_dop_operator_v3']) retrieved from /home/airflow/.local/lib/python3.6/site-packages/airflow/example_dags/example_branch_python_dop_operator_3.py
[2021-06-11 06:06:57,895] {logging_mixin.py:104} INFO - [2021-06-11 06:06:57,894] {dag.py:1832} INFO - Sync 1 DAGs
[2021-06-11 06:06:57,921] {logging_mixin.py:104} INFO - [2021-06-11 06:06:57,921] {dag.py:2305} INFO - Setting next_dagrun for example_branch_dop_operator_v3 to 2021-06-09 00:00:00+00:00
[2021-06-11 06:06:57,935] {scheduler_job.py:190} INFO - Processing /home/airflow/.local/lib/python3.6/site-packages/airflow/example_dags/example_branch_python_dop_operator_3.py took 0.091 seconds
[2021-06-11 06:07:28,175] {scheduler_job.py:182} INFO - Started process (PID=4617) to work on /home/airflow/.local/lib/python3.6/site-packages/airflow/example_dags/example_branch_python_dop_operator_3.py
[2021-06-11 06:07:28,177] {scheduler_job.py:633} INFO - Processing file /home/airflow/.local/lib/python3.6/site-packages/airflow/example_dags/example_branch_python_dop_operator_3.py for tasks to queue
[2021-06-11 06:07:28,179] {logging_mixin.py:104} INFO - [2021-06-11 06:07:28,178] {dagbag.py:487} INFO - Filling up the DagBag from /home/airflow/.local/lib/python3.6/site-packages/airflow/example_dags/example_branch_python_dop_operator_3.py
[2021-06-11 06:07:28,198] {scheduler_job.py:643} INFO - DAG(s) dict_keys(['example_branch_dop_operator_v3']) retrieved from /home/airflow/.local/lib/python3.6/site-packages/airflow/example_dags/example_branch_python_dop_operator_3.py
[2021-06-11 06:07:28,230] {logging_mixin.py:104} INFO - [2021-06-11 06:07:28,230] {dag.py:1832} INFO - Sync 1 DAGs
[2021-06-11 06:07:28,260] {logging_mixin.py:104} INFO - [2021-06-11 06:07:28,260] {dag.py:2305} INFO - Setting next_dagrun for example_branch_dop_operator_v3 to 2021-06-09 00:00:00+00:00
[2021-06-11 06:07:28,280] {scheduler_job.py:190} INFO - Processing /home/airflow/.local/lib/python3.6/site-packages/airflow/example_dags/example_branch_python_dop_operator_3.py took 0.109 seconds
[2021-06-11 06:07:58,316] {scheduler_job.py:182} INFO - Started process (PID=4694) to work on /home/airflow/.local/lib/python3.6/site-packages/airflow/example_dags/example_branch_python_dop_operator_3.py
[2021-06-11 06:07:58,318] {scheduler_job.py:633} INFO - Processing file /home/airflow/.local/lib/python3.6/site-packages/airflow/example_dags/example_branch_python_dop_operator_3.py for tasks to queue
[2021-06-11 06:07:58,319] {logging_mixin.py:104} INFO - [2021-06-11 06:07:58,319] {dagbag.py:487} INFO - Filling up the DagBag from /home/airflow/.local/lib/python3.6/site-packages/airflow/example_dags/example_branch_python_dop_operator_3.py
[2021-06-11 06:07:58,335] {scheduler_job.py:643} INFO - DAG(s) dict_keys(['example_branch_dop_operator_v3']) retrieved from /home/airflow/.local/lib/python3.6/site-packages/airflow/example_dags/example_branch_python_dop_operator_3.py
[2021-06-11 06:07:58,361] {logging_mixin.py:104} INFO - [2021-06-11 06:07:58,361] {dag.py:1832} INFO - Sync 1 DAGs
[2021-06-11 06:07:58,387] {logging_mixin.py:104} INFO - [2021-06-11 06:07:58,387] {dag.py:2305} INFO - Setting next_dagrun for example_branch_dop_operator_v3 to 2021-06-09 00:00:00+00:00
[2021-06-11 06:07:58,400] {scheduler_job.py:190} INFO - Processing /home/airflow/.local/lib/python3.6/site-packages/airflow/example_dags/example_branch_python_dop_operator_3.py took 0.088 seconds
[2021-06-11 06:08:28,506] {scheduler_job.py:182} INFO - Started process (PID=4778) to work on /home/airflow/.local/lib/python3.6/site-packages/airflow/example_dags/example_branch_python_dop_operator_3.py
[2021-06-11 06:08:28,508] {scheduler_job.py:633} INFO - Processing file /home/airflow/.local/lib/python3.6/site-packages/airflow/example_dags/example_branch_python_dop_operator_3.py for tasks to queue
[2021-06-11 06:08:28,510] {logging_mixin.py:104} INFO - [2021-06-11 06:08:28,510] {dagbag.py:487} INFO - Filling up the DagBag from /home/airflow/.local/lib/python3.6/site-packages/airflow/example_dags/example_branch_python_dop_operator_3.py
[2021-06-11 06:08:28,530] {scheduler_job.py:643} INFO - DAG(s) dict_keys(['example_branch_dop_operator_v3']) retrieved from /home/airflow/.local/lib/python3.6/site-packages/airflow/example_dags/example_branch_python_dop_operator_3.py
[2021-06-11 06:08:28,563] {logging_mixin.py:104} INFO - [2021-06-11 06:08:28,562] {dag.py:1832} INFO - Sync 1 DAGs
[2021-06-11 06:08:28,588] {logging_mixin.py:104} INFO - [2021-06-11 06:08:28,588] {dag.py:2305} INFO - Setting next_dagrun for example_branch_dop_operator_v3 to 2021-06-09 00:00:00+00:00
[2021-06-11 06:08:28,599] {scheduler_job.py:190} INFO - Processing /home/airflow/.local/lib/python3.6/site-packages/airflow/example_dags/example_branch_python_dop_operator_3.py took 0.098 seconds
[2021-06-11 06:08:59,189] {scheduler_job.py:182} INFO - Started process (PID=4844) to work on /home/airflow/.local/lib/python3.6/site-packages/airflow/example_dags/example_branch_python_dop_operator_3.py
[2021-06-11 06:08:59,191] {scheduler_job.py:633} INFO - Processing file /home/airflow/.local/lib/python3.6/site-packages/airflow/example_dags/example_branch_python_dop_operator_3.py for tasks to queue
[2021-06-11 06:08:59,192] {logging_mixin.py:104} INFO - [2021-06-11 06:08:59,192] {dagbag.py:487} INFO - Filling up the DagBag from /home/airflow/.local/lib/python3.6/site-packages/airflow/example_dags/example_branch_python_dop_operator_3.py
[2021-06-11 06:08:59,206] {scheduler_job.py:643} INFO - DAG(s) dict_keys(['example_branch_dop_operator_v3']) retrieved from /home/airflow/.local/lib/python3.6/site-packages/airflow/example_dags/example_branch_python_dop_operator_3.py
[2021-06-11 06:08:59,229] {logging_mixin.py:104} INFO - [2021-06-11 06:08:59,228] {dag.py:1832} INFO - Sync 1 DAGs
[2021-06-11 06:08:59,251] {logging_mixin.py:104} INFO - [2021-06-11 06:08:59,251] {dag.py:2305} INFO - Setting next_dagrun for example_branch_dop_operator_v3 to 2021-06-09 00:00:00+00:00
[2021-06-11 06:08:59,262] {scheduler_job.py:190} INFO - Processing /home/airflow/.local/lib/python3.6/site-packages/airflow/example_dags/example_branch_python_dop_operator_3.py took 0.077 seconds
[2021-06-11 06:09:29,752] {scheduler_job.py:182} INFO - Started process (PID=4927) to work on /home/airflow/.local/lib/python3.6/site-packages/airflow/example_dags/example_branch_python_dop_operator_3.py
[2021-06-11 06:09:29,754] {scheduler_job.py:633} INFO - Processing file /home/airflow/.local/lib/python3.6/site-packages/airflow/example_dags/example_branch_python_dop_operator_3.py for tasks to queue
[2021-06-11 06:09:29,755] {logging_mixin.py:104} INFO - [2021-06-11 06:09:29,755] {dagbag.py:487} INFO - Filling up the DagBag from /home/airflow/.local/lib/python3.6/site-packages/airflow/example_dags/example_branch_python_dop_operator_3.py
[2021-06-11 06:09:29,769] {scheduler_job.py:643} INFO - DAG(s) dict_keys(['example_branch_dop_operator_v3']) retrieved from /home/airflow/.local/lib/python3.6/site-packages/airflow/example_dags/example_branch_python_dop_operator_3.py
[2021-06-11 06:09:29,789] {logging_mixin.py:104} INFO - [2021-06-11 06:09:29,789] {dag.py:1832} INFO - Sync 1 DAGs
[2021-06-11 06:09:29,810] {logging_mixin.py:104} INFO - [2021-06-11 06:09:29,810] {dag.py:2305} INFO - Setting next_dagrun for example_branch_dop_operator_v3 to 2021-06-09 00:00:00+00:00
[2021-06-11 06:09:29,821] {scheduler_job.py:190} INFO - Processing /home/airflow/.local/lib/python3.6/site-packages/airflow/example_dags/example_branch_python_dop_operator_3.py took 0.073 seconds
[2021-06-11 06:10:00,364] {scheduler_job.py:182} INFO - Started process (PID=5012) to work on /home/airflow/.local/lib/python3.6/site-packages/airflow/example_dags/example_branch_python_dop_operator_3.py
[2021-06-11 06:10:00,366] {scheduler_job.py:633} INFO - Processing file /home/airflow/.local/lib/python3.6/site-packages/airflow/example_dags/example_branch_python_dop_operator_3.py for tasks to queue
[2021-06-11 06:10:00,368] {logging_mixin.py:104} INFO - [2021-06-11 06:10:00,368] {dagbag.py:487} INFO - Filling up the DagBag from /home/airflow/.local/lib/python3.6/site-packages/airflow/example_dags/example_branch_python_dop_operator_3.py
[2021-06-11 06:10:00,382] {scheduler_job.py:643} INFO - DAG(s) dict_keys(['example_branch_dop_operator_v3']) retrieved from /home/airflow/.local/lib/python3.6/site-packages/airflow/example_dags/example_branch_python_dop_operator_3.py
[2021-06-11 06:10:00,405] {logging_mixin.py:104} INFO - [2021-06-11 06:10:00,405] {dag.py:1832} INFO - Sync 1 DAGs
[2021-06-11 06:10:00,428] {logging_mixin.py:104} INFO - [2021-06-11 06:10:00,428] {dag.py:2305} INFO - Setting next_dagrun for example_branch_dop_operator_v3 to 2021-06-09 00:00:00+00:00
[2021-06-11 06:10:00,438] {scheduler_job.py:190} INFO - Processing /home/airflow/.local/lib/python3.6/site-packages/airflow/example_dags/example_branch_python_dop_operator_3.py took 0.078 seconds
[2021-06-11 06:10:30,962] {scheduler_job.py:182} INFO - Started process (PID=5078) to work on /home/airflow/.local/lib/python3.6/site-packages/airflow/example_dags/example_branch_python_dop_operator_3.py
[2021-06-11 06:10:30,964] {scheduler_job.py:633} INFO - Processing file /home/airflow/.local/lib/python3.6/site-packages/airflow/example_dags/example_branch_python_dop_operator_3.py for tasks to queue
[2021-06-11 06:10:30,965] {logging_mixin.py:104} INFO - [2021-06-11 06:10:30,965] {dagbag.py:487} INFO - Filling up the DagBag from /home/airflow/.local/lib/python3.6/site-packages/airflow/example_dags/example_branch_python_dop_operator_3.py
[2021-06-11 06:10:30,982] {scheduler_job.py:643} INFO - DAG(s) dict_keys(['example_branch_dop_operator_v3']) retrieved from /home/airflow/.local/lib/python3.6/site-packages/airflow/example_dags/example_branch_python_dop_operator_3.py
[2021-06-11 06:10:31,010] {logging_mixin.py:104} INFO - [2021-06-11 06:10:31,010] {dag.py:1832} INFO - Sync 1 DAGs
[2021-06-11 06:10:31,035] {logging_mixin.py:104} INFO - [2021-06-11 06:10:31,035] {dag.py:2305} INFO - Setting next_dagrun for example_branch_dop_operator_v3 to 2021-06-09 00:00:00+00:00
[2021-06-11 06:10:31,050] {scheduler_job.py:190} INFO - Processing /home/airflow/.local/lib/python3.6/site-packages/airflow/example_dags/example_branch_python_dop_operator_3.py took 0.090 seconds
[2021-06-11 06:11:01,394] {scheduler_job.py:182} INFO - Started process (PID=5164) to work on /home/airflow/.local/lib/python3.6/site-packages/airflow/example_dags/example_branch_python_dop_operator_3.py
[2021-06-11 06:11:01,395] {scheduler_job.py:633} INFO - Processing file /home/airflow/.local/lib/python3.6/site-packages/airflow/example_dags/example_branch_python_dop_operator_3.py for tasks to queue
[2021-06-11 06:11:01,397] {logging_mixin.py:104} INFO - [2021-06-11 06:11:01,396] {dagbag.py:487} INFO - Filling up the DagBag from /home/airflow/.local/lib/python3.6/site-packages/airflow/example_dags/example_branch_python_dop_operator_3.py
[2021-06-11 06:11:01,418] {scheduler_job.py:643} INFO - DAG(s) dict_keys(['example_branch_dop_operator_v3']) retrieved from /home/airflow/.local/lib/python3.6/site-packages/airflow/example_dags/example_branch_python_dop_operator_3.py
[2021-06-11 06:11:01,446] {logging_mixin.py:104} INFO - [2021-06-11 06:11:01,446] {dag.py:1832} INFO - Sync 1 DAGs
[2021-06-11 06:11:01,482] {logging_mixin.py:104} INFO - [2021-06-11 06:11:01,481] {dag.py:2305} INFO - Setting next_dagrun for example_branch_dop_operator_v3 to 2021-06-09 00:00:00+00:00
[2021-06-11 06:11:01,500] {scheduler_job.py:190} INFO - Processing /home/airflow/.local/lib/python3.6/site-packages/airflow/example_dags/example_branch_python_dop_operator_3.py took 0.110 seconds
