[2021-06-11 05:37:54,144] {scheduler_job.py:182} INFO - Started process (PID=73) to work on /home/airflow/.local/lib/python3.6/site-packages/airflow/example_dags/example_short_circuit_operator.py
[2021-06-11 05:37:54,146] {scheduler_job.py:633} INFO - Processing file /home/airflow/.local/lib/python3.6/site-packages/airflow/example_dags/example_short_circuit_operator.py for tasks to queue
[2021-06-11 05:37:54,148] {logging_mixin.py:104} INFO - [2021-06-11 05:37:54,148] {dagbag.py:487} INFO - Filling up the DagBag from /home/airflow/.local/lib/python3.6/site-packages/airflow/example_dags/example_short_circuit_operator.py
[2021-06-11 05:37:54,163] {scheduler_job.py:643} INFO - DAG(s) dict_keys(['example_short_circuit_operator']) retrieved from /home/airflow/.local/lib/python3.6/site-packages/airflow/example_dags/example_short_circuit_operator.py
[2021-06-11 05:37:55,952] {logging_mixin.py:104} INFO - [2021-06-11 05:37:55,952] {dag.py:1832} INFO - Sync 1 DAGs
[2021-06-11 05:37:55,963] {logging_mixin.py:104} INFO - [2021-06-11 05:37:55,963] {dag.py:1851} INFO - Creating ORM DAG for example_short_circuit_operator
[2021-06-11 05:37:55,969] {logging_mixin.py:104} INFO - [2021-06-11 05:37:55,969] {dag.py:2305} INFO - Setting next_dagrun for example_short_circuit_operator to 2021-06-09 00:00:00+00:00
[2021-06-11 05:37:55,980] {scheduler_job.py:190} INFO - Processing /home/airflow/.local/lib/python3.6/site-packages/airflow/example_dags/example_short_circuit_operator.py took 1.840 seconds
[2021-06-11 05:38:26,832] {scheduler_job.py:182} INFO - Started process (PID=176) to work on /home/airflow/.local/lib/python3.6/site-packages/airflow/example_dags/example_short_circuit_operator.py
[2021-06-11 05:38:26,834] {scheduler_job.py:633} INFO - Processing file /home/airflow/.local/lib/python3.6/site-packages/airflow/example_dags/example_short_circuit_operator.py for tasks to queue
[2021-06-11 05:38:26,836] {logging_mixin.py:104} INFO - [2021-06-11 05:38:26,836] {dagbag.py:487} INFO - Filling up the DagBag from /home/airflow/.local/lib/python3.6/site-packages/airflow/example_dags/example_short_circuit_operator.py
[2021-06-11 05:38:26,853] {scheduler_job.py:643} INFO - DAG(s) dict_keys(['example_short_circuit_operator']) retrieved from /home/airflow/.local/lib/python3.6/site-packages/airflow/example_dags/example_short_circuit_operator.py
[2021-06-11 05:38:26,874] {logging_mixin.py:104} INFO - [2021-06-11 05:38:26,874] {dag.py:1832} INFO - Sync 1 DAGs
[2021-06-11 05:38:26,890] {logging_mixin.py:104} INFO - [2021-06-11 05:38:26,890] {dag.py:2305} INFO - Setting next_dagrun for example_short_circuit_operator to 2021-06-09 00:00:00+00:00
[2021-06-11 05:38:26,900] {scheduler_job.py:190} INFO - Processing /home/airflow/.local/lib/python3.6/site-packages/airflow/example_dags/example_short_circuit_operator.py took 0.072 seconds
[2021-06-11 05:38:57,407] {scheduler_job.py:182} INFO - Started process (PID=251) to work on /home/airflow/.local/lib/python3.6/site-packages/airflow/example_dags/example_short_circuit_operator.py
[2021-06-11 05:38:57,413] {scheduler_job.py:633} INFO - Processing file /home/airflow/.local/lib/python3.6/site-packages/airflow/example_dags/example_short_circuit_operator.py for tasks to queue
[2021-06-11 05:38:57,415] {logging_mixin.py:104} INFO - [2021-06-11 05:38:57,415] {dagbag.py:487} INFO - Filling up the DagBag from /home/airflow/.local/lib/python3.6/site-packages/airflow/example_dags/example_short_circuit_operator.py
[2021-06-11 05:38:57,432] {scheduler_job.py:643} INFO - DAG(s) dict_keys(['example_short_circuit_operator']) retrieved from /home/airflow/.local/lib/python3.6/site-packages/airflow/example_dags/example_short_circuit_operator.py
[2021-06-11 05:38:57,460] {logging_mixin.py:104} INFO - [2021-06-11 05:38:57,460] {dag.py:1832} INFO - Sync 1 DAGs
[2021-06-11 05:38:57,483] {logging_mixin.py:104} INFO - [2021-06-11 05:38:57,483] {dag.py:2305} INFO - Setting next_dagrun for example_short_circuit_operator to 2021-06-09 00:00:00+00:00
[2021-06-11 05:38:57,500] {scheduler_job.py:190} INFO - Processing /home/airflow/.local/lib/python3.6/site-packages/airflow/example_dags/example_short_circuit_operator.py took 0.096 seconds
[2021-06-11 05:39:27,546] {scheduler_job.py:182} INFO - Started process (PID=325) to work on /home/airflow/.local/lib/python3.6/site-packages/airflow/example_dags/example_short_circuit_operator.py
[2021-06-11 05:39:27,547] {scheduler_job.py:633} INFO - Processing file /home/airflow/.local/lib/python3.6/site-packages/airflow/example_dags/example_short_circuit_operator.py for tasks to queue
[2021-06-11 05:39:27,549] {logging_mixin.py:104} INFO - [2021-06-11 05:39:27,548] {dagbag.py:487} INFO - Filling up the DagBag from /home/airflow/.local/lib/python3.6/site-packages/airflow/example_dags/example_short_circuit_operator.py
[2021-06-11 05:39:27,565] {scheduler_job.py:643} INFO - DAG(s) dict_keys(['example_short_circuit_operator']) retrieved from /home/airflow/.local/lib/python3.6/site-packages/airflow/example_dags/example_short_circuit_operator.py
[2021-06-11 05:39:27,591] {logging_mixin.py:104} INFO - [2021-06-11 05:39:27,590] {dag.py:1832} INFO - Sync 1 DAGs
[2021-06-11 05:39:27,605] {logging_mixin.py:104} INFO - [2021-06-11 05:39:27,605] {dag.py:2305} INFO - Setting next_dagrun for example_short_circuit_operator to 2021-06-09 00:00:00+00:00
[2021-06-11 05:39:27,616] {scheduler_job.py:190} INFO - Processing /home/airflow/.local/lib/python3.6/site-packages/airflow/example_dags/example_short_circuit_operator.py took 0.075 seconds
[2021-06-11 05:39:58,389] {scheduler_job.py:182} INFO - Started process (PID=411) to work on /home/airflow/.local/lib/python3.6/site-packages/airflow/example_dags/example_short_circuit_operator.py
[2021-06-11 05:39:58,393] {scheduler_job.py:633} INFO - Processing file /home/airflow/.local/lib/python3.6/site-packages/airflow/example_dags/example_short_circuit_operator.py for tasks to queue
[2021-06-11 05:39:58,397] {logging_mixin.py:104} INFO - [2021-06-11 05:39:58,395] {dagbag.py:487} INFO - Filling up the DagBag from /home/airflow/.local/lib/python3.6/site-packages/airflow/example_dags/example_short_circuit_operator.py
[2021-06-11 05:39:58,414] {scheduler_job.py:643} INFO - DAG(s) dict_keys(['example_short_circuit_operator']) retrieved from /home/airflow/.local/lib/python3.6/site-packages/airflow/example_dags/example_short_circuit_operator.py
[2021-06-11 05:39:58,446] {logging_mixin.py:104} INFO - [2021-06-11 05:39:58,446] {dag.py:1832} INFO - Sync 1 DAGs
[2021-06-11 05:39:58,466] {logging_mixin.py:104} INFO - [2021-06-11 05:39:58,465] {dag.py:2305} INFO - Setting next_dagrun for example_short_circuit_operator to 2021-06-09 00:00:00+00:00
[2021-06-11 05:39:58,481] {scheduler_job.py:190} INFO - Processing /home/airflow/.local/lib/python3.6/site-packages/airflow/example_dags/example_short_circuit_operator.py took 0.096 seconds
[2021-06-11 05:40:28,716] {scheduler_job.py:182} INFO - Started process (PID=495) to work on /home/airflow/.local/lib/python3.6/site-packages/airflow/example_dags/example_short_circuit_operator.py
[2021-06-11 05:40:28,718] {scheduler_job.py:633} INFO - Processing file /home/airflow/.local/lib/python3.6/site-packages/airflow/example_dags/example_short_circuit_operator.py for tasks to queue
[2021-06-11 05:40:28,719] {logging_mixin.py:104} INFO - [2021-06-11 05:40:28,718] {dagbag.py:487} INFO - Filling up the DagBag from /home/airflow/.local/lib/python3.6/site-packages/airflow/example_dags/example_short_circuit_operator.py
[2021-06-11 05:40:28,732] {scheduler_job.py:643} INFO - DAG(s) dict_keys(['example_short_circuit_operator']) retrieved from /home/airflow/.local/lib/python3.6/site-packages/airflow/example_dags/example_short_circuit_operator.py
[2021-06-11 05:40:28,754] {logging_mixin.py:104} INFO - [2021-06-11 05:40:28,754] {dag.py:1832} INFO - Sync 1 DAGs
[2021-06-11 05:40:28,769] {logging_mixin.py:104} INFO - [2021-06-11 05:40:28,769] {dag.py:2305} INFO - Setting next_dagrun for example_short_circuit_operator to 2021-06-09 00:00:00+00:00
[2021-06-11 05:40:28,779] {scheduler_job.py:190} INFO - Processing /home/airflow/.local/lib/python3.6/site-packages/airflow/example_dags/example_short_circuit_operator.py took 0.067 seconds
[2021-06-11 05:40:59,203] {scheduler_job.py:182} INFO - Started process (PID=561) to work on /home/airflow/.local/lib/python3.6/site-packages/airflow/example_dags/example_short_circuit_operator.py
[2021-06-11 05:40:59,204] {scheduler_job.py:633} INFO - Processing file /home/airflow/.local/lib/python3.6/site-packages/airflow/example_dags/example_short_circuit_operator.py for tasks to queue
[2021-06-11 05:40:59,205] {logging_mixin.py:104} INFO - [2021-06-11 05:40:59,205] {dagbag.py:487} INFO - Filling up the DagBag from /home/airflow/.local/lib/python3.6/site-packages/airflow/example_dags/example_short_circuit_operator.py
[2021-06-11 05:40:59,217] {scheduler_job.py:643} INFO - DAG(s) dict_keys(['example_short_circuit_operator']) retrieved from /home/airflow/.local/lib/python3.6/site-packages/airflow/example_dags/example_short_circuit_operator.py
[2021-06-11 05:40:59,240] {logging_mixin.py:104} INFO - [2021-06-11 05:40:59,240] {dag.py:1832} INFO - Sync 1 DAGs
[2021-06-11 05:40:59,256] {logging_mixin.py:104} INFO - [2021-06-11 05:40:59,256] {dag.py:2305} INFO - Setting next_dagrun for example_short_circuit_operator to 2021-06-09 00:00:00+00:00
[2021-06-11 05:40:59,265] {scheduler_job.py:190} INFO - Processing /home/airflow/.local/lib/python3.6/site-packages/airflow/example_dags/example_short_circuit_operator.py took 0.065 seconds
[2021-06-11 05:41:29,780] {scheduler_job.py:182} INFO - Started process (PID=644) to work on /home/airflow/.local/lib/python3.6/site-packages/airflow/example_dags/example_short_circuit_operator.py
[2021-06-11 05:41:29,782] {scheduler_job.py:633} INFO - Processing file /home/airflow/.local/lib/python3.6/site-packages/airflow/example_dags/example_short_circuit_operator.py for tasks to queue
[2021-06-11 05:41:29,783] {logging_mixin.py:104} INFO - [2021-06-11 05:41:29,783] {dagbag.py:487} INFO - Filling up the DagBag from /home/airflow/.local/lib/python3.6/site-packages/airflow/example_dags/example_short_circuit_operator.py
[2021-06-11 05:41:29,800] {scheduler_job.py:643} INFO - DAG(s) dict_keys(['example_short_circuit_operator']) retrieved from /home/airflow/.local/lib/python3.6/site-packages/airflow/example_dags/example_short_circuit_operator.py
[2021-06-11 05:41:29,833] {logging_mixin.py:104} INFO - [2021-06-11 05:41:29,833] {dag.py:1832} INFO - Sync 1 DAGs
[2021-06-11 05:41:29,852] {logging_mixin.py:104} INFO - [2021-06-11 05:41:29,852] {dag.py:2305} INFO - Setting next_dagrun for example_short_circuit_operator to 2021-06-09 00:00:00+00:00
[2021-06-11 05:41:29,863] {scheduler_job.py:190} INFO - Processing /home/airflow/.local/lib/python3.6/site-packages/airflow/example_dags/example_short_circuit_operator.py took 0.087 seconds
[2021-06-11 05:42:00,121] {scheduler_job.py:182} INFO - Started process (PID=721) to work on /home/airflow/.local/lib/python3.6/site-packages/airflow/example_dags/example_short_circuit_operator.py
[2021-06-11 05:42:00,122] {scheduler_job.py:633} INFO - Processing file /home/airflow/.local/lib/python3.6/site-packages/airflow/example_dags/example_short_circuit_operator.py for tasks to queue
[2021-06-11 05:42:00,123] {logging_mixin.py:104} INFO - [2021-06-11 05:42:00,123] {dagbag.py:487} INFO - Filling up the DagBag from /home/airflow/.local/lib/python3.6/site-packages/airflow/example_dags/example_short_circuit_operator.py
[2021-06-11 05:42:00,137] {scheduler_job.py:643} INFO - DAG(s) dict_keys(['example_short_circuit_operator']) retrieved from /home/airflow/.local/lib/python3.6/site-packages/airflow/example_dags/example_short_circuit_operator.py
[2021-06-11 05:42:00,161] {logging_mixin.py:104} INFO - [2021-06-11 05:42:00,161] {dag.py:1832} INFO - Sync 1 DAGs
[2021-06-11 05:42:00,178] {logging_mixin.py:104} INFO - [2021-06-11 05:42:00,177] {dag.py:2305} INFO - Setting next_dagrun for example_short_circuit_operator to 2021-06-09 00:00:00+00:00
[2021-06-11 05:42:00,189] {scheduler_job.py:190} INFO - Processing /home/airflow/.local/lib/python3.6/site-packages/airflow/example_dags/example_short_circuit_operator.py took 0.072 seconds
[2021-06-11 05:42:30,924] {scheduler_job.py:182} INFO - Started process (PID=795) to work on /home/airflow/.local/lib/python3.6/site-packages/airflow/example_dags/example_short_circuit_operator.py
[2021-06-11 05:42:30,926] {scheduler_job.py:633} INFO - Processing file /home/airflow/.local/lib/python3.6/site-packages/airflow/example_dags/example_short_circuit_operator.py for tasks to queue
[2021-06-11 05:42:30,928] {logging_mixin.py:104} INFO - [2021-06-11 05:42:30,928] {dagbag.py:487} INFO - Filling up the DagBag from /home/airflow/.local/lib/python3.6/site-packages/airflow/example_dags/example_short_circuit_operator.py
[2021-06-11 05:42:30,944] {scheduler_job.py:643} INFO - DAG(s) dict_keys(['example_short_circuit_operator']) retrieved from /home/airflow/.local/lib/python3.6/site-packages/airflow/example_dags/example_short_circuit_operator.py
[2021-06-11 05:42:30,970] {logging_mixin.py:104} INFO - [2021-06-11 05:42:30,970] {dag.py:1832} INFO - Sync 1 DAGs
[2021-06-11 05:42:30,988] {logging_mixin.py:104} INFO - [2021-06-11 05:42:30,988] {dag.py:2305} INFO - Setting next_dagrun for example_short_circuit_operator to 2021-06-09 00:00:00+00:00
[2021-06-11 05:42:31,009] {scheduler_job.py:190} INFO - Processing /home/airflow/.local/lib/python3.6/site-packages/airflow/example_dags/example_short_circuit_operator.py took 0.088 seconds
[2021-06-11 05:43:01,204] {scheduler_job.py:182} INFO - Started process (PID=880) to work on /home/airflow/.local/lib/python3.6/site-packages/airflow/example_dags/example_short_circuit_operator.py
[2021-06-11 05:43:01,205] {scheduler_job.py:633} INFO - Processing file /home/airflow/.local/lib/python3.6/site-packages/airflow/example_dags/example_short_circuit_operator.py for tasks to queue
[2021-06-11 05:43:01,206] {logging_mixin.py:104} INFO - [2021-06-11 05:43:01,206] {dagbag.py:487} INFO - Filling up the DagBag from /home/airflow/.local/lib/python3.6/site-packages/airflow/example_dags/example_short_circuit_operator.py
[2021-06-11 05:43:01,221] {scheduler_job.py:643} INFO - DAG(s) dict_keys(['example_short_circuit_operator']) retrieved from /home/airflow/.local/lib/python3.6/site-packages/airflow/example_dags/example_short_circuit_operator.py
[2021-06-11 05:43:01,245] {logging_mixin.py:104} INFO - [2021-06-11 05:43:01,245] {dag.py:1832} INFO - Sync 1 DAGs
[2021-06-11 05:43:01,261] {logging_mixin.py:104} INFO - [2021-06-11 05:43:01,261] {dag.py:2305} INFO - Setting next_dagrun for example_short_circuit_operator to 2021-06-09 00:00:00+00:00
[2021-06-11 05:43:01,271] {scheduler_job.py:190} INFO - Processing /home/airflow/.local/lib/python3.6/site-packages/airflow/example_dags/example_short_circuit_operator.py took 0.071 seconds
[2021-06-11 05:43:31,884] {scheduler_job.py:182} INFO - Started process (PID=946) to work on /home/airflow/.local/lib/python3.6/site-packages/airflow/example_dags/example_short_circuit_operator.py
[2021-06-11 05:43:31,886] {scheduler_job.py:633} INFO - Processing file /home/airflow/.local/lib/python3.6/site-packages/airflow/example_dags/example_short_circuit_operator.py for tasks to queue
[2021-06-11 05:43:31,888] {logging_mixin.py:104} INFO - [2021-06-11 05:43:31,887] {dagbag.py:487} INFO - Filling up the DagBag from /home/airflow/.local/lib/python3.6/site-packages/airflow/example_dags/example_short_circuit_operator.py
[2021-06-11 05:43:31,902] {scheduler_job.py:643} INFO - DAG(s) dict_keys(['example_short_circuit_operator']) retrieved from /home/airflow/.local/lib/python3.6/site-packages/airflow/example_dags/example_short_circuit_operator.py
[2021-06-11 05:43:31,931] {logging_mixin.py:104} INFO - [2021-06-11 05:43:31,931] {dag.py:1832} INFO - Sync 1 DAGs
[2021-06-11 05:43:31,948] {logging_mixin.py:104} INFO - [2021-06-11 05:43:31,948] {dag.py:2305} INFO - Setting next_dagrun for example_short_circuit_operator to 2021-06-09 00:00:00+00:00
[2021-06-11 05:43:31,959] {scheduler_job.py:190} INFO - Processing /home/airflow/.local/lib/python3.6/site-packages/airflow/example_dags/example_short_circuit_operator.py took 0.078 seconds
[2021-06-11 05:44:02,622] {scheduler_job.py:182} INFO - Started process (PID=1029) to work on /home/airflow/.local/lib/python3.6/site-packages/airflow/example_dags/example_short_circuit_operator.py
[2021-06-11 05:44:02,623] {scheduler_job.py:633} INFO - Processing file /home/airflow/.local/lib/python3.6/site-packages/airflow/example_dags/example_short_circuit_operator.py for tasks to queue
[2021-06-11 05:44:02,624] {logging_mixin.py:104} INFO - [2021-06-11 05:44:02,624] {dagbag.py:487} INFO - Filling up the DagBag from /home/airflow/.local/lib/python3.6/site-packages/airflow/example_dags/example_short_circuit_operator.py
[2021-06-11 05:44:02,639] {scheduler_job.py:643} INFO - DAG(s) dict_keys(['example_short_circuit_operator']) retrieved from /home/airflow/.local/lib/python3.6/site-packages/airflow/example_dags/example_short_circuit_operator.py
[2021-06-11 05:44:02,668] {logging_mixin.py:104} INFO - [2021-06-11 05:44:02,668] {dag.py:1832} INFO - Sync 1 DAGs
[2021-06-11 05:44:02,684] {logging_mixin.py:104} INFO - [2021-06-11 05:44:02,684] {dag.py:2305} INFO - Setting next_dagrun for example_short_circuit_operator to 2021-06-09 00:00:00+00:00
[2021-06-11 05:44:02,698] {scheduler_job.py:190} INFO - Processing /home/airflow/.local/lib/python3.6/site-packages/airflow/example_dags/example_short_circuit_operator.py took 0.080 seconds
[2021-06-11 05:44:33,447] {scheduler_job.py:182} INFO - Started process (PID=1112) to work on /home/airflow/.local/lib/python3.6/site-packages/airflow/example_dags/example_short_circuit_operator.py
[2021-06-11 05:44:33,449] {scheduler_job.py:633} INFO - Processing file /home/airflow/.local/lib/python3.6/site-packages/airflow/example_dags/example_short_circuit_operator.py for tasks to queue
[2021-06-11 05:44:33,450] {logging_mixin.py:104} INFO - [2021-06-11 05:44:33,450] {dagbag.py:487} INFO - Filling up the DagBag from /home/airflow/.local/lib/python3.6/site-packages/airflow/example_dags/example_short_circuit_operator.py
[2021-06-11 05:44:33,463] {scheduler_job.py:643} INFO - DAG(s) dict_keys(['example_short_circuit_operator']) retrieved from /home/airflow/.local/lib/python3.6/site-packages/airflow/example_dags/example_short_circuit_operator.py
[2021-06-11 05:44:33,486] {logging_mixin.py:104} INFO - [2021-06-11 05:44:33,486] {dag.py:1832} INFO - Sync 1 DAGs
[2021-06-11 05:44:33,502] {logging_mixin.py:104} INFO - [2021-06-11 05:44:33,502] {dag.py:2305} INFO - Setting next_dagrun for example_short_circuit_operator to 2021-06-09 00:00:00+00:00
[2021-06-11 05:44:33,515] {scheduler_job.py:190} INFO - Processing /home/airflow/.local/lib/python3.6/site-packages/airflow/example_dags/example_short_circuit_operator.py took 0.072 seconds
[2021-06-11 05:45:03,538] {scheduler_job.py:182} INFO - Started process (PID=1177) to work on /home/airflow/.local/lib/python3.6/site-packages/airflow/example_dags/example_short_circuit_operator.py
[2021-06-11 05:45:03,540] {scheduler_job.py:633} INFO - Processing file /home/airflow/.local/lib/python3.6/site-packages/airflow/example_dags/example_short_circuit_operator.py for tasks to queue
[2021-06-11 05:45:03,541] {logging_mixin.py:104} INFO - [2021-06-11 05:45:03,541] {dagbag.py:487} INFO - Filling up the DagBag from /home/airflow/.local/lib/python3.6/site-packages/airflow/example_dags/example_short_circuit_operator.py
[2021-06-11 05:45:03,554] {scheduler_job.py:643} INFO - DAG(s) dict_keys(['example_short_circuit_operator']) retrieved from /home/airflow/.local/lib/python3.6/site-packages/airflow/example_dags/example_short_circuit_operator.py
[2021-06-11 05:45:03,576] {logging_mixin.py:104} INFO - [2021-06-11 05:45:03,576] {dag.py:1832} INFO - Sync 1 DAGs
[2021-06-11 05:45:03,592] {logging_mixin.py:104} INFO - [2021-06-11 05:45:03,592] {dag.py:2305} INFO - Setting next_dagrun for example_short_circuit_operator to 2021-06-09 00:00:00+00:00
[2021-06-11 05:45:03,603] {scheduler_job.py:190} INFO - Processing /home/airflow/.local/lib/python3.6/site-packages/airflow/example_dags/example_short_circuit_operator.py took 0.069 seconds
[2021-06-11 05:45:34,033] {scheduler_job.py:182} INFO - Started process (PID=1263) to work on /home/airflow/.local/lib/python3.6/site-packages/airflow/example_dags/example_short_circuit_operator.py
[2021-06-11 05:45:34,035] {scheduler_job.py:633} INFO - Processing file /home/airflow/.local/lib/python3.6/site-packages/airflow/example_dags/example_short_circuit_operator.py for tasks to queue
[2021-06-11 05:45:34,037] {logging_mixin.py:104} INFO - [2021-06-11 05:45:34,037] {dagbag.py:487} INFO - Filling up the DagBag from /home/airflow/.local/lib/python3.6/site-packages/airflow/example_dags/example_short_circuit_operator.py
[2021-06-11 05:45:34,052] {scheduler_job.py:643} INFO - DAG(s) dict_keys(['example_short_circuit_operator']) retrieved from /home/airflow/.local/lib/python3.6/site-packages/airflow/example_dags/example_short_circuit_operator.py
[2021-06-11 05:45:34,082] {logging_mixin.py:104} INFO - [2021-06-11 05:45:34,082] {dag.py:1832} INFO - Sync 1 DAGs
[2021-06-11 05:45:34,103] {logging_mixin.py:104} INFO - [2021-06-11 05:45:34,103] {dag.py:2305} INFO - Setting next_dagrun for example_short_circuit_operator to 2021-06-09 00:00:00+00:00
[2021-06-11 05:45:34,117] {scheduler_job.py:190} INFO - Processing /home/airflow/.local/lib/python3.6/site-packages/airflow/example_dags/example_short_circuit_operator.py took 0.087 seconds
[2021-06-11 05:46:04,172] {scheduler_job.py:182} INFO - Started process (PID=1346) to work on /home/airflow/.local/lib/python3.6/site-packages/airflow/example_dags/example_short_circuit_operator.py
[2021-06-11 05:46:04,173] {scheduler_job.py:633} INFO - Processing file /home/airflow/.local/lib/python3.6/site-packages/airflow/example_dags/example_short_circuit_operator.py for tasks to queue
[2021-06-11 05:46:04,174] {logging_mixin.py:104} INFO - [2021-06-11 05:46:04,174] {dagbag.py:487} INFO - Filling up the DagBag from /home/airflow/.local/lib/python3.6/site-packages/airflow/example_dags/example_short_circuit_operator.py
[2021-06-11 05:46:04,188] {scheduler_job.py:643} INFO - DAG(s) dict_keys(['example_short_circuit_operator']) retrieved from /home/airflow/.local/lib/python3.6/site-packages/airflow/example_dags/example_short_circuit_operator.py
[2021-06-11 05:46:04,210] {logging_mixin.py:104} INFO - [2021-06-11 05:46:04,210] {dag.py:1832} INFO - Sync 1 DAGs
[2021-06-11 05:46:04,226] {logging_mixin.py:104} INFO - [2021-06-11 05:46:04,226] {dag.py:2305} INFO - Setting next_dagrun for example_short_circuit_operator to 2021-06-09 00:00:00+00:00
[2021-06-11 05:46:04,236] {scheduler_job.py:190} INFO - Processing /home/airflow/.local/lib/python3.6/site-packages/airflow/example_dags/example_short_circuit_operator.py took 0.068 seconds
[2021-06-11 05:46:34,337] {scheduler_job.py:182} INFO - Started process (PID=1412) to work on /home/airflow/.local/lib/python3.6/site-packages/airflow/example_dags/example_short_circuit_operator.py
[2021-06-11 05:46:34,339] {scheduler_job.py:633} INFO - Processing file /home/airflow/.local/lib/python3.6/site-packages/airflow/example_dags/example_short_circuit_operator.py for tasks to queue
[2021-06-11 05:46:34,340] {logging_mixin.py:104} INFO - [2021-06-11 05:46:34,340] {dagbag.py:487} INFO - Filling up the DagBag from /home/airflow/.local/lib/python3.6/site-packages/airflow/example_dags/example_short_circuit_operator.py
[2021-06-11 05:46:34,355] {scheduler_job.py:643} INFO - DAG(s) dict_keys(['example_short_circuit_operator']) retrieved from /home/airflow/.local/lib/python3.6/site-packages/airflow/example_dags/example_short_circuit_operator.py
[2021-06-11 05:46:34,380] {logging_mixin.py:104} INFO - [2021-06-11 05:46:34,380] {dag.py:1832} INFO - Sync 1 DAGs
[2021-06-11 05:46:34,399] {logging_mixin.py:104} INFO - [2021-06-11 05:46:34,399] {dag.py:2305} INFO - Setting next_dagrun for example_short_circuit_operator to 2021-06-09 00:00:00+00:00
[2021-06-11 05:46:34,410] {scheduler_job.py:190} INFO - Processing /home/airflow/.local/lib/python3.6/site-packages/airflow/example_dags/example_short_circuit_operator.py took 0.077 seconds
[2021-06-11 05:47:04,728] {scheduler_job.py:182} INFO - Started process (PID=1496) to work on /home/airflow/.local/lib/python3.6/site-packages/airflow/example_dags/example_short_circuit_operator.py
[2021-06-11 05:47:04,730] {scheduler_job.py:633} INFO - Processing file /home/airflow/.local/lib/python3.6/site-packages/airflow/example_dags/example_short_circuit_operator.py for tasks to queue
[2021-06-11 05:47:04,732] {logging_mixin.py:104} INFO - [2021-06-11 05:47:04,732] {dagbag.py:487} INFO - Filling up the DagBag from /home/airflow/.local/lib/python3.6/site-packages/airflow/example_dags/example_short_circuit_operator.py
[2021-06-11 05:47:04,749] {scheduler_job.py:643} INFO - DAG(s) dict_keys(['example_short_circuit_operator']) retrieved from /home/airflow/.local/lib/python3.6/site-packages/airflow/example_dags/example_short_circuit_operator.py
[2021-06-11 05:47:04,775] {logging_mixin.py:104} INFO - [2021-06-11 05:47:04,775] {dag.py:1832} INFO - Sync 1 DAGs
[2021-06-11 05:47:04,793] {logging_mixin.py:104} INFO - [2021-06-11 05:47:04,793] {dag.py:2305} INFO - Setting next_dagrun for example_short_circuit_operator to 2021-06-09 00:00:00+00:00
[2021-06-11 05:47:04,803] {scheduler_job.py:190} INFO - Processing /home/airflow/.local/lib/python3.6/site-packages/airflow/example_dags/example_short_circuit_operator.py took 0.080 seconds
[2021-06-11 05:47:35,099] {scheduler_job.py:182} INFO - Started process (PID=1570) to work on /home/airflow/.local/lib/python3.6/site-packages/airflow/example_dags/example_short_circuit_operator.py
[2021-06-11 05:47:35,102] {scheduler_job.py:633} INFO - Processing file /home/airflow/.local/lib/python3.6/site-packages/airflow/example_dags/example_short_circuit_operator.py for tasks to queue
[2021-06-11 05:47:35,104] {logging_mixin.py:104} INFO - [2021-06-11 05:47:35,104] {dagbag.py:487} INFO - Filling up the DagBag from /home/airflow/.local/lib/python3.6/site-packages/airflow/example_dags/example_short_circuit_operator.py
[2021-06-11 05:47:35,119] {scheduler_job.py:643} INFO - DAG(s) dict_keys(['example_short_circuit_operator']) retrieved from /home/airflow/.local/lib/python3.6/site-packages/airflow/example_dags/example_short_circuit_operator.py
[2021-06-11 05:47:35,147] {logging_mixin.py:104} INFO - [2021-06-11 05:47:35,147] {dag.py:1832} INFO - Sync 1 DAGs
[2021-06-11 05:47:35,164] {logging_mixin.py:104} INFO - [2021-06-11 05:47:35,164] {dag.py:2305} INFO - Setting next_dagrun for example_short_circuit_operator to 2021-06-09 00:00:00+00:00
[2021-06-11 05:47:35,177] {scheduler_job.py:190} INFO - Processing /home/airflow/.local/lib/python3.6/site-packages/airflow/example_dags/example_short_circuit_operator.py took 0.084 seconds
[2021-06-11 05:48:05,263] {scheduler_job.py:182} INFO - Started process (PID=1647) to work on /home/airflow/.local/lib/python3.6/site-packages/airflow/example_dags/example_short_circuit_operator.py
[2021-06-11 05:48:05,266] {scheduler_job.py:633} INFO - Processing file /home/airflow/.local/lib/python3.6/site-packages/airflow/example_dags/example_short_circuit_operator.py for tasks to queue
[2021-06-11 05:48:05,267] {logging_mixin.py:104} INFO - [2021-06-11 05:48:05,267] {dagbag.py:487} INFO - Filling up the DagBag from /home/airflow/.local/lib/python3.6/site-packages/airflow/example_dags/example_short_circuit_operator.py
[2021-06-11 05:48:05,282] {scheduler_job.py:643} INFO - DAG(s) dict_keys(['example_short_circuit_operator']) retrieved from /home/airflow/.local/lib/python3.6/site-packages/airflow/example_dags/example_short_circuit_operator.py
[2021-06-11 05:48:05,306] {logging_mixin.py:104} INFO - [2021-06-11 05:48:05,305] {dag.py:1832} INFO - Sync 1 DAGs
[2021-06-11 05:48:05,323] {logging_mixin.py:104} INFO - [2021-06-11 05:48:05,323] {dag.py:2305} INFO - Setting next_dagrun for example_short_circuit_operator to 2021-06-09 00:00:00+00:00
[2021-06-11 05:48:05,334] {scheduler_job.py:190} INFO - Processing /home/airflow/.local/lib/python3.6/site-packages/airflow/example_dags/example_short_circuit_operator.py took 0.074 seconds
[2021-06-11 05:48:36,188] {scheduler_job.py:182} INFO - Started process (PID=1733) to work on /home/airflow/.local/lib/python3.6/site-packages/airflow/example_dags/example_short_circuit_operator.py
[2021-06-11 05:48:36,189] {scheduler_job.py:633} INFO - Processing file /home/airflow/.local/lib/python3.6/site-packages/airflow/example_dags/example_short_circuit_operator.py for tasks to queue
[2021-06-11 05:48:36,191] {logging_mixin.py:104} INFO - [2021-06-11 05:48:36,190] {dagbag.py:487} INFO - Filling up the DagBag from /home/airflow/.local/lib/python3.6/site-packages/airflow/example_dags/example_short_circuit_operator.py
[2021-06-11 05:48:36,204] {scheduler_job.py:643} INFO - DAG(s) dict_keys(['example_short_circuit_operator']) retrieved from /home/airflow/.local/lib/python3.6/site-packages/airflow/example_dags/example_short_circuit_operator.py
[2021-06-11 05:48:36,227] {logging_mixin.py:104} INFO - [2021-06-11 05:48:36,227] {dag.py:1832} INFO - Sync 1 DAGs
[2021-06-11 05:48:36,243] {logging_mixin.py:104} INFO - [2021-06-11 05:48:36,243] {dag.py:2305} INFO - Setting next_dagrun for example_short_circuit_operator to 2021-06-09 00:00:00+00:00
[2021-06-11 05:48:36,253] {scheduler_job.py:190} INFO - Processing /home/airflow/.local/lib/python3.6/site-packages/airflow/example_dags/example_short_circuit_operator.py took 0.069 seconds
[2021-06-11 05:49:06,276] {scheduler_job.py:182} INFO - Started process (PID=1799) to work on /home/airflow/.local/lib/python3.6/site-packages/airflow/example_dags/example_short_circuit_operator.py
[2021-06-11 05:49:06,278] {scheduler_job.py:633} INFO - Processing file /home/airflow/.local/lib/python3.6/site-packages/airflow/example_dags/example_short_circuit_operator.py for tasks to queue
[2021-06-11 05:49:06,279] {logging_mixin.py:104} INFO - [2021-06-11 05:49:06,279] {dagbag.py:487} INFO - Filling up the DagBag from /home/airflow/.local/lib/python3.6/site-packages/airflow/example_dags/example_short_circuit_operator.py
[2021-06-11 05:49:06,296] {scheduler_job.py:643} INFO - DAG(s) dict_keys(['example_short_circuit_operator']) retrieved from /home/airflow/.local/lib/python3.6/site-packages/airflow/example_dags/example_short_circuit_operator.py
[2021-06-11 05:49:06,318] {logging_mixin.py:104} INFO - [2021-06-11 05:49:06,318] {dag.py:1832} INFO - Sync 1 DAGs
[2021-06-11 05:49:06,341] {logging_mixin.py:104} INFO - [2021-06-11 05:49:06,341] {dag.py:2305} INFO - Setting next_dagrun for example_short_circuit_operator to 2021-06-09 00:00:00+00:00
[2021-06-11 05:49:06,352] {scheduler_job.py:190} INFO - Processing /home/airflow/.local/lib/python3.6/site-packages/airflow/example_dags/example_short_circuit_operator.py took 0.080 seconds
[2021-06-11 05:49:36,509] {scheduler_job.py:182} INFO - Started process (PID=1881) to work on /home/airflow/.local/lib/python3.6/site-packages/airflow/example_dags/example_short_circuit_operator.py
[2021-06-11 05:49:36,510] {scheduler_job.py:633} INFO - Processing file /home/airflow/.local/lib/python3.6/site-packages/airflow/example_dags/example_short_circuit_operator.py for tasks to queue
[2021-06-11 05:49:36,512] {logging_mixin.py:104} INFO - [2021-06-11 05:49:36,512] {dagbag.py:487} INFO - Filling up the DagBag from /home/airflow/.local/lib/python3.6/site-packages/airflow/example_dags/example_short_circuit_operator.py
[2021-06-11 05:49:36,531] {scheduler_job.py:643} INFO - DAG(s) dict_keys(['example_short_circuit_operator']) retrieved from /home/airflow/.local/lib/python3.6/site-packages/airflow/example_dags/example_short_circuit_operator.py
[2021-06-11 05:49:36,567] {logging_mixin.py:104} INFO - [2021-06-11 05:49:36,567] {dag.py:1832} INFO - Sync 1 DAGs
[2021-06-11 05:49:36,593] {logging_mixin.py:104} INFO - [2021-06-11 05:49:36,593] {dag.py:2305} INFO - Setting next_dagrun for example_short_circuit_operator to 2021-06-09 00:00:00+00:00
[2021-06-11 05:49:36,608] {scheduler_job.py:190} INFO - Processing /home/airflow/.local/lib/python3.6/site-packages/airflow/example_dags/example_short_circuit_operator.py took 0.106 seconds
[2021-06-11 05:50:06,865] {scheduler_job.py:182} INFO - Started process (PID=1946) to work on /home/airflow/.local/lib/python3.6/site-packages/airflow/example_dags/example_short_circuit_operator.py
[2021-06-11 05:50:06,868] {scheduler_job.py:633} INFO - Processing file /home/airflow/.local/lib/python3.6/site-packages/airflow/example_dags/example_short_circuit_operator.py for tasks to queue
[2021-06-11 05:50:06,869] {logging_mixin.py:104} INFO - [2021-06-11 05:50:06,869] {dagbag.py:487} INFO - Filling up the DagBag from /home/airflow/.local/lib/python3.6/site-packages/airflow/example_dags/example_short_circuit_operator.py
[2021-06-11 05:50:06,882] {scheduler_job.py:643} INFO - DAG(s) dict_keys(['example_short_circuit_operator']) retrieved from /home/airflow/.local/lib/python3.6/site-packages/airflow/example_dags/example_short_circuit_operator.py
[2021-06-11 05:50:06,907] {logging_mixin.py:104} INFO - [2021-06-11 05:50:06,907] {dag.py:1832} INFO - Sync 1 DAGs
[2021-06-11 05:50:06,931] {logging_mixin.py:104} INFO - [2021-06-11 05:50:06,931] {dag.py:2305} INFO - Setting next_dagrun for example_short_circuit_operator to 2021-06-09 00:00:00+00:00
[2021-06-11 05:50:06,942] {scheduler_job.py:190} INFO - Processing /home/airflow/.local/lib/python3.6/site-packages/airflow/example_dags/example_short_circuit_operator.py took 0.080 seconds
[2021-06-11 05:50:37,869] {scheduler_job.py:182} INFO - Started process (PID=2032) to work on /home/airflow/.local/lib/python3.6/site-packages/airflow/example_dags/example_short_circuit_operator.py
[2021-06-11 05:50:37,870] {scheduler_job.py:633} INFO - Processing file /home/airflow/.local/lib/python3.6/site-packages/airflow/example_dags/example_short_circuit_operator.py for tasks to queue
[2021-06-11 05:50:37,871] {logging_mixin.py:104} INFO - [2021-06-11 05:50:37,871] {dagbag.py:487} INFO - Filling up the DagBag from /home/airflow/.local/lib/python3.6/site-packages/airflow/example_dags/example_short_circuit_operator.py
[2021-06-11 05:50:37,885] {scheduler_job.py:643} INFO - DAG(s) dict_keys(['example_short_circuit_operator']) retrieved from /home/airflow/.local/lib/python3.6/site-packages/airflow/example_dags/example_short_circuit_operator.py
[2021-06-11 05:50:37,913] {logging_mixin.py:104} INFO - [2021-06-11 05:50:37,913] {dag.py:1832} INFO - Sync 1 DAGs
[2021-06-11 05:50:37,931] {logging_mixin.py:104} INFO - [2021-06-11 05:50:37,931] {dag.py:2305} INFO - Setting next_dagrun for example_short_circuit_operator to 2021-06-09 00:00:00+00:00
[2021-06-11 05:50:37,944] {scheduler_job.py:190} INFO - Processing /home/airflow/.local/lib/python3.6/site-packages/airflow/example_dags/example_short_circuit_operator.py took 0.080 seconds
[2021-06-11 05:51:08,206] {scheduler_job.py:182} INFO - Started process (PID=2116) to work on /home/airflow/.local/lib/python3.6/site-packages/airflow/example_dags/example_short_circuit_operator.py
[2021-06-11 05:51:08,209] {scheduler_job.py:633} INFO - Processing file /home/airflow/.local/lib/python3.6/site-packages/airflow/example_dags/example_short_circuit_operator.py for tasks to queue
[2021-06-11 05:51:08,210] {logging_mixin.py:104} INFO - [2021-06-11 05:51:08,210] {dagbag.py:487} INFO - Filling up the DagBag from /home/airflow/.local/lib/python3.6/site-packages/airflow/example_dags/example_short_circuit_operator.py
[2021-06-11 05:51:08,224] {scheduler_job.py:643} INFO - DAG(s) dict_keys(['example_short_circuit_operator']) retrieved from /home/airflow/.local/lib/python3.6/site-packages/airflow/example_dags/example_short_circuit_operator.py
[2021-06-11 05:51:08,247] {logging_mixin.py:104} INFO - [2021-06-11 05:51:08,247] {dag.py:1832} INFO - Sync 1 DAGs
[2021-06-11 05:51:08,262] {logging_mixin.py:104} INFO - [2021-06-11 05:51:08,262] {dag.py:2305} INFO - Setting next_dagrun for example_short_circuit_operator to 2021-06-09 00:00:00+00:00
[2021-06-11 05:51:08,273] {scheduler_job.py:190} INFO - Processing /home/airflow/.local/lib/python3.6/site-packages/airflow/example_dags/example_short_circuit_operator.py took 0.071 seconds
[2021-06-11 05:51:38,495] {scheduler_job.py:182} INFO - Started process (PID=2183) to work on /home/airflow/.local/lib/python3.6/site-packages/airflow/example_dags/example_short_circuit_operator.py
[2021-06-11 05:51:38,497] {scheduler_job.py:633} INFO - Processing file /home/airflow/.local/lib/python3.6/site-packages/airflow/example_dags/example_short_circuit_operator.py for tasks to queue
[2021-06-11 05:51:38,498] {logging_mixin.py:104} INFO - [2021-06-11 05:51:38,498] {dagbag.py:487} INFO - Filling up the DagBag from /home/airflow/.local/lib/python3.6/site-packages/airflow/example_dags/example_short_circuit_operator.py
[2021-06-11 05:51:38,512] {scheduler_job.py:643} INFO - DAG(s) dict_keys(['example_short_circuit_operator']) retrieved from /home/airflow/.local/lib/python3.6/site-packages/airflow/example_dags/example_short_circuit_operator.py
[2021-06-11 05:51:38,534] {logging_mixin.py:104} INFO - [2021-06-11 05:51:38,534] {dag.py:1832} INFO - Sync 1 DAGs
[2021-06-11 05:51:38,553] {logging_mixin.py:104} INFO - [2021-06-11 05:51:38,552] {dag.py:2305} INFO - Setting next_dagrun for example_short_circuit_operator to 2021-06-09 00:00:00+00:00
[2021-06-11 05:51:38,564] {scheduler_job.py:190} INFO - Processing /home/airflow/.local/lib/python3.6/site-packages/airflow/example_dags/example_short_circuit_operator.py took 0.073 seconds
[2021-06-11 05:52:08,824] {scheduler_job.py:182} INFO - Started process (PID=2268) to work on /home/airflow/.local/lib/python3.6/site-packages/airflow/example_dags/example_short_circuit_operator.py
[2021-06-11 05:52:08,825] {scheduler_job.py:633} INFO - Processing file /home/airflow/.local/lib/python3.6/site-packages/airflow/example_dags/example_short_circuit_operator.py for tasks to queue
[2021-06-11 05:52:08,826] {logging_mixin.py:104} INFO - [2021-06-11 05:52:08,826] {dagbag.py:487} INFO - Filling up the DagBag from /home/airflow/.local/lib/python3.6/site-packages/airflow/example_dags/example_short_circuit_operator.py
[2021-06-11 05:52:08,840] {scheduler_job.py:643} INFO - DAG(s) dict_keys(['example_short_circuit_operator']) retrieved from /home/airflow/.local/lib/python3.6/site-packages/airflow/example_dags/example_short_circuit_operator.py
[2021-06-11 05:52:08,863] {logging_mixin.py:104} INFO - [2021-06-11 05:52:08,863] {dag.py:1832} INFO - Sync 1 DAGs
[2021-06-11 05:52:08,878] {logging_mixin.py:104} INFO - [2021-06-11 05:52:08,878] {dag.py:2305} INFO - Setting next_dagrun for example_short_circuit_operator to 2021-06-09 00:00:00+00:00
[2021-06-11 05:52:08,889] {scheduler_job.py:190} INFO - Processing /home/airflow/.local/lib/python3.6/site-packages/airflow/example_dags/example_short_circuit_operator.py took 0.069 seconds
[2021-06-11 05:52:39,537] {scheduler_job.py:182} INFO - Started process (PID=2352) to work on /home/airflow/.local/lib/python3.6/site-packages/airflow/example_dags/example_short_circuit_operator.py
[2021-06-11 05:52:39,538] {scheduler_job.py:633} INFO - Processing file /home/airflow/.local/lib/python3.6/site-packages/airflow/example_dags/example_short_circuit_operator.py for tasks to queue
[2021-06-11 05:52:39,540] {logging_mixin.py:104} INFO - [2021-06-11 05:52:39,539] {dagbag.py:487} INFO - Filling up the DagBag from /home/airflow/.local/lib/python3.6/site-packages/airflow/example_dags/example_short_circuit_operator.py
[2021-06-11 05:52:39,555] {scheduler_job.py:643} INFO - DAG(s) dict_keys(['example_short_circuit_operator']) retrieved from /home/airflow/.local/lib/python3.6/site-packages/airflow/example_dags/example_short_circuit_operator.py
[2021-06-11 05:52:39,577] {logging_mixin.py:104} INFO - [2021-06-11 05:52:39,577] {dag.py:1832} INFO - Sync 1 DAGs
[2021-06-11 05:52:39,592] {logging_mixin.py:104} INFO - [2021-06-11 05:52:39,592] {dag.py:2305} INFO - Setting next_dagrun for example_short_circuit_operator to 2021-06-09 00:00:00+00:00
[2021-06-11 05:52:39,602] {scheduler_job.py:190} INFO - Processing /home/airflow/.local/lib/python3.6/site-packages/airflow/example_dags/example_short_circuit_operator.py took 0.069 seconds
[2021-06-11 05:53:10,156] {scheduler_job.py:182} INFO - Started process (PID=2418) to work on /home/airflow/.local/lib/python3.6/site-packages/airflow/example_dags/example_short_circuit_operator.py
[2021-06-11 05:53:10,158] {scheduler_job.py:633} INFO - Processing file /home/airflow/.local/lib/python3.6/site-packages/airflow/example_dags/example_short_circuit_operator.py for tasks to queue
[2021-06-11 05:53:10,159] {logging_mixin.py:104} INFO - [2021-06-11 05:53:10,159] {dagbag.py:487} INFO - Filling up the DagBag from /home/airflow/.local/lib/python3.6/site-packages/airflow/example_dags/example_short_circuit_operator.py
[2021-06-11 05:53:10,175] {scheduler_job.py:643} INFO - DAG(s) dict_keys(['example_short_circuit_operator']) retrieved from /home/airflow/.local/lib/python3.6/site-packages/airflow/example_dags/example_short_circuit_operator.py
[2021-06-11 05:53:10,196] {logging_mixin.py:104} INFO - [2021-06-11 05:53:10,196] {dag.py:1832} INFO - Sync 1 DAGs
[2021-06-11 05:53:10,211] {logging_mixin.py:104} INFO - [2021-06-11 05:53:10,211] {dag.py:2305} INFO - Setting next_dagrun for example_short_circuit_operator to 2021-06-09 00:00:00+00:00
[2021-06-11 05:53:10,221] {scheduler_job.py:190} INFO - Processing /home/airflow/.local/lib/python3.6/site-packages/airflow/example_dags/example_short_circuit_operator.py took 0.070 seconds
