[2021-06-11 05:38:01,282] {scheduler_job.py:182} INFO - Started process (PID=106) to work on /home/airflow/.local/lib/python3.6/site-packages/airflow/example_dags/example_dag_decorator.py
[2021-06-11 05:38:01,284] {scheduler_job.py:633} INFO - Processing file /home/airflow/.local/lib/python3.6/site-packages/airflow/example_dags/example_dag_decorator.py for tasks to queue
[2021-06-11 05:38:01,285] {logging_mixin.py:104} INFO - [2021-06-11 05:38:01,285] {dagbag.py:487} INFO - Filling up the DagBag from /home/airflow/.local/lib/python3.6/site-packages/airflow/example_dags/example_dag_decorator.py
[2021-06-11 05:38:01,313] {scheduler_job.py:643} INFO - DAG(s) dict_keys(['example_dag_decorator']) retrieved from /home/airflow/.local/lib/python3.6/site-packages/airflow/example_dags/example_dag_decorator.py
[2021-06-11 05:38:02,892] {logging_mixin.py:104} INFO - [2021-06-11 05:38:02,892] {dag.py:1832} INFO - Sync 1 DAGs
[2021-06-11 05:38:02,901] {logging_mixin.py:104} INFO - [2021-06-11 05:38:02,900] {dag.py:1851} INFO - Creating ORM DAG for example_dag_decorator
[2021-06-11 05:38:02,906] {logging_mixin.py:104} INFO - [2021-06-11 05:38:02,906] {dag.py:2305} INFO - Setting next_dagrun for example_dag_decorator to None
[2021-06-11 05:38:02,915] {scheduler_job.py:190} INFO - Processing /home/airflow/.local/lib/python3.6/site-packages/airflow/example_dags/example_dag_decorator.py took 1.637 seconds
[2021-06-11 05:38:33,138] {scheduler_job.py:182} INFO - Started process (PID=184) to work on /home/airflow/.local/lib/python3.6/site-packages/airflow/example_dags/example_dag_decorator.py
[2021-06-11 05:38:33,140] {scheduler_job.py:633} INFO - Processing file /home/airflow/.local/lib/python3.6/site-packages/airflow/example_dags/example_dag_decorator.py for tasks to queue
[2021-06-11 05:38:33,141] {logging_mixin.py:104} INFO - [2021-06-11 05:38:33,141] {dagbag.py:487} INFO - Filling up the DagBag from /home/airflow/.local/lib/python3.6/site-packages/airflow/example_dags/example_dag_decorator.py
[2021-06-11 05:38:33,163] {scheduler_job.py:643} INFO - DAG(s) dict_keys(['example_dag_decorator']) retrieved from /home/airflow/.local/lib/python3.6/site-packages/airflow/example_dags/example_dag_decorator.py
[2021-06-11 05:38:33,407] {logging_mixin.py:104} INFO - [2021-06-11 05:38:33,407] {dag.py:1832} INFO - Sync 1 DAGs
[2021-06-11 05:38:33,417] {logging_mixin.py:104} INFO - [2021-06-11 05:38:33,417] {dag.py:2305} INFO - Setting next_dagrun for example_dag_decorator to None
[2021-06-11 05:38:33,427] {scheduler_job.py:190} INFO - Processing /home/airflow/.local/lib/python3.6/site-packages/airflow/example_dags/example_dag_decorator.py took 0.293 seconds
[2021-06-11 05:39:03,817] {scheduler_job.py:182} INFO - Started process (PID=266) to work on /home/airflow/.local/lib/python3.6/site-packages/airflow/example_dags/example_dag_decorator.py
[2021-06-11 05:39:03,819] {scheduler_job.py:633} INFO - Processing file /home/airflow/.local/lib/python3.6/site-packages/airflow/example_dags/example_dag_decorator.py for tasks to queue
[2021-06-11 05:39:03,820] {logging_mixin.py:104} INFO - [2021-06-11 05:39:03,820] {dagbag.py:487} INFO - Filling up the DagBag from /home/airflow/.local/lib/python3.6/site-packages/airflow/example_dags/example_dag_decorator.py
[2021-06-11 05:39:03,841] {scheduler_job.py:643} INFO - DAG(s) dict_keys(['example_dag_decorator']) retrieved from /home/airflow/.local/lib/python3.6/site-packages/airflow/example_dags/example_dag_decorator.py
[2021-06-11 05:39:04,081] {logging_mixin.py:104} INFO - [2021-06-11 05:39:04,081] {dag.py:1832} INFO - Sync 1 DAGs
[2021-06-11 05:39:04,091] {logging_mixin.py:104} INFO - [2021-06-11 05:39:04,091] {dag.py:2305} INFO - Setting next_dagrun for example_dag_decorator to None
[2021-06-11 05:39:04,100] {scheduler_job.py:190} INFO - Processing /home/airflow/.local/lib/python3.6/site-packages/airflow/example_dags/example_dag_decorator.py took 0.286 seconds
[2021-06-11 05:39:34,179] {scheduler_job.py:182} INFO - Started process (PID=352) to work on /home/airflow/.local/lib/python3.6/site-packages/airflow/example_dags/example_dag_decorator.py
[2021-06-11 05:39:34,181] {scheduler_job.py:633} INFO - Processing file /home/airflow/.local/lib/python3.6/site-packages/airflow/example_dags/example_dag_decorator.py for tasks to queue
[2021-06-11 05:39:34,182] {logging_mixin.py:104} INFO - [2021-06-11 05:39:34,182] {dagbag.py:487} INFO - Filling up the DagBag from /home/airflow/.local/lib/python3.6/site-packages/airflow/example_dags/example_dag_decorator.py
[2021-06-11 05:39:34,202] {scheduler_job.py:643} INFO - DAG(s) dict_keys(['example_dag_decorator']) retrieved from /home/airflow/.local/lib/python3.6/site-packages/airflow/example_dags/example_dag_decorator.py
[2021-06-11 05:39:34,444] {logging_mixin.py:104} INFO - [2021-06-11 05:39:34,444] {dag.py:1832} INFO - Sync 1 DAGs
[2021-06-11 05:39:34,455] {logging_mixin.py:104} INFO - [2021-06-11 05:39:34,455] {dag.py:2305} INFO - Setting next_dagrun for example_dag_decorator to None
[2021-06-11 05:39:34,465] {scheduler_job.py:190} INFO - Processing /home/airflow/.local/lib/python3.6/site-packages/airflow/example_dags/example_dag_decorator.py took 0.289 seconds
[2021-06-11 05:40:04,734] {scheduler_job.py:182} INFO - Started process (PID=419) to work on /home/airflow/.local/lib/python3.6/site-packages/airflow/example_dags/example_dag_decorator.py
[2021-06-11 05:40:04,736] {scheduler_job.py:633} INFO - Processing file /home/airflow/.local/lib/python3.6/site-packages/airflow/example_dags/example_dag_decorator.py for tasks to queue
[2021-06-11 05:40:04,737] {logging_mixin.py:104} INFO - [2021-06-11 05:40:04,737] {dagbag.py:487} INFO - Filling up the DagBag from /home/airflow/.local/lib/python3.6/site-packages/airflow/example_dags/example_dag_decorator.py
[2021-06-11 05:40:04,755] {scheduler_job.py:643} INFO - DAG(s) dict_keys(['example_dag_decorator']) retrieved from /home/airflow/.local/lib/python3.6/site-packages/airflow/example_dags/example_dag_decorator.py
[2021-06-11 05:40:05,000] {logging_mixin.py:104} INFO - [2021-06-11 05:40:05,000] {dag.py:1832} INFO - Sync 1 DAGs
[2021-06-11 05:40:05,010] {logging_mixin.py:104} INFO - [2021-06-11 05:40:05,010] {dag.py:2305} INFO - Setting next_dagrun for example_dag_decorator to None
[2021-06-11 05:40:05,020] {scheduler_job.py:190} INFO - Processing /home/airflow/.local/lib/python3.6/site-packages/airflow/example_dags/example_dag_decorator.py took 0.289 seconds
[2021-06-11 05:40:35,057] {scheduler_job.py:182} INFO - Started process (PID=503) to work on /home/airflow/.local/lib/python3.6/site-packages/airflow/example_dags/example_dag_decorator.py
[2021-06-11 05:40:35,058] {scheduler_job.py:633} INFO - Processing file /home/airflow/.local/lib/python3.6/site-packages/airflow/example_dags/example_dag_decorator.py for tasks to queue
[2021-06-11 05:40:35,060] {logging_mixin.py:104} INFO - [2021-06-11 05:40:35,059] {dagbag.py:487} INFO - Filling up the DagBag from /home/airflow/.local/lib/python3.6/site-packages/airflow/example_dags/example_dag_decorator.py
[2021-06-11 05:40:35,077] {scheduler_job.py:643} INFO - DAG(s) dict_keys(['example_dag_decorator']) retrieved from /home/airflow/.local/lib/python3.6/site-packages/airflow/example_dags/example_dag_decorator.py
[2021-06-11 05:40:35,320] {logging_mixin.py:104} INFO - [2021-06-11 05:40:35,320] {dag.py:1832} INFO - Sync 1 DAGs
[2021-06-11 05:40:35,331] {logging_mixin.py:104} INFO - [2021-06-11 05:40:35,330] {dag.py:2305} INFO - Setting next_dagrun for example_dag_decorator to None
[2021-06-11 05:40:35,341] {scheduler_job.py:190} INFO - Processing /home/airflow/.local/lib/python3.6/site-packages/airflow/example_dags/example_dag_decorator.py took 0.287 seconds
[2021-06-11 05:41:05,622] {scheduler_job.py:182} INFO - Started process (PID=586) to work on /home/airflow/.local/lib/python3.6/site-packages/airflow/example_dags/example_dag_decorator.py
[2021-06-11 05:41:05,624] {scheduler_job.py:633} INFO - Processing file /home/airflow/.local/lib/python3.6/site-packages/airflow/example_dags/example_dag_decorator.py for tasks to queue
[2021-06-11 05:41:05,625] {logging_mixin.py:104} INFO - [2021-06-11 05:41:05,625] {dagbag.py:487} INFO - Filling up the DagBag from /home/airflow/.local/lib/python3.6/site-packages/airflow/example_dags/example_dag_decorator.py
[2021-06-11 05:41:05,643] {scheduler_job.py:643} INFO - DAG(s) dict_keys(['example_dag_decorator']) retrieved from /home/airflow/.local/lib/python3.6/site-packages/airflow/example_dags/example_dag_decorator.py
[2021-06-11 05:41:05,869] {logging_mixin.py:104} INFO - [2021-06-11 05:41:05,869] {dag.py:1832} INFO - Sync 1 DAGs
[2021-06-11 05:41:05,879] {logging_mixin.py:104} INFO - [2021-06-11 05:41:05,879] {dag.py:2305} INFO - Setting next_dagrun for example_dag_decorator to None
[2021-06-11 05:41:05,890] {scheduler_job.py:190} INFO - Processing /home/airflow/.local/lib/python3.6/site-packages/airflow/example_dags/example_dag_decorator.py took 0.271 seconds
[2021-06-11 05:41:36,136] {scheduler_job.py:182} INFO - Started process (PID=652) to work on /home/airflow/.local/lib/python3.6/site-packages/airflow/example_dags/example_dag_decorator.py
[2021-06-11 05:41:36,137] {scheduler_job.py:633} INFO - Processing file /home/airflow/.local/lib/python3.6/site-packages/airflow/example_dags/example_dag_decorator.py for tasks to queue
[2021-06-11 05:41:36,138] {logging_mixin.py:104} INFO - [2021-06-11 05:41:36,138] {dagbag.py:487} INFO - Filling up the DagBag from /home/airflow/.local/lib/python3.6/site-packages/airflow/example_dags/example_dag_decorator.py
[2021-06-11 05:41:36,158] {scheduler_job.py:643} INFO - DAG(s) dict_keys(['example_dag_decorator']) retrieved from /home/airflow/.local/lib/python3.6/site-packages/airflow/example_dags/example_dag_decorator.py
[2021-06-11 05:41:36,411] {logging_mixin.py:104} INFO - [2021-06-11 05:41:36,411] {dag.py:1832} INFO - Sync 1 DAGs
[2021-06-11 05:41:36,422] {logging_mixin.py:104} INFO - [2021-06-11 05:41:36,422] {dag.py:2305} INFO - Setting next_dagrun for example_dag_decorator to None
[2021-06-11 05:41:36,433] {scheduler_job.py:190} INFO - Processing /home/airflow/.local/lib/python3.6/site-packages/airflow/example_dags/example_dag_decorator.py took 0.301 seconds
[2021-06-11 05:42:06,699] {scheduler_job.py:182} INFO - Started process (PID=736) to work on /home/airflow/.local/lib/python3.6/site-packages/airflow/example_dags/example_dag_decorator.py
[2021-06-11 05:42:06,701] {scheduler_job.py:633} INFO - Processing file /home/airflow/.local/lib/python3.6/site-packages/airflow/example_dags/example_dag_decorator.py for tasks to queue
[2021-06-11 05:42:06,702] {logging_mixin.py:104} INFO - [2021-06-11 05:42:06,702] {dagbag.py:487} INFO - Filling up the DagBag from /home/airflow/.local/lib/python3.6/site-packages/airflow/example_dags/example_dag_decorator.py
[2021-06-11 05:42:06,728] {scheduler_job.py:643} INFO - DAG(s) dict_keys(['example_dag_decorator']) retrieved from /home/airflow/.local/lib/python3.6/site-packages/airflow/example_dags/example_dag_decorator.py
[2021-06-11 05:42:06,995] {logging_mixin.py:104} INFO - [2021-06-11 05:42:06,995] {dag.py:1832} INFO - Sync 1 DAGs
[2021-06-11 05:42:07,006] {logging_mixin.py:104} INFO - [2021-06-11 05:42:07,006] {dag.py:2305} INFO - Setting next_dagrun for example_dag_decorator to None
[2021-06-11 05:42:07,017] {scheduler_job.py:190} INFO - Processing /home/airflow/.local/lib/python3.6/site-packages/airflow/example_dags/example_dag_decorator.py took 0.322 seconds
[2021-06-11 05:42:37,381] {scheduler_job.py:182} INFO - Started process (PID=821) to work on /home/airflow/.local/lib/python3.6/site-packages/airflow/example_dags/example_dag_decorator.py
[2021-06-11 05:42:37,383] {scheduler_job.py:633} INFO - Processing file /home/airflow/.local/lib/python3.6/site-packages/airflow/example_dags/example_dag_decorator.py for tasks to queue
[2021-06-11 05:42:37,384] {logging_mixin.py:104} INFO - [2021-06-11 05:42:37,384] {dagbag.py:487} INFO - Filling up the DagBag from /home/airflow/.local/lib/python3.6/site-packages/airflow/example_dags/example_dag_decorator.py
[2021-06-11 05:42:37,405] {scheduler_job.py:643} INFO - DAG(s) dict_keys(['example_dag_decorator']) retrieved from /home/airflow/.local/lib/python3.6/site-packages/airflow/example_dags/example_dag_decorator.py
[2021-06-11 05:42:37,667] {logging_mixin.py:104} INFO - [2021-06-11 05:42:37,667] {dag.py:1832} INFO - Sync 1 DAGs
[2021-06-11 05:42:37,678] {logging_mixin.py:104} INFO - [2021-06-11 05:42:37,678] {dag.py:2305} INFO - Setting next_dagrun for example_dag_decorator to None
[2021-06-11 05:42:37,689] {scheduler_job.py:190} INFO - Processing /home/airflow/.local/lib/python3.6/site-packages/airflow/example_dags/example_dag_decorator.py took 0.313 seconds
[2021-06-11 05:43:08,478] {scheduler_job.py:182} INFO - Started process (PID=888) to work on /home/airflow/.local/lib/python3.6/site-packages/airflow/example_dags/example_dag_decorator.py
[2021-06-11 05:43:08,480] {scheduler_job.py:633} INFO - Processing file /home/airflow/.local/lib/python3.6/site-packages/airflow/example_dags/example_dag_decorator.py for tasks to queue
[2021-06-11 05:43:08,481] {logging_mixin.py:104} INFO - [2021-06-11 05:43:08,481] {dagbag.py:487} INFO - Filling up the DagBag from /home/airflow/.local/lib/python3.6/site-packages/airflow/example_dags/example_dag_decorator.py
[2021-06-11 05:43:08,503] {scheduler_job.py:643} INFO - DAG(s) dict_keys(['example_dag_decorator']) retrieved from /home/airflow/.local/lib/python3.6/site-packages/airflow/example_dags/example_dag_decorator.py
[2021-06-11 05:43:08,771] {logging_mixin.py:104} INFO - [2021-06-11 05:43:08,771] {dag.py:1832} INFO - Sync 1 DAGs
[2021-06-11 05:43:08,783] {logging_mixin.py:104} INFO - [2021-06-11 05:43:08,783] {dag.py:2305} INFO - Setting next_dagrun for example_dag_decorator to None
[2021-06-11 05:43:08,793] {scheduler_job.py:190} INFO - Processing /home/airflow/.local/lib/python3.6/site-packages/airflow/example_dags/example_dag_decorator.py took 0.319 seconds
[2021-06-11 05:43:39,204] {scheduler_job.py:182} INFO - Started process (PID=972) to work on /home/airflow/.local/lib/python3.6/site-packages/airflow/example_dags/example_dag_decorator.py
[2021-06-11 05:43:39,205] {scheduler_job.py:633} INFO - Processing file /home/airflow/.local/lib/python3.6/site-packages/airflow/example_dags/example_dag_decorator.py for tasks to queue
[2021-06-11 05:43:39,207] {logging_mixin.py:104} INFO - [2021-06-11 05:43:39,207] {dagbag.py:487} INFO - Filling up the DagBag from /home/airflow/.local/lib/python3.6/site-packages/airflow/example_dags/example_dag_decorator.py
[2021-06-11 05:43:39,235] {scheduler_job.py:643} INFO - DAG(s) dict_keys(['example_dag_decorator']) retrieved from /home/airflow/.local/lib/python3.6/site-packages/airflow/example_dags/example_dag_decorator.py
[2021-06-11 05:43:39,561] {logging_mixin.py:104} INFO - [2021-06-11 05:43:39,561] {dag.py:1832} INFO - Sync 1 DAGs
[2021-06-11 05:43:39,584] {logging_mixin.py:104} INFO - [2021-06-11 05:43:39,584] {dag.py:2305} INFO - Setting next_dagrun for example_dag_decorator to None
[2021-06-11 05:43:39,599] {scheduler_job.py:190} INFO - Processing /home/airflow/.local/lib/python3.6/site-packages/airflow/example_dags/example_dag_decorator.py took 0.400 seconds
[2021-06-11 05:44:09,963] {scheduler_job.py:182} INFO - Started process (PID=1055) to work on /home/airflow/.local/lib/python3.6/site-packages/airflow/example_dags/example_dag_decorator.py
[2021-06-11 05:44:09,965] {scheduler_job.py:633} INFO - Processing file /home/airflow/.local/lib/python3.6/site-packages/airflow/example_dags/example_dag_decorator.py for tasks to queue
[2021-06-11 05:44:09,966] {logging_mixin.py:104} INFO - [2021-06-11 05:44:09,966] {dagbag.py:487} INFO - Filling up the DagBag from /home/airflow/.local/lib/python3.6/site-packages/airflow/example_dags/example_dag_decorator.py
[2021-06-11 05:44:09,985] {scheduler_job.py:643} INFO - DAG(s) dict_keys(['example_dag_decorator']) retrieved from /home/airflow/.local/lib/python3.6/site-packages/airflow/example_dags/example_dag_decorator.py
[2021-06-11 05:44:10,219] {logging_mixin.py:104} INFO - [2021-06-11 05:44:10,219] {dag.py:1832} INFO - Sync 1 DAGs
[2021-06-11 05:44:10,231] {logging_mixin.py:104} INFO - [2021-06-11 05:44:10,231] {dag.py:2305} INFO - Setting next_dagrun for example_dag_decorator to None
[2021-06-11 05:44:10,242] {scheduler_job.py:190} INFO - Processing /home/airflow/.local/lib/python3.6/site-packages/airflow/example_dags/example_dag_decorator.py took 0.282 seconds
[2021-06-11 05:44:40,817] {scheduler_job.py:182} INFO - Started process (PID=1120) to work on /home/airflow/.local/lib/python3.6/site-packages/airflow/example_dags/example_dag_decorator.py
[2021-06-11 05:44:40,819] {scheduler_job.py:633} INFO - Processing file /home/airflow/.local/lib/python3.6/site-packages/airflow/example_dags/example_dag_decorator.py for tasks to queue
[2021-06-11 05:44:40,821] {logging_mixin.py:104} INFO - [2021-06-11 05:44:40,820] {dagbag.py:487} INFO - Filling up the DagBag from /home/airflow/.local/lib/python3.6/site-packages/airflow/example_dags/example_dag_decorator.py
[2021-06-11 05:44:40,841] {scheduler_job.py:643} INFO - DAG(s) dict_keys(['example_dag_decorator']) retrieved from /home/airflow/.local/lib/python3.6/site-packages/airflow/example_dags/example_dag_decorator.py
[2021-06-11 05:44:41,098] {logging_mixin.py:104} INFO - [2021-06-11 05:44:41,098] {dag.py:1832} INFO - Sync 1 DAGs
[2021-06-11 05:44:41,115] {logging_mixin.py:104} INFO - [2021-06-11 05:44:41,115] {dag.py:2305} INFO - Setting next_dagrun for example_dag_decorator to None
[2021-06-11 05:44:41,127] {scheduler_job.py:190} INFO - Processing /home/airflow/.local/lib/python3.6/site-packages/airflow/example_dags/example_dag_decorator.py took 0.315 seconds
[2021-06-11 05:45:11,982] {scheduler_job.py:182} INFO - Started process (PID=1204) to work on /home/airflow/.local/lib/python3.6/site-packages/airflow/example_dags/example_dag_decorator.py
[2021-06-11 05:45:11,984] {scheduler_job.py:633} INFO - Processing file /home/airflow/.local/lib/python3.6/site-packages/airflow/example_dags/example_dag_decorator.py for tasks to queue
[2021-06-11 05:45:11,986] {logging_mixin.py:104} INFO - [2021-06-11 05:45:11,985] {dagbag.py:487} INFO - Filling up the DagBag from /home/airflow/.local/lib/python3.6/site-packages/airflow/example_dags/example_dag_decorator.py
[2021-06-11 05:45:12,005] {scheduler_job.py:643} INFO - DAG(s) dict_keys(['example_dag_decorator']) retrieved from /home/airflow/.local/lib/python3.6/site-packages/airflow/example_dags/example_dag_decorator.py
[2021-06-11 05:45:12,307] {logging_mixin.py:104} INFO - [2021-06-11 05:45:12,307] {dag.py:1832} INFO - Sync 1 DAGs
[2021-06-11 05:45:12,319] {logging_mixin.py:104} INFO - [2021-06-11 05:45:12,318] {dag.py:2305} INFO - Setting next_dagrun for example_dag_decorator to None
[2021-06-11 05:45:12,330] {scheduler_job.py:190} INFO - Processing /home/airflow/.local/lib/python3.6/site-packages/airflow/example_dags/example_dag_decorator.py took 0.353 seconds
[2021-06-11 05:45:42,363] {scheduler_job.py:182} INFO - Started process (PID=1288) to work on /home/airflow/.local/lib/python3.6/site-packages/airflow/example_dags/example_dag_decorator.py
[2021-06-11 05:45:42,365] {scheduler_job.py:633} INFO - Processing file /home/airflow/.local/lib/python3.6/site-packages/airflow/example_dags/example_dag_decorator.py for tasks to queue
[2021-06-11 05:45:42,367] {logging_mixin.py:104} INFO - [2021-06-11 05:45:42,367] {dagbag.py:487} INFO - Filling up the DagBag from /home/airflow/.local/lib/python3.6/site-packages/airflow/example_dags/example_dag_decorator.py
[2021-06-11 05:45:42,388] {scheduler_job.py:643} INFO - DAG(s) dict_keys(['example_dag_decorator']) retrieved from /home/airflow/.local/lib/python3.6/site-packages/airflow/example_dags/example_dag_decorator.py
[2021-06-11 05:45:42,661] {logging_mixin.py:104} INFO - [2021-06-11 05:45:42,661] {dag.py:1832} INFO - Sync 1 DAGs
[2021-06-11 05:45:42,674] {logging_mixin.py:104} INFO - [2021-06-11 05:45:42,674] {dag.py:2305} INFO - Setting next_dagrun for example_dag_decorator to None
[2021-06-11 05:45:42,686] {scheduler_job.py:190} INFO - Processing /home/airflow/.local/lib/python3.6/site-packages/airflow/example_dags/example_dag_decorator.py took 0.326 seconds
[2021-06-11 05:46:13,499] {scheduler_job.py:182} INFO - Started process (PID=1355) to work on /home/airflow/.local/lib/python3.6/site-packages/airflow/example_dags/example_dag_decorator.py
[2021-06-11 05:46:13,501] {scheduler_job.py:633} INFO - Processing file /home/airflow/.local/lib/python3.6/site-packages/airflow/example_dags/example_dag_decorator.py for tasks to queue
[2021-06-11 05:46:13,502] {logging_mixin.py:104} INFO - [2021-06-11 05:46:13,502] {dagbag.py:487} INFO - Filling up the DagBag from /home/airflow/.local/lib/python3.6/site-packages/airflow/example_dags/example_dag_decorator.py
[2021-06-11 05:46:13,522] {scheduler_job.py:643} INFO - DAG(s) dict_keys(['example_dag_decorator']) retrieved from /home/airflow/.local/lib/python3.6/site-packages/airflow/example_dags/example_dag_decorator.py
[2021-06-11 05:46:13,781] {logging_mixin.py:104} INFO - [2021-06-11 05:46:13,781] {dag.py:1832} INFO - Sync 1 DAGs
[2021-06-11 05:46:13,792] {logging_mixin.py:104} INFO - [2021-06-11 05:46:13,791] {dag.py:2305} INFO - Setting next_dagrun for example_dag_decorator to None
[2021-06-11 05:46:13,802] {scheduler_job.py:190} INFO - Processing /home/airflow/.local/lib/python3.6/site-packages/airflow/example_dags/example_dag_decorator.py took 0.306 seconds
[2021-06-11 05:46:43,869] {scheduler_job.py:182} INFO - Started process (PID=1439) to work on /home/airflow/.local/lib/python3.6/site-packages/airflow/example_dags/example_dag_decorator.py
[2021-06-11 05:46:43,870] {scheduler_job.py:633} INFO - Processing file /home/airflow/.local/lib/python3.6/site-packages/airflow/example_dags/example_dag_decorator.py for tasks to queue
[2021-06-11 05:46:43,872] {logging_mixin.py:104} INFO - [2021-06-11 05:46:43,871] {dagbag.py:487} INFO - Filling up the DagBag from /home/airflow/.local/lib/python3.6/site-packages/airflow/example_dags/example_dag_decorator.py
[2021-06-11 05:46:43,894] {scheduler_job.py:643} INFO - DAG(s) dict_keys(['example_dag_decorator']) retrieved from /home/airflow/.local/lib/python3.6/site-packages/airflow/example_dags/example_dag_decorator.py
[2021-06-11 05:46:44,171] {logging_mixin.py:104} INFO - [2021-06-11 05:46:44,171] {dag.py:1832} INFO - Sync 1 DAGs
[2021-06-11 05:46:44,182] {logging_mixin.py:104} INFO - [2021-06-11 05:46:44,182] {dag.py:2305} INFO - Setting next_dagrun for example_dag_decorator to None
[2021-06-11 05:46:44,193] {scheduler_job.py:190} INFO - Processing /home/airflow/.local/lib/python3.6/site-packages/airflow/example_dags/example_dag_decorator.py took 0.329 seconds
[2021-06-11 05:47:14,383] {scheduler_job.py:182} INFO - Started process (PID=1522) to work on /home/airflow/.local/lib/python3.6/site-packages/airflow/example_dags/example_dag_decorator.py
[2021-06-11 05:47:14,387] {scheduler_job.py:633} INFO - Processing file /home/airflow/.local/lib/python3.6/site-packages/airflow/example_dags/example_dag_decorator.py for tasks to queue
[2021-06-11 05:47:14,389] {logging_mixin.py:104} INFO - [2021-06-11 05:47:14,389] {dagbag.py:487} INFO - Filling up the DagBag from /home/airflow/.local/lib/python3.6/site-packages/airflow/example_dags/example_dag_decorator.py
[2021-06-11 05:47:14,411] {scheduler_job.py:643} INFO - DAG(s) dict_keys(['example_dag_decorator']) retrieved from /home/airflow/.local/lib/python3.6/site-packages/airflow/example_dags/example_dag_decorator.py
[2021-06-11 05:47:14,681] {logging_mixin.py:104} INFO - [2021-06-11 05:47:14,681] {dag.py:1832} INFO - Sync 1 DAGs
[2021-06-11 05:47:14,693] {logging_mixin.py:104} INFO - [2021-06-11 05:47:14,693] {dag.py:2305} INFO - Setting next_dagrun for example_dag_decorator to None
[2021-06-11 05:47:14,703] {scheduler_job.py:190} INFO - Processing /home/airflow/.local/lib/python3.6/site-packages/airflow/example_dags/example_dag_decorator.py took 0.326 seconds
[2021-06-11 05:47:44,801] {scheduler_job.py:182} INFO - Started process (PID=1591) to work on /home/airflow/.local/lib/python3.6/site-packages/airflow/example_dags/example_dag_decorator.py
[2021-06-11 05:47:44,803] {scheduler_job.py:633} INFO - Processing file /home/airflow/.local/lib/python3.6/site-packages/airflow/example_dags/example_dag_decorator.py for tasks to queue
[2021-06-11 05:47:44,804] {logging_mixin.py:104} INFO - [2021-06-11 05:47:44,804] {dagbag.py:487} INFO - Filling up the DagBag from /home/airflow/.local/lib/python3.6/site-packages/airflow/example_dags/example_dag_decorator.py
[2021-06-11 05:47:44,824] {scheduler_job.py:643} INFO - DAG(s) dict_keys(['example_dag_decorator']) retrieved from /home/airflow/.local/lib/python3.6/site-packages/airflow/example_dags/example_dag_decorator.py
[2021-06-11 05:47:45,082] {logging_mixin.py:104} INFO - [2021-06-11 05:47:45,082] {dag.py:1832} INFO - Sync 1 DAGs
[2021-06-11 05:47:45,093] {logging_mixin.py:104} INFO - [2021-06-11 05:47:45,092] {dag.py:2305} INFO - Setting next_dagrun for example_dag_decorator to None
[2021-06-11 05:47:45,102] {scheduler_job.py:190} INFO - Processing /home/airflow/.local/lib/python3.6/site-packages/airflow/example_dags/example_dag_decorator.py took 0.305 seconds
[2021-06-11 05:48:15,786] {scheduler_job.py:182} INFO - Started process (PID=1675) to work on /home/airflow/.local/lib/python3.6/site-packages/airflow/example_dags/example_dag_decorator.py
[2021-06-11 05:48:15,787] {scheduler_job.py:633} INFO - Processing file /home/airflow/.local/lib/python3.6/site-packages/airflow/example_dags/example_dag_decorator.py for tasks to queue
[2021-06-11 05:48:15,788] {logging_mixin.py:104} INFO - [2021-06-11 05:48:15,788] {dagbag.py:487} INFO - Filling up the DagBag from /home/airflow/.local/lib/python3.6/site-packages/airflow/example_dags/example_dag_decorator.py
[2021-06-11 05:48:15,808] {scheduler_job.py:643} INFO - DAG(s) dict_keys(['example_dag_decorator']) retrieved from /home/airflow/.local/lib/python3.6/site-packages/airflow/example_dags/example_dag_decorator.py
[2021-06-11 05:48:16,063] {logging_mixin.py:104} INFO - [2021-06-11 05:48:16,063] {dag.py:1832} INFO - Sync 1 DAGs
[2021-06-11 05:48:16,077] {logging_mixin.py:104} INFO - [2021-06-11 05:48:16,077] {dag.py:2305} INFO - Setting next_dagrun for example_dag_decorator to None
[2021-06-11 05:48:16,088] {scheduler_job.py:190} INFO - Processing /home/airflow/.local/lib/python3.6/site-packages/airflow/example_dags/example_dag_decorator.py took 0.305 seconds
[2021-06-11 05:48:46,610] {scheduler_job.py:182} INFO - Started process (PID=1753) to work on /home/airflow/.local/lib/python3.6/site-packages/airflow/example_dags/example_dag_decorator.py
[2021-06-11 05:48:46,612] {scheduler_job.py:633} INFO - Processing file /home/airflow/.local/lib/python3.6/site-packages/airflow/example_dags/example_dag_decorator.py for tasks to queue
[2021-06-11 05:48:46,613] {logging_mixin.py:104} INFO - [2021-06-11 05:48:46,613] {dagbag.py:487} INFO - Filling up the DagBag from /home/airflow/.local/lib/python3.6/site-packages/airflow/example_dags/example_dag_decorator.py
[2021-06-11 05:48:46,635] {scheduler_job.py:643} INFO - DAG(s) dict_keys(['example_dag_decorator']) retrieved from /home/airflow/.local/lib/python3.6/site-packages/airflow/example_dags/example_dag_decorator.py
[2021-06-11 05:48:46,916] {logging_mixin.py:104} INFO - [2021-06-11 05:48:46,916] {dag.py:1832} INFO - Sync 1 DAGs
[2021-06-11 05:48:46,926] {logging_mixin.py:104} INFO - [2021-06-11 05:48:46,926] {dag.py:2305} INFO - Setting next_dagrun for example_dag_decorator to None
[2021-06-11 05:48:46,939] {scheduler_job.py:190} INFO - Processing /home/airflow/.local/lib/python3.6/site-packages/airflow/example_dags/example_dag_decorator.py took 0.332 seconds
[2021-06-11 05:49:17,956] {scheduler_job.py:182} INFO - Started process (PID=1826) to work on /home/airflow/.local/lib/python3.6/site-packages/airflow/example_dags/example_dag_decorator.py
[2021-06-11 05:49:17,958] {scheduler_job.py:633} INFO - Processing file /home/airflow/.local/lib/python3.6/site-packages/airflow/example_dags/example_dag_decorator.py for tasks to queue
[2021-06-11 05:49:17,959] {logging_mixin.py:104} INFO - [2021-06-11 05:49:17,959] {dagbag.py:487} INFO - Filling up the DagBag from /home/airflow/.local/lib/python3.6/site-packages/airflow/example_dags/example_dag_decorator.py
[2021-06-11 05:49:17,982] {scheduler_job.py:643} INFO - DAG(s) dict_keys(['example_dag_decorator']) retrieved from /home/airflow/.local/lib/python3.6/site-packages/airflow/example_dags/example_dag_decorator.py
[2021-06-11 05:49:18,268] {logging_mixin.py:104} INFO - [2021-06-11 05:49:18,268] {dag.py:1832} INFO - Sync 1 DAGs
[2021-06-11 05:49:18,287] {logging_mixin.py:104} INFO - [2021-06-11 05:49:18,287] {dag.py:2305} INFO - Setting next_dagrun for example_dag_decorator to None
[2021-06-11 05:49:18,306] {scheduler_job.py:190} INFO - Processing /home/airflow/.local/lib/python3.6/site-packages/airflow/example_dags/example_dag_decorator.py took 0.353 seconds
[2021-06-11 05:49:49,067] {scheduler_job.py:182} INFO - Started process (PID=1908) to work on /home/airflow/.local/lib/python3.6/site-packages/airflow/example_dags/example_dag_decorator.py
[2021-06-11 05:49:49,087] {scheduler_job.py:633} INFO - Processing file /home/airflow/.local/lib/python3.6/site-packages/airflow/example_dags/example_dag_decorator.py for tasks to queue
[2021-06-11 05:49:49,089] {logging_mixin.py:104} INFO - [2021-06-11 05:49:49,089] {dagbag.py:487} INFO - Filling up the DagBag from /home/airflow/.local/lib/python3.6/site-packages/airflow/example_dags/example_dag_decorator.py
[2021-06-11 05:49:49,113] {scheduler_job.py:643} INFO - DAG(s) dict_keys(['example_dag_decorator']) retrieved from /home/airflow/.local/lib/python3.6/site-packages/airflow/example_dags/example_dag_decorator.py
[2021-06-11 05:49:49,458] {logging_mixin.py:104} INFO - [2021-06-11 05:49:49,458] {dag.py:1832} INFO - Sync 1 DAGs
[2021-06-11 05:49:49,483] {logging_mixin.py:104} INFO - [2021-06-11 05:49:49,483] {dag.py:2305} INFO - Setting next_dagrun for example_dag_decorator to None
[2021-06-11 05:49:49,500] {scheduler_job.py:190} INFO - Processing /home/airflow/.local/lib/python3.6/site-packages/airflow/example_dags/example_dag_decorator.py took 0.437 seconds
[2021-06-11 05:50:19,644] {scheduler_job.py:182} INFO - Started process (PID=1993) to work on /home/airflow/.local/lib/python3.6/site-packages/airflow/example_dags/example_dag_decorator.py
[2021-06-11 05:50:19,646] {scheduler_job.py:633} INFO - Processing file /home/airflow/.local/lib/python3.6/site-packages/airflow/example_dags/example_dag_decorator.py for tasks to queue
[2021-06-11 05:50:19,647] {logging_mixin.py:104} INFO - [2021-06-11 05:50:19,647] {dagbag.py:487} INFO - Filling up the DagBag from /home/airflow/.local/lib/python3.6/site-packages/airflow/example_dags/example_dag_decorator.py
[2021-06-11 05:50:19,687] {scheduler_job.py:643} INFO - DAG(s) dict_keys(['example_dag_decorator']) retrieved from /home/airflow/.local/lib/python3.6/site-packages/airflow/example_dags/example_dag_decorator.py
[2021-06-11 05:50:19,990] {logging_mixin.py:104} INFO - [2021-06-11 05:50:19,990] {dag.py:1832} INFO - Sync 1 DAGs
[2021-06-11 05:50:20,001] {logging_mixin.py:104} INFO - [2021-06-11 05:50:20,001] {dag.py:2305} INFO - Setting next_dagrun for example_dag_decorator to None
[2021-06-11 05:50:20,012] {scheduler_job.py:190} INFO - Processing /home/airflow/.local/lib/python3.6/site-packages/airflow/example_dags/example_dag_decorator.py took 0.372 seconds
[2021-06-11 05:50:50,576] {scheduler_job.py:182} INFO - Started process (PID=2060) to work on /home/airflow/.local/lib/python3.6/site-packages/airflow/example_dags/example_dag_decorator.py
[2021-06-11 05:50:50,578] {scheduler_job.py:633} INFO - Processing file /home/airflow/.local/lib/python3.6/site-packages/airflow/example_dags/example_dag_decorator.py for tasks to queue
[2021-06-11 05:50:50,580] {logging_mixin.py:104} INFO - [2021-06-11 05:50:50,580] {dagbag.py:487} INFO - Filling up the DagBag from /home/airflow/.local/lib/python3.6/site-packages/airflow/example_dags/example_dag_decorator.py
[2021-06-11 05:50:50,600] {scheduler_job.py:643} INFO - DAG(s) dict_keys(['example_dag_decorator']) retrieved from /home/airflow/.local/lib/python3.6/site-packages/airflow/example_dags/example_dag_decorator.py
[2021-06-11 05:50:50,847] {logging_mixin.py:104} INFO - [2021-06-11 05:50:50,847] {dag.py:1832} INFO - Sync 1 DAGs
[2021-06-11 05:50:50,857] {logging_mixin.py:104} INFO - [2021-06-11 05:50:50,857] {dag.py:2305} INFO - Setting next_dagrun for example_dag_decorator to None
[2021-06-11 05:50:50,868] {scheduler_job.py:190} INFO - Processing /home/airflow/.local/lib/python3.6/site-packages/airflow/example_dags/example_dag_decorator.py took 0.295 seconds
[2021-06-11 05:51:20,950] {scheduler_job.py:182} INFO - Started process (PID=2144) to work on /home/airflow/.local/lib/python3.6/site-packages/airflow/example_dags/example_dag_decorator.py
[2021-06-11 05:51:20,952] {scheduler_job.py:633} INFO - Processing file /home/airflow/.local/lib/python3.6/site-packages/airflow/example_dags/example_dag_decorator.py for tasks to queue
[2021-06-11 05:51:20,953] {logging_mixin.py:104} INFO - [2021-06-11 05:51:20,953] {dagbag.py:487} INFO - Filling up the DagBag from /home/airflow/.local/lib/python3.6/site-packages/airflow/example_dags/example_dag_decorator.py
[2021-06-11 05:51:20,972] {scheduler_job.py:643} INFO - DAG(s) dict_keys(['example_dag_decorator']) retrieved from /home/airflow/.local/lib/python3.6/site-packages/airflow/example_dags/example_dag_decorator.py
[2021-06-11 05:51:21,233] {logging_mixin.py:104} INFO - [2021-06-11 05:51:21,233] {dag.py:1832} INFO - Sync 1 DAGs
[2021-06-11 05:51:21,245] {logging_mixin.py:104} INFO - [2021-06-11 05:51:21,245] {dag.py:2305} INFO - Setting next_dagrun for example_dag_decorator to None
[2021-06-11 05:51:21,257] {scheduler_job.py:190} INFO - Processing /home/airflow/.local/lib/python3.6/site-packages/airflow/example_dags/example_dag_decorator.py took 0.311 seconds
[2021-06-11 05:51:51,419] {scheduler_job.py:182} INFO - Started process (PID=2224) to work on /home/airflow/.local/lib/python3.6/site-packages/airflow/example_dags/example_dag_decorator.py
[2021-06-11 05:51:51,421] {scheduler_job.py:633} INFO - Processing file /home/airflow/.local/lib/python3.6/site-packages/airflow/example_dags/example_dag_decorator.py for tasks to queue
[2021-06-11 05:51:51,422] {logging_mixin.py:104} INFO - [2021-06-11 05:51:51,422] {dagbag.py:487} INFO - Filling up the DagBag from /home/airflow/.local/lib/python3.6/site-packages/airflow/example_dags/example_dag_decorator.py
[2021-06-11 05:51:51,443] {scheduler_job.py:643} INFO - DAG(s) dict_keys(['example_dag_decorator']) retrieved from /home/airflow/.local/lib/python3.6/site-packages/airflow/example_dags/example_dag_decorator.py
[2021-06-11 05:51:51,706] {logging_mixin.py:104} INFO - [2021-06-11 05:51:51,706] {dag.py:1832} INFO - Sync 1 DAGs
[2021-06-11 05:51:51,718] {logging_mixin.py:104} INFO - [2021-06-11 05:51:51,717] {dag.py:2305} INFO - Setting next_dagrun for example_dag_decorator to None
[2021-06-11 05:51:51,728] {scheduler_job.py:190} INFO - Processing /home/airflow/.local/lib/python3.6/site-packages/airflow/example_dags/example_dag_decorator.py took 0.312 seconds
[2021-06-11 05:52:22,522] {scheduler_job.py:182} INFO - Started process (PID=2297) to work on /home/airflow/.local/lib/python3.6/site-packages/airflow/example_dags/example_dag_decorator.py
[2021-06-11 05:52:22,524] {scheduler_job.py:633} INFO - Processing file /home/airflow/.local/lib/python3.6/site-packages/airflow/example_dags/example_dag_decorator.py for tasks to queue
[2021-06-11 05:52:22,525] {logging_mixin.py:104} INFO - [2021-06-11 05:52:22,525] {dagbag.py:487} INFO - Filling up the DagBag from /home/airflow/.local/lib/python3.6/site-packages/airflow/example_dags/example_dag_decorator.py
[2021-06-11 05:52:22,544] {scheduler_job.py:643} INFO - DAG(s) dict_keys(['example_dag_decorator']) retrieved from /home/airflow/.local/lib/python3.6/site-packages/airflow/example_dags/example_dag_decorator.py
[2021-06-11 05:52:22,761] {logging_mixin.py:104} INFO - [2021-06-11 05:52:22,761] {dag.py:1832} INFO - Sync 1 DAGs
[2021-06-11 05:52:22,773] {logging_mixin.py:104} INFO - [2021-06-11 05:52:22,772] {dag.py:2305} INFO - Setting next_dagrun for example_dag_decorator to None
[2021-06-11 05:52:22,783] {scheduler_job.py:190} INFO - Processing /home/airflow/.local/lib/python3.6/site-packages/airflow/example_dags/example_dag_decorator.py took 0.298 seconds
[2021-06-11 05:52:52,992] {scheduler_job.py:182} INFO - Started process (PID=2381) to work on /home/airflow/.local/lib/python3.6/site-packages/airflow/example_dags/example_dag_decorator.py
[2021-06-11 05:52:52,993] {scheduler_job.py:633} INFO - Processing file /home/airflow/.local/lib/python3.6/site-packages/airflow/example_dags/example_dag_decorator.py for tasks to queue
[2021-06-11 05:52:52,994] {logging_mixin.py:104} INFO - [2021-06-11 05:52:52,994] {dagbag.py:487} INFO - Filling up the DagBag from /home/airflow/.local/lib/python3.6/site-packages/airflow/example_dags/example_dag_decorator.py
[2021-06-11 05:52:53,012] {scheduler_job.py:643} INFO - DAG(s) dict_keys(['example_dag_decorator']) retrieved from /home/airflow/.local/lib/python3.6/site-packages/airflow/example_dags/example_dag_decorator.py
[2021-06-11 05:52:53,248] {logging_mixin.py:104} INFO - [2021-06-11 05:52:53,248] {dag.py:1832} INFO - Sync 1 DAGs
[2021-06-11 05:52:53,258] {logging_mixin.py:104} INFO - [2021-06-11 05:52:53,258] {dag.py:2305} INFO - Setting next_dagrun for example_dag_decorator to None
[2021-06-11 05:52:53,268] {scheduler_job.py:190} INFO - Processing /home/airflow/.local/lib/python3.6/site-packages/airflow/example_dags/example_dag_decorator.py took 0.280 seconds
[2021-06-11 05:53:23,675] {scheduler_job.py:182} INFO - Started process (PID=2458) to work on /home/airflow/.local/lib/python3.6/site-packages/airflow/example_dags/example_dag_decorator.py
[2021-06-11 05:53:23,676] {scheduler_job.py:633} INFO - Processing file /home/airflow/.local/lib/python3.6/site-packages/airflow/example_dags/example_dag_decorator.py for tasks to queue
[2021-06-11 05:53:23,677] {logging_mixin.py:104} INFO - [2021-06-11 05:53:23,677] {dagbag.py:487} INFO - Filling up the DagBag from /home/airflow/.local/lib/python3.6/site-packages/airflow/example_dags/example_dag_decorator.py
[2021-06-11 05:53:23,696] {scheduler_job.py:643} INFO - DAG(s) dict_keys(['example_dag_decorator']) retrieved from /home/airflow/.local/lib/python3.6/site-packages/airflow/example_dags/example_dag_decorator.py
[2021-06-11 05:53:23,934] {logging_mixin.py:104} INFO - [2021-06-11 05:53:23,934] {dag.py:1832} INFO - Sync 1 DAGs
[2021-06-11 05:53:23,945] {logging_mixin.py:104} INFO - [2021-06-11 05:53:23,945] {dag.py:2305} INFO - Setting next_dagrun for example_dag_decorator to None
[2021-06-11 05:53:23,955] {scheduler_job.py:190} INFO - Processing /home/airflow/.local/lib/python3.6/site-packages/airflow/example_dags/example_dag_decorator.py took 0.283 seconds
[2021-06-11 05:53:54,153] {scheduler_job.py:182} INFO - Started process (PID=2531) to work on /home/airflow/.local/lib/python3.6/site-packages/airflow/example_dags/example_dag_decorator.py
[2021-06-11 05:53:54,154] {scheduler_job.py:633} INFO - Processing file /home/airflow/.local/lib/python3.6/site-packages/airflow/example_dags/example_dag_decorator.py for tasks to queue
[2021-06-11 05:53:54,156] {logging_mixin.py:104} INFO - [2021-06-11 05:53:54,156] {dagbag.py:487} INFO - Filling up the DagBag from /home/airflow/.local/lib/python3.6/site-packages/airflow/example_dags/example_dag_decorator.py
[2021-06-11 05:53:54,177] {scheduler_job.py:643} INFO - DAG(s) dict_keys(['example_dag_decorator']) retrieved from /home/airflow/.local/lib/python3.6/site-packages/airflow/example_dags/example_dag_decorator.py
[2021-06-11 05:53:54,402] {logging_mixin.py:104} INFO - [2021-06-11 05:53:54,402] {dag.py:1832} INFO - Sync 1 DAGs
[2021-06-11 05:53:54,413] {logging_mixin.py:104} INFO - [2021-06-11 05:53:54,413] {dag.py:2305} INFO - Setting next_dagrun for example_dag_decorator to None
[2021-06-11 05:53:54,422] {scheduler_job.py:190} INFO - Processing /home/airflow/.local/lib/python3.6/site-packages/airflow/example_dags/example_dag_decorator.py took 0.273 seconds
[2021-06-11 05:54:24,792] {scheduler_job.py:182} INFO - Started process (PID=2616) to work on /home/airflow/.local/lib/python3.6/site-packages/airflow/example_dags/example_dag_decorator.py
[2021-06-11 05:54:24,793] {scheduler_job.py:633} INFO - Processing file /home/airflow/.local/lib/python3.6/site-packages/airflow/example_dags/example_dag_decorator.py for tasks to queue
[2021-06-11 05:54:24,795] {logging_mixin.py:104} INFO - [2021-06-11 05:54:24,794] {dagbag.py:487} INFO - Filling up the DagBag from /home/airflow/.local/lib/python3.6/site-packages/airflow/example_dags/example_dag_decorator.py
[2021-06-11 05:54:24,814] {scheduler_job.py:643} INFO - DAG(s) dict_keys(['example_dag_decorator']) retrieved from /home/airflow/.local/lib/python3.6/site-packages/airflow/example_dags/example_dag_decorator.py
[2021-06-11 05:54:25,056] {logging_mixin.py:104} INFO - [2021-06-11 05:54:25,056] {dag.py:1832} INFO - Sync 1 DAGs
[2021-06-11 05:54:25,068] {logging_mixin.py:104} INFO - [2021-06-11 05:54:25,067] {dag.py:2305} INFO - Setting next_dagrun for example_dag_decorator to None
[2021-06-11 05:54:25,078] {scheduler_job.py:190} INFO - Processing /home/airflow/.local/lib/python3.6/site-packages/airflow/example_dags/example_dag_decorator.py took 0.291 seconds
[2021-06-11 05:54:55,546] {scheduler_job.py:182} INFO - Started process (PID=2700) to work on /home/airflow/.local/lib/python3.6/site-packages/airflow/example_dags/example_dag_decorator.py
[2021-06-11 05:54:55,548] {scheduler_job.py:633} INFO - Processing file /home/airflow/.local/lib/python3.6/site-packages/airflow/example_dags/example_dag_decorator.py for tasks to queue
[2021-06-11 05:54:55,549] {logging_mixin.py:104} INFO - [2021-06-11 05:54:55,549] {dagbag.py:487} INFO - Filling up the DagBag from /home/airflow/.local/lib/python3.6/site-packages/airflow/example_dags/example_dag_decorator.py
[2021-06-11 05:54:55,569] {scheduler_job.py:643} INFO - DAG(s) dict_keys(['example_dag_decorator']) retrieved from /home/airflow/.local/lib/python3.6/site-packages/airflow/example_dags/example_dag_decorator.py
[2021-06-11 05:54:55,855] {logging_mixin.py:104} INFO - [2021-06-11 05:54:55,855] {dag.py:1832} INFO - Sync 1 DAGs
[2021-06-11 05:54:55,877] {logging_mixin.py:104} INFO - [2021-06-11 05:54:55,877] {dag.py:2305} INFO - Setting next_dagrun for example_dag_decorator to None
[2021-06-11 05:54:55,899] {scheduler_job.py:190} INFO - Processing /home/airflow/.local/lib/python3.6/site-packages/airflow/example_dags/example_dag_decorator.py took 0.357 seconds
[2021-06-11 05:55:26,188] {scheduler_job.py:182} INFO - Started process (PID=2765) to work on /home/airflow/.local/lib/python3.6/site-packages/airflow/example_dags/example_dag_decorator.py
[2021-06-11 05:55:26,190] {scheduler_job.py:633} INFO - Processing file /home/airflow/.local/lib/python3.6/site-packages/airflow/example_dags/example_dag_decorator.py for tasks to queue
[2021-06-11 05:55:26,191] {logging_mixin.py:104} INFO - [2021-06-11 05:55:26,191] {dagbag.py:487} INFO - Filling up the DagBag from /home/airflow/.local/lib/python3.6/site-packages/airflow/example_dags/example_dag_decorator.py
[2021-06-11 05:55:26,211] {scheduler_job.py:643} INFO - DAG(s) dict_keys(['example_dag_decorator']) retrieved from /home/airflow/.local/lib/python3.6/site-packages/airflow/example_dags/example_dag_decorator.py
[2021-06-11 05:55:26,443] {logging_mixin.py:104} INFO - [2021-06-11 05:55:26,443] {dag.py:1832} INFO - Sync 1 DAGs
[2021-06-11 05:55:26,469] {logging_mixin.py:104} INFO - [2021-06-11 05:55:26,469] {dag.py:2305} INFO - Setting next_dagrun for example_dag_decorator to None
[2021-06-11 05:55:26,478] {scheduler_job.py:190} INFO - Processing /home/airflow/.local/lib/python3.6/site-packages/airflow/example_dags/example_dag_decorator.py took 0.293 seconds
[2021-06-11 05:55:56,655] {scheduler_job.py:182} INFO - Started process (PID=2848) to work on /home/airflow/.local/lib/python3.6/site-packages/airflow/example_dags/example_dag_decorator.py
[2021-06-11 05:55:56,657] {scheduler_job.py:633} INFO - Processing file /home/airflow/.local/lib/python3.6/site-packages/airflow/example_dags/example_dag_decorator.py for tasks to queue
[2021-06-11 05:55:56,658] {logging_mixin.py:104} INFO - [2021-06-11 05:55:56,658] {dagbag.py:487} INFO - Filling up the DagBag from /home/airflow/.local/lib/python3.6/site-packages/airflow/example_dags/example_dag_decorator.py
[2021-06-11 05:55:56,680] {scheduler_job.py:643} INFO - DAG(s) dict_keys(['example_dag_decorator']) retrieved from /home/airflow/.local/lib/python3.6/site-packages/airflow/example_dags/example_dag_decorator.py
[2021-06-11 05:55:56,943] {logging_mixin.py:104} INFO - [2021-06-11 05:55:56,943] {dag.py:1832} INFO - Sync 1 DAGs
[2021-06-11 05:55:56,957] {logging_mixin.py:104} INFO - [2021-06-11 05:55:56,957] {dag.py:2305} INFO - Setting next_dagrun for example_dag_decorator to None
[2021-06-11 05:55:56,969] {scheduler_job.py:190} INFO - Processing /home/airflow/.local/lib/python3.6/site-packages/airflow/example_dags/example_dag_decorator.py took 0.318 seconds
[2021-06-11 05:56:27,332] {scheduler_job.py:182} INFO - Started process (PID=2927) to work on /home/airflow/.local/lib/python3.6/site-packages/airflow/example_dags/example_dag_decorator.py
[2021-06-11 05:56:27,334] {scheduler_job.py:633} INFO - Processing file /home/airflow/.local/lib/python3.6/site-packages/airflow/example_dags/example_dag_decorator.py for tasks to queue
[2021-06-11 05:56:27,336] {logging_mixin.py:104} INFO - [2021-06-11 05:56:27,336] {dagbag.py:487} INFO - Filling up the DagBag from /home/airflow/.local/lib/python3.6/site-packages/airflow/example_dags/example_dag_decorator.py
[2021-06-11 05:56:27,363] {scheduler_job.py:643} INFO - DAG(s) dict_keys(['example_dag_decorator']) retrieved from /home/airflow/.local/lib/python3.6/site-packages/airflow/example_dags/example_dag_decorator.py
[2021-06-11 05:56:27,386] {logging_mixin.py:104} INFO - [2021-06-11 05:56:27,386] {dag.py:1832} INFO - Sync 1 DAGs
[2021-06-11 05:56:27,410] {logging_mixin.py:104} INFO - [2021-06-11 05:56:27,409] {dag.py:2305} INFO - Setting next_dagrun for example_dag_decorator to None
[2021-06-11 05:56:27,423] {scheduler_job.py:190} INFO - Processing /home/airflow/.local/lib/python3.6/site-packages/airflow/example_dags/example_dag_decorator.py took 0.094 seconds
[2021-06-11 05:56:57,863] {scheduler_job.py:182} INFO - Started process (PID=3002) to work on /home/airflow/.local/lib/python3.6/site-packages/airflow/example_dags/example_dag_decorator.py
[2021-06-11 05:56:57,864] {scheduler_job.py:633} INFO - Processing file /home/airflow/.local/lib/python3.6/site-packages/airflow/example_dags/example_dag_decorator.py for tasks to queue
[2021-06-11 05:56:57,866] {logging_mixin.py:104} INFO - [2021-06-11 05:56:57,866] {dagbag.py:487} INFO - Filling up the DagBag from /home/airflow/.local/lib/python3.6/site-packages/airflow/example_dags/example_dag_decorator.py
[2021-06-11 05:56:57,894] {scheduler_job.py:643} INFO - DAG(s) dict_keys(['example_dag_decorator']) retrieved from /home/airflow/.local/lib/python3.6/site-packages/airflow/example_dags/example_dag_decorator.py
[2021-06-11 05:56:58,151] {logging_mixin.py:104} INFO - [2021-06-11 05:56:58,151] {dag.py:1832} INFO - Sync 1 DAGs
[2021-06-11 05:56:58,162] {logging_mixin.py:104} INFO - [2021-06-11 05:56:58,162] {dag.py:2305} INFO - Setting next_dagrun for example_dag_decorator to None
[2021-06-11 05:56:58,172] {scheduler_job.py:190} INFO - Processing /home/airflow/.local/lib/python3.6/site-packages/airflow/example_dags/example_dag_decorator.py took 0.312 seconds
[2021-06-11 05:57:28,196] {scheduler_job.py:182} INFO - Started process (PID=3083) to work on /home/airflow/.local/lib/python3.6/site-packages/airflow/example_dags/example_dag_decorator.py
[2021-06-11 05:57:28,198] {scheduler_job.py:633} INFO - Processing file /home/airflow/.local/lib/python3.6/site-packages/airflow/example_dags/example_dag_decorator.py for tasks to queue
[2021-06-11 05:57:28,199] {logging_mixin.py:104} INFO - [2021-06-11 05:57:28,199] {dagbag.py:487} INFO - Filling up the DagBag from /home/airflow/.local/lib/python3.6/site-packages/airflow/example_dags/example_dag_decorator.py
[2021-06-11 05:57:28,217] {scheduler_job.py:643} INFO - DAG(s) dict_keys(['example_dag_decorator']) retrieved from /home/airflow/.local/lib/python3.6/site-packages/airflow/example_dags/example_dag_decorator.py
[2021-06-11 05:57:28,439] {logging_mixin.py:104} INFO - [2021-06-11 05:57:28,439] {dag.py:1832} INFO - Sync 1 DAGs
[2021-06-11 05:57:28,451] {logging_mixin.py:104} INFO - [2021-06-11 05:57:28,451] {dag.py:2305} INFO - Setting next_dagrun for example_dag_decorator to None
[2021-06-11 05:57:28,461] {scheduler_job.py:190} INFO - Processing /home/airflow/.local/lib/python3.6/site-packages/airflow/example_dags/example_dag_decorator.py took 0.268 seconds
[2021-06-11 05:57:59,377] {scheduler_job.py:182} INFO - Started process (PID=3161) to work on /home/airflow/.local/lib/python3.6/site-packages/airflow/example_dags/example_dag_decorator.py
[2021-06-11 05:57:59,378] {scheduler_job.py:633} INFO - Processing file /home/airflow/.local/lib/python3.6/site-packages/airflow/example_dags/example_dag_decorator.py for tasks to queue
[2021-06-11 05:57:59,380] {logging_mixin.py:104} INFO - [2021-06-11 05:57:59,380] {dagbag.py:487} INFO - Filling up the DagBag from /home/airflow/.local/lib/python3.6/site-packages/airflow/example_dags/example_dag_decorator.py
[2021-06-11 05:57:59,401] {scheduler_job.py:643} INFO - DAG(s) dict_keys(['example_dag_decorator']) retrieved from /home/airflow/.local/lib/python3.6/site-packages/airflow/example_dags/example_dag_decorator.py
[2021-06-11 05:57:59,715] {logging_mixin.py:104} INFO - [2021-06-11 05:57:59,715] {dag.py:1832} INFO - Sync 1 DAGs
[2021-06-11 05:57:59,727] {logging_mixin.py:104} INFO - [2021-06-11 05:57:59,727] {dag.py:2305} INFO - Setting next_dagrun for example_dag_decorator to None
[2021-06-11 05:57:59,740] {scheduler_job.py:190} INFO - Processing /home/airflow/.local/lib/python3.6/site-packages/airflow/example_dags/example_dag_decorator.py took 0.367 seconds
[2021-06-11 05:58:30,616] {scheduler_job.py:182} INFO - Started process (PID=3234) to work on /home/airflow/.local/lib/python3.6/site-packages/airflow/example_dags/example_dag_decorator.py
[2021-06-11 05:58:30,620] {scheduler_job.py:633} INFO - Processing file /home/airflow/.local/lib/python3.6/site-packages/airflow/example_dags/example_dag_decorator.py for tasks to queue
[2021-06-11 05:58:30,621] {logging_mixin.py:104} INFO - [2021-06-11 05:58:30,621] {dagbag.py:487} INFO - Filling up the DagBag from /home/airflow/.local/lib/python3.6/site-packages/airflow/example_dags/example_dag_decorator.py
[2021-06-11 05:58:30,641] {scheduler_job.py:643} INFO - DAG(s) dict_keys(['example_dag_decorator']) retrieved from /home/airflow/.local/lib/python3.6/site-packages/airflow/example_dags/example_dag_decorator.py
[2021-06-11 05:58:30,947] {logging_mixin.py:104} INFO - [2021-06-11 05:58:30,946] {dag.py:1832} INFO - Sync 1 DAGs
[2021-06-11 05:58:30,961] {logging_mixin.py:104} INFO - [2021-06-11 05:58:30,960] {dag.py:2305} INFO - Setting next_dagrun for example_dag_decorator to None
[2021-06-11 05:58:30,976] {scheduler_job.py:190} INFO - Processing /home/airflow/.local/lib/python3.6/site-packages/airflow/example_dags/example_dag_decorator.py took 0.367 seconds
[2021-06-11 05:59:01,838] {scheduler_job.py:182} INFO - Started process (PID=3320) to work on /home/airflow/.local/lib/python3.6/site-packages/airflow/example_dags/example_dag_decorator.py
[2021-06-11 05:59:01,839] {scheduler_job.py:633} INFO - Processing file /home/airflow/.local/lib/python3.6/site-packages/airflow/example_dags/example_dag_decorator.py for tasks to queue
[2021-06-11 05:59:01,840] {logging_mixin.py:104} INFO - [2021-06-11 05:59:01,840] {dagbag.py:487} INFO - Filling up the DagBag from /home/airflow/.local/lib/python3.6/site-packages/airflow/example_dags/example_dag_decorator.py
[2021-06-11 05:59:01,861] {scheduler_job.py:643} INFO - DAG(s) dict_keys(['example_dag_decorator']) retrieved from /home/airflow/.local/lib/python3.6/site-packages/airflow/example_dags/example_dag_decorator.py
[2021-06-11 05:59:01,884] {logging_mixin.py:104} INFO - [2021-06-11 05:59:01,884] {dag.py:1832} INFO - Sync 1 DAGs
[2021-06-11 05:59:01,900] {logging_mixin.py:104} INFO - [2021-06-11 05:59:01,900] {dag.py:2305} INFO - Setting next_dagrun for example_dag_decorator to None
[2021-06-11 05:59:01,910] {scheduler_job.py:190} INFO - Processing /home/airflow/.local/lib/python3.6/site-packages/airflow/example_dags/example_dag_decorator.py took 0.076 seconds
[2021-06-11 05:59:32,018] {scheduler_job.py:182} INFO - Started process (PID=3395) to work on /home/airflow/.local/lib/python3.6/site-packages/airflow/example_dags/example_dag_decorator.py
[2021-06-11 05:59:32,019] {scheduler_job.py:633} INFO - Processing file /home/airflow/.local/lib/python3.6/site-packages/airflow/example_dags/example_dag_decorator.py for tasks to queue
[2021-06-11 05:59:32,020] {logging_mixin.py:104} INFO - [2021-06-11 05:59:32,020] {dagbag.py:487} INFO - Filling up the DagBag from /home/airflow/.local/lib/python3.6/site-packages/airflow/example_dags/example_dag_decorator.py
[2021-06-11 05:59:32,043] {scheduler_job.py:643} INFO - DAG(s) dict_keys(['example_dag_decorator']) retrieved from /home/airflow/.local/lib/python3.6/site-packages/airflow/example_dags/example_dag_decorator.py
[2021-06-11 05:59:32,294] {logging_mixin.py:104} INFO - [2021-06-11 05:59:32,294] {dag.py:1832} INFO - Sync 1 DAGs
[2021-06-11 05:59:32,304] {logging_mixin.py:104} INFO - [2021-06-11 05:59:32,303] {dag.py:2305} INFO - Setting next_dagrun for example_dag_decorator to None
[2021-06-11 05:59:32,312] {scheduler_job.py:190} INFO - Processing /home/airflow/.local/lib/python3.6/site-packages/airflow/example_dags/example_dag_decorator.py took 0.298 seconds
[2021-06-11 06:00:03,209] {scheduler_job.py:182} INFO - Started process (PID=3470) to work on /home/airflow/.local/lib/python3.6/site-packages/airflow/example_dags/example_dag_decorator.py
[2021-06-11 06:00:03,211] {scheduler_job.py:633} INFO - Processing file /home/airflow/.local/lib/python3.6/site-packages/airflow/example_dags/example_dag_decorator.py for tasks to queue
[2021-06-11 06:00:03,213] {logging_mixin.py:104} INFO - [2021-06-11 06:00:03,212] {dagbag.py:487} INFO - Filling up the DagBag from /home/airflow/.local/lib/python3.6/site-packages/airflow/example_dags/example_dag_decorator.py
[2021-06-11 06:00:03,238] {scheduler_job.py:643} INFO - DAG(s) dict_keys(['example_dag_decorator']) retrieved from /home/airflow/.local/lib/python3.6/site-packages/airflow/example_dags/example_dag_decorator.py
[2021-06-11 06:00:03,608] {logging_mixin.py:104} INFO - [2021-06-11 06:00:03,608] {dag.py:1832} INFO - Sync 1 DAGs
[2021-06-11 06:00:03,621] {logging_mixin.py:104} INFO - [2021-06-11 06:00:03,621] {dag.py:2305} INFO - Setting next_dagrun for example_dag_decorator to None
[2021-06-11 06:00:03,633] {scheduler_job.py:190} INFO - Processing /home/airflow/.local/lib/python3.6/site-packages/airflow/example_dags/example_dag_decorator.py took 0.428 seconds
[2021-06-11 06:00:34,424] {scheduler_job.py:182} INFO - Started process (PID=3553) to work on /home/airflow/.local/lib/python3.6/site-packages/airflow/example_dags/example_dag_decorator.py
[2021-06-11 06:00:34,426] {scheduler_job.py:633} INFO - Processing file /home/airflow/.local/lib/python3.6/site-packages/airflow/example_dags/example_dag_decorator.py for tasks to queue
[2021-06-11 06:00:34,427] {logging_mixin.py:104} INFO - [2021-06-11 06:00:34,427] {dagbag.py:487} INFO - Filling up the DagBag from /home/airflow/.local/lib/python3.6/site-packages/airflow/example_dags/example_dag_decorator.py
[2021-06-11 06:00:34,448] {scheduler_job.py:643} INFO - DAG(s) dict_keys(['example_dag_decorator']) retrieved from /home/airflow/.local/lib/python3.6/site-packages/airflow/example_dags/example_dag_decorator.py
[2021-06-11 06:00:34,827] {logging_mixin.py:104} INFO - [2021-06-11 06:00:34,827] {dag.py:1832} INFO - Sync 1 DAGs
[2021-06-11 06:00:34,841] {logging_mixin.py:104} INFO - [2021-06-11 06:00:34,841] {dag.py:2305} INFO - Setting next_dagrun for example_dag_decorator to None
[2021-06-11 06:00:34,858] {scheduler_job.py:190} INFO - Processing /home/airflow/.local/lib/python3.6/site-packages/airflow/example_dags/example_dag_decorator.py took 0.439 seconds
[2021-06-11 06:01:05,539] {scheduler_job.py:182} INFO - Started process (PID=3636) to work on /home/airflow/.local/lib/python3.6/site-packages/airflow/example_dags/example_dag_decorator.py
[2021-06-11 06:01:05,541] {scheduler_job.py:633} INFO - Processing file /home/airflow/.local/lib/python3.6/site-packages/airflow/example_dags/example_dag_decorator.py for tasks to queue
[2021-06-11 06:01:05,542] {logging_mixin.py:104} INFO - [2021-06-11 06:01:05,542] {dagbag.py:487} INFO - Filling up the DagBag from /home/airflow/.local/lib/python3.6/site-packages/airflow/example_dags/example_dag_decorator.py
[2021-06-11 06:01:05,562] {scheduler_job.py:643} INFO - DAG(s) dict_keys(['example_dag_decorator']) retrieved from /home/airflow/.local/lib/python3.6/site-packages/airflow/example_dags/example_dag_decorator.py
[2021-06-11 06:01:05,826] {logging_mixin.py:104} INFO - [2021-06-11 06:01:05,826] {dag.py:1832} INFO - Sync 1 DAGs
[2021-06-11 06:01:05,842] {logging_mixin.py:104} INFO - [2021-06-11 06:01:05,842] {dag.py:2305} INFO - Setting next_dagrun for example_dag_decorator to None
[2021-06-11 06:01:05,854] {scheduler_job.py:190} INFO - Processing /home/airflow/.local/lib/python3.6/site-packages/airflow/example_dags/example_dag_decorator.py took 0.319 seconds
[2021-06-11 06:01:35,970] {scheduler_job.py:182} INFO - Started process (PID=3705) to work on /home/airflow/.local/lib/python3.6/site-packages/airflow/example_dags/example_dag_decorator.py
[2021-06-11 06:01:35,971] {scheduler_job.py:633} INFO - Processing file /home/airflow/.local/lib/python3.6/site-packages/airflow/example_dags/example_dag_decorator.py for tasks to queue
[2021-06-11 06:01:35,973] {logging_mixin.py:104} INFO - [2021-06-11 06:01:35,972] {dagbag.py:487} INFO - Filling up the DagBag from /home/airflow/.local/lib/python3.6/site-packages/airflow/example_dags/example_dag_decorator.py
[2021-06-11 06:01:35,995] {scheduler_job.py:643} INFO - DAG(s) dict_keys(['example_dag_decorator']) retrieved from /home/airflow/.local/lib/python3.6/site-packages/airflow/example_dags/example_dag_decorator.py
[2021-06-11 06:01:36,262] {logging_mixin.py:104} INFO - [2021-06-11 06:01:36,262] {dag.py:1832} INFO - Sync 1 DAGs
[2021-06-11 06:01:36,272] {logging_mixin.py:104} INFO - [2021-06-11 06:01:36,271] {dag.py:2305} INFO - Setting next_dagrun for example_dag_decorator to None
[2021-06-11 06:01:36,281] {scheduler_job.py:190} INFO - Processing /home/airflow/.local/lib/python3.6/site-packages/airflow/example_dags/example_dag_decorator.py took 0.315 seconds
[2021-06-11 06:02:07,053] {scheduler_job.py:182} INFO - Started process (PID=3789) to work on /home/airflow/.local/lib/python3.6/site-packages/airflow/example_dags/example_dag_decorator.py
[2021-06-11 06:02:07,055] {scheduler_job.py:633} INFO - Processing file /home/airflow/.local/lib/python3.6/site-packages/airflow/example_dags/example_dag_decorator.py for tasks to queue
[2021-06-11 06:02:07,056] {logging_mixin.py:104} INFO - [2021-06-11 06:02:07,056] {dagbag.py:487} INFO - Filling up the DagBag from /home/airflow/.local/lib/python3.6/site-packages/airflow/example_dags/example_dag_decorator.py
[2021-06-11 06:02:07,078] {scheduler_job.py:643} INFO - DAG(s) dict_keys(['example_dag_decorator']) retrieved from /home/airflow/.local/lib/python3.6/site-packages/airflow/example_dags/example_dag_decorator.py
[2021-06-11 06:02:07,103] {logging_mixin.py:104} INFO - [2021-06-11 06:02:07,103] {dag.py:1832} INFO - Sync 1 DAGs
[2021-06-11 06:02:07,121] {logging_mixin.py:104} INFO - [2021-06-11 06:02:07,121] {dag.py:2305} INFO - Setting next_dagrun for example_dag_decorator to None
[2021-06-11 06:02:07,131] {scheduler_job.py:190} INFO - Processing /home/airflow/.local/lib/python3.6/site-packages/airflow/example_dags/example_dag_decorator.py took 0.082 seconds
[2021-06-11 06:02:37,765] {scheduler_job.py:182} INFO - Started process (PID=3873) to work on /home/airflow/.local/lib/python3.6/site-packages/airflow/example_dags/example_dag_decorator.py
[2021-06-11 06:02:37,767] {scheduler_job.py:633} INFO - Processing file /home/airflow/.local/lib/python3.6/site-packages/airflow/example_dags/example_dag_decorator.py for tasks to queue
[2021-06-11 06:02:37,768] {logging_mixin.py:104} INFO - [2021-06-11 06:02:37,768] {dagbag.py:487} INFO - Filling up the DagBag from /home/airflow/.local/lib/python3.6/site-packages/airflow/example_dags/example_dag_decorator.py
[2021-06-11 06:02:37,791] {scheduler_job.py:643} INFO - DAG(s) dict_keys(['example_dag_decorator']) retrieved from /home/airflow/.local/lib/python3.6/site-packages/airflow/example_dags/example_dag_decorator.py
[2021-06-11 06:02:38,096] {logging_mixin.py:104} INFO - [2021-06-11 06:02:38,096] {dag.py:1832} INFO - Sync 1 DAGs
[2021-06-11 06:02:38,118] {logging_mixin.py:104} INFO - [2021-06-11 06:02:38,118] {dag.py:2305} INFO - Setting next_dagrun for example_dag_decorator to None
[2021-06-11 06:02:38,133] {scheduler_job.py:190} INFO - Processing /home/airflow/.local/lib/python3.6/site-packages/airflow/example_dags/example_dag_decorator.py took 0.372 seconds
[2021-06-11 06:03:08,311] {scheduler_job.py:182} INFO - Started process (PID=3941) to work on /home/airflow/.local/lib/python3.6/site-packages/airflow/example_dags/example_dag_decorator.py
[2021-06-11 06:03:08,313] {scheduler_job.py:633} INFO - Processing file /home/airflow/.local/lib/python3.6/site-packages/airflow/example_dags/example_dag_decorator.py for tasks to queue
[2021-06-11 06:03:08,314] {logging_mixin.py:104} INFO - [2021-06-11 06:03:08,314] {dagbag.py:487} INFO - Filling up the DagBag from /home/airflow/.local/lib/python3.6/site-packages/airflow/example_dags/example_dag_decorator.py
[2021-06-11 06:03:08,334] {scheduler_job.py:643} INFO - DAG(s) dict_keys(['example_dag_decorator']) retrieved from /home/airflow/.local/lib/python3.6/site-packages/airflow/example_dags/example_dag_decorator.py
[2021-06-11 06:03:08,606] {logging_mixin.py:104} INFO - [2021-06-11 06:03:08,606] {dag.py:1832} INFO - Sync 1 DAGs
[2021-06-11 06:03:08,619] {logging_mixin.py:104} INFO - [2021-06-11 06:03:08,619] {dag.py:2305} INFO - Setting next_dagrun for example_dag_decorator to None
[2021-06-11 06:03:08,650] {scheduler_job.py:190} INFO - Processing /home/airflow/.local/lib/python3.6/site-packages/airflow/example_dags/example_dag_decorator.py took 0.342 seconds
[2021-06-11 06:03:39,492] {scheduler_job.py:182} INFO - Started process (PID=4026) to work on /home/airflow/.local/lib/python3.6/site-packages/airflow/example_dags/example_dag_decorator.py
[2021-06-11 06:03:39,493] {scheduler_job.py:633} INFO - Processing file /home/airflow/.local/lib/python3.6/site-packages/airflow/example_dags/example_dag_decorator.py for tasks to queue
[2021-06-11 06:03:39,495] {logging_mixin.py:104} INFO - [2021-06-11 06:03:39,494] {dagbag.py:487} INFO - Filling up the DagBag from /home/airflow/.local/lib/python3.6/site-packages/airflow/example_dags/example_dag_decorator.py
[2021-06-11 06:03:39,516] {scheduler_job.py:643} INFO - DAG(s) dict_keys(['example_dag_decorator']) retrieved from /home/airflow/.local/lib/python3.6/site-packages/airflow/example_dags/example_dag_decorator.py
[2021-06-11 06:03:39,790] {logging_mixin.py:104} INFO - [2021-06-11 06:03:39,790] {dag.py:1832} INFO - Sync 1 DAGs
[2021-06-11 06:03:39,800] {logging_mixin.py:104} INFO - [2021-06-11 06:03:39,800] {dag.py:2305} INFO - Setting next_dagrun for example_dag_decorator to None
[2021-06-11 06:03:39,811] {scheduler_job.py:190} INFO - Processing /home/airflow/.local/lib/python3.6/site-packages/airflow/example_dags/example_dag_decorator.py took 0.322 seconds
[2021-06-11 06:04:10,543] {scheduler_job.py:182} INFO - Started process (PID=4104) to work on /home/airflow/.local/lib/python3.6/site-packages/airflow/example_dags/example_dag_decorator.py
[2021-06-11 06:04:10,544] {scheduler_job.py:633} INFO - Processing file /home/airflow/.local/lib/python3.6/site-packages/airflow/example_dags/example_dag_decorator.py for tasks to queue
[2021-06-11 06:04:10,546] {logging_mixin.py:104} INFO - [2021-06-11 06:04:10,545] {dagbag.py:487} INFO - Filling up the DagBag from /home/airflow/.local/lib/python3.6/site-packages/airflow/example_dags/example_dag_decorator.py
[2021-06-11 06:04:10,566] {scheduler_job.py:643} INFO - DAG(s) dict_keys(['example_dag_decorator']) retrieved from /home/airflow/.local/lib/python3.6/site-packages/airflow/example_dags/example_dag_decorator.py
[2021-06-11 06:04:10,847] {logging_mixin.py:104} INFO - [2021-06-11 06:04:10,847] {dag.py:1832} INFO - Sync 1 DAGs
[2021-06-11 06:04:10,858] {logging_mixin.py:104} INFO - [2021-06-11 06:04:10,858] {dag.py:2305} INFO - Setting next_dagrun for example_dag_decorator to None
[2021-06-11 06:04:10,869] {scheduler_job.py:190} INFO - Processing /home/airflow/.local/lib/python3.6/site-packages/airflow/example_dags/example_dag_decorator.py took 0.330 seconds
[2021-06-11 06:04:41,804] {scheduler_job.py:182} INFO - Started process (PID=4181) to work on /home/airflow/.local/lib/python3.6/site-packages/airflow/example_dags/example_dag_decorator.py
[2021-06-11 06:04:41,805] {scheduler_job.py:633} INFO - Processing file /home/airflow/.local/lib/python3.6/site-packages/airflow/example_dags/example_dag_decorator.py for tasks to queue
[2021-06-11 06:04:41,807] {logging_mixin.py:104} INFO - [2021-06-11 06:04:41,806] {dagbag.py:487} INFO - Filling up the DagBag from /home/airflow/.local/lib/python3.6/site-packages/airflow/example_dags/example_dag_decorator.py
[2021-06-11 06:04:41,829] {scheduler_job.py:643} INFO - DAG(s) dict_keys(['example_dag_decorator']) retrieved from /home/airflow/.local/lib/python3.6/site-packages/airflow/example_dags/example_dag_decorator.py
[2021-06-11 06:04:42,112] {logging_mixin.py:104} INFO - [2021-06-11 06:04:42,112] {dag.py:1832} INFO - Sync 1 DAGs
[2021-06-11 06:04:42,126] {logging_mixin.py:104} INFO - [2021-06-11 06:04:42,125] {dag.py:2305} INFO - Setting next_dagrun for example_dag_decorator to None
[2021-06-11 06:04:42,145] {scheduler_job.py:190} INFO - Processing /home/airflow/.local/lib/python3.6/site-packages/airflow/example_dags/example_dag_decorator.py took 0.345 seconds
[2021-06-11 06:05:12,504] {scheduler_job.py:182} INFO - Started process (PID=4267) to work on /home/airflow/.local/lib/python3.6/site-packages/airflow/example_dags/example_dag_decorator.py
[2021-06-11 06:05:12,506] {scheduler_job.py:633} INFO - Processing file /home/airflow/.local/lib/python3.6/site-packages/airflow/example_dags/example_dag_decorator.py for tasks to queue
[2021-06-11 06:05:12,508] {logging_mixin.py:104} INFO - [2021-06-11 06:05:12,507] {dagbag.py:487} INFO - Filling up the DagBag from /home/airflow/.local/lib/python3.6/site-packages/airflow/example_dags/example_dag_decorator.py
[2021-06-11 06:05:12,529] {scheduler_job.py:643} INFO - DAG(s) dict_keys(['example_dag_decorator']) retrieved from /home/airflow/.local/lib/python3.6/site-packages/airflow/example_dags/example_dag_decorator.py
[2021-06-11 06:05:12,807] {logging_mixin.py:104} INFO - [2021-06-11 06:05:12,807] {dag.py:1832} INFO - Sync 1 DAGs
[2021-06-11 06:05:12,819] {logging_mixin.py:104} INFO - [2021-06-11 06:05:12,819] {dag.py:2305} INFO - Setting next_dagrun for example_dag_decorator to None
[2021-06-11 06:05:12,833] {scheduler_job.py:190} INFO - Processing /home/airflow/.local/lib/python3.6/site-packages/airflow/example_dags/example_dag_decorator.py took 0.334 seconds
[2021-06-11 06:05:43,286] {scheduler_job.py:182} INFO - Started process (PID=4344) to work on /home/airflow/.local/lib/python3.6/site-packages/airflow/example_dags/example_dag_decorator.py
[2021-06-11 06:05:43,290] {scheduler_job.py:633} INFO - Processing file /home/airflow/.local/lib/python3.6/site-packages/airflow/example_dags/example_dag_decorator.py for tasks to queue
[2021-06-11 06:05:43,291] {logging_mixin.py:104} INFO - [2021-06-11 06:05:43,291] {dagbag.py:487} INFO - Filling up the DagBag from /home/airflow/.local/lib/python3.6/site-packages/airflow/example_dags/example_dag_decorator.py
[2021-06-11 06:05:43,313] {scheduler_job.py:643} INFO - DAG(s) dict_keys(['example_dag_decorator']) retrieved from /home/airflow/.local/lib/python3.6/site-packages/airflow/example_dags/example_dag_decorator.py
[2021-06-11 06:05:43,605] {logging_mixin.py:104} INFO - [2021-06-11 06:05:43,605] {dag.py:1832} INFO - Sync 1 DAGs
[2021-06-11 06:05:43,622] {logging_mixin.py:104} INFO - [2021-06-11 06:05:43,622] {dag.py:2305} INFO - Setting next_dagrun for example_dag_decorator to None
[2021-06-11 06:05:43,635] {scheduler_job.py:190} INFO - Processing /home/airflow/.local/lib/python3.6/site-packages/airflow/example_dags/example_dag_decorator.py took 0.353 seconds
[2021-06-11 06:06:14,704] {scheduler_job.py:182} INFO - Started process (PID=4421) to work on /home/airflow/.local/lib/python3.6/site-packages/airflow/example_dags/example_dag_decorator.py
[2021-06-11 06:06:14,706] {scheduler_job.py:633} INFO - Processing file /home/airflow/.local/lib/python3.6/site-packages/airflow/example_dags/example_dag_decorator.py for tasks to queue
[2021-06-11 06:06:14,708] {logging_mixin.py:104} INFO - [2021-06-11 06:06:14,708] {dagbag.py:487} INFO - Filling up the DagBag from /home/airflow/.local/lib/python3.6/site-packages/airflow/example_dags/example_dag_decorator.py
[2021-06-11 06:06:14,736] {scheduler_job.py:643} INFO - DAG(s) dict_keys(['example_dag_decorator']) retrieved from /home/airflow/.local/lib/python3.6/site-packages/airflow/example_dags/example_dag_decorator.py
[2021-06-11 06:06:15,022] {logging_mixin.py:104} INFO - [2021-06-11 06:06:15,022] {dag.py:1832} INFO - Sync 1 DAGs
[2021-06-11 06:06:15,038] {logging_mixin.py:104} INFO - [2021-06-11 06:06:15,037] {dag.py:2305} INFO - Setting next_dagrun for example_dag_decorator to None
[2021-06-11 06:06:15,050] {scheduler_job.py:190} INFO - Processing /home/airflow/.local/lib/python3.6/site-packages/airflow/example_dags/example_dag_decorator.py took 0.350 seconds
[2021-06-11 06:06:45,195] {scheduler_job.py:182} INFO - Started process (PID=4507) to work on /home/airflow/.local/lib/python3.6/site-packages/airflow/example_dags/example_dag_decorator.py
[2021-06-11 06:06:45,196] {scheduler_job.py:633} INFO - Processing file /home/airflow/.local/lib/python3.6/site-packages/airflow/example_dags/example_dag_decorator.py for tasks to queue
[2021-06-11 06:06:45,197] {logging_mixin.py:104} INFO - [2021-06-11 06:06:45,197] {dagbag.py:487} INFO - Filling up the DagBag from /home/airflow/.local/lib/python3.6/site-packages/airflow/example_dags/example_dag_decorator.py
[2021-06-11 06:06:45,220] {scheduler_job.py:643} INFO - DAG(s) dict_keys(['example_dag_decorator']) retrieved from /home/airflow/.local/lib/python3.6/site-packages/airflow/example_dags/example_dag_decorator.py
[2021-06-11 06:06:45,485] {logging_mixin.py:104} INFO - [2021-06-11 06:06:45,485] {dag.py:1832} INFO - Sync 1 DAGs
[2021-06-11 06:06:45,495] {logging_mixin.py:104} INFO - [2021-06-11 06:06:45,495] {dag.py:2305} INFO - Setting next_dagrun for example_dag_decorator to None
[2021-06-11 06:06:45,507] {scheduler_job.py:190} INFO - Processing /home/airflow/.local/lib/python3.6/site-packages/airflow/example_dags/example_dag_decorator.py took 0.316 seconds
[2021-06-11 06:07:16,514] {scheduler_job.py:182} INFO - Started process (PID=4583) to work on /home/airflow/.local/lib/python3.6/site-packages/airflow/example_dags/example_dag_decorator.py
[2021-06-11 06:07:16,516] {scheduler_job.py:633} INFO - Processing file /home/airflow/.local/lib/python3.6/site-packages/airflow/example_dags/example_dag_decorator.py for tasks to queue
[2021-06-11 06:07:16,518] {logging_mixin.py:104} INFO - [2021-06-11 06:07:16,518] {dagbag.py:487} INFO - Filling up the DagBag from /home/airflow/.local/lib/python3.6/site-packages/airflow/example_dags/example_dag_decorator.py
[2021-06-11 06:07:16,545] {scheduler_job.py:643} INFO - DAG(s) dict_keys(['example_dag_decorator']) retrieved from /home/airflow/.local/lib/python3.6/site-packages/airflow/example_dags/example_dag_decorator.py
[2021-06-11 06:07:16,883] {logging_mixin.py:104} INFO - [2021-06-11 06:07:16,883] {dag.py:1832} INFO - Sync 1 DAGs
[2021-06-11 06:07:16,898] {logging_mixin.py:104} INFO - [2021-06-11 06:07:16,898] {dag.py:2305} INFO - Setting next_dagrun for example_dag_decorator to None
[2021-06-11 06:07:16,915] {scheduler_job.py:190} INFO - Processing /home/airflow/.local/lib/python3.6/site-packages/airflow/example_dags/example_dag_decorator.py took 0.407 seconds
[2021-06-11 06:07:47,935] {scheduler_job.py:182} INFO - Started process (PID=4660) to work on /home/airflow/.local/lib/python3.6/site-packages/airflow/example_dags/example_dag_decorator.py
[2021-06-11 06:07:47,938] {scheduler_job.py:633} INFO - Processing file /home/airflow/.local/lib/python3.6/site-packages/airflow/example_dags/example_dag_decorator.py for tasks to queue
[2021-06-11 06:07:47,940] {logging_mixin.py:104} INFO - [2021-06-11 06:07:47,939] {dagbag.py:487} INFO - Filling up the DagBag from /home/airflow/.local/lib/python3.6/site-packages/airflow/example_dags/example_dag_decorator.py
[2021-06-11 06:07:47,959] {scheduler_job.py:643} INFO - DAG(s) dict_keys(['example_dag_decorator']) retrieved from /home/airflow/.local/lib/python3.6/site-packages/airflow/example_dags/example_dag_decorator.py
[2021-06-11 06:07:48,222] {logging_mixin.py:104} INFO - [2021-06-11 06:07:48,222] {dag.py:1832} INFO - Sync 1 DAGs
[2021-06-11 06:07:48,233] {logging_mixin.py:104} INFO - [2021-06-11 06:07:48,233] {dag.py:2305} INFO - Setting next_dagrun for example_dag_decorator to None
[2021-06-11 06:07:48,245] {scheduler_job.py:190} INFO - Processing /home/airflow/.local/lib/python3.6/site-packages/airflow/example_dags/example_dag_decorator.py took 0.314 seconds
[2021-06-11 06:08:19,067] {scheduler_job.py:182} INFO - Started process (PID=4744) to work on /home/airflow/.local/lib/python3.6/site-packages/airflow/example_dags/example_dag_decorator.py
[2021-06-11 06:08:19,069] {scheduler_job.py:633} INFO - Processing file /home/airflow/.local/lib/python3.6/site-packages/airflow/example_dags/example_dag_decorator.py for tasks to queue
[2021-06-11 06:08:19,070] {logging_mixin.py:104} INFO - [2021-06-11 06:08:19,070] {dagbag.py:487} INFO - Filling up the DagBag from /home/airflow/.local/lib/python3.6/site-packages/airflow/example_dags/example_dag_decorator.py
[2021-06-11 06:08:19,093] {scheduler_job.py:643} INFO - DAG(s) dict_keys(['example_dag_decorator']) retrieved from /home/airflow/.local/lib/python3.6/site-packages/airflow/example_dags/example_dag_decorator.py
[2021-06-11 06:08:19,386] {logging_mixin.py:104} INFO - [2021-06-11 06:08:19,386] {dag.py:1832} INFO - Sync 1 DAGs
[2021-06-11 06:08:19,399] {logging_mixin.py:104} INFO - [2021-06-11 06:08:19,399] {dag.py:2305} INFO - Setting next_dagrun for example_dag_decorator to None
[2021-06-11 06:08:19,415] {scheduler_job.py:190} INFO - Processing /home/airflow/.local/lib/python3.6/site-packages/airflow/example_dags/example_dag_decorator.py took 0.352 seconds
[2021-06-11 06:08:50,289] {scheduler_job.py:182} INFO - Started process (PID=4821) to work on /home/airflow/.local/lib/python3.6/site-packages/airflow/example_dags/example_dag_decorator.py
[2021-06-11 06:08:50,291] {scheduler_job.py:633} INFO - Processing file /home/airflow/.local/lib/python3.6/site-packages/airflow/example_dags/example_dag_decorator.py for tasks to queue
[2021-06-11 06:08:50,292] {logging_mixin.py:104} INFO - [2021-06-11 06:08:50,292] {dagbag.py:487} INFO - Filling up the DagBag from /home/airflow/.local/lib/python3.6/site-packages/airflow/example_dags/example_dag_decorator.py
[2021-06-11 06:08:50,311] {scheduler_job.py:643} INFO - DAG(s) dict_keys(['example_dag_decorator']) retrieved from /home/airflow/.local/lib/python3.6/site-packages/airflow/example_dags/example_dag_decorator.py
[2021-06-11 06:08:50,550] {logging_mixin.py:104} INFO - [2021-06-11 06:08:50,550] {dag.py:1832} INFO - Sync 1 DAGs
[2021-06-11 06:08:50,560] {logging_mixin.py:104} INFO - [2021-06-11 06:08:50,560] {dag.py:2305} INFO - Setting next_dagrun for example_dag_decorator to None
[2021-06-11 06:08:50,570] {scheduler_job.py:190} INFO - Processing /home/airflow/.local/lib/python3.6/site-packages/airflow/example_dags/example_dag_decorator.py took 0.284 seconds
[2021-06-11 06:09:20,933] {scheduler_job.py:182} INFO - Started process (PID=4894) to work on /home/airflow/.local/lib/python3.6/site-packages/airflow/example_dags/example_dag_decorator.py
[2021-06-11 06:09:20,934] {scheduler_job.py:633} INFO - Processing file /home/airflow/.local/lib/python3.6/site-packages/airflow/example_dags/example_dag_decorator.py for tasks to queue
[2021-06-11 06:09:20,936] {logging_mixin.py:104} INFO - [2021-06-11 06:09:20,935] {dagbag.py:487} INFO - Filling up the DagBag from /home/airflow/.local/lib/python3.6/site-packages/airflow/example_dags/example_dag_decorator.py
[2021-06-11 06:09:20,955] {scheduler_job.py:643} INFO - DAG(s) dict_keys(['example_dag_decorator']) retrieved from /home/airflow/.local/lib/python3.6/site-packages/airflow/example_dags/example_dag_decorator.py
[2021-06-11 06:09:20,987] {logging_mixin.py:104} INFO - [2021-06-11 06:09:20,987] {dag.py:1832} INFO - Sync 1 DAGs
[2021-06-11 06:09:21,002] {logging_mixin.py:104} INFO - [2021-06-11 06:09:21,002] {dag.py:2305} INFO - Setting next_dagrun for example_dag_decorator to None
[2021-06-11 06:09:21,013] {scheduler_job.py:190} INFO - Processing /home/airflow/.local/lib/python3.6/site-packages/airflow/example_dags/example_dag_decorator.py took 0.084 seconds
