[2021-06-11 05:38:09,643] {scheduler_job.py:182} INFO - Started process (PID=125) to work on /home/airflow/.local/lib/python3.6/site-packages/airflow/example_dags/example_kubernetes_executor.py
[2021-06-11 05:38:09,645] {scheduler_job.py:633} INFO - Processing file /home/airflow/.local/lib/python3.6/site-packages/airflow/example_dags/example_kubernetes_executor.py for tasks to queue
[2021-06-11 05:38:09,646] {logging_mixin.py:104} INFO - [2021-06-11 05:38:09,646] {dagbag.py:487} INFO - Filling up the DagBag from /home/airflow/.local/lib/python3.6/site-packages/airflow/example_dags/example_kubernetes_executor.py
[2021-06-11 05:38:09,666] {scheduler_job.py:643} INFO - DAG(s) dict_keys(['example_kubernetes_executor']) retrieved from /home/airflow/.local/lib/python3.6/site-packages/airflow/example_dags/example_kubernetes_executor.py
[2021-06-11 05:38:11,251] {logging_mixin.py:104} INFO - [2021-06-11 05:38:11,251] {dag.py:1832} INFO - Sync 1 DAGs
[2021-06-11 05:38:11,259] {logging_mixin.py:104} INFO - [2021-06-11 05:38:11,258] {dag.py:1851} INFO - Creating ORM DAG for example_kubernetes_executor
[2021-06-11 05:38:11,263] {logging_mixin.py:104} INFO - [2021-06-11 05:38:11,263] {dag.py:2305} INFO - Setting next_dagrun for example_kubernetes_executor to None
[2021-06-11 05:38:11,272] {scheduler_job.py:190} INFO - Processing /home/airflow/.local/lib/python3.6/site-packages/airflow/example_dags/example_kubernetes_executor.py took 1.633 seconds
[2021-06-11 05:38:41,826] {scheduler_job.py:182} INFO - Started process (PID=210) to work on /home/airflow/.local/lib/python3.6/site-packages/airflow/example_dags/example_kubernetes_executor.py
[2021-06-11 05:38:41,828] {scheduler_job.py:633} INFO - Processing file /home/airflow/.local/lib/python3.6/site-packages/airflow/example_dags/example_kubernetes_executor.py for tasks to queue
[2021-06-11 05:38:41,830] {logging_mixin.py:104} INFO - [2021-06-11 05:38:41,829] {dagbag.py:487} INFO - Filling up the DagBag from /home/airflow/.local/lib/python3.6/site-packages/airflow/example_dags/example_kubernetes_executor.py
[2021-06-11 05:38:41,846] {scheduler_job.py:643} INFO - DAG(s) dict_keys(['example_kubernetes_executor']) retrieved from /home/airflow/.local/lib/python3.6/site-packages/airflow/example_dags/example_kubernetes_executor.py
[2021-06-11 05:38:41,868] {logging_mixin.py:104} INFO - [2021-06-11 05:38:41,868] {dag.py:1832} INFO - Sync 1 DAGs
[2021-06-11 05:38:41,884] {logging_mixin.py:104} INFO - [2021-06-11 05:38:41,884] {dag.py:2305} INFO - Setting next_dagrun for example_kubernetes_executor to None
[2021-06-11 05:38:41,895] {scheduler_job.py:190} INFO - Processing /home/airflow/.local/lib/python3.6/site-packages/airflow/example_dags/example_kubernetes_executor.py took 0.073 seconds
[2021-06-11 05:39:12,135] {scheduler_job.py:182} INFO - Started process (PID=293) to work on /home/airflow/.local/lib/python3.6/site-packages/airflow/example_dags/example_kubernetes_executor.py
[2021-06-11 05:39:12,138] {scheduler_job.py:633} INFO - Processing file /home/airflow/.local/lib/python3.6/site-packages/airflow/example_dags/example_kubernetes_executor.py for tasks to queue
[2021-06-11 05:39:12,140] {logging_mixin.py:104} INFO - [2021-06-11 05:39:12,139] {dagbag.py:487} INFO - Filling up the DagBag from /home/airflow/.local/lib/python3.6/site-packages/airflow/example_dags/example_kubernetes_executor.py
[2021-06-11 05:39:12,156] {scheduler_job.py:643} INFO - DAG(s) dict_keys(['example_kubernetes_executor']) retrieved from /home/airflow/.local/lib/python3.6/site-packages/airflow/example_dags/example_kubernetes_executor.py
[2021-06-11 05:39:12,180] {logging_mixin.py:104} INFO - [2021-06-11 05:39:12,180] {dag.py:1832} INFO - Sync 1 DAGs
[2021-06-11 05:39:12,196] {logging_mixin.py:104} INFO - [2021-06-11 05:39:12,196] {dag.py:2305} INFO - Setting next_dagrun for example_kubernetes_executor to None
[2021-06-11 05:39:12,208] {scheduler_job.py:190} INFO - Processing /home/airflow/.local/lib/python3.6/site-packages/airflow/example_dags/example_kubernetes_executor.py took 0.077 seconds
[2021-06-11 05:39:42,756] {scheduler_job.py:182} INFO - Started process (PID=372) to work on /home/airflow/.local/lib/python3.6/site-packages/airflow/example_dags/example_kubernetes_executor.py
[2021-06-11 05:39:42,758] {scheduler_job.py:633} INFO - Processing file /home/airflow/.local/lib/python3.6/site-packages/airflow/example_dags/example_kubernetes_executor.py for tasks to queue
[2021-06-11 05:39:42,760] {logging_mixin.py:104} INFO - [2021-06-11 05:39:42,760] {dagbag.py:487} INFO - Filling up the DagBag from /home/airflow/.local/lib/python3.6/site-packages/airflow/example_dags/example_kubernetes_executor.py
[2021-06-11 05:39:42,774] {scheduler_job.py:643} INFO - DAG(s) dict_keys(['example_kubernetes_executor']) retrieved from /home/airflow/.local/lib/python3.6/site-packages/airflow/example_dags/example_kubernetes_executor.py
[2021-06-11 05:39:42,805] {logging_mixin.py:104} INFO - [2021-06-11 05:39:42,804] {dag.py:1832} INFO - Sync 1 DAGs
[2021-06-11 05:39:42,821] {logging_mixin.py:104} INFO - [2021-06-11 05:39:42,820] {dag.py:2305} INFO - Setting next_dagrun for example_kubernetes_executor to None
[2021-06-11 05:39:42,831] {scheduler_job.py:190} INFO - Processing /home/airflow/.local/lib/python3.6/site-packages/airflow/example_dags/example_kubernetes_executor.py took 0.080 seconds
[2021-06-11 05:40:13,183] {scheduler_job.py:182} INFO - Started process (PID=446) to work on /home/airflow/.local/lib/python3.6/site-packages/airflow/example_dags/example_kubernetes_executor.py
[2021-06-11 05:40:13,185] {scheduler_job.py:633} INFO - Processing file /home/airflow/.local/lib/python3.6/site-packages/airflow/example_dags/example_kubernetes_executor.py for tasks to queue
[2021-06-11 05:40:13,187] {logging_mixin.py:104} INFO - [2021-06-11 05:40:13,187] {dagbag.py:487} INFO - Filling up the DagBag from /home/airflow/.local/lib/python3.6/site-packages/airflow/example_dags/example_kubernetes_executor.py
[2021-06-11 05:40:13,202] {scheduler_job.py:643} INFO - DAG(s) dict_keys(['example_kubernetes_executor']) retrieved from /home/airflow/.local/lib/python3.6/site-packages/airflow/example_dags/example_kubernetes_executor.py
[2021-06-11 05:40:13,225] {logging_mixin.py:104} INFO - [2021-06-11 05:40:13,225] {dag.py:1832} INFO - Sync 1 DAGs
[2021-06-11 05:40:13,247] {logging_mixin.py:104} INFO - [2021-06-11 05:40:13,246] {dag.py:2305} INFO - Setting next_dagrun for example_kubernetes_executor to None
[2021-06-11 05:40:13,257] {scheduler_job.py:190} INFO - Processing /home/airflow/.local/lib/python3.6/site-packages/airflow/example_dags/example_kubernetes_executor.py took 0.078 seconds
[2021-06-11 05:40:43,692] {scheduler_job.py:182} INFO - Started process (PID=529) to work on /home/airflow/.local/lib/python3.6/site-packages/airflow/example_dags/example_kubernetes_executor.py
[2021-06-11 05:40:43,694] {scheduler_job.py:633} INFO - Processing file /home/airflow/.local/lib/python3.6/site-packages/airflow/example_dags/example_kubernetes_executor.py for tasks to queue
[2021-06-11 05:40:43,695] {logging_mixin.py:104} INFO - [2021-06-11 05:40:43,695] {dagbag.py:487} INFO - Filling up the DagBag from /home/airflow/.local/lib/python3.6/site-packages/airflow/example_dags/example_kubernetes_executor.py
[2021-06-11 05:40:43,710] {scheduler_job.py:643} INFO - DAG(s) dict_keys(['example_kubernetes_executor']) retrieved from /home/airflow/.local/lib/python3.6/site-packages/airflow/example_dags/example_kubernetes_executor.py
[2021-06-11 05:40:43,734] {logging_mixin.py:104} INFO - [2021-06-11 05:40:43,734] {dag.py:1832} INFO - Sync 1 DAGs
[2021-06-11 05:40:43,748] {logging_mixin.py:104} INFO - [2021-06-11 05:40:43,748] {dag.py:2305} INFO - Setting next_dagrun for example_kubernetes_executor to None
[2021-06-11 05:40:43,759] {scheduler_job.py:190} INFO - Processing /home/airflow/.local/lib/python3.6/site-packages/airflow/example_dags/example_kubernetes_executor.py took 0.071 seconds
[2021-06-11 05:41:14,137] {scheduler_job.py:182} INFO - Started process (PID=605) to work on /home/airflow/.local/lib/python3.6/site-packages/airflow/example_dags/example_kubernetes_executor.py
[2021-06-11 05:41:14,139] {scheduler_job.py:633} INFO - Processing file /home/airflow/.local/lib/python3.6/site-packages/airflow/example_dags/example_kubernetes_executor.py for tasks to queue
[2021-06-11 05:41:14,141] {logging_mixin.py:104} INFO - [2021-06-11 05:41:14,140] {dagbag.py:487} INFO - Filling up the DagBag from /home/airflow/.local/lib/python3.6/site-packages/airflow/example_dags/example_kubernetes_executor.py
[2021-06-11 05:41:14,155] {scheduler_job.py:643} INFO - DAG(s) dict_keys(['example_kubernetes_executor']) retrieved from /home/airflow/.local/lib/python3.6/site-packages/airflow/example_dags/example_kubernetes_executor.py
[2021-06-11 05:41:14,183] {logging_mixin.py:104} INFO - [2021-06-11 05:41:14,183] {dag.py:1832} INFO - Sync 1 DAGs
[2021-06-11 05:41:14,207] {logging_mixin.py:104} INFO - [2021-06-11 05:41:14,207] {dag.py:2305} INFO - Setting next_dagrun for example_kubernetes_executor to None
[2021-06-11 05:41:14,224] {scheduler_job.py:190} INFO - Processing /home/airflow/.local/lib/python3.6/site-packages/airflow/example_dags/example_kubernetes_executor.py took 0.093 seconds
[2021-06-11 05:41:44,559] {scheduler_job.py:182} INFO - Started process (PID=678) to work on /home/airflow/.local/lib/python3.6/site-packages/airflow/example_dags/example_kubernetes_executor.py
[2021-06-11 05:41:44,561] {scheduler_job.py:633} INFO - Processing file /home/airflow/.local/lib/python3.6/site-packages/airflow/example_dags/example_kubernetes_executor.py for tasks to queue
[2021-06-11 05:41:44,564] {logging_mixin.py:104} INFO - [2021-06-11 05:41:44,564] {dagbag.py:487} INFO - Filling up the DagBag from /home/airflow/.local/lib/python3.6/site-packages/airflow/example_dags/example_kubernetes_executor.py
[2021-06-11 05:41:44,578] {scheduler_job.py:643} INFO - DAG(s) dict_keys(['example_kubernetes_executor']) retrieved from /home/airflow/.local/lib/python3.6/site-packages/airflow/example_dags/example_kubernetes_executor.py
[2021-06-11 05:41:44,605] {logging_mixin.py:104} INFO - [2021-06-11 05:41:44,605] {dag.py:1832} INFO - Sync 1 DAGs
[2021-06-11 05:41:44,625] {logging_mixin.py:104} INFO - [2021-06-11 05:41:44,625] {dag.py:2305} INFO - Setting next_dagrun for example_kubernetes_executor to None
[2021-06-11 05:41:44,636] {scheduler_job.py:190} INFO - Processing /home/airflow/.local/lib/python3.6/site-packages/airflow/example_dags/example_kubernetes_executor.py took 0.080 seconds
[2021-06-11 05:42:15,270] {scheduler_job.py:182} INFO - Started process (PID=763) to work on /home/airflow/.local/lib/python3.6/site-packages/airflow/example_dags/example_kubernetes_executor.py
[2021-06-11 05:42:15,272] {scheduler_job.py:633} INFO - Processing file /home/airflow/.local/lib/python3.6/site-packages/airflow/example_dags/example_kubernetes_executor.py for tasks to queue
[2021-06-11 05:42:15,273] {logging_mixin.py:104} INFO - [2021-06-11 05:42:15,273] {dagbag.py:487} INFO - Filling up the DagBag from /home/airflow/.local/lib/python3.6/site-packages/airflow/example_dags/example_kubernetes_executor.py
[2021-06-11 05:42:15,286] {scheduler_job.py:643} INFO - DAG(s) dict_keys(['example_kubernetes_executor']) retrieved from /home/airflow/.local/lib/python3.6/site-packages/airflow/example_dags/example_kubernetes_executor.py
[2021-06-11 05:42:15,310] {logging_mixin.py:104} INFO - [2021-06-11 05:42:15,310] {dag.py:1832} INFO - Sync 1 DAGs
[2021-06-11 05:42:15,325] {logging_mixin.py:104} INFO - [2021-06-11 05:42:15,325] {dag.py:2305} INFO - Setting next_dagrun for example_kubernetes_executor to None
[2021-06-11 05:42:15,335] {scheduler_job.py:190} INFO - Processing /home/airflow/.local/lib/python3.6/site-packages/airflow/example_dags/example_kubernetes_executor.py took 0.069 seconds
[2021-06-11 05:42:46,212] {scheduler_job.py:182} INFO - Started process (PID=839) to work on /home/airflow/.local/lib/python3.6/site-packages/airflow/example_dags/example_kubernetes_executor.py
[2021-06-11 05:42:46,214] {scheduler_job.py:633} INFO - Processing file /home/airflow/.local/lib/python3.6/site-packages/airflow/example_dags/example_kubernetes_executor.py for tasks to queue
[2021-06-11 05:42:46,215] {logging_mixin.py:104} INFO - [2021-06-11 05:42:46,214] {dagbag.py:487} INFO - Filling up the DagBag from /home/airflow/.local/lib/python3.6/site-packages/airflow/example_dags/example_kubernetes_executor.py
[2021-06-11 05:42:46,232] {scheduler_job.py:643} INFO - DAG(s) dict_keys(['example_kubernetes_executor']) retrieved from /home/airflow/.local/lib/python3.6/site-packages/airflow/example_dags/example_kubernetes_executor.py
[2021-06-11 05:42:46,266] {logging_mixin.py:104} INFO - [2021-06-11 05:42:46,266] {dag.py:1832} INFO - Sync 1 DAGs
[2021-06-11 05:42:46,282] {logging_mixin.py:104} INFO - [2021-06-11 05:42:46,282] {dag.py:2305} INFO - Setting next_dagrun for example_kubernetes_executor to None
[2021-06-11 05:42:46,293] {scheduler_job.py:190} INFO - Processing /home/airflow/.local/lib/python3.6/site-packages/airflow/example_dags/example_kubernetes_executor.py took 0.088 seconds
[2021-06-11 05:43:17,215] {scheduler_job.py:182} INFO - Started process (PID=915) to work on /home/airflow/.local/lib/python3.6/site-packages/airflow/example_dags/example_kubernetes_executor.py
[2021-06-11 05:43:17,217] {scheduler_job.py:633} INFO - Processing file /home/airflow/.local/lib/python3.6/site-packages/airflow/example_dags/example_kubernetes_executor.py for tasks to queue
[2021-06-11 05:43:17,218] {logging_mixin.py:104} INFO - [2021-06-11 05:43:17,218] {dagbag.py:487} INFO - Filling up the DagBag from /home/airflow/.local/lib/python3.6/site-packages/airflow/example_dags/example_kubernetes_executor.py
[2021-06-11 05:43:17,234] {scheduler_job.py:643} INFO - DAG(s) dict_keys(['example_kubernetes_executor']) retrieved from /home/airflow/.local/lib/python3.6/site-packages/airflow/example_dags/example_kubernetes_executor.py
[2021-06-11 05:43:17,257] {logging_mixin.py:104} INFO - [2021-06-11 05:43:17,257] {dag.py:1832} INFO - Sync 1 DAGs
[2021-06-11 05:43:17,273] {logging_mixin.py:104} INFO - [2021-06-11 05:43:17,273] {dag.py:2305} INFO - Setting next_dagrun for example_kubernetes_executor to None
[2021-06-11 05:43:17,284] {scheduler_job.py:190} INFO - Processing /home/airflow/.local/lib/python3.6/site-packages/airflow/example_dags/example_kubernetes_executor.py took 0.073 seconds
[2021-06-11 05:43:48,053] {scheduler_job.py:182} INFO - Started process (PID=998) to work on /home/airflow/.local/lib/python3.6/site-packages/airflow/example_dags/example_kubernetes_executor.py
[2021-06-11 05:43:48,055] {scheduler_job.py:633} INFO - Processing file /home/airflow/.local/lib/python3.6/site-packages/airflow/example_dags/example_kubernetes_executor.py for tasks to queue
[2021-06-11 05:43:48,056] {logging_mixin.py:104} INFO - [2021-06-11 05:43:48,056] {dagbag.py:487} INFO - Filling up the DagBag from /home/airflow/.local/lib/python3.6/site-packages/airflow/example_dags/example_kubernetes_executor.py
[2021-06-11 05:43:48,073] {scheduler_job.py:643} INFO - DAG(s) dict_keys(['example_kubernetes_executor']) retrieved from /home/airflow/.local/lib/python3.6/site-packages/airflow/example_dags/example_kubernetes_executor.py
[2021-06-11 05:43:48,099] {logging_mixin.py:104} INFO - [2021-06-11 05:43:48,098] {dag.py:1832} INFO - Sync 1 DAGs
[2021-06-11 05:43:48,114] {logging_mixin.py:104} INFO - [2021-06-11 05:43:48,114] {dag.py:2305} INFO - Setting next_dagrun for example_kubernetes_executor to None
[2021-06-11 05:43:48,125] {scheduler_job.py:190} INFO - Processing /home/airflow/.local/lib/python3.6/site-packages/airflow/example_dags/example_kubernetes_executor.py took 0.077 seconds
[2021-06-11 05:44:18,800] {scheduler_job.py:182} INFO - Started process (PID=1074) to work on /home/airflow/.local/lib/python3.6/site-packages/airflow/example_dags/example_kubernetes_executor.py
[2021-06-11 05:44:18,802] {scheduler_job.py:633} INFO - Processing file /home/airflow/.local/lib/python3.6/site-packages/airflow/example_dags/example_kubernetes_executor.py for tasks to queue
[2021-06-11 05:44:18,804] {logging_mixin.py:104} INFO - [2021-06-11 05:44:18,803] {dagbag.py:487} INFO - Filling up the DagBag from /home/airflow/.local/lib/python3.6/site-packages/airflow/example_dags/example_kubernetes_executor.py
[2021-06-11 05:44:18,816] {scheduler_job.py:643} INFO - DAG(s) dict_keys(['example_kubernetes_executor']) retrieved from /home/airflow/.local/lib/python3.6/site-packages/airflow/example_dags/example_kubernetes_executor.py
[2021-06-11 05:44:18,844] {logging_mixin.py:104} INFO - [2021-06-11 05:44:18,844] {dag.py:1832} INFO - Sync 1 DAGs
[2021-06-11 05:44:18,860] {logging_mixin.py:104} INFO - [2021-06-11 05:44:18,860] {dag.py:2305} INFO - Setting next_dagrun for example_kubernetes_executor to None
[2021-06-11 05:44:18,871] {scheduler_job.py:190} INFO - Processing /home/airflow/.local/lib/python3.6/site-packages/airflow/example_dags/example_kubernetes_executor.py took 0.077 seconds
[2021-06-11 05:44:49,750] {scheduler_job.py:182} INFO - Started process (PID=1146) to work on /home/airflow/.local/lib/python3.6/site-packages/airflow/example_dags/example_kubernetes_executor.py
[2021-06-11 05:44:49,752] {scheduler_job.py:633} INFO - Processing file /home/airflow/.local/lib/python3.6/site-packages/airflow/example_dags/example_kubernetes_executor.py for tasks to queue
[2021-06-11 05:44:49,753] {logging_mixin.py:104} INFO - [2021-06-11 05:44:49,753] {dagbag.py:487} INFO - Filling up the DagBag from /home/airflow/.local/lib/python3.6/site-packages/airflow/example_dags/example_kubernetes_executor.py
[2021-06-11 05:44:49,768] {scheduler_job.py:643} INFO - DAG(s) dict_keys(['example_kubernetes_executor']) retrieved from /home/airflow/.local/lib/python3.6/site-packages/airflow/example_dags/example_kubernetes_executor.py
[2021-06-11 05:44:49,793] {logging_mixin.py:104} INFO - [2021-06-11 05:44:49,793] {dag.py:1832} INFO - Sync 1 DAGs
[2021-06-11 05:44:49,810] {logging_mixin.py:104} INFO - [2021-06-11 05:44:49,810] {dag.py:2305} INFO - Setting next_dagrun for example_kubernetes_executor to None
[2021-06-11 05:44:49,832] {scheduler_job.py:190} INFO - Processing /home/airflow/.local/lib/python3.6/site-packages/airflow/example_dags/example_kubernetes_executor.py took 0.087 seconds
[2021-06-11 05:45:20,239] {scheduler_job.py:182} INFO - Started process (PID=1231) to work on /home/airflow/.local/lib/python3.6/site-packages/airflow/example_dags/example_kubernetes_executor.py
[2021-06-11 05:45:20,241] {scheduler_job.py:633} INFO - Processing file /home/airflow/.local/lib/python3.6/site-packages/airflow/example_dags/example_kubernetes_executor.py for tasks to queue
[2021-06-11 05:45:20,242] {logging_mixin.py:104} INFO - [2021-06-11 05:45:20,242] {dagbag.py:487} INFO - Filling up the DagBag from /home/airflow/.local/lib/python3.6/site-packages/airflow/example_dags/example_kubernetes_executor.py
[2021-06-11 05:45:20,255] {scheduler_job.py:643} INFO - DAG(s) dict_keys(['example_kubernetes_executor']) retrieved from /home/airflow/.local/lib/python3.6/site-packages/airflow/example_dags/example_kubernetes_executor.py
[2021-06-11 05:45:20,280] {logging_mixin.py:104} INFO - [2021-06-11 05:45:20,280] {dag.py:1832} INFO - Sync 1 DAGs
[2021-06-11 05:45:20,296] {logging_mixin.py:104} INFO - [2021-06-11 05:45:20,296] {dag.py:2305} INFO - Setting next_dagrun for example_kubernetes_executor to None
[2021-06-11 05:45:20,309] {scheduler_job.py:190} INFO - Processing /home/airflow/.local/lib/python3.6/site-packages/airflow/example_dags/example_kubernetes_executor.py took 0.073 seconds
[2021-06-11 05:45:51,212] {scheduler_job.py:182} INFO - Started process (PID=1309) to work on /home/airflow/.local/lib/python3.6/site-packages/airflow/example_dags/example_kubernetes_executor.py
[2021-06-11 05:45:51,213] {scheduler_job.py:633} INFO - Processing file /home/airflow/.local/lib/python3.6/site-packages/airflow/example_dags/example_kubernetes_executor.py for tasks to queue
[2021-06-11 05:45:51,214] {logging_mixin.py:104} INFO - [2021-06-11 05:45:51,214] {dagbag.py:487} INFO - Filling up the DagBag from /home/airflow/.local/lib/python3.6/site-packages/airflow/example_dags/example_kubernetes_executor.py
[2021-06-11 05:45:51,229] {scheduler_job.py:643} INFO - DAG(s) dict_keys(['example_kubernetes_executor']) retrieved from /home/airflow/.local/lib/python3.6/site-packages/airflow/example_dags/example_kubernetes_executor.py
[2021-06-11 05:45:51,253] {logging_mixin.py:104} INFO - [2021-06-11 05:45:51,253] {dag.py:1832} INFO - Sync 1 DAGs
[2021-06-11 05:45:51,269] {logging_mixin.py:104} INFO - [2021-06-11 05:45:51,269] {dag.py:2305} INFO - Setting next_dagrun for example_kubernetes_executor to None
[2021-06-11 05:45:51,281] {scheduler_job.py:190} INFO - Processing /home/airflow/.local/lib/python3.6/site-packages/airflow/example_dags/example_kubernetes_executor.py took 0.073 seconds
[2021-06-11 05:46:21,335] {scheduler_job.py:182} INFO - Started process (PID=1381) to work on /home/airflow/.local/lib/python3.6/site-packages/airflow/example_dags/example_kubernetes_executor.py
[2021-06-11 05:46:21,337] {scheduler_job.py:633} INFO - Processing file /home/airflow/.local/lib/python3.6/site-packages/airflow/example_dags/example_kubernetes_executor.py for tasks to queue
[2021-06-11 05:46:21,338] {logging_mixin.py:104} INFO - [2021-06-11 05:46:21,338] {dagbag.py:487} INFO - Filling up the DagBag from /home/airflow/.local/lib/python3.6/site-packages/airflow/example_dags/example_kubernetes_executor.py
[2021-06-11 05:46:21,351] {scheduler_job.py:643} INFO - DAG(s) dict_keys(['example_kubernetes_executor']) retrieved from /home/airflow/.local/lib/python3.6/site-packages/airflow/example_dags/example_kubernetes_executor.py
[2021-06-11 05:46:21,374] {logging_mixin.py:104} INFO - [2021-06-11 05:46:21,374] {dag.py:1832} INFO - Sync 1 DAGs
[2021-06-11 05:46:21,401] {logging_mixin.py:104} INFO - [2021-06-11 05:46:21,401] {dag.py:2305} INFO - Setting next_dagrun for example_kubernetes_executor to None
[2021-06-11 05:46:21,413] {scheduler_job.py:190} INFO - Processing /home/airflow/.local/lib/python3.6/site-packages/airflow/example_dags/example_kubernetes_executor.py took 0.081 seconds
[2021-06-11 05:46:51,758] {scheduler_job.py:182} INFO - Started process (PID=1465) to work on /home/airflow/.local/lib/python3.6/site-packages/airflow/example_dags/example_kubernetes_executor.py
[2021-06-11 05:46:51,760] {scheduler_job.py:633} INFO - Processing file /home/airflow/.local/lib/python3.6/site-packages/airflow/example_dags/example_kubernetes_executor.py for tasks to queue
[2021-06-11 05:46:51,762] {logging_mixin.py:104} INFO - [2021-06-11 05:46:51,762] {dagbag.py:487} INFO - Filling up the DagBag from /home/airflow/.local/lib/python3.6/site-packages/airflow/example_dags/example_kubernetes_executor.py
[2021-06-11 05:46:51,777] {scheduler_job.py:643} INFO - DAG(s) dict_keys(['example_kubernetes_executor']) retrieved from /home/airflow/.local/lib/python3.6/site-packages/airflow/example_dags/example_kubernetes_executor.py
[2021-06-11 05:46:51,807] {logging_mixin.py:104} INFO - [2021-06-11 05:46:51,807] {dag.py:1832} INFO - Sync 1 DAGs
[2021-06-11 05:46:51,825] {logging_mixin.py:104} INFO - [2021-06-11 05:46:51,825] {dag.py:2305} INFO - Setting next_dagrun for example_kubernetes_executor to None
[2021-06-11 05:46:51,836] {scheduler_job.py:190} INFO - Processing /home/airflow/.local/lib/python3.6/site-packages/airflow/example_dags/example_kubernetes_executor.py took 0.081 seconds
[2021-06-11 05:47:22,159] {scheduler_job.py:182} INFO - Started process (PID=1531) to work on /home/airflow/.local/lib/python3.6/site-packages/airflow/example_dags/example_kubernetes_executor.py
[2021-06-11 05:47:22,162] {scheduler_job.py:633} INFO - Processing file /home/airflow/.local/lib/python3.6/site-packages/airflow/example_dags/example_kubernetes_executor.py for tasks to queue
[2021-06-11 05:47:22,164] {logging_mixin.py:104} INFO - [2021-06-11 05:47:22,163] {dagbag.py:487} INFO - Filling up the DagBag from /home/airflow/.local/lib/python3.6/site-packages/airflow/example_dags/example_kubernetes_executor.py
[2021-06-11 05:47:22,179] {scheduler_job.py:643} INFO - DAG(s) dict_keys(['example_kubernetes_executor']) retrieved from /home/airflow/.local/lib/python3.6/site-packages/airflow/example_dags/example_kubernetes_executor.py
[2021-06-11 05:47:22,203] {logging_mixin.py:104} INFO - [2021-06-11 05:47:22,202] {dag.py:1832} INFO - Sync 1 DAGs
[2021-06-11 05:47:22,219] {logging_mixin.py:104} INFO - [2021-06-11 05:47:22,219] {dag.py:2305} INFO - Setting next_dagrun for example_kubernetes_executor to None
[2021-06-11 05:47:22,229] {scheduler_job.py:190} INFO - Processing /home/airflow/.local/lib/python3.6/site-packages/airflow/example_dags/example_kubernetes_executor.py took 0.074 seconds
[2021-06-11 05:47:52,301] {scheduler_job.py:182} INFO - Started process (PID=1616) to work on /home/airflow/.local/lib/python3.6/site-packages/airflow/example_dags/example_kubernetes_executor.py
[2021-06-11 05:47:52,303] {scheduler_job.py:633} INFO - Processing file /home/airflow/.local/lib/python3.6/site-packages/airflow/example_dags/example_kubernetes_executor.py for tasks to queue
[2021-06-11 05:47:52,305] {logging_mixin.py:104} INFO - [2021-06-11 05:47:52,305] {dagbag.py:487} INFO - Filling up the DagBag from /home/airflow/.local/lib/python3.6/site-packages/airflow/example_dags/example_kubernetes_executor.py
[2021-06-11 05:47:52,326] {scheduler_job.py:643} INFO - DAG(s) dict_keys(['example_kubernetes_executor']) retrieved from /home/airflow/.local/lib/python3.6/site-packages/airflow/example_dags/example_kubernetes_executor.py
[2021-06-11 05:47:52,360] {logging_mixin.py:104} INFO - [2021-06-11 05:47:52,360] {dag.py:1832} INFO - Sync 1 DAGs
[2021-06-11 05:47:52,385] {logging_mixin.py:104} INFO - [2021-06-11 05:47:52,385] {dag.py:2305} INFO - Setting next_dagrun for example_kubernetes_executor to None
[2021-06-11 05:47:52,400] {scheduler_job.py:190} INFO - Processing /home/airflow/.local/lib/python3.6/site-packages/airflow/example_dags/example_kubernetes_executor.py took 0.104 seconds
[2021-06-11 05:48:22,661] {scheduler_job.py:182} INFO - Started process (PID=1694) to work on /home/airflow/.local/lib/python3.6/site-packages/airflow/example_dags/example_kubernetes_executor.py
[2021-06-11 05:48:22,663] {scheduler_job.py:633} INFO - Processing file /home/airflow/.local/lib/python3.6/site-packages/airflow/example_dags/example_kubernetes_executor.py for tasks to queue
[2021-06-11 05:48:22,664] {logging_mixin.py:104} INFO - [2021-06-11 05:48:22,664] {dagbag.py:487} INFO - Filling up the DagBag from /home/airflow/.local/lib/python3.6/site-packages/airflow/example_dags/example_kubernetes_executor.py
[2021-06-11 05:48:22,678] {scheduler_job.py:643} INFO - DAG(s) dict_keys(['example_kubernetes_executor']) retrieved from /home/airflow/.local/lib/python3.6/site-packages/airflow/example_dags/example_kubernetes_executor.py
[2021-06-11 05:48:22,700] {logging_mixin.py:104} INFO - [2021-06-11 05:48:22,700] {dag.py:1832} INFO - Sync 1 DAGs
[2021-06-11 05:48:22,718] {logging_mixin.py:104} INFO - [2021-06-11 05:48:22,717] {dag.py:2305} INFO - Setting next_dagrun for example_kubernetes_executor to None
[2021-06-11 05:48:22,729] {scheduler_job.py:190} INFO - Processing /home/airflow/.local/lib/python3.6/site-packages/airflow/example_dags/example_kubernetes_executor.py took 0.071 seconds
[2021-06-11 05:48:53,571] {scheduler_job.py:182} INFO - Started process (PID=1768) to work on /home/airflow/.local/lib/python3.6/site-packages/airflow/example_dags/example_kubernetes_executor.py
[2021-06-11 05:48:53,572] {scheduler_job.py:633} INFO - Processing file /home/airflow/.local/lib/python3.6/site-packages/airflow/example_dags/example_kubernetes_executor.py for tasks to queue
[2021-06-11 05:48:53,574] {logging_mixin.py:104} INFO - [2021-06-11 05:48:53,574] {dagbag.py:487} INFO - Filling up the DagBag from /home/airflow/.local/lib/python3.6/site-packages/airflow/example_dags/example_kubernetes_executor.py
[2021-06-11 05:48:53,588] {scheduler_job.py:643} INFO - DAG(s) dict_keys(['example_kubernetes_executor']) retrieved from /home/airflow/.local/lib/python3.6/site-packages/airflow/example_dags/example_kubernetes_executor.py
[2021-06-11 05:48:53,613] {logging_mixin.py:104} INFO - [2021-06-11 05:48:53,613] {dag.py:1832} INFO - Sync 1 DAGs
[2021-06-11 05:48:53,630] {logging_mixin.py:104} INFO - [2021-06-11 05:48:53,630] {dag.py:2305} INFO - Setting next_dagrun for example_kubernetes_executor to None
[2021-06-11 05:48:53,641] {scheduler_job.py:190} INFO - Processing /home/airflow/.local/lib/python3.6/site-packages/airflow/example_dags/example_kubernetes_executor.py took 0.075 seconds
[2021-06-11 05:49:23,955] {scheduler_job.py:182} INFO - Started process (PID=1851) to work on /home/airflow/.local/lib/python3.6/site-packages/airflow/example_dags/example_kubernetes_executor.py
[2021-06-11 05:49:23,957] {scheduler_job.py:633} INFO - Processing file /home/airflow/.local/lib/python3.6/site-packages/airflow/example_dags/example_kubernetes_executor.py for tasks to queue
[2021-06-11 05:49:23,959] {logging_mixin.py:104} INFO - [2021-06-11 05:49:23,958] {dagbag.py:487} INFO - Filling up the DagBag from /home/airflow/.local/lib/python3.6/site-packages/airflow/example_dags/example_kubernetes_executor.py
[2021-06-11 05:49:23,979] {scheduler_job.py:643} INFO - DAG(s) dict_keys(['example_kubernetes_executor']) retrieved from /home/airflow/.local/lib/python3.6/site-packages/airflow/example_dags/example_kubernetes_executor.py
[2021-06-11 05:49:24,006] {logging_mixin.py:104} INFO - [2021-06-11 05:49:24,005] {dag.py:1832} INFO - Sync 1 DAGs
[2021-06-11 05:49:24,025] {logging_mixin.py:104} INFO - [2021-06-11 05:49:24,025] {dag.py:2305} INFO - Setting next_dagrun for example_kubernetes_executor to None
[2021-06-11 05:49:24,039] {scheduler_job.py:190} INFO - Processing /home/airflow/.local/lib/python3.6/site-packages/airflow/example_dags/example_kubernetes_executor.py took 0.088 seconds
[2021-06-11 05:49:54,997] {scheduler_job.py:182} INFO - Started process (PID=1916) to work on /home/airflow/.local/lib/python3.6/site-packages/airflow/example_dags/example_kubernetes_executor.py
[2021-06-11 05:49:54,999] {scheduler_job.py:633} INFO - Processing file /home/airflow/.local/lib/python3.6/site-packages/airflow/example_dags/example_kubernetes_executor.py for tasks to queue
[2021-06-11 05:49:55,001] {logging_mixin.py:104} INFO - [2021-06-11 05:49:55,000] {dagbag.py:487} INFO - Filling up the DagBag from /home/airflow/.local/lib/python3.6/site-packages/airflow/example_dags/example_kubernetes_executor.py
[2021-06-11 05:49:55,013] {scheduler_job.py:643} INFO - DAG(s) dict_keys(['example_kubernetes_executor']) retrieved from /home/airflow/.local/lib/python3.6/site-packages/airflow/example_dags/example_kubernetes_executor.py
[2021-06-11 05:49:55,036] {logging_mixin.py:104} INFO - [2021-06-11 05:49:55,036] {dag.py:1832} INFO - Sync 1 DAGs
[2021-06-11 05:49:55,051] {logging_mixin.py:104} INFO - [2021-06-11 05:49:55,051] {dag.py:2305} INFO - Setting next_dagrun for example_kubernetes_executor to None
[2021-06-11 05:49:55,062] {scheduler_job.py:190} INFO - Processing /home/airflow/.local/lib/python3.6/site-packages/airflow/example_dags/example_kubernetes_executor.py took 0.068 seconds
[2021-06-11 05:50:25,411] {scheduler_job.py:182} INFO - Started process (PID=2001) to work on /home/airflow/.local/lib/python3.6/site-packages/airflow/example_dags/example_kubernetes_executor.py
[2021-06-11 05:50:25,412] {scheduler_job.py:633} INFO - Processing file /home/airflow/.local/lib/python3.6/site-packages/airflow/example_dags/example_kubernetes_executor.py for tasks to queue
[2021-06-11 05:50:25,414] {logging_mixin.py:104} INFO - [2021-06-11 05:50:25,414] {dagbag.py:487} INFO - Filling up the DagBag from /home/airflow/.local/lib/python3.6/site-packages/airflow/example_dags/example_kubernetes_executor.py
[2021-06-11 05:50:25,428] {scheduler_job.py:643} INFO - DAG(s) dict_keys(['example_kubernetes_executor']) retrieved from /home/airflow/.local/lib/python3.6/site-packages/airflow/example_dags/example_kubernetes_executor.py
[2021-06-11 05:50:25,452] {logging_mixin.py:104} INFO - [2021-06-11 05:50:25,452] {dag.py:1832} INFO - Sync 1 DAGs
[2021-06-11 05:50:25,476] {logging_mixin.py:104} INFO - [2021-06-11 05:50:25,475] {dag.py:2305} INFO - Setting next_dagrun for example_kubernetes_executor to None
[2021-06-11 05:50:25,513] {scheduler_job.py:190} INFO - Processing /home/airflow/.local/lib/python3.6/site-packages/airflow/example_dags/example_kubernetes_executor.py took 0.106 seconds
[2021-06-11 05:50:56,458] {scheduler_job.py:182} INFO - Started process (PID=2085) to work on /home/airflow/.local/lib/python3.6/site-packages/airflow/example_dags/example_kubernetes_executor.py
[2021-06-11 05:50:56,459] {scheduler_job.py:633} INFO - Processing file /home/airflow/.local/lib/python3.6/site-packages/airflow/example_dags/example_kubernetes_executor.py for tasks to queue
[2021-06-11 05:50:56,461] {logging_mixin.py:104} INFO - [2021-06-11 05:50:56,461] {dagbag.py:487} INFO - Filling up the DagBag from /home/airflow/.local/lib/python3.6/site-packages/airflow/example_dags/example_kubernetes_executor.py
[2021-06-11 05:50:56,473] {scheduler_job.py:643} INFO - DAG(s) dict_keys(['example_kubernetes_executor']) retrieved from /home/airflow/.local/lib/python3.6/site-packages/airflow/example_dags/example_kubernetes_executor.py
[2021-06-11 05:50:56,494] {logging_mixin.py:104} INFO - [2021-06-11 05:50:56,494] {dag.py:1832} INFO - Sync 1 DAGs
[2021-06-11 05:50:56,509] {logging_mixin.py:104} INFO - [2021-06-11 05:50:56,509] {dag.py:2305} INFO - Setting next_dagrun for example_kubernetes_executor to None
[2021-06-11 05:50:56,518] {scheduler_job.py:190} INFO - Processing /home/airflow/.local/lib/python3.6/site-packages/airflow/example_dags/example_kubernetes_executor.py took 0.064 seconds
[2021-06-11 05:51:27,631] {scheduler_job.py:182} INFO - Started process (PID=2160) to work on /home/airflow/.local/lib/python3.6/site-packages/airflow/example_dags/example_kubernetes_executor.py
[2021-06-11 05:51:27,632] {scheduler_job.py:633} INFO - Processing file /home/airflow/.local/lib/python3.6/site-packages/airflow/example_dags/example_kubernetes_executor.py for tasks to queue
[2021-06-11 05:51:27,634] {logging_mixin.py:104} INFO - [2021-06-11 05:51:27,633] {dagbag.py:487} INFO - Filling up the DagBag from /home/airflow/.local/lib/python3.6/site-packages/airflow/example_dags/example_kubernetes_executor.py
[2021-06-11 05:51:27,648] {scheduler_job.py:643} INFO - DAG(s) dict_keys(['example_kubernetes_executor']) retrieved from /home/airflow/.local/lib/python3.6/site-packages/airflow/example_dags/example_kubernetes_executor.py
[2021-06-11 05:51:27,678] {logging_mixin.py:104} INFO - [2021-06-11 05:51:27,678] {dag.py:1832} INFO - Sync 1 DAGs
[2021-06-11 05:51:27,701] {logging_mixin.py:104} INFO - [2021-06-11 05:51:27,701] {dag.py:2305} INFO - Setting next_dagrun for example_kubernetes_executor to None
[2021-06-11 05:51:27,714] {scheduler_job.py:190} INFO - Processing /home/airflow/.local/lib/python3.6/site-packages/airflow/example_dags/example_kubernetes_executor.py took 0.086 seconds
[2021-06-11 05:51:57,847] {scheduler_job.py:182} INFO - Started process (PID=2237) to work on /home/airflow/.local/lib/python3.6/site-packages/airflow/example_dags/example_kubernetes_executor.py
[2021-06-11 05:51:57,849] {scheduler_job.py:633} INFO - Processing file /home/airflow/.local/lib/python3.6/site-packages/airflow/example_dags/example_kubernetes_executor.py for tasks to queue
[2021-06-11 05:51:57,850] {logging_mixin.py:104} INFO - [2021-06-11 05:51:57,850] {dagbag.py:487} INFO - Filling up the DagBag from /home/airflow/.local/lib/python3.6/site-packages/airflow/example_dags/example_kubernetes_executor.py
[2021-06-11 05:51:57,863] {scheduler_job.py:643} INFO - DAG(s) dict_keys(['example_kubernetes_executor']) retrieved from /home/airflow/.local/lib/python3.6/site-packages/airflow/example_dags/example_kubernetes_executor.py
[2021-06-11 05:51:57,887] {logging_mixin.py:104} INFO - [2021-06-11 05:51:57,886] {dag.py:1832} INFO - Sync 1 DAGs
[2021-06-11 05:51:57,918] {logging_mixin.py:104} INFO - [2021-06-11 05:51:57,918] {dag.py:2305} INFO - Setting next_dagrun for example_kubernetes_executor to None
[2021-06-11 05:51:57,981] {scheduler_job.py:190} INFO - Processing /home/airflow/.local/lib/python3.6/site-packages/airflow/example_dags/example_kubernetes_executor.py took 0.138 seconds
[2021-06-11 05:52:28,028] {scheduler_job.py:182} INFO - Started process (PID=2320) to work on /home/airflow/.local/lib/python3.6/site-packages/airflow/example_dags/example_kubernetes_executor.py
[2021-06-11 05:52:28,029] {scheduler_job.py:633} INFO - Processing file /home/airflow/.local/lib/python3.6/site-packages/airflow/example_dags/example_kubernetes_executor.py for tasks to queue
[2021-06-11 05:52:28,030] {logging_mixin.py:104} INFO - [2021-06-11 05:52:28,030] {dagbag.py:487} INFO - Filling up the DagBag from /home/airflow/.local/lib/python3.6/site-packages/airflow/example_dags/example_kubernetes_executor.py
[2021-06-11 05:52:28,044] {scheduler_job.py:643} INFO - DAG(s) dict_keys(['example_kubernetes_executor']) retrieved from /home/airflow/.local/lib/python3.6/site-packages/airflow/example_dags/example_kubernetes_executor.py
[2021-06-11 05:52:28,067] {logging_mixin.py:104} INFO - [2021-06-11 05:52:28,067] {dag.py:1832} INFO - Sync 1 DAGs
[2021-06-11 05:52:28,083] {logging_mixin.py:104} INFO - [2021-06-11 05:52:28,083] {dag.py:2305} INFO - Setting next_dagrun for example_kubernetes_executor to None
[2021-06-11 05:52:28,094] {scheduler_job.py:190} INFO - Processing /home/airflow/.local/lib/python3.6/site-packages/airflow/example_dags/example_kubernetes_executor.py took 0.069 seconds
[2021-06-11 05:52:58,517] {scheduler_job.py:182} INFO - Started process (PID=2386) to work on /home/airflow/.local/lib/python3.6/site-packages/airflow/example_dags/example_kubernetes_executor.py
[2021-06-11 05:52:58,519] {scheduler_job.py:633} INFO - Processing file /home/airflow/.local/lib/python3.6/site-packages/airflow/example_dags/example_kubernetes_executor.py for tasks to queue
[2021-06-11 05:52:58,520] {logging_mixin.py:104} INFO - [2021-06-11 05:52:58,520] {dagbag.py:487} INFO - Filling up the DagBag from /home/airflow/.local/lib/python3.6/site-packages/airflow/example_dags/example_kubernetes_executor.py
[2021-06-11 05:52:58,535] {scheduler_job.py:643} INFO - DAG(s) dict_keys(['example_kubernetes_executor']) retrieved from /home/airflow/.local/lib/python3.6/site-packages/airflow/example_dags/example_kubernetes_executor.py
[2021-06-11 05:52:58,565] {logging_mixin.py:104} INFO - [2021-06-11 05:52:58,565] {dag.py:1832} INFO - Sync 1 DAGs
[2021-06-11 05:52:58,583] {logging_mixin.py:104} INFO - [2021-06-11 05:52:58,582] {dag.py:2305} INFO - Setting next_dagrun for example_kubernetes_executor to None
[2021-06-11 05:52:58,600] {scheduler_job.py:190} INFO - Processing /home/airflow/.local/lib/python3.6/site-packages/airflow/example_dags/example_kubernetes_executor.py took 0.087 seconds
[2021-06-11 05:53:29,116] {scheduler_job.py:182} INFO - Started process (PID=2470) to work on /home/airflow/.local/lib/python3.6/site-packages/airflow/example_dags/example_kubernetes_executor.py
[2021-06-11 05:53:29,117] {scheduler_job.py:633} INFO - Processing file /home/airflow/.local/lib/python3.6/site-packages/airflow/example_dags/example_kubernetes_executor.py for tasks to queue
[2021-06-11 05:53:29,119] {logging_mixin.py:104} INFO - [2021-06-11 05:53:29,118] {dagbag.py:487} INFO - Filling up the DagBag from /home/airflow/.local/lib/python3.6/site-packages/airflow/example_dags/example_kubernetes_executor.py
[2021-06-11 05:53:29,132] {scheduler_job.py:643} INFO - DAG(s) dict_keys(['example_kubernetes_executor']) retrieved from /home/airflow/.local/lib/python3.6/site-packages/airflow/example_dags/example_kubernetes_executor.py
[2021-06-11 05:53:29,152] {logging_mixin.py:104} INFO - [2021-06-11 05:53:29,152] {dag.py:1832} INFO - Sync 1 DAGs
[2021-06-11 05:53:29,167] {logging_mixin.py:104} INFO - [2021-06-11 05:53:29,167] {dag.py:2305} INFO - Setting next_dagrun for example_kubernetes_executor to None
[2021-06-11 05:53:29,176] {scheduler_job.py:190} INFO - Processing /home/airflow/.local/lib/python3.6/site-packages/airflow/example_dags/example_kubernetes_executor.py took 0.064 seconds
[2021-06-11 05:53:59,691] {scheduler_job.py:182} INFO - Started process (PID=2554) to work on /home/airflow/.local/lib/python3.6/site-packages/airflow/example_dags/example_kubernetes_executor.py
[2021-06-11 05:53:59,692] {scheduler_job.py:633} INFO - Processing file /home/airflow/.local/lib/python3.6/site-packages/airflow/example_dags/example_kubernetes_executor.py for tasks to queue
[2021-06-11 05:53:59,694] {logging_mixin.py:104} INFO - [2021-06-11 05:53:59,693] {dagbag.py:487} INFO - Filling up the DagBag from /home/airflow/.local/lib/python3.6/site-packages/airflow/example_dags/example_kubernetes_executor.py
[2021-06-11 05:53:59,707] {scheduler_job.py:643} INFO - DAG(s) dict_keys(['example_kubernetes_executor']) retrieved from /home/airflow/.local/lib/python3.6/site-packages/airflow/example_dags/example_kubernetes_executor.py
[2021-06-11 05:53:59,729] {logging_mixin.py:104} INFO - [2021-06-11 05:53:59,729] {dag.py:1832} INFO - Sync 1 DAGs
[2021-06-11 05:53:59,745] {logging_mixin.py:104} INFO - [2021-06-11 05:53:59,745] {dag.py:2305} INFO - Setting next_dagrun for example_kubernetes_executor to None
[2021-06-11 05:53:59,756] {scheduler_job.py:190} INFO - Processing /home/airflow/.local/lib/python3.6/site-packages/airflow/example_dags/example_kubernetes_executor.py took 0.069 seconds
[2021-06-11 05:54:30,323] {scheduler_job.py:182} INFO - Started process (PID=2621) to work on /home/airflow/.local/lib/python3.6/site-packages/airflow/example_dags/example_kubernetes_executor.py
[2021-06-11 05:54:30,325] {scheduler_job.py:633} INFO - Processing file /home/airflow/.local/lib/python3.6/site-packages/airflow/example_dags/example_kubernetes_executor.py for tasks to queue
[2021-06-11 05:54:30,326] {logging_mixin.py:104} INFO - [2021-06-11 05:54:30,326] {dagbag.py:487} INFO - Filling up the DagBag from /home/airflow/.local/lib/python3.6/site-packages/airflow/example_dags/example_kubernetes_executor.py
[2021-06-11 05:54:30,339] {scheduler_job.py:643} INFO - DAG(s) dict_keys(['example_kubernetes_executor']) retrieved from /home/airflow/.local/lib/python3.6/site-packages/airflow/example_dags/example_kubernetes_executor.py
[2021-06-11 05:54:30,362] {logging_mixin.py:104} INFO - [2021-06-11 05:54:30,362] {dag.py:1832} INFO - Sync 1 DAGs
[2021-06-11 05:54:30,381] {logging_mixin.py:104} INFO - [2021-06-11 05:54:30,381] {dag.py:2305} INFO - Setting next_dagrun for example_kubernetes_executor to None
[2021-06-11 05:54:30,391] {scheduler_job.py:190} INFO - Processing /home/airflow/.local/lib/python3.6/site-packages/airflow/example_dags/example_kubernetes_executor.py took 0.071 seconds
[2021-06-11 05:55:01,175] {scheduler_job.py:182} INFO - Started process (PID=2705) to work on /home/airflow/.local/lib/python3.6/site-packages/airflow/example_dags/example_kubernetes_executor.py
[2021-06-11 05:55:01,178] {scheduler_job.py:633} INFO - Processing file /home/airflow/.local/lib/python3.6/site-packages/airflow/example_dags/example_kubernetes_executor.py for tasks to queue
[2021-06-11 05:55:01,179] {logging_mixin.py:104} INFO - [2021-06-11 05:55:01,179] {dagbag.py:487} INFO - Filling up the DagBag from /home/airflow/.local/lib/python3.6/site-packages/airflow/example_dags/example_kubernetes_executor.py
[2021-06-11 05:55:01,193] {scheduler_job.py:643} INFO - DAG(s) dict_keys(['example_kubernetes_executor']) retrieved from /home/airflow/.local/lib/python3.6/site-packages/airflow/example_dags/example_kubernetes_executor.py
[2021-06-11 05:55:01,219] {logging_mixin.py:104} INFO - [2021-06-11 05:55:01,218] {dag.py:1832} INFO - Sync 1 DAGs
[2021-06-11 05:55:01,238] {logging_mixin.py:104} INFO - [2021-06-11 05:55:01,238] {dag.py:2305} INFO - Setting next_dagrun for example_kubernetes_executor to None
[2021-06-11 05:55:01,251] {scheduler_job.py:190} INFO - Processing /home/airflow/.local/lib/python3.6/site-packages/airflow/example_dags/example_kubernetes_executor.py took 0.079 seconds
[2021-06-11 05:55:31,711] {scheduler_job.py:182} INFO - Started process (PID=2788) to work on /home/airflow/.local/lib/python3.6/site-packages/airflow/example_dags/example_kubernetes_executor.py
[2021-06-11 05:55:31,713] {scheduler_job.py:633} INFO - Processing file /home/airflow/.local/lib/python3.6/site-packages/airflow/example_dags/example_kubernetes_executor.py for tasks to queue
[2021-06-11 05:55:31,714] {logging_mixin.py:104} INFO - [2021-06-11 05:55:31,714] {dagbag.py:487} INFO - Filling up the DagBag from /home/airflow/.local/lib/python3.6/site-packages/airflow/example_dags/example_kubernetes_executor.py
[2021-06-11 05:55:31,727] {scheduler_job.py:643} INFO - DAG(s) dict_keys(['example_kubernetes_executor']) retrieved from /home/airflow/.local/lib/python3.6/site-packages/airflow/example_dags/example_kubernetes_executor.py
[2021-06-11 05:55:31,750] {logging_mixin.py:104} INFO - [2021-06-11 05:55:31,750] {dag.py:1832} INFO - Sync 1 DAGs
[2021-06-11 05:55:31,769] {logging_mixin.py:104} INFO - [2021-06-11 05:55:31,768] {dag.py:2305} INFO - Setting next_dagrun for example_kubernetes_executor to None
[2021-06-11 05:55:31,780] {scheduler_job.py:190} INFO - Processing /home/airflow/.local/lib/python3.6/site-packages/airflow/example_dags/example_kubernetes_executor.py took 0.072 seconds
[2021-06-11 05:56:02,197] {scheduler_job.py:182} INFO - Started process (PID=2853) to work on /home/airflow/.local/lib/python3.6/site-packages/airflow/example_dags/example_kubernetes_executor.py
[2021-06-11 05:56:02,199] {scheduler_job.py:633} INFO - Processing file /home/airflow/.local/lib/python3.6/site-packages/airflow/example_dags/example_kubernetes_executor.py for tasks to queue
[2021-06-11 05:56:02,200] {logging_mixin.py:104} INFO - [2021-06-11 05:56:02,200] {dagbag.py:487} INFO - Filling up the DagBag from /home/airflow/.local/lib/python3.6/site-packages/airflow/example_dags/example_kubernetes_executor.py
[2021-06-11 05:56:02,214] {scheduler_job.py:643} INFO - DAG(s) dict_keys(['example_kubernetes_executor']) retrieved from /home/airflow/.local/lib/python3.6/site-packages/airflow/example_dags/example_kubernetes_executor.py
[2021-06-11 05:56:02,237] {logging_mixin.py:104} INFO - [2021-06-11 05:56:02,237] {dag.py:1832} INFO - Sync 1 DAGs
[2021-06-11 05:56:02,253] {logging_mixin.py:104} INFO - [2021-06-11 05:56:02,253] {dag.py:2305} INFO - Setting next_dagrun for example_kubernetes_executor to None
[2021-06-11 05:56:02,264] {scheduler_job.py:190} INFO - Processing /home/airflow/.local/lib/python3.6/site-packages/airflow/example_dags/example_kubernetes_executor.py took 0.072 seconds
[2021-06-11 05:56:32,645] {scheduler_job.py:182} INFO - Started process (PID=2939) to work on /home/airflow/.local/lib/python3.6/site-packages/airflow/example_dags/example_kubernetes_executor.py
[2021-06-11 05:56:32,647] {scheduler_job.py:633} INFO - Processing file /home/airflow/.local/lib/python3.6/site-packages/airflow/example_dags/example_kubernetes_executor.py for tasks to queue
[2021-06-11 05:56:32,648] {logging_mixin.py:104} INFO - [2021-06-11 05:56:32,648] {dagbag.py:487} INFO - Filling up the DagBag from /home/airflow/.local/lib/python3.6/site-packages/airflow/example_dags/example_kubernetes_executor.py
[2021-06-11 05:56:32,661] {scheduler_job.py:643} INFO - DAG(s) dict_keys(['example_kubernetes_executor']) retrieved from /home/airflow/.local/lib/python3.6/site-packages/airflow/example_dags/example_kubernetes_executor.py
[2021-06-11 05:56:32,685] {logging_mixin.py:104} INFO - [2021-06-11 05:56:32,685] {dag.py:1832} INFO - Sync 1 DAGs
[2021-06-11 05:56:32,703] {logging_mixin.py:104} INFO - [2021-06-11 05:56:32,703] {dag.py:2305} INFO - Setting next_dagrun for example_kubernetes_executor to None
[2021-06-11 05:56:32,714] {scheduler_job.py:190} INFO - Processing /home/airflow/.local/lib/python3.6/site-packages/airflow/example_dags/example_kubernetes_executor.py took 0.072 seconds
[2021-06-11 05:57:03,400] {scheduler_job.py:182} INFO - Started process (PID=3024) to work on /home/airflow/.local/lib/python3.6/site-packages/airflow/example_dags/example_kubernetes_executor.py
[2021-06-11 05:57:03,401] {scheduler_job.py:633} INFO - Processing file /home/airflow/.local/lib/python3.6/site-packages/airflow/example_dags/example_kubernetes_executor.py for tasks to queue
[2021-06-11 05:57:03,403] {logging_mixin.py:104} INFO - [2021-06-11 05:57:03,402] {dagbag.py:487} INFO - Filling up the DagBag from /home/airflow/.local/lib/python3.6/site-packages/airflow/example_dags/example_kubernetes_executor.py
[2021-06-11 05:57:03,416] {scheduler_job.py:643} INFO - DAG(s) dict_keys(['example_kubernetes_executor']) retrieved from /home/airflow/.local/lib/python3.6/site-packages/airflow/example_dags/example_kubernetes_executor.py
[2021-06-11 05:57:03,441] {logging_mixin.py:104} INFO - [2021-06-11 05:57:03,441] {dag.py:1832} INFO - Sync 1 DAGs
[2021-06-11 05:57:03,457] {logging_mixin.py:104} INFO - [2021-06-11 05:57:03,457] {dag.py:2305} INFO - Setting next_dagrun for example_kubernetes_executor to None
[2021-06-11 05:57:03,468] {scheduler_job.py:190} INFO - Processing /home/airflow/.local/lib/python3.6/site-packages/airflow/example_dags/example_kubernetes_executor.py took 0.072 seconds
[2021-06-11 05:57:33,707] {scheduler_job.py:182} INFO - Started process (PID=3089) to work on /home/airflow/.local/lib/python3.6/site-packages/airflow/example_dags/example_kubernetes_executor.py
[2021-06-11 05:57:33,709] {scheduler_job.py:633} INFO - Processing file /home/airflow/.local/lib/python3.6/site-packages/airflow/example_dags/example_kubernetes_executor.py for tasks to queue
[2021-06-11 05:57:33,711] {logging_mixin.py:104} INFO - [2021-06-11 05:57:33,710] {dagbag.py:487} INFO - Filling up the DagBag from /home/airflow/.local/lib/python3.6/site-packages/airflow/example_dags/example_kubernetes_executor.py
[2021-06-11 05:57:33,728] {scheduler_job.py:643} INFO - DAG(s) dict_keys(['example_kubernetes_executor']) retrieved from /home/airflow/.local/lib/python3.6/site-packages/airflow/example_dags/example_kubernetes_executor.py
[2021-06-11 05:57:33,753] {logging_mixin.py:104} INFO - [2021-06-11 05:57:33,753] {dag.py:1832} INFO - Sync 1 DAGs
[2021-06-11 05:57:33,785] {logging_mixin.py:104} INFO - [2021-06-11 05:57:33,785] {dag.py:2305} INFO - Setting next_dagrun for example_kubernetes_executor to None
[2021-06-11 05:57:33,796] {scheduler_job.py:190} INFO - Processing /home/airflow/.local/lib/python3.6/site-packages/airflow/example_dags/example_kubernetes_executor.py took 0.093 seconds
[2021-06-11 05:58:03,957] {scheduler_job.py:182} INFO - Started process (PID=3173) to work on /home/airflow/.local/lib/python3.6/site-packages/airflow/example_dags/example_kubernetes_executor.py
[2021-06-11 05:58:03,959] {scheduler_job.py:633} INFO - Processing file /home/airflow/.local/lib/python3.6/site-packages/airflow/example_dags/example_kubernetes_executor.py for tasks to queue
[2021-06-11 05:58:03,960] {logging_mixin.py:104} INFO - [2021-06-11 05:58:03,960] {dagbag.py:487} INFO - Filling up the DagBag from /home/airflow/.local/lib/python3.6/site-packages/airflow/example_dags/example_kubernetes_executor.py
[2021-06-11 05:58:03,973] {scheduler_job.py:643} INFO - DAG(s) dict_keys(['example_kubernetes_executor']) retrieved from /home/airflow/.local/lib/python3.6/site-packages/airflow/example_dags/example_kubernetes_executor.py
[2021-06-11 05:58:03,996] {logging_mixin.py:104} INFO - [2021-06-11 05:58:03,996] {dag.py:1832} INFO - Sync 1 DAGs
[2021-06-11 05:58:04,012] {logging_mixin.py:104} INFO - [2021-06-11 05:58:04,012] {dag.py:2305} INFO - Setting next_dagrun for example_kubernetes_executor to None
[2021-06-11 05:58:04,022] {scheduler_job.py:190} INFO - Processing /home/airflow/.local/lib/python3.6/site-packages/airflow/example_dags/example_kubernetes_executor.py took 0.069 seconds
[2021-06-11 05:58:34,114] {scheduler_job.py:182} INFO - Started process (PID=3250) to work on /home/airflow/.local/lib/python3.6/site-packages/airflow/example_dags/example_kubernetes_executor.py
[2021-06-11 05:58:34,115] {scheduler_job.py:633} INFO - Processing file /home/airflow/.local/lib/python3.6/site-packages/airflow/example_dags/example_kubernetes_executor.py for tasks to queue
[2021-06-11 05:58:34,116] {logging_mixin.py:104} INFO - [2021-06-11 05:58:34,116] {dagbag.py:487} INFO - Filling up the DagBag from /home/airflow/.local/lib/python3.6/site-packages/airflow/example_dags/example_kubernetes_executor.py
[2021-06-11 05:58:34,129] {scheduler_job.py:643} INFO - DAG(s) dict_keys(['example_kubernetes_executor']) retrieved from /home/airflow/.local/lib/python3.6/site-packages/airflow/example_dags/example_kubernetes_executor.py
[2021-06-11 05:58:34,151] {logging_mixin.py:104} INFO - [2021-06-11 05:58:34,151] {dag.py:1832} INFO - Sync 1 DAGs
[2021-06-11 05:58:34,166] {logging_mixin.py:104} INFO - [2021-06-11 05:58:34,166] {dag.py:2305} INFO - Setting next_dagrun for example_kubernetes_executor to None
[2021-06-11 05:58:34,177] {scheduler_job.py:190} INFO - Processing /home/airflow/.local/lib/python3.6/site-packages/airflow/example_dags/example_kubernetes_executor.py took 0.067 seconds
[2021-06-11 05:59:04,269] {scheduler_job.py:182} INFO - Started process (PID=3325) to work on /home/airflow/.local/lib/python3.6/site-packages/airflow/example_dags/example_kubernetes_executor.py
[2021-06-11 05:59:04,271] {scheduler_job.py:633} INFO - Processing file /home/airflow/.local/lib/python3.6/site-packages/airflow/example_dags/example_kubernetes_executor.py for tasks to queue
[2021-06-11 05:59:04,272] {logging_mixin.py:104} INFO - [2021-06-11 05:59:04,272] {dagbag.py:487} INFO - Filling up the DagBag from /home/airflow/.local/lib/python3.6/site-packages/airflow/example_dags/example_kubernetes_executor.py
[2021-06-11 05:59:04,284] {scheduler_job.py:643} INFO - DAG(s) dict_keys(['example_kubernetes_executor']) retrieved from /home/airflow/.local/lib/python3.6/site-packages/airflow/example_dags/example_kubernetes_executor.py
[2021-06-11 05:59:04,311] {logging_mixin.py:104} INFO - [2021-06-11 05:59:04,311] {dag.py:1832} INFO - Sync 1 DAGs
[2021-06-11 05:59:04,329] {logging_mixin.py:104} INFO - [2021-06-11 05:59:04,329] {dag.py:2305} INFO - Setting next_dagrun for example_kubernetes_executor to None
[2021-06-11 05:59:04,346] {scheduler_job.py:190} INFO - Processing /home/airflow/.local/lib/python3.6/site-packages/airflow/example_dags/example_kubernetes_executor.py took 0.080 seconds
[2021-06-11 05:59:34,441] {scheduler_job.py:182} INFO - Started process (PID=3407) to work on /home/airflow/.local/lib/python3.6/site-packages/airflow/example_dags/example_kubernetes_executor.py
[2021-06-11 05:59:34,442] {scheduler_job.py:633} INFO - Processing file /home/airflow/.local/lib/python3.6/site-packages/airflow/example_dags/example_kubernetes_executor.py for tasks to queue
[2021-06-11 05:59:34,444] {logging_mixin.py:104} INFO - [2021-06-11 05:59:34,443] {dagbag.py:487} INFO - Filling up the DagBag from /home/airflow/.local/lib/python3.6/site-packages/airflow/example_dags/example_kubernetes_executor.py
[2021-06-11 05:59:34,456] {scheduler_job.py:643} INFO - DAG(s) dict_keys(['example_kubernetes_executor']) retrieved from /home/airflow/.local/lib/python3.6/site-packages/airflow/example_dags/example_kubernetes_executor.py
[2021-06-11 05:59:34,478] {logging_mixin.py:104} INFO - [2021-06-11 05:59:34,478] {dag.py:1832} INFO - Sync 1 DAGs
[2021-06-11 05:59:34,493] {logging_mixin.py:104} INFO - [2021-06-11 05:59:34,493] {dag.py:2305} INFO - Setting next_dagrun for example_kubernetes_executor to None
[2021-06-11 05:59:34,502] {scheduler_job.py:190} INFO - Processing /home/airflow/.local/lib/python3.6/site-packages/airflow/example_dags/example_kubernetes_executor.py took 0.065 seconds
[2021-06-11 06:00:04,816] {scheduler_job.py:182} INFO - Started process (PID=3473) to work on /home/airflow/.local/lib/python3.6/site-packages/airflow/example_dags/example_kubernetes_executor.py
[2021-06-11 06:00:04,818] {scheduler_job.py:633} INFO - Processing file /home/airflow/.local/lib/python3.6/site-packages/airflow/example_dags/example_kubernetes_executor.py for tasks to queue
[2021-06-11 06:00:04,819] {logging_mixin.py:104} INFO - [2021-06-11 06:00:04,819] {dagbag.py:487} INFO - Filling up the DagBag from /home/airflow/.local/lib/python3.6/site-packages/airflow/example_dags/example_kubernetes_executor.py
[2021-06-11 06:00:04,834] {scheduler_job.py:643} INFO - DAG(s) dict_keys(['example_kubernetes_executor']) retrieved from /home/airflow/.local/lib/python3.6/site-packages/airflow/example_dags/example_kubernetes_executor.py
[2021-06-11 06:00:04,860] {logging_mixin.py:104} INFO - [2021-06-11 06:00:04,860] {dag.py:1832} INFO - Sync 1 DAGs
[2021-06-11 06:00:04,878] {logging_mixin.py:104} INFO - [2021-06-11 06:00:04,878] {dag.py:2305} INFO - Setting next_dagrun for example_kubernetes_executor to None
[2021-06-11 06:00:04,893] {scheduler_job.py:190} INFO - Processing /home/airflow/.local/lib/python3.6/site-packages/airflow/example_dags/example_kubernetes_executor.py took 0.081 seconds
[2021-06-11 06:00:35,006] {scheduler_job.py:182} INFO - Started process (PID=3556) to work on /home/airflow/.local/lib/python3.6/site-packages/airflow/example_dags/example_kubernetes_executor.py
[2021-06-11 06:00:35,008] {scheduler_job.py:633} INFO - Processing file /home/airflow/.local/lib/python3.6/site-packages/airflow/example_dags/example_kubernetes_executor.py for tasks to queue
[2021-06-11 06:00:35,010] {logging_mixin.py:104} INFO - [2021-06-11 06:00:35,010] {dagbag.py:487} INFO - Filling up the DagBag from /home/airflow/.local/lib/python3.6/site-packages/airflow/example_dags/example_kubernetes_executor.py
[2021-06-11 06:00:35,027] {scheduler_job.py:643} INFO - DAG(s) dict_keys(['example_kubernetes_executor']) retrieved from /home/airflow/.local/lib/python3.6/site-packages/airflow/example_dags/example_kubernetes_executor.py
[2021-06-11 06:00:35,055] {logging_mixin.py:104} INFO - [2021-06-11 06:00:35,055] {dag.py:1832} INFO - Sync 1 DAGs
[2021-06-11 06:00:35,073] {logging_mixin.py:104} INFO - [2021-06-11 06:00:35,073] {dag.py:2305} INFO - Setting next_dagrun for example_kubernetes_executor to None
[2021-06-11 06:00:35,084] {scheduler_job.py:190} INFO - Processing /home/airflow/.local/lib/python3.6/site-packages/airflow/example_dags/example_kubernetes_executor.py took 0.082 seconds
[2021-06-11 06:01:05,810] {scheduler_job.py:182} INFO - Started process (PID=3639) to work on /home/airflow/.local/lib/python3.6/site-packages/airflow/example_dags/example_kubernetes_executor.py
[2021-06-11 06:01:05,812] {scheduler_job.py:633} INFO - Processing file /home/airflow/.local/lib/python3.6/site-packages/airflow/example_dags/example_kubernetes_executor.py for tasks to queue
[2021-06-11 06:01:05,813] {logging_mixin.py:104} INFO - [2021-06-11 06:01:05,813] {dagbag.py:487} INFO - Filling up the DagBag from /home/airflow/.local/lib/python3.6/site-packages/airflow/example_dags/example_kubernetes_executor.py
[2021-06-11 06:01:05,827] {scheduler_job.py:643} INFO - DAG(s) dict_keys(['example_kubernetes_executor']) retrieved from /home/airflow/.local/lib/python3.6/site-packages/airflow/example_dags/example_kubernetes_executor.py
[2021-06-11 06:01:05,854] {logging_mixin.py:104} INFO - [2021-06-11 06:01:05,854] {dag.py:1832} INFO - Sync 1 DAGs
[2021-06-11 06:01:05,874] {logging_mixin.py:104} INFO - [2021-06-11 06:01:05,874] {dag.py:2305} INFO - Setting next_dagrun for example_kubernetes_executor to None
[2021-06-11 06:01:05,886] {scheduler_job.py:190} INFO - Processing /home/airflow/.local/lib/python3.6/site-packages/airflow/example_dags/example_kubernetes_executor.py took 0.080 seconds
[2021-06-11 06:01:36,132] {scheduler_job.py:182} INFO - Started process (PID=3706) to work on /home/airflow/.local/lib/python3.6/site-packages/airflow/example_dags/example_kubernetes_executor.py
[2021-06-11 06:01:36,134] {scheduler_job.py:633} INFO - Processing file /home/airflow/.local/lib/python3.6/site-packages/airflow/example_dags/example_kubernetes_executor.py for tasks to queue
[2021-06-11 06:01:36,135] {logging_mixin.py:104} INFO - [2021-06-11 06:01:36,135] {dagbag.py:487} INFO - Filling up the DagBag from /home/airflow/.local/lib/python3.6/site-packages/airflow/example_dags/example_kubernetes_executor.py
[2021-06-11 06:01:36,148] {scheduler_job.py:643} INFO - DAG(s) dict_keys(['example_kubernetes_executor']) retrieved from /home/airflow/.local/lib/python3.6/site-packages/airflow/example_dags/example_kubernetes_executor.py
[2021-06-11 06:01:36,174] {logging_mixin.py:104} INFO - [2021-06-11 06:01:36,173] {dag.py:1832} INFO - Sync 1 DAGs
[2021-06-11 06:01:36,193] {logging_mixin.py:104} INFO - [2021-06-11 06:01:36,193] {dag.py:2305} INFO - Setting next_dagrun for example_kubernetes_executor to None
[2021-06-11 06:01:36,205] {scheduler_job.py:190} INFO - Processing /home/airflow/.local/lib/python3.6/site-packages/airflow/example_dags/example_kubernetes_executor.py took 0.077 seconds
[2021-06-11 06:02:07,153] {scheduler_job.py:182} INFO - Started process (PID=3790) to work on /home/airflow/.local/lib/python3.6/site-packages/airflow/example_dags/example_kubernetes_executor.py
[2021-06-11 06:02:07,155] {scheduler_job.py:633} INFO - Processing file /home/airflow/.local/lib/python3.6/site-packages/airflow/example_dags/example_kubernetes_executor.py for tasks to queue
[2021-06-11 06:02:07,156] {logging_mixin.py:104} INFO - [2021-06-11 06:02:07,156] {dagbag.py:487} INFO - Filling up the DagBag from /home/airflow/.local/lib/python3.6/site-packages/airflow/example_dags/example_kubernetes_executor.py
[2021-06-11 06:02:07,169] {scheduler_job.py:643} INFO - DAG(s) dict_keys(['example_kubernetes_executor']) retrieved from /home/airflow/.local/lib/python3.6/site-packages/airflow/example_dags/example_kubernetes_executor.py
[2021-06-11 06:02:07,192] {logging_mixin.py:104} INFO - [2021-06-11 06:02:07,192] {dag.py:1832} INFO - Sync 1 DAGs
[2021-06-11 06:02:07,208] {logging_mixin.py:104} INFO - [2021-06-11 06:02:07,208] {dag.py:2305} INFO - Setting next_dagrun for example_kubernetes_executor to None
[2021-06-11 06:02:07,219] {scheduler_job.py:190} INFO - Processing /home/airflow/.local/lib/python3.6/site-packages/airflow/example_dags/example_kubernetes_executor.py took 0.070 seconds
[2021-06-11 06:02:38,166] {scheduler_job.py:182} INFO - Started process (PID=3874) to work on /home/airflow/.local/lib/python3.6/site-packages/airflow/example_dags/example_kubernetes_executor.py
[2021-06-11 06:02:38,178] {scheduler_job.py:633} INFO - Processing file /home/airflow/.local/lib/python3.6/site-packages/airflow/example_dags/example_kubernetes_executor.py for tasks to queue
[2021-06-11 06:02:38,179] {logging_mixin.py:104} INFO - [2021-06-11 06:02:38,179] {dagbag.py:487} INFO - Filling up the DagBag from /home/airflow/.local/lib/python3.6/site-packages/airflow/example_dags/example_kubernetes_executor.py
[2021-06-11 06:02:38,196] {scheduler_job.py:643} INFO - DAG(s) dict_keys(['example_kubernetes_executor']) retrieved from /home/airflow/.local/lib/python3.6/site-packages/airflow/example_dags/example_kubernetes_executor.py
[2021-06-11 06:02:38,234] {logging_mixin.py:104} INFO - [2021-06-11 06:02:38,234] {dag.py:1832} INFO - Sync 1 DAGs
[2021-06-11 06:02:38,253] {logging_mixin.py:104} INFO - [2021-06-11 06:02:38,253] {dag.py:2305} INFO - Setting next_dagrun for example_kubernetes_executor to None
[2021-06-11 06:02:38,267] {scheduler_job.py:190} INFO - Processing /home/airflow/.local/lib/python3.6/site-packages/airflow/example_dags/example_kubernetes_executor.py took 0.104 seconds
[2021-06-11 06:03:08,682] {scheduler_job.py:182} INFO - Started process (PID=3942) to work on /home/airflow/.local/lib/python3.6/site-packages/airflow/example_dags/example_kubernetes_executor.py
[2021-06-11 06:03:08,684] {scheduler_job.py:633} INFO - Processing file /home/airflow/.local/lib/python3.6/site-packages/airflow/example_dags/example_kubernetes_executor.py for tasks to queue
[2021-06-11 06:03:08,685] {logging_mixin.py:104} INFO - [2021-06-11 06:03:08,685] {dagbag.py:487} INFO - Filling up the DagBag from /home/airflow/.local/lib/python3.6/site-packages/airflow/example_dags/example_kubernetes_executor.py
[2021-06-11 06:03:08,702] {scheduler_job.py:643} INFO - DAG(s) dict_keys(['example_kubernetes_executor']) retrieved from /home/airflow/.local/lib/python3.6/site-packages/airflow/example_dags/example_kubernetes_executor.py
[2021-06-11 06:03:08,730] {logging_mixin.py:104} INFO - [2021-06-11 06:03:08,729] {dag.py:1832} INFO - Sync 1 DAGs
[2021-06-11 06:03:08,748] {logging_mixin.py:104} INFO - [2021-06-11 06:03:08,748] {dag.py:2305} INFO - Setting next_dagrun for example_kubernetes_executor to None
[2021-06-11 06:03:08,759] {scheduler_job.py:190} INFO - Processing /home/airflow/.local/lib/python3.6/site-packages/airflow/example_dags/example_kubernetes_executor.py took 0.082 seconds
[2021-06-11 06:03:39,837] {scheduler_job.py:182} INFO - Started process (PID=4027) to work on /home/airflow/.local/lib/python3.6/site-packages/airflow/example_dags/example_kubernetes_executor.py
[2021-06-11 06:03:39,839] {scheduler_job.py:633} INFO - Processing file /home/airflow/.local/lib/python3.6/site-packages/airflow/example_dags/example_kubernetes_executor.py for tasks to queue
[2021-06-11 06:03:39,840] {logging_mixin.py:104} INFO - [2021-06-11 06:03:39,840] {dagbag.py:487} INFO - Filling up the DagBag from /home/airflow/.local/lib/python3.6/site-packages/airflow/example_dags/example_kubernetes_executor.py
[2021-06-11 06:03:39,854] {scheduler_job.py:643} INFO - DAG(s) dict_keys(['example_kubernetes_executor']) retrieved from /home/airflow/.local/lib/python3.6/site-packages/airflow/example_dags/example_kubernetes_executor.py
[2021-06-11 06:03:39,875] {logging_mixin.py:104} INFO - [2021-06-11 06:03:39,875] {dag.py:1832} INFO - Sync 1 DAGs
[2021-06-11 06:03:39,892] {logging_mixin.py:104} INFO - [2021-06-11 06:03:39,892] {dag.py:2305} INFO - Setting next_dagrun for example_kubernetes_executor to None
[2021-06-11 06:03:39,902] {scheduler_job.py:190} INFO - Processing /home/airflow/.local/lib/python3.6/site-packages/airflow/example_dags/example_kubernetes_executor.py took 0.068 seconds
[2021-06-11 06:04:10,884] {scheduler_job.py:182} INFO - Started process (PID=4105) to work on /home/airflow/.local/lib/python3.6/site-packages/airflow/example_dags/example_kubernetes_executor.py
[2021-06-11 06:04:10,886] {scheduler_job.py:633} INFO - Processing file /home/airflow/.local/lib/python3.6/site-packages/airflow/example_dags/example_kubernetes_executor.py for tasks to queue
[2021-06-11 06:04:10,887] {logging_mixin.py:104} INFO - [2021-06-11 06:04:10,887] {dagbag.py:487} INFO - Filling up the DagBag from /home/airflow/.local/lib/python3.6/site-packages/airflow/example_dags/example_kubernetes_executor.py
[2021-06-11 06:04:10,906] {scheduler_job.py:643} INFO - DAG(s) dict_keys(['example_kubernetes_executor']) retrieved from /home/airflow/.local/lib/python3.6/site-packages/airflow/example_dags/example_kubernetes_executor.py
[2021-06-11 06:04:10,934] {logging_mixin.py:104} INFO - [2021-06-11 06:04:10,934] {dag.py:1832} INFO - Sync 1 DAGs
[2021-06-11 06:04:10,953] {logging_mixin.py:104} INFO - [2021-06-11 06:04:10,953] {dag.py:2305} INFO - Setting next_dagrun for example_kubernetes_executor to None
[2021-06-11 06:04:10,968] {scheduler_job.py:190} INFO - Processing /home/airflow/.local/lib/python3.6/site-packages/airflow/example_dags/example_kubernetes_executor.py took 0.088 seconds
[2021-06-11 06:04:42,149] {scheduler_job.py:182} INFO - Started process (PID=4182) to work on /home/airflow/.local/lib/python3.6/site-packages/airflow/example_dags/example_kubernetes_executor.py
[2021-06-11 06:04:42,152] {scheduler_job.py:633} INFO - Processing file /home/airflow/.local/lib/python3.6/site-packages/airflow/example_dags/example_kubernetes_executor.py for tasks to queue
[2021-06-11 06:04:42,153] {logging_mixin.py:104} INFO - [2021-06-11 06:04:42,153] {dagbag.py:487} INFO - Filling up the DagBag from /home/airflow/.local/lib/python3.6/site-packages/airflow/example_dags/example_kubernetes_executor.py
[2021-06-11 06:04:42,168] {scheduler_job.py:643} INFO - DAG(s) dict_keys(['example_kubernetes_executor']) retrieved from /home/airflow/.local/lib/python3.6/site-packages/airflow/example_dags/example_kubernetes_executor.py
[2021-06-11 06:04:42,200] {logging_mixin.py:104} INFO - [2021-06-11 06:04:42,200] {dag.py:1832} INFO - Sync 1 DAGs
[2021-06-11 06:04:42,222] {logging_mixin.py:104} INFO - [2021-06-11 06:04:42,222] {dag.py:2305} INFO - Setting next_dagrun for example_kubernetes_executor to None
[2021-06-11 06:04:42,232] {scheduler_job.py:190} INFO - Processing /home/airflow/.local/lib/python3.6/site-packages/airflow/example_dags/example_kubernetes_executor.py took 0.087 seconds
[2021-06-11 06:05:12,508] {scheduler_job.py:182} INFO - Started process (PID=4268) to work on /home/airflow/.local/lib/python3.6/site-packages/airflow/example_dags/example_kubernetes_executor.py
[2021-06-11 06:05:12,510] {scheduler_job.py:633} INFO - Processing file /home/airflow/.local/lib/python3.6/site-packages/airflow/example_dags/example_kubernetes_executor.py for tasks to queue
[2021-06-11 06:05:12,512] {logging_mixin.py:104} INFO - [2021-06-11 06:05:12,511] {dagbag.py:487} INFO - Filling up the DagBag from /home/airflow/.local/lib/python3.6/site-packages/airflow/example_dags/example_kubernetes_executor.py
[2021-06-11 06:05:12,525] {scheduler_job.py:643} INFO - DAG(s) dict_keys(['example_kubernetes_executor']) retrieved from /home/airflow/.local/lib/python3.6/site-packages/airflow/example_dags/example_kubernetes_executor.py
[2021-06-11 06:05:12,552] {logging_mixin.py:104} INFO - [2021-06-11 06:05:12,552] {dag.py:1832} INFO - Sync 1 DAGs
[2021-06-11 06:05:12,569] {logging_mixin.py:104} INFO - [2021-06-11 06:05:12,569] {dag.py:2305} INFO - Setting next_dagrun for example_kubernetes_executor to None
[2021-06-11 06:05:12,593] {scheduler_job.py:190} INFO - Processing /home/airflow/.local/lib/python3.6/site-packages/airflow/example_dags/example_kubernetes_executor.py took 0.090 seconds
[2021-06-11 06:05:43,664] {scheduler_job.py:182} INFO - Started process (PID=4345) to work on /home/airflow/.local/lib/python3.6/site-packages/airflow/example_dags/example_kubernetes_executor.py
[2021-06-11 06:05:43,666] {scheduler_job.py:633} INFO - Processing file /home/airflow/.local/lib/python3.6/site-packages/airflow/example_dags/example_kubernetes_executor.py for tasks to queue
[2021-06-11 06:05:43,667] {logging_mixin.py:104} INFO - [2021-06-11 06:05:43,667] {dagbag.py:487} INFO - Filling up the DagBag from /home/airflow/.local/lib/python3.6/site-packages/airflow/example_dags/example_kubernetes_executor.py
[2021-06-11 06:05:43,681] {scheduler_job.py:643} INFO - DAG(s) dict_keys(['example_kubernetes_executor']) retrieved from /home/airflow/.local/lib/python3.6/site-packages/airflow/example_dags/example_kubernetes_executor.py
[2021-06-11 06:05:43,704] {logging_mixin.py:104} INFO - [2021-06-11 06:05:43,704] {dag.py:1832} INFO - Sync 1 DAGs
[2021-06-11 06:05:43,736] {logging_mixin.py:104} INFO - [2021-06-11 06:05:43,736] {dag.py:2305} INFO - Setting next_dagrun for example_kubernetes_executor to None
[2021-06-11 06:05:43,748] {scheduler_job.py:190} INFO - Processing /home/airflow/.local/lib/python3.6/site-packages/airflow/example_dags/example_kubernetes_executor.py took 0.088 seconds
[2021-06-11 06:06:15,047] {scheduler_job.py:182} INFO - Started process (PID=4422) to work on /home/airflow/.local/lib/python3.6/site-packages/airflow/example_dags/example_kubernetes_executor.py
[2021-06-11 06:06:15,049] {scheduler_job.py:633} INFO - Processing file /home/airflow/.local/lib/python3.6/site-packages/airflow/example_dags/example_kubernetes_executor.py for tasks to queue
[2021-06-11 06:06:15,050] {logging_mixin.py:104} INFO - [2021-06-11 06:06:15,050] {dagbag.py:487} INFO - Filling up the DagBag from /home/airflow/.local/lib/python3.6/site-packages/airflow/example_dags/example_kubernetes_executor.py
[2021-06-11 06:06:15,064] {scheduler_job.py:643} INFO - DAG(s) dict_keys(['example_kubernetes_executor']) retrieved from /home/airflow/.local/lib/python3.6/site-packages/airflow/example_dags/example_kubernetes_executor.py
[2021-06-11 06:06:15,092] {logging_mixin.py:104} INFO - [2021-06-11 06:06:15,092] {dag.py:1832} INFO - Sync 1 DAGs
[2021-06-11 06:06:15,111] {logging_mixin.py:104} INFO - [2021-06-11 06:06:15,111] {dag.py:2305} INFO - Setting next_dagrun for example_kubernetes_executor to None
[2021-06-11 06:06:15,122] {scheduler_job.py:190} INFO - Processing /home/airflow/.local/lib/python3.6/site-packages/airflow/example_dags/example_kubernetes_executor.py took 0.078 seconds
[2021-06-11 06:06:45,522] {scheduler_job.py:182} INFO - Started process (PID=4508) to work on /home/airflow/.local/lib/python3.6/site-packages/airflow/example_dags/example_kubernetes_executor.py
[2021-06-11 06:06:45,524] {scheduler_job.py:633} INFO - Processing file /home/airflow/.local/lib/python3.6/site-packages/airflow/example_dags/example_kubernetes_executor.py for tasks to queue
[2021-06-11 06:06:45,525] {logging_mixin.py:104} INFO - [2021-06-11 06:06:45,525] {dagbag.py:487} INFO - Filling up the DagBag from /home/airflow/.local/lib/python3.6/site-packages/airflow/example_dags/example_kubernetes_executor.py
[2021-06-11 06:06:45,540] {scheduler_job.py:643} INFO - DAG(s) dict_keys(['example_kubernetes_executor']) retrieved from /home/airflow/.local/lib/python3.6/site-packages/airflow/example_dags/example_kubernetes_executor.py
[2021-06-11 06:06:45,564] {logging_mixin.py:104} INFO - [2021-06-11 06:06:45,564] {dag.py:1832} INFO - Sync 1 DAGs
[2021-06-11 06:06:45,580] {logging_mixin.py:104} INFO - [2021-06-11 06:06:45,580] {dag.py:2305} INFO - Setting next_dagrun for example_kubernetes_executor to None
[2021-06-11 06:06:45,591] {scheduler_job.py:190} INFO - Processing /home/airflow/.local/lib/python3.6/site-packages/airflow/example_dags/example_kubernetes_executor.py took 0.072 seconds
[2021-06-11 06:07:16,950] {scheduler_job.py:182} INFO - Started process (PID=4585) to work on /home/airflow/.local/lib/python3.6/site-packages/airflow/example_dags/example_kubernetes_executor.py
[2021-06-11 06:07:16,952] {scheduler_job.py:633} INFO - Processing file /home/airflow/.local/lib/python3.6/site-packages/airflow/example_dags/example_kubernetes_executor.py for tasks to queue
[2021-06-11 06:07:16,954] {logging_mixin.py:104} INFO - [2021-06-11 06:07:16,954] {dagbag.py:487} INFO - Filling up the DagBag from /home/airflow/.local/lib/python3.6/site-packages/airflow/example_dags/example_kubernetes_executor.py
[2021-06-11 06:07:16,972] {scheduler_job.py:643} INFO - DAG(s) dict_keys(['example_kubernetes_executor']) retrieved from /home/airflow/.local/lib/python3.6/site-packages/airflow/example_dags/example_kubernetes_executor.py
[2021-06-11 06:07:17,001] {logging_mixin.py:104} INFO - [2021-06-11 06:07:17,001] {dag.py:1832} INFO - Sync 1 DAGs
[2021-06-11 06:07:17,023] {logging_mixin.py:104} INFO - [2021-06-11 06:07:17,023] {dag.py:2305} INFO - Setting next_dagrun for example_kubernetes_executor to None
[2021-06-11 06:07:17,037] {scheduler_job.py:190} INFO - Processing /home/airflow/.local/lib/python3.6/site-packages/airflow/example_dags/example_kubernetes_executor.py took 0.091 seconds
[2021-06-11 06:07:48,271] {scheduler_job.py:182} INFO - Started process (PID=4661) to work on /home/airflow/.local/lib/python3.6/site-packages/airflow/example_dags/example_kubernetes_executor.py
[2021-06-11 06:07:48,274] {scheduler_job.py:633} INFO - Processing file /home/airflow/.local/lib/python3.6/site-packages/airflow/example_dags/example_kubernetes_executor.py for tasks to queue
[2021-06-11 06:07:48,275] {logging_mixin.py:104} INFO - [2021-06-11 06:07:48,275] {dagbag.py:487} INFO - Filling up the DagBag from /home/airflow/.local/lib/python3.6/site-packages/airflow/example_dags/example_kubernetes_executor.py
[2021-06-11 06:07:48,289] {scheduler_job.py:643} INFO - DAG(s) dict_keys(['example_kubernetes_executor']) retrieved from /home/airflow/.local/lib/python3.6/site-packages/airflow/example_dags/example_kubernetes_executor.py
[2021-06-11 06:07:48,314] {logging_mixin.py:104} INFO - [2021-06-11 06:07:48,314] {dag.py:1832} INFO - Sync 1 DAGs
[2021-06-11 06:07:48,331] {logging_mixin.py:104} INFO - [2021-06-11 06:07:48,331] {dag.py:2305} INFO - Setting next_dagrun for example_kubernetes_executor to None
[2021-06-11 06:07:48,342] {scheduler_job.py:190} INFO - Processing /home/airflow/.local/lib/python3.6/site-packages/airflow/example_dags/example_kubernetes_executor.py took 0.075 seconds
[2021-06-11 06:08:19,453] {scheduler_job.py:182} INFO - Started process (PID=4745) to work on /home/airflow/.local/lib/python3.6/site-packages/airflow/example_dags/example_kubernetes_executor.py
[2021-06-11 06:08:19,455] {scheduler_job.py:633} INFO - Processing file /home/airflow/.local/lib/python3.6/site-packages/airflow/example_dags/example_kubernetes_executor.py for tasks to queue
[2021-06-11 06:08:19,457] {logging_mixin.py:104} INFO - [2021-06-11 06:08:19,457] {dagbag.py:487} INFO - Filling up the DagBag from /home/airflow/.local/lib/python3.6/site-packages/airflow/example_dags/example_kubernetes_executor.py
[2021-06-11 06:08:19,477] {scheduler_job.py:643} INFO - DAG(s) dict_keys(['example_kubernetes_executor']) retrieved from /home/airflow/.local/lib/python3.6/site-packages/airflow/example_dags/example_kubernetes_executor.py
[2021-06-11 06:08:19,509] {logging_mixin.py:104} INFO - [2021-06-11 06:08:19,509] {dag.py:1832} INFO - Sync 1 DAGs
[2021-06-11 06:08:19,528] {logging_mixin.py:104} INFO - [2021-06-11 06:08:19,528] {dag.py:2305} INFO - Setting next_dagrun for example_kubernetes_executor to None
[2021-06-11 06:08:19,539] {scheduler_job.py:190} INFO - Processing /home/airflow/.local/lib/python3.6/site-packages/airflow/example_dags/example_kubernetes_executor.py took 0.092 seconds
[2021-06-11 06:08:50,522] {scheduler_job.py:182} INFO - Started process (PID=4822) to work on /home/airflow/.local/lib/python3.6/site-packages/airflow/example_dags/example_kubernetes_executor.py
[2021-06-11 06:08:50,524] {scheduler_job.py:633} INFO - Processing file /home/airflow/.local/lib/python3.6/site-packages/airflow/example_dags/example_kubernetes_executor.py for tasks to queue
[2021-06-11 06:08:50,526] {logging_mixin.py:104} INFO - [2021-06-11 06:08:50,525] {dagbag.py:487} INFO - Filling up the DagBag from /home/airflow/.local/lib/python3.6/site-packages/airflow/example_dags/example_kubernetes_executor.py
[2021-06-11 06:08:50,539] {scheduler_job.py:643} INFO - DAG(s) dict_keys(['example_kubernetes_executor']) retrieved from /home/airflow/.local/lib/python3.6/site-packages/airflow/example_dags/example_kubernetes_executor.py
[2021-06-11 06:08:50,561] {logging_mixin.py:104} INFO - [2021-06-11 06:08:50,561] {dag.py:1832} INFO - Sync 1 DAGs
[2021-06-11 06:08:50,577] {logging_mixin.py:104} INFO - [2021-06-11 06:08:50,577] {dag.py:2305} INFO - Setting next_dagrun for example_kubernetes_executor to None
[2021-06-11 06:08:50,588] {scheduler_job.py:190} INFO - Processing /home/airflow/.local/lib/python3.6/site-packages/airflow/example_dags/example_kubernetes_executor.py took 0.070 seconds
[2021-06-11 06:09:21,035] {scheduler_job.py:182} INFO - Started process (PID=4895) to work on /home/airflow/.local/lib/python3.6/site-packages/airflow/example_dags/example_kubernetes_executor.py
[2021-06-11 06:09:21,037] {scheduler_job.py:633} INFO - Processing file /home/airflow/.local/lib/python3.6/site-packages/airflow/example_dags/example_kubernetes_executor.py for tasks to queue
[2021-06-11 06:09:21,039] {logging_mixin.py:104} INFO - [2021-06-11 06:09:21,039] {dagbag.py:487} INFO - Filling up the DagBag from /home/airflow/.local/lib/python3.6/site-packages/airflow/example_dags/example_kubernetes_executor.py
[2021-06-11 06:09:21,052] {scheduler_job.py:643} INFO - DAG(s) dict_keys(['example_kubernetes_executor']) retrieved from /home/airflow/.local/lib/python3.6/site-packages/airflow/example_dags/example_kubernetes_executor.py
[2021-06-11 06:09:21,075] {logging_mixin.py:104} INFO - [2021-06-11 06:09:21,075] {dag.py:1832} INFO - Sync 1 DAGs
[2021-06-11 06:09:21,090] {logging_mixin.py:104} INFO - [2021-06-11 06:09:21,090] {dag.py:2305} INFO - Setting next_dagrun for example_kubernetes_executor to None
[2021-06-11 06:09:21,100] {scheduler_job.py:190} INFO - Processing /home/airflow/.local/lib/python3.6/site-packages/airflow/example_dags/example_kubernetes_executor.py took 0.069 seconds
[2021-06-11 06:09:51,742] {scheduler_job.py:182} INFO - Started process (PID=4979) to work on /home/airflow/.local/lib/python3.6/site-packages/airflow/example_dags/example_kubernetes_executor.py
[2021-06-11 06:09:51,745] {scheduler_job.py:633} INFO - Processing file /home/airflow/.local/lib/python3.6/site-packages/airflow/example_dags/example_kubernetes_executor.py for tasks to queue
[2021-06-11 06:09:51,746] {logging_mixin.py:104} INFO - [2021-06-11 06:09:51,746] {dagbag.py:487} INFO - Filling up the DagBag from /home/airflow/.local/lib/python3.6/site-packages/airflow/example_dags/example_kubernetes_executor.py
[2021-06-11 06:09:51,759] {scheduler_job.py:643} INFO - DAG(s) dict_keys(['example_kubernetes_executor']) retrieved from /home/airflow/.local/lib/python3.6/site-packages/airflow/example_dags/example_kubernetes_executor.py
[2021-06-11 06:09:51,781] {logging_mixin.py:104} INFO - [2021-06-11 06:09:51,781] {dag.py:1832} INFO - Sync 1 DAGs
[2021-06-11 06:09:51,797] {logging_mixin.py:104} INFO - [2021-06-11 06:09:51,797] {dag.py:2305} INFO - Setting next_dagrun for example_kubernetes_executor to None
[2021-06-11 06:09:51,807] {scheduler_job.py:190} INFO - Processing /home/airflow/.local/lib/python3.6/site-packages/airflow/example_dags/example_kubernetes_executor.py took 0.069 seconds
[2021-06-11 06:10:22,155] {scheduler_job.py:182} INFO - Started process (PID=5055) to work on /home/airflow/.local/lib/python3.6/site-packages/airflow/example_dags/example_kubernetes_executor.py
[2021-06-11 06:10:22,167] {scheduler_job.py:633} INFO - Processing file /home/airflow/.local/lib/python3.6/site-packages/airflow/example_dags/example_kubernetes_executor.py for tasks to queue
[2021-06-11 06:10:22,169] {logging_mixin.py:104} INFO - [2021-06-11 06:10:22,169] {dagbag.py:487} INFO - Filling up the DagBag from /home/airflow/.local/lib/python3.6/site-packages/airflow/example_dags/example_kubernetes_executor.py
[2021-06-11 06:10:22,183] {scheduler_job.py:643} INFO - DAG(s) dict_keys(['example_kubernetes_executor']) retrieved from /home/airflow/.local/lib/python3.6/site-packages/airflow/example_dags/example_kubernetes_executor.py
[2021-06-11 06:10:22,207] {logging_mixin.py:104} INFO - [2021-06-11 06:10:22,207] {dag.py:1832} INFO - Sync 1 DAGs
[2021-06-11 06:10:22,224] {logging_mixin.py:104} INFO - [2021-06-11 06:10:22,223] {dag.py:2305} INFO - Setting next_dagrun for example_kubernetes_executor to None
[2021-06-11 06:10:22,238] {scheduler_job.py:190} INFO - Processing /home/airflow/.local/lib/python3.6/site-packages/airflow/example_dags/example_kubernetes_executor.py took 0.086 seconds
[2021-06-11 06:10:52,673] {scheduler_job.py:182} INFO - Started process (PID=5131) to work on /home/airflow/.local/lib/python3.6/site-packages/airflow/example_dags/example_kubernetes_executor.py
[2021-06-11 06:10:52,675] {scheduler_job.py:633} INFO - Processing file /home/airflow/.local/lib/python3.6/site-packages/airflow/example_dags/example_kubernetes_executor.py for tasks to queue
[2021-06-11 06:10:52,676] {logging_mixin.py:104} INFO - [2021-06-11 06:10:52,676] {dagbag.py:487} INFO - Filling up the DagBag from /home/airflow/.local/lib/python3.6/site-packages/airflow/example_dags/example_kubernetes_executor.py
[2021-06-11 06:10:52,690] {scheduler_job.py:643} INFO - DAG(s) dict_keys(['example_kubernetes_executor']) retrieved from /home/airflow/.local/lib/python3.6/site-packages/airflow/example_dags/example_kubernetes_executor.py
[2021-06-11 06:10:52,715] {logging_mixin.py:104} INFO - [2021-06-11 06:10:52,715] {dag.py:1832} INFO - Sync 1 DAGs
[2021-06-11 06:10:52,732] {logging_mixin.py:104} INFO - [2021-06-11 06:10:52,732] {dag.py:2305} INFO - Setting next_dagrun for example_kubernetes_executor to None
[2021-06-11 06:10:52,747] {scheduler_job.py:190} INFO - Processing /home/airflow/.local/lib/python3.6/site-packages/airflow/example_dags/example_kubernetes_executor.py took 0.078 seconds
