[2021-06-11 05:37:50,577] {scheduler_job.py:182} INFO - Started process (PID=65) to work on /home/airflow/.local/lib/python3.6/site-packages/airflow/example_dags/example_latest_only.py
[2021-06-11 05:37:50,579] {scheduler_job.py:633} INFO - Processing file /home/airflow/.local/lib/python3.6/site-packages/airflow/example_dags/example_latest_only.py for tasks to queue
[2021-06-11 05:37:50,580] {logging_mixin.py:104} INFO - [2021-06-11 05:37:50,580] {dagbag.py:487} INFO - Filling up the DagBag from /home/airflow/.local/lib/python3.6/site-packages/airflow/example_dags/example_latest_only.py
[2021-06-11 05:37:50,592] {scheduler_job.py:643} INFO - DAG(s) dict_keys(['latest_only']) retrieved from /home/airflow/.local/lib/python3.6/site-packages/airflow/example_dags/example_latest_only.py
[2021-06-11 05:37:52,312] {logging_mixin.py:104} INFO - [2021-06-11 05:37:52,312] {dag.py:1832} INFO - Sync 1 DAGs
[2021-06-11 05:37:52,322] {logging_mixin.py:104} INFO - [2021-06-11 05:37:52,321] {dag.py:1851} INFO - Creating ORM DAG for latest_only
[2021-06-11 05:37:52,327] {logging_mixin.py:104} INFO - [2021-06-11 05:37:52,326] {dag.py:2305} INFO - Setting next_dagrun for latest_only to 2021-06-09 00:00:00+00:00
[2021-06-11 05:37:52,336] {scheduler_job.py:190} INFO - Processing /home/airflow/.local/lib/python3.6/site-packages/airflow/example_dags/example_latest_only.py took 1.762 seconds
[2021-06-11 05:38:22,635] {scheduler_job.py:182} INFO - Started process (PID=164) to work on /home/airflow/.local/lib/python3.6/site-packages/airflow/example_dags/example_latest_only.py
[2021-06-11 05:38:22,637] {scheduler_job.py:633} INFO - Processing file /home/airflow/.local/lib/python3.6/site-packages/airflow/example_dags/example_latest_only.py for tasks to queue
[2021-06-11 05:38:22,638] {logging_mixin.py:104} INFO - [2021-06-11 05:38:22,638] {dagbag.py:487} INFO - Filling up the DagBag from /home/airflow/.local/lib/python3.6/site-packages/airflow/example_dags/example_latest_only.py
[2021-06-11 05:38:22,650] {scheduler_job.py:643} INFO - DAG(s) dict_keys(['latest_only']) retrieved from /home/airflow/.local/lib/python3.6/site-packages/airflow/example_dags/example_latest_only.py
[2021-06-11 05:38:22,675] {logging_mixin.py:104} INFO - [2021-06-11 05:38:22,674] {dag.py:1832} INFO - Sync 1 DAGs
[2021-06-11 05:38:22,690] {logging_mixin.py:104} INFO - [2021-06-11 05:38:22,690] {dag.py:2305} INFO - Setting next_dagrun for latest_only to 2021-06-09 00:00:00+00:00
[2021-06-11 05:38:22,700] {scheduler_job.py:190} INFO - Processing /home/airflow/.local/lib/python3.6/site-packages/airflow/example_dags/example_latest_only.py took 0.068 seconds
[2021-06-11 05:38:53,313] {scheduler_job.py:182} INFO - Started process (PID=237) to work on /home/airflow/.local/lib/python3.6/site-packages/airflow/example_dags/example_latest_only.py
[2021-06-11 05:38:53,315] {scheduler_job.py:633} INFO - Processing file /home/airflow/.local/lib/python3.6/site-packages/airflow/example_dags/example_latest_only.py for tasks to queue
[2021-06-11 05:38:53,316] {logging_mixin.py:104} INFO - [2021-06-11 05:38:53,316] {dagbag.py:487} INFO - Filling up the DagBag from /home/airflow/.local/lib/python3.6/site-packages/airflow/example_dags/example_latest_only.py
[2021-06-11 05:38:53,330] {scheduler_job.py:643} INFO - DAG(s) dict_keys(['latest_only']) retrieved from /home/airflow/.local/lib/python3.6/site-packages/airflow/example_dags/example_latest_only.py
[2021-06-11 05:38:53,354] {logging_mixin.py:104} INFO - [2021-06-11 05:38:53,354] {dag.py:1832} INFO - Sync 1 DAGs
[2021-06-11 05:38:53,370] {logging_mixin.py:104} INFO - [2021-06-11 05:38:53,370] {dag.py:2305} INFO - Setting next_dagrun for latest_only to 2021-06-09 00:00:00+00:00
[2021-06-11 05:38:53,380] {scheduler_job.py:190} INFO - Processing /home/airflow/.local/lib/python3.6/site-packages/airflow/example_dags/example_latest_only.py took 0.071 seconds
[2021-06-11 05:39:23,430] {scheduler_job.py:182} INFO - Started process (PID=320) to work on /home/airflow/.local/lib/python3.6/site-packages/airflow/example_dags/example_latest_only.py
[2021-06-11 05:39:23,431] {scheduler_job.py:633} INFO - Processing file /home/airflow/.local/lib/python3.6/site-packages/airflow/example_dags/example_latest_only.py for tasks to queue
[2021-06-11 05:39:23,433] {logging_mixin.py:104} INFO - [2021-06-11 05:39:23,433] {dagbag.py:487} INFO - Filling up the DagBag from /home/airflow/.local/lib/python3.6/site-packages/airflow/example_dags/example_latest_only.py
[2021-06-11 05:39:23,444] {scheduler_job.py:643} INFO - DAG(s) dict_keys(['latest_only']) retrieved from /home/airflow/.local/lib/python3.6/site-packages/airflow/example_dags/example_latest_only.py
[2021-06-11 05:39:23,465] {logging_mixin.py:104} INFO - [2021-06-11 05:39:23,465] {dag.py:1832} INFO - Sync 1 DAGs
[2021-06-11 05:39:23,480] {logging_mixin.py:104} INFO - [2021-06-11 05:39:23,480] {dag.py:2305} INFO - Setting next_dagrun for latest_only to 2021-06-09 00:00:00+00:00
[2021-06-11 05:39:23,490] {scheduler_job.py:190} INFO - Processing /home/airflow/.local/lib/python3.6/site-packages/airflow/example_dags/example_latest_only.py took 0.064 seconds
[2021-06-11 05:39:54,188] {scheduler_job.py:182} INFO - Started process (PID=399) to work on /home/airflow/.local/lib/python3.6/site-packages/airflow/example_dags/example_latest_only.py
[2021-06-11 05:39:54,191] {scheduler_job.py:633} INFO - Processing file /home/airflow/.local/lib/python3.6/site-packages/airflow/example_dags/example_latest_only.py for tasks to queue
[2021-06-11 05:39:54,192] {logging_mixin.py:104} INFO - [2021-06-11 05:39:54,192] {dagbag.py:487} INFO - Filling up the DagBag from /home/airflow/.local/lib/python3.6/site-packages/airflow/example_dags/example_latest_only.py
[2021-06-11 05:39:54,202] {scheduler_job.py:643} INFO - DAG(s) dict_keys(['latest_only']) retrieved from /home/airflow/.local/lib/python3.6/site-packages/airflow/example_dags/example_latest_only.py
[2021-06-11 05:39:54,224] {logging_mixin.py:104} INFO - [2021-06-11 05:39:54,224] {dag.py:1832} INFO - Sync 1 DAGs
[2021-06-11 05:39:54,239] {logging_mixin.py:104} INFO - [2021-06-11 05:39:54,239] {dag.py:2305} INFO - Setting next_dagrun for latest_only to 2021-06-09 00:00:00+00:00
[2021-06-11 05:39:54,250] {scheduler_job.py:190} INFO - Processing /home/airflow/.local/lib/python3.6/site-packages/airflow/example_dags/example_latest_only.py took 0.065 seconds
[2021-06-11 05:40:24,601] {scheduler_job.py:182} INFO - Started process (PID=472) to work on /home/airflow/.local/lib/python3.6/site-packages/airflow/example_dags/example_latest_only.py
[2021-06-11 05:40:24,602] {scheduler_job.py:633} INFO - Processing file /home/airflow/.local/lib/python3.6/site-packages/airflow/example_dags/example_latest_only.py for tasks to queue
[2021-06-11 05:40:24,604] {logging_mixin.py:104} INFO - [2021-06-11 05:40:24,603] {dagbag.py:487} INFO - Filling up the DagBag from /home/airflow/.local/lib/python3.6/site-packages/airflow/example_dags/example_latest_only.py
[2021-06-11 05:40:24,615] {scheduler_job.py:643} INFO - DAG(s) dict_keys(['latest_only']) retrieved from /home/airflow/.local/lib/python3.6/site-packages/airflow/example_dags/example_latest_only.py
[2021-06-11 05:40:24,638] {logging_mixin.py:104} INFO - [2021-06-11 05:40:24,638] {dag.py:1832} INFO - Sync 1 DAGs
[2021-06-11 05:40:24,655] {logging_mixin.py:104} INFO - [2021-06-11 05:40:24,655] {dag.py:2305} INFO - Setting next_dagrun for latest_only to 2021-06-09 00:00:00+00:00
[2021-06-11 05:40:24,668] {scheduler_job.py:190} INFO - Processing /home/airflow/.local/lib/python3.6/site-packages/airflow/example_dags/example_latest_only.py took 0.070 seconds
[2021-06-11 05:40:55,014] {scheduler_job.py:182} INFO - Started process (PID=556) to work on /home/airflow/.local/lib/python3.6/site-packages/airflow/example_dags/example_latest_only.py
[2021-06-11 05:40:55,016] {scheduler_job.py:633} INFO - Processing file /home/airflow/.local/lib/python3.6/site-packages/airflow/example_dags/example_latest_only.py for tasks to queue
[2021-06-11 05:40:55,017] {logging_mixin.py:104} INFO - [2021-06-11 05:40:55,017] {dagbag.py:487} INFO - Filling up the DagBag from /home/airflow/.local/lib/python3.6/site-packages/airflow/example_dags/example_latest_only.py
[2021-06-11 05:40:55,027] {scheduler_job.py:643} INFO - DAG(s) dict_keys(['latest_only']) retrieved from /home/airflow/.local/lib/python3.6/site-packages/airflow/example_dags/example_latest_only.py
[2021-06-11 05:40:55,048] {logging_mixin.py:104} INFO - [2021-06-11 05:40:55,048] {dag.py:1832} INFO - Sync 1 DAGs
[2021-06-11 05:40:55,063] {logging_mixin.py:104} INFO - [2021-06-11 05:40:55,063] {dag.py:2305} INFO - Setting next_dagrun for latest_only to 2021-06-09 00:00:00+00:00
[2021-06-11 05:40:55,072] {scheduler_job.py:190} INFO - Processing /home/airflow/.local/lib/python3.6/site-packages/airflow/example_dags/example_latest_only.py took 0.061 seconds
[2021-06-11 05:41:25,652] {scheduler_job.py:182} INFO - Started process (PID=632) to work on /home/airflow/.local/lib/python3.6/site-packages/airflow/example_dags/example_latest_only.py
[2021-06-11 05:41:25,654] {scheduler_job.py:633} INFO - Processing file /home/airflow/.local/lib/python3.6/site-packages/airflow/example_dags/example_latest_only.py for tasks to queue
[2021-06-11 05:41:25,655] {logging_mixin.py:104} INFO - [2021-06-11 05:41:25,655] {dagbag.py:487} INFO - Filling up the DagBag from /home/airflow/.local/lib/python3.6/site-packages/airflow/example_dags/example_latest_only.py
[2021-06-11 05:41:25,667] {scheduler_job.py:643} INFO - DAG(s) dict_keys(['latest_only']) retrieved from /home/airflow/.local/lib/python3.6/site-packages/airflow/example_dags/example_latest_only.py
[2021-06-11 05:41:25,694] {logging_mixin.py:104} INFO - [2021-06-11 05:41:25,694] {dag.py:1832} INFO - Sync 1 DAGs
[2021-06-11 05:41:25,715] {logging_mixin.py:104} INFO - [2021-06-11 05:41:25,714] {dag.py:2305} INFO - Setting next_dagrun for latest_only to 2021-06-09 00:00:00+00:00
[2021-06-11 05:41:25,728] {scheduler_job.py:190} INFO - Processing /home/airflow/.local/lib/python3.6/site-packages/airflow/example_dags/example_latest_only.py took 0.079 seconds
[2021-06-11 05:41:55,911] {scheduler_job.py:182} INFO - Started process (PID=705) to work on /home/airflow/.local/lib/python3.6/site-packages/airflow/example_dags/example_latest_only.py
[2021-06-11 05:41:55,912] {scheduler_job.py:633} INFO - Processing file /home/airflow/.local/lib/python3.6/site-packages/airflow/example_dags/example_latest_only.py for tasks to queue
[2021-06-11 05:41:55,914] {logging_mixin.py:104} INFO - [2021-06-11 05:41:55,913] {dagbag.py:487} INFO - Filling up the DagBag from /home/airflow/.local/lib/python3.6/site-packages/airflow/example_dags/example_latest_only.py
[2021-06-11 05:41:55,925] {scheduler_job.py:643} INFO - DAG(s) dict_keys(['latest_only']) retrieved from /home/airflow/.local/lib/python3.6/site-packages/airflow/example_dags/example_latest_only.py
[2021-06-11 05:41:55,948] {logging_mixin.py:104} INFO - [2021-06-11 05:41:55,948] {dag.py:1832} INFO - Sync 1 DAGs
[2021-06-11 05:41:55,965] {logging_mixin.py:104} INFO - [2021-06-11 05:41:55,965] {dag.py:2305} INFO - Setting next_dagrun for latest_only to 2021-06-09 00:00:00+00:00
[2021-06-11 05:41:55,977] {scheduler_job.py:190} INFO - Processing /home/airflow/.local/lib/python3.6/site-packages/airflow/example_dags/example_latest_only.py took 0.069 seconds
[2021-06-11 05:42:26,711] {scheduler_job.py:182} INFO - Started process (PID=790) to work on /home/airflow/.local/lib/python3.6/site-packages/airflow/example_dags/example_latest_only.py
[2021-06-11 05:42:26,713] {scheduler_job.py:633} INFO - Processing file /home/airflow/.local/lib/python3.6/site-packages/airflow/example_dags/example_latest_only.py for tasks to queue
[2021-06-11 05:42:26,714] {logging_mixin.py:104} INFO - [2021-06-11 05:42:26,714] {dagbag.py:487} INFO - Filling up the DagBag from /home/airflow/.local/lib/python3.6/site-packages/airflow/example_dags/example_latest_only.py
[2021-06-11 05:42:26,726] {scheduler_job.py:643} INFO - DAG(s) dict_keys(['latest_only']) retrieved from /home/airflow/.local/lib/python3.6/site-packages/airflow/example_dags/example_latest_only.py
[2021-06-11 05:42:26,749] {logging_mixin.py:104} INFO - [2021-06-11 05:42:26,749] {dag.py:1832} INFO - Sync 1 DAGs
[2021-06-11 05:42:26,766] {logging_mixin.py:104} INFO - [2021-06-11 05:42:26,766] {dag.py:2305} INFO - Setting next_dagrun for latest_only to 2021-06-09 00:00:00+00:00
[2021-06-11 05:42:26,777] {scheduler_job.py:190} INFO - Processing /home/airflow/.local/lib/python3.6/site-packages/airflow/example_dags/example_latest_only.py took 0.069 seconds
[2021-06-11 05:42:56,893] {scheduler_job.py:182} INFO - Started process (PID=856) to work on /home/airflow/.local/lib/python3.6/site-packages/airflow/example_dags/example_latest_only.py
[2021-06-11 05:42:56,895] {scheduler_job.py:633} INFO - Processing file /home/airflow/.local/lib/python3.6/site-packages/airflow/example_dags/example_latest_only.py for tasks to queue
[2021-06-11 05:42:56,896] {logging_mixin.py:104} INFO - [2021-06-11 05:42:56,896] {dagbag.py:487} INFO - Filling up the DagBag from /home/airflow/.local/lib/python3.6/site-packages/airflow/example_dags/example_latest_only.py
[2021-06-11 05:42:56,907] {scheduler_job.py:643} INFO - DAG(s) dict_keys(['latest_only']) retrieved from /home/airflow/.local/lib/python3.6/site-packages/airflow/example_dags/example_latest_only.py
[2021-06-11 05:42:56,931] {logging_mixin.py:104} INFO - [2021-06-11 05:42:56,930] {dag.py:1832} INFO - Sync 1 DAGs
[2021-06-11 05:42:56,946] {logging_mixin.py:104} INFO - [2021-06-11 05:42:56,946] {dag.py:2305} INFO - Setting next_dagrun for latest_only to 2021-06-09 00:00:00+00:00
[2021-06-11 05:42:56,957] {scheduler_job.py:190} INFO - Processing /home/airflow/.local/lib/python3.6/site-packages/airflow/example_dags/example_latest_only.py took 0.066 seconds
[2021-06-11 05:43:27,673] {scheduler_job.py:182} INFO - Started process (PID=941) to work on /home/airflow/.local/lib/python3.6/site-packages/airflow/example_dags/example_latest_only.py
[2021-06-11 05:43:27,674] {scheduler_job.py:633} INFO - Processing file /home/airflow/.local/lib/python3.6/site-packages/airflow/example_dags/example_latest_only.py for tasks to queue
[2021-06-11 05:43:27,675] {logging_mixin.py:104} INFO - [2021-06-11 05:43:27,675] {dagbag.py:487} INFO - Filling up the DagBag from /home/airflow/.local/lib/python3.6/site-packages/airflow/example_dags/example_latest_only.py
[2021-06-11 05:43:27,686] {scheduler_job.py:643} INFO - DAG(s) dict_keys(['latest_only']) retrieved from /home/airflow/.local/lib/python3.6/site-packages/airflow/example_dags/example_latest_only.py
[2021-06-11 05:43:27,705] {logging_mixin.py:104} INFO - [2021-06-11 05:43:27,705] {dag.py:1832} INFO - Sync 1 DAGs
[2021-06-11 05:43:27,719] {logging_mixin.py:104} INFO - [2021-06-11 05:43:27,719] {dag.py:2305} INFO - Setting next_dagrun for latest_only to 2021-06-09 00:00:00+00:00
[2021-06-11 05:43:27,729] {scheduler_job.py:190} INFO - Processing /home/airflow/.local/lib/python3.6/site-packages/airflow/example_dags/example_latest_only.py took 0.060 seconds
[2021-06-11 05:43:58,411] {scheduler_job.py:182} INFO - Started process (PID=1024) to work on /home/airflow/.local/lib/python3.6/site-packages/airflow/example_dags/example_latest_only.py
[2021-06-11 05:43:58,413] {scheduler_job.py:633} INFO - Processing file /home/airflow/.local/lib/python3.6/site-packages/airflow/example_dags/example_latest_only.py for tasks to queue
[2021-06-11 05:43:58,414] {logging_mixin.py:104} INFO - [2021-06-11 05:43:58,414] {dagbag.py:487} INFO - Filling up the DagBag from /home/airflow/.local/lib/python3.6/site-packages/airflow/example_dags/example_latest_only.py
[2021-06-11 05:43:58,430] {scheduler_job.py:643} INFO - DAG(s) dict_keys(['latest_only']) retrieved from /home/airflow/.local/lib/python3.6/site-packages/airflow/example_dags/example_latest_only.py
[2021-06-11 05:43:58,457] {logging_mixin.py:104} INFO - [2021-06-11 05:43:58,457] {dag.py:1832} INFO - Sync 1 DAGs
[2021-06-11 05:43:58,473] {logging_mixin.py:104} INFO - [2021-06-11 05:43:58,473] {dag.py:2305} INFO - Setting next_dagrun for latest_only to 2021-06-09 00:00:00+00:00
[2021-06-11 05:43:58,483] {scheduler_job.py:190} INFO - Processing /home/airflow/.local/lib/python3.6/site-packages/airflow/example_dags/example_latest_only.py took 0.075 seconds
[2021-06-11 05:44:29,160] {scheduler_job.py:182} INFO - Started process (PID=1090) to work on /home/airflow/.local/lib/python3.6/site-packages/airflow/example_dags/example_latest_only.py
[2021-06-11 05:44:29,162] {scheduler_job.py:633} INFO - Processing file /home/airflow/.local/lib/python3.6/site-packages/airflow/example_dags/example_latest_only.py for tasks to queue
[2021-06-11 05:44:29,164] {logging_mixin.py:104} INFO - [2021-06-11 05:44:29,164] {dagbag.py:487} INFO - Filling up the DagBag from /home/airflow/.local/lib/python3.6/site-packages/airflow/example_dags/example_latest_only.py
[2021-06-11 05:44:29,177] {scheduler_job.py:643} INFO - DAG(s) dict_keys(['latest_only']) retrieved from /home/airflow/.local/lib/python3.6/site-packages/airflow/example_dags/example_latest_only.py
[2021-06-11 05:44:29,200] {logging_mixin.py:104} INFO - [2021-06-11 05:44:29,199] {dag.py:1832} INFO - Sync 1 DAGs
[2021-06-11 05:44:29,217] {logging_mixin.py:104} INFO - [2021-06-11 05:44:29,217] {dag.py:2305} INFO - Setting next_dagrun for latest_only to 2021-06-09 00:00:00+00:00
[2021-06-11 05:44:29,228] {scheduler_job.py:190} INFO - Processing /home/airflow/.local/lib/python3.6/site-packages/airflow/example_dags/example_latest_only.py took 0.072 seconds
[2021-06-11 05:45:00,167] {scheduler_job.py:182} INFO - Started process (PID=1173) to work on /home/airflow/.local/lib/python3.6/site-packages/airflow/example_dags/example_latest_only.py
[2021-06-11 05:45:00,168] {scheduler_job.py:633} INFO - Processing file /home/airflow/.local/lib/python3.6/site-packages/airflow/example_dags/example_latest_only.py for tasks to queue
[2021-06-11 05:45:00,169] {logging_mixin.py:104} INFO - [2021-06-11 05:45:00,169] {dagbag.py:487} INFO - Filling up the DagBag from /home/airflow/.local/lib/python3.6/site-packages/airflow/example_dags/example_latest_only.py
[2021-06-11 05:45:00,181] {scheduler_job.py:643} INFO - DAG(s) dict_keys(['latest_only']) retrieved from /home/airflow/.local/lib/python3.6/site-packages/airflow/example_dags/example_latest_only.py
[2021-06-11 05:45:00,203] {logging_mixin.py:104} INFO - [2021-06-11 05:45:00,202] {dag.py:1832} INFO - Sync 1 DAGs
[2021-06-11 05:45:00,218] {logging_mixin.py:104} INFO - [2021-06-11 05:45:00,218] {dag.py:2305} INFO - Setting next_dagrun for latest_only to 2021-06-09 00:00:00+00:00
[2021-06-11 05:45:00,227] {scheduler_job.py:190} INFO - Processing /home/airflow/.local/lib/python3.6/site-packages/airflow/example_dags/example_latest_only.py took 0.063 seconds
[2021-06-11 05:45:30,668] {scheduler_job.py:182} INFO - Started process (PID=1258) to work on /home/airflow/.local/lib/python3.6/site-packages/airflow/example_dags/example_latest_only.py
[2021-06-11 05:45:30,670] {scheduler_job.py:633} INFO - Processing file /home/airflow/.local/lib/python3.6/site-packages/airflow/example_dags/example_latest_only.py for tasks to queue
[2021-06-11 05:45:30,671] {logging_mixin.py:104} INFO - [2021-06-11 05:45:30,671] {dagbag.py:487} INFO - Filling up the DagBag from /home/airflow/.local/lib/python3.6/site-packages/airflow/example_dags/example_latest_only.py
[2021-06-11 05:45:30,683] {scheduler_job.py:643} INFO - DAG(s) dict_keys(['latest_only']) retrieved from /home/airflow/.local/lib/python3.6/site-packages/airflow/example_dags/example_latest_only.py
[2021-06-11 05:45:30,705] {logging_mixin.py:104} INFO - [2021-06-11 05:45:30,705] {dag.py:1832} INFO - Sync 1 DAGs
[2021-06-11 05:45:30,722] {logging_mixin.py:104} INFO - [2021-06-11 05:45:30,722] {dag.py:2305} INFO - Setting next_dagrun for latest_only to 2021-06-09 00:00:00+00:00
[2021-06-11 05:45:30,732] {scheduler_job.py:190} INFO - Processing /home/airflow/.local/lib/python3.6/site-packages/airflow/example_dags/example_latest_only.py took 0.067 seconds
[2021-06-11 05:46:00,893] {scheduler_job.py:182} INFO - Started process (PID=1325) to work on /home/airflow/.local/lib/python3.6/site-packages/airflow/example_dags/example_latest_only.py
[2021-06-11 05:46:00,895] {scheduler_job.py:633} INFO - Processing file /home/airflow/.local/lib/python3.6/site-packages/airflow/example_dags/example_latest_only.py for tasks to queue
[2021-06-11 05:46:00,896] {logging_mixin.py:104} INFO - [2021-06-11 05:46:00,896] {dagbag.py:487} INFO - Filling up the DagBag from /home/airflow/.local/lib/python3.6/site-packages/airflow/example_dags/example_latest_only.py
[2021-06-11 05:46:00,910] {scheduler_job.py:643} INFO - DAG(s) dict_keys(['latest_only']) retrieved from /home/airflow/.local/lib/python3.6/site-packages/airflow/example_dags/example_latest_only.py
[2021-06-11 05:46:00,935] {logging_mixin.py:104} INFO - [2021-06-11 05:46:00,935] {dag.py:1832} INFO - Sync 1 DAGs
[2021-06-11 05:46:00,952] {logging_mixin.py:104} INFO - [2021-06-11 05:46:00,951] {dag.py:2305} INFO - Setting next_dagrun for latest_only to 2021-06-09 00:00:00+00:00
[2021-06-11 05:46:00,962] {scheduler_job.py:190} INFO - Processing /home/airflow/.local/lib/python3.6/site-packages/airflow/example_dags/example_latest_only.py took 0.073 seconds
[2021-06-11 05:46:31,012] {scheduler_job.py:182} INFO - Started process (PID=1408) to work on /home/airflow/.local/lib/python3.6/site-packages/airflow/example_dags/example_latest_only.py
[2021-06-11 05:46:31,014] {scheduler_job.py:633} INFO - Processing file /home/airflow/.local/lib/python3.6/site-packages/airflow/example_dags/example_latest_only.py for tasks to queue
[2021-06-11 05:46:31,015] {logging_mixin.py:104} INFO - [2021-06-11 05:46:31,015] {dagbag.py:487} INFO - Filling up the DagBag from /home/airflow/.local/lib/python3.6/site-packages/airflow/example_dags/example_latest_only.py
[2021-06-11 05:46:31,026] {scheduler_job.py:643} INFO - DAG(s) dict_keys(['latest_only']) retrieved from /home/airflow/.local/lib/python3.6/site-packages/airflow/example_dags/example_latest_only.py
[2021-06-11 05:46:31,050] {logging_mixin.py:104} INFO - [2021-06-11 05:46:31,049] {dag.py:1832} INFO - Sync 1 DAGs
[2021-06-11 05:46:31,067] {logging_mixin.py:104} INFO - [2021-06-11 05:46:31,066] {dag.py:2305} INFO - Setting next_dagrun for latest_only to 2021-06-09 00:00:00+00:00
[2021-06-11 05:46:31,078] {scheduler_job.py:190} INFO - Processing /home/airflow/.local/lib/python3.6/site-packages/airflow/example_dags/example_latest_only.py took 0.070 seconds
[2021-06-11 05:47:01,499] {scheduler_job.py:182} INFO - Started process (PID=1491) to work on /home/airflow/.local/lib/python3.6/site-packages/airflow/example_dags/example_latest_only.py
[2021-06-11 05:47:01,500] {scheduler_job.py:633} INFO - Processing file /home/airflow/.local/lib/python3.6/site-packages/airflow/example_dags/example_latest_only.py for tasks to queue
[2021-06-11 05:47:01,502] {logging_mixin.py:104} INFO - [2021-06-11 05:47:01,501] {dagbag.py:487} INFO - Filling up the DagBag from /home/airflow/.local/lib/python3.6/site-packages/airflow/example_dags/example_latest_only.py
[2021-06-11 05:47:01,514] {scheduler_job.py:643} INFO - DAG(s) dict_keys(['latest_only']) retrieved from /home/airflow/.local/lib/python3.6/site-packages/airflow/example_dags/example_latest_only.py
[2021-06-11 05:47:01,538] {logging_mixin.py:104} INFO - [2021-06-11 05:47:01,537] {dag.py:1832} INFO - Sync 1 DAGs
[2021-06-11 05:47:01,557] {logging_mixin.py:104} INFO - [2021-06-11 05:47:01,557] {dag.py:2305} INFO - Setting next_dagrun for latest_only to 2021-06-09 00:00:00+00:00
[2021-06-11 05:47:01,568] {scheduler_job.py:190} INFO - Processing /home/airflow/.local/lib/python3.6/site-packages/airflow/example_dags/example_latest_only.py took 0.072 seconds
[2021-06-11 05:47:31,822] {scheduler_job.py:182} INFO - Started process (PID=1558) to work on /home/airflow/.local/lib/python3.6/site-packages/airflow/example_dags/example_latest_only.py
[2021-06-11 05:47:31,824] {scheduler_job.py:633} INFO - Processing file /home/airflow/.local/lib/python3.6/site-packages/airflow/example_dags/example_latest_only.py for tasks to queue
[2021-06-11 05:47:31,826] {logging_mixin.py:104} INFO - [2021-06-11 05:47:31,826] {dagbag.py:487} INFO - Filling up the DagBag from /home/airflow/.local/lib/python3.6/site-packages/airflow/example_dags/example_latest_only.py
[2021-06-11 05:47:31,838] {scheduler_job.py:643} INFO - DAG(s) dict_keys(['latest_only']) retrieved from /home/airflow/.local/lib/python3.6/site-packages/airflow/example_dags/example_latest_only.py
[2021-06-11 05:47:31,861] {logging_mixin.py:104} INFO - [2021-06-11 05:47:31,861] {dag.py:1832} INFO - Sync 1 DAGs
[2021-06-11 05:47:31,877] {logging_mixin.py:104} INFO - [2021-06-11 05:47:31,877] {dag.py:2305} INFO - Setting next_dagrun for latest_only to 2021-06-09 00:00:00+00:00
[2021-06-11 05:47:31,889] {scheduler_job.py:190} INFO - Processing /home/airflow/.local/lib/python3.6/site-packages/airflow/example_dags/example_latest_only.py took 0.070 seconds
[2021-06-11 05:48:02,018] {scheduler_job.py:182} INFO - Started process (PID=1643) to work on /home/airflow/.local/lib/python3.6/site-packages/airflow/example_dags/example_latest_only.py
[2021-06-11 05:48:02,019] {scheduler_job.py:633} INFO - Processing file /home/airflow/.local/lib/python3.6/site-packages/airflow/example_dags/example_latest_only.py for tasks to queue
[2021-06-11 05:48:02,020] {logging_mixin.py:104} INFO - [2021-06-11 05:48:02,020] {dagbag.py:487} INFO - Filling up the DagBag from /home/airflow/.local/lib/python3.6/site-packages/airflow/example_dags/example_latest_only.py
[2021-06-11 05:48:02,032] {scheduler_job.py:643} INFO - DAG(s) dict_keys(['latest_only']) retrieved from /home/airflow/.local/lib/python3.6/site-packages/airflow/example_dags/example_latest_only.py
[2021-06-11 05:48:02,055] {logging_mixin.py:104} INFO - [2021-06-11 05:48:02,055] {dag.py:1832} INFO - Sync 1 DAGs
[2021-06-11 05:48:02,072] {logging_mixin.py:104} INFO - [2021-06-11 05:48:02,072] {dag.py:2305} INFO - Setting next_dagrun for latest_only to 2021-06-09 00:00:00+00:00
[2021-06-11 05:48:02,082] {scheduler_job.py:190} INFO - Processing /home/airflow/.local/lib/python3.6/site-packages/airflow/example_dags/example_latest_only.py took 0.069 seconds
[2021-06-11 05:48:32,895] {scheduler_job.py:182} INFO - Started process (PID=1710) to work on /home/airflow/.local/lib/python3.6/site-packages/airflow/example_dags/example_latest_only.py
[2021-06-11 05:48:32,897] {scheduler_job.py:633} INFO - Processing file /home/airflow/.local/lib/python3.6/site-packages/airflow/example_dags/example_latest_only.py for tasks to queue
[2021-06-11 05:48:32,899] {logging_mixin.py:104} INFO - [2021-06-11 05:48:32,898] {dagbag.py:487} INFO - Filling up the DagBag from /home/airflow/.local/lib/python3.6/site-packages/airflow/example_dags/example_latest_only.py
[2021-06-11 05:48:32,912] {scheduler_job.py:643} INFO - DAG(s) dict_keys(['latest_only']) retrieved from /home/airflow/.local/lib/python3.6/site-packages/airflow/example_dags/example_latest_only.py
[2021-06-11 05:48:32,936] {logging_mixin.py:104} INFO - [2021-06-11 05:48:32,936] {dag.py:1832} INFO - Sync 1 DAGs
[2021-06-11 05:48:32,954] {logging_mixin.py:104} INFO - [2021-06-11 05:48:32,954] {dag.py:2305} INFO - Setting next_dagrun for latest_only to 2021-06-09 00:00:00+00:00
[2021-06-11 05:48:32,966] {scheduler_job.py:190} INFO - Processing /home/airflow/.local/lib/python3.6/site-packages/airflow/example_dags/example_latest_only.py took 0.075 seconds
[2021-06-11 05:49:03,157] {scheduler_job.py:182} INFO - Started process (PID=1795) to work on /home/airflow/.local/lib/python3.6/site-packages/airflow/example_dags/example_latest_only.py
[2021-06-11 05:49:03,158] {scheduler_job.py:633} INFO - Processing file /home/airflow/.local/lib/python3.6/site-packages/airflow/example_dags/example_latest_only.py for tasks to queue
[2021-06-11 05:49:03,160] {logging_mixin.py:104} INFO - [2021-06-11 05:49:03,160] {dagbag.py:487} INFO - Filling up the DagBag from /home/airflow/.local/lib/python3.6/site-packages/airflow/example_dags/example_latest_only.py
[2021-06-11 05:49:03,174] {scheduler_job.py:643} INFO - DAG(s) dict_keys(['latest_only']) retrieved from /home/airflow/.local/lib/python3.6/site-packages/airflow/example_dags/example_latest_only.py
[2021-06-11 05:49:03,199] {logging_mixin.py:104} INFO - [2021-06-11 05:49:03,199] {dag.py:1832} INFO - Sync 1 DAGs
[2021-06-11 05:49:03,217] {logging_mixin.py:104} INFO - [2021-06-11 05:49:03,217] {dag.py:2305} INFO - Setting next_dagrun for latest_only to 2021-06-09 00:00:00+00:00
[2021-06-11 05:49:03,234] {scheduler_job.py:190} INFO - Processing /home/airflow/.local/lib/python3.6/site-packages/airflow/example_dags/example_latest_only.py took 0.080 seconds
[2021-06-11 05:49:33,386] {scheduler_job.py:182} INFO - Started process (PID=1877) to work on /home/airflow/.local/lib/python3.6/site-packages/airflow/example_dags/example_latest_only.py
[2021-06-11 05:49:33,388] {scheduler_job.py:633} INFO - Processing file /home/airflow/.local/lib/python3.6/site-packages/airflow/example_dags/example_latest_only.py for tasks to queue
[2021-06-11 05:49:33,390] {logging_mixin.py:104} INFO - [2021-06-11 05:49:33,389] {dagbag.py:487} INFO - Filling up the DagBag from /home/airflow/.local/lib/python3.6/site-packages/airflow/example_dags/example_latest_only.py
[2021-06-11 05:49:33,404] {scheduler_job.py:643} INFO - DAG(s) dict_keys(['latest_only']) retrieved from /home/airflow/.local/lib/python3.6/site-packages/airflow/example_dags/example_latest_only.py
[2021-06-11 05:49:33,435] {logging_mixin.py:104} INFO - [2021-06-11 05:49:33,434] {dag.py:1832} INFO - Sync 1 DAGs
[2021-06-11 05:49:33,456] {logging_mixin.py:104} INFO - [2021-06-11 05:49:33,456] {dag.py:2305} INFO - Setting next_dagrun for latest_only to 2021-06-09 00:00:00+00:00
[2021-06-11 05:49:33,471] {scheduler_job.py:190} INFO - Processing /home/airflow/.local/lib/python3.6/site-packages/airflow/example_dags/example_latest_only.py took 0.089 seconds
[2021-06-11 05:50:03,766] {scheduler_job.py:182} INFO - Started process (PID=1942) to work on /home/airflow/.local/lib/python3.6/site-packages/airflow/example_dags/example_latest_only.py
[2021-06-11 05:50:03,768] {scheduler_job.py:633} INFO - Processing file /home/airflow/.local/lib/python3.6/site-packages/airflow/example_dags/example_latest_only.py for tasks to queue
[2021-06-11 05:50:03,770] {logging_mixin.py:104} INFO - [2021-06-11 05:50:03,769] {dagbag.py:487} INFO - Filling up the DagBag from /home/airflow/.local/lib/python3.6/site-packages/airflow/example_dags/example_latest_only.py
[2021-06-11 05:50:03,784] {scheduler_job.py:643} INFO - DAG(s) dict_keys(['latest_only']) retrieved from /home/airflow/.local/lib/python3.6/site-packages/airflow/example_dags/example_latest_only.py
[2021-06-11 05:50:03,805] {logging_mixin.py:104} INFO - [2021-06-11 05:50:03,805] {dag.py:1832} INFO - Sync 1 DAGs
[2021-06-11 05:50:03,823] {logging_mixin.py:104} INFO - [2021-06-11 05:50:03,823] {dag.py:2305} INFO - Setting next_dagrun for latest_only to 2021-06-09 00:00:00+00:00
[2021-06-11 05:50:03,833] {scheduler_job.py:190} INFO - Processing /home/airflow/.local/lib/python3.6/site-packages/airflow/example_dags/example_latest_only.py took 0.070 seconds
[2021-06-11 05:50:34,769] {scheduler_job.py:182} INFO - Started process (PID=2028) to work on /home/airflow/.local/lib/python3.6/site-packages/airflow/example_dags/example_latest_only.py
[2021-06-11 05:50:34,771] {scheduler_job.py:633} INFO - Processing file /home/airflow/.local/lib/python3.6/site-packages/airflow/example_dags/example_latest_only.py for tasks to queue
[2021-06-11 05:50:34,772] {logging_mixin.py:104} INFO - [2021-06-11 05:50:34,772] {dagbag.py:487} INFO - Filling up the DagBag from /home/airflow/.local/lib/python3.6/site-packages/airflow/example_dags/example_latest_only.py
[2021-06-11 05:50:34,784] {scheduler_job.py:643} INFO - DAG(s) dict_keys(['latest_only']) retrieved from /home/airflow/.local/lib/python3.6/site-packages/airflow/example_dags/example_latest_only.py
[2021-06-11 05:50:34,806] {logging_mixin.py:104} INFO - [2021-06-11 05:50:34,806] {dag.py:1832} INFO - Sync 1 DAGs
[2021-06-11 05:50:34,823] {logging_mixin.py:104} INFO - [2021-06-11 05:50:34,823] {dag.py:2305} INFO - Setting next_dagrun for latest_only to 2021-06-09 00:00:00+00:00
[2021-06-11 05:50:34,834] {scheduler_job.py:190} INFO - Processing /home/airflow/.local/lib/python3.6/site-packages/airflow/example_dags/example_latest_only.py took 0.068 seconds
[2021-06-11 05:51:05,094] {scheduler_job.py:182} INFO - Started process (PID=2105) to work on /home/airflow/.local/lib/python3.6/site-packages/airflow/example_dags/example_latest_only.py
[2021-06-11 05:51:05,096] {scheduler_job.py:633} INFO - Processing file /home/airflow/.local/lib/python3.6/site-packages/airflow/example_dags/example_latest_only.py for tasks to queue
[2021-06-11 05:51:05,097] {logging_mixin.py:104} INFO - [2021-06-11 05:51:05,097] {dagbag.py:487} INFO - Filling up the DagBag from /home/airflow/.local/lib/python3.6/site-packages/airflow/example_dags/example_latest_only.py
[2021-06-11 05:51:05,108] {scheduler_job.py:643} INFO - DAG(s) dict_keys(['latest_only']) retrieved from /home/airflow/.local/lib/python3.6/site-packages/airflow/example_dags/example_latest_only.py
[2021-06-11 05:51:05,132] {logging_mixin.py:104} INFO - [2021-06-11 05:51:05,132] {dag.py:1832} INFO - Sync 1 DAGs
[2021-06-11 05:51:05,150] {logging_mixin.py:104} INFO - [2021-06-11 05:51:05,150] {dag.py:2305} INFO - Setting next_dagrun for latest_only to 2021-06-09 00:00:00+00:00
[2021-06-11 05:51:05,161] {scheduler_job.py:190} INFO - Processing /home/airflow/.local/lib/python3.6/site-packages/airflow/example_dags/example_latest_only.py took 0.070 seconds
[2021-06-11 05:51:35,359] {scheduler_job.py:182} INFO - Started process (PID=2179) to work on /home/airflow/.local/lib/python3.6/site-packages/airflow/example_dags/example_latest_only.py
[2021-06-11 05:51:35,361] {scheduler_job.py:633} INFO - Processing file /home/airflow/.local/lib/python3.6/site-packages/airflow/example_dags/example_latest_only.py for tasks to queue
[2021-06-11 05:51:35,363] {logging_mixin.py:104} INFO - [2021-06-11 05:51:35,362] {dagbag.py:487} INFO - Filling up the DagBag from /home/airflow/.local/lib/python3.6/site-packages/airflow/example_dags/example_latest_only.py
[2021-06-11 05:51:35,375] {scheduler_job.py:643} INFO - DAG(s) dict_keys(['latest_only']) retrieved from /home/airflow/.local/lib/python3.6/site-packages/airflow/example_dags/example_latest_only.py
[2021-06-11 05:51:35,399] {logging_mixin.py:104} INFO - [2021-06-11 05:51:35,399] {dag.py:1832} INFO - Sync 1 DAGs
[2021-06-11 05:51:35,416] {logging_mixin.py:104} INFO - [2021-06-11 05:51:35,416] {dag.py:2305} INFO - Setting next_dagrun for latest_only to 2021-06-09 00:00:00+00:00
[2021-06-11 05:51:35,428] {scheduler_job.py:190} INFO - Processing /home/airflow/.local/lib/python3.6/site-packages/airflow/example_dags/example_latest_only.py took 0.072 seconds
[2021-06-11 05:52:05,724] {scheduler_job.py:182} INFO - Started process (PID=2264) to work on /home/airflow/.local/lib/python3.6/site-packages/airflow/example_dags/example_latest_only.py
[2021-06-11 05:52:05,726] {scheduler_job.py:633} INFO - Processing file /home/airflow/.local/lib/python3.6/site-packages/airflow/example_dags/example_latest_only.py for tasks to queue
[2021-06-11 05:52:05,728] {logging_mixin.py:104} INFO - [2021-06-11 05:52:05,728] {dagbag.py:487} INFO - Filling up the DagBag from /home/airflow/.local/lib/python3.6/site-packages/airflow/example_dags/example_latest_only.py
[2021-06-11 05:52:05,742] {scheduler_job.py:643} INFO - DAG(s) dict_keys(['latest_only']) retrieved from /home/airflow/.local/lib/python3.6/site-packages/airflow/example_dags/example_latest_only.py
[2021-06-11 05:52:05,767] {logging_mixin.py:104} INFO - [2021-06-11 05:52:05,767] {dag.py:1832} INFO - Sync 1 DAGs
[2021-06-11 05:52:05,782] {logging_mixin.py:104} INFO - [2021-06-11 05:52:05,782] {dag.py:2305} INFO - Setting next_dagrun for latest_only to 2021-06-09 00:00:00+00:00
[2021-06-11 05:52:05,792] {scheduler_job.py:190} INFO - Processing /home/airflow/.local/lib/python3.6/site-packages/airflow/example_dags/example_latest_only.py took 0.072 seconds
[2021-06-11 05:52:36,400] {scheduler_job.py:182} INFO - Started process (PID=2330) to work on /home/airflow/.local/lib/python3.6/site-packages/airflow/example_dags/example_latest_only.py
[2021-06-11 05:52:36,401] {scheduler_job.py:633} INFO - Processing file /home/airflow/.local/lib/python3.6/site-packages/airflow/example_dags/example_latest_only.py for tasks to queue
[2021-06-11 05:52:36,403] {logging_mixin.py:104} INFO - [2021-06-11 05:52:36,402] {dagbag.py:487} INFO - Filling up the DagBag from /home/airflow/.local/lib/python3.6/site-packages/airflow/example_dags/example_latest_only.py
[2021-06-11 05:52:36,414] {scheduler_job.py:643} INFO - DAG(s) dict_keys(['latest_only']) retrieved from /home/airflow/.local/lib/python3.6/site-packages/airflow/example_dags/example_latest_only.py
[2021-06-11 05:52:36,437] {logging_mixin.py:104} INFO - [2021-06-11 05:52:36,437] {dag.py:1832} INFO - Sync 1 DAGs
[2021-06-11 05:52:36,452] {logging_mixin.py:104} INFO - [2021-06-11 05:52:36,452] {dag.py:2305} INFO - Setting next_dagrun for latest_only to 2021-06-09 00:00:00+00:00
[2021-06-11 05:52:36,462] {scheduler_job.py:190} INFO - Processing /home/airflow/.local/lib/python3.6/site-packages/airflow/example_dags/example_latest_only.py took 0.066 seconds
[2021-06-11 05:53:07,031] {scheduler_job.py:182} INFO - Started process (PID=2414) to work on /home/airflow/.local/lib/python3.6/site-packages/airflow/example_dags/example_latest_only.py
[2021-06-11 05:53:07,034] {scheduler_job.py:633} INFO - Processing file /home/airflow/.local/lib/python3.6/site-packages/airflow/example_dags/example_latest_only.py for tasks to queue
[2021-06-11 05:53:07,037] {logging_mixin.py:104} INFO - [2021-06-11 05:53:07,037] {dagbag.py:487} INFO - Filling up the DagBag from /home/airflow/.local/lib/python3.6/site-packages/airflow/example_dags/example_latest_only.py
[2021-06-11 05:53:07,055] {scheduler_job.py:643} INFO - DAG(s) dict_keys(['latest_only']) retrieved from /home/airflow/.local/lib/python3.6/site-packages/airflow/example_dags/example_latest_only.py
[2021-06-11 05:53:07,080] {logging_mixin.py:104} INFO - [2021-06-11 05:53:07,080] {dag.py:1832} INFO - Sync 1 DAGs
[2021-06-11 05:53:07,097] {logging_mixin.py:104} INFO - [2021-06-11 05:53:07,097] {dag.py:2305} INFO - Setting next_dagrun for latest_only to 2021-06-09 00:00:00+00:00
[2021-06-11 05:53:07,108] {scheduler_job.py:190} INFO - Processing /home/airflow/.local/lib/python3.6/site-packages/airflow/example_dags/example_latest_only.py took 0.083 seconds
[2021-06-11 05:53:37,586] {scheduler_job.py:182} INFO - Started process (PID=2497) to work on /home/airflow/.local/lib/python3.6/site-packages/airflow/example_dags/example_latest_only.py
[2021-06-11 05:53:37,588] {scheduler_job.py:633} INFO - Processing file /home/airflow/.local/lib/python3.6/site-packages/airflow/example_dags/example_latest_only.py for tasks to queue
[2021-06-11 05:53:37,589] {logging_mixin.py:104} INFO - [2021-06-11 05:53:37,589] {dagbag.py:487} INFO - Filling up the DagBag from /home/airflow/.local/lib/python3.6/site-packages/airflow/example_dags/example_latest_only.py
[2021-06-11 05:53:37,602] {scheduler_job.py:643} INFO - DAG(s) dict_keys(['latest_only']) retrieved from /home/airflow/.local/lib/python3.6/site-packages/airflow/example_dags/example_latest_only.py
[2021-06-11 05:53:37,625] {logging_mixin.py:104} INFO - [2021-06-11 05:53:37,624] {dag.py:1832} INFO - Sync 1 DAGs
[2021-06-11 05:53:37,640] {logging_mixin.py:104} INFO - [2021-06-11 05:53:37,640] {dag.py:2305} INFO - Setting next_dagrun for latest_only to 2021-06-09 00:00:00+00:00
[2021-06-11 05:53:37,650] {scheduler_job.py:190} INFO - Processing /home/airflow/.local/lib/python3.6/site-packages/airflow/example_dags/example_latest_only.py took 0.067 seconds
[2021-06-11 05:54:08,202] {scheduler_job.py:182} INFO - Started process (PID=2564) to work on /home/airflow/.local/lib/python3.6/site-packages/airflow/example_dags/example_latest_only.py
[2021-06-11 05:54:08,203] {scheduler_job.py:633} INFO - Processing file /home/airflow/.local/lib/python3.6/site-packages/airflow/example_dags/example_latest_only.py for tasks to queue
[2021-06-11 05:54:08,205] {logging_mixin.py:104} INFO - [2021-06-11 05:54:08,205] {dagbag.py:487} INFO - Filling up the DagBag from /home/airflow/.local/lib/python3.6/site-packages/airflow/example_dags/example_latest_only.py
[2021-06-11 05:54:08,217] {scheduler_job.py:643} INFO - DAG(s) dict_keys(['latest_only']) retrieved from /home/airflow/.local/lib/python3.6/site-packages/airflow/example_dags/example_latest_only.py
[2021-06-11 05:54:08,244] {logging_mixin.py:104} INFO - [2021-06-11 05:54:08,244] {dag.py:1832} INFO - Sync 1 DAGs
[2021-06-11 05:54:08,263] {logging_mixin.py:104} INFO - [2021-06-11 05:54:08,262] {dag.py:2305} INFO - Setting next_dagrun for latest_only to 2021-06-09 00:00:00+00:00
[2021-06-11 05:54:08,275] {scheduler_job.py:190} INFO - Processing /home/airflow/.local/lib/python3.6/site-packages/airflow/example_dags/example_latest_only.py took 0.077 seconds
[2021-06-11 05:54:38,815] {scheduler_job.py:182} INFO - Started process (PID=2648) to work on /home/airflow/.local/lib/python3.6/site-packages/airflow/example_dags/example_latest_only.py
[2021-06-11 05:54:38,817] {scheduler_job.py:633} INFO - Processing file /home/airflow/.local/lib/python3.6/site-packages/airflow/example_dags/example_latest_only.py for tasks to queue
[2021-06-11 05:54:38,818] {logging_mixin.py:104} INFO - [2021-06-11 05:54:38,818] {dagbag.py:487} INFO - Filling up the DagBag from /home/airflow/.local/lib/python3.6/site-packages/airflow/example_dags/example_latest_only.py
[2021-06-11 05:54:38,831] {scheduler_job.py:643} INFO - DAG(s) dict_keys(['latest_only']) retrieved from /home/airflow/.local/lib/python3.6/site-packages/airflow/example_dags/example_latest_only.py
[2021-06-11 05:54:38,853] {logging_mixin.py:104} INFO - [2021-06-11 05:54:38,853] {dag.py:1832} INFO - Sync 1 DAGs
[2021-06-11 05:54:38,873] {logging_mixin.py:104} INFO - [2021-06-11 05:54:38,873] {dag.py:2305} INFO - Setting next_dagrun for latest_only to 2021-06-09 00:00:00+00:00
[2021-06-11 05:54:38,884] {scheduler_job.py:190} INFO - Processing /home/airflow/.local/lib/python3.6/site-packages/airflow/example_dags/example_latest_only.py took 0.072 seconds
[2021-06-11 05:55:09,595] {scheduler_job.py:182} INFO - Started process (PID=2732) to work on /home/airflow/.local/lib/python3.6/site-packages/airflow/example_dags/example_latest_only.py
[2021-06-11 05:55:09,597] {scheduler_job.py:633} INFO - Processing file /home/airflow/.local/lib/python3.6/site-packages/airflow/example_dags/example_latest_only.py for tasks to queue
[2021-06-11 05:55:09,598] {logging_mixin.py:104} INFO - [2021-06-11 05:55:09,598] {dagbag.py:487} INFO - Filling up the DagBag from /home/airflow/.local/lib/python3.6/site-packages/airflow/example_dags/example_latest_only.py
[2021-06-11 05:55:09,609] {scheduler_job.py:643} INFO - DAG(s) dict_keys(['latest_only']) retrieved from /home/airflow/.local/lib/python3.6/site-packages/airflow/example_dags/example_latest_only.py
[2021-06-11 05:55:09,630] {logging_mixin.py:104} INFO - [2021-06-11 05:55:09,630] {dag.py:1832} INFO - Sync 1 DAGs
[2021-06-11 05:55:09,645] {logging_mixin.py:104} INFO - [2021-06-11 05:55:09,645] {dag.py:2305} INFO - Setting next_dagrun for latest_only to 2021-06-09 00:00:00+00:00
[2021-06-11 05:55:09,655] {scheduler_job.py:190} INFO - Processing /home/airflow/.local/lib/python3.6/site-packages/airflow/example_dags/example_latest_only.py took 0.063 seconds
[2021-06-11 05:55:40,087] {scheduler_job.py:182} INFO - Started process (PID=2798) to work on /home/airflow/.local/lib/python3.6/site-packages/airflow/example_dags/example_latest_only.py
[2021-06-11 05:55:40,089] {scheduler_job.py:633} INFO - Processing file /home/airflow/.local/lib/python3.6/site-packages/airflow/example_dags/example_latest_only.py for tasks to queue
[2021-06-11 05:55:40,090] {logging_mixin.py:104} INFO - [2021-06-11 05:55:40,090] {dagbag.py:487} INFO - Filling up the DagBag from /home/airflow/.local/lib/python3.6/site-packages/airflow/example_dags/example_latest_only.py
[2021-06-11 05:55:40,103] {scheduler_job.py:643} INFO - DAG(s) dict_keys(['latest_only']) retrieved from /home/airflow/.local/lib/python3.6/site-packages/airflow/example_dags/example_latest_only.py
[2021-06-11 05:55:40,124] {logging_mixin.py:104} INFO - [2021-06-11 05:55:40,124] {dag.py:1832} INFO - Sync 1 DAGs
[2021-06-11 05:55:40,139] {logging_mixin.py:104} INFO - [2021-06-11 05:55:40,139] {dag.py:2305} INFO - Setting next_dagrun for latest_only to 2021-06-09 00:00:00+00:00
[2021-06-11 05:55:40,149] {scheduler_job.py:190} INFO - Processing /home/airflow/.local/lib/python3.6/site-packages/airflow/example_dags/example_latest_only.py took 0.066 seconds
[2021-06-11 05:56:10,697] {scheduler_job.py:182} INFO - Started process (PID=2882) to work on /home/airflow/.local/lib/python3.6/site-packages/airflow/example_dags/example_latest_only.py
[2021-06-11 05:56:10,699] {scheduler_job.py:633} INFO - Processing file /home/airflow/.local/lib/python3.6/site-packages/airflow/example_dags/example_latest_only.py for tasks to queue
[2021-06-11 05:56:10,700] {logging_mixin.py:104} INFO - [2021-06-11 05:56:10,699] {dagbag.py:487} INFO - Filling up the DagBag from /home/airflow/.local/lib/python3.6/site-packages/airflow/example_dags/example_latest_only.py
[2021-06-11 05:56:10,710] {scheduler_job.py:643} INFO - DAG(s) dict_keys(['latest_only']) retrieved from /home/airflow/.local/lib/python3.6/site-packages/airflow/example_dags/example_latest_only.py
[2021-06-11 05:56:10,732] {logging_mixin.py:104} INFO - [2021-06-11 05:56:10,732] {dag.py:1832} INFO - Sync 1 DAGs
[2021-06-11 05:56:10,749] {logging_mixin.py:104} INFO - [2021-06-11 05:56:10,749] {dag.py:2305} INFO - Setting next_dagrun for latest_only to 2021-06-09 00:00:00+00:00
[2021-06-11 05:56:10,760] {scheduler_job.py:190} INFO - Processing /home/airflow/.local/lib/python3.6/site-packages/airflow/example_dags/example_latest_only.py took 0.066 seconds
[2021-06-11 05:56:41,223] {scheduler_job.py:182} INFO - Started process (PID=2968) to work on /home/airflow/.local/lib/python3.6/site-packages/airflow/example_dags/example_latest_only.py
[2021-06-11 05:56:41,225] {scheduler_job.py:633} INFO - Processing file /home/airflow/.local/lib/python3.6/site-packages/airflow/example_dags/example_latest_only.py for tasks to queue
[2021-06-11 05:56:41,226] {logging_mixin.py:104} INFO - [2021-06-11 05:56:41,226] {dagbag.py:487} INFO - Filling up the DagBag from /home/airflow/.local/lib/python3.6/site-packages/airflow/example_dags/example_latest_only.py
[2021-06-11 05:56:41,239] {scheduler_job.py:643} INFO - DAG(s) dict_keys(['latest_only']) retrieved from /home/airflow/.local/lib/python3.6/site-packages/airflow/example_dags/example_latest_only.py
[2021-06-11 05:56:41,265] {logging_mixin.py:104} INFO - [2021-06-11 05:56:41,265] {dag.py:1832} INFO - Sync 1 DAGs
[2021-06-11 05:56:41,282] {logging_mixin.py:104} INFO - [2021-06-11 05:56:41,281] {dag.py:2305} INFO - Setting next_dagrun for latest_only to 2021-06-09 00:00:00+00:00
[2021-06-11 05:56:41,294] {scheduler_job.py:190} INFO - Processing /home/airflow/.local/lib/python3.6/site-packages/airflow/example_dags/example_latest_only.py took 0.074 seconds
[2021-06-11 05:57:12,257] {scheduler_job.py:182} INFO - Started process (PID=3034) to work on /home/airflow/.local/lib/python3.6/site-packages/airflow/example_dags/example_latest_only.py
[2021-06-11 05:57:12,258] {scheduler_job.py:633} INFO - Processing file /home/airflow/.local/lib/python3.6/site-packages/airflow/example_dags/example_latest_only.py for tasks to queue
[2021-06-11 05:57:12,259] {logging_mixin.py:104} INFO - [2021-06-11 05:57:12,259] {dagbag.py:487} INFO - Filling up the DagBag from /home/airflow/.local/lib/python3.6/site-packages/airflow/example_dags/example_latest_only.py
[2021-06-11 05:57:12,271] {scheduler_job.py:643} INFO - DAG(s) dict_keys(['latest_only']) retrieved from /home/airflow/.local/lib/python3.6/site-packages/airflow/example_dags/example_latest_only.py
[2021-06-11 05:57:12,292] {logging_mixin.py:104} INFO - [2021-06-11 05:57:12,291] {dag.py:1832} INFO - Sync 1 DAGs
[2021-06-11 05:57:12,307] {logging_mixin.py:104} INFO - [2021-06-11 05:57:12,307] {dag.py:2305} INFO - Setting next_dagrun for latest_only to 2021-06-09 00:00:00+00:00
[2021-06-11 05:57:12,317] {scheduler_job.py:190} INFO - Processing /home/airflow/.local/lib/python3.6/site-packages/airflow/example_dags/example_latest_only.py took 0.064 seconds
[2021-06-11 05:57:42,477] {scheduler_job.py:182} INFO - Started process (PID=3116) to work on /home/airflow/.local/lib/python3.6/site-packages/airflow/example_dags/example_latest_only.py
[2021-06-11 05:57:42,482] {scheduler_job.py:633} INFO - Processing file /home/airflow/.local/lib/python3.6/site-packages/airflow/example_dags/example_latest_only.py for tasks to queue
[2021-06-11 05:57:42,483] {logging_mixin.py:104} INFO - [2021-06-11 05:57:42,483] {dagbag.py:487} INFO - Filling up the DagBag from /home/airflow/.local/lib/python3.6/site-packages/airflow/example_dags/example_latest_only.py
[2021-06-11 05:57:42,496] {scheduler_job.py:643} INFO - DAG(s) dict_keys(['latest_only']) retrieved from /home/airflow/.local/lib/python3.6/site-packages/airflow/example_dags/example_latest_only.py
[2021-06-11 05:57:42,517] {logging_mixin.py:104} INFO - [2021-06-11 05:57:42,517] {dag.py:1832} INFO - Sync 1 DAGs
[2021-06-11 05:57:42,534] {logging_mixin.py:104} INFO - [2021-06-11 05:57:42,534] {dag.py:2305} INFO - Setting next_dagrun for latest_only to 2021-06-09 00:00:00+00:00
[2021-06-11 05:57:42,545] {scheduler_job.py:190} INFO - Processing /home/airflow/.local/lib/python3.6/site-packages/airflow/example_dags/example_latest_only.py took 0.072 seconds
[2021-06-11 05:58:12,725] {scheduler_job.py:182} INFO - Started process (PID=3201) to work on /home/airflow/.local/lib/python3.6/site-packages/airflow/example_dags/example_latest_only.py
[2021-06-11 05:58:12,727] {scheduler_job.py:633} INFO - Processing file /home/airflow/.local/lib/python3.6/site-packages/airflow/example_dags/example_latest_only.py for tasks to queue
[2021-06-11 05:58:12,728] {logging_mixin.py:104} INFO - [2021-06-11 05:58:12,728] {dagbag.py:487} INFO - Filling up the DagBag from /home/airflow/.local/lib/python3.6/site-packages/airflow/example_dags/example_latest_only.py
[2021-06-11 05:58:12,742] {scheduler_job.py:643} INFO - DAG(s) dict_keys(['latest_only']) retrieved from /home/airflow/.local/lib/python3.6/site-packages/airflow/example_dags/example_latest_only.py
[2021-06-11 05:58:12,767] {logging_mixin.py:104} INFO - [2021-06-11 05:58:12,766] {dag.py:1832} INFO - Sync 1 DAGs
[2021-06-11 05:58:12,782] {logging_mixin.py:104} INFO - [2021-06-11 05:58:12,782] {dag.py:2305} INFO - Setting next_dagrun for latest_only to 2021-06-09 00:00:00+00:00
[2021-06-11 05:58:12,792] {scheduler_job.py:190} INFO - Processing /home/airflow/.local/lib/python3.6/site-packages/airflow/example_dags/example_latest_only.py took 0.071 seconds
[2021-06-11 05:58:42,864] {scheduler_job.py:182} INFO - Started process (PID=3267) to work on /home/airflow/.local/lib/python3.6/site-packages/airflow/example_dags/example_latest_only.py
[2021-06-11 05:58:42,865] {scheduler_job.py:633} INFO - Processing file /home/airflow/.local/lib/python3.6/site-packages/airflow/example_dags/example_latest_only.py for tasks to queue
[2021-06-11 05:58:42,867] {logging_mixin.py:104} INFO - [2021-06-11 05:58:42,866] {dagbag.py:487} INFO - Filling up the DagBag from /home/airflow/.local/lib/python3.6/site-packages/airflow/example_dags/example_latest_only.py
[2021-06-11 05:58:42,878] {scheduler_job.py:643} INFO - DAG(s) dict_keys(['latest_only']) retrieved from /home/airflow/.local/lib/python3.6/site-packages/airflow/example_dags/example_latest_only.py
[2021-06-11 05:58:42,899] {logging_mixin.py:104} INFO - [2021-06-11 05:58:42,899] {dag.py:1832} INFO - Sync 1 DAGs
[2021-06-11 05:58:42,913] {logging_mixin.py:104} INFO - [2021-06-11 05:58:42,913] {dag.py:2305} INFO - Setting next_dagrun for latest_only to 2021-06-09 00:00:00+00:00
[2021-06-11 05:58:42,922] {scheduler_job.py:190} INFO - Processing /home/airflow/.local/lib/python3.6/site-packages/airflow/example_dags/example_latest_only.py took 0.061 seconds
[2021-06-11 05:59:13,112] {scheduler_job.py:182} INFO - Started process (PID=3353) to work on /home/airflow/.local/lib/python3.6/site-packages/airflow/example_dags/example_latest_only.py
[2021-06-11 05:59:13,115] {scheduler_job.py:633} INFO - Processing file /home/airflow/.local/lib/python3.6/site-packages/airflow/example_dags/example_latest_only.py for tasks to queue
[2021-06-11 05:59:13,116] {logging_mixin.py:104} INFO - [2021-06-11 05:59:13,116] {dagbag.py:487} INFO - Filling up the DagBag from /home/airflow/.local/lib/python3.6/site-packages/airflow/example_dags/example_latest_only.py
[2021-06-11 05:59:13,127] {scheduler_job.py:643} INFO - DAG(s) dict_keys(['latest_only']) retrieved from /home/airflow/.local/lib/python3.6/site-packages/airflow/example_dags/example_latest_only.py
[2021-06-11 05:59:13,151] {logging_mixin.py:104} INFO - [2021-06-11 05:59:13,151] {dag.py:1832} INFO - Sync 1 DAGs
[2021-06-11 05:59:13,166] {logging_mixin.py:104} INFO - [2021-06-11 05:59:13,166] {dag.py:2305} INFO - Setting next_dagrun for latest_only to 2021-06-09 00:00:00+00:00
[2021-06-11 05:59:13,178] {scheduler_job.py:190} INFO - Processing /home/airflow/.local/lib/python3.6/site-packages/airflow/example_dags/example_latest_only.py took 0.068 seconds
[2021-06-11 05:59:44,200] {scheduler_job.py:182} INFO - Started process (PID=3436) to work on /home/airflow/.local/lib/python3.6/site-packages/airflow/example_dags/example_latest_only.py
[2021-06-11 05:59:44,203] {scheduler_job.py:633} INFO - Processing file /home/airflow/.local/lib/python3.6/site-packages/airflow/example_dags/example_latest_only.py for tasks to queue
[2021-06-11 05:59:44,204] {logging_mixin.py:104} INFO - [2021-06-11 05:59:44,204] {dagbag.py:487} INFO - Filling up the DagBag from /home/airflow/.local/lib/python3.6/site-packages/airflow/example_dags/example_latest_only.py
[2021-06-11 05:59:44,217] {scheduler_job.py:643} INFO - DAG(s) dict_keys(['latest_only']) retrieved from /home/airflow/.local/lib/python3.6/site-packages/airflow/example_dags/example_latest_only.py
[2021-06-11 05:59:44,239] {logging_mixin.py:104} INFO - [2021-06-11 05:59:44,239] {dag.py:1832} INFO - Sync 1 DAGs
[2021-06-11 05:59:44,254] {logging_mixin.py:104} INFO - [2021-06-11 05:59:44,254] {dag.py:2305} INFO - Setting next_dagrun for latest_only to 2021-06-09 00:00:00+00:00
[2021-06-11 05:59:44,264] {scheduler_job.py:190} INFO - Processing /home/airflow/.local/lib/python3.6/site-packages/airflow/example_dags/example_latest_only.py took 0.068 seconds
[2021-06-11 06:00:14,331] {scheduler_job.py:182} INFO - Started process (PID=3502) to work on /home/airflow/.local/lib/python3.6/site-packages/airflow/example_dags/example_latest_only.py
[2021-06-11 06:00:14,333] {scheduler_job.py:633} INFO - Processing file /home/airflow/.local/lib/python3.6/site-packages/airflow/example_dags/example_latest_only.py for tasks to queue
[2021-06-11 06:00:14,334] {logging_mixin.py:104} INFO - [2021-06-11 06:00:14,334] {dagbag.py:487} INFO - Filling up the DagBag from /home/airflow/.local/lib/python3.6/site-packages/airflow/example_dags/example_latest_only.py
[2021-06-11 06:00:14,346] {scheduler_job.py:643} INFO - DAG(s) dict_keys(['latest_only']) retrieved from /home/airflow/.local/lib/python3.6/site-packages/airflow/example_dags/example_latest_only.py
[2021-06-11 06:00:14,370] {logging_mixin.py:104} INFO - [2021-06-11 06:00:14,370] {dag.py:1832} INFO - Sync 1 DAGs
[2021-06-11 06:00:14,387] {logging_mixin.py:104} INFO - [2021-06-11 06:00:14,387] {dag.py:2305} INFO - Setting next_dagrun for latest_only to 2021-06-09 00:00:00+00:00
[2021-06-11 06:00:14,398] {scheduler_job.py:190} INFO - Processing /home/airflow/.local/lib/python3.6/site-packages/airflow/example_dags/example_latest_only.py took 0.070 seconds
[2021-06-11 06:00:44,799] {scheduler_job.py:182} INFO - Started process (PID=3584) to work on /home/airflow/.local/lib/python3.6/site-packages/airflow/example_dags/example_latest_only.py
[2021-06-11 06:00:44,801] {scheduler_job.py:633} INFO - Processing file /home/airflow/.local/lib/python3.6/site-packages/airflow/example_dags/example_latest_only.py for tasks to queue
[2021-06-11 06:00:44,802] {logging_mixin.py:104} INFO - [2021-06-11 06:00:44,802] {dagbag.py:487} INFO - Filling up the DagBag from /home/airflow/.local/lib/python3.6/site-packages/airflow/example_dags/example_latest_only.py
[2021-06-11 06:00:44,814] {scheduler_job.py:643} INFO - DAG(s) dict_keys(['latest_only']) retrieved from /home/airflow/.local/lib/python3.6/site-packages/airflow/example_dags/example_latest_only.py
[2021-06-11 06:00:44,836] {logging_mixin.py:104} INFO - [2021-06-11 06:00:44,836] {dag.py:1832} INFO - Sync 1 DAGs
[2021-06-11 06:00:44,854] {logging_mixin.py:104} INFO - [2021-06-11 06:00:44,854] {dag.py:2305} INFO - Setting next_dagrun for latest_only to 2021-06-09 00:00:00+00:00
[2021-06-11 06:00:44,864] {scheduler_job.py:190} INFO - Processing /home/airflow/.local/lib/python3.6/site-packages/airflow/example_dags/example_latest_only.py took 0.070 seconds
[2021-06-11 06:01:14,945] {scheduler_job.py:182} INFO - Started process (PID=3650) to work on /home/airflow/.local/lib/python3.6/site-packages/airflow/example_dags/example_latest_only.py
[2021-06-11 06:01:14,947] {scheduler_job.py:633} INFO - Processing file /home/airflow/.local/lib/python3.6/site-packages/airflow/example_dags/example_latest_only.py for tasks to queue
[2021-06-11 06:01:14,948] {logging_mixin.py:104} INFO - [2021-06-11 06:01:14,948] {dagbag.py:487} INFO - Filling up the DagBag from /home/airflow/.local/lib/python3.6/site-packages/airflow/example_dags/example_latest_only.py
[2021-06-11 06:01:14,961] {scheduler_job.py:643} INFO - DAG(s) dict_keys(['latest_only']) retrieved from /home/airflow/.local/lib/python3.6/site-packages/airflow/example_dags/example_latest_only.py
[2021-06-11 06:01:14,994] {logging_mixin.py:104} INFO - [2021-06-11 06:01:14,994] {dag.py:1832} INFO - Sync 1 DAGs
[2021-06-11 06:01:15,013] {logging_mixin.py:104} INFO - [2021-06-11 06:01:15,013] {dag.py:2305} INFO - Setting next_dagrun for latest_only to 2021-06-09 00:00:00+00:00
[2021-06-11 06:01:15,025] {scheduler_job.py:190} INFO - Processing /home/airflow/.local/lib/python3.6/site-packages/airflow/example_dags/example_latest_only.py took 0.084 seconds
[2021-06-11 06:01:45,320] {scheduler_job.py:182} INFO - Started process (PID=3735) to work on /home/airflow/.local/lib/python3.6/site-packages/airflow/example_dags/example_latest_only.py
[2021-06-11 06:01:45,322] {scheduler_job.py:633} INFO - Processing file /home/airflow/.local/lib/python3.6/site-packages/airflow/example_dags/example_latest_only.py for tasks to queue
[2021-06-11 06:01:45,323] {logging_mixin.py:104} INFO - [2021-06-11 06:01:45,323] {dagbag.py:487} INFO - Filling up the DagBag from /home/airflow/.local/lib/python3.6/site-packages/airflow/example_dags/example_latest_only.py
[2021-06-11 06:01:45,338] {scheduler_job.py:643} INFO - DAG(s) dict_keys(['latest_only']) retrieved from /home/airflow/.local/lib/python3.6/site-packages/airflow/example_dags/example_latest_only.py
[2021-06-11 06:01:45,364] {logging_mixin.py:104} INFO - [2021-06-11 06:01:45,364] {dag.py:1832} INFO - Sync 1 DAGs
[2021-06-11 06:01:45,384] {logging_mixin.py:104} INFO - [2021-06-11 06:01:45,384] {dag.py:2305} INFO - Setting next_dagrun for latest_only to 2021-06-09 00:00:00+00:00
[2021-06-11 06:01:45,398] {scheduler_job.py:190} INFO - Processing /home/airflow/.local/lib/python3.6/site-packages/airflow/example_dags/example_latest_only.py took 0.082 seconds
[2021-06-11 06:02:16,003] {scheduler_job.py:182} INFO - Started process (PID=3819) to work on /home/airflow/.local/lib/python3.6/site-packages/airflow/example_dags/example_latest_only.py
[2021-06-11 06:02:16,005] {scheduler_job.py:633} INFO - Processing file /home/airflow/.local/lib/python3.6/site-packages/airflow/example_dags/example_latest_only.py for tasks to queue
[2021-06-11 06:02:16,007] {logging_mixin.py:104} INFO - [2021-06-11 06:02:16,007] {dagbag.py:487} INFO - Filling up the DagBag from /home/airflow/.local/lib/python3.6/site-packages/airflow/example_dags/example_latest_only.py
[2021-06-11 06:02:16,020] {scheduler_job.py:643} INFO - DAG(s) dict_keys(['latest_only']) retrieved from /home/airflow/.local/lib/python3.6/site-packages/airflow/example_dags/example_latest_only.py
[2021-06-11 06:02:16,047] {logging_mixin.py:104} INFO - [2021-06-11 06:02:16,046] {dag.py:1832} INFO - Sync 1 DAGs
[2021-06-11 06:02:16,063] {logging_mixin.py:104} INFO - [2021-06-11 06:02:16,063] {dag.py:2305} INFO - Setting next_dagrun for latest_only to 2021-06-09 00:00:00+00:00
[2021-06-11 06:02:16,077] {scheduler_job.py:190} INFO - Processing /home/airflow/.local/lib/python3.6/site-packages/airflow/example_dags/example_latest_only.py took 0.078 seconds
[2021-06-11 06:02:46,432] {scheduler_job.py:182} INFO - Started process (PID=3886) to work on /home/airflow/.local/lib/python3.6/site-packages/airflow/example_dags/example_latest_only.py
[2021-06-11 06:02:46,434] {scheduler_job.py:633} INFO - Processing file /home/airflow/.local/lib/python3.6/site-packages/airflow/example_dags/example_latest_only.py for tasks to queue
[2021-06-11 06:02:46,436] {logging_mixin.py:104} INFO - [2021-06-11 06:02:46,435] {dagbag.py:487} INFO - Filling up the DagBag from /home/airflow/.local/lib/python3.6/site-packages/airflow/example_dags/example_latest_only.py
[2021-06-11 06:02:46,450] {scheduler_job.py:643} INFO - DAG(s) dict_keys(['latest_only']) retrieved from /home/airflow/.local/lib/python3.6/site-packages/airflow/example_dags/example_latest_only.py
[2021-06-11 06:02:46,479] {logging_mixin.py:104} INFO - [2021-06-11 06:02:46,479] {dag.py:1832} INFO - Sync 1 DAGs
[2021-06-11 06:02:46,499] {logging_mixin.py:104} INFO - [2021-06-11 06:02:46,499] {dag.py:2305} INFO - Setting next_dagrun for latest_only to 2021-06-09 00:00:00+00:00
[2021-06-11 06:02:46,513] {scheduler_job.py:190} INFO - Processing /home/airflow/.local/lib/python3.6/site-packages/airflow/example_dags/example_latest_only.py took 0.086 seconds
[2021-06-11 06:03:17,471] {scheduler_job.py:182} INFO - Started process (PID=3972) to work on /home/airflow/.local/lib/python3.6/site-packages/airflow/example_dags/example_latest_only.py
[2021-06-11 06:03:17,472] {scheduler_job.py:633} INFO - Processing file /home/airflow/.local/lib/python3.6/site-packages/airflow/example_dags/example_latest_only.py for tasks to queue
[2021-06-11 06:03:17,474] {logging_mixin.py:104} INFO - [2021-06-11 06:03:17,474] {dagbag.py:487} INFO - Filling up the DagBag from /home/airflow/.local/lib/python3.6/site-packages/airflow/example_dags/example_latest_only.py
[2021-06-11 06:03:17,486] {scheduler_job.py:643} INFO - DAG(s) dict_keys(['latest_only']) retrieved from /home/airflow/.local/lib/python3.6/site-packages/airflow/example_dags/example_latest_only.py
[2021-06-11 06:03:17,509] {logging_mixin.py:104} INFO - [2021-06-11 06:03:17,509] {dag.py:1832} INFO - Sync 1 DAGs
[2021-06-11 06:03:17,526] {logging_mixin.py:104} INFO - [2021-06-11 06:03:17,525] {dag.py:2305} INFO - Setting next_dagrun for latest_only to 2021-06-09 00:00:00+00:00
[2021-06-11 06:03:17,536] {scheduler_job.py:190} INFO - Processing /home/airflow/.local/lib/python3.6/site-packages/airflow/example_dags/example_latest_only.py took 0.069 seconds
[2021-06-11 06:03:47,608] {scheduler_job.py:182} INFO - Started process (PID=4049) to work on /home/airflow/.local/lib/python3.6/site-packages/airflow/example_dags/example_latest_only.py
[2021-06-11 06:03:47,644] {scheduler_job.py:633} INFO - Processing file /home/airflow/.local/lib/python3.6/site-packages/airflow/example_dags/example_latest_only.py for tasks to queue
[2021-06-11 06:03:47,646] {logging_mixin.py:104} INFO - [2021-06-11 06:03:47,646] {dagbag.py:487} INFO - Filling up the DagBag from /home/airflow/.local/lib/python3.6/site-packages/airflow/example_dags/example_latest_only.py
[2021-06-11 06:03:47,658] {scheduler_job.py:643} INFO - DAG(s) dict_keys(['latest_only']) retrieved from /home/airflow/.local/lib/python3.6/site-packages/airflow/example_dags/example_latest_only.py
[2021-06-11 06:03:47,691] {logging_mixin.py:104} INFO - [2021-06-11 06:03:47,691] {dag.py:1832} INFO - Sync 1 DAGs
[2021-06-11 06:03:47,710] {logging_mixin.py:104} INFO - [2021-06-11 06:03:47,709] {dag.py:2305} INFO - Setting next_dagrun for latest_only to 2021-06-09 00:00:00+00:00
[2021-06-11 06:03:47,721] {scheduler_job.py:190} INFO - Processing /home/airflow/.local/lib/python3.6/site-packages/airflow/example_dags/example_latest_only.py took 0.116 seconds
[2021-06-11 06:04:18,433] {scheduler_job.py:182} INFO - Started process (PID=4122) to work on /home/airflow/.local/lib/python3.6/site-packages/airflow/example_dags/example_latest_only.py
[2021-06-11 06:04:18,435] {scheduler_job.py:633} INFO - Processing file /home/airflow/.local/lib/python3.6/site-packages/airflow/example_dags/example_latest_only.py for tasks to queue
[2021-06-11 06:04:18,436] {logging_mixin.py:104} INFO - [2021-06-11 06:04:18,436] {dagbag.py:487} INFO - Filling up the DagBag from /home/airflow/.local/lib/python3.6/site-packages/airflow/example_dags/example_latest_only.py
[2021-06-11 06:04:18,448] {scheduler_job.py:643} INFO - DAG(s) dict_keys(['latest_only']) retrieved from /home/airflow/.local/lib/python3.6/site-packages/airflow/example_dags/example_latest_only.py
[2021-06-11 06:04:18,473] {logging_mixin.py:104} INFO - [2021-06-11 06:04:18,473] {dag.py:1832} INFO - Sync 1 DAGs
[2021-06-11 06:04:18,490] {logging_mixin.py:104} INFO - [2021-06-11 06:04:18,490] {dag.py:2305} INFO - Setting next_dagrun for latest_only to 2021-06-09 00:00:00+00:00
[2021-06-11 06:04:18,501] {scheduler_job.py:190} INFO - Processing /home/airflow/.local/lib/python3.6/site-packages/airflow/example_dags/example_latest_only.py took 0.072 seconds
[2021-06-11 06:04:48,550] {scheduler_job.py:182} INFO - Started process (PID=4208) to work on /home/airflow/.local/lib/python3.6/site-packages/airflow/example_dags/example_latest_only.py
[2021-06-11 06:04:48,552] {scheduler_job.py:633} INFO - Processing file /home/airflow/.local/lib/python3.6/site-packages/airflow/example_dags/example_latest_only.py for tasks to queue
[2021-06-11 06:04:48,554] {logging_mixin.py:104} INFO - [2021-06-11 06:04:48,553] {dagbag.py:487} INFO - Filling up the DagBag from /home/airflow/.local/lib/python3.6/site-packages/airflow/example_dags/example_latest_only.py
[2021-06-11 06:04:48,567] {scheduler_job.py:643} INFO - DAG(s) dict_keys(['latest_only']) retrieved from /home/airflow/.local/lib/python3.6/site-packages/airflow/example_dags/example_latest_only.py
[2021-06-11 06:04:48,590] {logging_mixin.py:104} INFO - [2021-06-11 06:04:48,590] {dag.py:1832} INFO - Sync 1 DAGs
[2021-06-11 06:04:48,606] {logging_mixin.py:104} INFO - [2021-06-11 06:04:48,606] {dag.py:2305} INFO - Setting next_dagrun for latest_only to 2021-06-09 00:00:00+00:00
[2021-06-11 06:04:48,617] {scheduler_job.py:190} INFO - Processing /home/airflow/.local/lib/python3.6/site-packages/airflow/example_dags/example_latest_only.py took 0.070 seconds
[2021-06-11 06:05:18,947] {scheduler_job.py:182} INFO - Started process (PID=4276) to work on /home/airflow/.local/lib/python3.6/site-packages/airflow/example_dags/example_latest_only.py
[2021-06-11 06:05:18,948] {scheduler_job.py:633} INFO - Processing file /home/airflow/.local/lib/python3.6/site-packages/airflow/example_dags/example_latest_only.py for tasks to queue
[2021-06-11 06:05:18,950] {logging_mixin.py:104} INFO - [2021-06-11 06:05:18,949] {dagbag.py:487} INFO - Filling up the DagBag from /home/airflow/.local/lib/python3.6/site-packages/airflow/example_dags/example_latest_only.py
[2021-06-11 06:05:18,962] {scheduler_job.py:643} INFO - DAG(s) dict_keys(['latest_only']) retrieved from /home/airflow/.local/lib/python3.6/site-packages/airflow/example_dags/example_latest_only.py
[2021-06-11 06:05:18,986] {logging_mixin.py:104} INFO - [2021-06-11 06:05:18,986] {dag.py:1832} INFO - Sync 1 DAGs
[2021-06-11 06:05:19,003] {logging_mixin.py:104} INFO - [2021-06-11 06:05:19,003] {dag.py:2305} INFO - Setting next_dagrun for latest_only to 2021-06-09 00:00:00+00:00
[2021-06-11 06:05:19,013] {scheduler_job.py:190} INFO - Processing /home/airflow/.local/lib/python3.6/site-packages/airflow/example_dags/example_latest_only.py took 0.071 seconds
[2021-06-11 06:05:49,145] {scheduler_job.py:182} INFO - Started process (PID=4360) to work on /home/airflow/.local/lib/python3.6/site-packages/airflow/example_dags/example_latest_only.py
[2021-06-11 06:05:49,147] {scheduler_job.py:633} INFO - Processing file /home/airflow/.local/lib/python3.6/site-packages/airflow/example_dags/example_latest_only.py for tasks to queue
[2021-06-11 06:05:49,148] {logging_mixin.py:104} INFO - [2021-06-11 06:05:49,148] {dagbag.py:487} INFO - Filling up the DagBag from /home/airflow/.local/lib/python3.6/site-packages/airflow/example_dags/example_latest_only.py
[2021-06-11 06:05:49,166] {scheduler_job.py:643} INFO - DAG(s) dict_keys(['latest_only']) retrieved from /home/airflow/.local/lib/python3.6/site-packages/airflow/example_dags/example_latest_only.py
[2021-06-11 06:05:49,195] {logging_mixin.py:104} INFO - [2021-06-11 06:05:49,195] {dag.py:1832} INFO - Sync 1 DAGs
[2021-06-11 06:05:49,214] {logging_mixin.py:104} INFO - [2021-06-11 06:05:49,214] {dag.py:2305} INFO - Setting next_dagrun for latest_only to 2021-06-09 00:00:00+00:00
[2021-06-11 06:05:49,232] {scheduler_job.py:190} INFO - Processing /home/airflow/.local/lib/python3.6/site-packages/airflow/example_dags/example_latest_only.py took 0.091 seconds
[2021-06-11 06:06:19,932] {scheduler_job.py:182} INFO - Started process (PID=4446) to work on /home/airflow/.local/lib/python3.6/site-packages/airflow/example_dags/example_latest_only.py
[2021-06-11 06:06:19,934] {scheduler_job.py:633} INFO - Processing file /home/airflow/.local/lib/python3.6/site-packages/airflow/example_dags/example_latest_only.py for tasks to queue
[2021-06-11 06:06:19,935] {logging_mixin.py:104} INFO - [2021-06-11 06:06:19,935] {dagbag.py:487} INFO - Filling up the DagBag from /home/airflow/.local/lib/python3.6/site-packages/airflow/example_dags/example_latest_only.py
[2021-06-11 06:06:19,948] {scheduler_job.py:643} INFO - DAG(s) dict_keys(['latest_only']) retrieved from /home/airflow/.local/lib/python3.6/site-packages/airflow/example_dags/example_latest_only.py
[2021-06-11 06:06:19,971] {logging_mixin.py:104} INFO - [2021-06-11 06:06:19,971] {dag.py:1832} INFO - Sync 1 DAGs
[2021-06-11 06:06:19,987] {logging_mixin.py:104} INFO - [2021-06-11 06:06:19,987] {dag.py:2305} INFO - Setting next_dagrun for latest_only to 2021-06-09 00:00:00+00:00
[2021-06-11 06:06:19,998] {scheduler_job.py:190} INFO - Processing /home/airflow/.local/lib/python3.6/site-packages/airflow/example_dags/example_latest_only.py took 0.070 seconds
[2021-06-11 06:06:50,052] {scheduler_job.py:182} INFO - Started process (PID=4514) to work on /home/airflow/.local/lib/python3.6/site-packages/airflow/example_dags/example_latest_only.py
[2021-06-11 06:06:50,053] {scheduler_job.py:633} INFO - Processing file /home/airflow/.local/lib/python3.6/site-packages/airflow/example_dags/example_latest_only.py for tasks to queue
[2021-06-11 06:06:50,054] {logging_mixin.py:104} INFO - [2021-06-11 06:06:50,054] {dagbag.py:487} INFO - Filling up the DagBag from /home/airflow/.local/lib/python3.6/site-packages/airflow/example_dags/example_latest_only.py
[2021-06-11 06:06:50,066] {scheduler_job.py:643} INFO - DAG(s) dict_keys(['latest_only']) retrieved from /home/airflow/.local/lib/python3.6/site-packages/airflow/example_dags/example_latest_only.py
[2021-06-11 06:06:50,093] {logging_mixin.py:104} INFO - [2021-06-11 06:06:50,092] {dag.py:1832} INFO - Sync 1 DAGs
[2021-06-11 06:06:50,108] {logging_mixin.py:104} INFO - [2021-06-11 06:06:50,108] {dag.py:2305} INFO - Setting next_dagrun for latest_only to 2021-06-09 00:00:00+00:00
[2021-06-11 06:06:50,120] {scheduler_job.py:190} INFO - Processing /home/airflow/.local/lib/python3.6/site-packages/airflow/example_dags/example_latest_only.py took 0.072 seconds
[2021-06-11 06:07:20,202] {scheduler_job.py:182} INFO - Started process (PID=4598) to work on /home/airflow/.local/lib/python3.6/site-packages/airflow/example_dags/example_latest_only.py
[2021-06-11 06:07:20,204] {scheduler_job.py:633} INFO - Processing file /home/airflow/.local/lib/python3.6/site-packages/airflow/example_dags/example_latest_only.py for tasks to queue
[2021-06-11 06:07:20,206] {logging_mixin.py:104} INFO - [2021-06-11 06:07:20,206] {dagbag.py:487} INFO - Filling up the DagBag from /home/airflow/.local/lib/python3.6/site-packages/airflow/example_dags/example_latest_only.py
[2021-06-11 06:07:20,227] {scheduler_job.py:643} INFO - DAG(s) dict_keys(['latest_only']) retrieved from /home/airflow/.local/lib/python3.6/site-packages/airflow/example_dags/example_latest_only.py
[2021-06-11 06:07:20,265] {logging_mixin.py:104} INFO - [2021-06-11 06:07:20,265] {dag.py:1832} INFO - Sync 1 DAGs
[2021-06-11 06:07:20,292] {logging_mixin.py:104} INFO - [2021-06-11 06:07:20,291] {dag.py:2305} INFO - Setting next_dagrun for latest_only to 2021-06-09 00:00:00+00:00
[2021-06-11 06:07:20,309] {scheduler_job.py:190} INFO - Processing /home/airflow/.local/lib/python3.6/site-packages/airflow/example_dags/example_latest_only.py took 0.112 seconds
[2021-06-11 06:07:50,467] {scheduler_job.py:182} INFO - Started process (PID=4665) to work on /home/airflow/.local/lib/python3.6/site-packages/airflow/example_dags/example_latest_only.py
[2021-06-11 06:07:50,469] {scheduler_job.py:633} INFO - Processing file /home/airflow/.local/lib/python3.6/site-packages/airflow/example_dags/example_latest_only.py for tasks to queue
[2021-06-11 06:07:50,471] {logging_mixin.py:104} INFO - [2021-06-11 06:07:50,471] {dagbag.py:487} INFO - Filling up the DagBag from /home/airflow/.local/lib/python3.6/site-packages/airflow/example_dags/example_latest_only.py
[2021-06-11 06:07:50,493] {scheduler_job.py:643} INFO - DAG(s) dict_keys(['latest_only']) retrieved from /home/airflow/.local/lib/python3.6/site-packages/airflow/example_dags/example_latest_only.py
[2021-06-11 06:07:50,521] {logging_mixin.py:104} INFO - [2021-06-11 06:07:50,521] {dag.py:1832} INFO - Sync 1 DAGs
[2021-06-11 06:07:50,540] {logging_mixin.py:104} INFO - [2021-06-11 06:07:50,539] {dag.py:2305} INFO - Setting next_dagrun for latest_only to 2021-06-09 00:00:00+00:00
[2021-06-11 06:07:50,554] {scheduler_job.py:190} INFO - Processing /home/airflow/.local/lib/python3.6/site-packages/airflow/example_dags/example_latest_only.py took 0.091 seconds
[2021-06-11 06:08:20,608] {scheduler_job.py:182} INFO - Started process (PID=4749) to work on /home/airflow/.local/lib/python3.6/site-packages/airflow/example_dags/example_latest_only.py
[2021-06-11 06:08:20,610] {scheduler_job.py:633} INFO - Processing file /home/airflow/.local/lib/python3.6/site-packages/airflow/example_dags/example_latest_only.py for tasks to queue
[2021-06-11 06:08:20,612] {logging_mixin.py:104} INFO - [2021-06-11 06:08:20,612] {dagbag.py:487} INFO - Filling up the DagBag from /home/airflow/.local/lib/python3.6/site-packages/airflow/example_dags/example_latest_only.py
[2021-06-11 06:08:20,629] {scheduler_job.py:643} INFO - DAG(s) dict_keys(['latest_only']) retrieved from /home/airflow/.local/lib/python3.6/site-packages/airflow/example_dags/example_latest_only.py
[2021-06-11 06:08:20,660] {logging_mixin.py:104} INFO - [2021-06-11 06:08:20,660] {dag.py:1832} INFO - Sync 1 DAGs
[2021-06-11 06:08:20,680] {logging_mixin.py:104} INFO - [2021-06-11 06:08:20,680] {dag.py:2305} INFO - Setting next_dagrun for latest_only to 2021-06-09 00:00:00+00:00
[2021-06-11 06:08:20,694] {scheduler_job.py:190} INFO - Processing /home/airflow/.local/lib/python3.6/site-packages/airflow/example_dags/example_latest_only.py took 0.090 seconds
[2021-06-11 06:08:51,578] {scheduler_job.py:182} INFO - Started process (PID=4831) to work on /home/airflow/.local/lib/python3.6/site-packages/airflow/example_dags/example_latest_only.py
[2021-06-11 06:08:51,580] {scheduler_job.py:633} INFO - Processing file /home/airflow/.local/lib/python3.6/site-packages/airflow/example_dags/example_latest_only.py for tasks to queue
[2021-06-11 06:08:51,581] {logging_mixin.py:104} INFO - [2021-06-11 06:08:51,581] {dagbag.py:487} INFO - Filling up the DagBag from /home/airflow/.local/lib/python3.6/site-packages/airflow/example_dags/example_latest_only.py
[2021-06-11 06:08:51,592] {scheduler_job.py:643} INFO - DAG(s) dict_keys(['latest_only']) retrieved from /home/airflow/.local/lib/python3.6/site-packages/airflow/example_dags/example_latest_only.py
[2021-06-11 06:08:51,613] {logging_mixin.py:104} INFO - [2021-06-11 06:08:51,613] {dag.py:1832} INFO - Sync 1 DAGs
[2021-06-11 06:08:51,629] {logging_mixin.py:104} INFO - [2021-06-11 06:08:51,629] {dag.py:2305} INFO - Setting next_dagrun for latest_only to 2021-06-09 00:00:00+00:00
[2021-06-11 06:08:51,639] {scheduler_job.py:190} INFO - Processing /home/airflow/.local/lib/python3.6/site-packages/airflow/example_dags/example_latest_only.py took 0.064 seconds
[2021-06-11 06:09:22,095] {scheduler_job.py:182} INFO - Started process (PID=4897) to work on /home/airflow/.local/lib/python3.6/site-packages/airflow/example_dags/example_latest_only.py
[2021-06-11 06:09:22,097] {scheduler_job.py:633} INFO - Processing file /home/airflow/.local/lib/python3.6/site-packages/airflow/example_dags/example_latest_only.py for tasks to queue
[2021-06-11 06:09:22,098] {logging_mixin.py:104} INFO - [2021-06-11 06:09:22,098] {dagbag.py:487} INFO - Filling up the DagBag from /home/airflow/.local/lib/python3.6/site-packages/airflow/example_dags/example_latest_only.py
[2021-06-11 06:09:22,111] {scheduler_job.py:643} INFO - DAG(s) dict_keys(['latest_only']) retrieved from /home/airflow/.local/lib/python3.6/site-packages/airflow/example_dags/example_latest_only.py
[2021-06-11 06:09:22,135] {logging_mixin.py:104} INFO - [2021-06-11 06:09:22,135] {dag.py:1832} INFO - Sync 1 DAGs
[2021-06-11 06:09:22,151] {logging_mixin.py:104} INFO - [2021-06-11 06:09:22,151] {dag.py:2305} INFO - Setting next_dagrun for latest_only to 2021-06-09 00:00:00+00:00
[2021-06-11 06:09:22,162] {scheduler_job.py:190} INFO - Processing /home/airflow/.local/lib/python3.6/site-packages/airflow/example_dags/example_latest_only.py took 0.071 seconds
