[2021-06-11 05:38:06,297] {scheduler_job.py:182} INFO - Started process (PID=117) to work on /home/airflow/.local/lib/python3.6/site-packages/airflow/example_dags/example_task_group_decorator.py
[2021-06-11 05:38:06,299] {scheduler_job.py:633} INFO - Processing file /home/airflow/.local/lib/python3.6/site-packages/airflow/example_dags/example_task_group_decorator.py for tasks to queue
[2021-06-11 05:38:06,300] {logging_mixin.py:104} INFO - [2021-06-11 05:38:06,300] {dagbag.py:487} INFO - Filling up the DagBag from /home/airflow/.local/lib/python3.6/site-packages/airflow/example_dags/example_task_group_decorator.py
[2021-06-11 05:38:06,325] {scheduler_job.py:643} INFO - DAG(s) dict_keys(['example_task_group_decorator']) retrieved from /home/airflow/.local/lib/python3.6/site-packages/airflow/example_dags/example_task_group_decorator.py
[2021-06-11 05:38:07,913] {logging_mixin.py:104} INFO - [2021-06-11 05:38:07,913] {dag.py:1832} INFO - Sync 1 DAGs
[2021-06-11 05:38:07,923] {logging_mixin.py:104} INFO - [2021-06-11 05:38:07,922] {dag.py:1851} INFO - Creating ORM DAG for example_task_group_decorator
[2021-06-11 05:38:07,927] {logging_mixin.py:104} INFO - [2021-06-11 05:38:07,927] {dag.py:2305} INFO - Setting next_dagrun for example_task_group_decorator to 2021-06-09 00:00:00+00:00
[2021-06-11 05:38:07,936] {scheduler_job.py:190} INFO - Processing /home/airflow/.local/lib/python3.6/site-packages/airflow/example_dags/example_task_group_decorator.py took 1.643 seconds
[2021-06-11 05:38:38,452] {scheduler_job.py:182} INFO - Started process (PID=206) to work on /home/airflow/.local/lib/python3.6/site-packages/airflow/example_dags/example_task_group_decorator.py
[2021-06-11 05:38:38,455] {scheduler_job.py:633} INFO - Processing file /home/airflow/.local/lib/python3.6/site-packages/airflow/example_dags/example_task_group_decorator.py for tasks to queue
[2021-06-11 05:38:38,456] {logging_mixin.py:104} INFO - [2021-06-11 05:38:38,456] {dagbag.py:487} INFO - Filling up the DagBag from /home/airflow/.local/lib/python3.6/site-packages/airflow/example_dags/example_task_group_decorator.py
[2021-06-11 05:38:38,485] {scheduler_job.py:643} INFO - DAG(s) dict_keys(['example_task_group_decorator']) retrieved from /home/airflow/.local/lib/python3.6/site-packages/airflow/example_dags/example_task_group_decorator.py
[2021-06-11 05:38:38,755] {logging_mixin.py:104} INFO - [2021-06-11 05:38:38,755] {dag.py:1832} INFO - Sync 1 DAGs
[2021-06-11 05:38:38,766] {logging_mixin.py:104} INFO - [2021-06-11 05:38:38,766] {dag.py:2305} INFO - Setting next_dagrun for example_task_group_decorator to 2021-06-09 00:00:00+00:00
[2021-06-11 05:38:38,777] {scheduler_job.py:190} INFO - Processing /home/airflow/.local/lib/python3.6/site-packages/airflow/example_dags/example_task_group_decorator.py took 0.329 seconds
[2021-06-11 05:39:09,019] {scheduler_job.py:182} INFO - Started process (PID=289) to work on /home/airflow/.local/lib/python3.6/site-packages/airflow/example_dags/example_task_group_decorator.py
[2021-06-11 05:39:09,021] {scheduler_job.py:633} INFO - Processing file /home/airflow/.local/lib/python3.6/site-packages/airflow/example_dags/example_task_group_decorator.py for tasks to queue
[2021-06-11 05:39:09,022] {logging_mixin.py:104} INFO - [2021-06-11 05:39:09,022] {dagbag.py:487} INFO - Filling up the DagBag from /home/airflow/.local/lib/python3.6/site-packages/airflow/example_dags/example_task_group_decorator.py
[2021-06-11 05:39:09,046] {scheduler_job.py:643} INFO - DAG(s) dict_keys(['example_task_group_decorator']) retrieved from /home/airflow/.local/lib/python3.6/site-packages/airflow/example_dags/example_task_group_decorator.py
[2021-06-11 05:39:09,327] {logging_mixin.py:104} INFO - [2021-06-11 05:39:09,327] {dag.py:1832} INFO - Sync 1 DAGs
[2021-06-11 05:39:09,341] {logging_mixin.py:104} INFO - [2021-06-11 05:39:09,341] {dag.py:2305} INFO - Setting next_dagrun for example_task_group_decorator to 2021-06-09 00:00:00+00:00
[2021-06-11 05:39:09,354] {scheduler_job.py:190} INFO - Processing /home/airflow/.local/lib/python3.6/site-packages/airflow/example_dags/example_task_group_decorator.py took 0.338 seconds
[2021-06-11 05:39:39,380] {scheduler_job.py:182} INFO - Started process (PID=358) to work on /home/airflow/.local/lib/python3.6/site-packages/airflow/example_dags/example_task_group_decorator.py
[2021-06-11 05:39:39,381] {scheduler_job.py:633} INFO - Processing file /home/airflow/.local/lib/python3.6/site-packages/airflow/example_dags/example_task_group_decorator.py for tasks to queue
[2021-06-11 05:39:39,382] {logging_mixin.py:104} INFO - [2021-06-11 05:39:39,382] {dagbag.py:487} INFO - Filling up the DagBag from /home/airflow/.local/lib/python3.6/site-packages/airflow/example_dags/example_task_group_decorator.py
[2021-06-11 05:39:39,411] {scheduler_job.py:643} INFO - DAG(s) dict_keys(['example_task_group_decorator']) retrieved from /home/airflow/.local/lib/python3.6/site-packages/airflow/example_dags/example_task_group_decorator.py
[2021-06-11 05:39:39,669] {logging_mixin.py:104} INFO - [2021-06-11 05:39:39,669] {dag.py:1832} INFO - Sync 1 DAGs
[2021-06-11 05:39:39,679] {logging_mixin.py:104} INFO - [2021-06-11 05:39:39,679] {dag.py:2305} INFO - Setting next_dagrun for example_task_group_decorator to 2021-06-09 00:00:00+00:00
[2021-06-11 05:39:39,689] {scheduler_job.py:190} INFO - Processing /home/airflow/.local/lib/python3.6/site-packages/airflow/example_dags/example_task_group_decorator.py took 0.313 seconds
[2021-06-11 05:40:10,068] {scheduler_job.py:182} INFO - Started process (PID=442) to work on /home/airflow/.local/lib/python3.6/site-packages/airflow/example_dags/example_task_group_decorator.py
[2021-06-11 05:40:10,070] {scheduler_job.py:633} INFO - Processing file /home/airflow/.local/lib/python3.6/site-packages/airflow/example_dags/example_task_group_decorator.py for tasks to queue
[2021-06-11 05:40:10,072] {logging_mixin.py:104} INFO - [2021-06-11 05:40:10,072] {dagbag.py:487} INFO - Filling up the DagBag from /home/airflow/.local/lib/python3.6/site-packages/airflow/example_dags/example_task_group_decorator.py
[2021-06-11 05:40:10,097] {scheduler_job.py:643} INFO - DAG(s) dict_keys(['example_task_group_decorator']) retrieved from /home/airflow/.local/lib/python3.6/site-packages/airflow/example_dags/example_task_group_decorator.py
[2021-06-11 05:40:10,341] {logging_mixin.py:104} INFO - [2021-06-11 05:40:10,341] {dag.py:1832} INFO - Sync 1 DAGs
[2021-06-11 05:40:10,351] {logging_mixin.py:104} INFO - [2021-06-11 05:40:10,351] {dag.py:2305} INFO - Setting next_dagrun for example_task_group_decorator to 2021-06-09 00:00:00+00:00
[2021-06-11 05:40:10,363] {scheduler_job.py:190} INFO - Processing /home/airflow/.local/lib/python3.6/site-packages/airflow/example_dags/example_task_group_decorator.py took 0.298 seconds
[2021-06-11 05:40:41,407] {scheduler_job.py:182} INFO - Started process (PID=525) to work on /home/airflow/.local/lib/python3.6/site-packages/airflow/example_dags/example_task_group_decorator.py
[2021-06-11 05:40:41,408] {scheduler_job.py:633} INFO - Processing file /home/airflow/.local/lib/python3.6/site-packages/airflow/example_dags/example_task_group_decorator.py for tasks to queue
[2021-06-11 05:40:41,410] {logging_mixin.py:104} INFO - [2021-06-11 05:40:41,410] {dagbag.py:487} INFO - Filling up the DagBag from /home/airflow/.local/lib/python3.6/site-packages/airflow/example_dags/example_task_group_decorator.py
[2021-06-11 05:40:41,437] {scheduler_job.py:643} INFO - DAG(s) dict_keys(['example_task_group_decorator']) retrieved from /home/airflow/.local/lib/python3.6/site-packages/airflow/example_dags/example_task_group_decorator.py
[2021-06-11 05:40:41,687] {logging_mixin.py:104} INFO - [2021-06-11 05:40:41,686] {dag.py:1832} INFO - Sync 1 DAGs
[2021-06-11 05:40:41,697] {logging_mixin.py:104} INFO - [2021-06-11 05:40:41,697] {dag.py:2305} INFO - Setting next_dagrun for example_task_group_decorator to 2021-06-09 00:00:00+00:00
[2021-06-11 05:40:41,707] {scheduler_job.py:190} INFO - Processing /home/airflow/.local/lib/python3.6/site-packages/airflow/example_dags/example_task_group_decorator.py took 0.304 seconds
[2021-06-11 05:41:11,840] {scheduler_job.py:182} INFO - Started process (PID=591) to work on /home/airflow/.local/lib/python3.6/site-packages/airflow/example_dags/example_task_group_decorator.py
[2021-06-11 05:41:11,842] {scheduler_job.py:633} INFO - Processing file /home/airflow/.local/lib/python3.6/site-packages/airflow/example_dags/example_task_group_decorator.py for tasks to queue
[2021-06-11 05:41:11,843] {logging_mixin.py:104} INFO - [2021-06-11 05:41:11,843] {dagbag.py:487} INFO - Filling up the DagBag from /home/airflow/.local/lib/python3.6/site-packages/airflow/example_dags/example_task_group_decorator.py
[2021-06-11 05:41:11,871] {scheduler_job.py:643} INFO - DAG(s) dict_keys(['example_task_group_decorator']) retrieved from /home/airflow/.local/lib/python3.6/site-packages/airflow/example_dags/example_task_group_decorator.py
[2021-06-11 05:41:12,138] {logging_mixin.py:104} INFO - [2021-06-11 05:41:12,138] {dag.py:1832} INFO - Sync 1 DAGs
[2021-06-11 05:41:12,151] {logging_mixin.py:104} INFO - [2021-06-11 05:41:12,150] {dag.py:2305} INFO - Setting next_dagrun for example_task_group_decorator to 2021-06-09 00:00:00+00:00
[2021-06-11 05:41:12,162] {scheduler_job.py:190} INFO - Processing /home/airflow/.local/lib/python3.6/site-packages/airflow/example_dags/example_task_group_decorator.py took 0.327 seconds
[2021-06-11 05:41:42,260] {scheduler_job.py:182} INFO - Started process (PID=674) to work on /home/airflow/.local/lib/python3.6/site-packages/airflow/example_dags/example_task_group_decorator.py
[2021-06-11 05:41:42,262] {scheduler_job.py:633} INFO - Processing file /home/airflow/.local/lib/python3.6/site-packages/airflow/example_dags/example_task_group_decorator.py for tasks to queue
[2021-06-11 05:41:42,263] {logging_mixin.py:104} INFO - [2021-06-11 05:41:42,263] {dagbag.py:487} INFO - Filling up the DagBag from /home/airflow/.local/lib/python3.6/site-packages/airflow/example_dags/example_task_group_decorator.py
[2021-06-11 05:41:42,289] {scheduler_job.py:643} INFO - DAG(s) dict_keys(['example_task_group_decorator']) retrieved from /home/airflow/.local/lib/python3.6/site-packages/airflow/example_dags/example_task_group_decorator.py
[2021-06-11 05:41:42,552] {logging_mixin.py:104} INFO - [2021-06-11 05:41:42,552] {dag.py:1832} INFO - Sync 1 DAGs
[2021-06-11 05:41:42,564] {logging_mixin.py:104} INFO - [2021-06-11 05:41:42,564] {dag.py:2305} INFO - Setting next_dagrun for example_task_group_decorator to 2021-06-09 00:00:00+00:00
[2021-06-11 05:41:42,575] {scheduler_job.py:190} INFO - Processing /home/airflow/.local/lib/python3.6/site-packages/airflow/example_dags/example_task_group_decorator.py took 0.319 seconds
[2021-06-11 05:42:12,839] {scheduler_job.py:182} INFO - Started process (PID=759) to work on /home/airflow/.local/lib/python3.6/site-packages/airflow/example_dags/example_task_group_decorator.py
[2021-06-11 05:42:12,841] {scheduler_job.py:633} INFO - Processing file /home/airflow/.local/lib/python3.6/site-packages/airflow/example_dags/example_task_group_decorator.py for tasks to queue
[2021-06-11 05:42:12,842] {logging_mixin.py:104} INFO - [2021-06-11 05:42:12,842] {dagbag.py:487} INFO - Filling up the DagBag from /home/airflow/.local/lib/python3.6/site-packages/airflow/example_dags/example_task_group_decorator.py
[2021-06-11 05:42:12,868] {scheduler_job.py:643} INFO - DAG(s) dict_keys(['example_task_group_decorator']) retrieved from /home/airflow/.local/lib/python3.6/site-packages/airflow/example_dags/example_task_group_decorator.py
[2021-06-11 05:42:13,130] {logging_mixin.py:104} INFO - [2021-06-11 05:42:13,130] {dag.py:1832} INFO - Sync 1 DAGs
[2021-06-11 05:42:13,141] {logging_mixin.py:104} INFO - [2021-06-11 05:42:13,141] {dag.py:2305} INFO - Setting next_dagrun for example_task_group_decorator to 2021-06-09 00:00:00+00:00
[2021-06-11 05:42:13,152] {scheduler_job.py:190} INFO - Processing /home/airflow/.local/lib/python3.6/site-packages/airflow/example_dags/example_task_group_decorator.py took 0.317 seconds
[2021-06-11 05:42:43,763] {scheduler_job.py:182} INFO - Started process (PID=826) to work on /home/airflow/.local/lib/python3.6/site-packages/airflow/example_dags/example_task_group_decorator.py
[2021-06-11 05:42:43,764] {scheduler_job.py:633} INFO - Processing file /home/airflow/.local/lib/python3.6/site-packages/airflow/example_dags/example_task_group_decorator.py for tasks to queue
[2021-06-11 05:42:43,765] {logging_mixin.py:104} INFO - [2021-06-11 05:42:43,765] {dagbag.py:487} INFO - Filling up the DagBag from /home/airflow/.local/lib/python3.6/site-packages/airflow/example_dags/example_task_group_decorator.py
[2021-06-11 05:42:43,793] {scheduler_job.py:643} INFO - DAG(s) dict_keys(['example_task_group_decorator']) retrieved from /home/airflow/.local/lib/python3.6/site-packages/airflow/example_dags/example_task_group_decorator.py
[2021-06-11 05:42:44,073] {logging_mixin.py:104} INFO - [2021-06-11 05:42:44,073] {dag.py:1832} INFO - Sync 1 DAGs
[2021-06-11 05:42:44,084] {logging_mixin.py:104} INFO - [2021-06-11 05:42:44,084] {dag.py:2305} INFO - Setting next_dagrun for example_task_group_decorator to 2021-06-09 00:00:00+00:00
[2021-06-11 05:42:44,096] {scheduler_job.py:190} INFO - Processing /home/airflow/.local/lib/python3.6/site-packages/airflow/example_dags/example_task_group_decorator.py took 0.337 seconds
[2021-06-11 05:43:14,935] {scheduler_job.py:182} INFO - Started process (PID=911) to work on /home/airflow/.local/lib/python3.6/site-packages/airflow/example_dags/example_task_group_decorator.py
[2021-06-11 05:43:14,936] {scheduler_job.py:633} INFO - Processing file /home/airflow/.local/lib/python3.6/site-packages/airflow/example_dags/example_task_group_decorator.py for tasks to queue
[2021-06-11 05:43:14,938] {logging_mixin.py:104} INFO - [2021-06-11 05:43:14,938] {dagbag.py:487} INFO - Filling up the DagBag from /home/airflow/.local/lib/python3.6/site-packages/airflow/example_dags/example_task_group_decorator.py
[2021-06-11 05:43:14,964] {scheduler_job.py:643} INFO - DAG(s) dict_keys(['example_task_group_decorator']) retrieved from /home/airflow/.local/lib/python3.6/site-packages/airflow/example_dags/example_task_group_decorator.py
[2021-06-11 05:43:15,214] {logging_mixin.py:104} INFO - [2021-06-11 05:43:15,214] {dag.py:1832} INFO - Sync 1 DAGs
[2021-06-11 05:43:15,225] {logging_mixin.py:104} INFO - [2021-06-11 05:43:15,225] {dag.py:2305} INFO - Setting next_dagrun for example_task_group_decorator to 2021-06-09 00:00:00+00:00
[2021-06-11 05:43:15,236] {scheduler_job.py:190} INFO - Processing /home/airflow/.local/lib/python3.6/site-packages/airflow/example_dags/example_task_group_decorator.py took 0.305 seconds
[2021-06-11 05:43:45,759] {scheduler_job.py:182} INFO - Started process (PID=994) to work on /home/airflow/.local/lib/python3.6/site-packages/airflow/example_dags/example_task_group_decorator.py
[2021-06-11 05:43:45,761] {scheduler_job.py:633} INFO - Processing file /home/airflow/.local/lib/python3.6/site-packages/airflow/example_dags/example_task_group_decorator.py for tasks to queue
[2021-06-11 05:43:45,762] {logging_mixin.py:104} INFO - [2021-06-11 05:43:45,762] {dagbag.py:487} INFO - Filling up the DagBag from /home/airflow/.local/lib/python3.6/site-packages/airflow/example_dags/example_task_group_decorator.py
[2021-06-11 05:43:45,787] {scheduler_job.py:643} INFO - DAG(s) dict_keys(['example_task_group_decorator']) retrieved from /home/airflow/.local/lib/python3.6/site-packages/airflow/example_dags/example_task_group_decorator.py
[2021-06-11 05:43:46,055] {logging_mixin.py:104} INFO - [2021-06-11 05:43:46,055] {dag.py:1832} INFO - Sync 1 DAGs
[2021-06-11 05:43:46,066] {logging_mixin.py:104} INFO - [2021-06-11 05:43:46,066] {dag.py:2305} INFO - Setting next_dagrun for example_task_group_decorator to 2021-06-09 00:00:00+00:00
[2021-06-11 05:43:46,077] {scheduler_job.py:190} INFO - Processing /home/airflow/.local/lib/python3.6/site-packages/airflow/example_dags/example_task_group_decorator.py took 0.322 seconds
[2021-06-11 05:44:16,393] {scheduler_job.py:182} INFO - Started process (PID=1060) to work on /home/airflow/.local/lib/python3.6/site-packages/airflow/example_dags/example_task_group_decorator.py
[2021-06-11 05:44:16,395] {scheduler_job.py:633} INFO - Processing file /home/airflow/.local/lib/python3.6/site-packages/airflow/example_dags/example_task_group_decorator.py for tasks to queue
[2021-06-11 05:44:16,396] {logging_mixin.py:104} INFO - [2021-06-11 05:44:16,396] {dagbag.py:487} INFO - Filling up the DagBag from /home/airflow/.local/lib/python3.6/site-packages/airflow/example_dags/example_task_group_decorator.py
[2021-06-11 05:44:16,424] {scheduler_job.py:643} INFO - DAG(s) dict_keys(['example_task_group_decorator']) retrieved from /home/airflow/.local/lib/python3.6/site-packages/airflow/example_dags/example_task_group_decorator.py
[2021-06-11 05:44:16,664] {logging_mixin.py:104} INFO - [2021-06-11 05:44:16,663] {dag.py:1832} INFO - Sync 1 DAGs
[2021-06-11 05:44:16,674] {logging_mixin.py:104} INFO - [2021-06-11 05:44:16,674] {dag.py:2305} INFO - Setting next_dagrun for example_task_group_decorator to 2021-06-09 00:00:00+00:00
[2021-06-11 05:44:16,684] {scheduler_job.py:190} INFO - Processing /home/airflow/.local/lib/python3.6/site-packages/airflow/example_dags/example_task_group_decorator.py took 0.296 seconds
[2021-06-11 05:44:47,293] {scheduler_job.py:182} INFO - Started process (PID=1142) to work on /home/airflow/.local/lib/python3.6/site-packages/airflow/example_dags/example_task_group_decorator.py
[2021-06-11 05:44:47,295] {scheduler_job.py:633} INFO - Processing file /home/airflow/.local/lib/python3.6/site-packages/airflow/example_dags/example_task_group_decorator.py for tasks to queue
[2021-06-11 05:44:47,297] {logging_mixin.py:104} INFO - [2021-06-11 05:44:47,296] {dagbag.py:487} INFO - Filling up the DagBag from /home/airflow/.local/lib/python3.6/site-packages/airflow/example_dags/example_task_group_decorator.py
[2021-06-11 05:44:47,322] {scheduler_job.py:643} INFO - DAG(s) dict_keys(['example_task_group_decorator']) retrieved from /home/airflow/.local/lib/python3.6/site-packages/airflow/example_dags/example_task_group_decorator.py
[2021-06-11 05:44:47,600] {logging_mixin.py:104} INFO - [2021-06-11 05:44:47,599] {dag.py:1832} INFO - Sync 1 DAGs
[2021-06-11 05:44:47,611] {logging_mixin.py:104} INFO - [2021-06-11 05:44:47,611] {dag.py:2305} INFO - Setting next_dagrun for example_task_group_decorator to 2021-06-09 00:00:00+00:00
[2021-06-11 05:44:47,625] {scheduler_job.py:190} INFO - Processing /home/airflow/.local/lib/python3.6/site-packages/airflow/example_dags/example_task_group_decorator.py took 0.335 seconds
[2021-06-11 05:45:18,024] {scheduler_job.py:182} INFO - Started process (PID=1228) to work on /home/airflow/.local/lib/python3.6/site-packages/airflow/example_dags/example_task_group_decorator.py
[2021-06-11 05:45:18,025] {scheduler_job.py:633} INFO - Processing file /home/airflow/.local/lib/python3.6/site-packages/airflow/example_dags/example_task_group_decorator.py for tasks to queue
[2021-06-11 05:45:18,027] {logging_mixin.py:104} INFO - [2021-06-11 05:45:18,027] {dagbag.py:487} INFO - Filling up the DagBag from /home/airflow/.local/lib/python3.6/site-packages/airflow/example_dags/example_task_group_decorator.py
[2021-06-11 05:45:18,057] {scheduler_job.py:643} INFO - DAG(s) dict_keys(['example_task_group_decorator']) retrieved from /home/airflow/.local/lib/python3.6/site-packages/airflow/example_dags/example_task_group_decorator.py
[2021-06-11 05:45:18,354] {logging_mixin.py:104} INFO - [2021-06-11 05:45:18,354] {dag.py:1832} INFO - Sync 1 DAGs
[2021-06-11 05:45:18,367] {logging_mixin.py:104} INFO - [2021-06-11 05:45:18,367] {dag.py:2305} INFO - Setting next_dagrun for example_task_group_decorator to 2021-06-09 00:00:00+00:00
[2021-06-11 05:45:18,381] {scheduler_job.py:190} INFO - Processing /home/airflow/.local/lib/python3.6/site-packages/airflow/example_dags/example_task_group_decorator.py took 0.362 seconds
[2021-06-11 05:45:48,904] {scheduler_job.py:182} INFO - Started process (PID=1294) to work on /home/airflow/.local/lib/python3.6/site-packages/airflow/example_dags/example_task_group_decorator.py
[2021-06-11 05:45:48,906] {scheduler_job.py:633} INFO - Processing file /home/airflow/.local/lib/python3.6/site-packages/airflow/example_dags/example_task_group_decorator.py for tasks to queue
[2021-06-11 05:45:48,907] {logging_mixin.py:104} INFO - [2021-06-11 05:45:48,907] {dagbag.py:487} INFO - Filling up the DagBag from /home/airflow/.local/lib/python3.6/site-packages/airflow/example_dags/example_task_group_decorator.py
[2021-06-11 05:45:48,933] {scheduler_job.py:643} INFO - DAG(s) dict_keys(['example_task_group_decorator']) retrieved from /home/airflow/.local/lib/python3.6/site-packages/airflow/example_dags/example_task_group_decorator.py
[2021-06-11 05:45:49,199] {logging_mixin.py:104} INFO - [2021-06-11 05:45:49,199] {dag.py:1832} INFO - Sync 1 DAGs
[2021-06-11 05:45:49,210] {logging_mixin.py:104} INFO - [2021-06-11 05:45:49,210] {dag.py:2305} INFO - Setting next_dagrun for example_task_group_decorator to 2021-06-09 00:00:00+00:00
[2021-06-11 05:45:49,224] {scheduler_job.py:190} INFO - Processing /home/airflow/.local/lib/python3.6/site-packages/airflow/example_dags/example_task_group_decorator.py took 0.323 seconds
[2021-06-11 05:46:19,872] {scheduler_job.py:182} INFO - Started process (PID=1377) to work on /home/airflow/.local/lib/python3.6/site-packages/airflow/example_dags/example_task_group_decorator.py
[2021-06-11 05:46:19,874] {scheduler_job.py:633} INFO - Processing file /home/airflow/.local/lib/python3.6/site-packages/airflow/example_dags/example_task_group_decorator.py for tasks to queue
[2021-06-11 05:46:19,875] {logging_mixin.py:104} INFO - [2021-06-11 05:46:19,875] {dagbag.py:487} INFO - Filling up the DagBag from /home/airflow/.local/lib/python3.6/site-packages/airflow/example_dags/example_task_group_decorator.py
[2021-06-11 05:46:19,904] {scheduler_job.py:643} INFO - DAG(s) dict_keys(['example_task_group_decorator']) retrieved from /home/airflow/.local/lib/python3.6/site-packages/airflow/example_dags/example_task_group_decorator.py
[2021-06-11 05:46:20,194] {logging_mixin.py:104} INFO - [2021-06-11 05:46:20,194] {dag.py:1832} INFO - Sync 1 DAGs
[2021-06-11 05:46:20,207] {logging_mixin.py:104} INFO - [2021-06-11 05:46:20,206] {dag.py:2305} INFO - Setting next_dagrun for example_task_group_decorator to 2021-06-09 00:00:00+00:00
[2021-06-11 05:46:20,218] {scheduler_job.py:190} INFO - Processing /home/airflow/.local/lib/python3.6/site-packages/airflow/example_dags/example_task_group_decorator.py took 0.353 seconds
[2021-06-11 05:46:50,281] {scheduler_job.py:182} INFO - Started process (PID=1461) to work on /home/airflow/.local/lib/python3.6/site-packages/airflow/example_dags/example_task_group_decorator.py
[2021-06-11 05:46:50,282] {scheduler_job.py:633} INFO - Processing file /home/airflow/.local/lib/python3.6/site-packages/airflow/example_dags/example_task_group_decorator.py for tasks to queue
[2021-06-11 05:46:50,284] {logging_mixin.py:104} INFO - [2021-06-11 05:46:50,284] {dagbag.py:487} INFO - Filling up the DagBag from /home/airflow/.local/lib/python3.6/site-packages/airflow/example_dags/example_task_group_decorator.py
[2021-06-11 05:46:50,317] {scheduler_job.py:643} INFO - DAG(s) dict_keys(['example_task_group_decorator']) retrieved from /home/airflow/.local/lib/python3.6/site-packages/airflow/example_dags/example_task_group_decorator.py
[2021-06-11 05:46:50,608] {logging_mixin.py:104} INFO - [2021-06-11 05:46:50,608] {dag.py:1832} INFO - Sync 1 DAGs
[2021-06-11 05:46:50,620] {logging_mixin.py:104} INFO - [2021-06-11 05:46:50,620] {dag.py:2305} INFO - Setting next_dagrun for example_task_group_decorator to 2021-06-09 00:00:00+00:00
[2021-06-11 05:46:50,634] {scheduler_job.py:190} INFO - Processing /home/airflow/.local/lib/python3.6/site-packages/airflow/example_dags/example_task_group_decorator.py took 0.358 seconds
[2021-06-11 05:47:20,723] {scheduler_job.py:182} INFO - Started process (PID=1527) to work on /home/airflow/.local/lib/python3.6/site-packages/airflow/example_dags/example_task_group_decorator.py
[2021-06-11 05:47:20,724] {scheduler_job.py:633} INFO - Processing file /home/airflow/.local/lib/python3.6/site-packages/airflow/example_dags/example_task_group_decorator.py for tasks to queue
[2021-06-11 05:47:20,726] {logging_mixin.py:104} INFO - [2021-06-11 05:47:20,726] {dagbag.py:487} INFO - Filling up the DagBag from /home/airflow/.local/lib/python3.6/site-packages/airflow/example_dags/example_task_group_decorator.py
[2021-06-11 05:47:20,752] {scheduler_job.py:643} INFO - DAG(s) dict_keys(['example_task_group_decorator']) retrieved from /home/airflow/.local/lib/python3.6/site-packages/airflow/example_dags/example_task_group_decorator.py
[2021-06-11 05:47:21,016] {logging_mixin.py:104} INFO - [2021-06-11 05:47:21,016] {dag.py:1832} INFO - Sync 1 DAGs
[2021-06-11 05:47:21,027] {logging_mixin.py:104} INFO - [2021-06-11 05:47:21,027] {dag.py:2305} INFO - Setting next_dagrun for example_task_group_decorator to 2021-06-09 00:00:00+00:00
[2021-06-11 05:47:21,038] {scheduler_job.py:190} INFO - Processing /home/airflow/.local/lib/python3.6/site-packages/airflow/example_dags/example_task_group_decorator.py took 0.320 seconds
[2021-06-11 05:47:51,988] {scheduler_job.py:182} INFO - Started process (PID=1612) to work on /home/airflow/.local/lib/python3.6/site-packages/airflow/example_dags/example_task_group_decorator.py
[2021-06-11 05:47:51,991] {scheduler_job.py:633} INFO - Processing file /home/airflow/.local/lib/python3.6/site-packages/airflow/example_dags/example_task_group_decorator.py for tasks to queue
[2021-06-11 05:47:51,992] {logging_mixin.py:104} INFO - [2021-06-11 05:47:51,992] {dagbag.py:487} INFO - Filling up the DagBag from /home/airflow/.local/lib/python3.6/site-packages/airflow/example_dags/example_task_group_decorator.py
[2021-06-11 05:47:52,024] {scheduler_job.py:643} INFO - DAG(s) dict_keys(['example_task_group_decorator']) retrieved from /home/airflow/.local/lib/python3.6/site-packages/airflow/example_dags/example_task_group_decorator.py
[2021-06-11 05:47:52,327] {logging_mixin.py:104} INFO - [2021-06-11 05:47:52,326] {dag.py:1832} INFO - Sync 1 DAGs
[2021-06-11 05:47:52,349] {logging_mixin.py:104} INFO - [2021-06-11 05:47:52,349] {dag.py:2305} INFO - Setting next_dagrun for example_task_group_decorator to 2021-06-09 00:00:00+00:00
[2021-06-11 05:47:52,370] {scheduler_job.py:190} INFO - Processing /home/airflow/.local/lib/python3.6/site-packages/airflow/example_dags/example_task_group_decorator.py took 0.387 seconds
[2021-06-11 05:48:22,490] {scheduler_job.py:182} INFO - Started process (PID=1692) to work on /home/airflow/.local/lib/python3.6/site-packages/airflow/example_dags/example_task_group_decorator.py
[2021-06-11 05:48:22,493] {scheduler_job.py:633} INFO - Processing file /home/airflow/.local/lib/python3.6/site-packages/airflow/example_dags/example_task_group_decorator.py for tasks to queue
[2021-06-11 05:48:22,495] {logging_mixin.py:104} INFO - [2021-06-11 05:48:22,495] {dagbag.py:487} INFO - Filling up the DagBag from /home/airflow/.local/lib/python3.6/site-packages/airflow/example_dags/example_task_group_decorator.py
[2021-06-11 05:48:22,530] {scheduler_job.py:643} INFO - DAG(s) dict_keys(['example_task_group_decorator']) retrieved from /home/airflow/.local/lib/python3.6/site-packages/airflow/example_dags/example_task_group_decorator.py
[2021-06-11 05:48:22,809] {logging_mixin.py:104} INFO - [2021-06-11 05:48:22,808] {dag.py:1832} INFO - Sync 1 DAGs
[2021-06-11 05:48:22,821] {logging_mixin.py:104} INFO - [2021-06-11 05:48:22,821] {dag.py:2305} INFO - Setting next_dagrun for example_task_group_decorator to 2021-06-09 00:00:00+00:00
[2021-06-11 05:48:22,798] {scheduler_job.py:190} INFO - Processing /home/airflow/.local/lib/python3.6/site-packages/airflow/example_dags/example_task_group_decorator.py took 0.347 seconds
[2021-06-11 05:48:53,112] {scheduler_job.py:182} INFO - Started process (PID=1764) to work on /home/airflow/.local/lib/python3.6/site-packages/airflow/example_dags/example_task_group_decorator.py
[2021-06-11 05:48:53,114] {scheduler_job.py:633} INFO - Processing file /home/airflow/.local/lib/python3.6/site-packages/airflow/example_dags/example_task_group_decorator.py for tasks to queue
[2021-06-11 05:48:53,115] {logging_mixin.py:104} INFO - [2021-06-11 05:48:53,115] {dagbag.py:487} INFO - Filling up the DagBag from /home/airflow/.local/lib/python3.6/site-packages/airflow/example_dags/example_task_group_decorator.py
[2021-06-11 05:48:53,143] {scheduler_job.py:643} INFO - DAG(s) dict_keys(['example_task_group_decorator']) retrieved from /home/airflow/.local/lib/python3.6/site-packages/airflow/example_dags/example_task_group_decorator.py
[2021-06-11 05:48:53,416] {logging_mixin.py:104} INFO - [2021-06-11 05:48:53,416] {dag.py:1832} INFO - Sync 1 DAGs
[2021-06-11 05:48:53,428] {logging_mixin.py:104} INFO - [2021-06-11 05:48:53,428] {dag.py:2305} INFO - Setting next_dagrun for example_task_group_decorator to 2021-06-09 00:00:00+00:00
[2021-06-11 05:48:53,441] {scheduler_job.py:190} INFO - Processing /home/airflow/.local/lib/python3.6/site-packages/airflow/example_dags/example_task_group_decorator.py took 0.332 seconds
[2021-06-11 05:49:23,567] {scheduler_job.py:182} INFO - Started process (PID=1847) to work on /home/airflow/.local/lib/python3.6/site-packages/airflow/example_dags/example_task_group_decorator.py
[2021-06-11 05:49:23,570] {scheduler_job.py:633} INFO - Processing file /home/airflow/.local/lib/python3.6/site-packages/airflow/example_dags/example_task_group_decorator.py for tasks to queue
[2021-06-11 05:49:23,573] {logging_mixin.py:104} INFO - [2021-06-11 05:49:23,572] {dagbag.py:487} INFO - Filling up the DagBag from /home/airflow/.local/lib/python3.6/site-packages/airflow/example_dags/example_task_group_decorator.py
[2021-06-11 05:49:23,611] {scheduler_job.py:643} INFO - DAG(s) dict_keys(['example_task_group_decorator']) retrieved from /home/airflow/.local/lib/python3.6/site-packages/airflow/example_dags/example_task_group_decorator.py
[2021-06-11 05:49:23,941] {logging_mixin.py:104} INFO - [2021-06-11 05:49:23,940] {dag.py:1832} INFO - Sync 1 DAGs
[2021-06-11 05:49:23,954] {logging_mixin.py:104} INFO - [2021-06-11 05:49:23,954] {dag.py:2305} INFO - Setting next_dagrun for example_task_group_decorator to 2021-06-09 00:00:00+00:00
[2021-06-11 05:49:23,966] {scheduler_job.py:190} INFO - Processing /home/airflow/.local/lib/python3.6/site-packages/airflow/example_dags/example_task_group_decorator.py took 0.403 seconds
[2021-06-11 05:49:54,567] {scheduler_job.py:182} INFO - Started process (PID=1912) to work on /home/airflow/.local/lib/python3.6/site-packages/airflow/example_dags/example_task_group_decorator.py
[2021-06-11 05:49:54,569] {scheduler_job.py:633} INFO - Processing file /home/airflow/.local/lib/python3.6/site-packages/airflow/example_dags/example_task_group_decorator.py for tasks to queue
[2021-06-11 05:49:54,570] {logging_mixin.py:104} INFO - [2021-06-11 05:49:54,570] {dagbag.py:487} INFO - Filling up the DagBag from /home/airflow/.local/lib/python3.6/site-packages/airflow/example_dags/example_task_group_decorator.py
[2021-06-11 05:49:54,595] {scheduler_job.py:643} INFO - DAG(s) dict_keys(['example_task_group_decorator']) retrieved from /home/airflow/.local/lib/python3.6/site-packages/airflow/example_dags/example_task_group_decorator.py
[2021-06-11 05:49:54,852] {logging_mixin.py:104} INFO - [2021-06-11 05:49:54,852] {dag.py:1832} INFO - Sync 1 DAGs
[2021-06-11 05:49:54,864] {logging_mixin.py:104} INFO - [2021-06-11 05:49:54,864] {dag.py:2305} INFO - Setting next_dagrun for example_task_group_decorator to 2021-06-09 00:00:00+00:00
[2021-06-11 05:49:54,875] {scheduler_job.py:190} INFO - Processing /home/airflow/.local/lib/python3.6/site-packages/airflow/example_dags/example_task_group_decorator.py took 0.311 seconds
[2021-06-11 05:50:24,955] {scheduler_job.py:182} INFO - Started process (PID=1997) to work on /home/airflow/.local/lib/python3.6/site-packages/airflow/example_dags/example_task_group_decorator.py
[2021-06-11 05:50:24,957] {scheduler_job.py:633} INFO - Processing file /home/airflow/.local/lib/python3.6/site-packages/airflow/example_dags/example_task_group_decorator.py for tasks to queue
[2021-06-11 05:50:24,958] {logging_mixin.py:104} INFO - [2021-06-11 05:50:24,958] {dagbag.py:487} INFO - Filling up the DagBag from /home/airflow/.local/lib/python3.6/site-packages/airflow/example_dags/example_task_group_decorator.py
[2021-06-11 05:50:24,984] {scheduler_job.py:643} INFO - DAG(s) dict_keys(['example_task_group_decorator']) retrieved from /home/airflow/.local/lib/python3.6/site-packages/airflow/example_dags/example_task_group_decorator.py
[2021-06-11 05:50:25,265] {logging_mixin.py:104} INFO - [2021-06-11 05:50:25,265] {dag.py:1832} INFO - Sync 1 DAGs
[2021-06-11 05:50:25,277] {logging_mixin.py:104} INFO - [2021-06-11 05:50:25,277] {dag.py:2305} INFO - Setting next_dagrun for example_task_group_decorator to 2021-06-09 00:00:00+00:00
[2021-06-11 05:50:25,291] {scheduler_job.py:190} INFO - Processing /home/airflow/.local/lib/python3.6/site-packages/airflow/example_dags/example_task_group_decorator.py took 0.341 seconds
[2021-06-11 05:50:56,040] {scheduler_job.py:182} INFO - Started process (PID=2081) to work on /home/airflow/.local/lib/python3.6/site-packages/airflow/example_dags/example_task_group_decorator.py
[2021-06-11 05:50:56,043] {scheduler_job.py:633} INFO - Processing file /home/airflow/.local/lib/python3.6/site-packages/airflow/example_dags/example_task_group_decorator.py for tasks to queue
[2021-06-11 05:50:56,044] {logging_mixin.py:104} INFO - [2021-06-11 05:50:56,044] {dagbag.py:487} INFO - Filling up the DagBag from /home/airflow/.local/lib/python3.6/site-packages/airflow/example_dags/example_task_group_decorator.py
[2021-06-11 05:50:56,071] {scheduler_job.py:643} INFO - DAG(s) dict_keys(['example_task_group_decorator']) retrieved from /home/airflow/.local/lib/python3.6/site-packages/airflow/example_dags/example_task_group_decorator.py
[2021-06-11 05:50:56,331] {logging_mixin.py:104} INFO - [2021-06-11 05:50:56,331] {dag.py:1832} INFO - Sync 1 DAGs
[2021-06-11 05:50:56,342] {logging_mixin.py:104} INFO - [2021-06-11 05:50:56,342] {dag.py:2305} INFO - Setting next_dagrun for example_task_group_decorator to 2021-06-09 00:00:00+00:00
[2021-06-11 05:50:56,351] {scheduler_job.py:190} INFO - Processing /home/airflow/.local/lib/python3.6/site-packages/airflow/example_dags/example_task_group_decorator.py took 0.315 seconds
[2021-06-11 05:51:27,273] {scheduler_job.py:182} INFO - Started process (PID=2148) to work on /home/airflow/.local/lib/python3.6/site-packages/airflow/example_dags/example_task_group_decorator.py
[2021-06-11 05:51:27,274] {scheduler_job.py:633} INFO - Processing file /home/airflow/.local/lib/python3.6/site-packages/airflow/example_dags/example_task_group_decorator.py for tasks to queue
[2021-06-11 05:51:27,276] {logging_mixin.py:104} INFO - [2021-06-11 05:51:27,276] {dagbag.py:487} INFO - Filling up the DagBag from /home/airflow/.local/lib/python3.6/site-packages/airflow/example_dags/example_task_group_decorator.py
[2021-06-11 05:51:27,305] {scheduler_job.py:643} INFO - DAG(s) dict_keys(['example_task_group_decorator']) retrieved from /home/airflow/.local/lib/python3.6/site-packages/airflow/example_dags/example_task_group_decorator.py
[2021-06-11 05:51:27,641] {logging_mixin.py:104} INFO - [2021-06-11 05:51:27,640] {dag.py:1832} INFO - Sync 1 DAGs
[2021-06-11 05:51:27,656] {logging_mixin.py:104} INFO - [2021-06-11 05:51:27,655] {dag.py:2305} INFO - Setting next_dagrun for example_task_group_decorator to 2021-06-09 00:00:00+00:00
[2021-06-11 05:51:27,672] {scheduler_job.py:190} INFO - Processing /home/airflow/.local/lib/python3.6/site-packages/airflow/example_dags/example_task_group_decorator.py took 0.403 seconds
[2021-06-11 05:51:57,843] {scheduler_job.py:182} INFO - Started process (PID=2236) to work on /home/airflow/.local/lib/python3.6/site-packages/airflow/example_dags/example_task_group_decorator.py
[2021-06-11 05:51:57,845] {scheduler_job.py:633} INFO - Processing file /home/airflow/.local/lib/python3.6/site-packages/airflow/example_dags/example_task_group_decorator.py for tasks to queue
[2021-06-11 05:51:57,846] {logging_mixin.py:104} INFO - [2021-06-11 05:51:57,846] {dagbag.py:487} INFO - Filling up the DagBag from /home/airflow/.local/lib/python3.6/site-packages/airflow/example_dags/example_task_group_decorator.py
[2021-06-11 05:51:57,872] {scheduler_job.py:643} INFO - DAG(s) dict_keys(['example_task_group_decorator']) retrieved from /home/airflow/.local/lib/python3.6/site-packages/airflow/example_dags/example_task_group_decorator.py
[2021-06-11 05:51:58,132] {logging_mixin.py:104} INFO - [2021-06-11 05:51:58,132] {dag.py:1832} INFO - Sync 1 DAGs
[2021-06-11 05:51:58,143] {logging_mixin.py:104} INFO - [2021-06-11 05:51:58,143] {dag.py:2305} INFO - Setting next_dagrun for example_task_group_decorator to 2021-06-09 00:00:00+00:00
[2021-06-11 05:51:58,154] {scheduler_job.py:190} INFO - Processing /home/airflow/.local/lib/python3.6/site-packages/airflow/example_dags/example_task_group_decorator.py took 0.314 seconds
[2021-06-11 05:52:29,125] {scheduler_job.py:182} INFO - Started process (PID=2322) to work on /home/airflow/.local/lib/python3.6/site-packages/airflow/example_dags/example_task_group_decorator.py
[2021-06-11 05:52:29,127] {scheduler_job.py:633} INFO - Processing file /home/airflow/.local/lib/python3.6/site-packages/airflow/example_dags/example_task_group_decorator.py for tasks to queue
[2021-06-11 05:52:29,129] {logging_mixin.py:104} INFO - [2021-06-11 05:52:29,129] {dagbag.py:487} INFO - Filling up the DagBag from /home/airflow/.local/lib/python3.6/site-packages/airflow/example_dags/example_task_group_decorator.py
[2021-06-11 05:52:29,157] {scheduler_job.py:643} INFO - DAG(s) dict_keys(['example_task_group_decorator']) retrieved from /home/airflow/.local/lib/python3.6/site-packages/airflow/example_dags/example_task_group_decorator.py
[2021-06-11 05:52:29,387] {logging_mixin.py:104} INFO - [2021-06-11 05:52:29,387] {dag.py:1832} INFO - Sync 1 DAGs
[2021-06-11 05:52:29,398] {logging_mixin.py:104} INFO - [2021-06-11 05:52:29,398] {dag.py:2305} INFO - Setting next_dagrun for example_task_group_decorator to 2021-06-09 00:00:00+00:00
[2021-06-11 05:52:29,408] {scheduler_job.py:190} INFO - Processing /home/airflow/.local/lib/python3.6/site-packages/airflow/example_dags/example_task_group_decorator.py took 0.287 seconds
[2021-06-11 05:52:59,679] {scheduler_job.py:182} INFO - Started process (PID=2388) to work on /home/airflow/.local/lib/python3.6/site-packages/airflow/example_dags/example_task_group_decorator.py
[2021-06-11 05:52:59,681] {scheduler_job.py:633} INFO - Processing file /home/airflow/.local/lib/python3.6/site-packages/airflow/example_dags/example_task_group_decorator.py for tasks to queue
[2021-06-11 05:52:59,684] {logging_mixin.py:104} INFO - [2021-06-11 05:52:59,684] {dagbag.py:487} INFO - Filling up the DagBag from /home/airflow/.local/lib/python3.6/site-packages/airflow/example_dags/example_task_group_decorator.py
[2021-06-11 05:52:59,720] {scheduler_job.py:643} INFO - DAG(s) dict_keys(['example_task_group_decorator']) retrieved from /home/airflow/.local/lib/python3.6/site-packages/airflow/example_dags/example_task_group_decorator.py
[2021-06-11 05:52:59,979] {logging_mixin.py:104} INFO - [2021-06-11 05:52:59,979] {dag.py:1832} INFO - Sync 1 DAGs
[2021-06-11 05:52:59,994] {logging_mixin.py:104} INFO - [2021-06-11 05:52:59,994] {dag.py:2305} INFO - Setting next_dagrun for example_task_group_decorator to 2021-06-09 00:00:00+00:00
[2021-06-11 05:53:00,006] {scheduler_job.py:190} INFO - Processing /home/airflow/.local/lib/python3.6/site-packages/airflow/example_dags/example_task_group_decorator.py took 0.331 seconds
[2021-06-11 05:53:30,203] {scheduler_job.py:182} INFO - Started process (PID=2472) to work on /home/airflow/.local/lib/python3.6/site-packages/airflow/example_dags/example_task_group_decorator.py
[2021-06-11 05:53:30,205] {scheduler_job.py:633} INFO - Processing file /home/airflow/.local/lib/python3.6/site-packages/airflow/example_dags/example_task_group_decorator.py for tasks to queue
[2021-06-11 05:53:30,206] {logging_mixin.py:104} INFO - [2021-06-11 05:53:30,206] {dagbag.py:487} INFO - Filling up the DagBag from /home/airflow/.local/lib/python3.6/site-packages/airflow/example_dags/example_task_group_decorator.py
[2021-06-11 05:53:30,229] {scheduler_job.py:643} INFO - DAG(s) dict_keys(['example_task_group_decorator']) retrieved from /home/airflow/.local/lib/python3.6/site-packages/airflow/example_dags/example_task_group_decorator.py
[2021-06-11 05:53:30,456] {logging_mixin.py:104} INFO - [2021-06-11 05:53:30,456] {dag.py:1832} INFO - Sync 1 DAGs
[2021-06-11 05:53:30,467] {logging_mixin.py:104} INFO - [2021-06-11 05:53:30,467] {dag.py:2305} INFO - Setting next_dagrun for example_task_group_decorator to 2021-06-09 00:00:00+00:00
[2021-06-11 05:53:30,476] {scheduler_job.py:190} INFO - Processing /home/airflow/.local/lib/python3.6/site-packages/airflow/example_dags/example_task_group_decorator.py took 0.276 seconds
[2021-06-11 05:54:00,820] {scheduler_job.py:182} INFO - Started process (PID=2556) to work on /home/airflow/.local/lib/python3.6/site-packages/airflow/example_dags/example_task_group_decorator.py
[2021-06-11 05:54:00,822] {scheduler_job.py:633} INFO - Processing file /home/airflow/.local/lib/python3.6/site-packages/airflow/example_dags/example_task_group_decorator.py for tasks to queue
[2021-06-11 05:54:00,823] {logging_mixin.py:104} INFO - [2021-06-11 05:54:00,823] {dagbag.py:487} INFO - Filling up the DagBag from /home/airflow/.local/lib/python3.6/site-packages/airflow/example_dags/example_task_group_decorator.py
[2021-06-11 05:54:00,846] {scheduler_job.py:643} INFO - DAG(s) dict_keys(['example_task_group_decorator']) retrieved from /home/airflow/.local/lib/python3.6/site-packages/airflow/example_dags/example_task_group_decorator.py
[2021-06-11 05:54:01,121] {logging_mixin.py:104} INFO - [2021-06-11 05:54:01,120] {dag.py:1832} INFO - Sync 1 DAGs
[2021-06-11 05:54:01,139] {logging_mixin.py:104} INFO - [2021-06-11 05:54:01,139] {dag.py:2305} INFO - Setting next_dagrun for example_task_group_decorator to 2021-06-09 00:00:00+00:00
[2021-06-11 05:54:01,153] {scheduler_job.py:190} INFO - Processing /home/airflow/.local/lib/python3.6/site-packages/airflow/example_dags/example_task_group_decorator.py took 0.337 seconds
[2021-06-11 05:54:31,463] {scheduler_job.py:182} INFO - Started process (PID=2623) to work on /home/airflow/.local/lib/python3.6/site-packages/airflow/example_dags/example_task_group_decorator.py
[2021-06-11 05:54:31,465] {scheduler_job.py:633} INFO - Processing file /home/airflow/.local/lib/python3.6/site-packages/airflow/example_dags/example_task_group_decorator.py for tasks to queue
[2021-06-11 05:54:31,466] {logging_mixin.py:104} INFO - [2021-06-11 05:54:31,466] {dagbag.py:487} INFO - Filling up the DagBag from /home/airflow/.local/lib/python3.6/site-packages/airflow/example_dags/example_task_group_decorator.py
[2021-06-11 05:54:31,495] {scheduler_job.py:643} INFO - DAG(s) dict_keys(['example_task_group_decorator']) retrieved from /home/airflow/.local/lib/python3.6/site-packages/airflow/example_dags/example_task_group_decorator.py
[2021-06-11 05:54:31,747] {logging_mixin.py:104} INFO - [2021-06-11 05:54:31,746] {dag.py:1832} INFO - Sync 1 DAGs
[2021-06-11 05:54:31,760] {logging_mixin.py:104} INFO - [2021-06-11 05:54:31,760] {dag.py:2305} INFO - Setting next_dagrun for example_task_group_decorator to 2021-06-09 00:00:00+00:00
[2021-06-11 05:54:31,770] {scheduler_job.py:190} INFO - Processing /home/airflow/.local/lib/python3.6/site-packages/airflow/example_dags/example_task_group_decorator.py took 0.311 seconds
[2021-06-11 05:55:02,226] {scheduler_job.py:182} INFO - Started process (PID=2707) to work on /home/airflow/.local/lib/python3.6/site-packages/airflow/example_dags/example_task_group_decorator.py
[2021-06-11 05:55:02,228] {scheduler_job.py:633} INFO - Processing file /home/airflow/.local/lib/python3.6/site-packages/airflow/example_dags/example_task_group_decorator.py for tasks to queue
[2021-06-11 05:55:02,230] {logging_mixin.py:104} INFO - [2021-06-11 05:55:02,229] {dagbag.py:487} INFO - Filling up the DagBag from /home/airflow/.local/lib/python3.6/site-packages/airflow/example_dags/example_task_group_decorator.py
[2021-06-11 05:55:02,253] {scheduler_job.py:643} INFO - DAG(s) dict_keys(['example_task_group_decorator']) retrieved from /home/airflow/.local/lib/python3.6/site-packages/airflow/example_dags/example_task_group_decorator.py
[2021-06-11 05:55:02,496] {logging_mixin.py:104} INFO - [2021-06-11 05:55:02,496] {dag.py:1832} INFO - Sync 1 DAGs
[2021-06-11 05:55:02,508] {logging_mixin.py:104} INFO - [2021-06-11 05:55:02,508] {dag.py:2305} INFO - Setting next_dagrun for example_task_group_decorator to 2021-06-09 00:00:00+00:00
[2021-06-11 05:55:02,518] {scheduler_job.py:190} INFO - Processing /home/airflow/.local/lib/python3.6/site-packages/airflow/example_dags/example_task_group_decorator.py took 0.296 seconds
[2021-06-11 05:55:32,849] {scheduler_job.py:182} INFO - Started process (PID=2790) to work on /home/airflow/.local/lib/python3.6/site-packages/airflow/example_dags/example_task_group_decorator.py
[2021-06-11 05:55:32,851] {scheduler_job.py:633} INFO - Processing file /home/airflow/.local/lib/python3.6/site-packages/airflow/example_dags/example_task_group_decorator.py for tasks to queue
[2021-06-11 05:55:32,853] {logging_mixin.py:104} INFO - [2021-06-11 05:55:32,852] {dagbag.py:487} INFO - Filling up the DagBag from /home/airflow/.local/lib/python3.6/site-packages/airflow/example_dags/example_task_group_decorator.py
[2021-06-11 05:55:32,878] {scheduler_job.py:643} INFO - DAG(s) dict_keys(['example_task_group_decorator']) retrieved from /home/airflow/.local/lib/python3.6/site-packages/airflow/example_dags/example_task_group_decorator.py
[2021-06-11 05:55:33,117] {logging_mixin.py:104} INFO - [2021-06-11 05:55:33,117] {dag.py:1832} INFO - Sync 1 DAGs
[2021-06-11 05:55:33,129] {logging_mixin.py:104} INFO - [2021-06-11 05:55:33,129] {dag.py:2305} INFO - Setting next_dagrun for example_task_group_decorator to 2021-06-09 00:00:00+00:00
[2021-06-11 05:55:33,139] {scheduler_job.py:190} INFO - Processing /home/airflow/.local/lib/python3.6/site-packages/airflow/example_dags/example_task_group_decorator.py took 0.293 seconds
[2021-06-11 05:56:03,333] {scheduler_job.py:182} INFO - Started process (PID=2855) to work on /home/airflow/.local/lib/python3.6/site-packages/airflow/example_dags/example_task_group_decorator.py
[2021-06-11 05:56:03,335] {scheduler_job.py:633} INFO - Processing file /home/airflow/.local/lib/python3.6/site-packages/airflow/example_dags/example_task_group_decorator.py for tasks to queue
[2021-06-11 05:56:03,336] {logging_mixin.py:104} INFO - [2021-06-11 05:56:03,336] {dagbag.py:487} INFO - Filling up the DagBag from /home/airflow/.local/lib/python3.6/site-packages/airflow/example_dags/example_task_group_decorator.py
[2021-06-11 05:56:03,360] {scheduler_job.py:643} INFO - DAG(s) dict_keys(['example_task_group_decorator']) retrieved from /home/airflow/.local/lib/python3.6/site-packages/airflow/example_dags/example_task_group_decorator.py
[2021-06-11 05:56:03,619] {logging_mixin.py:104} INFO - [2021-06-11 05:56:03,619] {dag.py:1832} INFO - Sync 1 DAGs
[2021-06-11 05:56:03,630] {logging_mixin.py:104} INFO - [2021-06-11 05:56:03,630] {dag.py:2305} INFO - Setting next_dagrun for example_task_group_decorator to 2021-06-09 00:00:00+00:00
[2021-06-11 05:56:03,640] {scheduler_job.py:190} INFO - Processing /home/airflow/.local/lib/python3.6/site-packages/airflow/example_dags/example_task_group_decorator.py took 0.312 seconds
[2021-06-11 05:56:33,779] {scheduler_job.py:182} INFO - Started process (PID=2941) to work on /home/airflow/.local/lib/python3.6/site-packages/airflow/example_dags/example_task_group_decorator.py
[2021-06-11 05:56:33,780] {scheduler_job.py:633} INFO - Processing file /home/airflow/.local/lib/python3.6/site-packages/airflow/example_dags/example_task_group_decorator.py for tasks to queue
[2021-06-11 05:56:33,782] {logging_mixin.py:104} INFO - [2021-06-11 05:56:33,781] {dagbag.py:487} INFO - Filling up the DagBag from /home/airflow/.local/lib/python3.6/site-packages/airflow/example_dags/example_task_group_decorator.py
[2021-06-11 05:56:33,806] {scheduler_job.py:643} INFO - DAG(s) dict_keys(['example_task_group_decorator']) retrieved from /home/airflow/.local/lib/python3.6/site-packages/airflow/example_dags/example_task_group_decorator.py
[2021-06-11 05:56:34,048] {logging_mixin.py:104} INFO - [2021-06-11 05:56:34,048] {dag.py:1832} INFO - Sync 1 DAGs
[2021-06-11 05:56:34,060] {logging_mixin.py:104} INFO - [2021-06-11 05:56:34,060] {dag.py:2305} INFO - Setting next_dagrun for example_task_group_decorator to 2021-06-09 00:00:00+00:00
[2021-06-11 05:56:34,074] {scheduler_job.py:190} INFO - Processing /home/airflow/.local/lib/python3.6/site-packages/airflow/example_dags/example_task_group_decorator.py took 0.299 seconds
[2021-06-11 05:57:04,535] {scheduler_job.py:182} INFO - Started process (PID=3026) to work on /home/airflow/.local/lib/python3.6/site-packages/airflow/example_dags/example_task_group_decorator.py
[2021-06-11 05:57:04,537] {scheduler_job.py:633} INFO - Processing file /home/airflow/.local/lib/python3.6/site-packages/airflow/example_dags/example_task_group_decorator.py for tasks to queue
[2021-06-11 05:57:04,539] {logging_mixin.py:104} INFO - [2021-06-11 05:57:04,538] {dagbag.py:487} INFO - Filling up the DagBag from /home/airflow/.local/lib/python3.6/site-packages/airflow/example_dags/example_task_group_decorator.py
[2021-06-11 05:57:04,565] {scheduler_job.py:643} INFO - DAG(s) dict_keys(['example_task_group_decorator']) retrieved from /home/airflow/.local/lib/python3.6/site-packages/airflow/example_dags/example_task_group_decorator.py
[2021-06-11 05:57:04,834] {logging_mixin.py:104} INFO - [2021-06-11 05:57:04,834] {dag.py:1832} INFO - Sync 1 DAGs
[2021-06-11 05:57:04,849] {logging_mixin.py:104} INFO - [2021-06-11 05:57:04,849] {dag.py:2305} INFO - Setting next_dagrun for example_task_group_decorator to 2021-06-09 00:00:00+00:00
[2021-06-11 05:57:04,863] {scheduler_job.py:190} INFO - Processing /home/airflow/.local/lib/python3.6/site-packages/airflow/example_dags/example_task_group_decorator.py took 0.331 seconds
[2021-06-11 05:57:35,922] {scheduler_job.py:182} INFO - Started process (PID=3102) to work on /home/airflow/.local/lib/python3.6/site-packages/airflow/example_dags/example_task_group_decorator.py
[2021-06-11 05:57:35,924] {scheduler_job.py:633} INFO - Processing file /home/airflow/.local/lib/python3.6/site-packages/airflow/example_dags/example_task_group_decorator.py for tasks to queue
[2021-06-11 05:57:35,925] {logging_mixin.py:104} INFO - [2021-06-11 05:57:35,925] {dagbag.py:487} INFO - Filling up the DagBag from /home/airflow/.local/lib/python3.6/site-packages/airflow/example_dags/example_task_group_decorator.py
[2021-06-11 05:57:35,949] {scheduler_job.py:643} INFO - DAG(s) dict_keys(['example_task_group_decorator']) retrieved from /home/airflow/.local/lib/python3.6/site-packages/airflow/example_dags/example_task_group_decorator.py
[2021-06-11 05:57:36,202] {logging_mixin.py:104} INFO - [2021-06-11 05:57:36,202] {dag.py:1832} INFO - Sync 1 DAGs
[2021-06-11 05:57:36,213] {logging_mixin.py:104} INFO - [2021-06-11 05:57:36,213] {dag.py:2305} INFO - Setting next_dagrun for example_task_group_decorator to 2021-06-09 00:00:00+00:00
[2021-06-11 05:57:36,223] {scheduler_job.py:190} INFO - Processing /home/airflow/.local/lib/python3.6/site-packages/airflow/example_dags/example_task_group_decorator.py took 0.305 seconds
[2021-06-11 05:58:07,196] {scheduler_job.py:182} INFO - Started process (PID=3177) to work on /home/airflow/.local/lib/python3.6/site-packages/airflow/example_dags/example_task_group_decorator.py
[2021-06-11 05:58:07,198] {scheduler_job.py:633} INFO - Processing file /home/airflow/.local/lib/python3.6/site-packages/airflow/example_dags/example_task_group_decorator.py for tasks to queue
[2021-06-11 05:58:07,199] {logging_mixin.py:104} INFO - [2021-06-11 05:58:07,199] {dagbag.py:487} INFO - Filling up the DagBag from /home/airflow/.local/lib/python3.6/site-packages/airflow/example_dags/example_task_group_decorator.py
[2021-06-11 05:58:07,227] {scheduler_job.py:643} INFO - DAG(s) dict_keys(['example_task_group_decorator']) retrieved from /home/airflow/.local/lib/python3.6/site-packages/airflow/example_dags/example_task_group_decorator.py
[2021-06-11 05:58:07,454] {logging_mixin.py:104} INFO - [2021-06-11 05:58:07,454] {dag.py:1832} INFO - Sync 1 DAGs
[2021-06-11 05:58:07,464] {logging_mixin.py:104} INFO - [2021-06-11 05:58:07,464] {dag.py:2305} INFO - Setting next_dagrun for example_task_group_decorator to 2021-06-09 00:00:00+00:00
[2021-06-11 05:58:07,473] {scheduler_job.py:190} INFO - Processing /home/airflow/.local/lib/python3.6/site-packages/airflow/example_dags/example_task_group_decorator.py took 0.281 seconds
[2021-06-11 05:58:38,304] {scheduler_job.py:182} INFO - Started process (PID=3261) to work on /home/airflow/.local/lib/python3.6/site-packages/airflow/example_dags/example_task_group_decorator.py
[2021-06-11 05:58:38,305] {scheduler_job.py:633} INFO - Processing file /home/airflow/.local/lib/python3.6/site-packages/airflow/example_dags/example_task_group_decorator.py for tasks to queue
[2021-06-11 05:58:38,307] {logging_mixin.py:104} INFO - [2021-06-11 05:58:38,306] {dagbag.py:487} INFO - Filling up the DagBag from /home/airflow/.local/lib/python3.6/site-packages/airflow/example_dags/example_task_group_decorator.py
[2021-06-11 05:58:38,334] {scheduler_job.py:643} INFO - DAG(s) dict_keys(['example_task_group_decorator']) retrieved from /home/airflow/.local/lib/python3.6/site-packages/airflow/example_dags/example_task_group_decorator.py
[2021-06-11 05:58:38,563] {logging_mixin.py:104} INFO - [2021-06-11 05:58:38,563] {dag.py:1832} INFO - Sync 1 DAGs
[2021-06-11 05:58:38,573] {logging_mixin.py:104} INFO - [2021-06-11 05:58:38,573] {dag.py:2305} INFO - Setting next_dagrun for example_task_group_decorator to 2021-06-09 00:00:00+00:00
[2021-06-11 05:58:38,583] {scheduler_job.py:190} INFO - Processing /home/airflow/.local/lib/python3.6/site-packages/airflow/example_dags/example_task_group_decorator.py took 0.284 seconds
[2021-06-11 05:59:09,628] {scheduler_job.py:182} INFO - Started process (PID=3349) to work on /home/airflow/.local/lib/python3.6/site-packages/airflow/example_dags/example_task_group_decorator.py
[2021-06-11 05:59:09,629] {scheduler_job.py:633} INFO - Processing file /home/airflow/.local/lib/python3.6/site-packages/airflow/example_dags/example_task_group_decorator.py for tasks to queue
[2021-06-11 05:59:09,630] {logging_mixin.py:104} INFO - [2021-06-11 05:59:09,630] {dagbag.py:487} INFO - Filling up the DagBag from /home/airflow/.local/lib/python3.6/site-packages/airflow/example_dags/example_task_group_decorator.py
[2021-06-11 05:59:09,655] {scheduler_job.py:643} INFO - DAG(s) dict_keys(['example_task_group_decorator']) retrieved from /home/airflow/.local/lib/python3.6/site-packages/airflow/example_dags/example_task_group_decorator.py
[2021-06-11 05:59:09,906] {logging_mixin.py:104} INFO - [2021-06-11 05:59:09,906] {dag.py:1832} INFO - Sync 1 DAGs
[2021-06-11 05:59:09,918] {logging_mixin.py:104} INFO - [2021-06-11 05:59:09,917] {dag.py:2305} INFO - Setting next_dagrun for example_task_group_decorator to 2021-06-09 00:00:00+00:00
[2021-06-11 05:59:09,929] {scheduler_job.py:190} INFO - Processing /home/airflow/.local/lib/python3.6/site-packages/airflow/example_dags/example_task_group_decorator.py took 0.304 seconds
[2021-06-11 05:59:40,773] {scheduler_job.py:182} INFO - Started process (PID=3414) to work on /home/airflow/.local/lib/python3.6/site-packages/airflow/example_dags/example_task_group_decorator.py
[2021-06-11 05:59:40,775] {scheduler_job.py:633} INFO - Processing file /home/airflow/.local/lib/python3.6/site-packages/airflow/example_dags/example_task_group_decorator.py for tasks to queue
[2021-06-11 05:59:40,776] {logging_mixin.py:104} INFO - [2021-06-11 05:59:40,776] {dagbag.py:487} INFO - Filling up the DagBag from /home/airflow/.local/lib/python3.6/site-packages/airflow/example_dags/example_task_group_decorator.py
[2021-06-11 05:59:40,800] {scheduler_job.py:643} INFO - DAG(s) dict_keys(['example_task_group_decorator']) retrieved from /home/airflow/.local/lib/python3.6/site-packages/airflow/example_dags/example_task_group_decorator.py
[2021-06-11 05:59:41,036] {logging_mixin.py:104} INFO - [2021-06-11 05:59:41,036] {dag.py:1832} INFO - Sync 1 DAGs
[2021-06-11 05:59:41,046] {logging_mixin.py:104} INFO - [2021-06-11 05:59:41,046] {dag.py:2305} INFO - Setting next_dagrun for example_task_group_decorator to 2021-06-09 00:00:00+00:00
[2021-06-11 05:59:41,056] {scheduler_job.py:190} INFO - Processing /home/airflow/.local/lib/python3.6/site-packages/airflow/example_dags/example_task_group_decorator.py took 0.287 seconds
[2021-06-11 06:00:11,199] {scheduler_job.py:182} INFO - Started process (PID=3498) to work on /home/airflow/.local/lib/python3.6/site-packages/airflow/example_dags/example_task_group_decorator.py
[2021-06-11 06:00:11,201] {scheduler_job.py:633} INFO - Processing file /home/airflow/.local/lib/python3.6/site-packages/airflow/example_dags/example_task_group_decorator.py for tasks to queue
[2021-06-11 06:00:11,202] {logging_mixin.py:104} INFO - [2021-06-11 06:00:11,202] {dagbag.py:487} INFO - Filling up the DagBag from /home/airflow/.local/lib/python3.6/site-packages/airflow/example_dags/example_task_group_decorator.py
[2021-06-11 06:00:11,231] {scheduler_job.py:643} INFO - DAG(s) dict_keys(['example_task_group_decorator']) retrieved from /home/airflow/.local/lib/python3.6/site-packages/airflow/example_dags/example_task_group_decorator.py
[2021-06-11 06:00:11,525] {logging_mixin.py:104} INFO - [2021-06-11 06:00:11,525] {dag.py:1832} INFO - Sync 1 DAGs
[2021-06-11 06:00:11,543] {logging_mixin.py:104} INFO - [2021-06-11 06:00:11,543] {dag.py:2305} INFO - Setting next_dagrun for example_task_group_decorator to 2021-06-09 00:00:00+00:00
[2021-06-11 06:00:11,561] {scheduler_job.py:190} INFO - Processing /home/airflow/.local/lib/python3.6/site-packages/airflow/example_dags/example_task_group_decorator.py took 0.366 seconds
[2021-06-11 06:00:42,448] {scheduler_job.py:182} INFO - Started process (PID=3582) to work on /home/airflow/.local/lib/python3.6/site-packages/airflow/example_dags/example_task_group_decorator.py
[2021-06-11 06:00:42,450] {scheduler_job.py:633} INFO - Processing file /home/airflow/.local/lib/python3.6/site-packages/airflow/example_dags/example_task_group_decorator.py for tasks to queue
[2021-06-11 06:00:42,451] {logging_mixin.py:104} INFO - [2021-06-11 06:00:42,451] {dagbag.py:487} INFO - Filling up the DagBag from /home/airflow/.local/lib/python3.6/site-packages/airflow/example_dags/example_task_group_decorator.py
[2021-06-11 06:00:42,478] {scheduler_job.py:643} INFO - DAG(s) dict_keys(['example_task_group_decorator']) retrieved from /home/airflow/.local/lib/python3.6/site-packages/airflow/example_dags/example_task_group_decorator.py
[2021-06-11 06:00:42,744] {logging_mixin.py:104} INFO - [2021-06-11 06:00:42,744] {dag.py:1832} INFO - Sync 1 DAGs
[2021-06-11 06:00:42,755] {logging_mixin.py:104} INFO - [2021-06-11 06:00:42,755] {dag.py:2305} INFO - Setting next_dagrun for example_task_group_decorator to 2021-06-09 00:00:00+00:00
[2021-06-11 06:00:42,766] {scheduler_job.py:190} INFO - Processing /home/airflow/.local/lib/python3.6/site-packages/airflow/example_dags/example_task_group_decorator.py took 0.322 seconds
[2021-06-11 06:01:13,601] {scheduler_job.py:182} INFO - Started process (PID=3648) to work on /home/airflow/.local/lib/python3.6/site-packages/airflow/example_dags/example_task_group_decorator.py
[2021-06-11 06:01:13,603] {scheduler_job.py:633} INFO - Processing file /home/airflow/.local/lib/python3.6/site-packages/airflow/example_dags/example_task_group_decorator.py for tasks to queue
[2021-06-11 06:01:13,605] {logging_mixin.py:104} INFO - [2021-06-11 06:01:13,605] {dagbag.py:487} INFO - Filling up the DagBag from /home/airflow/.local/lib/python3.6/site-packages/airflow/example_dags/example_task_group_decorator.py
[2021-06-11 06:01:13,633] {scheduler_job.py:643} INFO - DAG(s) dict_keys(['example_task_group_decorator']) retrieved from /home/airflow/.local/lib/python3.6/site-packages/airflow/example_dags/example_task_group_decorator.py
[2021-06-11 06:01:13,911] {logging_mixin.py:104} INFO - [2021-06-11 06:01:13,911] {dag.py:1832} INFO - Sync 1 DAGs
[2021-06-11 06:01:13,923] {logging_mixin.py:104} INFO - [2021-06-11 06:01:13,923] {dag.py:2305} INFO - Setting next_dagrun for example_task_group_decorator to 2021-06-09 00:00:00+00:00
[2021-06-11 06:01:13,935] {scheduler_job.py:190} INFO - Processing /home/airflow/.local/lib/python3.6/site-packages/airflow/example_dags/example_task_group_decorator.py took 0.339 seconds
[2021-06-11 06:01:43,974] {scheduler_job.py:182} INFO - Started process (PID=3733) to work on /home/airflow/.local/lib/python3.6/site-packages/airflow/example_dags/example_task_group_decorator.py
[2021-06-11 06:01:43,976] {scheduler_job.py:633} INFO - Processing file /home/airflow/.local/lib/python3.6/site-packages/airflow/example_dags/example_task_group_decorator.py for tasks to queue
[2021-06-11 06:01:43,977] {logging_mixin.py:104} INFO - [2021-06-11 06:01:43,977] {dagbag.py:487} INFO - Filling up the DagBag from /home/airflow/.local/lib/python3.6/site-packages/airflow/example_dags/example_task_group_decorator.py
[2021-06-11 06:01:44,002] {scheduler_job.py:643} INFO - DAG(s) dict_keys(['example_task_group_decorator']) retrieved from /home/airflow/.local/lib/python3.6/site-packages/airflow/example_dags/example_task_group_decorator.py
[2021-06-11 06:01:44,268] {logging_mixin.py:104} INFO - [2021-06-11 06:01:44,268] {dag.py:1832} INFO - Sync 1 DAGs
[2021-06-11 06:01:44,279] {logging_mixin.py:104} INFO - [2021-06-11 06:01:44,279] {dag.py:2305} INFO - Setting next_dagrun for example_task_group_decorator to 2021-06-09 00:00:00+00:00
[2021-06-11 06:01:44,291] {scheduler_job.py:190} INFO - Processing /home/airflow/.local/lib/python3.6/site-packages/airflow/example_dags/example_task_group_decorator.py took 0.320 seconds
[2021-06-11 06:02:14,581] {scheduler_job.py:182} INFO - Started process (PID=3817) to work on /home/airflow/.local/lib/python3.6/site-packages/airflow/example_dags/example_task_group_decorator.py
[2021-06-11 06:02:14,583] {scheduler_job.py:633} INFO - Processing file /home/airflow/.local/lib/python3.6/site-packages/airflow/example_dags/example_task_group_decorator.py for tasks to queue
[2021-06-11 06:02:14,584] {logging_mixin.py:104} INFO - [2021-06-11 06:02:14,584] {dagbag.py:487} INFO - Filling up the DagBag from /home/airflow/.local/lib/python3.6/site-packages/airflow/example_dags/example_task_group_decorator.py
[2021-06-11 06:02:14,619] {scheduler_job.py:643} INFO - DAG(s) dict_keys(['example_task_group_decorator']) retrieved from /home/airflow/.local/lib/python3.6/site-packages/airflow/example_dags/example_task_group_decorator.py
[2021-06-11 06:02:14,975] {logging_mixin.py:104} INFO - [2021-06-11 06:02:14,975] {dag.py:1832} INFO - Sync 1 DAGs
[2021-06-11 06:02:14,992] {logging_mixin.py:104} INFO - [2021-06-11 06:02:14,992] {dag.py:2305} INFO - Setting next_dagrun for example_task_group_decorator to 2021-06-09 00:00:00+00:00
[2021-06-11 06:02:15,011] {scheduler_job.py:190} INFO - Processing /home/airflow/.local/lib/python3.6/site-packages/airflow/example_dags/example_task_group_decorator.py took 0.436 seconds
[2021-06-11 06:02:45,051] {scheduler_job.py:182} INFO - Started process (PID=3884) to work on /home/airflow/.local/lib/python3.6/site-packages/airflow/example_dags/example_task_group_decorator.py
[2021-06-11 06:02:45,053] {scheduler_job.py:633} INFO - Processing file /home/airflow/.local/lib/python3.6/site-packages/airflow/example_dags/example_task_group_decorator.py for tasks to queue
[2021-06-11 06:02:45,054] {logging_mixin.py:104} INFO - [2021-06-11 06:02:45,054] {dagbag.py:487} INFO - Filling up the DagBag from /home/airflow/.local/lib/python3.6/site-packages/airflow/example_dags/example_task_group_decorator.py
[2021-06-11 06:02:45,085] {scheduler_job.py:643} INFO - DAG(s) dict_keys(['example_task_group_decorator']) retrieved from /home/airflow/.local/lib/python3.6/site-packages/airflow/example_dags/example_task_group_decorator.py
[2021-06-11 06:02:45,378] {logging_mixin.py:104} INFO - [2021-06-11 06:02:45,378] {dag.py:1832} INFO - Sync 1 DAGs
[2021-06-11 06:02:45,389] {logging_mixin.py:104} INFO - [2021-06-11 06:02:45,389] {dag.py:2305} INFO - Setting next_dagrun for example_task_group_decorator to 2021-06-09 00:00:00+00:00
[2021-06-11 06:02:45,402] {scheduler_job.py:190} INFO - Processing /home/airflow/.local/lib/python3.6/site-packages/airflow/example_dags/example_task_group_decorator.py took 0.354 seconds
[2021-06-11 06:03:16,131] {scheduler_job.py:182} INFO - Started process (PID=3970) to work on /home/airflow/.local/lib/python3.6/site-packages/airflow/example_dags/example_task_group_decorator.py
[2021-06-11 06:03:16,133] {scheduler_job.py:633} INFO - Processing file /home/airflow/.local/lib/python3.6/site-packages/airflow/example_dags/example_task_group_decorator.py for tasks to queue
[2021-06-11 06:03:16,134] {logging_mixin.py:104} INFO - [2021-06-11 06:03:16,134] {dagbag.py:487} INFO - Filling up the DagBag from /home/airflow/.local/lib/python3.6/site-packages/airflow/example_dags/example_task_group_decorator.py
[2021-06-11 06:03:16,159] {scheduler_job.py:643} INFO - DAG(s) dict_keys(['example_task_group_decorator']) retrieved from /home/airflow/.local/lib/python3.6/site-packages/airflow/example_dags/example_task_group_decorator.py
[2021-06-11 06:03:16,418] {logging_mixin.py:104} INFO - [2021-06-11 06:03:16,418] {dag.py:1832} INFO - Sync 1 DAGs
[2021-06-11 06:03:16,431] {logging_mixin.py:104} INFO - [2021-06-11 06:03:16,431] {dag.py:2305} INFO - Setting next_dagrun for example_task_group_decorator to 2021-06-09 00:00:00+00:00
[2021-06-11 06:03:16,443] {scheduler_job.py:190} INFO - Processing /home/airflow/.local/lib/python3.6/site-packages/airflow/example_dags/example_task_group_decorator.py took 0.315 seconds
[2021-06-11 06:03:47,264] {scheduler_job.py:182} INFO - Started process (PID=4046) to work on /home/airflow/.local/lib/python3.6/site-packages/airflow/example_dags/example_task_group_decorator.py
[2021-06-11 06:03:47,266] {scheduler_job.py:633} INFO - Processing file /home/airflow/.local/lib/python3.6/site-packages/airflow/example_dags/example_task_group_decorator.py for tasks to queue
[2021-06-11 06:03:47,267] {logging_mixin.py:104} INFO - [2021-06-11 06:03:47,267] {dagbag.py:487} INFO - Filling up the DagBag from /home/airflow/.local/lib/python3.6/site-packages/airflow/example_dags/example_task_group_decorator.py
[2021-06-11 06:03:47,292] {scheduler_job.py:643} INFO - DAG(s) dict_keys(['example_task_group_decorator']) retrieved from /home/airflow/.local/lib/python3.6/site-packages/airflow/example_dags/example_task_group_decorator.py
[2021-06-11 06:03:47,554] {logging_mixin.py:104} INFO - [2021-06-11 06:03:47,554] {dag.py:1832} INFO - Sync 1 DAGs
[2021-06-11 06:03:47,566] {logging_mixin.py:104} INFO - [2021-06-11 06:03:47,566] {dag.py:2305} INFO - Setting next_dagrun for example_task_group_decorator to 2021-06-09 00:00:00+00:00
[2021-06-11 06:03:47,578] {scheduler_job.py:190} INFO - Processing /home/airflow/.local/lib/python3.6/site-packages/airflow/example_dags/example_task_group_decorator.py took 0.318 seconds
[2021-06-11 06:04:18,538] {scheduler_job.py:182} INFO - Started process (PID=4125) to work on /home/airflow/.local/lib/python3.6/site-packages/airflow/example_dags/example_task_group_decorator.py
[2021-06-11 06:04:18,540] {scheduler_job.py:633} INFO - Processing file /home/airflow/.local/lib/python3.6/site-packages/airflow/example_dags/example_task_group_decorator.py for tasks to queue
[2021-06-11 06:04:18,542] {logging_mixin.py:104} INFO - [2021-06-11 06:04:18,541] {dagbag.py:487} INFO - Filling up the DagBag from /home/airflow/.local/lib/python3.6/site-packages/airflow/example_dags/example_task_group_decorator.py
[2021-06-11 06:04:18,569] {scheduler_job.py:643} INFO - DAG(s) dict_keys(['example_task_group_decorator']) retrieved from /home/airflow/.local/lib/python3.6/site-packages/airflow/example_dags/example_task_group_decorator.py
[2021-06-11 06:04:18,853] {logging_mixin.py:104} INFO - [2021-06-11 06:04:18,853] {dag.py:1832} INFO - Sync 1 DAGs
[2021-06-11 06:04:18,867] {logging_mixin.py:104} INFO - [2021-06-11 06:04:18,866] {dag.py:2305} INFO - Setting next_dagrun for example_task_group_decorator to 2021-06-09 00:00:00+00:00
[2021-06-11 06:04:18,882] {scheduler_job.py:190} INFO - Processing /home/airflow/.local/lib/python3.6/site-packages/airflow/example_dags/example_task_group_decorator.py took 0.348 seconds
[2021-06-11 06:04:49,746] {scheduler_job.py:182} INFO - Started process (PID=4213) to work on /home/airflow/.local/lib/python3.6/site-packages/airflow/example_dags/example_task_group_decorator.py
[2021-06-11 06:04:49,749] {scheduler_job.py:633} INFO - Processing file /home/airflow/.local/lib/python3.6/site-packages/airflow/example_dags/example_task_group_decorator.py for tasks to queue
[2021-06-11 06:04:49,750] {logging_mixin.py:104} INFO - [2021-06-11 06:04:49,750] {dagbag.py:487} INFO - Filling up the DagBag from /home/airflow/.local/lib/python3.6/site-packages/airflow/example_dags/example_task_group_decorator.py
[2021-06-11 06:04:49,776] {scheduler_job.py:643} INFO - DAG(s) dict_keys(['example_task_group_decorator']) retrieved from /home/airflow/.local/lib/python3.6/site-packages/airflow/example_dags/example_task_group_decorator.py
[2021-06-11 06:04:50,042] {logging_mixin.py:104} INFO - [2021-06-11 06:04:50,042] {dag.py:1832} INFO - Sync 1 DAGs
[2021-06-11 06:04:50,054] {logging_mixin.py:104} INFO - [2021-06-11 06:04:50,054] {dag.py:2305} INFO - Setting next_dagrun for example_task_group_decorator to 2021-06-09 00:00:00+00:00
[2021-06-11 06:04:50,067] {scheduler_job.py:190} INFO - Processing /home/airflow/.local/lib/python3.6/site-packages/airflow/example_dags/example_task_group_decorator.py took 0.324 seconds
[2021-06-11 06:05:20,146] {scheduler_job.py:182} INFO - Started process (PID=4291) to work on /home/airflow/.local/lib/python3.6/site-packages/airflow/example_dags/example_task_group_decorator.py
[2021-06-11 06:05:20,148] {scheduler_job.py:633} INFO - Processing file /home/airflow/.local/lib/python3.6/site-packages/airflow/example_dags/example_task_group_decorator.py for tasks to queue
[2021-06-11 06:05:20,149] {logging_mixin.py:104} INFO - [2021-06-11 06:05:20,149] {dagbag.py:487} INFO - Filling up the DagBag from /home/airflow/.local/lib/python3.6/site-packages/airflow/example_dags/example_task_group_decorator.py
[2021-06-11 06:05:20,173] {scheduler_job.py:643} INFO - DAG(s) dict_keys(['example_task_group_decorator']) retrieved from /home/airflow/.local/lib/python3.6/site-packages/airflow/example_dags/example_task_group_decorator.py
[2021-06-11 06:05:20,421] {logging_mixin.py:104} INFO - [2021-06-11 06:05:20,421] {dag.py:1832} INFO - Sync 1 DAGs
[2021-06-11 06:05:20,433] {logging_mixin.py:104} INFO - [2021-06-11 06:05:20,433] {dag.py:2305} INFO - Setting next_dagrun for example_task_group_decorator to 2021-06-09 00:00:00+00:00
[2021-06-11 06:05:20,444] {scheduler_job.py:190} INFO - Processing /home/airflow/.local/lib/python3.6/site-packages/airflow/example_dags/example_task_group_decorator.py took 0.301 seconds
[2021-06-11 06:05:51,378] {scheduler_job.py:182} INFO - Started process (PID=4365) to work on /home/airflow/.local/lib/python3.6/site-packages/airflow/example_dags/example_task_group_decorator.py
[2021-06-11 06:05:51,380] {scheduler_job.py:633} INFO - Processing file /home/airflow/.local/lib/python3.6/site-packages/airflow/example_dags/example_task_group_decorator.py for tasks to queue
[2021-06-11 06:05:51,381] {logging_mixin.py:104} INFO - [2021-06-11 06:05:51,381] {dagbag.py:487} INFO - Filling up the DagBag from /home/airflow/.local/lib/python3.6/site-packages/airflow/example_dags/example_task_group_decorator.py
[2021-06-11 06:05:51,409] {scheduler_job.py:643} INFO - DAG(s) dict_keys(['example_task_group_decorator']) retrieved from /home/airflow/.local/lib/python3.6/site-packages/airflow/example_dags/example_task_group_decorator.py
[2021-06-11 06:05:51,680] {logging_mixin.py:104} INFO - [2021-06-11 06:05:51,680] {dag.py:1832} INFO - Sync 1 DAGs
[2021-06-11 06:05:51,694] {logging_mixin.py:104} INFO - [2021-06-11 06:05:51,694] {dag.py:2305} INFO - Setting next_dagrun for example_task_group_decorator to 2021-06-09 00:00:00+00:00
[2021-06-11 06:05:51,707] {scheduler_job.py:190} INFO - Processing /home/airflow/.local/lib/python3.6/site-packages/airflow/example_dags/example_task_group_decorator.py took 0.332 seconds
[2021-06-11 06:06:22,104] {scheduler_job.py:182} INFO - Started process (PID=4451) to work on /home/airflow/.local/lib/python3.6/site-packages/airflow/example_dags/example_task_group_decorator.py
[2021-06-11 06:06:22,106] {scheduler_job.py:633} INFO - Processing file /home/airflow/.local/lib/python3.6/site-packages/airflow/example_dags/example_task_group_decorator.py for tasks to queue
[2021-06-11 06:06:22,107] {logging_mixin.py:104} INFO - [2021-06-11 06:06:22,107] {dagbag.py:487} INFO - Filling up the DagBag from /home/airflow/.local/lib/python3.6/site-packages/airflow/example_dags/example_task_group_decorator.py
[2021-06-11 06:06:22,133] {scheduler_job.py:643} INFO - DAG(s) dict_keys(['example_task_group_decorator']) retrieved from /home/airflow/.local/lib/python3.6/site-packages/airflow/example_dags/example_task_group_decorator.py
[2021-06-11 06:06:22,411] {logging_mixin.py:104} INFO - [2021-06-11 06:06:22,411] {dag.py:1832} INFO - Sync 1 DAGs
[2021-06-11 06:06:22,423] {logging_mixin.py:104} INFO - [2021-06-11 06:06:22,422] {dag.py:2305} INFO - Setting next_dagrun for example_task_group_decorator to 2021-06-09 00:00:00+00:00
[2021-06-11 06:06:22,435] {scheduler_job.py:190} INFO - Processing /home/airflow/.local/lib/python3.6/site-packages/airflow/example_dags/example_task_group_decorator.py took 0.336 seconds
[2021-06-11 06:06:53,232] {scheduler_job.py:182} INFO - Started process (PID=4529) to work on /home/airflow/.local/lib/python3.6/site-packages/airflow/example_dags/example_task_group_decorator.py
[2021-06-11 06:06:53,234] {scheduler_job.py:633} INFO - Processing file /home/airflow/.local/lib/python3.6/site-packages/airflow/example_dags/example_task_group_decorator.py for tasks to queue
[2021-06-11 06:06:53,236] {logging_mixin.py:104} INFO - [2021-06-11 06:06:53,235] {dagbag.py:487} INFO - Filling up the DagBag from /home/airflow/.local/lib/python3.6/site-packages/airflow/example_dags/example_task_group_decorator.py
[2021-06-11 06:06:53,261] {scheduler_job.py:643} INFO - DAG(s) dict_keys(['example_task_group_decorator']) retrieved from /home/airflow/.local/lib/python3.6/site-packages/airflow/example_dags/example_task_group_decorator.py
[2021-06-11 06:06:53,553] {logging_mixin.py:104} INFO - [2021-06-11 06:06:53,553] {dag.py:1832} INFO - Sync 1 DAGs
[2021-06-11 06:06:53,565] {logging_mixin.py:104} INFO - [2021-06-11 06:06:53,565] {dag.py:2305} INFO - Setting next_dagrun for example_task_group_decorator to 2021-06-09 00:00:00+00:00
[2021-06-11 06:06:53,577] {scheduler_job.py:190} INFO - Processing /home/airflow/.local/lib/python3.6/site-packages/airflow/example_dags/example_task_group_decorator.py took 0.348 seconds
[2021-06-11 06:07:24,599] {scheduler_job.py:182} INFO - Started process (PID=4605) to work on /home/airflow/.local/lib/python3.6/site-packages/airflow/example_dags/example_task_group_decorator.py
[2021-06-11 06:07:24,601] {scheduler_job.py:633} INFO - Processing file /home/airflow/.local/lib/python3.6/site-packages/airflow/example_dags/example_task_group_decorator.py for tasks to queue
[2021-06-11 06:07:24,603] {logging_mixin.py:104} INFO - [2021-06-11 06:07:24,603] {dagbag.py:487} INFO - Filling up the DagBag from /home/airflow/.local/lib/python3.6/site-packages/airflow/example_dags/example_task_group_decorator.py
[2021-06-11 06:07:24,634] {scheduler_job.py:643} INFO - DAG(s) dict_keys(['example_task_group_decorator']) retrieved from /home/airflow/.local/lib/python3.6/site-packages/airflow/example_dags/example_task_group_decorator.py
[2021-06-11 06:07:24,952] {logging_mixin.py:104} INFO - [2021-06-11 06:07:24,952] {dag.py:1832} INFO - Sync 1 DAGs
[2021-06-11 06:07:24,982] {logging_mixin.py:104} INFO - [2021-06-11 06:07:24,982] {dag.py:2305} INFO - Setting next_dagrun for example_task_group_decorator to 2021-06-09 00:00:00+00:00
[2021-06-11 06:07:25,001] {scheduler_job.py:190} INFO - Processing /home/airflow/.local/lib/python3.6/site-packages/airflow/example_dags/example_task_group_decorator.py took 0.406 seconds
[2021-06-11 06:07:55,949] {scheduler_job.py:182} INFO - Started process (PID=4691) to work on /home/airflow/.local/lib/python3.6/site-packages/airflow/example_dags/example_task_group_decorator.py
[2021-06-11 06:07:55,951] {scheduler_job.py:633} INFO - Processing file /home/airflow/.local/lib/python3.6/site-packages/airflow/example_dags/example_task_group_decorator.py for tasks to queue
[2021-06-11 06:07:55,952] {logging_mixin.py:104} INFO - [2021-06-11 06:07:55,952] {dagbag.py:487} INFO - Filling up the DagBag from /home/airflow/.local/lib/python3.6/site-packages/airflow/example_dags/example_task_group_decorator.py
[2021-06-11 06:07:55,984] {scheduler_job.py:643} INFO - DAG(s) dict_keys(['example_task_group_decorator']) retrieved from /home/airflow/.local/lib/python3.6/site-packages/airflow/example_dags/example_task_group_decorator.py
[2021-06-11 06:07:56,251] {logging_mixin.py:104} INFO - [2021-06-11 06:07:56,251] {dag.py:1832} INFO - Sync 1 DAGs
[2021-06-11 06:07:56,263] {logging_mixin.py:104} INFO - [2021-06-11 06:07:56,263] {dag.py:2305} INFO - Setting next_dagrun for example_task_group_decorator to 2021-06-09 00:00:00+00:00
[2021-06-11 06:07:56,275] {scheduler_job.py:190} INFO - Processing /home/airflow/.local/lib/python3.6/site-packages/airflow/example_dags/example_task_group_decorator.py took 0.330 seconds
[2021-06-11 06:08:27,148] {scheduler_job.py:182} INFO - Started process (PID=4768) to work on /home/airflow/.local/lib/python3.6/site-packages/airflow/example_dags/example_task_group_decorator.py
[2021-06-11 06:08:27,150] {scheduler_job.py:633} INFO - Processing file /home/airflow/.local/lib/python3.6/site-packages/airflow/example_dags/example_task_group_decorator.py for tasks to queue
[2021-06-11 06:08:27,152] {logging_mixin.py:104} INFO - [2021-06-11 06:08:27,151] {dagbag.py:487} INFO - Filling up the DagBag from /home/airflow/.local/lib/python3.6/site-packages/airflow/example_dags/example_task_group_decorator.py
[2021-06-11 06:08:27,180] {scheduler_job.py:643} INFO - DAG(s) dict_keys(['example_task_group_decorator']) retrieved from /home/airflow/.local/lib/python3.6/site-packages/airflow/example_dags/example_task_group_decorator.py
[2021-06-11 06:08:27,448] {logging_mixin.py:104} INFO - [2021-06-11 06:08:27,448] {dag.py:1832} INFO - Sync 1 DAGs
[2021-06-11 06:08:27,471] {logging_mixin.py:104} INFO - [2021-06-11 06:08:27,470] {dag.py:2305} INFO - Setting next_dagrun for example_task_group_decorator to 2021-06-09 00:00:00+00:00
[2021-06-11 06:08:27,485] {scheduler_job.py:190} INFO - Processing /home/airflow/.local/lib/python3.6/site-packages/airflow/example_dags/example_task_group_decorator.py took 0.342 seconds
[2021-06-11 06:08:58,066] {scheduler_job.py:182} INFO - Started process (PID=4841) to work on /home/airflow/.local/lib/python3.6/site-packages/airflow/example_dags/example_task_group_decorator.py
[2021-06-11 06:08:58,068] {scheduler_job.py:633} INFO - Processing file /home/airflow/.local/lib/python3.6/site-packages/airflow/example_dags/example_task_group_decorator.py for tasks to queue
[2021-06-11 06:08:58,069] {logging_mixin.py:104} INFO - [2021-06-11 06:08:58,069] {dagbag.py:487} INFO - Filling up the DagBag from /home/airflow/.local/lib/python3.6/site-packages/airflow/example_dags/example_task_group_decorator.py
[2021-06-11 06:08:58,096] {scheduler_job.py:643} INFO - DAG(s) dict_keys(['example_task_group_decorator']) retrieved from /home/airflow/.local/lib/python3.6/site-packages/airflow/example_dags/example_task_group_decorator.py
[2021-06-11 06:08:58,381] {logging_mixin.py:104} INFO - [2021-06-11 06:08:58,381] {dag.py:1832} INFO - Sync 1 DAGs
[2021-06-11 06:08:58,393] {logging_mixin.py:104} INFO - [2021-06-11 06:08:58,393] {dag.py:2305} INFO - Setting next_dagrun for example_task_group_decorator to 2021-06-09 00:00:00+00:00
[2021-06-11 06:08:58,405] {scheduler_job.py:190} INFO - Processing /home/airflow/.local/lib/python3.6/site-packages/airflow/example_dags/example_task_group_decorator.py took 0.342 seconds
[2021-06-11 06:09:28,743] {scheduler_job.py:182} INFO - Started process (PID=4925) to work on /home/airflow/.local/lib/python3.6/site-packages/airflow/example_dags/example_task_group_decorator.py
[2021-06-11 06:09:28,745] {scheduler_job.py:633} INFO - Processing file /home/airflow/.local/lib/python3.6/site-packages/airflow/example_dags/example_task_group_decorator.py for tasks to queue
[2021-06-11 06:09:28,746] {logging_mixin.py:104} INFO - [2021-06-11 06:09:28,746] {dagbag.py:487} INFO - Filling up the DagBag from /home/airflow/.local/lib/python3.6/site-packages/airflow/example_dags/example_task_group_decorator.py
[2021-06-11 06:09:28,773] {scheduler_job.py:643} INFO - DAG(s) dict_keys(['example_task_group_decorator']) retrieved from /home/airflow/.local/lib/python3.6/site-packages/airflow/example_dags/example_task_group_decorator.py
[2021-06-11 06:09:28,797] {logging_mixin.py:104} INFO - [2021-06-11 06:09:28,797] {dag.py:1832} INFO - Sync 1 DAGs
[2021-06-11 06:09:28,812] {logging_mixin.py:104} INFO - [2021-06-11 06:09:28,812] {dag.py:2305} INFO - Setting next_dagrun for example_task_group_decorator to 2021-06-09 00:00:00+00:00
[2021-06-11 06:09:28,822] {scheduler_job.py:190} INFO - Processing /home/airflow/.local/lib/python3.6/site-packages/airflow/example_dags/example_task_group_decorator.py took 0.083 seconds
