[2021-06-11 05:38:02,955] {scheduler_job.py:182} INFO - Started process (PID=110) to work on /home/airflow/.local/lib/python3.6/site-packages/airflow/example_dags/tutorial_etl_dag.py
[2021-06-11 05:38:02,957] {scheduler_job.py:633} INFO - Processing file /home/airflow/.local/lib/python3.6/site-packages/airflow/example_dags/tutorial_etl_dag.py for tasks to queue
[2021-06-11 05:38:02,958] {logging_mixin.py:104} INFO - [2021-06-11 05:38:02,958] {dagbag.py:487} INFO - Filling up the DagBag from /home/airflow/.local/lib/python3.6/site-packages/airflow/example_dags/tutorial_etl_dag.py
[2021-06-11 05:38:02,971] {scheduler_job.py:643} INFO - DAG(s) dict_keys(['tutorial_etl_dag']) retrieved from /home/airflow/.local/lib/python3.6/site-packages/airflow/example_dags/tutorial_etl_dag.py
[2021-06-11 05:38:04,569] {logging_mixin.py:104} INFO - [2021-06-11 05:38:04,569] {dag.py:1832} INFO - Sync 1 DAGs
[2021-06-11 05:38:04,579] {logging_mixin.py:104} INFO - [2021-06-11 05:38:04,578] {dag.py:1851} INFO - Creating ORM DAG for tutorial_etl_dag
[2021-06-11 05:38:04,585] {logging_mixin.py:104} INFO - [2021-06-11 05:38:04,584] {dag.py:2305} INFO - Setting next_dagrun for tutorial_etl_dag to None
[2021-06-11 05:38:04,599] {scheduler_job.py:190} INFO - Processing /home/airflow/.local/lib/python3.6/site-packages/airflow/example_dags/tutorial_etl_dag.py took 1.647 seconds
[2021-06-11 05:38:35,250] {scheduler_job.py:182} INFO - Started process (PID=203) to work on /home/airflow/.local/lib/python3.6/site-packages/airflow/example_dags/tutorial_etl_dag.py
[2021-06-11 05:38:35,252] {scheduler_job.py:633} INFO - Processing file /home/airflow/.local/lib/python3.6/site-packages/airflow/example_dags/tutorial_etl_dag.py for tasks to queue
[2021-06-11 05:38:35,253] {logging_mixin.py:104} INFO - [2021-06-11 05:38:35,253] {dagbag.py:487} INFO - Filling up the DagBag from /home/airflow/.local/lib/python3.6/site-packages/airflow/example_dags/tutorial_etl_dag.py
[2021-06-11 05:38:35,266] {scheduler_job.py:643} INFO - DAG(s) dict_keys(['tutorial_etl_dag']) retrieved from /home/airflow/.local/lib/python3.6/site-packages/airflow/example_dags/tutorial_etl_dag.py
[2021-06-11 05:38:35,292] {logging_mixin.py:104} INFO - [2021-06-11 05:38:35,292] {dag.py:1832} INFO - Sync 1 DAGs
[2021-06-11 05:38:35,309] {logging_mixin.py:104} INFO - [2021-06-11 05:38:35,309] {dag.py:2305} INFO - Setting next_dagrun for tutorial_etl_dag to None
[2021-06-11 05:38:35,321] {scheduler_job.py:190} INFO - Processing /home/airflow/.local/lib/python3.6/site-packages/airflow/example_dags/tutorial_etl_dag.py took 0.074 seconds
[2021-06-11 05:39:05,922] {scheduler_job.py:182} INFO - Started process (PID=268) to work on /home/airflow/.local/lib/python3.6/site-packages/airflow/example_dags/tutorial_etl_dag.py
[2021-06-11 05:39:05,924] {scheduler_job.py:633} INFO - Processing file /home/airflow/.local/lib/python3.6/site-packages/airflow/example_dags/tutorial_etl_dag.py for tasks to queue
[2021-06-11 05:39:05,926] {logging_mixin.py:104} INFO - [2021-06-11 05:39:05,925] {dagbag.py:487} INFO - Filling up the DagBag from /home/airflow/.local/lib/python3.6/site-packages/airflow/example_dags/tutorial_etl_dag.py
[2021-06-11 05:39:05,940] {scheduler_job.py:643} INFO - DAG(s) dict_keys(['tutorial_etl_dag']) retrieved from /home/airflow/.local/lib/python3.6/site-packages/airflow/example_dags/tutorial_etl_dag.py
[2021-06-11 05:39:05,961] {logging_mixin.py:104} INFO - [2021-06-11 05:39:05,960] {dag.py:1832} INFO - Sync 1 DAGs
[2021-06-11 05:39:05,975] {logging_mixin.py:104} INFO - [2021-06-11 05:39:05,975] {dag.py:2305} INFO - Setting next_dagrun for tutorial_etl_dag to None
[2021-06-11 05:39:05,988] {scheduler_job.py:190} INFO - Processing /home/airflow/.local/lib/python3.6/site-packages/airflow/example_dags/tutorial_etl_dag.py took 0.070 seconds
[2021-06-11 05:39:36,196] {scheduler_job.py:182} INFO - Started process (PID=354) to work on /home/airflow/.local/lib/python3.6/site-packages/airflow/example_dags/tutorial_etl_dag.py
[2021-06-11 05:39:36,198] {scheduler_job.py:633} INFO - Processing file /home/airflow/.local/lib/python3.6/site-packages/airflow/example_dags/tutorial_etl_dag.py for tasks to queue
[2021-06-11 05:39:36,199] {logging_mixin.py:104} INFO - [2021-06-11 05:39:36,199] {dagbag.py:487} INFO - Filling up the DagBag from /home/airflow/.local/lib/python3.6/site-packages/airflow/example_dags/tutorial_etl_dag.py
[2021-06-11 05:39:36,215] {scheduler_job.py:643} INFO - DAG(s) dict_keys(['tutorial_etl_dag']) retrieved from /home/airflow/.local/lib/python3.6/site-packages/airflow/example_dags/tutorial_etl_dag.py
[2021-06-11 05:39:36,236] {logging_mixin.py:104} INFO - [2021-06-11 05:39:36,236] {dag.py:1832} INFO - Sync 1 DAGs
[2021-06-11 05:39:36,250] {logging_mixin.py:104} INFO - [2021-06-11 05:39:36,250] {dag.py:2305} INFO - Setting next_dagrun for tutorial_etl_dag to None
[2021-06-11 05:39:36,259] {scheduler_job.py:190} INFO - Processing /home/airflow/.local/lib/python3.6/site-packages/airflow/example_dags/tutorial_etl_dag.py took 0.067 seconds
[2021-06-11 05:40:06,960] {scheduler_job.py:182} INFO - Started process (PID=439) to work on /home/airflow/.local/lib/python3.6/site-packages/airflow/example_dags/tutorial_etl_dag.py
[2021-06-11 05:40:06,963] {scheduler_job.py:633} INFO - Processing file /home/airflow/.local/lib/python3.6/site-packages/airflow/example_dags/tutorial_etl_dag.py for tasks to queue
[2021-06-11 05:40:06,964] {logging_mixin.py:104} INFO - [2021-06-11 05:40:06,964] {dagbag.py:487} INFO - Filling up the DagBag from /home/airflow/.local/lib/python3.6/site-packages/airflow/example_dags/tutorial_etl_dag.py
[2021-06-11 05:40:06,978] {scheduler_job.py:643} INFO - DAG(s) dict_keys(['tutorial_etl_dag']) retrieved from /home/airflow/.local/lib/python3.6/site-packages/airflow/example_dags/tutorial_etl_dag.py
[2021-06-11 05:40:07,000] {logging_mixin.py:104} INFO - [2021-06-11 05:40:07,000] {dag.py:1832} INFO - Sync 1 DAGs
[2021-06-11 05:40:07,014] {logging_mixin.py:104} INFO - [2021-06-11 05:40:07,014] {dag.py:2305} INFO - Setting next_dagrun for tutorial_etl_dag to None
[2021-06-11 05:40:07,025] {scheduler_job.py:190} INFO - Processing /home/airflow/.local/lib/python3.6/site-packages/airflow/example_dags/tutorial_etl_dag.py took 0.069 seconds
[2021-06-11 05:40:37,284] {scheduler_job.py:182} INFO - Started process (PID=505) to work on /home/airflow/.local/lib/python3.6/site-packages/airflow/example_dags/tutorial_etl_dag.py
[2021-06-11 05:40:37,286] {scheduler_job.py:633} INFO - Processing file /home/airflow/.local/lib/python3.6/site-packages/airflow/example_dags/tutorial_etl_dag.py for tasks to queue
[2021-06-11 05:40:37,287] {logging_mixin.py:104} INFO - [2021-06-11 05:40:37,287] {dagbag.py:487} INFO - Filling up the DagBag from /home/airflow/.local/lib/python3.6/site-packages/airflow/example_dags/tutorial_etl_dag.py
[2021-06-11 05:40:37,302] {scheduler_job.py:643} INFO - DAG(s) dict_keys(['tutorial_etl_dag']) retrieved from /home/airflow/.local/lib/python3.6/site-packages/airflow/example_dags/tutorial_etl_dag.py
[2021-06-11 05:40:37,323] {logging_mixin.py:104} INFO - [2021-06-11 05:40:37,323] {dag.py:1832} INFO - Sync 1 DAGs
[2021-06-11 05:40:37,337] {logging_mixin.py:104} INFO - [2021-06-11 05:40:37,337] {dag.py:2305} INFO - Setting next_dagrun for tutorial_etl_dag to None
[2021-06-11 05:40:37,347] {scheduler_job.py:190} INFO - Processing /home/airflow/.local/lib/python3.6/site-packages/airflow/example_dags/tutorial_etl_dag.py took 0.068 seconds
[2021-06-11 05:41:07,643] {scheduler_job.py:182} INFO - Started process (PID=588) to work on /home/airflow/.local/lib/python3.6/site-packages/airflow/example_dags/tutorial_etl_dag.py
[2021-06-11 05:41:07,645] {scheduler_job.py:633} INFO - Processing file /home/airflow/.local/lib/python3.6/site-packages/airflow/example_dags/tutorial_etl_dag.py for tasks to queue
[2021-06-11 05:41:07,646] {logging_mixin.py:104} INFO - [2021-06-11 05:41:07,646] {dagbag.py:487} INFO - Filling up the DagBag from /home/airflow/.local/lib/python3.6/site-packages/airflow/example_dags/tutorial_etl_dag.py
[2021-06-11 05:41:07,661] {scheduler_job.py:643} INFO - DAG(s) dict_keys(['tutorial_etl_dag']) retrieved from /home/airflow/.local/lib/python3.6/site-packages/airflow/example_dags/tutorial_etl_dag.py
[2021-06-11 05:41:07,682] {logging_mixin.py:104} INFO - [2021-06-11 05:41:07,682] {dag.py:1832} INFO - Sync 1 DAGs
[2021-06-11 05:41:07,697] {logging_mixin.py:104} INFO - [2021-06-11 05:41:07,697] {dag.py:2305} INFO - Setting next_dagrun for tutorial_etl_dag to None
[2021-06-11 05:41:07,707] {scheduler_job.py:190} INFO - Processing /home/airflow/.local/lib/python3.6/site-packages/airflow/example_dags/tutorial_etl_dag.py took 0.068 seconds
[2021-06-11 05:41:38,151] {scheduler_job.py:182} INFO - Started process (PID=671) to work on /home/airflow/.local/lib/python3.6/site-packages/airflow/example_dags/tutorial_etl_dag.py
[2021-06-11 05:41:38,153] {scheduler_job.py:633} INFO - Processing file /home/airflow/.local/lib/python3.6/site-packages/airflow/example_dags/tutorial_etl_dag.py for tasks to queue
[2021-06-11 05:41:38,155] {logging_mixin.py:104} INFO - [2021-06-11 05:41:38,154] {dagbag.py:487} INFO - Filling up the DagBag from /home/airflow/.local/lib/python3.6/site-packages/airflow/example_dags/tutorial_etl_dag.py
[2021-06-11 05:41:38,170] {scheduler_job.py:643} INFO - DAG(s) dict_keys(['tutorial_etl_dag']) retrieved from /home/airflow/.local/lib/python3.6/site-packages/airflow/example_dags/tutorial_etl_dag.py
[2021-06-11 05:41:38,195] {logging_mixin.py:104} INFO - [2021-06-11 05:41:38,195] {dag.py:1832} INFO - Sync 1 DAGs
[2021-06-11 05:41:38,218] {logging_mixin.py:104} INFO - [2021-06-11 05:41:38,218] {dag.py:2305} INFO - Setting next_dagrun for tutorial_etl_dag to None
[2021-06-11 05:41:38,230] {scheduler_job.py:190} INFO - Processing /home/airflow/.local/lib/python3.6/site-packages/airflow/example_dags/tutorial_etl_dag.py took 0.085 seconds
[2021-06-11 05:42:08,712] {scheduler_job.py:182} INFO - Started process (PID=738) to work on /home/airflow/.local/lib/python3.6/site-packages/airflow/example_dags/tutorial_etl_dag.py
[2021-06-11 05:42:08,714] {scheduler_job.py:633} INFO - Processing file /home/airflow/.local/lib/python3.6/site-packages/airflow/example_dags/tutorial_etl_dag.py for tasks to queue
[2021-06-11 05:42:08,715] {logging_mixin.py:104} INFO - [2021-06-11 05:42:08,715] {dagbag.py:487} INFO - Filling up the DagBag from /home/airflow/.local/lib/python3.6/site-packages/airflow/example_dags/tutorial_etl_dag.py
[2021-06-11 05:42:08,743] {scheduler_job.py:643} INFO - DAG(s) dict_keys(['tutorial_etl_dag']) retrieved from /home/airflow/.local/lib/python3.6/site-packages/airflow/example_dags/tutorial_etl_dag.py
[2021-06-11 05:42:08,772] {logging_mixin.py:104} INFO - [2021-06-11 05:42:08,771] {dag.py:1832} INFO - Sync 1 DAGs
[2021-06-11 05:42:08,789] {logging_mixin.py:104} INFO - [2021-06-11 05:42:08,789] {dag.py:2305} INFO - Setting next_dagrun for tutorial_etl_dag to None
[2021-06-11 05:42:08,804] {scheduler_job.py:190} INFO - Processing /home/airflow/.local/lib/python3.6/site-packages/airflow/example_dags/tutorial_etl_dag.py took 0.097 seconds
[2021-06-11 05:42:39,624] {scheduler_job.py:182} INFO - Started process (PID=823) to work on /home/airflow/.local/lib/python3.6/site-packages/airflow/example_dags/tutorial_etl_dag.py
[2021-06-11 05:42:39,626] {scheduler_job.py:633} INFO - Processing file /home/airflow/.local/lib/python3.6/site-packages/airflow/example_dags/tutorial_etl_dag.py for tasks to queue
[2021-06-11 05:42:39,627] {logging_mixin.py:104} INFO - [2021-06-11 05:42:39,627] {dagbag.py:487} INFO - Filling up the DagBag from /home/airflow/.local/lib/python3.6/site-packages/airflow/example_dags/tutorial_etl_dag.py
[2021-06-11 05:42:39,643] {scheduler_job.py:643} INFO - DAG(s) dict_keys(['tutorial_etl_dag']) retrieved from /home/airflow/.local/lib/python3.6/site-packages/airflow/example_dags/tutorial_etl_dag.py
[2021-06-11 05:42:39,665] {logging_mixin.py:104} INFO - [2021-06-11 05:42:39,665] {dag.py:1832} INFO - Sync 1 DAGs
[2021-06-11 05:42:39,681] {logging_mixin.py:104} INFO - [2021-06-11 05:42:39,681] {dag.py:2305} INFO - Setting next_dagrun for tutorial_etl_dag to None
[2021-06-11 05:42:39,691] {scheduler_job.py:190} INFO - Processing /home/airflow/.local/lib/python3.6/site-packages/airflow/example_dags/tutorial_etl_dag.py took 0.071 seconds
[2021-06-11 05:43:09,827] {scheduler_job.py:182} INFO - Started process (PID=901) to work on /home/airflow/.local/lib/python3.6/site-packages/airflow/example_dags/tutorial_etl_dag.py
[2021-06-11 05:43:09,829] {scheduler_job.py:633} INFO - Processing file /home/airflow/.local/lib/python3.6/site-packages/airflow/example_dags/tutorial_etl_dag.py for tasks to queue
[2021-06-11 05:43:09,831] {logging_mixin.py:104} INFO - [2021-06-11 05:43:09,830] {dagbag.py:487} INFO - Filling up the DagBag from /home/airflow/.local/lib/python3.6/site-packages/airflow/example_dags/tutorial_etl_dag.py
[2021-06-11 05:43:09,844] {scheduler_job.py:643} INFO - DAG(s) dict_keys(['tutorial_etl_dag']) retrieved from /home/airflow/.local/lib/python3.6/site-packages/airflow/example_dags/tutorial_etl_dag.py
[2021-06-11 05:43:09,869] {logging_mixin.py:104} INFO - [2021-06-11 05:43:09,868] {dag.py:1832} INFO - Sync 1 DAGs
[2021-06-11 05:43:09,884] {logging_mixin.py:104} INFO - [2021-06-11 05:43:09,884] {dag.py:2305} INFO - Setting next_dagrun for tutorial_etl_dag to None
[2021-06-11 05:43:09,895] {scheduler_job.py:190} INFO - Processing /home/airflow/.local/lib/python3.6/site-packages/airflow/example_dags/tutorial_etl_dag.py took 0.071 seconds
[2021-06-11 05:43:40,643] {scheduler_job.py:182} INFO - Started process (PID=974) to work on /home/airflow/.local/lib/python3.6/site-packages/airflow/example_dags/tutorial_etl_dag.py
[2021-06-11 05:43:40,645] {scheduler_job.py:633} INFO - Processing file /home/airflow/.local/lib/python3.6/site-packages/airflow/example_dags/tutorial_etl_dag.py for tasks to queue
[2021-06-11 05:43:40,646] {logging_mixin.py:104} INFO - [2021-06-11 05:43:40,646] {dagbag.py:487} INFO - Filling up the DagBag from /home/airflow/.local/lib/python3.6/site-packages/airflow/example_dags/tutorial_etl_dag.py
[2021-06-11 05:43:40,662] {scheduler_job.py:643} INFO - DAG(s) dict_keys(['tutorial_etl_dag']) retrieved from /home/airflow/.local/lib/python3.6/site-packages/airflow/example_dags/tutorial_etl_dag.py
[2021-06-11 05:43:40,682] {logging_mixin.py:104} INFO - [2021-06-11 05:43:40,682] {dag.py:1832} INFO - Sync 1 DAGs
[2021-06-11 05:43:40,698] {logging_mixin.py:104} INFO - [2021-06-11 05:43:40,698] {dag.py:2305} INFO - Setting next_dagrun for tutorial_etl_dag to None
[2021-06-11 05:43:40,709] {scheduler_job.py:190} INFO - Processing /home/airflow/.local/lib/python3.6/site-packages/airflow/example_dags/tutorial_etl_dag.py took 0.071 seconds
[2021-06-11 05:44:11,277] {scheduler_job.py:182} INFO - Started process (PID=1057) to work on /home/airflow/.local/lib/python3.6/site-packages/airflow/example_dags/tutorial_etl_dag.py
[2021-06-11 05:44:11,279] {scheduler_job.py:633} INFO - Processing file /home/airflow/.local/lib/python3.6/site-packages/airflow/example_dags/tutorial_etl_dag.py for tasks to queue
[2021-06-11 05:44:11,280] {logging_mixin.py:104} INFO - [2021-06-11 05:44:11,280] {dagbag.py:487} INFO - Filling up the DagBag from /home/airflow/.local/lib/python3.6/site-packages/airflow/example_dags/tutorial_etl_dag.py
[2021-06-11 05:44:11,292] {scheduler_job.py:643} INFO - DAG(s) dict_keys(['tutorial_etl_dag']) retrieved from /home/airflow/.local/lib/python3.6/site-packages/airflow/example_dags/tutorial_etl_dag.py
[2021-06-11 05:44:11,313] {logging_mixin.py:104} INFO - [2021-06-11 05:44:11,313] {dag.py:1832} INFO - Sync 1 DAGs
[2021-06-11 05:44:11,328] {logging_mixin.py:104} INFO - [2021-06-11 05:44:11,328] {dag.py:2305} INFO - Setting next_dagrun for tutorial_etl_dag to None
[2021-06-11 05:44:11,340] {scheduler_job.py:190} INFO - Processing /home/airflow/.local/lib/python3.6/site-packages/airflow/example_dags/tutorial_etl_dag.py took 0.066 seconds
[2021-06-11 05:44:42,157] {scheduler_job.py:182} INFO - Started process (PID=1132) to work on /home/airflow/.local/lib/python3.6/site-packages/airflow/example_dags/tutorial_etl_dag.py
[2021-06-11 05:44:42,159] {scheduler_job.py:633} INFO - Processing file /home/airflow/.local/lib/python3.6/site-packages/airflow/example_dags/tutorial_etl_dag.py for tasks to queue
[2021-06-11 05:44:42,160] {logging_mixin.py:104} INFO - [2021-06-11 05:44:42,160] {dagbag.py:487} INFO - Filling up the DagBag from /home/airflow/.local/lib/python3.6/site-packages/airflow/example_dags/tutorial_etl_dag.py
[2021-06-11 05:44:42,173] {scheduler_job.py:643} INFO - DAG(s) dict_keys(['tutorial_etl_dag']) retrieved from /home/airflow/.local/lib/python3.6/site-packages/airflow/example_dags/tutorial_etl_dag.py
[2021-06-11 05:44:42,205] {logging_mixin.py:104} INFO - [2021-06-11 05:44:42,205] {dag.py:1832} INFO - Sync 1 DAGs
[2021-06-11 05:44:42,232] {logging_mixin.py:104} INFO - [2021-06-11 05:44:42,232] {dag.py:2305} INFO - Setting next_dagrun for tutorial_etl_dag to None
[2021-06-11 05:44:42,242] {scheduler_job.py:190} INFO - Processing /home/airflow/.local/lib/python3.6/site-packages/airflow/example_dags/tutorial_etl_dag.py took 0.089 seconds
[2021-06-11 05:45:12,536] {scheduler_job.py:182} INFO - Started process (PID=1206) to work on /home/airflow/.local/lib/python3.6/site-packages/airflow/example_dags/tutorial_etl_dag.py
[2021-06-11 05:45:12,543] {scheduler_job.py:633} INFO - Processing file /home/airflow/.local/lib/python3.6/site-packages/airflow/example_dags/tutorial_etl_dag.py for tasks to queue
[2021-06-11 05:45:12,547] {logging_mixin.py:104} INFO - [2021-06-11 05:45:12,546] {dagbag.py:487} INFO - Filling up the DagBag from /home/airflow/.local/lib/python3.6/site-packages/airflow/example_dags/tutorial_etl_dag.py
[2021-06-11 05:45:12,568] {scheduler_job.py:643} INFO - DAG(s) dict_keys(['tutorial_etl_dag']) retrieved from /home/airflow/.local/lib/python3.6/site-packages/airflow/example_dags/tutorial_etl_dag.py
[2021-06-11 05:45:12,596] {logging_mixin.py:104} INFO - [2021-06-11 05:45:12,596] {dag.py:1832} INFO - Sync 1 DAGs
[2021-06-11 05:45:12,616] {logging_mixin.py:104} INFO - [2021-06-11 05:45:12,615] {dag.py:2305} INFO - Setting next_dagrun for tutorial_etl_dag to None
[2021-06-11 05:45:12,628] {scheduler_job.py:190} INFO - Processing /home/airflow/.local/lib/python3.6/site-packages/airflow/example_dags/tutorial_etl_dag.py took 0.102 seconds
[2021-06-11 05:45:42,767] {scheduler_job.py:182} INFO - Started process (PID=1291) to work on /home/airflow/.local/lib/python3.6/site-packages/airflow/example_dags/tutorial_etl_dag.py
[2021-06-11 05:45:42,770] {scheduler_job.py:633} INFO - Processing file /home/airflow/.local/lib/python3.6/site-packages/airflow/example_dags/tutorial_etl_dag.py for tasks to queue
[2021-06-11 05:45:42,771] {logging_mixin.py:104} INFO - [2021-06-11 05:45:42,771] {dagbag.py:487} INFO - Filling up the DagBag from /home/airflow/.local/lib/python3.6/site-packages/airflow/example_dags/tutorial_etl_dag.py
[2021-06-11 05:45:42,787] {scheduler_job.py:643} INFO - DAG(s) dict_keys(['tutorial_etl_dag']) retrieved from /home/airflow/.local/lib/python3.6/site-packages/airflow/example_dags/tutorial_etl_dag.py
[2021-06-11 05:45:42,817] {logging_mixin.py:104} INFO - [2021-06-11 05:45:42,817] {dag.py:1832} INFO - Sync 1 DAGs
[2021-06-11 05:45:42,843] {logging_mixin.py:104} INFO - [2021-06-11 05:45:42,843] {dag.py:2305} INFO - Setting next_dagrun for tutorial_etl_dag to None
[2021-06-11 05:45:42,858] {scheduler_job.py:190} INFO - Processing /home/airflow/.local/lib/python3.6/site-packages/airflow/example_dags/tutorial_etl_dag.py took 0.095 seconds
[2021-06-11 05:46:13,837] {scheduler_job.py:182} INFO - Started process (PID=1357) to work on /home/airflow/.local/lib/python3.6/site-packages/airflow/example_dags/tutorial_etl_dag.py
[2021-06-11 05:46:13,839] {scheduler_job.py:633} INFO - Processing file /home/airflow/.local/lib/python3.6/site-packages/airflow/example_dags/tutorial_etl_dag.py for tasks to queue
[2021-06-11 05:46:13,840] {logging_mixin.py:104} INFO - [2021-06-11 05:46:13,840] {dagbag.py:487} INFO - Filling up the DagBag from /home/airflow/.local/lib/python3.6/site-packages/airflow/example_dags/tutorial_etl_dag.py
[2021-06-11 05:46:13,854] {scheduler_job.py:643} INFO - DAG(s) dict_keys(['tutorial_etl_dag']) retrieved from /home/airflow/.local/lib/python3.6/site-packages/airflow/example_dags/tutorial_etl_dag.py
[2021-06-11 05:46:13,882] {logging_mixin.py:104} INFO - [2021-06-11 05:46:13,882] {dag.py:1832} INFO - Sync 1 DAGs
[2021-06-11 05:46:13,900] {logging_mixin.py:104} INFO - [2021-06-11 05:46:13,900] {dag.py:2305} INFO - Setting next_dagrun for tutorial_etl_dag to None
[2021-06-11 05:46:13,912] {scheduler_job.py:190} INFO - Processing /home/airflow/.local/lib/python3.6/site-packages/airflow/example_dags/tutorial_etl_dag.py took 0.079 seconds
[2021-06-11 05:46:44,059] {scheduler_job.py:182} INFO - Started process (PID=1441) to work on /home/airflow/.local/lib/python3.6/site-packages/airflow/example_dags/tutorial_etl_dag.py
[2021-06-11 05:46:44,061] {scheduler_job.py:633} INFO - Processing file /home/airflow/.local/lib/python3.6/site-packages/airflow/example_dags/tutorial_etl_dag.py for tasks to queue
[2021-06-11 05:46:44,062] {logging_mixin.py:104} INFO - [2021-06-11 05:46:44,062] {dagbag.py:487} INFO - Filling up the DagBag from /home/airflow/.local/lib/python3.6/site-packages/airflow/example_dags/tutorial_etl_dag.py
[2021-06-11 05:46:44,075] {scheduler_job.py:643} INFO - DAG(s) dict_keys(['tutorial_etl_dag']) retrieved from /home/airflow/.local/lib/python3.6/site-packages/airflow/example_dags/tutorial_etl_dag.py
[2021-06-11 05:46:44,103] {logging_mixin.py:104} INFO - [2021-06-11 05:46:44,103] {dag.py:1832} INFO - Sync 1 DAGs
[2021-06-11 05:46:44,122] {logging_mixin.py:104} INFO - [2021-06-11 05:46:44,122] {dag.py:2305} INFO - Setting next_dagrun for tutorial_etl_dag to None
[2021-06-11 05:46:44,140] {scheduler_job.py:190} INFO - Processing /home/airflow/.local/lib/python3.6/site-packages/airflow/example_dags/tutorial_etl_dag.py took 0.084 seconds
[2021-06-11 05:47:14,498] {scheduler_job.py:182} INFO - Started process (PID=1524) to work on /home/airflow/.local/lib/python3.6/site-packages/airflow/example_dags/tutorial_etl_dag.py
[2021-06-11 05:47:14,501] {scheduler_job.py:633} INFO - Processing file /home/airflow/.local/lib/python3.6/site-packages/airflow/example_dags/tutorial_etl_dag.py for tasks to queue
[2021-06-11 05:47:14,503] {logging_mixin.py:104} INFO - [2021-06-11 05:47:14,503] {dagbag.py:487} INFO - Filling up the DagBag from /home/airflow/.local/lib/python3.6/site-packages/airflow/example_dags/tutorial_etl_dag.py
[2021-06-11 05:47:14,517] {scheduler_job.py:643} INFO - DAG(s) dict_keys(['tutorial_etl_dag']) retrieved from /home/airflow/.local/lib/python3.6/site-packages/airflow/example_dags/tutorial_etl_dag.py
[2021-06-11 05:47:14,541] {logging_mixin.py:104} INFO - [2021-06-11 05:47:14,541] {dag.py:1832} INFO - Sync 1 DAGs
[2021-06-11 05:47:14,557] {logging_mixin.py:104} INFO - [2021-06-11 05:47:14,557] {dag.py:2305} INFO - Setting next_dagrun for tutorial_etl_dag to None
[2021-06-11 05:47:14,568] {scheduler_job.py:190} INFO - Processing /home/airflow/.local/lib/python3.6/site-packages/airflow/example_dags/tutorial_etl_dag.py took 0.074 seconds
[2021-06-11 05:47:44,700] {scheduler_job.py:182} INFO - Started process (PID=1590) to work on /home/airflow/.local/lib/python3.6/site-packages/airflow/example_dags/tutorial_etl_dag.py
[2021-06-11 05:47:44,701] {scheduler_job.py:633} INFO - Processing file /home/airflow/.local/lib/python3.6/site-packages/airflow/example_dags/tutorial_etl_dag.py for tasks to queue
[2021-06-11 05:47:44,703] {logging_mixin.py:104} INFO - [2021-06-11 05:47:44,703] {dagbag.py:487} INFO - Filling up the DagBag from /home/airflow/.local/lib/python3.6/site-packages/airflow/example_dags/tutorial_etl_dag.py
[2021-06-11 05:47:44,715] {scheduler_job.py:643} INFO - DAG(s) dict_keys(['tutorial_etl_dag']) retrieved from /home/airflow/.local/lib/python3.6/site-packages/airflow/example_dags/tutorial_etl_dag.py
[2021-06-11 05:47:44,744] {logging_mixin.py:104} INFO - [2021-06-11 05:47:44,744] {dag.py:1832} INFO - Sync 1 DAGs
[2021-06-11 05:47:44,768] {logging_mixin.py:104} INFO - [2021-06-11 05:47:44,767] {dag.py:2305} INFO - Setting next_dagrun for tutorial_etl_dag to None
[2021-06-11 05:47:44,779] {scheduler_job.py:190} INFO - Processing /home/airflow/.local/lib/python3.6/site-packages/airflow/example_dags/tutorial_etl_dag.py took 0.083 seconds
[2021-06-11 05:48:16,115] {scheduler_job.py:182} INFO - Started process (PID=1676) to work on /home/airflow/.local/lib/python3.6/site-packages/airflow/example_dags/tutorial_etl_dag.py
[2021-06-11 05:48:16,116] {scheduler_job.py:633} INFO - Processing file /home/airflow/.local/lib/python3.6/site-packages/airflow/example_dags/tutorial_etl_dag.py for tasks to queue
[2021-06-11 05:48:16,117] {logging_mixin.py:104} INFO - [2021-06-11 05:48:16,117] {dagbag.py:487} INFO - Filling up the DagBag from /home/airflow/.local/lib/python3.6/site-packages/airflow/example_dags/tutorial_etl_dag.py
[2021-06-11 05:48:16,131] {scheduler_job.py:643} INFO - DAG(s) dict_keys(['tutorial_etl_dag']) retrieved from /home/airflow/.local/lib/python3.6/site-packages/airflow/example_dags/tutorial_etl_dag.py
[2021-06-11 05:48:16,153] {logging_mixin.py:104} INFO - [2021-06-11 05:48:16,153] {dag.py:1832} INFO - Sync 1 DAGs
[2021-06-11 05:48:16,170] {logging_mixin.py:104} INFO - [2021-06-11 05:48:16,170] {dag.py:2305} INFO - Setting next_dagrun for tutorial_etl_dag to None
[2021-06-11 05:48:16,180] {scheduler_job.py:190} INFO - Processing /home/airflow/.local/lib/python3.6/site-packages/airflow/example_dags/tutorial_etl_dag.py took 0.069 seconds
[2021-06-11 05:48:46,970] {scheduler_job.py:182} INFO - Started process (PID=1761) to work on /home/airflow/.local/lib/python3.6/site-packages/airflow/example_dags/tutorial_etl_dag.py
[2021-06-11 05:48:46,972] {scheduler_job.py:633} INFO - Processing file /home/airflow/.local/lib/python3.6/site-packages/airflow/example_dags/tutorial_etl_dag.py for tasks to queue
[2021-06-11 05:48:46,974] {logging_mixin.py:104} INFO - [2021-06-11 05:48:46,974] {dagbag.py:487} INFO - Filling up the DagBag from /home/airflow/.local/lib/python3.6/site-packages/airflow/example_dags/tutorial_etl_dag.py
[2021-06-11 05:48:46,989] {scheduler_job.py:643} INFO - DAG(s) dict_keys(['tutorial_etl_dag']) retrieved from /home/airflow/.local/lib/python3.6/site-packages/airflow/example_dags/tutorial_etl_dag.py
[2021-06-11 05:48:47,016] {logging_mixin.py:104} INFO - [2021-06-11 05:48:47,016] {dag.py:1832} INFO - Sync 1 DAGs
[2021-06-11 05:48:47,035] {logging_mixin.py:104} INFO - [2021-06-11 05:48:47,034] {dag.py:2305} INFO - Setting next_dagrun for tutorial_etl_dag to None
[2021-06-11 05:48:47,048] {scheduler_job.py:190} INFO - Processing /home/airflow/.local/lib/python3.6/site-packages/airflow/example_dags/tutorial_etl_dag.py took 0.083 seconds
[2021-06-11 05:49:18,344] {scheduler_job.py:182} INFO - Started process (PID=1827) to work on /home/airflow/.local/lib/python3.6/site-packages/airflow/example_dags/tutorial_etl_dag.py
[2021-06-11 05:49:18,346] {scheduler_job.py:633} INFO - Processing file /home/airflow/.local/lib/python3.6/site-packages/airflow/example_dags/tutorial_etl_dag.py for tasks to queue
[2021-06-11 05:49:18,348] {logging_mixin.py:104} INFO - [2021-06-11 05:49:18,348] {dagbag.py:487} INFO - Filling up the DagBag from /home/airflow/.local/lib/python3.6/site-packages/airflow/example_dags/tutorial_etl_dag.py
[2021-06-11 05:49:18,364] {scheduler_job.py:643} INFO - DAG(s) dict_keys(['tutorial_etl_dag']) retrieved from /home/airflow/.local/lib/python3.6/site-packages/airflow/example_dags/tutorial_etl_dag.py
[2021-06-11 05:49:18,398] {logging_mixin.py:104} INFO - [2021-06-11 05:49:18,398] {dag.py:1832} INFO - Sync 1 DAGs
[2021-06-11 05:49:18,417] {logging_mixin.py:104} INFO - [2021-06-11 05:49:18,417] {dag.py:2305} INFO - Setting next_dagrun for tutorial_etl_dag to None
[2021-06-11 05:49:18,432] {scheduler_job.py:190} INFO - Processing /home/airflow/.local/lib/python3.6/site-packages/airflow/example_dags/tutorial_etl_dag.py took 0.093 seconds
[2021-06-11 05:49:49,238] {scheduler_job.py:182} INFO - Started process (PID=1909) to work on /home/airflow/.local/lib/python3.6/site-packages/airflow/example_dags/tutorial_etl_dag.py
[2021-06-11 05:49:49,241] {scheduler_job.py:633} INFO - Processing file /home/airflow/.local/lib/python3.6/site-packages/airflow/example_dags/tutorial_etl_dag.py for tasks to queue
[2021-06-11 05:49:49,242] {logging_mixin.py:104} INFO - [2021-06-11 05:49:49,242] {dagbag.py:487} INFO - Filling up the DagBag from /home/airflow/.local/lib/python3.6/site-packages/airflow/example_dags/tutorial_etl_dag.py
[2021-06-11 05:49:49,270] {scheduler_job.py:643} INFO - DAG(s) dict_keys(['tutorial_etl_dag']) retrieved from /home/airflow/.local/lib/python3.6/site-packages/airflow/example_dags/tutorial_etl_dag.py
[2021-06-11 05:49:49,297] {logging_mixin.py:104} INFO - [2021-06-11 05:49:49,297] {dag.py:1832} INFO - Sync 1 DAGs
[2021-06-11 05:49:49,313] {logging_mixin.py:104} INFO - [2021-06-11 05:49:49,313] {dag.py:2305} INFO - Setting next_dagrun for tutorial_etl_dag to None
[2021-06-11 05:49:49,323] {scheduler_job.py:190} INFO - Processing /home/airflow/.local/lib/python3.6/site-packages/airflow/example_dags/tutorial_etl_dag.py took 0.090 seconds
[2021-06-11 05:50:19,670] {scheduler_job.py:182} INFO - Started process (PID=1994) to work on /home/airflow/.local/lib/python3.6/site-packages/airflow/example_dags/tutorial_etl_dag.py
[2021-06-11 05:50:19,672] {scheduler_job.py:633} INFO - Processing file /home/airflow/.local/lib/python3.6/site-packages/airflow/example_dags/tutorial_etl_dag.py for tasks to queue
[2021-06-11 05:50:19,673] {logging_mixin.py:104} INFO - [2021-06-11 05:50:19,673] {dagbag.py:487} INFO - Filling up the DagBag from /home/airflow/.local/lib/python3.6/site-packages/airflow/example_dags/tutorial_etl_dag.py
[2021-06-11 05:50:19,695] {scheduler_job.py:643} INFO - DAG(s) dict_keys(['tutorial_etl_dag']) retrieved from /home/airflow/.local/lib/python3.6/site-packages/airflow/example_dags/tutorial_etl_dag.py
[2021-06-11 05:50:19,721] {logging_mixin.py:104} INFO - [2021-06-11 05:50:19,721] {dag.py:1832} INFO - Sync 1 DAGs
[2021-06-11 05:50:19,746] {logging_mixin.py:104} INFO - [2021-06-11 05:50:19,746] {dag.py:2305} INFO - Setting next_dagrun for tutorial_etl_dag to None
[2021-06-11 05:50:19,757] {scheduler_job.py:190} INFO - Processing /home/airflow/.local/lib/python3.6/site-packages/airflow/example_dags/tutorial_etl_dag.py took 0.091 seconds
[2021-06-11 05:50:50,895] {scheduler_job.py:182} INFO - Started process (PID=2061) to work on /home/airflow/.local/lib/python3.6/site-packages/airflow/example_dags/tutorial_etl_dag.py
[2021-06-11 05:50:50,896] {scheduler_job.py:633} INFO - Processing file /home/airflow/.local/lib/python3.6/site-packages/airflow/example_dags/tutorial_etl_dag.py for tasks to queue
[2021-06-11 05:50:50,898] {logging_mixin.py:104} INFO - [2021-06-11 05:50:50,897] {dagbag.py:487} INFO - Filling up the DagBag from /home/airflow/.local/lib/python3.6/site-packages/airflow/example_dags/tutorial_etl_dag.py
[2021-06-11 05:50:50,910] {scheduler_job.py:643} INFO - DAG(s) dict_keys(['tutorial_etl_dag']) retrieved from /home/airflow/.local/lib/python3.6/site-packages/airflow/example_dags/tutorial_etl_dag.py
[2021-06-11 05:50:50,932] {logging_mixin.py:104} INFO - [2021-06-11 05:50:50,931] {dag.py:1832} INFO - Sync 1 DAGs
[2021-06-11 05:50:50,947] {logging_mixin.py:104} INFO - [2021-06-11 05:50:50,947] {dag.py:2305} INFO - Setting next_dagrun for tutorial_etl_dag to None
[2021-06-11 05:50:50,957] {scheduler_job.py:190} INFO - Processing /home/airflow/.local/lib/python3.6/site-packages/airflow/example_dags/tutorial_etl_dag.py took 0.065 seconds
[2021-06-11 05:51:21,049] {scheduler_job.py:182} INFO - Started process (PID=2145) to work on /home/airflow/.local/lib/python3.6/site-packages/airflow/example_dags/tutorial_etl_dag.py
[2021-06-11 05:51:21,051] {scheduler_job.py:633} INFO - Processing file /home/airflow/.local/lib/python3.6/site-packages/airflow/example_dags/tutorial_etl_dag.py for tasks to queue
[2021-06-11 05:51:21,052] {logging_mixin.py:104} INFO - [2021-06-11 05:51:21,052] {dagbag.py:487} INFO - Filling up the DagBag from /home/airflow/.local/lib/python3.6/site-packages/airflow/example_dags/tutorial_etl_dag.py
[2021-06-11 05:51:21,065] {scheduler_job.py:643} INFO - DAG(s) dict_keys(['tutorial_etl_dag']) retrieved from /home/airflow/.local/lib/python3.6/site-packages/airflow/example_dags/tutorial_etl_dag.py
[2021-06-11 05:51:21,088] {logging_mixin.py:104} INFO - [2021-06-11 05:51:21,088] {dag.py:1832} INFO - Sync 1 DAGs
[2021-06-11 05:51:21,103] {logging_mixin.py:104} INFO - [2021-06-11 05:51:21,103] {dag.py:2305} INFO - Setting next_dagrun for tutorial_etl_dag to None
[2021-06-11 05:51:21,115] {scheduler_job.py:190} INFO - Processing /home/airflow/.local/lib/python3.6/site-packages/airflow/example_dags/tutorial_etl_dag.py took 0.070 seconds
[2021-06-11 05:51:51,248] {scheduler_job.py:182} INFO - Started process (PID=2222) to work on /home/airflow/.local/lib/python3.6/site-packages/airflow/example_dags/tutorial_etl_dag.py
[2021-06-11 05:51:51,249] {scheduler_job.py:633} INFO - Processing file /home/airflow/.local/lib/python3.6/site-packages/airflow/example_dags/tutorial_etl_dag.py for tasks to queue
[2021-06-11 05:51:51,251] {logging_mixin.py:104} INFO - [2021-06-11 05:51:51,250] {dagbag.py:487} INFO - Filling up the DagBag from /home/airflow/.local/lib/python3.6/site-packages/airflow/example_dags/tutorial_etl_dag.py
[2021-06-11 05:51:51,263] {scheduler_job.py:643} INFO - DAG(s) dict_keys(['tutorial_etl_dag']) retrieved from /home/airflow/.local/lib/python3.6/site-packages/airflow/example_dags/tutorial_etl_dag.py
[2021-06-11 05:51:51,289] {logging_mixin.py:104} INFO - [2021-06-11 05:51:51,289] {dag.py:1832} INFO - Sync 1 DAGs
[2021-06-11 05:51:51,305] {logging_mixin.py:104} INFO - [2021-06-11 05:51:51,305] {dag.py:2305} INFO - Setting next_dagrun for tutorial_etl_dag to None
[2021-06-11 05:51:51,316] {scheduler_job.py:190} INFO - Processing /home/airflow/.local/lib/python3.6/site-packages/airflow/example_dags/tutorial_etl_dag.py took 0.072 seconds
[2021-06-11 05:52:21,429] {scheduler_job.py:182} INFO - Started process (PID=2294) to work on /home/airflow/.local/lib/python3.6/site-packages/airflow/example_dags/tutorial_etl_dag.py
[2021-06-11 05:52:21,431] {scheduler_job.py:633} INFO - Processing file /home/airflow/.local/lib/python3.6/site-packages/airflow/example_dags/tutorial_etl_dag.py for tasks to queue
[2021-06-11 05:52:21,432] {logging_mixin.py:104} INFO - [2021-06-11 05:52:21,432] {dagbag.py:487} INFO - Filling up the DagBag from /home/airflow/.local/lib/python3.6/site-packages/airflow/example_dags/tutorial_etl_dag.py
[2021-06-11 05:52:21,445] {scheduler_job.py:643} INFO - DAG(s) dict_keys(['tutorial_etl_dag']) retrieved from /home/airflow/.local/lib/python3.6/site-packages/airflow/example_dags/tutorial_etl_dag.py
[2021-06-11 05:52:21,469] {logging_mixin.py:104} INFO - [2021-06-11 05:52:21,469] {dag.py:1832} INFO - Sync 1 DAGs
[2021-06-11 05:52:21,486] {logging_mixin.py:104} INFO - [2021-06-11 05:52:21,486] {dag.py:2305} INFO - Setting next_dagrun for tutorial_etl_dag to None
[2021-06-11 05:52:21,496] {scheduler_job.py:190} INFO - Processing /home/airflow/.local/lib/python3.6/site-packages/airflow/example_dags/tutorial_etl_dag.py took 0.071 seconds
[2021-06-11 05:52:52,012] {scheduler_job.py:182} INFO - Started process (PID=2378) to work on /home/airflow/.local/lib/python3.6/site-packages/airflow/example_dags/tutorial_etl_dag.py
[2021-06-11 05:52:52,014] {scheduler_job.py:633} INFO - Processing file /home/airflow/.local/lib/python3.6/site-packages/airflow/example_dags/tutorial_etl_dag.py for tasks to queue
[2021-06-11 05:52:52,015] {logging_mixin.py:104} INFO - [2021-06-11 05:52:52,015] {dagbag.py:487} INFO - Filling up the DagBag from /home/airflow/.local/lib/python3.6/site-packages/airflow/example_dags/tutorial_etl_dag.py
[2021-06-11 05:52:52,028] {scheduler_job.py:643} INFO - DAG(s) dict_keys(['tutorial_etl_dag']) retrieved from /home/airflow/.local/lib/python3.6/site-packages/airflow/example_dags/tutorial_etl_dag.py
[2021-06-11 05:52:52,053] {logging_mixin.py:104} INFO - [2021-06-11 05:52:52,053] {dag.py:1832} INFO - Sync 1 DAGs
[2021-06-11 05:52:52,071] {logging_mixin.py:104} INFO - [2021-06-11 05:52:52,071] {dag.py:2305} INFO - Setting next_dagrun for tutorial_etl_dag to None
[2021-06-11 05:52:52,082] {scheduler_job.py:190} INFO - Processing /home/airflow/.local/lib/python3.6/site-packages/airflow/example_dags/tutorial_etl_dag.py took 0.074 seconds
[2021-06-11 05:53:22,580] {scheduler_job.py:182} INFO - Started process (PID=2445) to work on /home/airflow/.local/lib/python3.6/site-packages/airflow/example_dags/tutorial_etl_dag.py
[2021-06-11 05:53:22,581] {scheduler_job.py:633} INFO - Processing file /home/airflow/.local/lib/python3.6/site-packages/airflow/example_dags/tutorial_etl_dag.py for tasks to queue
[2021-06-11 05:53:22,583] {logging_mixin.py:104} INFO - [2021-06-11 05:53:22,582] {dagbag.py:487} INFO - Filling up the DagBag from /home/airflow/.local/lib/python3.6/site-packages/airflow/example_dags/tutorial_etl_dag.py
[2021-06-11 05:53:22,598] {scheduler_job.py:643} INFO - DAG(s) dict_keys(['tutorial_etl_dag']) retrieved from /home/airflow/.local/lib/python3.6/site-packages/airflow/example_dags/tutorial_etl_dag.py
[2021-06-11 05:53:22,620] {logging_mixin.py:104} INFO - [2021-06-11 05:53:22,620] {dag.py:1832} INFO - Sync 1 DAGs
[2021-06-11 05:53:22,635] {logging_mixin.py:104} INFO - [2021-06-11 05:53:22,635] {dag.py:2305} INFO - Setting next_dagrun for tutorial_etl_dag to None
[2021-06-11 05:53:22,645] {scheduler_job.py:190} INFO - Processing /home/airflow/.local/lib/python3.6/site-packages/airflow/example_dags/tutorial_etl_dag.py took 0.070 seconds
