[2021-06-11 05:37:56,025] {scheduler_job.py:182} INFO - Started process (PID=77) to work on /home/airflow/.local/lib/python3.6/site-packages/airflow/example_dags/tutorial.py
[2021-06-11 05:37:56,027] {scheduler_job.py:633} INFO - Processing file /home/airflow/.local/lib/python3.6/site-packages/airflow/example_dags/tutorial.py for tasks to queue
[2021-06-11 05:37:56,028] {logging_mixin.py:104} INFO - [2021-06-11 05:37:56,028] {dagbag.py:487} INFO - Filling up the DagBag from /home/airflow/.local/lib/python3.6/site-packages/airflow/example_dags/tutorial.py
[2021-06-11 05:37:56,042] {scheduler_job.py:643} INFO - DAG(s) dict_keys(['tutorial']) retrieved from /home/airflow/.local/lib/python3.6/site-packages/airflow/example_dags/tutorial.py
[2021-06-11 05:37:57,765] {logging_mixin.py:104} INFO - [2021-06-11 05:37:57,765] {dag.py:1832} INFO - Sync 1 DAGs
[2021-06-11 05:37:57,774] {logging_mixin.py:104} INFO - [2021-06-11 05:37:57,773] {dag.py:1851} INFO - Creating ORM DAG for tutorial
[2021-06-11 05:37:57,778] {logging_mixin.py:104} INFO - [2021-06-11 05:37:57,778] {dag.py:2305} INFO - Setting next_dagrun for tutorial to 2021-06-09 00:00:00+00:00
[2021-06-11 05:37:57,788] {scheduler_job.py:190} INFO - Processing /home/airflow/.local/lib/python3.6/site-packages/airflow/example_dags/tutorial.py took 1.766 seconds
[2021-06-11 05:38:27,929] {scheduler_job.py:182} INFO - Started process (PID=178) to work on /home/airflow/.local/lib/python3.6/site-packages/airflow/example_dags/tutorial.py
[2021-06-11 05:38:27,930] {scheduler_job.py:633} INFO - Processing file /home/airflow/.local/lib/python3.6/site-packages/airflow/example_dags/tutorial.py for tasks to queue
[2021-06-11 05:38:27,931] {logging_mixin.py:104} INFO - [2021-06-11 05:38:27,931] {dagbag.py:487} INFO - Filling up the DagBag from /home/airflow/.local/lib/python3.6/site-packages/airflow/example_dags/tutorial.py
[2021-06-11 05:38:27,944] {scheduler_job.py:643} INFO - DAG(s) dict_keys(['tutorial']) retrieved from /home/airflow/.local/lib/python3.6/site-packages/airflow/example_dags/tutorial.py
[2021-06-11 05:38:27,966] {logging_mixin.py:104} INFO - [2021-06-11 05:38:27,966] {dag.py:1832} INFO - Sync 1 DAGs
[2021-06-11 05:38:27,981] {logging_mixin.py:104} INFO - [2021-06-11 05:38:27,981] {dag.py:2305} INFO - Setting next_dagrun for tutorial to 2021-06-09 00:00:00+00:00
[2021-06-11 05:38:27,991] {scheduler_job.py:190} INFO - Processing /home/airflow/.local/lib/python3.6/site-packages/airflow/example_dags/tutorial.py took 0.066 seconds
[2021-06-11 05:38:58,529] {scheduler_job.py:182} INFO - Started process (PID=260) to work on /home/airflow/.local/lib/python3.6/site-packages/airflow/example_dags/tutorial.py
[2021-06-11 05:38:58,531] {scheduler_job.py:633} INFO - Processing file /home/airflow/.local/lib/python3.6/site-packages/airflow/example_dags/tutorial.py for tasks to queue
[2021-06-11 05:38:58,532] {logging_mixin.py:104} INFO - [2021-06-11 05:38:58,532] {dagbag.py:487} INFO - Filling up the DagBag from /home/airflow/.local/lib/python3.6/site-packages/airflow/example_dags/tutorial.py
[2021-06-11 05:38:58,547] {scheduler_job.py:643} INFO - DAG(s) dict_keys(['tutorial']) retrieved from /home/airflow/.local/lib/python3.6/site-packages/airflow/example_dags/tutorial.py
[2021-06-11 05:38:58,569] {logging_mixin.py:104} INFO - [2021-06-11 05:38:58,569] {dag.py:1832} INFO - Sync 1 DAGs
[2021-06-11 05:38:58,584] {logging_mixin.py:104} INFO - [2021-06-11 05:38:58,584] {dag.py:2305} INFO - Setting next_dagrun for tutorial to 2021-06-09 00:00:00+00:00
[2021-06-11 05:38:58,594] {scheduler_job.py:190} INFO - Processing /home/airflow/.local/lib/python3.6/site-packages/airflow/example_dags/tutorial.py took 0.070 seconds
[2021-06-11 05:39:28,644] {scheduler_job.py:182} INFO - Started process (PID=327) to work on /home/airflow/.local/lib/python3.6/site-packages/airflow/example_dags/tutorial.py
[2021-06-11 05:39:28,645] {scheduler_job.py:633} INFO - Processing file /home/airflow/.local/lib/python3.6/site-packages/airflow/example_dags/tutorial.py for tasks to queue
[2021-06-11 05:39:28,646] {logging_mixin.py:104} INFO - [2021-06-11 05:39:28,646] {dagbag.py:487} INFO - Filling up the DagBag from /home/airflow/.local/lib/python3.6/site-packages/airflow/example_dags/tutorial.py
[2021-06-11 05:39:28,657] {scheduler_job.py:643} INFO - DAG(s) dict_keys(['tutorial']) retrieved from /home/airflow/.local/lib/python3.6/site-packages/airflow/example_dags/tutorial.py
[2021-06-11 05:39:28,681] {logging_mixin.py:104} INFO - [2021-06-11 05:39:28,681] {dag.py:1832} INFO - Sync 1 DAGs
[2021-06-11 05:39:28,696] {logging_mixin.py:104} INFO - [2021-06-11 05:39:28,696] {dag.py:2305} INFO - Setting next_dagrun for tutorial to 2021-06-09 00:00:00+00:00
[2021-06-11 05:39:28,707] {scheduler_job.py:190} INFO - Processing /home/airflow/.local/lib/python3.6/site-packages/airflow/example_dags/tutorial.py took 0.067 seconds
[2021-06-11 05:39:59,516] {scheduler_job.py:182} INFO - Started process (PID=413) to work on /home/airflow/.local/lib/python3.6/site-packages/airflow/example_dags/tutorial.py
[2021-06-11 05:39:59,518] {scheduler_job.py:633} INFO - Processing file /home/airflow/.local/lib/python3.6/site-packages/airflow/example_dags/tutorial.py for tasks to queue
[2021-06-11 05:39:59,519] {logging_mixin.py:104} INFO - [2021-06-11 05:39:59,519] {dagbag.py:487} INFO - Filling up the DagBag from /home/airflow/.local/lib/python3.6/site-packages/airflow/example_dags/tutorial.py
[2021-06-11 05:39:59,532] {scheduler_job.py:643} INFO - DAG(s) dict_keys(['tutorial']) retrieved from /home/airflow/.local/lib/python3.6/site-packages/airflow/example_dags/tutorial.py
[2021-06-11 05:39:59,554] {logging_mixin.py:104} INFO - [2021-06-11 05:39:59,554] {dag.py:1832} INFO - Sync 1 DAGs
[2021-06-11 05:39:59,569] {logging_mixin.py:104} INFO - [2021-06-11 05:39:59,569] {dag.py:2305} INFO - Setting next_dagrun for tutorial to 2021-06-09 00:00:00+00:00
[2021-06-11 05:39:59,580] {scheduler_job.py:190} INFO - Processing /home/airflow/.local/lib/python3.6/site-packages/airflow/example_dags/tutorial.py took 0.067 seconds
[2021-06-11 05:40:29,821] {scheduler_job.py:182} INFO - Started process (PID=497) to work on /home/airflow/.local/lib/python3.6/site-packages/airflow/example_dags/tutorial.py
[2021-06-11 05:40:29,823] {scheduler_job.py:633} INFO - Processing file /home/airflow/.local/lib/python3.6/site-packages/airflow/example_dags/tutorial.py for tasks to queue
[2021-06-11 05:40:29,824] {logging_mixin.py:104} INFO - [2021-06-11 05:40:29,824] {dagbag.py:487} INFO - Filling up the DagBag from /home/airflow/.local/lib/python3.6/site-packages/airflow/example_dags/tutorial.py
[2021-06-11 05:40:29,839] {scheduler_job.py:643} INFO - DAG(s) dict_keys(['tutorial']) retrieved from /home/airflow/.local/lib/python3.6/site-packages/airflow/example_dags/tutorial.py
[2021-06-11 05:40:29,872] {logging_mixin.py:104} INFO - [2021-06-11 05:40:29,872] {dag.py:1832} INFO - Sync 1 DAGs
[2021-06-11 05:40:29,890] {logging_mixin.py:104} INFO - [2021-06-11 05:40:29,889] {dag.py:2305} INFO - Setting next_dagrun for tutorial to 2021-06-09 00:00:00+00:00
[2021-06-11 05:40:29,900] {scheduler_job.py:190} INFO - Processing /home/airflow/.local/lib/python3.6/site-packages/airflow/example_dags/tutorial.py took 0.083 seconds
[2021-06-11 05:41:00,295] {scheduler_job.py:182} INFO - Started process (PID=563) to work on /home/airflow/.local/lib/python3.6/site-packages/airflow/example_dags/tutorial.py
[2021-06-11 05:41:00,297] {scheduler_job.py:633} INFO - Processing file /home/airflow/.local/lib/python3.6/site-packages/airflow/example_dags/tutorial.py for tasks to queue
[2021-06-11 05:41:00,298] {logging_mixin.py:104} INFO - [2021-06-11 05:41:00,298] {dagbag.py:487} INFO - Filling up the DagBag from /home/airflow/.local/lib/python3.6/site-packages/airflow/example_dags/tutorial.py
[2021-06-11 05:41:00,310] {scheduler_job.py:643} INFO - DAG(s) dict_keys(['tutorial']) retrieved from /home/airflow/.local/lib/python3.6/site-packages/airflow/example_dags/tutorial.py
[2021-06-11 05:41:00,334] {logging_mixin.py:104} INFO - [2021-06-11 05:41:00,334] {dag.py:1832} INFO - Sync 1 DAGs
[2021-06-11 05:41:00,349] {logging_mixin.py:104} INFO - [2021-06-11 05:41:00,349] {dag.py:2305} INFO - Setting next_dagrun for tutorial to 2021-06-09 00:00:00+00:00
[2021-06-11 05:41:00,358] {scheduler_job.py:190} INFO - Processing /home/airflow/.local/lib/python3.6/site-packages/airflow/example_dags/tutorial.py took 0.066 seconds
[2021-06-11 05:41:30,878] {scheduler_job.py:182} INFO - Started process (PID=646) to work on /home/airflow/.local/lib/python3.6/site-packages/airflow/example_dags/tutorial.py
[2021-06-11 05:41:30,879] {scheduler_job.py:633} INFO - Processing file /home/airflow/.local/lib/python3.6/site-packages/airflow/example_dags/tutorial.py for tasks to queue
[2021-06-11 05:41:30,881] {logging_mixin.py:104} INFO - [2021-06-11 05:41:30,880] {dagbag.py:487} INFO - Filling up the DagBag from /home/airflow/.local/lib/python3.6/site-packages/airflow/example_dags/tutorial.py
[2021-06-11 05:41:30,894] {scheduler_job.py:643} INFO - DAG(s) dict_keys(['tutorial']) retrieved from /home/airflow/.local/lib/python3.6/site-packages/airflow/example_dags/tutorial.py
[2021-06-11 05:41:30,928] {logging_mixin.py:104} INFO - [2021-06-11 05:41:30,927] {dag.py:1832} INFO - Sync 1 DAGs
[2021-06-11 05:41:30,955] {logging_mixin.py:104} INFO - [2021-06-11 05:41:30,955] {dag.py:2305} INFO - Setting next_dagrun for tutorial to 2021-06-09 00:00:00+00:00
[2021-06-11 05:41:30,970] {scheduler_job.py:190} INFO - Processing /home/airflow/.local/lib/python3.6/site-packages/airflow/example_dags/tutorial.py took 0.095 seconds
[2021-06-11 05:42:01,216] {scheduler_job.py:182} INFO - Started process (PID=730) to work on /home/airflow/.local/lib/python3.6/site-packages/airflow/example_dags/tutorial.py
[2021-06-11 05:42:01,217] {scheduler_job.py:633} INFO - Processing file /home/airflow/.local/lib/python3.6/site-packages/airflow/example_dags/tutorial.py for tasks to queue
[2021-06-11 05:42:01,218] {logging_mixin.py:104} INFO - [2021-06-11 05:42:01,218] {dagbag.py:487} INFO - Filling up the DagBag from /home/airflow/.local/lib/python3.6/site-packages/airflow/example_dags/tutorial.py
[2021-06-11 05:42:01,232] {scheduler_job.py:643} INFO - DAG(s) dict_keys(['tutorial']) retrieved from /home/airflow/.local/lib/python3.6/site-packages/airflow/example_dags/tutorial.py
[2021-06-11 05:42:01,255] {logging_mixin.py:104} INFO - [2021-06-11 05:42:01,255] {dag.py:1832} INFO - Sync 1 DAGs
[2021-06-11 05:42:01,272] {logging_mixin.py:104} INFO - [2021-06-11 05:42:01,271] {dag.py:2305} INFO - Setting next_dagrun for tutorial to 2021-06-09 00:00:00+00:00
[2021-06-11 05:42:01,282] {scheduler_job.py:190} INFO - Processing /home/airflow/.local/lib/python3.6/site-packages/airflow/example_dags/tutorial.py took 0.070 seconds
[2021-06-11 05:42:32,034] {scheduler_job.py:182} INFO - Started process (PID=797) to work on /home/airflow/.local/lib/python3.6/site-packages/airflow/example_dags/tutorial.py
[2021-06-11 05:42:32,036] {scheduler_job.py:633} INFO - Processing file /home/airflow/.local/lib/python3.6/site-packages/airflow/example_dags/tutorial.py for tasks to queue
[2021-06-11 05:42:32,037] {logging_mixin.py:104} INFO - [2021-06-11 05:42:32,037] {dagbag.py:487} INFO - Filling up the DagBag from /home/airflow/.local/lib/python3.6/site-packages/airflow/example_dags/tutorial.py
[2021-06-11 05:42:32,051] {scheduler_job.py:643} INFO - DAG(s) dict_keys(['tutorial']) retrieved from /home/airflow/.local/lib/python3.6/site-packages/airflow/example_dags/tutorial.py
[2021-06-11 05:42:32,076] {logging_mixin.py:104} INFO - [2021-06-11 05:42:32,076] {dag.py:1832} INFO - Sync 1 DAGs
[2021-06-11 05:42:32,093] {logging_mixin.py:104} INFO - [2021-06-11 05:42:32,093] {dag.py:2305} INFO - Setting next_dagrun for tutorial to 2021-06-09 00:00:00+00:00
[2021-06-11 05:42:32,105] {scheduler_job.py:190} INFO - Processing /home/airflow/.local/lib/python3.6/site-packages/airflow/example_dags/tutorial.py took 0.074 seconds
[2021-06-11 05:43:02,255] {scheduler_job.py:182} INFO - Started process (PID=882) to work on /home/airflow/.local/lib/python3.6/site-packages/airflow/example_dags/tutorial.py
[2021-06-11 05:43:02,257] {scheduler_job.py:633} INFO - Processing file /home/airflow/.local/lib/python3.6/site-packages/airflow/example_dags/tutorial.py for tasks to queue
[2021-06-11 05:43:02,258] {logging_mixin.py:104} INFO - [2021-06-11 05:43:02,258] {dagbag.py:487} INFO - Filling up the DagBag from /home/airflow/.local/lib/python3.6/site-packages/airflow/example_dags/tutorial.py
[2021-06-11 05:43:02,271] {scheduler_job.py:643} INFO - DAG(s) dict_keys(['tutorial']) retrieved from /home/airflow/.local/lib/python3.6/site-packages/airflow/example_dags/tutorial.py
[2021-06-11 05:43:02,294] {logging_mixin.py:104} INFO - [2021-06-11 05:43:02,294] {dag.py:1832} INFO - Sync 1 DAGs
[2021-06-11 05:43:02,311] {logging_mixin.py:104} INFO - [2021-06-11 05:43:02,311] {dag.py:2305} INFO - Setting next_dagrun for tutorial to 2021-06-09 00:00:00+00:00
[2021-06-11 05:43:02,321] {scheduler_job.py:190} INFO - Processing /home/airflow/.local/lib/python3.6/site-packages/airflow/example_dags/tutorial.py took 0.070 seconds
[2021-06-11 05:43:32,994] {scheduler_job.py:182} INFO - Started process (PID=959) to work on /home/airflow/.local/lib/python3.6/site-packages/airflow/example_dags/tutorial.py
[2021-06-11 05:43:32,996] {scheduler_job.py:633} INFO - Processing file /home/airflow/.local/lib/python3.6/site-packages/airflow/example_dags/tutorial.py for tasks to queue
[2021-06-11 05:43:32,997] {logging_mixin.py:104} INFO - [2021-06-11 05:43:32,997] {dagbag.py:487} INFO - Filling up the DagBag from /home/airflow/.local/lib/python3.6/site-packages/airflow/example_dags/tutorial.py
[2021-06-11 05:43:33,010] {scheduler_job.py:643} INFO - DAG(s) dict_keys(['tutorial']) retrieved from /home/airflow/.local/lib/python3.6/site-packages/airflow/example_dags/tutorial.py
[2021-06-11 05:43:33,032] {logging_mixin.py:104} INFO - [2021-06-11 05:43:33,032] {dag.py:1832} INFO - Sync 1 DAGs
[2021-06-11 05:43:33,048] {logging_mixin.py:104} INFO - [2021-06-11 05:43:33,048] {dag.py:2305} INFO - Setting next_dagrun for tutorial to 2021-06-09 00:00:00+00:00
[2021-06-11 05:43:33,059] {scheduler_job.py:190} INFO - Processing /home/airflow/.local/lib/python3.6/site-packages/airflow/example_dags/tutorial.py took 0.069 seconds
[2021-06-11 05:44:03,726] {scheduler_job.py:182} INFO - Started process (PID=1031) to work on /home/airflow/.local/lib/python3.6/site-packages/airflow/example_dags/tutorial.py
[2021-06-11 05:44:03,728] {scheduler_job.py:633} INFO - Processing file /home/airflow/.local/lib/python3.6/site-packages/airflow/example_dags/tutorial.py for tasks to queue
[2021-06-11 05:44:03,729] {logging_mixin.py:104} INFO - [2021-06-11 05:44:03,729] {dagbag.py:487} INFO - Filling up the DagBag from /home/airflow/.local/lib/python3.6/site-packages/airflow/example_dags/tutorial.py
[2021-06-11 05:44:03,741] {scheduler_job.py:643} INFO - DAG(s) dict_keys(['tutorial']) retrieved from /home/airflow/.local/lib/python3.6/site-packages/airflow/example_dags/tutorial.py
[2021-06-11 05:44:03,765] {logging_mixin.py:104} INFO - [2021-06-11 05:44:03,765] {dag.py:1832} INFO - Sync 1 DAGs
[2021-06-11 05:44:03,782] {logging_mixin.py:104} INFO - [2021-06-11 05:44:03,781] {dag.py:2305} INFO - Setting next_dagrun for tutorial to 2021-06-09 00:00:00+00:00
[2021-06-11 05:44:03,791] {scheduler_job.py:190} INFO - Processing /home/airflow/.local/lib/python3.6/site-packages/airflow/example_dags/tutorial.py took 0.069 seconds
[2021-06-11 05:44:34,549] {scheduler_job.py:182} INFO - Started process (PID=1114) to work on /home/airflow/.local/lib/python3.6/site-packages/airflow/example_dags/tutorial.py
[2021-06-11 05:44:34,553] {scheduler_job.py:633} INFO - Processing file /home/airflow/.local/lib/python3.6/site-packages/airflow/example_dags/tutorial.py for tasks to queue
[2021-06-11 05:44:34,555] {logging_mixin.py:104} INFO - [2021-06-11 05:44:34,554] {dagbag.py:487} INFO - Filling up the DagBag from /home/airflow/.local/lib/python3.6/site-packages/airflow/example_dags/tutorial.py
[2021-06-11 05:44:34,573] {scheduler_job.py:643} INFO - DAG(s) dict_keys(['tutorial']) retrieved from /home/airflow/.local/lib/python3.6/site-packages/airflow/example_dags/tutorial.py
[2021-06-11 05:44:34,615] {logging_mixin.py:104} INFO - [2021-06-11 05:44:34,614] {dag.py:1832} INFO - Sync 1 DAGs
[2021-06-11 05:44:34,641] {logging_mixin.py:104} INFO - [2021-06-11 05:44:34,640] {dag.py:2305} INFO - Setting next_dagrun for tutorial to 2021-06-09 00:00:00+00:00
[2021-06-11 05:44:34,656] {scheduler_job.py:190} INFO - Processing /home/airflow/.local/lib/python3.6/site-packages/airflow/example_dags/tutorial.py took 0.112 seconds
[2021-06-11 05:45:04,737] {scheduler_job.py:182} INFO - Started process (PID=1188) to work on /home/airflow/.local/lib/python3.6/site-packages/airflow/example_dags/tutorial.py
[2021-06-11 05:45:04,739] {scheduler_job.py:633} INFO - Processing file /home/airflow/.local/lib/python3.6/site-packages/airflow/example_dags/tutorial.py for tasks to queue
[2021-06-11 05:45:04,740] {logging_mixin.py:104} INFO - [2021-06-11 05:45:04,740] {dagbag.py:487} INFO - Filling up the DagBag from /home/airflow/.local/lib/python3.6/site-packages/airflow/example_dags/tutorial.py
[2021-06-11 05:45:04,754] {scheduler_job.py:643} INFO - DAG(s) dict_keys(['tutorial']) retrieved from /home/airflow/.local/lib/python3.6/site-packages/airflow/example_dags/tutorial.py
[2021-06-11 05:45:04,780] {logging_mixin.py:104} INFO - [2021-06-11 05:45:04,780] {dag.py:1832} INFO - Sync 1 DAGs
[2021-06-11 05:45:04,801] {logging_mixin.py:104} INFO - [2021-06-11 05:45:04,800] {dag.py:2305} INFO - Setting next_dagrun for tutorial to 2021-06-09 00:00:00+00:00
[2021-06-11 05:45:04,817] {scheduler_job.py:190} INFO - Processing /home/airflow/.local/lib/python3.6/site-packages/airflow/example_dags/tutorial.py took 0.084 seconds
[2021-06-11 05:45:35,149] {scheduler_job.py:182} INFO - Started process (PID=1265) to work on /home/airflow/.local/lib/python3.6/site-packages/airflow/example_dags/tutorial.py
[2021-06-11 05:45:35,151] {scheduler_job.py:633} INFO - Processing file /home/airflow/.local/lib/python3.6/site-packages/airflow/example_dags/tutorial.py for tasks to queue
[2021-06-11 05:45:35,152] {logging_mixin.py:104} INFO - [2021-06-11 05:45:35,152] {dagbag.py:487} INFO - Filling up the DagBag from /home/airflow/.local/lib/python3.6/site-packages/airflow/example_dags/tutorial.py
[2021-06-11 05:45:35,163] {scheduler_job.py:643} INFO - DAG(s) dict_keys(['tutorial']) retrieved from /home/airflow/.local/lib/python3.6/site-packages/airflow/example_dags/tutorial.py
[2021-06-11 05:45:35,185] {logging_mixin.py:104} INFO - [2021-06-11 05:45:35,185] {dag.py:1832} INFO - Sync 1 DAGs
[2021-06-11 05:45:35,201] {logging_mixin.py:104} INFO - [2021-06-11 05:45:35,201] {dag.py:2305} INFO - Setting next_dagrun for tutorial to 2021-06-09 00:00:00+00:00
[2021-06-11 05:45:35,211] {scheduler_job.py:190} INFO - Processing /home/airflow/.local/lib/python3.6/site-packages/airflow/example_dags/tutorial.py took 0.065 seconds
[2021-06-11 05:46:05,267] {scheduler_job.py:182} INFO - Started process (PID=1349) to work on /home/airflow/.local/lib/python3.6/site-packages/airflow/example_dags/tutorial.py
[2021-06-11 05:46:05,269] {scheduler_job.py:633} INFO - Processing file /home/airflow/.local/lib/python3.6/site-packages/airflow/example_dags/tutorial.py for tasks to queue
[2021-06-11 05:46:05,270] {logging_mixin.py:104} INFO - [2021-06-11 05:46:05,270] {dagbag.py:487} INFO - Filling up the DagBag from /home/airflow/.local/lib/python3.6/site-packages/airflow/example_dags/tutorial.py
[2021-06-11 05:46:05,285] {scheduler_job.py:643} INFO - DAG(s) dict_keys(['tutorial']) retrieved from /home/airflow/.local/lib/python3.6/site-packages/airflow/example_dags/tutorial.py
[2021-06-11 05:46:05,310] {logging_mixin.py:104} INFO - [2021-06-11 05:46:05,310] {dag.py:1832} INFO - Sync 1 DAGs
[2021-06-11 05:46:05,327] {logging_mixin.py:104} INFO - [2021-06-11 05:46:05,327] {dag.py:2305} INFO - Setting next_dagrun for tutorial to 2021-06-09 00:00:00+00:00
[2021-06-11 05:46:05,338] {scheduler_job.py:190} INFO - Processing /home/airflow/.local/lib/python3.6/site-packages/airflow/example_dags/tutorial.py took 0.075 seconds
[2021-06-11 05:46:35,540] {scheduler_job.py:182} INFO - Started process (PID=1415) to work on /home/airflow/.local/lib/python3.6/site-packages/airflow/example_dags/tutorial.py
[2021-06-11 05:46:35,542] {scheduler_job.py:633} INFO - Processing file /home/airflow/.local/lib/python3.6/site-packages/airflow/example_dags/tutorial.py for tasks to queue
[2021-06-11 05:46:35,543] {logging_mixin.py:104} INFO - [2021-06-11 05:46:35,543] {dagbag.py:487} INFO - Filling up the DagBag from /home/airflow/.local/lib/python3.6/site-packages/airflow/example_dags/tutorial.py
[2021-06-11 05:46:35,558] {scheduler_job.py:643} INFO - DAG(s) dict_keys(['tutorial']) retrieved from /home/airflow/.local/lib/python3.6/site-packages/airflow/example_dags/tutorial.py
[2021-06-11 05:46:35,595] {logging_mixin.py:104} INFO - [2021-06-11 05:46:35,595] {dag.py:1832} INFO - Sync 1 DAGs
[2021-06-11 05:46:35,618] {logging_mixin.py:104} INFO - [2021-06-11 05:46:35,618] {dag.py:2305} INFO - Setting next_dagrun for tutorial to 2021-06-09 00:00:00+00:00
[2021-06-11 05:46:35,637] {scheduler_job.py:190} INFO - Processing /home/airflow/.local/lib/python3.6/site-packages/airflow/example_dags/tutorial.py took 0.102 seconds
[2021-06-11 05:47:05,832] {scheduler_job.py:182} INFO - Started process (PID=1498) to work on /home/airflow/.local/lib/python3.6/site-packages/airflow/example_dags/tutorial.py
[2021-06-11 05:47:05,834] {scheduler_job.py:633} INFO - Processing file /home/airflow/.local/lib/python3.6/site-packages/airflow/example_dags/tutorial.py for tasks to queue
[2021-06-11 05:47:05,835] {logging_mixin.py:104} INFO - [2021-06-11 05:47:05,835] {dagbag.py:487} INFO - Filling up the DagBag from /home/airflow/.local/lib/python3.6/site-packages/airflow/example_dags/tutorial.py
[2021-06-11 05:47:05,849] {scheduler_job.py:643} INFO - DAG(s) dict_keys(['tutorial']) retrieved from /home/airflow/.local/lib/python3.6/site-packages/airflow/example_dags/tutorial.py
[2021-06-11 05:47:05,873] {logging_mixin.py:104} INFO - [2021-06-11 05:47:05,873] {dag.py:1832} INFO - Sync 1 DAGs
[2021-06-11 05:47:05,889] {logging_mixin.py:104} INFO - [2021-06-11 05:47:05,889] {dag.py:2305} INFO - Setting next_dagrun for tutorial to 2021-06-09 00:00:00+00:00
[2021-06-11 05:47:05,899] {scheduler_job.py:190} INFO - Processing /home/airflow/.local/lib/python3.6/site-packages/airflow/example_dags/tutorial.py took 0.070 seconds
[2021-06-11 05:47:36,211] {scheduler_job.py:182} INFO - Started process (PID=1583) to work on /home/airflow/.local/lib/python3.6/site-packages/airflow/example_dags/tutorial.py
[2021-06-11 05:47:36,217] {scheduler_job.py:633} INFO - Processing file /home/airflow/.local/lib/python3.6/site-packages/airflow/example_dags/tutorial.py for tasks to queue
[2021-06-11 05:47:36,220] {logging_mixin.py:104} INFO - [2021-06-11 05:47:36,220] {dagbag.py:487} INFO - Filling up the DagBag from /home/airflow/.local/lib/python3.6/site-packages/airflow/example_dags/tutorial.py
[2021-06-11 05:47:36,244] {scheduler_job.py:643} INFO - DAG(s) dict_keys(['tutorial']) retrieved from /home/airflow/.local/lib/python3.6/site-packages/airflow/example_dags/tutorial.py
[2021-06-11 05:47:36,289] {logging_mixin.py:104} INFO - [2021-06-11 05:47:36,288] {dag.py:1832} INFO - Sync 1 DAGs
[2021-06-11 05:47:36,313] {logging_mixin.py:104} INFO - [2021-06-11 05:47:36,313] {dag.py:2305} INFO - Setting next_dagrun for tutorial to 2021-06-09 00:00:00+00:00
[2021-06-11 05:47:36,326] {scheduler_job.py:190} INFO - Processing /home/airflow/.local/lib/python3.6/site-packages/airflow/example_dags/tutorial.py took 0.120 seconds
[2021-06-11 05:48:06,394] {scheduler_job.py:182} INFO - Started process (PID=1650) to work on /home/airflow/.local/lib/python3.6/site-packages/airflow/example_dags/tutorial.py
[2021-06-11 05:48:06,399] {scheduler_job.py:633} INFO - Processing file /home/airflow/.local/lib/python3.6/site-packages/airflow/example_dags/tutorial.py for tasks to queue
[2021-06-11 05:48:06,401] {logging_mixin.py:104} INFO - [2021-06-11 05:48:06,401] {dagbag.py:487} INFO - Filling up the DagBag from /home/airflow/.local/lib/python3.6/site-packages/airflow/example_dags/tutorial.py
[2021-06-11 05:48:06,425] {scheduler_job.py:643} INFO - DAG(s) dict_keys(['tutorial']) retrieved from /home/airflow/.local/lib/python3.6/site-packages/airflow/example_dags/tutorial.py
[2021-06-11 05:48:06,462] {logging_mixin.py:104} INFO - [2021-06-11 05:48:06,462] {dag.py:1832} INFO - Sync 1 DAGs
[2021-06-11 05:48:06,492] {logging_mixin.py:104} INFO - [2021-06-11 05:48:06,492] {dag.py:2305} INFO - Setting next_dagrun for tutorial to 2021-06-09 00:00:00+00:00
[2021-06-11 05:48:06,503] {scheduler_job.py:190} INFO - Processing /home/airflow/.local/lib/python3.6/site-packages/airflow/example_dags/tutorial.py took 0.117 seconds
[2021-06-11 05:48:37,277] {scheduler_job.py:182} INFO - Started process (PID=1735) to work on /home/airflow/.local/lib/python3.6/site-packages/airflow/example_dags/tutorial.py
[2021-06-11 05:48:37,279] {scheduler_job.py:633} INFO - Processing file /home/airflow/.local/lib/python3.6/site-packages/airflow/example_dags/tutorial.py for tasks to queue
[2021-06-11 05:48:37,280] {logging_mixin.py:104} INFO - [2021-06-11 05:48:37,280] {dagbag.py:487} INFO - Filling up the DagBag from /home/airflow/.local/lib/python3.6/site-packages/airflow/example_dags/tutorial.py
[2021-06-11 05:48:37,294] {scheduler_job.py:643} INFO - DAG(s) dict_keys(['tutorial']) retrieved from /home/airflow/.local/lib/python3.6/site-packages/airflow/example_dags/tutorial.py
[2021-06-11 05:48:37,323] {logging_mixin.py:104} INFO - [2021-06-11 05:48:37,323] {dag.py:1832} INFO - Sync 1 DAGs
[2021-06-11 05:48:37,347] {logging_mixin.py:104} INFO - [2021-06-11 05:48:37,347] {dag.py:2305} INFO - Setting next_dagrun for tutorial to 2021-06-09 00:00:00+00:00
[2021-06-11 05:48:37,362] {scheduler_job.py:190} INFO - Processing /home/airflow/.local/lib/python3.6/site-packages/airflow/example_dags/tutorial.py took 0.088 seconds
[2021-06-11 05:49:07,712] {scheduler_job.py:182} INFO - Started process (PID=1802) to work on /home/airflow/.local/lib/python3.6/site-packages/airflow/example_dags/tutorial.py
[2021-06-11 05:49:07,714] {scheduler_job.py:633} INFO - Processing file /home/airflow/.local/lib/python3.6/site-packages/airflow/example_dags/tutorial.py for tasks to queue
[2021-06-11 05:49:07,715] {logging_mixin.py:104} INFO - [2021-06-11 05:49:07,715] {dagbag.py:487} INFO - Filling up the DagBag from /home/airflow/.local/lib/python3.6/site-packages/airflow/example_dags/tutorial.py
[2021-06-11 05:49:07,728] {scheduler_job.py:643} INFO - DAG(s) dict_keys(['tutorial']) retrieved from /home/airflow/.local/lib/python3.6/site-packages/airflow/example_dags/tutorial.py
[2021-06-11 05:49:07,755] {logging_mixin.py:104} INFO - [2021-06-11 05:49:07,755] {dag.py:1832} INFO - Sync 1 DAGs
[2021-06-11 05:49:07,771] {logging_mixin.py:104} INFO - [2021-06-11 05:49:07,771] {dag.py:2305} INFO - Setting next_dagrun for tutorial to 2021-06-09 00:00:00+00:00
[2021-06-11 05:49:07,782] {scheduler_job.py:190} INFO - Processing /home/airflow/.local/lib/python3.6/site-packages/airflow/example_dags/tutorial.py took 0.073 seconds
[2021-06-11 05:49:38,749] {scheduler_job.py:182} INFO - Started process (PID=1884) to work on /home/airflow/.local/lib/python3.6/site-packages/airflow/example_dags/tutorial.py
[2021-06-11 05:49:38,750] {scheduler_job.py:633} INFO - Processing file /home/airflow/.local/lib/python3.6/site-packages/airflow/example_dags/tutorial.py for tasks to queue
[2021-06-11 05:49:38,751] {logging_mixin.py:104} INFO - [2021-06-11 05:49:38,751] {dagbag.py:487} INFO - Filling up the DagBag from /home/airflow/.local/lib/python3.6/site-packages/airflow/example_dags/tutorial.py
[2021-06-11 05:49:38,764] {scheduler_job.py:643} INFO - DAG(s) dict_keys(['tutorial']) retrieved from /home/airflow/.local/lib/python3.6/site-packages/airflow/example_dags/tutorial.py
[2021-06-11 05:49:38,788] {logging_mixin.py:104} INFO - [2021-06-11 05:49:38,788] {dag.py:1832} INFO - Sync 1 DAGs
[2021-06-11 05:49:38,813] {logging_mixin.py:104} INFO - [2021-06-11 05:49:38,813] {dag.py:2305} INFO - Setting next_dagrun for tutorial to 2021-06-09 00:00:00+00:00
[2021-06-11 05:49:38,824] {scheduler_job.py:190} INFO - Processing /home/airflow/.local/lib/python3.6/site-packages/airflow/example_dags/tutorial.py took 0.079 seconds
[2021-06-11 05:50:08,971] {scheduler_job.py:182} INFO - Started process (PID=1967) to work on /home/airflow/.local/lib/python3.6/site-packages/airflow/example_dags/tutorial.py
[2021-06-11 05:50:08,973] {scheduler_job.py:633} INFO - Processing file /home/airflow/.local/lib/python3.6/site-packages/airflow/example_dags/tutorial.py for tasks to queue
[2021-06-11 05:50:08,974] {logging_mixin.py:104} INFO - [2021-06-11 05:50:08,974] {dagbag.py:487} INFO - Filling up the DagBag from /home/airflow/.local/lib/python3.6/site-packages/airflow/example_dags/tutorial.py
[2021-06-11 05:50:08,986] {scheduler_job.py:643} INFO - DAG(s) dict_keys(['tutorial']) retrieved from /home/airflow/.local/lib/python3.6/site-packages/airflow/example_dags/tutorial.py
[2021-06-11 05:50:09,009] {logging_mixin.py:104} INFO - [2021-06-11 05:50:09,009] {dag.py:1832} INFO - Sync 1 DAGs
[2021-06-11 05:50:09,025] {logging_mixin.py:104} INFO - [2021-06-11 05:50:09,025] {dag.py:2305} INFO - Setting next_dagrun for tutorial to 2021-06-09 00:00:00+00:00
[2021-06-11 05:50:09,036] {scheduler_job.py:190} INFO - Processing /home/airflow/.local/lib/python3.6/site-packages/airflow/example_dags/tutorial.py took 0.068 seconds
[2021-06-11 05:50:40,061] {scheduler_job.py:182} INFO - Started process (PID=2035) to work on /home/airflow/.local/lib/python3.6/site-packages/airflow/example_dags/tutorial.py
[2021-06-11 05:50:40,062] {scheduler_job.py:633} INFO - Processing file /home/airflow/.local/lib/python3.6/site-packages/airflow/example_dags/tutorial.py for tasks to queue
[2021-06-11 05:50:40,063] {logging_mixin.py:104} INFO - [2021-06-11 05:50:40,063] {dagbag.py:487} INFO - Filling up the DagBag from /home/airflow/.local/lib/python3.6/site-packages/airflow/example_dags/tutorial.py
[2021-06-11 05:50:40,075] {scheduler_job.py:643} INFO - DAG(s) dict_keys(['tutorial']) retrieved from /home/airflow/.local/lib/python3.6/site-packages/airflow/example_dags/tutorial.py
[2021-06-11 05:50:40,097] {logging_mixin.py:104} INFO - [2021-06-11 05:50:40,097] {dag.py:1832} INFO - Sync 1 DAGs
[2021-06-11 05:50:40,112] {logging_mixin.py:104} INFO - [2021-06-11 05:50:40,112] {dag.py:2305} INFO - Setting next_dagrun for tutorial to 2021-06-09 00:00:00+00:00
[2021-06-11 05:50:40,123] {scheduler_job.py:190} INFO - Processing /home/airflow/.local/lib/python3.6/site-packages/airflow/example_dags/tutorial.py took 0.066 seconds
[2021-06-11 05:51:10,231] {scheduler_job.py:182} INFO - Started process (PID=2118) to work on /home/airflow/.local/lib/python3.6/site-packages/airflow/example_dags/tutorial.py
[2021-06-11 05:51:10,232] {scheduler_job.py:633} INFO - Processing file /home/airflow/.local/lib/python3.6/site-packages/airflow/example_dags/tutorial.py for tasks to queue
[2021-06-11 05:51:10,233] {logging_mixin.py:104} INFO - [2021-06-11 05:51:10,233] {dagbag.py:487} INFO - Filling up the DagBag from /home/airflow/.local/lib/python3.6/site-packages/airflow/example_dags/tutorial.py
[2021-06-11 05:51:10,246] {scheduler_job.py:643} INFO - DAG(s) dict_keys(['tutorial']) retrieved from /home/airflow/.local/lib/python3.6/site-packages/airflow/example_dags/tutorial.py
[2021-06-11 05:51:10,269] {logging_mixin.py:104} INFO - [2021-06-11 05:51:10,269] {dag.py:1832} INFO - Sync 1 DAGs
[2021-06-11 05:51:10,285] {logging_mixin.py:104} INFO - [2021-06-11 05:51:10,285] {dag.py:2305} INFO - Setting next_dagrun for tutorial to 2021-06-09 00:00:00+00:00
[2021-06-11 05:51:10,296] {scheduler_job.py:190} INFO - Processing /home/airflow/.local/lib/python3.6/site-packages/airflow/example_dags/tutorial.py took 0.069 seconds
[2021-06-11 05:51:40,529] {scheduler_job.py:182} INFO - Started process (PID=2203) to work on /home/airflow/.local/lib/python3.6/site-packages/airflow/example_dags/tutorial.py
[2021-06-11 05:51:40,532] {scheduler_job.py:633} INFO - Processing file /home/airflow/.local/lib/python3.6/site-packages/airflow/example_dags/tutorial.py for tasks to queue
[2021-06-11 05:51:40,534] {logging_mixin.py:104} INFO - [2021-06-11 05:51:40,534] {dagbag.py:487} INFO - Filling up the DagBag from /home/airflow/.local/lib/python3.6/site-packages/airflow/example_dags/tutorial.py
[2021-06-11 05:51:40,550] {scheduler_job.py:643} INFO - DAG(s) dict_keys(['tutorial']) retrieved from /home/airflow/.local/lib/python3.6/site-packages/airflow/example_dags/tutorial.py
[2021-06-11 05:51:40,587] {logging_mixin.py:104} INFO - [2021-06-11 05:51:40,586] {dag.py:1832} INFO - Sync 1 DAGs
[2021-06-11 05:51:40,611] {logging_mixin.py:104} INFO - [2021-06-11 05:51:40,611] {dag.py:2305} INFO - Setting next_dagrun for tutorial to 2021-06-09 00:00:00+00:00
[2021-06-11 05:51:40,630] {scheduler_job.py:190} INFO - Processing /home/airflow/.local/lib/python3.6/site-packages/airflow/example_dags/tutorial.py took 0.107 seconds
[2021-06-11 05:52:10,862] {scheduler_job.py:182} INFO - Started process (PID=2270) to work on /home/airflow/.local/lib/python3.6/site-packages/airflow/example_dags/tutorial.py
[2021-06-11 05:52:10,864] {scheduler_job.py:633} INFO - Processing file /home/airflow/.local/lib/python3.6/site-packages/airflow/example_dags/tutorial.py for tasks to queue
[2021-06-11 05:52:10,865] {logging_mixin.py:104} INFO - [2021-06-11 05:52:10,865] {dagbag.py:487} INFO - Filling up the DagBag from /home/airflow/.local/lib/python3.6/site-packages/airflow/example_dags/tutorial.py
[2021-06-11 05:52:10,879] {scheduler_job.py:643} INFO - DAG(s) dict_keys(['tutorial']) retrieved from /home/airflow/.local/lib/python3.6/site-packages/airflow/example_dags/tutorial.py
[2021-06-11 05:52:10,903] {logging_mixin.py:104} INFO - [2021-06-11 05:52:10,903] {dag.py:1832} INFO - Sync 1 DAGs
[2021-06-11 05:52:10,919] {logging_mixin.py:104} INFO - [2021-06-11 05:52:10,919] {dag.py:2305} INFO - Setting next_dagrun for tutorial to 2021-06-09 00:00:00+00:00
[2021-06-11 05:52:10,930] {scheduler_job.py:190} INFO - Processing /home/airflow/.local/lib/python3.6/site-packages/airflow/example_dags/tutorial.py took 0.071 seconds
[2021-06-11 05:52:41,639] {scheduler_job.py:182} INFO - Started process (PID=2354) to work on /home/airflow/.local/lib/python3.6/site-packages/airflow/example_dags/tutorial.py
[2021-06-11 05:52:41,640] {scheduler_job.py:633} INFO - Processing file /home/airflow/.local/lib/python3.6/site-packages/airflow/example_dags/tutorial.py for tasks to queue
[2021-06-11 05:52:41,645] {logging_mixin.py:104} INFO - [2021-06-11 05:52:41,644] {dagbag.py:487} INFO - Filling up the DagBag from /home/airflow/.local/lib/python3.6/site-packages/airflow/example_dags/tutorial.py
[2021-06-11 05:52:41,662] {scheduler_job.py:643} INFO - DAG(s) dict_keys(['tutorial']) retrieved from /home/airflow/.local/lib/python3.6/site-packages/airflow/example_dags/tutorial.py
[2021-06-11 05:52:41,689] {logging_mixin.py:104} INFO - [2021-06-11 05:52:41,689] {dag.py:1832} INFO - Sync 1 DAGs
[2021-06-11 05:52:41,706] {logging_mixin.py:104} INFO - [2021-06-11 05:52:41,706] {dag.py:2305} INFO - Setting next_dagrun for tutorial to 2021-06-09 00:00:00+00:00
[2021-06-11 05:52:41,719] {scheduler_job.py:190} INFO - Processing /home/airflow/.local/lib/python3.6/site-packages/airflow/example_dags/tutorial.py took 0.083 seconds
[2021-06-11 05:53:12,173] {scheduler_job.py:182} INFO - Started process (PID=2431) to work on /home/airflow/.local/lib/python3.6/site-packages/airflow/example_dags/tutorial.py
[2021-06-11 05:53:12,174] {scheduler_job.py:633} INFO - Processing file /home/airflow/.local/lib/python3.6/site-packages/airflow/example_dags/tutorial.py for tasks to queue
[2021-06-11 05:53:12,176] {logging_mixin.py:104} INFO - [2021-06-11 05:53:12,175] {dagbag.py:487} INFO - Filling up the DagBag from /home/airflow/.local/lib/python3.6/site-packages/airflow/example_dags/tutorial.py
[2021-06-11 05:53:12,188] {scheduler_job.py:643} INFO - DAG(s) dict_keys(['tutorial']) retrieved from /home/airflow/.local/lib/python3.6/site-packages/airflow/example_dags/tutorial.py
[2021-06-11 05:53:12,211] {logging_mixin.py:104} INFO - [2021-06-11 05:53:12,211] {dag.py:1832} INFO - Sync 1 DAGs
[2021-06-11 05:53:12,227] {logging_mixin.py:104} INFO - [2021-06-11 05:53:12,227] {dag.py:2305} INFO - Setting next_dagrun for tutorial to 2021-06-09 00:00:00+00:00
[2021-06-11 05:53:12,244] {scheduler_job.py:190} INFO - Processing /home/airflow/.local/lib/python3.6/site-packages/airflow/example_dags/tutorial.py took 0.074 seconds
