[2021-06-11 06:02:44,992] {scheduler_job.py:182} INFO - Started process (PID=3883) to work on /opt/airflow/dags/my_first_dag.py
[2021-06-11 06:02:44,994] {scheduler_job.py:633} INFO - Processing file /opt/airflow/dags/my_first_dag.py for tasks to queue
[2021-06-11 06:02:44,996] {logging_mixin.py:104} INFO - [2021-06-11 06:02:44,995] {dagbag.py:487} INFO - Filling up the DagBag from /opt/airflow/dags/my_first_dag.py
[2021-06-11 06:02:45,014] {scheduler_job.py:645} WARNING - No viable dags retrieved from /opt/airflow/dags/my_first_dag.py
[2021-06-11 06:02:45,031] {scheduler_job.py:190} INFO - Processing /opt/airflow/dags/my_first_dag.py took 0.043 seconds
[2021-06-11 06:03:15,113] {scheduler_job.py:182} INFO - Started process (PID=3969) to work on /opt/airflow/dags/my_first_dag.py
[2021-06-11 06:03:15,114] {scheduler_job.py:633} INFO - Processing file /opt/airflow/dags/my_first_dag.py for tasks to queue
[2021-06-11 06:03:15,115] {logging_mixin.py:104} INFO - [2021-06-11 06:03:15,115] {dagbag.py:487} INFO - Filling up the DagBag from /opt/airflow/dags/my_first_dag.py
[2021-06-11 06:03:15,125] {scheduler_job.py:645} WARNING - No viable dags retrieved from /opt/airflow/dags/my_first_dag.py
[2021-06-11 06:03:15,141] {scheduler_job.py:190} INFO - Processing /opt/airflow/dags/my_first_dag.py took 0.032 seconds
[2021-06-11 06:03:45,244] {scheduler_job.py:182} INFO - Started process (PID=4036) to work on /opt/airflow/dags/my_first_dag.py
[2021-06-11 06:03:45,246] {scheduler_job.py:633} INFO - Processing file /opt/airflow/dags/my_first_dag.py for tasks to queue
[2021-06-11 06:03:45,247] {logging_mixin.py:104} INFO - [2021-06-11 06:03:45,247] {dagbag.py:487} INFO - Filling up the DagBag from /opt/airflow/dags/my_first_dag.py
[2021-06-11 06:03:45,255] {scheduler_job.py:645} WARNING - No viable dags retrieved from /opt/airflow/dags/my_first_dag.py
[2021-06-11 06:03:45,271] {scheduler_job.py:190} INFO - Processing /opt/airflow/dags/my_first_dag.py took 0.031 seconds
[2021-06-11 06:04:15,416] {scheduler_job.py:182} INFO - Started process (PID=4121) to work on /opt/airflow/dags/my_first_dag.py
[2021-06-11 06:04:15,418] {scheduler_job.py:633} INFO - Processing file /opt/airflow/dags/my_first_dag.py for tasks to queue
[2021-06-11 06:04:15,420] {logging_mixin.py:104} INFO - [2021-06-11 06:04:15,420] {dagbag.py:487} INFO - Filling up the DagBag from /opt/airflow/dags/my_first_dag.py
[2021-06-11 06:04:15,428] {scheduler_job.py:645} WARNING - No viable dags retrieved from /opt/airflow/dags/my_first_dag.py
[2021-06-11 06:04:15,444] {scheduler_job.py:190} INFO - Processing /opt/airflow/dags/my_first_dag.py took 0.031 seconds
[2021-06-11 06:04:45,486] {scheduler_job.py:182} INFO - Started process (PID=4200) to work on /opt/airflow/dags/my_first_dag.py
[2021-06-11 06:04:45,488] {scheduler_job.py:633} INFO - Processing file /opt/airflow/dags/my_first_dag.py for tasks to queue
[2021-06-11 06:04:45,489] {logging_mixin.py:104} INFO - [2021-06-11 06:04:45,489] {dagbag.py:487} INFO - Filling up the DagBag from /opt/airflow/dags/my_first_dag.py
[2021-06-11 06:04:45,501] {scheduler_job.py:645} WARNING - No viable dags retrieved from /opt/airflow/dags/my_first_dag.py
[2021-06-11 06:04:45,516] {scheduler_job.py:190} INFO - Processing /opt/airflow/dags/my_first_dag.py took 0.034 seconds
[2021-06-11 06:05:15,786] {scheduler_job.py:182} INFO - Started process (PID=4272) to work on /opt/airflow/dags/my_first_dag.py
[2021-06-11 06:05:15,789] {scheduler_job.py:633} INFO - Processing file /opt/airflow/dags/my_first_dag.py for tasks to queue
[2021-06-11 06:05:15,790] {logging_mixin.py:104} INFO - [2021-06-11 06:05:15,790] {dagbag.py:487} INFO - Filling up the DagBag from /opt/airflow/dags/my_first_dag.py
[2021-06-11 06:05:15,797] {scheduler_job.py:645} WARNING - No viable dags retrieved from /opt/airflow/dags/my_first_dag.py
[2021-06-11 06:05:15,812] {scheduler_job.py:190} INFO - Processing /opt/airflow/dags/my_first_dag.py took 0.030 seconds
[2021-06-11 06:05:45,988] {scheduler_job.py:182} INFO - Started process (PID=4356) to work on /opt/airflow/dags/my_first_dag.py
[2021-06-11 06:05:45,990] {scheduler_job.py:633} INFO - Processing file /opt/airflow/dags/my_first_dag.py for tasks to queue
[2021-06-11 06:05:45,992] {logging_mixin.py:104} INFO - [2021-06-11 06:05:45,992] {dagbag.py:487} INFO - Filling up the DagBag from /opt/airflow/dags/my_first_dag.py
[2021-06-11 06:05:46,000] {scheduler_job.py:645} WARNING - No viable dags retrieved from /opt/airflow/dags/my_first_dag.py
[2021-06-11 06:05:46,016] {scheduler_job.py:190} INFO - Processing /opt/airflow/dags/my_first_dag.py took 0.033 seconds
[2021-06-11 06:06:16,128] {scheduler_job.py:182} INFO - Started process (PID=4424) to work on /opt/airflow/dags/my_first_dag.py
[2021-06-11 06:06:16,130] {scheduler_job.py:633} INFO - Processing file /opt/airflow/dags/my_first_dag.py for tasks to queue
[2021-06-11 06:06:16,132] {logging_mixin.py:104} INFO - [2021-06-11 06:06:16,131] {dagbag.py:487} INFO - Filling up the DagBag from /opt/airflow/dags/my_first_dag.py
[2021-06-11 06:06:16,152] {scheduler_job.py:643} INFO - DAG(s) dict_keys(['DAG-1']) retrieved from /opt/airflow/dags/my_first_dag.py
[2021-06-11 06:06:17,824] {logging_mixin.py:104} INFO - [2021-06-11 06:06:17,824] {dag.py:1832} INFO - Sync 1 DAGs
[2021-06-11 06:06:17,834] {logging_mixin.py:104} INFO - [2021-06-11 06:06:17,833] {dag.py:1851} INFO - Creating ORM DAG for DAG-1
[2021-06-11 06:06:17,845] {logging_mixin.py:104} INFO - [2021-06-11 06:06:17,844] {dag.py:2305} INFO - Setting next_dagrun for DAG-1 to 2021-06-11T00:00:00+00:00
[2021-06-11 06:06:17,857] {scheduler_job.py:190} INFO - Processing /opt/airflow/dags/my_first_dag.py took 1.733 seconds
[2021-06-11 06:06:48,696] {scheduler_job.py:182} INFO - Started process (PID=4512) to work on /opt/airflow/dags/my_first_dag.py
[2021-06-11 06:06:48,698] {scheduler_job.py:633} INFO - Processing file /opt/airflow/dags/my_first_dag.py for tasks to queue
[2021-06-11 06:06:48,699] {logging_mixin.py:104} INFO - [2021-06-11 06:06:48,699] {dagbag.py:487} INFO - Filling up the DagBag from /opt/airflow/dags/my_first_dag.py
[2021-06-11 06:06:48,729] {scheduler_job.py:643} INFO - DAG(s) dict_keys(['DAG-1']) retrieved from /opt/airflow/dags/my_first_dag.py
[2021-06-11 06:06:48,991] {logging_mixin.py:104} INFO - [2021-06-11 06:06:48,991] {dag.py:1832} INFO - Sync 1 DAGs
[2021-06-11 06:06:49,002] {logging_mixin.py:104} INFO - [2021-06-11 06:06:49,002] {dag.py:2305} INFO - Setting next_dagrun for DAG-1 to 2021-06-11T00:00:00+00:00
[2021-06-11 06:06:49,013] {scheduler_job.py:190} INFO - Processing /opt/airflow/dags/my_first_dag.py took 0.320 seconds
[2021-06-11 06:07:19,177] {scheduler_job.py:182} INFO - Started process (PID=4596) to work on /opt/airflow/dags/my_first_dag.py
[2021-06-11 06:07:19,180] {scheduler_job.py:633} INFO - Processing file /opt/airflow/dags/my_first_dag.py for tasks to queue
[2021-06-11 06:07:19,182] {logging_mixin.py:104} INFO - [2021-06-11 06:07:19,182] {dagbag.py:487} INFO - Filling up the DagBag from /opt/airflow/dags/my_first_dag.py
[2021-06-11 06:07:19,211] {scheduler_job.py:643} INFO - DAG(s) dict_keys(['DAG-1']) retrieved from /opt/airflow/dags/my_first_dag.py
[2021-06-11 06:07:19,247] {logging_mixin.py:104} INFO - [2021-06-11 06:07:19,247] {dag.py:1832} INFO - Sync 1 DAGs
[2021-06-11 06:07:19,268] {logging_mixin.py:104} INFO - [2021-06-11 06:07:19,268] {dag.py:2305} INFO - Setting next_dagrun for DAG-1 to 2021-06-11T00:00:00+00:00
[2021-06-11 06:07:19,279] {scheduler_job.py:190} INFO - Processing /opt/airflow/dags/my_first_dag.py took 0.107 seconds
[2021-06-11 06:07:49,370] {scheduler_job.py:182} INFO - Started process (PID=4663) to work on /opt/airflow/dags/my_first_dag.py
[2021-06-11 06:07:49,371] {scheduler_job.py:633} INFO - Processing file /opt/airflow/dags/my_first_dag.py for tasks to queue
[2021-06-11 06:07:49,373] {logging_mixin.py:104} INFO - [2021-06-11 06:07:49,372] {dagbag.py:487} INFO - Filling up the DagBag from /opt/airflow/dags/my_first_dag.py
[2021-06-11 06:07:49,389] {scheduler_job.py:643} INFO - DAG(s) dict_keys(['DAG-1']) retrieved from /opt/airflow/dags/my_first_dag.py
[2021-06-11 06:07:49,417] {logging_mixin.py:104} INFO - [2021-06-11 06:07:49,417] {dag.py:1832} INFO - Sync 1 DAGs
[2021-06-11 06:07:49,433] {logging_mixin.py:104} INFO - [2021-06-11 06:07:49,433] {dag.py:2305} INFO - Setting next_dagrun for DAG-1 to 2021-06-11T00:00:00+00:00
[2021-06-11 06:07:49,444] {scheduler_job.py:190} INFO - Processing /opt/airflow/dags/my_first_dag.py took 0.078 seconds
[2021-06-11 06:08:19,513] {scheduler_job.py:182} INFO - Started process (PID=4747) to work on /opt/airflow/dags/my_first_dag.py
[2021-06-11 06:08:19,515] {scheduler_job.py:633} INFO - Processing file /opt/airflow/dags/my_first_dag.py for tasks to queue
[2021-06-11 06:08:19,516] {logging_mixin.py:104} INFO - [2021-06-11 06:08:19,516] {dagbag.py:487} INFO - Filling up the DagBag from /opt/airflow/dags/my_first_dag.py
[2021-06-11 06:08:19,532] {scheduler_job.py:643} INFO - DAG(s) dict_keys(['DAG-1']) retrieved from /opt/airflow/dags/my_first_dag.py
[2021-06-11 06:08:19,556] {logging_mixin.py:104} INFO - [2021-06-11 06:08:19,556] {dag.py:1832} INFO - Sync 1 DAGs
[2021-06-11 06:08:19,572] {logging_mixin.py:104} INFO - [2021-06-11 06:08:19,572] {dag.py:2305} INFO - Setting next_dagrun for DAG-1 to 2021-06-11T00:00:00+00:00
[2021-06-11 06:08:19,581] {scheduler_job.py:190} INFO - Processing /opt/airflow/dags/my_first_dag.py took 0.072 seconds
[2021-06-11 06:08:50,209] {scheduler_job.py:182} INFO - Started process (PID=4819) to work on /opt/airflow/dags/my_first_dag.py
[2021-06-11 06:08:50,211] {scheduler_job.py:633} INFO - Processing file /opt/airflow/dags/my_first_dag.py for tasks to queue
[2021-06-11 06:08:50,212] {logging_mixin.py:104} INFO - [2021-06-11 06:08:50,212] {dagbag.py:487} INFO - Filling up the DagBag from /opt/airflow/dags/my_first_dag.py
[2021-06-11 06:08:50,226] {scheduler_job.py:643} INFO - DAG(s) dict_keys(['DAG-1']) retrieved from /opt/airflow/dags/my_first_dag.py
[2021-06-11 06:08:50,247] {logging_mixin.py:104} INFO - [2021-06-11 06:08:50,247] {dag.py:1832} INFO - Sync 1 DAGs
[2021-06-11 06:08:50,262] {logging_mixin.py:104} INFO - [2021-06-11 06:08:50,262] {dag.py:2305} INFO - Setting next_dagrun for DAG-1 to 2021-06-11T00:00:00+00:00
[2021-06-11 06:08:50,270] {scheduler_job.py:190} INFO - Processing /opt/airflow/dags/my_first_dag.py took 0.065 seconds
[2021-06-11 06:09:20,819] {scheduler_job.py:182} INFO - Started process (PID=4892) to work on /opt/airflow/dags/my_first_dag.py
[2021-06-11 06:09:20,821] {scheduler_job.py:633} INFO - Processing file /opt/airflow/dags/my_first_dag.py for tasks to queue
[2021-06-11 06:09:20,823] {logging_mixin.py:104} INFO - [2021-06-11 06:09:20,823] {dagbag.py:487} INFO - Filling up the DagBag from /opt/airflow/dags/my_first_dag.py
[2021-06-11 06:09:20,855] {scheduler_job.py:643} INFO - DAG(s) dict_keys(['DAG-1']) retrieved from /opt/airflow/dags/my_first_dag.py
[2021-06-11 06:09:20,883] {logging_mixin.py:104} INFO - [2021-06-11 06:09:20,883] {dag.py:1832} INFO - Sync 1 DAGs
[2021-06-11 06:09:20,902] {logging_mixin.py:104} INFO - [2021-06-11 06:09:20,902] {dag.py:2305} INFO - Setting next_dagrun for DAG-1 to 2021-06-11T00:00:00+00:00
[2021-06-11 06:09:20,912] {scheduler_job.py:190} INFO - Processing /opt/airflow/dags/my_first_dag.py took 0.097 seconds
[2021-06-11 06:09:51,445] {scheduler_job.py:182} INFO - Started process (PID=4976) to work on /opt/airflow/dags/my_first_dag.py
[2021-06-11 06:09:51,447] {scheduler_job.py:633} INFO - Processing file /opt/airflow/dags/my_first_dag.py for tasks to queue
[2021-06-11 06:09:51,449] {logging_mixin.py:104} INFO - [2021-06-11 06:09:51,449] {dagbag.py:487} INFO - Filling up the DagBag from /opt/airflow/dags/my_first_dag.py
[2021-06-11 06:09:51,464] {scheduler_job.py:643} INFO - DAG(s) dict_keys(['DAG-1']) retrieved from /opt/airflow/dags/my_first_dag.py
[2021-06-11 06:09:51,488] {logging_mixin.py:104} INFO - [2021-06-11 06:09:51,488] {dag.py:1832} INFO - Sync 1 DAGs
[2021-06-11 06:09:51,504] {logging_mixin.py:104} INFO - [2021-06-11 06:09:51,504] {dag.py:2305} INFO - Setting next_dagrun for DAG-1 to 2021-06-11T00:00:00+00:00
[2021-06-11 06:09:51,481] {scheduler_job.py:190} INFO - Processing /opt/airflow/dags/my_first_dag.py took 0.075 seconds
[2021-06-11 06:10:21,811] {scheduler_job.py:182} INFO - Started process (PID=5043) to work on /opt/airflow/dags/my_first_dag.py
[2021-06-11 06:10:21,815] {scheduler_job.py:633} INFO - Processing file /opt/airflow/dags/my_first_dag.py for tasks to queue
[2021-06-11 06:10:21,816] {logging_mixin.py:104} INFO - [2021-06-11 06:10:21,816] {dagbag.py:487} INFO - Filling up the DagBag from /opt/airflow/dags/my_first_dag.py
[2021-06-11 06:10:21,839] {scheduler_job.py:643} INFO - DAG(s) dict_keys(['DAG-1']) retrieved from /opt/airflow/dags/my_first_dag.py
[2021-06-11 06:10:21,861] {logging_mixin.py:104} INFO - [2021-06-11 06:10:21,861] {dag.py:1832} INFO - Sync 1 DAGs
[2021-06-11 06:10:21,885] {logging_mixin.py:104} INFO - [2021-06-11 06:10:21,885] {dag.py:2305} INFO - Setting next_dagrun for DAG-1 to 2021-06-11T00:00:00+00:00
[2021-06-11 06:10:21,893] {scheduler_job.py:190} INFO - Processing /opt/airflow/dags/my_first_dag.py took 0.086 seconds
[2021-06-11 06:10:52,539] {scheduler_job.py:182} INFO - Started process (PID=5128) to work on /opt/airflow/dags/my_first_dag.py
[2021-06-11 06:10:52,542] {scheduler_job.py:633} INFO - Processing file /opt/airflow/dags/my_first_dag.py for tasks to queue
[2021-06-11 06:10:52,543] {logging_mixin.py:104} INFO - [2021-06-11 06:10:52,543] {dagbag.py:487} INFO - Filling up the DagBag from /opt/airflow/dags/my_first_dag.py
[2021-06-11 06:10:52,574] {scheduler_job.py:643} INFO - DAG(s) dict_keys(['DAG-1']) retrieved from /opt/airflow/dags/my_first_dag.py
[2021-06-11 06:10:52,605] {logging_mixin.py:104} INFO - [2021-06-11 06:10:52,605] {dag.py:1832} INFO - Sync 1 DAGs
[2021-06-11 06:10:52,630] {logging_mixin.py:104} INFO - [2021-06-11 06:10:52,630] {dag.py:2305} INFO - Setting next_dagrun for DAG-1 to 2021-06-11T00:00:00+00:00
[2021-06-11 06:10:52,645] {scheduler_job.py:190} INFO - Processing /opt/airflow/dags/my_first_dag.py took 0.111 seconds
