[2021-06-11 05:48:56,774] {taskinstance.py:876} INFO - Dependencies all met for <TaskInstance: example_branch_operator.branching 2021-06-10T00:00:00+00:00 [queued]>
[2021-06-11 05:48:56,794] {taskinstance.py:876} INFO - Dependencies all met for <TaskInstance: example_branch_operator.branching 2021-06-10T00:00:00+00:00 [queued]>
[2021-06-11 05:48:56,795] {taskinstance.py:1067} INFO - 
--------------------------------------------------------------------------------
[2021-06-11 05:48:56,795] {taskinstance.py:1068} INFO - Starting attempt 1 of 1
[2021-06-11 05:48:56,798] {taskinstance.py:1069} INFO - 
--------------------------------------------------------------------------------
[2021-06-11 05:48:56,805] {taskinstance.py:1087} INFO - Executing <Task(BranchPythonOperator): branching> on 2021-06-10T00:00:00+00:00
[2021-06-11 05:48:56,812] {standard_task_runner.py:52} INFO - Started process 1045 to run task
[2021-06-11 05:48:56,817] {standard_task_runner.py:76} INFO - Running: ['***', 'tasks', 'run', 'example_branch_operator', 'branching', '2021-06-10T00:00:00+00:00', '--job-id', '3', '--pool', 'default_pool', '--raw', '--subdir', '/home/***/.local/lib/python3.6/site-packages/***/example_dags/example_branch_operator.py', '--cfg-path', '/tmp/tmpdzg6dsip', '--error-file', '/tmp/tmp4hug4mz1']
[2021-06-11 05:48:56,819] {standard_task_runner.py:77} INFO - Job 3: Subtask branching
[2021-06-11 05:48:56,877] {logging_mixin.py:104} INFO - Running <TaskInstance: example_branch_operator.branching 2021-06-10T00:00:00+00:00 [running]> on host 4c53574d4c8b
[2021-06-11 05:48:56,942] {taskinstance.py:1282} INFO - Exporting the following env vars:
AIRFLOW_CTX_DAG_OWNER=***
AIRFLOW_CTX_DAG_ID=example_branch_operator
AIRFLOW_CTX_TASK_ID=branching
AIRFLOW_CTX_EXECUTION_DATE=2021-06-10T00:00:00+00:00
AIRFLOW_CTX_DAG_RUN_ID=scheduled__2021-06-10T00:00:00+00:00
[2021-06-11 05:48:56,945] {python.py:151} INFO - Done. Returned value was: branch_d
[2021-06-11 05:48:56,946] {skipmixin.py:124} INFO - Following branch branch_d
[2021-06-11 05:48:56,957] {skipmixin.py:155} INFO - Skipping tasks ['branch_a', 'branch_b', 'branch_c']
[2021-06-11 05:48:57,012] {taskinstance.py:1191} INFO - Marking task as SUCCESS. dag_id=example_branch_operator, task_id=branching, execution_date=20210610T000000, start_date=20210611T054856, end_date=20210611T054857
[2021-06-11 05:48:57,051] {taskinstance.py:1245} INFO - 1 downstream tasks scheduled from follow-on schedule check
[2021-06-11 05:48:57,070] {local_task_job.py:151} INFO - Task exited with return code 0
