[2021-06-15 03:25:06,393] {scheduler_job.py:182} INFO - Started process (PID=43) to work on /opt/airflow/dags/my_first_dag.py
[2021-06-15 03:25:06,408] {scheduler_job.py:633} INFO - Processing file /opt/airflow/dags/my_first_dag.py for tasks to queue
[2021-06-15 03:25:06,452] {logging_mixin.py:104} INFO - [2021-06-15 03:25:06,451] {dagbag.py:487} INFO - Filling up the DagBag from /opt/airflow/dags/my_first_dag.py
[2021-06-15 03:25:06,621] {scheduler_job.py:643} INFO - DAG(s) dict_keys(['DAG-1']) retrieved from /opt/airflow/dags/my_first_dag.py
[2021-06-15 03:25:06,778] {logging_mixin.py:104} INFO - [2021-06-15 03:25:06,778] {dag.py:1832} INFO - Sync 1 DAGs
[2021-06-15 03:25:07,023] {logging_mixin.py:104} INFO - [2021-06-15 03:25:07,022] {dag.py:2305} INFO - Setting next_dagrun for DAG-1 to 2021-06-11T00:00:00+00:00
[2021-06-15 03:25:07,089] {scheduler_job.py:190} INFO - Processing /opt/airflow/dags/my_first_dag.py took 0.727 seconds
[2021-06-15 03:25:37,840] {scheduler_job.py:182} INFO - Started process (PID=101) to work on /opt/airflow/dags/my_first_dag.py
[2021-06-15 03:25:37,849] {scheduler_job.py:633} INFO - Processing file /opt/airflow/dags/my_first_dag.py for tasks to queue
[2021-06-15 03:25:37,855] {logging_mixin.py:104} INFO - [2021-06-15 03:25:37,854] {dagbag.py:487} INFO - Filling up the DagBag from /opt/airflow/dags/my_first_dag.py
[2021-06-15 03:25:37,937] {scheduler_job.py:643} INFO - DAG(s) dict_keys(['DAG-1']) retrieved from /opt/airflow/dags/my_first_dag.py
[2021-06-15 03:25:38,083] {logging_mixin.py:104} INFO - [2021-06-15 03:25:38,082] {dag.py:1832} INFO - Sync 1 DAGs
[2021-06-15 03:25:38,196] {logging_mixin.py:104} INFO - [2021-06-15 03:25:38,194] {dag.py:2305} INFO - Setting next_dagrun for DAG-1 to 2021-06-11T00:00:00+00:00
[2021-06-15 03:25:38,253] {scheduler_job.py:190} INFO - Processing /opt/airflow/dags/my_first_dag.py took 0.431 seconds
[2021-06-15 03:26:08,596] {scheduler_job.py:182} INFO - Started process (PID=163) to work on /opt/airflow/dags/my_first_dag.py
[2021-06-15 03:26:08,613] {scheduler_job.py:633} INFO - Processing file /opt/airflow/dags/my_first_dag.py for tasks to queue
[2021-06-15 03:26:08,632] {logging_mixin.py:104} INFO - [2021-06-15 03:26:08,631] {dagbag.py:487} INFO - Filling up the DagBag from /opt/airflow/dags/my_first_dag.py
[2021-06-15 03:26:08,722] {scheduler_job.py:643} INFO - DAG(s) dict_keys(['DAG-1']) retrieved from /opt/airflow/dags/my_first_dag.py
[2021-06-15 03:26:08,851] {logging_mixin.py:104} INFO - [2021-06-15 03:26:08,850] {dag.py:1832} INFO - Sync 1 DAGs
[2021-06-15 03:26:09,042] {logging_mixin.py:104} INFO - [2021-06-15 03:26:09,040] {dag.py:2305} INFO - Setting next_dagrun for DAG-1 to 2021-06-11T00:00:00+00:00
[2021-06-15 03:26:09,111] {scheduler_job.py:190} INFO - Processing /opt/airflow/dags/my_first_dag.py took 0.566 seconds
[2021-06-15 03:26:39,585] {scheduler_job.py:182} INFO - Started process (PID=220) to work on /opt/airflow/dags/my_first_dag.py
[2021-06-15 03:26:39,593] {scheduler_job.py:633} INFO - Processing file /opt/airflow/dags/my_first_dag.py for tasks to queue
[2021-06-15 03:26:39,605] {logging_mixin.py:104} INFO - [2021-06-15 03:26:39,601] {dagbag.py:487} INFO - Filling up the DagBag from /opt/airflow/dags/my_first_dag.py
[2021-06-15 03:26:39,695] {scheduler_job.py:643} INFO - DAG(s) dict_keys(['DAG-1']) retrieved from /opt/airflow/dags/my_first_dag.py
[2021-06-15 03:26:39,811] {logging_mixin.py:104} INFO - [2021-06-15 03:26:39,810] {dag.py:1832} INFO - Sync 1 DAGs
[2021-06-15 03:26:39,888] {logging_mixin.py:104} INFO - [2021-06-15 03:26:39,888] {dag.py:2305} INFO - Setting next_dagrun for DAG-1 to 2021-06-11T00:00:00+00:00
[2021-06-15 03:26:39,945] {scheduler_job.py:190} INFO - Processing /opt/airflow/dags/my_first_dag.py took 0.376 seconds
[2021-06-15 03:27:10,342] {scheduler_job.py:182} INFO - Started process (PID=287) to work on /opt/airflow/dags/my_first_dag.py
[2021-06-15 03:27:10,352] {scheduler_job.py:633} INFO - Processing file /opt/airflow/dags/my_first_dag.py for tasks to queue
[2021-06-15 03:27:10,359] {logging_mixin.py:104} INFO - [2021-06-15 03:27:10,358] {dagbag.py:487} INFO - Filling up the DagBag from /opt/airflow/dags/my_first_dag.py
[2021-06-15 03:27:10,442] {scheduler_job.py:643} INFO - DAG(s) dict_keys(['DAG-1']) retrieved from /opt/airflow/dags/my_first_dag.py
[2021-06-15 03:27:10,545] {logging_mixin.py:104} INFO - [2021-06-15 03:27:10,544] {dag.py:1832} INFO - Sync 1 DAGs
[2021-06-15 03:27:10,626] {logging_mixin.py:104} INFO - [2021-06-15 03:27:10,625] {dag.py:2305} INFO - Setting next_dagrun for DAG-1 to 2021-06-11T00:00:00+00:00
[2021-06-15 03:27:10,667] {scheduler_job.py:190} INFO - Processing /opt/airflow/dags/my_first_dag.py took 0.344 seconds
[2021-06-15 03:27:40,933] {scheduler_job.py:182} INFO - Started process (PID=355) to work on /opt/airflow/dags/my_first_dag.py
[2021-06-15 03:27:40,941] {scheduler_job.py:633} INFO - Processing file /opt/airflow/dags/my_first_dag.py for tasks to queue
[2021-06-15 03:27:40,947] {logging_mixin.py:104} INFO - [2021-06-15 03:27:40,946] {dagbag.py:487} INFO - Filling up the DagBag from /opt/airflow/dags/my_first_dag.py
[2021-06-15 03:27:41,015] {scheduler_job.py:643} INFO - DAG(s) dict_keys(['DAG-1']) retrieved from /opt/airflow/dags/my_first_dag.py
[2021-06-15 03:27:41,114] {logging_mixin.py:104} INFO - [2021-06-15 03:27:41,114] {dag.py:1832} INFO - Sync 1 DAGs
[2021-06-15 03:27:41,188] {logging_mixin.py:104} INFO - [2021-06-15 03:27:41,187] {dag.py:2305} INFO - Setting next_dagrun for DAG-1 to 2021-06-11T00:00:00+00:00
[2021-06-15 03:27:41,230] {scheduler_job.py:190} INFO - Processing /opt/airflow/dags/my_first_dag.py took 0.313 seconds
[2021-06-15 03:28:11,558] {scheduler_job.py:182} INFO - Started process (PID=415) to work on /opt/airflow/dags/my_first_dag.py
[2021-06-15 03:28:11,565] {scheduler_job.py:633} INFO - Processing file /opt/airflow/dags/my_first_dag.py for tasks to queue
[2021-06-15 03:28:11,571] {logging_mixin.py:104} INFO - [2021-06-15 03:28:11,570] {dagbag.py:487} INFO - Filling up the DagBag from /opt/airflow/dags/my_first_dag.py
[2021-06-15 03:28:11,647] {scheduler_job.py:643} INFO - DAG(s) dict_keys(['DAG-1']) retrieved from /opt/airflow/dags/my_first_dag.py
[2021-06-15 03:28:11,756] {logging_mixin.py:104} INFO - [2021-06-15 03:28:11,756] {dag.py:1832} INFO - Sync 1 DAGs
[2021-06-15 03:28:11,831] {logging_mixin.py:104} INFO - [2021-06-15 03:28:11,830] {dag.py:2305} INFO - Setting next_dagrun for DAG-1 to 2021-06-11T00:00:00+00:00
[2021-06-15 03:28:11,883] {scheduler_job.py:190} INFO - Processing /opt/airflow/dags/my_first_dag.py took 0.344 seconds
[2021-06-15 03:28:41,979] {scheduler_job.py:182} INFO - Started process (PID=472) to work on /opt/airflow/dags/my_first_dag.py
[2021-06-15 03:28:41,988] {scheduler_job.py:633} INFO - Processing file /opt/airflow/dags/my_first_dag.py for tasks to queue
[2021-06-15 03:28:41,995] {logging_mixin.py:104} INFO - [2021-06-15 03:28:41,994] {dagbag.py:487} INFO - Filling up the DagBag from /opt/airflow/dags/my_first_dag.py
[2021-06-15 03:28:42,067] {scheduler_job.py:643} INFO - DAG(s) dict_keys(['DAG-1']) retrieved from /opt/airflow/dags/my_first_dag.py
[2021-06-15 03:28:42,166] {logging_mixin.py:104} INFO - [2021-06-15 03:28:42,166] {dag.py:1832} INFO - Sync 1 DAGs
[2021-06-15 03:28:42,234] {logging_mixin.py:104} INFO - [2021-06-15 03:28:42,233] {dag.py:2305} INFO - Setting next_dagrun for DAG-1 to 2021-06-11T00:00:00+00:00
[2021-06-15 03:28:42,272] {scheduler_job.py:190} INFO - Processing /opt/airflow/dags/my_first_dag.py took 0.308 seconds
[2021-06-15 03:29:12,604] {scheduler_job.py:182} INFO - Started process (PID=538) to work on /opt/airflow/dags/my_first_dag.py
[2021-06-15 03:29:12,611] {scheduler_job.py:633} INFO - Processing file /opt/airflow/dags/my_first_dag.py for tasks to queue
[2021-06-15 03:29:12,619] {logging_mixin.py:104} INFO - [2021-06-15 03:29:12,619] {dagbag.py:487} INFO - Filling up the DagBag from /opt/airflow/dags/my_first_dag.py
[2021-06-15 03:29:12,696] {scheduler_job.py:643} INFO - DAG(s) dict_keys(['DAG-1']) retrieved from /opt/airflow/dags/my_first_dag.py
[2021-06-15 03:29:12,804] {logging_mixin.py:104} INFO - [2021-06-15 03:29:12,803] {dag.py:1832} INFO - Sync 1 DAGs
[2021-06-15 03:29:12,876] {logging_mixin.py:104} INFO - [2021-06-15 03:29:12,876] {dag.py:2305} INFO - Setting next_dagrun for DAG-1 to 2021-06-11T00:00:00+00:00
[2021-06-15 03:29:12,918] {scheduler_job.py:190} INFO - Processing /opt/airflow/dags/my_first_dag.py took 0.329 seconds
[2021-06-15 03:29:43,127] {scheduler_job.py:182} INFO - Started process (PID=605) to work on /opt/airflow/dags/my_first_dag.py
[2021-06-15 03:29:43,136] {scheduler_job.py:633} INFO - Processing file /opt/airflow/dags/my_first_dag.py for tasks to queue
[2021-06-15 03:29:43,142] {logging_mixin.py:104} INFO - [2021-06-15 03:29:43,141] {dagbag.py:487} INFO - Filling up the DagBag from /opt/airflow/dags/my_first_dag.py
[2021-06-15 03:29:43,224] {scheduler_job.py:643} INFO - DAG(s) dict_keys(['DAG-1']) retrieved from /opt/airflow/dags/my_first_dag.py
[2021-06-15 03:29:43,354] {logging_mixin.py:104} INFO - [2021-06-15 03:29:43,353] {dag.py:1832} INFO - Sync 1 DAGs
[2021-06-15 03:29:43,468] {logging_mixin.py:104} INFO - [2021-06-15 03:29:43,468] {dag.py:2305} INFO - Setting next_dagrun for DAG-1 to 2021-06-11T00:00:00+00:00
[2021-06-15 03:29:43,514] {scheduler_job.py:190} INFO - Processing /opt/airflow/dags/my_first_dag.py took 0.405 seconds
[2021-06-15 03:30:13,682] {scheduler_job.py:182} INFO - Started process (PID=653) to work on /opt/airflow/dags/my_first_dag.py
[2021-06-15 03:30:13,689] {scheduler_job.py:633} INFO - Processing file /opt/airflow/dags/my_first_dag.py for tasks to queue
[2021-06-15 03:30:13,695] {logging_mixin.py:104} INFO - [2021-06-15 03:30:13,694] {dagbag.py:487} INFO - Filling up the DagBag from /opt/airflow/dags/my_first_dag.py
[2021-06-15 03:30:13,760] {scheduler_job.py:643} INFO - DAG(s) dict_keys(['DAG-1']) retrieved from /opt/airflow/dags/my_first_dag.py
[2021-06-15 03:30:13,852] {logging_mixin.py:104} INFO - [2021-06-15 03:30:13,851] {dag.py:1832} INFO - Sync 1 DAGs
[2021-06-15 03:30:13,915] {logging_mixin.py:104} INFO - [2021-06-15 03:30:13,914] {dag.py:2305} INFO - Setting next_dagrun for DAG-1 to 2021-06-11T00:00:00+00:00
[2021-06-15 03:30:13,948] {scheduler_job.py:190} INFO - Processing /opt/airflow/dags/my_first_dag.py took 0.281 seconds
[2021-06-15 03:30:44,944] {scheduler_job.py:182} INFO - Started process (PID=721) to work on /opt/airflow/dags/my_first_dag.py
[2021-06-15 03:30:44,950] {scheduler_job.py:633} INFO - Processing file /opt/airflow/dags/my_first_dag.py for tasks to queue
[2021-06-15 03:30:44,955] {logging_mixin.py:104} INFO - [2021-06-15 03:30:44,955] {dagbag.py:487} INFO - Filling up the DagBag from /opt/airflow/dags/my_first_dag.py
[2021-06-15 03:30:45,015] {scheduler_job.py:643} INFO - DAG(s) dict_keys(['DAG-1']) retrieved from /opt/airflow/dags/my_first_dag.py
[2021-06-15 03:30:45,104] {logging_mixin.py:104} INFO - [2021-06-15 03:30:45,103] {dag.py:1832} INFO - Sync 1 DAGs
[2021-06-15 03:30:45,166] {logging_mixin.py:104} INFO - [2021-06-15 03:30:45,165] {dag.py:2305} INFO - Setting next_dagrun for DAG-1 to 2021-06-11T00:00:00+00:00
[2021-06-15 03:30:45,199] {scheduler_job.py:190} INFO - Processing /opt/airflow/dags/my_first_dag.py took 0.268 seconds
[2021-06-15 03:31:15,649] {scheduler_job.py:182} INFO - Started process (PID=788) to work on /opt/airflow/dags/my_first_dag.py
[2021-06-15 03:31:15,656] {scheduler_job.py:633} INFO - Processing file /opt/airflow/dags/my_first_dag.py for tasks to queue
[2021-06-15 03:31:15,661] {logging_mixin.py:104} INFO - [2021-06-15 03:31:15,660] {dagbag.py:487} INFO - Filling up the DagBag from /opt/airflow/dags/my_first_dag.py
[2021-06-15 03:31:15,722] {scheduler_job.py:643} INFO - DAG(s) dict_keys(['DAG-1']) retrieved from /opt/airflow/dags/my_first_dag.py
[2021-06-15 03:31:15,822] {logging_mixin.py:104} INFO - [2021-06-15 03:31:15,822] {dag.py:1832} INFO - Sync 1 DAGs
[2021-06-15 03:31:15,885] {logging_mixin.py:104} INFO - [2021-06-15 03:31:15,885] {dag.py:2305} INFO - Setting next_dagrun for DAG-1 to 2021-06-11T00:00:00+00:00
[2021-06-15 03:31:15,918] {scheduler_job.py:190} INFO - Processing /opt/airflow/dags/my_first_dag.py took 0.284 seconds
[2021-06-15 03:31:46,179] {scheduler_job.py:182} INFO - Started process (PID=857) to work on /opt/airflow/dags/my_first_dag.py
[2021-06-15 03:31:46,185] {scheduler_job.py:633} INFO - Processing file /opt/airflow/dags/my_first_dag.py for tasks to queue
[2021-06-15 03:31:46,190] {logging_mixin.py:104} INFO - [2021-06-15 03:31:46,190] {dagbag.py:487} INFO - Filling up the DagBag from /opt/airflow/dags/my_first_dag.py
[2021-06-15 03:31:46,256] {scheduler_job.py:643} INFO - DAG(s) dict_keys(['DAG-1']) retrieved from /opt/airflow/dags/my_first_dag.py
[2021-06-15 03:31:46,352] {logging_mixin.py:104} INFO - [2021-06-15 03:31:46,351] {dag.py:1832} INFO - Sync 1 DAGs
[2021-06-15 03:31:46,414] {logging_mixin.py:104} INFO - [2021-06-15 03:31:46,414] {dag.py:2305} INFO - Setting next_dagrun for DAG-1 to 2021-06-11T00:00:00+00:00
[2021-06-15 03:31:46,447] {scheduler_job.py:190} INFO - Processing /opt/airflow/dags/my_first_dag.py took 0.283 seconds
[2021-06-15 03:32:16,700] {scheduler_job.py:182} INFO - Started process (PID=915) to work on /opt/airflow/dags/my_first_dag.py
[2021-06-15 03:32:16,708] {scheduler_job.py:633} INFO - Processing file /opt/airflow/dags/my_first_dag.py for tasks to queue
[2021-06-15 03:32:16,713] {logging_mixin.py:104} INFO - [2021-06-15 03:32:16,713] {dagbag.py:487} INFO - Filling up the DagBag from /opt/airflow/dags/my_first_dag.py
[2021-06-15 03:32:16,780] {scheduler_job.py:643} INFO - DAG(s) dict_keys(['DAG-1']) retrieved from /opt/airflow/dags/my_first_dag.py
[2021-06-15 03:32:16,892] {logging_mixin.py:104} INFO - [2021-06-15 03:32:16,891] {dag.py:1832} INFO - Sync 1 DAGs
[2021-06-15 03:32:16,968] {logging_mixin.py:104} INFO - [2021-06-15 03:32:16,967] {dag.py:2305} INFO - Setting next_dagrun for DAG-1 to 2021-06-11T00:00:00+00:00
[2021-06-15 03:32:17,006] {scheduler_job.py:190} INFO - Processing /opt/airflow/dags/my_first_dag.py took 0.322 seconds
[2021-06-15 03:32:47,424] {scheduler_job.py:182} INFO - Started process (PID=972) to work on /opt/airflow/dags/my_first_dag.py
[2021-06-15 03:32:47,430] {scheduler_job.py:633} INFO - Processing file /opt/airflow/dags/my_first_dag.py for tasks to queue
[2021-06-15 03:32:47,435] {logging_mixin.py:104} INFO - [2021-06-15 03:32:47,435] {dagbag.py:487} INFO - Filling up the DagBag from /opt/airflow/dags/my_first_dag.py
[2021-06-15 03:32:47,496] {scheduler_job.py:643} INFO - DAG(s) dict_keys(['DAG-1']) retrieved from /opt/airflow/dags/my_first_dag.py
[2021-06-15 03:32:47,589] {logging_mixin.py:104} INFO - [2021-06-15 03:32:47,588] {dag.py:1832} INFO - Sync 1 DAGs
[2021-06-15 03:32:47,670] {logging_mixin.py:104} INFO - [2021-06-15 03:32:47,669] {dag.py:2305} INFO - Setting next_dagrun for DAG-1 to 2021-06-11T00:00:00+00:00
[2021-06-15 03:32:47,712] {scheduler_job.py:190} INFO - Processing /opt/airflow/dags/my_first_dag.py took 0.302 seconds
[2021-06-15 03:33:18,591] {scheduler_job.py:182} INFO - Started process (PID=1040) to work on /opt/airflow/dags/my_first_dag.py
[2021-06-15 03:33:18,600] {scheduler_job.py:633} INFO - Processing file /opt/airflow/dags/my_first_dag.py for tasks to queue
[2021-06-15 03:33:18,606] {logging_mixin.py:104} INFO - [2021-06-15 03:33:18,606] {dagbag.py:487} INFO - Filling up the DagBag from /opt/airflow/dags/my_first_dag.py
[2021-06-15 03:33:18,671] {scheduler_job.py:643} INFO - DAG(s) dict_keys(['DAG-1']) retrieved from /opt/airflow/dags/my_first_dag.py
[2021-06-15 03:33:18,762] {logging_mixin.py:104} INFO - [2021-06-15 03:33:18,761] {dag.py:1832} INFO - Sync 1 DAGs
[2021-06-15 03:33:18,831] {logging_mixin.py:104} INFO - [2021-06-15 03:33:18,830] {dag.py:2305} INFO - Setting next_dagrun for DAG-1 to 2021-06-11T00:00:00+00:00
[2021-06-15 03:33:18,889] {scheduler_job.py:190} INFO - Processing /opt/airflow/dags/my_first_dag.py took 0.315 seconds
[2021-06-15 03:33:49,337] {scheduler_job.py:182} INFO - Started process (PID=1108) to work on /opt/airflow/dags/my_first_dag.py
[2021-06-15 03:33:49,347] {scheduler_job.py:633} INFO - Processing file /opt/airflow/dags/my_first_dag.py for tasks to queue
[2021-06-15 03:33:49,352] {logging_mixin.py:104} INFO - [2021-06-15 03:33:49,352] {dagbag.py:487} INFO - Filling up the DagBag from /opt/airflow/dags/my_first_dag.py
[2021-06-15 03:33:49,412] {scheduler_job.py:643} INFO - DAG(s) dict_keys(['DAG-1']) retrieved from /opt/airflow/dags/my_first_dag.py
[2021-06-15 03:33:49,507] {logging_mixin.py:104} INFO - [2021-06-15 03:33:49,507] {dag.py:1832} INFO - Sync 1 DAGs
[2021-06-15 03:33:49,573] {logging_mixin.py:104} INFO - [2021-06-15 03:33:49,572] {dag.py:2305} INFO - Setting next_dagrun for DAG-1 to 2021-06-11T00:00:00+00:00
[2021-06-15 03:33:49,607] {scheduler_job.py:190} INFO - Processing /opt/airflow/dags/my_first_dag.py took 0.290 seconds
[2021-06-15 03:34:20,136] {scheduler_job.py:182} INFO - Started process (PID=1169) to work on /opt/airflow/dags/my_first_dag.py
[2021-06-15 03:34:20,151] {scheduler_job.py:633} INFO - Processing file /opt/airflow/dags/my_first_dag.py for tasks to queue
[2021-06-15 03:34:20,163] {logging_mixin.py:104} INFO - [2021-06-15 03:34:20,163] {dagbag.py:487} INFO - Filling up the DagBag from /opt/airflow/dags/my_first_dag.py
[2021-06-15 03:34:20,243] {scheduler_job.py:643} INFO - DAG(s) dict_keys(['DAG-1']) retrieved from /opt/airflow/dags/my_first_dag.py
[2021-06-15 03:34:20,335] {logging_mixin.py:104} INFO - [2021-06-15 03:34:20,334] {dag.py:1832} INFO - Sync 1 DAGs
[2021-06-15 03:34:20,396] {logging_mixin.py:104} INFO - [2021-06-15 03:34:20,396] {dag.py:2305} INFO - Setting next_dagrun for DAG-1 to 2021-06-11T00:00:00+00:00
[2021-06-15 03:34:20,429] {scheduler_job.py:190} INFO - Processing /opt/airflow/dags/my_first_dag.py took 0.310 seconds
[2021-06-15 03:34:50,894] {scheduler_job.py:182} INFO - Started process (PID=1235) to work on /opt/airflow/dags/my_first_dag.py
[2021-06-15 03:34:50,921] {scheduler_job.py:633} INFO - Processing file /opt/airflow/dags/my_first_dag.py for tasks to queue
[2021-06-15 03:34:50,933] {logging_mixin.py:104} INFO - [2021-06-15 03:34:50,932] {dagbag.py:487} INFO - Filling up the DagBag from /opt/airflow/dags/my_first_dag.py
[2021-06-15 03:34:51,025] {scheduler_job.py:643} INFO - DAG(s) dict_keys(['DAG-1']) retrieved from /opt/airflow/dags/my_first_dag.py
[2021-06-15 03:34:51,203] {logging_mixin.py:104} INFO - [2021-06-15 03:34:51,203] {dag.py:1832} INFO - Sync 1 DAGs
[2021-06-15 03:34:51,316] {logging_mixin.py:104} INFO - [2021-06-15 03:34:51,315] {dag.py:2305} INFO - Setting next_dagrun for DAG-1 to 2021-06-11T00:00:00+00:00
[2021-06-15 03:34:51,372] {scheduler_job.py:190} INFO - Processing /opt/airflow/dags/my_first_dag.py took 0.512 seconds
[2021-06-15 03:35:21,517] {scheduler_job.py:182} INFO - Started process (PID=1292) to work on /opt/airflow/dags/my_first_dag.py
[2021-06-15 03:35:21,524] {scheduler_job.py:633} INFO - Processing file /opt/airflow/dags/my_first_dag.py for tasks to queue
[2021-06-15 03:35:21,529] {logging_mixin.py:104} INFO - [2021-06-15 03:35:21,528] {dagbag.py:487} INFO - Filling up the DagBag from /opt/airflow/dags/my_first_dag.py
[2021-06-15 03:35:21,593] {scheduler_job.py:643} INFO - DAG(s) dict_keys(['DAG-1']) retrieved from /opt/airflow/dags/my_first_dag.py
[2021-06-15 03:35:21,695] {logging_mixin.py:104} INFO - [2021-06-15 03:35:21,694] {dag.py:1832} INFO - Sync 1 DAGs
[2021-06-15 03:35:21,760] {logging_mixin.py:104} INFO - [2021-06-15 03:35:21,760] {dag.py:2305} INFO - Setting next_dagrun for DAG-1 to 2021-06-11T00:00:00+00:00
[2021-06-15 03:35:21,795] {scheduler_job.py:190} INFO - Processing /opt/airflow/dags/my_first_dag.py took 0.293 seconds
[2021-06-15 03:35:52,048] {scheduler_job.py:182} INFO - Started process (PID=1360) to work on /opt/airflow/dags/my_first_dag.py
[2021-06-15 03:35:52,057] {scheduler_job.py:633} INFO - Processing file /opt/airflow/dags/my_first_dag.py for tasks to queue
[2021-06-15 03:35:52,066] {logging_mixin.py:104} INFO - [2021-06-15 03:35:52,065] {dagbag.py:487} INFO - Filling up the DagBag from /opt/airflow/dags/my_first_dag.py
[2021-06-15 03:35:52,168] {scheduler_job.py:643} INFO - DAG(s) dict_keys(['DAG-1']) retrieved from /opt/airflow/dags/my_first_dag.py
[2021-06-15 03:35:52,279] {logging_mixin.py:104} INFO - [2021-06-15 03:35:52,278] {dag.py:1832} INFO - Sync 1 DAGs
[2021-06-15 03:35:52,377] {logging_mixin.py:104} INFO - [2021-06-15 03:35:52,377] {dag.py:2305} INFO - Setting next_dagrun for DAG-1 to 2021-06-11T00:00:00+00:00
[2021-06-15 03:35:52,423] {scheduler_job.py:190} INFO - Processing /opt/airflow/dags/my_first_dag.py took 0.424 seconds
[2021-06-15 03:36:22,610] {scheduler_job.py:182} INFO - Started process (PID=1419) to work on /opt/airflow/dags/my_first_dag.py
[2021-06-15 03:36:22,619] {scheduler_job.py:633} INFO - Processing file /opt/airflow/dags/my_first_dag.py for tasks to queue
[2021-06-15 03:36:22,629] {logging_mixin.py:104} INFO - [2021-06-15 03:36:22,627] {dagbag.py:487} INFO - Filling up the DagBag from /opt/airflow/dags/my_first_dag.py
[2021-06-15 03:36:22,732] {scheduler_job.py:643} INFO - DAG(s) dict_keys(['DAG-1']) retrieved from /opt/airflow/dags/my_first_dag.py
[2021-06-15 03:36:22,863] {logging_mixin.py:104} INFO - [2021-06-15 03:36:22,863] {dag.py:1832} INFO - Sync 1 DAGs
[2021-06-15 03:36:22,975] {logging_mixin.py:104} INFO - [2021-06-15 03:36:22,974] {dag.py:2305} INFO - Setting next_dagrun for DAG-1 to 2021-06-11T00:00:00+00:00
[2021-06-15 03:36:23,032] {scheduler_job.py:190} INFO - Processing /opt/airflow/dags/my_first_dag.py took 0.440 seconds
[2021-06-15 03:36:53,377] {scheduler_job.py:182} INFO - Started process (PID=1476) to work on /opt/airflow/dags/my_first_dag.py
[2021-06-15 03:36:53,383] {scheduler_job.py:633} INFO - Processing file /opt/airflow/dags/my_first_dag.py for tasks to queue
[2021-06-15 03:36:53,388] {logging_mixin.py:104} INFO - [2021-06-15 03:36:53,388] {dagbag.py:487} INFO - Filling up the DagBag from /opt/airflow/dags/my_first_dag.py
[2021-06-15 03:36:53,448] {scheduler_job.py:643} INFO - DAG(s) dict_keys(['DAG-1']) retrieved from /opt/airflow/dags/my_first_dag.py
[2021-06-15 03:36:53,537] {logging_mixin.py:104} INFO - [2021-06-15 03:36:53,536] {dag.py:1832} INFO - Sync 1 DAGs
[2021-06-15 03:36:53,597] {logging_mixin.py:104} INFO - [2021-06-15 03:36:53,596] {dag.py:2305} INFO - Setting next_dagrun for DAG-1 to 2021-06-11T00:00:00+00:00
[2021-06-15 03:36:53,630] {scheduler_job.py:190} INFO - Processing /opt/airflow/dags/my_first_dag.py took 0.267 seconds
[2021-06-15 03:37:23,755] {scheduler_job.py:182} INFO - Started process (PID=1544) to work on /opt/airflow/dags/my_first_dag.py
[2021-06-15 03:37:23,766] {scheduler_job.py:633} INFO - Processing file /opt/airflow/dags/my_first_dag.py for tasks to queue
[2021-06-15 03:37:23,771] {logging_mixin.py:104} INFO - [2021-06-15 03:37:23,770] {dagbag.py:487} INFO - Filling up the DagBag from /opt/airflow/dags/my_first_dag.py
[2021-06-15 03:37:23,832] {scheduler_job.py:643} INFO - DAG(s) dict_keys(['DAG-1']) retrieved from /opt/airflow/dags/my_first_dag.py
[2021-06-15 03:37:23,923] {logging_mixin.py:104} INFO - [2021-06-15 03:37:23,923] {dag.py:1832} INFO - Sync 1 DAGs
[2021-06-15 03:37:23,989] {logging_mixin.py:104} INFO - [2021-06-15 03:37:23,988] {dag.py:2305} INFO - Setting next_dagrun for DAG-1 to 2021-06-11T00:00:00+00:00
[2021-06-15 03:37:24,022] {scheduler_job.py:190} INFO - Processing /opt/airflow/dags/my_first_dag.py took 0.297 seconds
[2021-06-15 03:37:54,217] {scheduler_job.py:182} INFO - Started process (PID=1611) to work on /opt/airflow/dags/my_first_dag.py
[2021-06-15 03:37:54,227] {scheduler_job.py:633} INFO - Processing file /opt/airflow/dags/my_first_dag.py for tasks to queue
[2021-06-15 03:37:54,238] {logging_mixin.py:104} INFO - [2021-06-15 03:37:54,237] {dagbag.py:487} INFO - Filling up the DagBag from /opt/airflow/dags/my_first_dag.py
[2021-06-15 03:37:54,343] {scheduler_job.py:643} INFO - DAG(s) dict_keys(['DAG-1']) retrieved from /opt/airflow/dags/my_first_dag.py
[2021-06-15 03:37:54,453] {logging_mixin.py:104} INFO - [2021-06-15 03:37:54,453] {dag.py:1832} INFO - Sync 1 DAGs
[2021-06-15 03:37:54,555] {logging_mixin.py:104} INFO - [2021-06-15 03:37:54,554] {dag.py:2305} INFO - Setting next_dagrun for DAG-1 to 2021-06-11T00:00:00+00:00
[2021-06-15 03:37:54,608] {scheduler_job.py:190} INFO - Processing /opt/airflow/dags/my_first_dag.py took 0.411 seconds
[2021-06-15 03:38:24,928] {scheduler_job.py:182} INFO - Started process (PID=1678) to work on /opt/airflow/dags/my_first_dag.py
[2021-06-15 03:38:24,935] {scheduler_job.py:633} INFO - Processing file /opt/airflow/dags/my_first_dag.py for tasks to queue
[2021-06-15 03:38:24,940] {logging_mixin.py:104} INFO - [2021-06-15 03:38:24,939] {dagbag.py:487} INFO - Filling up the DagBag from /opt/airflow/dags/my_first_dag.py
[2021-06-15 03:38:25,010] {scheduler_job.py:643} INFO - DAG(s) dict_keys(['DAG-1']) retrieved from /opt/airflow/dags/my_first_dag.py
[2021-06-15 03:38:25,141] {logging_mixin.py:104} INFO - [2021-06-15 03:38:25,141] {dag.py:1832} INFO - Sync 1 DAGs
[2021-06-15 03:38:25,273] {logging_mixin.py:104} INFO - [2021-06-15 03:38:25,273] {dag.py:2305} INFO - Setting next_dagrun for DAG-1 to 2021-06-11T00:00:00+00:00
[2021-06-15 03:38:25,328] {scheduler_job.py:190} INFO - Processing /opt/airflow/dags/my_first_dag.py took 0.415 seconds
[2021-06-15 03:38:55,915] {scheduler_job.py:182} INFO - Started process (PID=1737) to work on /opt/airflow/dags/my_first_dag.py
[2021-06-15 03:38:55,923] {scheduler_job.py:633} INFO - Processing file /opt/airflow/dags/my_first_dag.py for tasks to queue
[2021-06-15 03:38:55,929] {logging_mixin.py:104} INFO - [2021-06-15 03:38:55,928] {dagbag.py:487} INFO - Filling up the DagBag from /opt/airflow/dags/my_first_dag.py
[2021-06-15 03:38:56,004] {scheduler_job.py:643} INFO - DAG(s) dict_keys(['DAG-1']) retrieved from /opt/airflow/dags/my_first_dag.py
[2021-06-15 03:38:56,112] {logging_mixin.py:104} INFO - [2021-06-15 03:38:56,112] {dag.py:1832} INFO - Sync 1 DAGs
[2021-06-15 03:38:56,196] {logging_mixin.py:104} INFO - [2021-06-15 03:38:56,196] {dag.py:2305} INFO - Setting next_dagrun for DAG-1 to 2021-06-11T00:00:00+00:00
[2021-06-15 03:38:56,238] {scheduler_job.py:190} INFO - Processing /opt/airflow/dags/my_first_dag.py took 0.343 seconds
[2021-06-15 03:39:26,522] {scheduler_job.py:182} INFO - Started process (PID=1795) to work on /opt/airflow/dags/my_first_dag.py
[2021-06-15 03:39:26,532] {scheduler_job.py:633} INFO - Processing file /opt/airflow/dags/my_first_dag.py for tasks to queue
[2021-06-15 03:39:26,539] {logging_mixin.py:104} INFO - [2021-06-15 03:39:26,538] {dagbag.py:487} INFO - Filling up the DagBag from /opt/airflow/dags/my_first_dag.py
[2021-06-15 03:39:26,628] {scheduler_job.py:643} INFO - DAG(s) dict_keys(['DAG-1']) retrieved from /opt/airflow/dags/my_first_dag.py
[2021-06-15 03:39:26,723] {logging_mixin.py:104} INFO - [2021-06-15 03:39:26,723] {dag.py:1832} INFO - Sync 1 DAGs
[2021-06-15 03:39:26,788] {logging_mixin.py:104} INFO - [2021-06-15 03:39:26,788] {dag.py:2305} INFO - Setting next_dagrun for DAG-1 to 2021-06-11T00:00:00+00:00
[2021-06-15 03:39:26,822] {scheduler_job.py:190} INFO - Processing /opt/airflow/dags/my_first_dag.py took 0.316 seconds
[2021-06-15 03:39:57,208] {scheduler_job.py:182} INFO - Started process (PID=1863) to work on /opt/airflow/dags/my_first_dag.py
[2021-06-15 03:39:57,218] {scheduler_job.py:633} INFO - Processing file /opt/airflow/dags/my_first_dag.py for tasks to queue
[2021-06-15 03:39:57,226] {logging_mixin.py:104} INFO - [2021-06-15 03:39:57,225] {dagbag.py:487} INFO - Filling up the DagBag from /opt/airflow/dags/my_first_dag.py
[2021-06-15 03:39:57,298] {scheduler_job.py:643} INFO - DAG(s) dict_keys(['DAG-1']) retrieved from /opt/airflow/dags/my_first_dag.py
[2021-06-15 03:39:57,392] {logging_mixin.py:104} INFO - [2021-06-15 03:39:57,391] {dag.py:1832} INFO - Sync 1 DAGs
[2021-06-15 03:39:57,460] {logging_mixin.py:104} INFO - [2021-06-15 03:39:57,460] {dag.py:2305} INFO - Setting next_dagrun for DAG-1 to 2021-06-11T00:00:00+00:00
[2021-06-15 03:39:57,497] {scheduler_job.py:190} INFO - Processing /opt/airflow/dags/my_first_dag.py took 0.307 seconds
[2021-06-15 03:40:27,808] {scheduler_job.py:182} INFO - Started process (PID=1923) to work on /opt/airflow/dags/my_first_dag.py
[2021-06-15 03:40:27,817] {scheduler_job.py:633} INFO - Processing file /opt/airflow/dags/my_first_dag.py for tasks to queue
[2021-06-15 03:40:27,824] {logging_mixin.py:104} INFO - [2021-06-15 03:40:27,824] {dagbag.py:487} INFO - Filling up the DagBag from /opt/airflow/dags/my_first_dag.py
[2021-06-15 03:40:27,894] {scheduler_job.py:643} INFO - DAG(s) dict_keys(['DAG-1']) retrieved from /opt/airflow/dags/my_first_dag.py
[2021-06-15 03:40:27,995] {logging_mixin.py:104} INFO - [2021-06-15 03:40:27,994] {dag.py:1832} INFO - Sync 1 DAGs
[2021-06-15 03:40:28,071] {logging_mixin.py:104} INFO - [2021-06-15 03:40:28,071] {dag.py:2305} INFO - Setting next_dagrun for DAG-1 to 2021-06-11T00:00:00+00:00
[2021-06-15 03:40:28,111] {scheduler_job.py:190} INFO - Processing /opt/airflow/dags/my_first_dag.py took 0.317 seconds
[2021-06-15 03:40:58,497] {scheduler_job.py:182} INFO - Started process (PID=1980) to work on /opt/airflow/dags/my_first_dag.py
[2021-06-15 03:40:58,509] {scheduler_job.py:633} INFO - Processing file /opt/airflow/dags/my_first_dag.py for tasks to queue
[2021-06-15 03:40:58,516] {logging_mixin.py:104} INFO - [2021-06-15 03:40:58,515] {dagbag.py:487} INFO - Filling up the DagBag from /opt/airflow/dags/my_first_dag.py
[2021-06-15 03:40:58,636] {scheduler_job.py:643} INFO - DAG(s) dict_keys(['DAG-1']) retrieved from /opt/airflow/dags/my_first_dag.py
[2021-06-15 03:40:58,803] {logging_mixin.py:104} INFO - [2021-06-15 03:40:58,800] {dag.py:1832} INFO - Sync 1 DAGs
[2021-06-15 03:40:58,936] {logging_mixin.py:104} INFO - [2021-06-15 03:40:58,935] {dag.py:2305} INFO - Setting next_dagrun for DAG-1 to 2021-06-11T00:00:00+00:00
[2021-06-15 03:40:58,980] {scheduler_job.py:190} INFO - Processing /opt/airflow/dags/my_first_dag.py took 0.507 seconds
[2021-06-15 03:41:29,186] {scheduler_job.py:182} INFO - Started process (PID=2047) to work on /opt/airflow/dags/my_first_dag.py
[2021-06-15 03:41:29,194] {scheduler_job.py:633} INFO - Processing file /opt/airflow/dags/my_first_dag.py for tasks to queue
[2021-06-15 03:41:29,202] {logging_mixin.py:104} INFO - [2021-06-15 03:41:29,201] {dagbag.py:487} INFO - Filling up the DagBag from /opt/airflow/dags/my_first_dag.py
[2021-06-15 03:41:29,295] {scheduler_job.py:643} INFO - DAG(s) dict_keys(['DAG-1']) retrieved from /opt/airflow/dags/my_first_dag.py
[2021-06-15 03:41:29,416] {logging_mixin.py:104} INFO - [2021-06-15 03:41:29,415] {dag.py:1832} INFO - Sync 1 DAGs
[2021-06-15 03:41:29,513] {logging_mixin.py:104} INFO - [2021-06-15 03:41:29,513] {dag.py:2305} INFO - Setting next_dagrun for DAG-1 to 2021-06-11T00:00:00+00:00
[2021-06-15 03:41:29,573] {scheduler_job.py:190} INFO - Processing /opt/airflow/dags/my_first_dag.py took 0.407 seconds
[2021-06-15 03:42:00,201] {scheduler_job.py:182} INFO - Started process (PID=2107) to work on /opt/airflow/dags/my_first_dag.py
[2021-06-15 03:42:00,211] {scheduler_job.py:633} INFO - Processing file /opt/airflow/dags/my_first_dag.py for tasks to queue
[2021-06-15 03:42:00,219] {logging_mixin.py:104} INFO - [2021-06-15 03:42:00,218] {dagbag.py:487} INFO - Filling up the DagBag from /opt/airflow/dags/my_first_dag.py
[2021-06-15 03:42:00,296] {scheduler_job.py:643} INFO - DAG(s) dict_keys(['DAG-1']) retrieved from /opt/airflow/dags/my_first_dag.py
[2021-06-15 03:42:00,418] {logging_mixin.py:104} INFO - [2021-06-15 03:42:00,418] {dag.py:1832} INFO - Sync 1 DAGs
[2021-06-15 03:42:00,500] {logging_mixin.py:104} INFO - [2021-06-15 03:42:00,499] {dag.py:2305} INFO - Setting next_dagrun for DAG-1 to 2021-06-11T00:00:00+00:00
[2021-06-15 03:42:00,545] {scheduler_job.py:190} INFO - Processing /opt/airflow/dags/my_first_dag.py took 0.364 seconds
[2021-06-15 03:42:31,039] {scheduler_job.py:182} INFO - Started process (PID=2164) to work on /opt/airflow/dags/my_first_dag.py
[2021-06-15 03:42:31,059] {scheduler_job.py:633} INFO - Processing file /opt/airflow/dags/my_first_dag.py for tasks to queue
[2021-06-15 03:42:31,065] {logging_mixin.py:104} INFO - [2021-06-15 03:42:31,065] {dagbag.py:487} INFO - Filling up the DagBag from /opt/airflow/dags/my_first_dag.py
[2021-06-15 03:42:31,183] {scheduler_job.py:643} INFO - DAG(s) dict_keys(['DAG-1']) retrieved from /opt/airflow/dags/my_first_dag.py
[2021-06-15 03:42:31,326] {logging_mixin.py:104} INFO - [2021-06-15 03:42:31,324] {dag.py:1832} INFO - Sync 1 DAGs
[2021-06-15 03:42:31,421] {logging_mixin.py:104} INFO - [2021-06-15 03:42:31,419] {dag.py:2305} INFO - Setting next_dagrun for DAG-1 to 2021-06-11T00:00:00+00:00
[2021-06-15 03:42:31,482] {scheduler_job.py:190} INFO - Processing /opt/airflow/dags/my_first_dag.py took 0.465 seconds
[2021-06-15 03:43:01,599] {scheduler_job.py:182} INFO - Started process (PID=2231) to work on /opt/airflow/dags/my_first_dag.py
[2021-06-15 03:43:01,609] {scheduler_job.py:633} INFO - Processing file /opt/airflow/dags/my_first_dag.py for tasks to queue
[2021-06-15 03:43:01,614] {logging_mixin.py:104} INFO - [2021-06-15 03:43:01,614] {dagbag.py:487} INFO - Filling up the DagBag from /opt/airflow/dags/my_first_dag.py
[2021-06-15 03:43:01,691] {scheduler_job.py:643} INFO - DAG(s) dict_keys(['DAG-1']) retrieved from /opt/airflow/dags/my_first_dag.py
[2021-06-15 03:43:01,798] {logging_mixin.py:104} INFO - [2021-06-15 03:43:01,797] {dag.py:1832} INFO - Sync 1 DAGs
[2021-06-15 03:43:01,879] {logging_mixin.py:104} INFO - [2021-06-15 03:43:01,879] {dag.py:2305} INFO - Setting next_dagrun for DAG-1 to 2021-06-11T00:00:00+00:00
[2021-06-15 03:43:01,918] {scheduler_job.py:190} INFO - Processing /opt/airflow/dags/my_first_dag.py took 0.337 seconds
[2021-06-15 03:43:32,989] {scheduler_job.py:182} INFO - Started process (PID=2299) to work on /opt/airflow/dags/my_first_dag.py
[2021-06-15 03:43:32,996] {scheduler_job.py:633} INFO - Processing file /opt/airflow/dags/my_first_dag.py for tasks to queue
[2021-06-15 03:43:33,002] {logging_mixin.py:104} INFO - [2021-06-15 03:43:33,001] {dagbag.py:487} INFO - Filling up the DagBag from /opt/airflow/dags/my_first_dag.py
[2021-06-15 03:43:33,085] {scheduler_job.py:643} INFO - DAG(s) dict_keys(['DAG-1']) retrieved from /opt/airflow/dags/my_first_dag.py
[2021-06-15 03:43:33,228] {logging_mixin.py:104} INFO - [2021-06-15 03:43:33,227] {dag.py:1832} INFO - Sync 1 DAGs
[2021-06-15 03:43:33,341] {logging_mixin.py:104} INFO - [2021-06-15 03:43:33,340] {dag.py:2305} INFO - Setting next_dagrun for DAG-1 to 2021-06-11T00:00:00+00:00
[2021-06-15 03:43:33,389] {scheduler_job.py:190} INFO - Processing /opt/airflow/dags/my_first_dag.py took 0.414 seconds
[2021-06-15 03:44:04,216] {scheduler_job.py:182} INFO - Started process (PID=2359) to work on /opt/airflow/dags/my_first_dag.py
[2021-06-15 03:44:04,225] {scheduler_job.py:633} INFO - Processing file /opt/airflow/dags/my_first_dag.py for tasks to queue
[2021-06-15 03:44:04,232] {logging_mixin.py:104} INFO - [2021-06-15 03:44:04,231] {dagbag.py:487} INFO - Filling up the DagBag from /opt/airflow/dags/my_first_dag.py
[2021-06-15 03:44:04,311] {scheduler_job.py:643} INFO - DAG(s) dict_keys(['DAG-1']) retrieved from /opt/airflow/dags/my_first_dag.py
[2021-06-15 03:44:04,433] {logging_mixin.py:104} INFO - [2021-06-15 03:44:04,432] {dag.py:1832} INFO - Sync 1 DAGs
[2021-06-15 03:44:04,511] {logging_mixin.py:104} INFO - [2021-06-15 03:44:04,510] {dag.py:2305} INFO - Setting next_dagrun for DAG-1 to 2021-06-11T00:00:00+00:00
[2021-06-15 03:44:04,564] {scheduler_job.py:190} INFO - Processing /opt/airflow/dags/my_first_dag.py took 0.368 seconds
[2021-06-15 03:44:34,915] {scheduler_job.py:182} INFO - Started process (PID=2416) to work on /opt/airflow/dags/my_first_dag.py
[2021-06-15 03:44:34,923] {scheduler_job.py:633} INFO - Processing file /opt/airflow/dags/my_first_dag.py for tasks to queue
[2021-06-15 03:44:34,930] {logging_mixin.py:104} INFO - [2021-06-15 03:44:34,929] {dagbag.py:487} INFO - Filling up the DagBag from /opt/airflow/dags/my_first_dag.py
[2021-06-15 03:44:35,004] {scheduler_job.py:643} INFO - DAG(s) dict_keys(['DAG-1']) retrieved from /opt/airflow/dags/my_first_dag.py
[2021-06-15 03:44:35,115] {logging_mixin.py:104} INFO - [2021-06-15 03:44:35,115] {dag.py:1832} INFO - Sync 1 DAGs
[2021-06-15 03:44:35,199] {logging_mixin.py:104} INFO - [2021-06-15 03:44:35,199] {dag.py:2305} INFO - Setting next_dagrun for DAG-1 to 2021-06-11T00:00:00+00:00
[2021-06-15 03:44:35,241] {scheduler_job.py:190} INFO - Processing /opt/airflow/dags/my_first_dag.py took 0.344 seconds
[2021-06-15 03:45:06,120] {scheduler_job.py:182} INFO - Started process (PID=2483) to work on /opt/airflow/dags/my_first_dag.py
[2021-06-15 03:45:06,136] {scheduler_job.py:633} INFO - Processing file /opt/airflow/dags/my_first_dag.py for tasks to queue
[2021-06-15 03:45:06,147] {logging_mixin.py:104} INFO - [2021-06-15 03:45:06,147] {dagbag.py:487} INFO - Filling up the DagBag from /opt/airflow/dags/my_first_dag.py
[2021-06-15 03:45:06,219] {scheduler_job.py:643} INFO - DAG(s) dict_keys(['DAG-1']) retrieved from /opt/airflow/dags/my_first_dag.py
[2021-06-15 03:45:06,323] {logging_mixin.py:104} INFO - [2021-06-15 03:45:06,323] {dag.py:1832} INFO - Sync 1 DAGs
[2021-06-15 03:45:06,412] {logging_mixin.py:104} INFO - [2021-06-15 03:45:06,410] {dag.py:2305} INFO - Setting next_dagrun for DAG-1 to 2021-06-11T00:00:00+00:00
[2021-06-15 03:45:06,453] {scheduler_job.py:190} INFO - Processing /opt/airflow/dags/my_first_dag.py took 0.360 seconds
[2021-06-15 03:45:37,319] {scheduler_job.py:182} INFO - Started process (PID=2544) to work on /opt/airflow/dags/my_first_dag.py
[2021-06-15 03:45:37,325] {scheduler_job.py:633} INFO - Processing file /opt/airflow/dags/my_first_dag.py for tasks to queue
[2021-06-15 03:45:37,330] {logging_mixin.py:104} INFO - [2021-06-15 03:45:37,330] {dagbag.py:487} INFO - Filling up the DagBag from /opt/airflow/dags/my_first_dag.py
[2021-06-15 03:45:37,404] {scheduler_job.py:643} INFO - DAG(s) dict_keys(['DAG-1']) retrieved from /opt/airflow/dags/my_first_dag.py
[2021-06-15 03:45:37,533] {logging_mixin.py:104} INFO - [2021-06-15 03:45:37,533] {dag.py:1832} INFO - Sync 1 DAGs
[2021-06-15 03:45:37,602] {logging_mixin.py:104} INFO - [2021-06-15 03:45:37,601] {dag.py:2305} INFO - Setting next_dagrun for DAG-1 to 2021-06-11T00:00:00+00:00
[2021-06-15 03:45:37,640] {scheduler_job.py:190} INFO - Processing /opt/airflow/dags/my_first_dag.py took 0.340 seconds
[2021-06-15 03:46:07,955] {scheduler_job.py:182} INFO - Started process (PID=2600) to work on /opt/airflow/dags/my_first_dag.py
[2021-06-15 03:46:07,964] {scheduler_job.py:633} INFO - Processing file /opt/airflow/dags/my_first_dag.py for tasks to queue
[2021-06-15 03:46:07,970] {logging_mixin.py:104} INFO - [2021-06-15 03:46:07,969] {dagbag.py:487} INFO - Filling up the DagBag from /opt/airflow/dags/my_first_dag.py
[2021-06-15 03:46:08,048] {scheduler_job.py:643} INFO - DAG(s) dict_keys(['DAG-1']) retrieved from /opt/airflow/dags/my_first_dag.py
[2021-06-15 03:46:08,167] {logging_mixin.py:104} INFO - [2021-06-15 03:46:08,167] {dag.py:1832} INFO - Sync 1 DAGs
[2021-06-15 03:46:08,242] {logging_mixin.py:104} INFO - [2021-06-15 03:46:08,242] {dag.py:2305} INFO - Setting next_dagrun for DAG-1 to 2021-06-11T00:00:00+00:00
[2021-06-15 03:46:08,288] {scheduler_job.py:190} INFO - Processing /opt/airflow/dags/my_first_dag.py took 0.352 seconds
[2021-06-15 03:46:39,016] {scheduler_job.py:182} INFO - Started process (PID=2667) to work on /opt/airflow/dags/my_first_dag.py
[2021-06-15 03:46:39,024] {scheduler_job.py:633} INFO - Processing file /opt/airflow/dags/my_first_dag.py for tasks to queue
[2021-06-15 03:46:39,028] {logging_mixin.py:104} INFO - [2021-06-15 03:46:39,028] {dagbag.py:487} INFO - Filling up the DagBag from /opt/airflow/dags/my_first_dag.py
[2021-06-15 03:46:39,102] {scheduler_job.py:643} INFO - DAG(s) dict_keys(['DAG-1']) retrieved from /opt/airflow/dags/my_first_dag.py
[2021-06-15 03:46:39,192] {logging_mixin.py:104} INFO - [2021-06-15 03:46:39,192] {dag.py:1832} INFO - Sync 1 DAGs
[2021-06-15 03:46:39,260] {logging_mixin.py:104} INFO - [2021-06-15 03:46:39,259] {dag.py:2305} INFO - Setting next_dagrun for DAG-1 to 2021-06-11T00:00:00+00:00
[2021-06-15 03:46:39,297] {scheduler_job.py:190} INFO - Processing /opt/airflow/dags/my_first_dag.py took 0.303 seconds
[2021-06-15 03:47:09,495] {scheduler_job.py:182} INFO - Started process (PID=2733) to work on /opt/airflow/dags/my_first_dag.py
[2021-06-15 03:47:09,501] {scheduler_job.py:633} INFO - Processing file /opt/airflow/dags/my_first_dag.py for tasks to queue
[2021-06-15 03:47:09,506] {logging_mixin.py:104} INFO - [2021-06-15 03:47:09,506] {dagbag.py:487} INFO - Filling up the DagBag from /opt/airflow/dags/my_first_dag.py
[2021-06-15 03:47:09,568] {scheduler_job.py:643} INFO - DAG(s) dict_keys(['DAG-1']) retrieved from /opt/airflow/dags/my_first_dag.py
[2021-06-15 03:47:09,662] {logging_mixin.py:104} INFO - [2021-06-15 03:47:09,662] {dag.py:1832} INFO - Sync 1 DAGs
[2021-06-15 03:47:09,725] {logging_mixin.py:104} INFO - [2021-06-15 03:47:09,725] {dag.py:2305} INFO - Setting next_dagrun for DAG-1 to 2021-06-11T00:00:00+00:00
[2021-06-15 03:47:09,759] {scheduler_job.py:190} INFO - Processing /opt/airflow/dags/my_first_dag.py took 0.278 seconds
[2021-06-15 03:47:39,872] {scheduler_job.py:182} INFO - Started process (PID=2794) to work on /opt/airflow/dags/my_first_dag.py
[2021-06-15 03:47:39,882] {scheduler_job.py:633} INFO - Processing file /opt/airflow/dags/my_first_dag.py for tasks to queue
[2021-06-15 03:47:39,887] {logging_mixin.py:104} INFO - [2021-06-15 03:47:39,887] {dagbag.py:487} INFO - Filling up the DagBag from /opt/airflow/dags/my_first_dag.py
[2021-06-15 03:47:39,946] {scheduler_job.py:643} INFO - DAG(s) dict_keys(['DAG-1']) retrieved from /opt/airflow/dags/my_first_dag.py
[2021-06-15 03:47:40,040] {logging_mixin.py:104} INFO - [2021-06-15 03:47:40,039] {dag.py:1832} INFO - Sync 1 DAGs
[2021-06-15 03:47:40,130] {logging_mixin.py:104} INFO - [2021-06-15 03:47:40,130] {dag.py:2305} INFO - Setting next_dagrun for DAG-1 to 2021-06-11T00:00:00+00:00
[2021-06-15 03:47:40,174] {scheduler_job.py:190} INFO - Processing /opt/airflow/dags/my_first_dag.py took 0.316 seconds
[2021-06-15 03:48:11,135] {scheduler_job.py:182} INFO - Started process (PID=2863) to work on /opt/airflow/dags/my_first_dag.py
[2021-06-15 03:48:11,141] {scheduler_job.py:633} INFO - Processing file /opt/airflow/dags/my_first_dag.py for tasks to queue
[2021-06-15 03:48:11,146] {logging_mixin.py:104} INFO - [2021-06-15 03:48:11,145] {dagbag.py:487} INFO - Filling up the DagBag from /opt/airflow/dags/my_first_dag.py
[2021-06-15 03:48:11,206] {scheduler_job.py:643} INFO - DAG(s) dict_keys(['DAG-1']) retrieved from /opt/airflow/dags/my_first_dag.py
[2021-06-15 03:48:11,303] {logging_mixin.py:104} INFO - [2021-06-15 03:48:11,303] {dag.py:1832} INFO - Sync 1 DAGs
[2021-06-15 03:48:11,374] {logging_mixin.py:104} INFO - [2021-06-15 03:48:11,373] {dag.py:2305} INFO - Setting next_dagrun for DAG-1 to 2021-06-11T00:00:00+00:00
[2021-06-15 03:48:11,408] {scheduler_job.py:190} INFO - Processing /opt/airflow/dags/my_first_dag.py took 0.287 seconds
[2021-06-15 03:48:42,285] {scheduler_job.py:182} INFO - Started process (PID=2920) to work on /opt/airflow/dags/my_first_dag.py
[2021-06-15 03:48:42,293] {scheduler_job.py:633} INFO - Processing file /opt/airflow/dags/my_first_dag.py for tasks to queue
[2021-06-15 03:48:42,301] {logging_mixin.py:104} INFO - [2021-06-15 03:48:42,300] {dagbag.py:487} INFO - Filling up the DagBag from /opt/airflow/dags/my_first_dag.py
[2021-06-15 03:48:42,422] {scheduler_job.py:643} INFO - DAG(s) dict_keys(['DAG-1']) retrieved from /opt/airflow/dags/my_first_dag.py
[2021-06-15 03:48:42,511] {logging_mixin.py:104} INFO - [2021-06-15 03:48:42,510] {dag.py:1832} INFO - Sync 1 DAGs
[2021-06-15 03:48:42,591] {logging_mixin.py:104} INFO - [2021-06-15 03:48:42,590] {dag.py:2305} INFO - Setting next_dagrun for DAG-1 to 2021-06-11T00:00:00+00:00
[2021-06-15 03:48:42,648] {scheduler_job.py:190} INFO - Processing /opt/airflow/dags/my_first_dag.py took 0.384 seconds
[2021-06-15 03:49:13,415] {scheduler_job.py:182} INFO - Started process (PID=2987) to work on /opt/airflow/dags/my_first_dag.py
[2021-06-15 03:49:13,422] {scheduler_job.py:633} INFO - Processing file /opt/airflow/dags/my_first_dag.py for tasks to queue
[2021-06-15 03:49:13,428] {logging_mixin.py:104} INFO - [2021-06-15 03:49:13,427] {dagbag.py:487} INFO - Filling up the DagBag from /opt/airflow/dags/my_first_dag.py
[2021-06-15 03:49:13,491] {scheduler_job.py:643} INFO - DAG(s) dict_keys(['DAG-1']) retrieved from /opt/airflow/dags/my_first_dag.py
[2021-06-15 03:49:13,640] {logging_mixin.py:104} INFO - [2021-06-15 03:49:13,640] {dag.py:1832} INFO - Sync 1 DAGs
[2021-06-15 03:49:13,742] {logging_mixin.py:104} INFO - [2021-06-15 03:49:13,741] {dag.py:2305} INFO - Setting next_dagrun for DAG-1 to 2021-06-11T00:00:00+00:00
[2021-06-15 03:49:13,790] {scheduler_job.py:190} INFO - Processing /opt/airflow/dags/my_first_dag.py took 0.393 seconds
