[2021-06-15 03:25:30,786] {scheduler_job.py:182} INFO - Started process (PID=100) to work on /home/airflow/.local/lib/python3.6/site-packages/airflow/example_dags/subdags/subdag.py
[2021-06-15 03:25:30,850] {scheduler_job.py:633} INFO - Processing file /home/airflow/.local/lib/python3.6/site-packages/airflow/example_dags/subdags/subdag.py for tasks to queue
[2021-06-15 03:25:30,860] {logging_mixin.py:104} INFO - [2021-06-15 03:25:30,859] {dagbag.py:487} INFO - Filling up the DagBag from /home/airflow/.local/lib/python3.6/site-packages/airflow/example_dags/subdags/subdag.py
[2021-06-15 03:25:30,894] {scheduler_job.py:645} WARNING - No viable dags retrieved from /home/airflow/.local/lib/python3.6/site-packages/airflow/example_dags/subdags/subdag.py
[2021-06-15 03:25:30,962] {scheduler_job.py:190} INFO - Processing /home/airflow/.local/lib/python3.6/site-packages/airflow/example_dags/subdags/subdag.py took 0.221 seconds
[2021-06-15 03:26:02,436] {scheduler_job.py:182} INFO - Started process (PID=150) to work on /home/airflow/.local/lib/python3.6/site-packages/airflow/example_dags/subdags/subdag.py
[2021-06-15 03:26:02,450] {scheduler_job.py:633} INFO - Processing file /home/airflow/.local/lib/python3.6/site-packages/airflow/example_dags/subdags/subdag.py for tasks to queue
[2021-06-15 03:26:02,460] {logging_mixin.py:104} INFO - [2021-06-15 03:26:02,459] {dagbag.py:487} INFO - Filling up the DagBag from /home/airflow/.local/lib/python3.6/site-packages/airflow/example_dags/subdags/subdag.py
[2021-06-15 03:26:02,484] {scheduler_job.py:645} WARNING - No viable dags retrieved from /home/airflow/.local/lib/python3.6/site-packages/airflow/example_dags/subdags/subdag.py
[2021-06-15 03:26:02,584] {scheduler_job.py:190} INFO - Processing /home/airflow/.local/lib/python3.6/site-packages/airflow/example_dags/subdags/subdag.py took 0.172 seconds
[2021-06-15 03:26:33,267] {scheduler_job.py:182} INFO - Started process (PID=217) to work on /home/airflow/.local/lib/python3.6/site-packages/airflow/example_dags/subdags/subdag.py
[2021-06-15 03:26:33,276] {scheduler_job.py:633} INFO - Processing file /home/airflow/.local/lib/python3.6/site-packages/airflow/example_dags/subdags/subdag.py for tasks to queue
[2021-06-15 03:26:33,282] {logging_mixin.py:104} INFO - [2021-06-15 03:26:33,281] {dagbag.py:487} INFO - Filling up the DagBag from /home/airflow/.local/lib/python3.6/site-packages/airflow/example_dags/subdags/subdag.py
[2021-06-15 03:26:33,302] {scheduler_job.py:645} WARNING - No viable dags retrieved from /home/airflow/.local/lib/python3.6/site-packages/airflow/example_dags/subdags/subdag.py
[2021-06-15 03:26:33,379] {scheduler_job.py:190} INFO - Processing /home/airflow/.local/lib/python3.6/site-packages/airflow/example_dags/subdags/subdag.py took 0.131 seconds
[2021-06-15 03:27:04,569] {scheduler_job.py:182} INFO - Started process (PID=285) to work on /home/airflow/.local/lib/python3.6/site-packages/airflow/example_dags/subdags/subdag.py
[2021-06-15 03:27:04,578] {scheduler_job.py:633} INFO - Processing file /home/airflow/.local/lib/python3.6/site-packages/airflow/example_dags/subdags/subdag.py for tasks to queue
[2021-06-15 03:27:04,584] {logging_mixin.py:104} INFO - [2021-06-15 03:27:04,583] {dagbag.py:487} INFO - Filling up the DagBag from /home/airflow/.local/lib/python3.6/site-packages/airflow/example_dags/subdags/subdag.py
[2021-06-15 03:27:04,609] {scheduler_job.py:645} WARNING - No viable dags retrieved from /home/airflow/.local/lib/python3.6/site-packages/airflow/example_dags/subdags/subdag.py
[2021-06-15 03:27:04,711] {scheduler_job.py:190} INFO - Processing /home/airflow/.local/lib/python3.6/site-packages/airflow/example_dags/subdags/subdag.py took 0.160 seconds
[2021-06-15 03:27:35,412] {scheduler_job.py:182} INFO - Started process (PID=344) to work on /home/airflow/.local/lib/python3.6/site-packages/airflow/example_dags/subdags/subdag.py
[2021-06-15 03:27:35,421] {scheduler_job.py:633} INFO - Processing file /home/airflow/.local/lib/python3.6/site-packages/airflow/example_dags/subdags/subdag.py for tasks to queue
[2021-06-15 03:27:35,428] {logging_mixin.py:104} INFO - [2021-06-15 03:27:35,427] {dagbag.py:487} INFO - Filling up the DagBag from /home/airflow/.local/lib/python3.6/site-packages/airflow/example_dags/subdags/subdag.py
[2021-06-15 03:27:35,443] {scheduler_job.py:645} WARNING - No viable dags retrieved from /home/airflow/.local/lib/python3.6/site-packages/airflow/example_dags/subdags/subdag.py
[2021-06-15 03:27:35,542] {scheduler_job.py:190} INFO - Processing /home/airflow/.local/lib/python3.6/site-packages/airflow/example_dags/subdags/subdag.py took 0.144 seconds
[2021-06-15 03:28:06,095] {scheduler_job.py:182} INFO - Started process (PID=402) to work on /home/airflow/.local/lib/python3.6/site-packages/airflow/example_dags/subdags/subdag.py
[2021-06-15 03:28:06,103] {scheduler_job.py:633} INFO - Processing file /home/airflow/.local/lib/python3.6/site-packages/airflow/example_dags/subdags/subdag.py for tasks to queue
[2021-06-15 03:28:06,109] {logging_mixin.py:104} INFO - [2021-06-15 03:28:06,109] {dagbag.py:487} INFO - Filling up the DagBag from /home/airflow/.local/lib/python3.6/site-packages/airflow/example_dags/subdags/subdag.py
[2021-06-15 03:28:06,125] {scheduler_job.py:645} WARNING - No viable dags retrieved from /home/airflow/.local/lib/python3.6/site-packages/airflow/example_dags/subdags/subdag.py
[2021-06-15 03:28:06,202] {scheduler_job.py:190} INFO - Processing /home/airflow/.local/lib/python3.6/site-packages/airflow/example_dags/subdags/subdag.py took 0.125 seconds
[2021-06-15 03:28:36,758] {scheduler_job.py:182} INFO - Started process (PID=469) to work on /home/airflow/.local/lib/python3.6/site-packages/airflow/example_dags/subdags/subdag.py
[2021-06-15 03:28:36,767] {scheduler_job.py:633} INFO - Processing file /home/airflow/.local/lib/python3.6/site-packages/airflow/example_dags/subdags/subdag.py for tasks to queue
[2021-06-15 03:28:36,774] {logging_mixin.py:104} INFO - [2021-06-15 03:28:36,773] {dagbag.py:487} INFO - Filling up the DagBag from /home/airflow/.local/lib/python3.6/site-packages/airflow/example_dags/subdags/subdag.py
[2021-06-15 03:28:36,790] {scheduler_job.py:645} WARNING - No viable dags retrieved from /home/airflow/.local/lib/python3.6/site-packages/airflow/example_dags/subdags/subdag.py
[2021-06-15 03:28:36,869] {scheduler_job.py:190} INFO - Processing /home/airflow/.local/lib/python3.6/site-packages/airflow/example_dags/subdags/subdag.py took 0.128 seconds
[2021-06-15 03:29:08,406] {scheduler_job.py:182} INFO - Started process (PID=536) to work on /home/airflow/.local/lib/python3.6/site-packages/airflow/example_dags/subdags/subdag.py
[2021-06-15 03:29:08,414] {scheduler_job.py:633} INFO - Processing file /home/airflow/.local/lib/python3.6/site-packages/airflow/example_dags/subdags/subdag.py for tasks to queue
[2021-06-15 03:29:08,427] {logging_mixin.py:104} INFO - [2021-06-15 03:29:08,426] {dagbag.py:487} INFO - Filling up the DagBag from /home/airflow/.local/lib/python3.6/site-packages/airflow/example_dags/subdags/subdag.py
[2021-06-15 03:29:08,446] {scheduler_job.py:645} WARNING - No viable dags retrieved from /home/airflow/.local/lib/python3.6/site-packages/airflow/example_dags/subdags/subdag.py
[2021-06-15 03:29:08,492] {scheduler_job.py:190} INFO - Processing /home/airflow/.local/lib/python3.6/site-packages/airflow/example_dags/subdags/subdag.py took 0.156 seconds
[2021-06-15 03:29:38,829] {scheduler_job.py:182} INFO - Started process (PID=594) to work on /home/airflow/.local/lib/python3.6/site-packages/airflow/example_dags/subdags/subdag.py
[2021-06-15 03:29:38,838] {scheduler_job.py:633} INFO - Processing file /home/airflow/.local/lib/python3.6/site-packages/airflow/example_dags/subdags/subdag.py for tasks to queue
[2021-06-15 03:29:38,844] {logging_mixin.py:104} INFO - [2021-06-15 03:29:38,843] {dagbag.py:487} INFO - Filling up the DagBag from /home/airflow/.local/lib/python3.6/site-packages/airflow/example_dags/subdags/subdag.py
[2021-06-15 03:29:38,865] {scheduler_job.py:645} WARNING - No viable dags retrieved from /home/airflow/.local/lib/python3.6/site-packages/airflow/example_dags/subdags/subdag.py
[2021-06-15 03:29:38,955] {scheduler_job.py:190} INFO - Processing /home/airflow/.local/lib/python3.6/site-packages/airflow/example_dags/subdags/subdag.py took 0.148 seconds
[2021-06-15 03:30:09,336] {scheduler_job.py:182} INFO - Started process (PID=650) to work on /home/airflow/.local/lib/python3.6/site-packages/airflow/example_dags/subdags/subdag.py
[2021-06-15 03:30:09,349] {scheduler_job.py:633} INFO - Processing file /home/airflow/.local/lib/python3.6/site-packages/airflow/example_dags/subdags/subdag.py for tasks to queue
[2021-06-15 03:30:09,358] {logging_mixin.py:104} INFO - [2021-06-15 03:30:09,358] {dagbag.py:487} INFO - Filling up the DagBag from /home/airflow/.local/lib/python3.6/site-packages/airflow/example_dags/subdags/subdag.py
[2021-06-15 03:30:09,375] {scheduler_job.py:645} WARNING - No viable dags retrieved from /home/airflow/.local/lib/python3.6/site-packages/airflow/example_dags/subdags/subdag.py
[2021-06-15 03:30:09,468] {scheduler_job.py:190} INFO - Processing /home/airflow/.local/lib/python3.6/site-packages/airflow/example_dags/subdags/subdag.py took 0.148 seconds
[2021-06-15 03:30:39,697] {scheduler_job.py:182} INFO - Started process (PID=718) to work on /home/airflow/.local/lib/python3.6/site-packages/airflow/example_dags/subdags/subdag.py
[2021-06-15 03:30:39,708] {scheduler_job.py:633} INFO - Processing file /home/airflow/.local/lib/python3.6/site-packages/airflow/example_dags/subdags/subdag.py for tasks to queue
[2021-06-15 03:30:39,713] {logging_mixin.py:104} INFO - [2021-06-15 03:30:39,712] {dagbag.py:487} INFO - Filling up the DagBag from /home/airflow/.local/lib/python3.6/site-packages/airflow/example_dags/subdags/subdag.py
[2021-06-15 03:30:39,728] {scheduler_job.py:645} WARNING - No viable dags retrieved from /home/airflow/.local/lib/python3.6/site-packages/airflow/example_dags/subdags/subdag.py
[2021-06-15 03:30:39,792] {scheduler_job.py:190} INFO - Processing /home/airflow/.local/lib/python3.6/site-packages/airflow/example_dags/subdags/subdag.py took 0.111 seconds
[2021-06-15 03:31:10,449] {scheduler_job.py:182} INFO - Started process (PID=785) to work on /home/airflow/.local/lib/python3.6/site-packages/airflow/example_dags/subdags/subdag.py
[2021-06-15 03:31:10,456] {scheduler_job.py:633} INFO - Processing file /home/airflow/.local/lib/python3.6/site-packages/airflow/example_dags/subdags/subdag.py for tasks to queue
[2021-06-15 03:31:10,461] {logging_mixin.py:104} INFO - [2021-06-15 03:31:10,460] {dagbag.py:487} INFO - Filling up the DagBag from /home/airflow/.local/lib/python3.6/site-packages/airflow/example_dags/subdags/subdag.py
[2021-06-15 03:31:10,475] {scheduler_job.py:645} WARNING - No viable dags retrieved from /home/airflow/.local/lib/python3.6/site-packages/airflow/example_dags/subdags/subdag.py
[2021-06-15 03:31:10,543] {scheduler_job.py:190} INFO - Processing /home/airflow/.local/lib/python3.6/site-packages/airflow/example_dags/subdags/subdag.py took 0.110 seconds
[2021-06-15 03:31:40,898] {scheduler_job.py:182} INFO - Started process (PID=847) to work on /home/airflow/.local/lib/python3.6/site-packages/airflow/example_dags/subdags/subdag.py
[2021-06-15 03:31:40,904] {scheduler_job.py:633} INFO - Processing file /home/airflow/.local/lib/python3.6/site-packages/airflow/example_dags/subdags/subdag.py for tasks to queue
[2021-06-15 03:31:40,909] {logging_mixin.py:104} INFO - [2021-06-15 03:31:40,909] {dagbag.py:487} INFO - Filling up the DagBag from /home/airflow/.local/lib/python3.6/site-packages/airflow/example_dags/subdags/subdag.py
[2021-06-15 03:31:40,925] {scheduler_job.py:645} WARNING - No viable dags retrieved from /home/airflow/.local/lib/python3.6/site-packages/airflow/example_dags/subdags/subdag.py
[2021-06-15 03:31:40,994] {scheduler_job.py:190} INFO - Processing /home/airflow/.local/lib/python3.6/site-packages/airflow/example_dags/subdags/subdag.py took 0.110 seconds
[2021-06-15 03:32:11,271] {scheduler_job.py:182} INFO - Started process (PID=902) to work on /home/airflow/.local/lib/python3.6/site-packages/airflow/example_dags/subdags/subdag.py
[2021-06-15 03:32:11,281] {scheduler_job.py:633} INFO - Processing file /home/airflow/.local/lib/python3.6/site-packages/airflow/example_dags/subdags/subdag.py for tasks to queue
[2021-06-15 03:32:11,287] {logging_mixin.py:104} INFO - [2021-06-15 03:32:11,286] {dagbag.py:487} INFO - Filling up the DagBag from /home/airflow/.local/lib/python3.6/site-packages/airflow/example_dags/subdags/subdag.py
[2021-06-15 03:32:11,301] {scheduler_job.py:645} WARNING - No viable dags retrieved from /home/airflow/.local/lib/python3.6/site-packages/airflow/example_dags/subdags/subdag.py
[2021-06-15 03:32:11,375] {scheduler_job.py:190} INFO - Processing /home/airflow/.local/lib/python3.6/site-packages/airflow/example_dags/subdags/subdag.py took 0.122 seconds
[2021-06-15 03:32:41,980] {scheduler_job.py:182} INFO - Started process (PID=969) to work on /home/airflow/.local/lib/python3.6/site-packages/airflow/example_dags/subdags/subdag.py
[2021-06-15 03:32:41,989] {scheduler_job.py:633} INFO - Processing file /home/airflow/.local/lib/python3.6/site-packages/airflow/example_dags/subdags/subdag.py for tasks to queue
[2021-06-15 03:32:41,994] {logging_mixin.py:104} INFO - [2021-06-15 03:32:41,994] {dagbag.py:487} INFO - Filling up the DagBag from /home/airflow/.local/lib/python3.6/site-packages/airflow/example_dags/subdags/subdag.py
[2021-06-15 03:32:42,010] {scheduler_job.py:645} WARNING - No viable dags retrieved from /home/airflow/.local/lib/python3.6/site-packages/airflow/example_dags/subdags/subdag.py
[2021-06-15 03:32:42,097] {scheduler_job.py:190} INFO - Processing /home/airflow/.local/lib/python3.6/site-packages/airflow/example_dags/subdags/subdag.py took 0.130 seconds
[2021-06-15 03:33:13,542] {scheduler_job.py:182} INFO - Started process (PID=1038) to work on /home/airflow/.local/lib/python3.6/site-packages/airflow/example_dags/subdags/subdag.py
[2021-06-15 03:33:13,553] {scheduler_job.py:633} INFO - Processing file /home/airflow/.local/lib/python3.6/site-packages/airflow/example_dags/subdags/subdag.py for tasks to queue
[2021-06-15 03:33:13,560] {logging_mixin.py:104} INFO - [2021-06-15 03:33:13,560] {dagbag.py:487} INFO - Filling up the DagBag from /home/airflow/.local/lib/python3.6/site-packages/airflow/example_dags/subdags/subdag.py
[2021-06-15 03:33:13,582] {scheduler_job.py:645} WARNING - No viable dags retrieved from /home/airflow/.local/lib/python3.6/site-packages/airflow/example_dags/subdags/subdag.py
[2021-06-15 03:33:13,674] {scheduler_job.py:190} INFO - Processing /home/airflow/.local/lib/python3.6/site-packages/airflow/example_dags/subdags/subdag.py took 0.155 seconds
[2021-06-15 03:33:44,139] {scheduler_job.py:182} INFO - Started process (PID=1099) to work on /home/airflow/.local/lib/python3.6/site-packages/airflow/example_dags/subdags/subdag.py
[2021-06-15 03:33:44,146] {scheduler_job.py:633} INFO - Processing file /home/airflow/.local/lib/python3.6/site-packages/airflow/example_dags/subdags/subdag.py for tasks to queue
[2021-06-15 03:33:44,150] {logging_mixin.py:104} INFO - [2021-06-15 03:33:44,150] {dagbag.py:487} INFO - Filling up the DagBag from /home/airflow/.local/lib/python3.6/site-packages/airflow/example_dags/subdags/subdag.py
[2021-06-15 03:33:44,164] {scheduler_job.py:645} WARNING - No viable dags retrieved from /home/airflow/.local/lib/python3.6/site-packages/airflow/example_dags/subdags/subdag.py
[2021-06-15 03:33:44,229] {scheduler_job.py:190} INFO - Processing /home/airflow/.local/lib/python3.6/site-packages/airflow/example_dags/subdags/subdag.py took 0.104 seconds
[2021-06-15 03:34:15,433] {scheduler_job.py:182} INFO - Started process (PID=1164) to work on /home/airflow/.local/lib/python3.6/site-packages/airflow/example_dags/subdags/subdag.py
[2021-06-15 03:34:15,447] {scheduler_job.py:633} INFO - Processing file /home/airflow/.local/lib/python3.6/site-packages/airflow/example_dags/subdags/subdag.py for tasks to queue
[2021-06-15 03:34:15,456] {logging_mixin.py:104} INFO - [2021-06-15 03:34:15,455] {dagbag.py:487} INFO - Filling up the DagBag from /home/airflow/.local/lib/python3.6/site-packages/airflow/example_dags/subdags/subdag.py
[2021-06-15 03:34:15,478] {scheduler_job.py:645} WARNING - No viable dags retrieved from /home/airflow/.local/lib/python3.6/site-packages/airflow/example_dags/subdags/subdag.py
[2021-06-15 03:34:15,560] {scheduler_job.py:190} INFO - Processing /home/airflow/.local/lib/python3.6/site-packages/airflow/example_dags/subdags/subdag.py took 0.155 seconds
[2021-06-15 03:34:46,102] {scheduler_job.py:182} INFO - Started process (PID=1223) to work on /home/airflow/.local/lib/python3.6/site-packages/airflow/example_dags/subdags/subdag.py
[2021-06-15 03:34:46,114] {scheduler_job.py:633} INFO - Processing file /home/airflow/.local/lib/python3.6/site-packages/airflow/example_dags/subdags/subdag.py for tasks to queue
[2021-06-15 03:34:46,126] {logging_mixin.py:104} INFO - [2021-06-15 03:34:46,123] {dagbag.py:487} INFO - Filling up the DagBag from /home/airflow/.local/lib/python3.6/site-packages/airflow/example_dags/subdags/subdag.py
[2021-06-15 03:34:46,156] {scheduler_job.py:645} WARNING - No viable dags retrieved from /home/airflow/.local/lib/python3.6/site-packages/airflow/example_dags/subdags/subdag.py
[2021-06-15 03:34:46,254] {scheduler_job.py:190} INFO - Processing /home/airflow/.local/lib/python3.6/site-packages/airflow/example_dags/subdags/subdag.py took 0.181 seconds
[2021-06-15 03:35:16,754] {scheduler_job.py:182} INFO - Started process (PID=1290) to work on /home/airflow/.local/lib/python3.6/site-packages/airflow/example_dags/subdags/subdag.py
[2021-06-15 03:35:16,762] {scheduler_job.py:633} INFO - Processing file /home/airflow/.local/lib/python3.6/site-packages/airflow/example_dags/subdags/subdag.py for tasks to queue
[2021-06-15 03:35:16,767] {logging_mixin.py:104} INFO - [2021-06-15 03:35:16,767] {dagbag.py:487} INFO - Filling up the DagBag from /home/airflow/.local/lib/python3.6/site-packages/airflow/example_dags/subdags/subdag.py
[2021-06-15 03:35:16,782] {scheduler_job.py:645} WARNING - No viable dags retrieved from /home/airflow/.local/lib/python3.6/site-packages/airflow/example_dags/subdags/subdag.py
[2021-06-15 03:35:16,879] {scheduler_job.py:190} INFO - Processing /home/airflow/.local/lib/python3.6/site-packages/airflow/example_dags/subdags/subdag.py took 0.140 seconds
[2021-06-15 03:35:47,701] {scheduler_job.py:182} INFO - Started process (PID=1351) to work on /home/airflow/.local/lib/python3.6/site-packages/airflow/example_dags/subdags/subdag.py
[2021-06-15 03:35:47,715] {scheduler_job.py:633} INFO - Processing file /home/airflow/.local/lib/python3.6/site-packages/airflow/example_dags/subdags/subdag.py for tasks to queue
[2021-06-15 03:35:47,724] {logging_mixin.py:104} INFO - [2021-06-15 03:35:47,723] {dagbag.py:487} INFO - Filling up the DagBag from /home/airflow/.local/lib/python3.6/site-packages/airflow/example_dags/subdags/subdag.py
[2021-06-15 03:35:47,749] {scheduler_job.py:645} WARNING - No viable dags retrieved from /home/airflow/.local/lib/python3.6/site-packages/airflow/example_dags/subdags/subdag.py
[2021-06-15 03:35:47,863] {scheduler_job.py:190} INFO - Processing /home/airflow/.local/lib/python3.6/site-packages/airflow/example_dags/subdags/subdag.py took 0.183 seconds
[2021-06-15 03:36:19,341] {scheduler_job.py:182} INFO - Started process (PID=1407) to work on /home/airflow/.local/lib/python3.6/site-packages/airflow/example_dags/subdags/subdag.py
[2021-06-15 03:36:19,357] {scheduler_job.py:633} INFO - Processing file /home/airflow/.local/lib/python3.6/site-packages/airflow/example_dags/subdags/subdag.py for tasks to queue
[2021-06-15 03:36:19,366] {logging_mixin.py:104} INFO - [2021-06-15 03:36:19,364] {dagbag.py:487} INFO - Filling up the DagBag from /home/airflow/.local/lib/python3.6/site-packages/airflow/example_dags/subdags/subdag.py
[2021-06-15 03:36:19,390] {scheduler_job.py:645} WARNING - No viable dags retrieved from /home/airflow/.local/lib/python3.6/site-packages/airflow/example_dags/subdags/subdag.py
[2021-06-15 03:36:19,493] {scheduler_job.py:190} INFO - Processing /home/airflow/.local/lib/python3.6/site-packages/airflow/example_dags/subdags/subdag.py took 0.181 seconds
[2021-06-15 03:36:50,172] {scheduler_job.py:182} INFO - Started process (PID=1475) to work on /home/airflow/.local/lib/python3.6/site-packages/airflow/example_dags/subdags/subdag.py
[2021-06-15 03:36:50,178] {scheduler_job.py:633} INFO - Processing file /home/airflow/.local/lib/python3.6/site-packages/airflow/example_dags/subdags/subdag.py for tasks to queue
[2021-06-15 03:36:50,183] {logging_mixin.py:104} INFO - [2021-06-15 03:36:50,182] {dagbag.py:487} INFO - Filling up the DagBag from /home/airflow/.local/lib/python3.6/site-packages/airflow/example_dags/subdags/subdag.py
[2021-06-15 03:36:50,203] {scheduler_job.py:645} WARNING - No viable dags retrieved from /home/airflow/.local/lib/python3.6/site-packages/airflow/example_dags/subdags/subdag.py
[2021-06-15 03:36:50,283] {scheduler_job.py:190} INFO - Processing /home/airflow/.local/lib/python3.6/site-packages/airflow/example_dags/subdags/subdag.py took 0.126 seconds
[2021-06-15 03:37:20,544] {scheduler_job.py:182} INFO - Started process (PID=1542) to work on /home/airflow/.local/lib/python3.6/site-packages/airflow/example_dags/subdags/subdag.py
[2021-06-15 03:37:20,555] {scheduler_job.py:633} INFO - Processing file /home/airflow/.local/lib/python3.6/site-packages/airflow/example_dags/subdags/subdag.py for tasks to queue
[2021-06-15 03:37:20,560] {logging_mixin.py:104} INFO - [2021-06-15 03:37:20,560] {dagbag.py:487} INFO - Filling up the DagBag from /home/airflow/.local/lib/python3.6/site-packages/airflow/example_dags/subdags/subdag.py
[2021-06-15 03:37:20,574] {scheduler_job.py:645} WARNING - No viable dags retrieved from /home/airflow/.local/lib/python3.6/site-packages/airflow/example_dags/subdags/subdag.py
[2021-06-15 03:37:20,635] {scheduler_job.py:190} INFO - Processing /home/airflow/.local/lib/python3.6/site-packages/airflow/example_dags/subdags/subdag.py took 0.110 seconds
[2021-06-15 03:37:50,758] {scheduler_job.py:182} INFO - Started process (PID=1609) to work on /home/airflow/.local/lib/python3.6/site-packages/airflow/example_dags/subdags/subdag.py
[2021-06-15 03:37:50,766] {scheduler_job.py:633} INFO - Processing file /home/airflow/.local/lib/python3.6/site-packages/airflow/example_dags/subdags/subdag.py for tasks to queue
[2021-06-15 03:37:50,771] {logging_mixin.py:104} INFO - [2021-06-15 03:37:50,771] {dagbag.py:487} INFO - Filling up the DagBag from /home/airflow/.local/lib/python3.6/site-packages/airflow/example_dags/subdags/subdag.py
[2021-06-15 03:37:50,796] {scheduler_job.py:645} WARNING - No viable dags retrieved from /home/airflow/.local/lib/python3.6/site-packages/airflow/example_dags/subdags/subdag.py
[2021-06-15 03:37:50,893] {scheduler_job.py:190} INFO - Processing /home/airflow/.local/lib/python3.6/site-packages/airflow/example_dags/subdags/subdag.py took 0.149 seconds
[2021-06-15 03:38:21,187] {scheduler_job.py:182} INFO - Started process (PID=1669) to work on /home/airflow/.local/lib/python3.6/site-packages/airflow/example_dags/subdags/subdag.py
[2021-06-15 03:38:21,195] {scheduler_job.py:633} INFO - Processing file /home/airflow/.local/lib/python3.6/site-packages/airflow/example_dags/subdags/subdag.py for tasks to queue
[2021-06-15 03:38:21,200] {logging_mixin.py:104} INFO - [2021-06-15 03:38:21,200] {dagbag.py:487} INFO - Filling up the DagBag from /home/airflow/.local/lib/python3.6/site-packages/airflow/example_dags/subdags/subdag.py
[2021-06-15 03:38:21,215] {scheduler_job.py:645} WARNING - No viable dags retrieved from /home/airflow/.local/lib/python3.6/site-packages/airflow/example_dags/subdags/subdag.py
[2021-06-15 03:38:21,298] {scheduler_job.py:190} INFO - Processing /home/airflow/.local/lib/python3.6/site-packages/airflow/example_dags/subdags/subdag.py took 0.127 seconds
[2021-06-15 03:38:51,464] {scheduler_job.py:182} INFO - Started process (PID=1725) to work on /home/airflow/.local/lib/python3.6/site-packages/airflow/example_dags/subdags/subdag.py
[2021-06-15 03:38:51,474] {scheduler_job.py:633} INFO - Processing file /home/airflow/.local/lib/python3.6/site-packages/airflow/example_dags/subdags/subdag.py for tasks to queue
[2021-06-15 03:38:51,482] {logging_mixin.py:104} INFO - [2021-06-15 03:38:51,480] {dagbag.py:487} INFO - Filling up the DagBag from /home/airflow/.local/lib/python3.6/site-packages/airflow/example_dags/subdags/subdag.py
[2021-06-15 03:38:51,506] {scheduler_job.py:645} WARNING - No viable dags retrieved from /home/airflow/.local/lib/python3.6/site-packages/airflow/example_dags/subdags/subdag.py
[2021-06-15 03:38:51,632] {scheduler_job.py:190} INFO - Processing /home/airflow/.local/lib/python3.6/site-packages/airflow/example_dags/subdags/subdag.py took 0.188 seconds
[2021-06-15 03:39:23,105] {scheduler_job.py:182} INFO - Started process (PID=1793) to work on /home/airflow/.local/lib/python3.6/site-packages/airflow/example_dags/subdags/subdag.py
[2021-06-15 03:39:23,111] {scheduler_job.py:633} INFO - Processing file /home/airflow/.local/lib/python3.6/site-packages/airflow/example_dags/subdags/subdag.py for tasks to queue
[2021-06-15 03:39:23,118] {logging_mixin.py:104} INFO - [2021-06-15 03:39:23,117] {dagbag.py:487} INFO - Filling up the DagBag from /home/airflow/.local/lib/python3.6/site-packages/airflow/example_dags/subdags/subdag.py
[2021-06-15 03:39:23,138] {scheduler_job.py:645} WARNING - No viable dags retrieved from /home/airflow/.local/lib/python3.6/site-packages/airflow/example_dags/subdags/subdag.py
[2021-06-15 03:39:23,231] {scheduler_job.py:190} INFO - Processing /home/airflow/.local/lib/python3.6/site-packages/airflow/example_dags/subdags/subdag.py took 0.151 seconds
[2021-06-15 03:39:54,607] {scheduler_job.py:182} INFO - Started process (PID=1861) to work on /home/airflow/.local/lib/python3.6/site-packages/airflow/example_dags/subdags/subdag.py
[2021-06-15 03:39:54,614] {scheduler_job.py:633} INFO - Processing file /home/airflow/.local/lib/python3.6/site-packages/airflow/example_dags/subdags/subdag.py for tasks to queue
[2021-06-15 03:39:54,620] {logging_mixin.py:104} INFO - [2021-06-15 03:39:54,620] {dagbag.py:487} INFO - Filling up the DagBag from /home/airflow/.local/lib/python3.6/site-packages/airflow/example_dags/subdags/subdag.py
[2021-06-15 03:39:54,639] {scheduler_job.py:645} WARNING - No viable dags retrieved from /home/airflow/.local/lib/python3.6/site-packages/airflow/example_dags/subdags/subdag.py
[2021-06-15 03:39:54,717] {scheduler_job.py:190} INFO - Processing /home/airflow/.local/lib/python3.6/site-packages/airflow/example_dags/subdags/subdag.py took 0.126 seconds
[2021-06-15 03:40:25,035] {scheduler_job.py:182} INFO - Started process (PID=1919) to work on /home/airflow/.local/lib/python3.6/site-packages/airflow/example_dags/subdags/subdag.py
[2021-06-15 03:40:25,046] {scheduler_job.py:633} INFO - Processing file /home/airflow/.local/lib/python3.6/site-packages/airflow/example_dags/subdags/subdag.py for tasks to queue
[2021-06-15 03:40:25,054] {logging_mixin.py:104} INFO - [2021-06-15 03:40:25,054] {dagbag.py:487} INFO - Filling up the DagBag from /home/airflow/.local/lib/python3.6/site-packages/airflow/example_dags/subdags/subdag.py
[2021-06-15 03:40:25,093] {scheduler_job.py:645} WARNING - No viable dags retrieved from /home/airflow/.local/lib/python3.6/site-packages/airflow/example_dags/subdags/subdag.py
[2021-06-15 03:40:25,209] {scheduler_job.py:190} INFO - Processing /home/airflow/.local/lib/python3.6/site-packages/airflow/example_dags/subdags/subdag.py took 0.194 seconds
[2021-06-15 03:40:55,364] {scheduler_job.py:182} INFO - Started process (PID=1976) to work on /home/airflow/.local/lib/python3.6/site-packages/airflow/example_dags/subdags/subdag.py
[2021-06-15 03:40:55,376] {scheduler_job.py:633} INFO - Processing file /home/airflow/.local/lib/python3.6/site-packages/airflow/example_dags/subdags/subdag.py for tasks to queue
[2021-06-15 03:40:55,386] {logging_mixin.py:104} INFO - [2021-06-15 03:40:55,385] {dagbag.py:487} INFO - Filling up the DagBag from /home/airflow/.local/lib/python3.6/site-packages/airflow/example_dags/subdags/subdag.py
[2021-06-15 03:40:55,409] {scheduler_job.py:645} WARNING - No viable dags retrieved from /home/airflow/.local/lib/python3.6/site-packages/airflow/example_dags/subdags/subdag.py
[2021-06-15 03:40:55,504] {scheduler_job.py:190} INFO - Processing /home/airflow/.local/lib/python3.6/site-packages/airflow/example_dags/subdags/subdag.py took 0.162 seconds
[2021-06-15 03:41:26,930] {scheduler_job.py:182} INFO - Started process (PID=2045) to work on /home/airflow/.local/lib/python3.6/site-packages/airflow/example_dags/subdags/subdag.py
[2021-06-15 03:41:26,940] {scheduler_job.py:633} INFO - Processing file /home/airflow/.local/lib/python3.6/site-packages/airflow/example_dags/subdags/subdag.py for tasks to queue
[2021-06-15 03:41:26,949] {logging_mixin.py:104} INFO - [2021-06-15 03:41:26,948] {dagbag.py:487} INFO - Filling up the DagBag from /home/airflow/.local/lib/python3.6/site-packages/airflow/example_dags/subdags/subdag.py
[2021-06-15 03:41:26,969] {scheduler_job.py:645} WARNING - No viable dags retrieved from /home/airflow/.local/lib/python3.6/site-packages/airflow/example_dags/subdags/subdag.py
[2021-06-15 03:41:27,055] {scheduler_job.py:190} INFO - Processing /home/airflow/.local/lib/python3.6/site-packages/airflow/example_dags/subdags/subdag.py took 0.146 seconds
[2021-06-15 03:41:57,897] {scheduler_job.py:182} INFO - Started process (PID=2104) to work on /home/airflow/.local/lib/python3.6/site-packages/airflow/example_dags/subdags/subdag.py
[2021-06-15 03:41:57,907] {scheduler_job.py:633} INFO - Processing file /home/airflow/.local/lib/python3.6/site-packages/airflow/example_dags/subdags/subdag.py for tasks to queue
[2021-06-15 03:41:57,916] {logging_mixin.py:104} INFO - [2021-06-15 03:41:57,915] {dagbag.py:487} INFO - Filling up the DagBag from /home/airflow/.local/lib/python3.6/site-packages/airflow/example_dags/subdags/subdag.py
[2021-06-15 03:41:57,947] {scheduler_job.py:645} WARNING - No viable dags retrieved from /home/airflow/.local/lib/python3.6/site-packages/airflow/example_dags/subdags/subdag.py
[2021-06-15 03:41:58,066] {scheduler_job.py:190} INFO - Processing /home/airflow/.local/lib/python3.6/site-packages/airflow/example_dags/subdags/subdag.py took 0.191 seconds
[2021-06-15 03:42:28,779] {scheduler_job.py:182} INFO - Started process (PID=2162) to work on /home/airflow/.local/lib/python3.6/site-packages/airflow/example_dags/subdags/subdag.py
[2021-06-15 03:42:28,789] {scheduler_job.py:633} INFO - Processing file /home/airflow/.local/lib/python3.6/site-packages/airflow/example_dags/subdags/subdag.py for tasks to queue
[2021-06-15 03:42:28,794] {logging_mixin.py:104} INFO - [2021-06-15 03:42:28,794] {dagbag.py:487} INFO - Filling up the DagBag from /home/airflow/.local/lib/python3.6/site-packages/airflow/example_dags/subdags/subdag.py
[2021-06-15 03:42:28,813] {scheduler_job.py:645} WARNING - No viable dags retrieved from /home/airflow/.local/lib/python3.6/site-packages/airflow/example_dags/subdags/subdag.py
[2021-06-15 03:42:28,882] {scheduler_job.py:190} INFO - Processing /home/airflow/.local/lib/python3.6/site-packages/airflow/example_dags/subdags/subdag.py took 0.118 seconds
[2021-06-15 03:43:00,407] {scheduler_job.py:182} INFO - Started process (PID=2230) to work on /home/airflow/.local/lib/python3.6/site-packages/airflow/example_dags/subdags/subdag.py
[2021-06-15 03:43:00,415] {scheduler_job.py:633} INFO - Processing file /home/airflow/.local/lib/python3.6/site-packages/airflow/example_dags/subdags/subdag.py for tasks to queue
[2021-06-15 03:43:00,422] {logging_mixin.py:104} INFO - [2021-06-15 03:43:00,421] {dagbag.py:487} INFO - Filling up the DagBag from /home/airflow/.local/lib/python3.6/site-packages/airflow/example_dags/subdags/subdag.py
[2021-06-15 03:43:00,438] {scheduler_job.py:645} WARNING - No viable dags retrieved from /home/airflow/.local/lib/python3.6/site-packages/airflow/example_dags/subdags/subdag.py
[2021-06-15 03:43:00,504] {scheduler_job.py:190} INFO - Processing /home/airflow/.local/lib/python3.6/site-packages/airflow/example_dags/subdags/subdag.py took 0.113 seconds
[2021-06-15 03:43:30,725] {scheduler_job.py:182} INFO - Started process (PID=2291) to work on /home/airflow/.local/lib/python3.6/site-packages/airflow/example_dags/subdags/subdag.py
[2021-06-15 03:43:30,733] {scheduler_job.py:633} INFO - Processing file /home/airflow/.local/lib/python3.6/site-packages/airflow/example_dags/subdags/subdag.py for tasks to queue
[2021-06-15 03:43:30,739] {logging_mixin.py:104} INFO - [2021-06-15 03:43:30,738] {dagbag.py:487} INFO - Filling up the DagBag from /home/airflow/.local/lib/python3.6/site-packages/airflow/example_dags/subdags/subdag.py
[2021-06-15 03:43:30,755] {scheduler_job.py:645} WARNING - No viable dags retrieved from /home/airflow/.local/lib/python3.6/site-packages/airflow/example_dags/subdags/subdag.py
[2021-06-15 03:43:30,832] {scheduler_job.py:190} INFO - Processing /home/airflow/.local/lib/python3.6/site-packages/airflow/example_dags/subdags/subdag.py took 0.123 seconds
[2021-06-15 03:44:02,043] {scheduler_job.py:182} INFO - Started process (PID=2357) to work on /home/airflow/.local/lib/python3.6/site-packages/airflow/example_dags/subdags/subdag.py
[2021-06-15 03:44:02,052] {scheduler_job.py:633} INFO - Processing file /home/airflow/.local/lib/python3.6/site-packages/airflow/example_dags/subdags/subdag.py for tasks to queue
[2021-06-15 03:44:02,059] {logging_mixin.py:104} INFO - [2021-06-15 03:44:02,058] {dagbag.py:487} INFO - Filling up the DagBag from /home/airflow/.local/lib/python3.6/site-packages/airflow/example_dags/subdags/subdag.py
[2021-06-15 03:44:02,078] {scheduler_job.py:645} WARNING - No viable dags retrieved from /home/airflow/.local/lib/python3.6/site-packages/airflow/example_dags/subdags/subdag.py
[2021-06-15 03:44:02,174] {scheduler_job.py:190} INFO - Processing /home/airflow/.local/lib/python3.6/site-packages/airflow/example_dags/subdags/subdag.py took 0.150 seconds
[2021-06-15 03:44:32,648] {scheduler_job.py:182} INFO - Started process (PID=2415) to work on /home/airflow/.local/lib/python3.6/site-packages/airflow/example_dags/subdags/subdag.py
[2021-06-15 03:44:32,656] {scheduler_job.py:633} INFO - Processing file /home/airflow/.local/lib/python3.6/site-packages/airflow/example_dags/subdags/subdag.py for tasks to queue
[2021-06-15 03:44:32,661] {logging_mixin.py:104} INFO - [2021-06-15 03:44:32,660] {dagbag.py:487} INFO - Filling up the DagBag from /home/airflow/.local/lib/python3.6/site-packages/airflow/example_dags/subdags/subdag.py
[2021-06-15 03:44:32,680] {scheduler_job.py:645} WARNING - No viable dags retrieved from /home/airflow/.local/lib/python3.6/site-packages/airflow/example_dags/subdags/subdag.py
[2021-06-15 03:44:32,760] {scheduler_job.py:190} INFO - Processing /home/airflow/.local/lib/python3.6/site-packages/airflow/example_dags/subdags/subdag.py took 0.129 seconds
[2021-06-15 03:45:03,867] {scheduler_job.py:182} INFO - Started process (PID=2481) to work on /home/airflow/.local/lib/python3.6/site-packages/airflow/example_dags/subdags/subdag.py
[2021-06-15 03:45:03,877] {scheduler_job.py:633} INFO - Processing file /home/airflow/.local/lib/python3.6/site-packages/airflow/example_dags/subdags/subdag.py for tasks to queue
[2021-06-15 03:45:03,885] {logging_mixin.py:104} INFO - [2021-06-15 03:45:03,884] {dagbag.py:487} INFO - Filling up the DagBag from /home/airflow/.local/lib/python3.6/site-packages/airflow/example_dags/subdags/subdag.py
[2021-06-15 03:45:03,907] {scheduler_job.py:645} WARNING - No viable dags retrieved from /home/airflow/.local/lib/python3.6/site-packages/airflow/example_dags/subdags/subdag.py
[2021-06-15 03:45:04,002] {scheduler_job.py:190} INFO - Processing /home/airflow/.local/lib/python3.6/site-packages/airflow/example_dags/subdags/subdag.py took 0.155 seconds
[2021-06-15 03:45:34,449] {scheduler_job.py:182} INFO - Started process (PID=2531) to work on /home/airflow/.local/lib/python3.6/site-packages/airflow/example_dags/subdags/subdag.py
[2021-06-15 03:45:34,456] {scheduler_job.py:633} INFO - Processing file /home/airflow/.local/lib/python3.6/site-packages/airflow/example_dags/subdags/subdag.py for tasks to queue
[2021-06-15 03:45:34,462] {logging_mixin.py:104} INFO - [2021-06-15 03:45:34,461] {dagbag.py:487} INFO - Filling up the DagBag from /home/airflow/.local/lib/python3.6/site-packages/airflow/example_dags/subdags/subdag.py
[2021-06-15 03:45:34,478] {scheduler_job.py:645} WARNING - No viable dags retrieved from /home/airflow/.local/lib/python3.6/site-packages/airflow/example_dags/subdags/subdag.py
[2021-06-15 03:45:34,551] {scheduler_job.py:190} INFO - Processing /home/airflow/.local/lib/python3.6/site-packages/airflow/example_dags/subdags/subdag.py took 0.117 seconds
[2021-06-15 03:46:04,936] {scheduler_job.py:182} INFO - Started process (PID=2597) to work on /home/airflow/.local/lib/python3.6/site-packages/airflow/example_dags/subdags/subdag.py
[2021-06-15 03:46:04,943] {scheduler_job.py:633} INFO - Processing file /home/airflow/.local/lib/python3.6/site-packages/airflow/example_dags/subdags/subdag.py for tasks to queue
[2021-06-15 03:46:04,949] {logging_mixin.py:104} INFO - [2021-06-15 03:46:04,948] {dagbag.py:487} INFO - Filling up the DagBag from /home/airflow/.local/lib/python3.6/site-packages/airflow/example_dags/subdags/subdag.py
[2021-06-15 03:46:04,965] {scheduler_job.py:645} WARNING - No viable dags retrieved from /home/airflow/.local/lib/python3.6/site-packages/airflow/example_dags/subdags/subdag.py
[2021-06-15 03:46:05,063] {scheduler_job.py:190} INFO - Processing /home/airflow/.local/lib/python3.6/site-packages/airflow/example_dags/subdags/subdag.py took 0.146 seconds
[2021-06-15 03:46:35,888] {scheduler_job.py:182} INFO - Started process (PID=2665) to work on /home/airflow/.local/lib/python3.6/site-packages/airflow/example_dags/subdags/subdag.py
[2021-06-15 03:46:35,895] {scheduler_job.py:633} INFO - Processing file /home/airflow/.local/lib/python3.6/site-packages/airflow/example_dags/subdags/subdag.py for tasks to queue
[2021-06-15 03:46:35,900] {logging_mixin.py:104} INFO - [2021-06-15 03:46:35,900] {dagbag.py:487} INFO - Filling up the DagBag from /home/airflow/.local/lib/python3.6/site-packages/airflow/example_dags/subdags/subdag.py
[2021-06-15 03:46:35,919] {scheduler_job.py:645} WARNING - No viable dags retrieved from /home/airflow/.local/lib/python3.6/site-packages/airflow/example_dags/subdags/subdag.py
[2021-06-15 03:46:35,987] {scheduler_job.py:190} INFO - Processing /home/airflow/.local/lib/python3.6/site-packages/airflow/example_dags/subdags/subdag.py took 0.113 seconds
[2021-06-15 03:47:06,501] {scheduler_job.py:182} INFO - Started process (PID=2725) to work on /home/airflow/.local/lib/python3.6/site-packages/airflow/example_dags/subdags/subdag.py
[2021-06-15 03:47:06,508] {scheduler_job.py:633} INFO - Processing file /home/airflow/.local/lib/python3.6/site-packages/airflow/example_dags/subdags/subdag.py for tasks to queue
[2021-06-15 03:47:06,513] {logging_mixin.py:104} INFO - [2021-06-15 03:47:06,512] {dagbag.py:487} INFO - Filling up the DagBag from /home/airflow/.local/lib/python3.6/site-packages/airflow/example_dags/subdags/subdag.py
[2021-06-15 03:47:06,530] {scheduler_job.py:645} WARNING - No viable dags retrieved from /home/airflow/.local/lib/python3.6/site-packages/airflow/example_dags/subdags/subdag.py
[2021-06-15 03:47:06,599] {scheduler_job.py:190} INFO - Processing /home/airflow/.local/lib/python3.6/site-packages/airflow/example_dags/subdags/subdag.py took 0.113 seconds
[2021-06-15 03:47:37,523] {scheduler_job.py:182} INFO - Started process (PID=2791) to work on /home/airflow/.local/lib/python3.6/site-packages/airflow/example_dags/subdags/subdag.py
[2021-06-15 03:47:37,536] {scheduler_job.py:633} INFO - Processing file /home/airflow/.local/lib/python3.6/site-packages/airflow/example_dags/subdags/subdag.py for tasks to queue
[2021-06-15 03:47:37,542] {logging_mixin.py:104} INFO - [2021-06-15 03:47:37,542] {dagbag.py:487} INFO - Filling up the DagBag from /home/airflow/.local/lib/python3.6/site-packages/airflow/example_dags/subdags/subdag.py
[2021-06-15 03:47:37,561] {scheduler_job.py:645} WARNING - No viable dags retrieved from /home/airflow/.local/lib/python3.6/site-packages/airflow/example_dags/subdags/subdag.py
[2021-06-15 03:47:37,651] {scheduler_job.py:190} INFO - Processing /home/airflow/.local/lib/python3.6/site-packages/airflow/example_dags/subdags/subdag.py took 0.145 seconds
[2021-06-15 03:48:08,103] {scheduler_job.py:182} INFO - Started process (PID=2850) to work on /home/airflow/.local/lib/python3.6/site-packages/airflow/example_dags/subdags/subdag.py
[2021-06-15 03:48:08,110] {scheduler_job.py:633} INFO - Processing file /home/airflow/.local/lib/python3.6/site-packages/airflow/example_dags/subdags/subdag.py for tasks to queue
[2021-06-15 03:48:08,115] {logging_mixin.py:104} INFO - [2021-06-15 03:48:08,114] {dagbag.py:487} INFO - Filling up the DagBag from /home/airflow/.local/lib/python3.6/site-packages/airflow/example_dags/subdags/subdag.py
[2021-06-15 03:48:08,128] {scheduler_job.py:645} WARNING - No viable dags retrieved from /home/airflow/.local/lib/python3.6/site-packages/airflow/example_dags/subdags/subdag.py
[2021-06-15 03:48:08,192] {scheduler_job.py:190} INFO - Processing /home/airflow/.local/lib/python3.6/site-packages/airflow/example_dags/subdags/subdag.py took 0.103 seconds
[2021-06-15 03:48:38,997] {scheduler_job.py:182} INFO - Started process (PID=2918) to work on /home/airflow/.local/lib/python3.6/site-packages/airflow/example_dags/subdags/subdag.py
[2021-06-15 03:48:39,004] {scheduler_job.py:633} INFO - Processing file /home/airflow/.local/lib/python3.6/site-packages/airflow/example_dags/subdags/subdag.py for tasks to queue
[2021-06-15 03:48:39,011] {logging_mixin.py:104} INFO - [2021-06-15 03:48:39,010] {dagbag.py:487} INFO - Filling up the DagBag from /home/airflow/.local/lib/python3.6/site-packages/airflow/example_dags/subdags/subdag.py
[2021-06-15 03:48:39,026] {scheduler_job.py:645} WARNING - No viable dags retrieved from /home/airflow/.local/lib/python3.6/site-packages/airflow/example_dags/subdags/subdag.py
[2021-06-15 03:48:39,102] {scheduler_job.py:190} INFO - Processing /home/airflow/.local/lib/python3.6/site-packages/airflow/example_dags/subdags/subdag.py took 0.122 seconds
[2021-06-15 03:49:10,160] {scheduler_job.py:182} INFO - Started process (PID=2985) to work on /home/airflow/.local/lib/python3.6/site-packages/airflow/example_dags/subdags/subdag.py
[2021-06-15 03:49:10,166] {scheduler_job.py:633} INFO - Processing file /home/airflow/.local/lib/python3.6/site-packages/airflow/example_dags/subdags/subdag.py for tasks to queue
[2021-06-15 03:49:10,172] {logging_mixin.py:104} INFO - [2021-06-15 03:49:10,171] {dagbag.py:487} INFO - Filling up the DagBag from /home/airflow/.local/lib/python3.6/site-packages/airflow/example_dags/subdags/subdag.py
[2021-06-15 03:49:10,185] {scheduler_job.py:645} WARNING - No viable dags retrieved from /home/airflow/.local/lib/python3.6/site-packages/airflow/example_dags/subdags/subdag.py
[2021-06-15 03:49:10,255] {scheduler_job.py:190} INFO - Processing /home/airflow/.local/lib/python3.6/site-packages/airflow/example_dags/subdags/subdag.py took 0.110 seconds
[2021-06-15 03:49:40,695] {scheduler_job.py:182} INFO - Started process (PID=3052) to work on /home/airflow/.local/lib/python3.6/site-packages/airflow/example_dags/subdags/subdag.py
[2021-06-15 03:49:40,701] {scheduler_job.py:633} INFO - Processing file /home/airflow/.local/lib/python3.6/site-packages/airflow/example_dags/subdags/subdag.py for tasks to queue
[2021-06-15 03:49:40,707] {logging_mixin.py:104} INFO - [2021-06-15 03:49:40,706] {dagbag.py:487} INFO - Filling up the DagBag from /home/airflow/.local/lib/python3.6/site-packages/airflow/example_dags/subdags/subdag.py
[2021-06-15 03:49:40,721] {scheduler_job.py:645} WARNING - No viable dags retrieved from /home/airflow/.local/lib/python3.6/site-packages/airflow/example_dags/subdags/subdag.py
[2021-06-15 03:49:40,820] {scheduler_job.py:190} INFO - Processing /home/airflow/.local/lib/python3.6/site-packages/airflow/example_dags/subdags/subdag.py took 0.140 seconds
[2021-06-15 03:50:11,738] {scheduler_job.py:182} INFO - Started process (PID=3111) to work on /home/airflow/.local/lib/python3.6/site-packages/airflow/example_dags/subdags/subdag.py
[2021-06-15 03:50:11,750] {scheduler_job.py:633} INFO - Processing file /home/airflow/.local/lib/python3.6/site-packages/airflow/example_dags/subdags/subdag.py for tasks to queue
[2021-06-15 03:50:11,759] {logging_mixin.py:104} INFO - [2021-06-15 03:50:11,758] {dagbag.py:487} INFO - Filling up the DagBag from /home/airflow/.local/lib/python3.6/site-packages/airflow/example_dags/subdags/subdag.py
[2021-06-15 03:50:11,777] {scheduler_job.py:645} WARNING - No viable dags retrieved from /home/airflow/.local/lib/python3.6/site-packages/airflow/example_dags/subdags/subdag.py
[2021-06-15 03:50:11,865] {scheduler_job.py:190} INFO - Processing /home/airflow/.local/lib/python3.6/site-packages/airflow/example_dags/subdags/subdag.py took 0.145 seconds
[2021-06-15 03:50:42,690] {scheduler_job.py:182} INFO - Started process (PID=3168) to work on /home/airflow/.local/lib/python3.6/site-packages/airflow/example_dags/subdags/subdag.py
[2021-06-15 03:50:42,698] {scheduler_job.py:633} INFO - Processing file /home/airflow/.local/lib/python3.6/site-packages/airflow/example_dags/subdags/subdag.py for tasks to queue
[2021-06-15 03:50:42,703] {logging_mixin.py:104} INFO - [2021-06-15 03:50:42,702] {dagbag.py:487} INFO - Filling up the DagBag from /home/airflow/.local/lib/python3.6/site-packages/airflow/example_dags/subdags/subdag.py
[2021-06-15 03:50:42,727] {scheduler_job.py:645} WARNING - No viable dags retrieved from /home/airflow/.local/lib/python3.6/site-packages/airflow/example_dags/subdags/subdag.py
[2021-06-15 03:50:42,808] {scheduler_job.py:190} INFO - Processing /home/airflow/.local/lib/python3.6/site-packages/airflow/example_dags/subdags/subdag.py took 0.134 seconds
[2021-06-15 03:51:13,262] {scheduler_job.py:182} INFO - Started process (PID=3236) to work on /home/airflow/.local/lib/python3.6/site-packages/airflow/example_dags/subdags/subdag.py
[2021-06-15 03:51:13,270] {scheduler_job.py:633} INFO - Processing file /home/airflow/.local/lib/python3.6/site-packages/airflow/example_dags/subdags/subdag.py for tasks to queue
[2021-06-15 03:51:13,276] {logging_mixin.py:104} INFO - [2021-06-15 03:51:13,275] {dagbag.py:487} INFO - Filling up the DagBag from /home/airflow/.local/lib/python3.6/site-packages/airflow/example_dags/subdags/subdag.py
[2021-06-15 03:51:13,290] {scheduler_job.py:645} WARNING - No viable dags retrieved from /home/airflow/.local/lib/python3.6/site-packages/airflow/example_dags/subdags/subdag.py
[2021-06-15 03:51:13,361] {scheduler_job.py:190} INFO - Processing /home/airflow/.local/lib/python3.6/site-packages/airflow/example_dags/subdags/subdag.py took 0.119 seconds
[2021-06-15 03:51:43,531] {scheduler_job.py:182} INFO - Started process (PID=3302) to work on /home/airflow/.local/lib/python3.6/site-packages/airflow/example_dags/subdags/subdag.py
[2021-06-15 03:51:43,537] {scheduler_job.py:633} INFO - Processing file /home/airflow/.local/lib/python3.6/site-packages/airflow/example_dags/subdags/subdag.py for tasks to queue
[2021-06-15 03:51:43,542] {logging_mixin.py:104} INFO - [2021-06-15 03:51:43,542] {dagbag.py:487} INFO - Filling up the DagBag from /home/airflow/.local/lib/python3.6/site-packages/airflow/example_dags/subdags/subdag.py
[2021-06-15 03:51:43,557] {scheduler_job.py:645} WARNING - No viable dags retrieved from /home/airflow/.local/lib/python3.6/site-packages/airflow/example_dags/subdags/subdag.py
[2021-06-15 03:51:43,619] {scheduler_job.py:190} INFO - Processing /home/airflow/.local/lib/python3.6/site-packages/airflow/example_dags/subdags/subdag.py took 0.103 seconds
[2021-06-15 03:52:14,326] {scheduler_job.py:182} INFO - Started process (PID=3369) to work on /home/airflow/.local/lib/python3.6/site-packages/airflow/example_dags/subdags/subdag.py
[2021-06-15 03:52:14,336] {scheduler_job.py:633} INFO - Processing file /home/airflow/.local/lib/python3.6/site-packages/airflow/example_dags/subdags/subdag.py for tasks to queue
[2021-06-15 03:52:14,343] {logging_mixin.py:104} INFO - [2021-06-15 03:52:14,342] {dagbag.py:487} INFO - Filling up the DagBag from /home/airflow/.local/lib/python3.6/site-packages/airflow/example_dags/subdags/subdag.py
[2021-06-15 03:52:14,358] {scheduler_job.py:645} WARNING - No viable dags retrieved from /home/airflow/.local/lib/python3.6/site-packages/airflow/example_dags/subdags/subdag.py
[2021-06-15 03:52:14,436] {scheduler_job.py:190} INFO - Processing /home/airflow/.local/lib/python3.6/site-packages/airflow/example_dags/subdags/subdag.py took 0.141 seconds
[2021-06-15 03:52:44,753] {scheduler_job.py:182} INFO - Started process (PID=3429) to work on /home/airflow/.local/lib/python3.6/site-packages/airflow/example_dags/subdags/subdag.py
[2021-06-15 03:52:44,767] {scheduler_job.py:633} INFO - Processing file /home/airflow/.local/lib/python3.6/site-packages/airflow/example_dags/subdags/subdag.py for tasks to queue
[2021-06-15 03:52:44,775] {logging_mixin.py:104} INFO - [2021-06-15 03:52:44,774] {dagbag.py:487} INFO - Filling up the DagBag from /home/airflow/.local/lib/python3.6/site-packages/airflow/example_dags/subdags/subdag.py
[2021-06-15 03:52:44,796] {scheduler_job.py:645} WARNING - No viable dags retrieved from /home/airflow/.local/lib/python3.6/site-packages/airflow/example_dags/subdags/subdag.py
[2021-06-15 03:52:44,890] {scheduler_job.py:190} INFO - Processing /home/airflow/.local/lib/python3.6/site-packages/airflow/example_dags/subdags/subdag.py took 0.164 seconds
[2021-06-15 03:53:15,257] {scheduler_job.py:182} INFO - Started process (PID=3487) to work on /home/airflow/.local/lib/python3.6/site-packages/airflow/example_dags/subdags/subdag.py
[2021-06-15 03:53:15,264] {scheduler_job.py:633} INFO - Processing file /home/airflow/.local/lib/python3.6/site-packages/airflow/example_dags/subdags/subdag.py for tasks to queue
[2021-06-15 03:53:15,269] {logging_mixin.py:104} INFO - [2021-06-15 03:53:15,269] {dagbag.py:487} INFO - Filling up the DagBag from /home/airflow/.local/lib/python3.6/site-packages/airflow/example_dags/subdags/subdag.py
[2021-06-15 03:53:15,283] {scheduler_job.py:645} WARNING - No viable dags retrieved from /home/airflow/.local/lib/python3.6/site-packages/airflow/example_dags/subdags/subdag.py
[2021-06-15 03:53:15,345] {scheduler_job.py:190} INFO - Processing /home/airflow/.local/lib/python3.6/site-packages/airflow/example_dags/subdags/subdag.py took 0.105 seconds
[2021-06-15 03:53:45,911] {scheduler_job.py:182} INFO - Started process (PID=3554) to work on /home/airflow/.local/lib/python3.6/site-packages/airflow/example_dags/subdags/subdag.py
[2021-06-15 03:53:45,917] {scheduler_job.py:633} INFO - Processing file /home/airflow/.local/lib/python3.6/site-packages/airflow/example_dags/subdags/subdag.py for tasks to queue
[2021-06-15 03:53:45,923] {logging_mixin.py:104} INFO - [2021-06-15 03:53:45,922] {dagbag.py:487} INFO - Filling up the DagBag from /home/airflow/.local/lib/python3.6/site-packages/airflow/example_dags/subdags/subdag.py
[2021-06-15 03:53:45,937] {scheduler_job.py:645} WARNING - No viable dags retrieved from /home/airflow/.local/lib/python3.6/site-packages/airflow/example_dags/subdags/subdag.py
[2021-06-15 03:53:46,004] {scheduler_job.py:190} INFO - Processing /home/airflow/.local/lib/python3.6/site-packages/airflow/example_dags/subdags/subdag.py took 0.106 seconds
[2021-06-15 03:54:16,444] {scheduler_job.py:182} INFO - Started process (PID=3623) to work on /home/airflow/.local/lib/python3.6/site-packages/airflow/example_dags/subdags/subdag.py
[2021-06-15 03:54:16,450] {scheduler_job.py:633} INFO - Processing file /home/airflow/.local/lib/python3.6/site-packages/airflow/example_dags/subdags/subdag.py for tasks to queue
[2021-06-15 03:54:16,456] {logging_mixin.py:104} INFO - [2021-06-15 03:54:16,455] {dagbag.py:487} INFO - Filling up the DagBag from /home/airflow/.local/lib/python3.6/site-packages/airflow/example_dags/subdags/subdag.py
[2021-06-15 03:54:16,471] {scheduler_job.py:645} WARNING - No viable dags retrieved from /home/airflow/.local/lib/python3.6/site-packages/airflow/example_dags/subdags/subdag.py
[2021-06-15 03:54:16,562] {scheduler_job.py:190} INFO - Processing /home/airflow/.local/lib/python3.6/site-packages/airflow/example_dags/subdags/subdag.py took 0.135 seconds
[2021-06-15 03:54:47,462] {scheduler_job.py:182} INFO - Started process (PID=3690) to work on /home/airflow/.local/lib/python3.6/site-packages/airflow/example_dags/subdags/subdag.py
[2021-06-15 03:54:47,472] {scheduler_job.py:633} INFO - Processing file /home/airflow/.local/lib/python3.6/site-packages/airflow/example_dags/subdags/subdag.py for tasks to queue
[2021-06-15 03:54:47,487] {logging_mixin.py:104} INFO - [2021-06-15 03:54:47,482] {dagbag.py:487} INFO - Filling up the DagBag from /home/airflow/.local/lib/python3.6/site-packages/airflow/example_dags/subdags/subdag.py
[2021-06-15 03:54:47,521] {scheduler_job.py:645} WARNING - No viable dags retrieved from /home/airflow/.local/lib/python3.6/site-packages/airflow/example_dags/subdags/subdag.py
[2021-06-15 03:54:47,623] {scheduler_job.py:190} INFO - Processing /home/airflow/.local/lib/python3.6/site-packages/airflow/example_dags/subdags/subdag.py took 0.180 seconds
[2021-06-15 03:55:18,138] {scheduler_job.py:182} INFO - Started process (PID=3750) to work on /home/airflow/.local/lib/python3.6/site-packages/airflow/example_dags/subdags/subdag.py
[2021-06-15 03:55:18,149] {scheduler_job.py:633} INFO - Processing file /home/airflow/.local/lib/python3.6/site-packages/airflow/example_dags/subdags/subdag.py for tasks to queue
[2021-06-15 03:55:18,155] {logging_mixin.py:104} INFO - [2021-06-15 03:55:18,154] {dagbag.py:487} INFO - Filling up the DagBag from /home/airflow/.local/lib/python3.6/site-packages/airflow/example_dags/subdags/subdag.py
[2021-06-15 03:55:18,169] {scheduler_job.py:645} WARNING - No viable dags retrieved from /home/airflow/.local/lib/python3.6/site-packages/airflow/example_dags/subdags/subdag.py
[2021-06-15 03:55:18,240] {scheduler_job.py:190} INFO - Processing /home/airflow/.local/lib/python3.6/site-packages/airflow/example_dags/subdags/subdag.py took 0.120 seconds
[2021-06-15 03:55:49,098] {scheduler_job.py:182} INFO - Started process (PID=3816) to work on /home/airflow/.local/lib/python3.6/site-packages/airflow/example_dags/subdags/subdag.py
[2021-06-15 03:55:49,105] {scheduler_job.py:633} INFO - Processing file /home/airflow/.local/lib/python3.6/site-packages/airflow/example_dags/subdags/subdag.py for tasks to queue
[2021-06-15 03:55:49,111] {logging_mixin.py:104} INFO - [2021-06-15 03:55:49,110] {dagbag.py:487} INFO - Filling up the DagBag from /home/airflow/.local/lib/python3.6/site-packages/airflow/example_dags/subdags/subdag.py
[2021-06-15 03:55:49,125] {scheduler_job.py:645} WARNING - No viable dags retrieved from /home/airflow/.local/lib/python3.6/site-packages/airflow/example_dags/subdags/subdag.py
[2021-06-15 03:55:49,203] {scheduler_job.py:190} INFO - Processing /home/airflow/.local/lib/python3.6/site-packages/airflow/example_dags/subdags/subdag.py took 0.117 seconds
[2021-06-15 03:56:19,677] {scheduler_job.py:182} INFO - Started process (PID=3873) to work on /home/airflow/.local/lib/python3.6/site-packages/airflow/example_dags/subdags/subdag.py
[2021-06-15 03:56:19,683] {scheduler_job.py:633} INFO - Processing file /home/airflow/.local/lib/python3.6/site-packages/airflow/example_dags/subdags/subdag.py for tasks to queue
[2021-06-15 03:56:19,688] {logging_mixin.py:104} INFO - [2021-06-15 03:56:19,688] {dagbag.py:487} INFO - Filling up the DagBag from /home/airflow/.local/lib/python3.6/site-packages/airflow/example_dags/subdags/subdag.py
[2021-06-15 03:56:19,702] {scheduler_job.py:645} WARNING - No viable dags retrieved from /home/airflow/.local/lib/python3.6/site-packages/airflow/example_dags/subdags/subdag.py
[2021-06-15 03:56:19,770] {scheduler_job.py:190} INFO - Processing /home/airflow/.local/lib/python3.6/site-packages/airflow/example_dags/subdags/subdag.py took 0.107 seconds
[2021-06-15 03:56:50,423] {scheduler_job.py:182} INFO - Started process (PID=3940) to work on /home/airflow/.local/lib/python3.6/site-packages/airflow/example_dags/subdags/subdag.py
[2021-06-15 03:56:50,430] {scheduler_job.py:633} INFO - Processing file /home/airflow/.local/lib/python3.6/site-packages/airflow/example_dags/subdags/subdag.py for tasks to queue
[2021-06-15 03:56:50,437] {logging_mixin.py:104} INFO - [2021-06-15 03:56:50,437] {dagbag.py:487} INFO - Filling up the DagBag from /home/airflow/.local/lib/python3.6/site-packages/airflow/example_dags/subdags/subdag.py
[2021-06-15 03:56:50,456] {scheduler_job.py:645} WARNING - No viable dags retrieved from /home/airflow/.local/lib/python3.6/site-packages/airflow/example_dags/subdags/subdag.py
[2021-06-15 03:56:50,527] {scheduler_job.py:190} INFO - Processing /home/airflow/.local/lib/python3.6/site-packages/airflow/example_dags/subdags/subdag.py took 0.119 seconds
[2021-06-15 03:57:20,986] {scheduler_job.py:182} INFO - Started process (PID=4008) to work on /home/airflow/.local/lib/python3.6/site-packages/airflow/example_dags/subdags/subdag.py
[2021-06-15 03:57:20,995] {scheduler_job.py:633} INFO - Processing file /home/airflow/.local/lib/python3.6/site-packages/airflow/example_dags/subdags/subdag.py for tasks to queue
[2021-06-15 03:57:21,000] {logging_mixin.py:104} INFO - [2021-06-15 03:57:21,000] {dagbag.py:487} INFO - Filling up the DagBag from /home/airflow/.local/lib/python3.6/site-packages/airflow/example_dags/subdags/subdag.py
[2021-06-15 03:57:21,014] {scheduler_job.py:645} WARNING - No viable dags retrieved from /home/airflow/.local/lib/python3.6/site-packages/airflow/example_dags/subdags/subdag.py
[2021-06-15 03:57:21,078] {scheduler_job.py:190} INFO - Processing /home/airflow/.local/lib/python3.6/site-packages/airflow/example_dags/subdags/subdag.py took 0.107 seconds
[2021-06-15 03:57:51,753] {scheduler_job.py:182} INFO - Started process (PID=4076) to work on /home/airflow/.local/lib/python3.6/site-packages/airflow/example_dags/subdags/subdag.py
[2021-06-15 03:57:51,760] {scheduler_job.py:633} INFO - Processing file /home/airflow/.local/lib/python3.6/site-packages/airflow/example_dags/subdags/subdag.py for tasks to queue
[2021-06-15 03:57:51,766] {logging_mixin.py:104} INFO - [2021-06-15 03:57:51,765] {dagbag.py:487} INFO - Filling up the DagBag from /home/airflow/.local/lib/python3.6/site-packages/airflow/example_dags/subdags/subdag.py
[2021-06-15 03:57:51,783] {scheduler_job.py:645} WARNING - No viable dags retrieved from /home/airflow/.local/lib/python3.6/site-packages/airflow/example_dags/subdags/subdag.py
[2021-06-15 03:57:51,847] {scheduler_job.py:190} INFO - Processing /home/airflow/.local/lib/python3.6/site-packages/airflow/example_dags/subdags/subdag.py took 0.108 seconds
[2021-06-15 04:03:55,707] {scheduler_job.py:182} INFO - Started process (PID=255) to work on /home/airflow/.local/lib/python3.6/site-packages/airflow/example_dags/subdags/subdag.py
[2021-06-15 04:03:55,731] {scheduler_job.py:633} INFO - Processing file /home/airflow/.local/lib/python3.6/site-packages/airflow/example_dags/subdags/subdag.py for tasks to queue
[2021-06-15 04:03:55,750] {logging_mixin.py:104} INFO - [2021-06-15 04:03:55,748] {dagbag.py:487} INFO - Filling up the DagBag from /home/airflow/.local/lib/python3.6/site-packages/airflow/example_dags/subdags/subdag.py
[2021-06-15 04:03:55,770] {scheduler_job.py:645} WARNING - No viable dags retrieved from /home/airflow/.local/lib/python3.6/site-packages/airflow/example_dags/subdags/subdag.py
[2021-06-15 04:03:55,841] {scheduler_job.py:190} INFO - Processing /home/airflow/.local/lib/python3.6/site-packages/airflow/example_dags/subdags/subdag.py took 0.149 seconds
[2021-06-15 04:04:26,334] {scheduler_job.py:182} INFO - Started process (PID=322) to work on /home/airflow/.local/lib/python3.6/site-packages/airflow/example_dags/subdags/subdag.py
[2021-06-15 04:04:26,345] {scheduler_job.py:633} INFO - Processing file /home/airflow/.local/lib/python3.6/site-packages/airflow/example_dags/subdags/subdag.py for tasks to queue
[2021-06-15 04:04:26,354] {logging_mixin.py:104} INFO - [2021-06-15 04:04:26,352] {dagbag.py:487} INFO - Filling up the DagBag from /home/airflow/.local/lib/python3.6/site-packages/airflow/example_dags/subdags/subdag.py
[2021-06-15 04:04:26,374] {scheduler_job.py:645} WARNING - No viable dags retrieved from /home/airflow/.local/lib/python3.6/site-packages/airflow/example_dags/subdags/subdag.py
[2021-06-15 04:04:26,470] {scheduler_job.py:190} INFO - Processing /home/airflow/.local/lib/python3.6/site-packages/airflow/example_dags/subdags/subdag.py took 0.157 seconds
[2021-06-15 04:04:57,030] {scheduler_job.py:182} INFO - Started process (PID=382) to work on /home/airflow/.local/lib/python3.6/site-packages/airflow/example_dags/subdags/subdag.py
[2021-06-15 04:04:57,040] {scheduler_job.py:633} INFO - Processing file /home/airflow/.local/lib/python3.6/site-packages/airflow/example_dags/subdags/subdag.py for tasks to queue
[2021-06-15 04:04:57,046] {logging_mixin.py:104} INFO - [2021-06-15 04:04:57,045] {dagbag.py:487} INFO - Filling up the DagBag from /home/airflow/.local/lib/python3.6/site-packages/airflow/example_dags/subdags/subdag.py
[2021-06-15 04:04:57,060] {scheduler_job.py:645} WARNING - No viable dags retrieved from /home/airflow/.local/lib/python3.6/site-packages/airflow/example_dags/subdags/subdag.py
[2021-06-15 04:04:57,139] {scheduler_job.py:190} INFO - Processing /home/airflow/.local/lib/python3.6/site-packages/airflow/example_dags/subdags/subdag.py took 0.129 seconds
[2021-06-15 04:06:28,688] {scheduler_job.py:182} INFO - Started process (PID=573) to work on /home/airflow/.local/lib/python3.6/site-packages/airflow/example_dags/subdags/subdag.py
[2021-06-15 04:06:28,696] {scheduler_job.py:633} INFO - Processing file /home/airflow/.local/lib/python3.6/site-packages/airflow/example_dags/subdags/subdag.py for tasks to queue
[2021-06-15 04:06:28,701] {logging_mixin.py:104} INFO - [2021-06-15 04:06:28,701] {dagbag.py:487} INFO - Filling up the DagBag from /home/airflow/.local/lib/python3.6/site-packages/airflow/example_dags/subdags/subdag.py
[2021-06-15 04:06:28,715] {scheduler_job.py:645} WARNING - No viable dags retrieved from /home/airflow/.local/lib/python3.6/site-packages/airflow/example_dags/subdags/subdag.py
[2021-06-15 04:06:28,783] {scheduler_job.py:190} INFO - Processing /home/airflow/.local/lib/python3.6/site-packages/airflow/example_dags/subdags/subdag.py took 0.109 seconds
[2021-06-15 04:06:59,094] {scheduler_job.py:182} INFO - Started process (PID=631) to work on /home/airflow/.local/lib/python3.6/site-packages/airflow/example_dags/subdags/subdag.py
[2021-06-15 04:06:59,103] {scheduler_job.py:633} INFO - Processing file /home/airflow/.local/lib/python3.6/site-packages/airflow/example_dags/subdags/subdag.py for tasks to queue
[2021-06-15 04:06:59,112] {logging_mixin.py:104} INFO - [2021-06-15 04:06:59,111] {dagbag.py:487} INFO - Filling up the DagBag from /home/airflow/.local/lib/python3.6/site-packages/airflow/example_dags/subdags/subdag.py
[2021-06-15 04:06:59,134] {scheduler_job.py:645} WARNING - No viable dags retrieved from /home/airflow/.local/lib/python3.6/site-packages/airflow/example_dags/subdags/subdag.py
[2021-06-15 04:06:59,254] {scheduler_job.py:190} INFO - Processing /home/airflow/.local/lib/python3.6/site-packages/airflow/example_dags/subdags/subdag.py took 0.181 seconds
[2021-06-15 04:07:29,919] {scheduler_job.py:182} INFO - Started process (PID=691) to work on /home/airflow/.local/lib/python3.6/site-packages/airflow/example_dags/subdags/subdag.py
[2021-06-15 04:07:29,929] {scheduler_job.py:633} INFO - Processing file /home/airflow/.local/lib/python3.6/site-packages/airflow/example_dags/subdags/subdag.py for tasks to queue
[2021-06-15 04:07:29,937] {logging_mixin.py:104} INFO - [2021-06-15 04:07:29,936] {dagbag.py:487} INFO - Filling up the DagBag from /home/airflow/.local/lib/python3.6/site-packages/airflow/example_dags/subdags/subdag.py
[2021-06-15 04:07:29,957] {scheduler_job.py:645} WARNING - No viable dags retrieved from /home/airflow/.local/lib/python3.6/site-packages/airflow/example_dags/subdags/subdag.py
[2021-06-15 04:07:30,047] {scheduler_job.py:190} INFO - Processing /home/airflow/.local/lib/python3.6/site-packages/airflow/example_dags/subdags/subdag.py took 0.144 seconds
[2021-06-15 04:08:00,268] {scheduler_job.py:182} INFO - Started process (PID=758) to work on /home/airflow/.local/lib/python3.6/site-packages/airflow/example_dags/subdags/subdag.py
[2021-06-15 04:08:00,277] {scheduler_job.py:633} INFO - Processing file /home/airflow/.local/lib/python3.6/site-packages/airflow/example_dags/subdags/subdag.py for tasks to queue
[2021-06-15 04:08:00,285] {logging_mixin.py:104} INFO - [2021-06-15 04:08:00,285] {dagbag.py:487} INFO - Filling up the DagBag from /home/airflow/.local/lib/python3.6/site-packages/airflow/example_dags/subdags/subdag.py
[2021-06-15 04:08:00,301] {scheduler_job.py:645} WARNING - No viable dags retrieved from /home/airflow/.local/lib/python3.6/site-packages/airflow/example_dags/subdags/subdag.py
[2021-06-15 04:08:00,410] {scheduler_job.py:190} INFO - Processing /home/airflow/.local/lib/python3.6/site-packages/airflow/example_dags/subdags/subdag.py took 0.160 seconds
[2021-06-15 04:08:30,925] {scheduler_job.py:182} INFO - Started process (PID=816) to work on /home/airflow/.local/lib/python3.6/site-packages/airflow/example_dags/subdags/subdag.py
[2021-06-15 04:08:30,933] {scheduler_job.py:633} INFO - Processing file /home/airflow/.local/lib/python3.6/site-packages/airflow/example_dags/subdags/subdag.py for tasks to queue
[2021-06-15 04:08:30,941] {logging_mixin.py:104} INFO - [2021-06-15 04:08:30,939] {dagbag.py:487} INFO - Filling up the DagBag from /home/airflow/.local/lib/python3.6/site-packages/airflow/example_dags/subdags/subdag.py
[2021-06-15 04:08:30,957] {scheduler_job.py:645} WARNING - No viable dags retrieved from /home/airflow/.local/lib/python3.6/site-packages/airflow/example_dags/subdags/subdag.py
[2021-06-15 04:08:31,039] {scheduler_job.py:190} INFO - Processing /home/airflow/.local/lib/python3.6/site-packages/airflow/example_dags/subdags/subdag.py took 0.132 seconds
[2021-06-15 04:09:01,228] {scheduler_job.py:182} INFO - Started process (PID=875) to work on /home/airflow/.local/lib/python3.6/site-packages/airflow/example_dags/subdags/subdag.py
[2021-06-15 04:09:01,237] {scheduler_job.py:633} INFO - Processing file /home/airflow/.local/lib/python3.6/site-packages/airflow/example_dags/subdags/subdag.py for tasks to queue
[2021-06-15 04:09:01,245] {logging_mixin.py:104} INFO - [2021-06-15 04:09:01,243] {dagbag.py:487} INFO - Filling up the DagBag from /home/airflow/.local/lib/python3.6/site-packages/airflow/example_dags/subdags/subdag.py
[2021-06-15 04:09:01,273] {scheduler_job.py:645} WARNING - No viable dags retrieved from /home/airflow/.local/lib/python3.6/site-packages/airflow/example_dags/subdags/subdag.py
[2021-06-15 04:09:01,374] {scheduler_job.py:190} INFO - Processing /home/airflow/.local/lib/python3.6/site-packages/airflow/example_dags/subdags/subdag.py took 0.176 seconds
[2021-06-15 04:09:31,915] {scheduler_job.py:182} INFO - Started process (PID=942) to work on /home/airflow/.local/lib/python3.6/site-packages/airflow/example_dags/subdags/subdag.py
[2021-06-15 04:09:31,922] {scheduler_job.py:633} INFO - Processing file /home/airflow/.local/lib/python3.6/site-packages/airflow/example_dags/subdags/subdag.py for tasks to queue
[2021-06-15 04:09:31,927] {logging_mixin.py:104} INFO - [2021-06-15 04:09:31,927] {dagbag.py:487} INFO - Filling up the DagBag from /home/airflow/.local/lib/python3.6/site-packages/airflow/example_dags/subdags/subdag.py
[2021-06-15 04:09:31,941] {scheduler_job.py:645} WARNING - No viable dags retrieved from /home/airflow/.local/lib/python3.6/site-packages/airflow/example_dags/subdags/subdag.py
[2021-06-15 04:09:32,007] {scheduler_job.py:190} INFO - Processing /home/airflow/.local/lib/python3.6/site-packages/airflow/example_dags/subdags/subdag.py took 0.107 seconds
[2021-06-15 04:10:02,234] {scheduler_job.py:182} INFO - Started process (PID=991) to work on /home/airflow/.local/lib/python3.6/site-packages/airflow/example_dags/subdags/subdag.py
[2021-06-15 04:10:02,241] {scheduler_job.py:633} INFO - Processing file /home/airflow/.local/lib/python3.6/site-packages/airflow/example_dags/subdags/subdag.py for tasks to queue
[2021-06-15 04:10:02,248] {logging_mixin.py:104} INFO - [2021-06-15 04:10:02,247] {dagbag.py:487} INFO - Filling up the DagBag from /home/airflow/.local/lib/python3.6/site-packages/airflow/example_dags/subdags/subdag.py
[2021-06-15 04:10:02,265] {scheduler_job.py:645} WARNING - No viable dags retrieved from /home/airflow/.local/lib/python3.6/site-packages/airflow/example_dags/subdags/subdag.py
[2021-06-15 04:10:02,352] {scheduler_job.py:190} INFO - Processing /home/airflow/.local/lib/python3.6/site-packages/airflow/example_dags/subdags/subdag.py took 0.138 seconds
[2021-06-15 04:10:32,557] {scheduler_job.py:182} INFO - Started process (PID=1058) to work on /home/airflow/.local/lib/python3.6/site-packages/airflow/example_dags/subdags/subdag.py
[2021-06-15 04:10:32,566] {scheduler_job.py:633} INFO - Processing file /home/airflow/.local/lib/python3.6/site-packages/airflow/example_dags/subdags/subdag.py for tasks to queue
[2021-06-15 04:10:32,574] {logging_mixin.py:104} INFO - [2021-06-15 04:10:32,573] {dagbag.py:487} INFO - Filling up the DagBag from /home/airflow/.local/lib/python3.6/site-packages/airflow/example_dags/subdags/subdag.py
[2021-06-15 04:10:32,591] {scheduler_job.py:645} WARNING - No viable dags retrieved from /home/airflow/.local/lib/python3.6/site-packages/airflow/example_dags/subdags/subdag.py
[2021-06-15 04:10:32,675] {scheduler_job.py:190} INFO - Processing /home/airflow/.local/lib/python3.6/site-packages/airflow/example_dags/subdags/subdag.py took 0.135 seconds
[2021-06-15 04:11:03,120] {scheduler_job.py:182} INFO - Started process (PID=1127) to work on /home/airflow/.local/lib/python3.6/site-packages/airflow/example_dags/subdags/subdag.py
[2021-06-15 04:11:03,133] {scheduler_job.py:633} INFO - Processing file /home/airflow/.local/lib/python3.6/site-packages/airflow/example_dags/subdags/subdag.py for tasks to queue
[2021-06-15 04:11:03,143] {logging_mixin.py:104} INFO - [2021-06-15 04:11:03,143] {dagbag.py:487} INFO - Filling up the DagBag from /home/airflow/.local/lib/python3.6/site-packages/airflow/example_dags/subdags/subdag.py
[2021-06-15 04:11:03,165] {scheduler_job.py:645} WARNING - No viable dags retrieved from /home/airflow/.local/lib/python3.6/site-packages/airflow/example_dags/subdags/subdag.py
[2021-06-15 04:11:03,279] {scheduler_job.py:190} INFO - Processing /home/airflow/.local/lib/python3.6/site-packages/airflow/example_dags/subdags/subdag.py took 0.180 seconds
[2021-06-15 04:11:33,731] {scheduler_job.py:182} INFO - Started process (PID=1184) to work on /home/airflow/.local/lib/python3.6/site-packages/airflow/example_dags/subdags/subdag.py
[2021-06-15 04:11:33,740] {scheduler_job.py:633} INFO - Processing file /home/airflow/.local/lib/python3.6/site-packages/airflow/example_dags/subdags/subdag.py for tasks to queue
[2021-06-15 04:11:33,747] {logging_mixin.py:104} INFO - [2021-06-15 04:11:33,746] {dagbag.py:487} INFO - Filling up the DagBag from /home/airflow/.local/lib/python3.6/site-packages/airflow/example_dags/subdags/subdag.py
[2021-06-15 04:11:33,768] {scheduler_job.py:645} WARNING - No viable dags retrieved from /home/airflow/.local/lib/python3.6/site-packages/airflow/example_dags/subdags/subdag.py
[2021-06-15 04:11:33,881] {scheduler_job.py:190} INFO - Processing /home/airflow/.local/lib/python3.6/site-packages/airflow/example_dags/subdags/subdag.py took 0.177 seconds
